[ 2017-07-14T09:31:42+08:00 ] 42.236.10.102 /index.php?s=gb-show-p-1240.html
INFO: [ app_init ] --START--
INFO: Run Behavior\BuildLiteBehavior [ RunTime:0.000000s ]
INFO: [ app_init ] --END-- [ RunTime:0.000977s ]
ERR: 无法加载模块:Gb-show-p-1240

[ 2017-07-14T09:31:42+08:00 ] 180.153.234.145 /index.php?s=gb-show-id-665.html
INFO: [ app_init ] --START--
INFO: Run Behavior\BuildLiteBehavior [ RunTime:0.000000s ]
INFO: [ app_init ] --END-- [ RunTime:0.000976s ]
ERR: 无法加载模块:Gb-show-id-665

[ 2017-07-14T09:31:42+08:00 ] 42.236.99.37 /index.php?s=gb-show-id-25.html
INFO: [ app_init ] --START--
INFO: Run Behavior\BuildLiteBehavior [ RunTime:0.000000s ]
INFO: [ app_init ] --END-- [ RunTime:0.000977s ]
ERR: 无法加载模块:Gb-show-id-25

[ 2017-07-14T09:31:42+08:00 ] 42.236.99.30 /index.php?s=vod-play-id-598-sid-0-pid-1.html
INFO: [ app_init ] --START--
INFO: Run Behavior\BuildLiteBehavior [ RunTime:0.000000s ]
INFO: [ app_init ] --END-- [ RunTime:0.000977s ]
ERR: 无法加载模块:Vod-play-id-598-sid-0-pid-1

[ 2017-07-14T09:31:42+08:00 ] 42.236.101.194 /index.php?s=vod-search-letter-C.html
INFO: [ app_init ] --START--
INFO: Run Behavior\BuildLiteBehavior [ RunTime:0.000000s ]
INFO: [ app_init ] --END-- [ RunTime:0.000977s ]
ERR: 无法加载模块:Vod-search-letter-C

[ 2017-07-14T09:31:42+08:00 ] 42.236.10.100 /index.php?m=vod-search-pg-238-starring-yuanyuan-classid-4.html
INFO: [ app_init ] --START--
INFO: Run Behavior\BuildLiteBehavior [ RunTime:0.000000s ]
INFO: [ app_init ] --END-- [ RunTime:0.000977s ]
ERR: 无法加载模块:Vod-search-pg-238-starring-yuanyuan-classid-4.html

[ 2017-07-14T09:31:42+08:00 ] 180.153.236.109 /index.php?m=vod-list-id-2-pg-1-order--by--class-17-year-0-letter--area--lang-.html
INFO: [ app_init ] --START--
INFO: Run Behavior\BuildLiteBehavior [ RunTime:0.000000s ]
INFO: [ app_init ] --END-- [ RunTime:0.000976s ]
ERR: 无法加载模块:Vod-list-id-2-pg-1-order--by--class-17-year-0-letter--area--lang-.html

[ 2017-07-14T09:31:43+08:00 ] 42.236.99.194 /index.php?s=gb-show-id-370.html
INFO: [ app_init ] --START--
INFO: Run Behavior\BuildLiteBehavior [ RunTime:0.000000s ]
INFO: [ app_init ] --END-- [ RunTime:0.000977s ]
ERR: 无法加载模块:Gb-show-id-370

[ 2017-07-14T09:31:43+08:00 ] 42.236.10.72 /index.php?s=vod-play-id-1855-sid-0-pid-1.html
INFO: [ app_init ] --START--
INFO: Run Behavior\BuildLiteBehavior [ RunTime:0.000000s ]
INFO: [ app_init ] --END-- [ RunTime:0.000977s ]
ERR: 无法加载模块:Vod-play-id-1855-sid-0-pid-1

