[ 2017-08-05T15:26:01+08:00 ] 180.153.236.189 /index.php?s=vod-play-id-1776-sid-0-pid-1.html
INFO: [ app_init ] --START--
INFO: Run Behavior\BuildLiteBehavior [ RunTime:0.000000s ]
INFO: [ app_init ] --END-- [ RunTime:0.000977s ]
ERR: 无法加载模块:Vod-play-id-1776-sid-0-pid-1

[ 2017-08-05T15:26:01+08:00 ] 42.236.99.86 /index.php?m=vod-play-id-759-src-1-num-1.html
INFO: [ app_init ] --START--
INFO: Run Behavior\BuildLiteBehavior [ RunTime:0.000000s ]
INFO: [ app_init ] --END-- [ RunTime:0.000000s ]
ERR: 无法加载模块:Vod-play-id-759-src-1-num-1.html

[ 2017-08-05T15:26:01+08:00 ] 180.153.232.170 /index.php?m=vod-list-id-4-pg-1-order--by--class-0-year-2007-letter-Q-area--lang-.html
INFO: [ app_init ] --START--
INFO: Run Behavior\BuildLiteBehavior [ RunTime:0.000000s ]
INFO: [ app_init ] --END-- [ RunTime:0.000977s ]
ERR: 无法加载模块:Vod-list-id-4-pg-1-order--by--class-0-year-2007-letter-Q-area--lang-.html

[ 2017-08-05T15:26:02+08:00 ] 180.153.236.149 /index.php?m=vod-play-id-1786-src-1-num-1.html
INFO: [ app_init ] --START--
INFO: Run Behavior\BuildLiteBehavior [ RunTime:0.000000s ]
INFO: [ app_init ] --END-- [ RunTime:0.000000s ]
ERR: 无法加载模块:Vod-play-id-1786-src-1-num-1.html

[ 2017-08-05T15:26:02+08:00 ] 180.153.236.189 /index.php?m=vod-list-id-2-pg-3-order--by--class-0-year-0-letter--area-%E5%A4%A7%E9%99%86-lang-.html
INFO: [ app_init ] --START--
INFO: Run Behavior\BuildLiteBehavior [ RunTime:0.000000s ]
INFO: [ app_init ] --END-- [ RunTime:0.000976s ]
ERR: 无法加载模块:Vod-list-id-2-pg-3-order--by--class-0-year-0-letter--area-大陆-lang-.html

[ 2017-08-05T15:26:02+08:00 ] 180.153.236.35 /index.php?s=vod-play-id-147-sid-0-pid-1.html
INFO: [ app_init ] --START--
INFO: Run Behavior\BuildLiteBehavior [ RunTime:0.000000s ]
INFO: [ app_init ] --END-- [ RunTime:0.000977s ]
ERR: 无法加载模块:Vod-play-id-147-sid-0-pid-1

[ 2017-08-05T15:26:02+08:00 ] 180.153.236.19 /index.php?s=gb-show-id-42.html
INFO: [ app_init ] --START--
INFO: Run Behavior\BuildLiteBehavior [ RunTime:0.000000s ]
INFO: [ app_init ] --END-- [ RunTime:0.000000s ]
ERR: 无法加载模块:Gb-show-id-42

[ 2017-08-05T15:26:08+08:00 ] 180.153.236.173 /index.php?m=vod-list-id-2-pg-1-order--by--class-0-year--letter--area-%E4%BF%84%E7%BD%97%E6%96%AF-lang-.html
INFO: [ app_init ] --START--
INFO: Run Behavior\BuildLiteBehavior [ RunTime:0.000000s ]
INFO: [ app_init ] --END-- [ RunTime:0.000000s ]
ERR: 无法加载模块:Vod-list-id-2-pg-1-order--by--class-0-year--letter--area-俄罗斯-lang-.html

[ 2017-08-05T15:26:09+08:00 ] 180.153.236.117 /index.php?s=gb-show-id-1976.html
INFO: [ app_init ] --START--
INFO: Run Behavior\BuildLiteBehavior [ RunTime:0.000000s ]
INFO: [ app_init ] --END-- [ RunTime:0.000000s ]
ERR: 无法加载模块:Gb-show-id-1976

[ 2017-08-05T15:26:10+08:00 ] 180.153.236.117 /index.php?s=gb-show-id-340.html
INFO: [ app_init ] --START--
INFO: Run Behavior\BuildLiteBehavior [ RunTime:0.000000s ]
INFO: [ app_init ] --END-- [ RunTime:0.000977s ]
ERR: 无法加载模块:Gb-show-id-340

[ 2017-08-05T15:26:25+08:00 ] 180.153.236.117 /index.php?m=vod-search-pg-2-year-2011-starring-yuanyuan.html
INFO: [ app_init ] --START--
INFO: Run Behavior\BuildLiteBehavior [ RunTime:0.000000s ]
INFO: [ app_init ] --END-- [ RunTime:0.000976s ]
ERR: 无法加载模块:Vod-search-pg-2-year-2011-starring-yuanyuan.html

[ 2017-08-05T15:26:33+08:00 ] 180.153.236.157 /index.php?s=gb-show-id-644.html
INFO: [ app_init ] --START--
INFO: Run Behavior\BuildLiteBehavior [ RunTime:0.000000s ]
INFO: [ app_init ] --END-- [ RunTime:0.000976s ]
ERR: 无法加载模块:Gb-show-id-644

[ 2017-08-05T15:26:39+08:00 ] 180.153.236.11 /index.php?m=vod-play-id-2326-src-1-num-1.html
INFO: [ app_init ] --START--
INFO: Run Behavior\BuildLiteBehavior [ RunTime:0.000000s ]
INFO: [ app_init ] --END-- [ RunTime:0.000000s ]
ERR: 无法加载模块:Vod-play-id-2326-src-1-num-1.html

[ 2017-08-05T15:26:39+08:00 ] 180.153.236.11 /index.php?s=vod-play-id-421-sid-0-pid-1.html
INFO: [ app_init ] --START--
INFO: Run Behavior\BuildLiteBehavior [ RunTime:0.000000s ]
INFO: [ app_init ] --END-- [ RunTime:0.000976s ]
ERR: 无法加载模块:Vod-play-id-421-sid-0-pid-1

[ 2017-08-05T15:26:46+08:00 ] 180.153.236.59 /index.php?s=gb-show-p-3757.html
INFO: [ app_init ] --START--
INFO: Run Behavior\BuildLiteBehavior [ RunTime:0.000000s ]
INFO: [ app_init ] --END-- [ RunTime:0.000000s ]
ERR: 无法加载模块:Gb-show-p-3757

