[ 2017-04-29T04:06:03+08:00 ] 66.249.66.58 /index.php?s=gb-show-p-2561.html
INFO: [ app_init ] --START--
INFO: Run Behavior\BuildLiteBehavior [ RunTime:0.000025s ]
INFO: [ app_init ] --END-- [ RunTime:0.000673s ]
ERR: 无法加载模块:Gb-show-p-2561

[ 2017-04-29T04:56:40+08:00 ] 66.249.75.59 /index.php?s=gb-show-p-5668.html
INFO: [ app_init ] --START--
INFO: Run Behavior\BuildLiteBehavior [ RunTime:0.000022s ]
INFO: [ app_init ] --END-- [ RunTime:0.000381s ]
ERR: 无法加载模块:Gb-show-p-5668

[ 2017-04-29T10:05:22+08:00 ] 42.236.99.51 /index.php?m=vod-play-id-1704-src-1-num-1.html
INFO: [ app_init ] --START--
INFO: Run Behavior\BuildLiteBehavior [ RunTime:0.000021s ]
INFO: [ app_init ] --END-- [ RunTime:0.000446s ]
ERR: 无法加载模块:Vod-play-id-1704-src-1-num-1.html

[ 2017-04-29T10:05:22+08:00 ] 42.236.99.206 /index.php?s=gb-show-id-1295.html
INFO: [ app_init ] --START--
INFO: Run Behavior\BuildLiteBehavior [ RunTime:0.000016s ]
INFO: [ app_init ] --END-- [ RunTime:0.000316s ]
ERR: 无法加载模块:Gb-show-id-1295

[ 2017-04-29T10:05:22+08:00 ] 42.236.99.154 /index.php?s=vod-play-id-542-sid-0-pid-1.html
INFO: [ app_init ] --START--
INFO: Run Behavior\BuildLiteBehavior [ RunTime:0.000019s ]
INFO: [ app_init ] --END-- [ RunTime:0.000413s ]
ERR: 无法加载模块:Vod-play-id-542-sid-0-pid-1

[ 2017-04-29T10:05:22+08:00 ] 42.236.99.166 /index.php?s=gb-show-id-230.html
INFO: [ app_init ] --START--
INFO: Run Behavior\BuildLiteBehavior [ RunTime:0.000017s ]
INFO: [ app_init ] --END-- [ RunTime:0.000379s ]
ERR: 无法加载模块:Gb-show-id-230

[ 2017-04-29T10:05:22+08:00 ] 42.236.99.72 /index.php?m=vod-play-id-2032-src-1-num-1.html
INFO: [ app_init ] --START--
INFO: Run Behavior\BuildLiteBehavior [ RunTime:0.000019s ]
INFO: [ app_init ] --END-- [ RunTime:0.020815s ]
ERR: 无法加载模块:Vod-play-id-2032-src-1-num-1.html

[ 2017-04-29T10:05:22+08:00 ] 42.236.99.178 /index.php?m=vod-play-id-999-src-1-num-1.html
INFO: [ app_init ] --START--
INFO: Run Behavior\BuildLiteBehavior [ RunTime:0.000019s ]
INFO: [ app_init ] --END-- [ RunTime:0.000322s ]
ERR: 无法加载模块:Vod-play-id-999-src-1-num-1.html

[ 2017-04-29T10:05:22+08:00 ] 42.236.99.16 /index.php?m=vod-list-id-5-pg-1-order--by--class--year--letter--area-%E5%8A%A0%E6%8B%BF%E5%A4%A7-lang-.html
INFO: [ app_init ] --START--
INFO: Run Behavior\BuildLiteBehavior [ RunTime:0.000015s ]
INFO: [ app_init ] --END-- [ RunTime:0.000308s ]
ERR: 无法加载模块:Vod-list-id-5-pg-1-order--by--class--year--letter--area-加拿大-lang-.html

[ 2017-04-29T10:05:22+08:00 ] 42.236.10.115 /index.php?m=vod-search-pg-2-starring-yuanyuan-classid-57.html
INFO: [ app_init ] --START--
INFO: Run Behavior\BuildLiteBehavior [ RunTime:0.000019s ]
INFO: [ app_init ] --END-- [ RunTime:0.000319s ]
ERR: 无法加载模块:Vod-search-pg-2-starring-yuanyuan-classid-57.html

[ 2017-04-29T10:05:22+08:00 ] 42.236.10.80 /index.php?m=vod-play-id-1179-src-1-num-1.html
INFO: [ app_init ] --START--
INFO: Run Behavior\BuildLiteBehavior [ RunTime:0.000015s ]
INFO: [ app_init ] --END-- [ RunTime:0.000353s ]
ERR: 无法加载模块:Vod-play-id-1179-src-1-num-1.html

[ 2017-04-29T10:05:23+08:00 ] 42.236.99.142 /index.php?s=gb-show-p-2041.html
INFO: [ app_init ] --START--
INFO: Run Behavior\BuildLiteBehavior [ RunTime:0.000012s ]
INFO: [ app_init ] --END-- [ RunTime:0.000434s ]
ERR: 无法加载模块:Gb-show-p-2041

[ 2017-04-29T10:05:23+08:00 ] 42.236.99.79 /index.php?s=vod-play-id-29-sid-0-pid-1.html
INFO: [ app_init ] --START--
INFO: Run Behavior\BuildLiteBehavior [ RunTime:0.000014s ]
INFO: [ app_init ] --END-- [ RunTime:0.000323s ]
ERR: 无法加载模块:Vod-play-id-29-sid-0-pid-1

[ 2017-04-29T10:05:23+08:00 ] 42.236.10.105 /index.php?s=vod-play-id-785-sid-0-pid-1.html
INFO: [ app_init ] --START--
INFO: Run Behavior\BuildLiteBehavior [ RunTime:0.000017s ]
INFO: [ app_init ] --END-- [ RunTime:0.000290s ]
ERR: 无法加载模块:Vod-play-id-785-sid-0-pid-1

[ 2017-04-29T10:05:23+08:00 ] 42.236.10.100 /index.php?m=vod-list-id-1-pg-1-order--by-score-class-9-year-2001-letter--area--lang-.html
INFO: [ app_init ] --START--
INFO: Run Behavior\BuildLiteBehavior [ RunTime:0.000012s ]
INFO: [ app_init ] --END-- [ RunTime:0.000284s ]
ERR: 无法加载模块:Vod-list-id-1-pg-1-order--by-score-class-9-year-2001-letter--area--lang-.html

[ 2017-04-29T10:05:23+08:00 ] 42.236.99.194 /index.php?s=vod-play-id-1373-sid-0-pid-1.html
INFO: [ app_init ] --START--
INFO: Run Behavior\BuildLiteBehavior [ RunTime:0.000012s ]
INFO: [ app_init ] --END-- [ RunTime:0.000254s ]
ERR: 无法加载模块:Vod-play-id-1373-sid-0-pid-1

[ 2017-04-29T10:05:23+08:00 ] 42.236.99.178 /index.php?m=vod-list-id-7-pg-1-order--by--class--year-2002-letter--area--lang-.html
INFO: [ app_init ] --START--
INFO: Run Behavior\BuildLiteBehavior [ RunTime:0.000013s ]
INFO: [ app_init ] --END-- [ RunTime:0.000285s ]
ERR: 无法加载模块:Vod-list-id-7-pg-1-order--by--class--year-2002-letter--area--lang-.html

[ 2017-04-29T10:05:23+08:00 ] 42.236.99.2 /index.php?s=vod-play-id-1750-sid-0-pid-1.html
INFO: [ app_init ] --START--
INFO: Run Behavior\BuildLiteBehavior [ RunTime:0.000014s ]
INFO: [ app_init ] --END-- [ RunTime:0.000284s ]
ERR: 无法加载模块:Vod-play-id-1750-sid-0-pid-1

[ 2017-04-29T10:05:23+08:00 ] 42.236.10.81 /index.php?m=vod-play-id-210-src-1-num-1.html
INFO: [ app_init ] --START--
INFO: Run Behavior\BuildLiteBehavior [ RunTime:0.000013s ]
INFO: [ app_init ] --END-- [ RunTime:0.000269s ]
ERR: 无法加载模块:Vod-play-id-210-src-1-num-1.html

[ 2017-04-29T10:05:23+08:00 ] 42.236.10.84 /index.php?m=vod-list-id-4-pg-1-order--by--class-0-year-2004-letter-W-area--lang-.html
INFO: [ app_init ] --START--
INFO: Run Behavior\BuildLiteBehavior [ RunTime:0.000018s ]
INFO: [ app_init ] --END-- [ RunTime:0.000317s ]
ERR: 无法加载模块:Vod-list-id-4-pg-1-order--by--class-0-year-2004-letter-W-area--lang-.html

[ 2017-04-29T10:05:23+08:00 ] 42.236.10.74 /index.php?m=vod-play-id-631-src-1-num-1.html
INFO: [ app_init ] --START--
INFO: Run Behavior\BuildLiteBehavior [ RunTime:0.000019s ]
INFO: [ app_init ] --END-- [ RunTime:0.000404s ]
ERR: 无法加载模块:Vod-play-id-631-src-1-num-1.html

[ 2017-04-29T10:05:23+08:00 ] 42.236.99.37 /index.php?m=vod-play-id-1561-src-1-num-1.html
INFO: [ app_init ] --START--
INFO: Run Behavior\BuildLiteBehavior [ RunTime:0.000014s ]
INFO: [ app_init ] --END-- [ RunTime:0.000267s ]
ERR: 无法加载模块:Vod-play-id-1561-src-1-num-1.html

[ 2017-04-29T10:05:24+08:00 ] 42.236.10.113 /index.php?m=vod-play-id-2282-src-1-num-1.html
INFO: [ app_init ] --START--
INFO: Run Behavior\BuildLiteBehavior [ RunTime:0.000019s ]
INFO: [ app_init ] --END-- [ RunTime:0.000508s ]
ERR: 无法加载模块:Vod-play-id-2282-src-1-num-1.html

[ 2017-04-29T10:05:24+08:00 ] 42.236.99.44 /index.php?m=vod-play-id-260-src-1-num-1.html
INFO: [ app_init ] --START--
INFO: Run Behavior\BuildLiteBehavior [ RunTime:0.000019s ]
INFO: [ app_init ] --END-- [ RunTime:0.000447s ]
ERR: 无法加载模块:Vod-play-id-260-src-1-num-1.html

[ 2017-04-29T10:05:25+08:00 ] 42.236.99.30 /index.php?m=vod-play-id-560-src-1-num-1.html
INFO: [ app_init ] --START--
INFO: Run Behavior\BuildLiteBehavior [ RunTime:0.000016s ]
INFO: [ app_init ] --END-- [ RunTime:0.000372s ]
ERR: 无法加载模块:Vod-play-id-560-src-1-num-1.html

[ 2017-04-29T10:46:21+08:00 ] 66.249.75.61 /index.php?s=vod-play-id-951-sid-0-pid-1.html
INFO: [ app_init ] --START--
INFO: Run Behavior\BuildLiteBehavior [ RunTime:0.000030s ]
INFO: [ app_init ] --END-- [ RunTime:0.000560s ]
ERR: 无法加载模块:Vod-play-id-951-sid-0-pid-1

[ 2017-04-29T11:21:32+08:00 ] 66.249.75.61 /index.php?s=gb-show-p-2194.html
INFO: [ app_init ] --START--
INFO: Run Behavior\BuildLiteBehavior [ RunTime:0.000022s ]
INFO: [ app_init ] --END-- [ RunTime:0.000415s ]
ERR: 无法加载模块:Gb-show-p-2194

[ 2017-04-29T11:54:57+08:00 ] 62.210.97.48 /index.php?s=vod-search-area-%E5%8A%A0%E6%8B%BF%E5%A4%A7.html
INFO: [ app_init ] --START--
INFO: Run Behavior\BuildLiteBehavior [ RunTime:0.000027s ]
INFO: [ app_init ] --END-- [ RunTime:0.000397s ]
ERR: 无法加载模块:Vod-search-area-加拿大

[ 2017-04-29T18:32:22+08:00 ] 66.249.75.59 /index.php?s=vod-play-id-1677-sid-0-pid-1.html
INFO: [ app_init ] --START--
INFO: Run Behavior\BuildLiteBehavior [ RunTime:0.000032s ]
INFO: [ app_init ] --END-- [ RunTime:0.000758s ]
ERR: 无法加载模块:Vod-play-id-1677-sid-0-pid-1

