[ 2017-05-21T00:08:09+08:00 ] 140.205.225.198 /index.php?m=member&c=index&a=register&siteid=1
INFO: [ app_init ] --START--
INFO: Run Behavior\BuildLiteBehavior [ RunTime:0.000000s ]
INFO: [ app_init ] --END-- [ RunTime:0.000976s ]
ERR: 无法加载模块:Member

[ 2017-05-21T00:08:09+08:00 ] 140.205.225.198 /index.php?m=wap&a=index&siteid=1
INFO: [ app_init ] --START--
INFO: Run Behavior\BuildLiteBehavior [ RunTime:0.000000s ]
INFO: [ app_init ] --END-- [ RunTime:0.000000s ]
ERR: 无法加载模块:Wap

[ 2017-05-21T06:20:24+08:00 ] 42.236.103.66 /index.php?m=vod-play-id-966-src-1-num-1.html
INFO: [ app_init ] --START--
INFO: Run Behavior\BuildLiteBehavior [ RunTime:0.000000s ]
INFO: [ app_init ] --END-- [ RunTime:0.000000s ]
ERR: 无法加载模块:Vod-play-id-966-src-1-num-1.html

[ 2017-05-21T06:20:25+08:00 ] 42.236.102.3 /index.php?m=vod-play-id-571-src-1-num-1.html
INFO: [ app_init ] --START--
INFO: Run Behavior\BuildLiteBehavior [ RunTime:0.000977s ]
INFO: [ app_init ] --END-- [ RunTime:0.000977s ]
ERR: 无法加载模块:Vod-play-id-571-src-1-num-1.html

[ 2017-05-21T06:20:25+08:00 ] 42.236.10.114 /index.php?m=vod-play-id-1714-src-1-num-1.html
INFO: [ app_init ] --START--
INFO: Run Behavior\BuildLiteBehavior [ RunTime:0.000000s ]
INFO: [ app_init ] --END-- [ RunTime:0.000000s ]
ERR: 无法加载模块:Vod-play-id-1714-src-1-num-1.html

[ 2017-05-21T06:20:26+08:00 ] 42.236.99.72 /index.php?s=vod-play-id-7-sid-0-pid-1.html
INFO: [ app_init ] --START--
INFO: Run Behavior\BuildLiteBehavior [ RunTime:0.000000s ]
INFO: [ app_init ] --END-- [ RunTime:0.000000s ]
ERR: 无法加载模块:Vod-play-id-7-sid-0-pid-1

[ 2017-05-21T06:20:27+08:00 ] 42.236.103.86 /index.php?m=vod-play-id-1156-src-1-num-1.html
INFO: [ app_init ] --START--
INFO: Run Behavior\BuildLiteBehavior [ RunTime:0.000000s ]
INFO: [ app_init ] --END-- [ RunTime:0.000977s ]
ERR: 无法加载模块:Vod-play-id-1156-src-1-num-1.html

[ 2017-05-21T06:20:27+08:00 ] 42.236.99.44 /index.php?m=vod-list-id-4-pg-1-order--by--class-0-year-2005-letter-I-area--lang-.html
INFO: [ app_init ] --START--
INFO: Run Behavior\BuildLiteBehavior [ RunTime:0.000000s ]
INFO: [ app_init ] --END-- [ RunTime:0.000977s ]
ERR: 无法加载模块:Vod-list-id-4-pg-1-order--by--class-0-year-2005-letter-I-area--lang-.html

[ 2017-05-21T06:20:28+08:00 ] 180.153.236.59 /index.php?s=vod-play-id-306-sid-0-pid-1.html
INFO: [ app_init ] --START--
INFO: Run Behavior\BuildLiteBehavior [ RunTime:0.000000s ]
INFO: [ app_init ] --END-- [ RunTime:0.000000s ]
ERR: 无法加载模块:Vod-play-id-306-sid-0-pid-1

[ 2017-05-21T06:20:29+08:00 ] 180.153.236.117 /index.php?m=vod-list-id-1-pg-1-order--by-score-class-7-year-0-letter--area--lang-.html
INFO: [ app_init ] --START--
INFO: Run Behavior\BuildLiteBehavior [ RunTime:0.000000s ]
INFO: [ app_init ] --END-- [ RunTime:0.000976s ]
ERR: 无法加载模块:Vod-list-id-1-pg-1-order--by-score-class-7-year-0-letter--area--lang-.html

[ 2017-05-21T06:20:31+08:00 ] 180.153.236.189 /index.php?m=vod-play-id-1501-src-1-num-1.html
INFO: [ app_init ] --START--
INFO: Run Behavior\BuildLiteBehavior [ RunTime:0.000000s ]
INFO: [ app_init ] --END-- [ RunTime:0.000977s ]
ERR: 无法加载模块:Vod-play-id-1501-src-1-num-1.html

[ 2017-05-21T06:20:31+08:00 ] 42.236.10.72 /index.php?m=vod-play-id-238-src-1-num-1.html
INFO: [ app_init ] --START--
INFO: Run Behavior\BuildLiteBehavior [ RunTime:0.000000s ]
INFO: [ app_init ] --END-- [ RunTime:0.000000s ]
ERR: 无法加载模块:Vod-play-id-238-src-1-num-1.html

[ 2017-05-21T06:20:31+08:00 ] 42.236.54.22 /index.php?m=vod-play-id-198-src-1-num-1.html
INFO: [ app_init ] --START--
INFO: Run Behavior\BuildLiteBehavior [ RunTime:0.000000s ]
INFO: [ app_init ] --END-- [ RunTime:0.000000s ]
ERR: 无法加载模块:Vod-play-id-198-src-1-num-1.html

[ 2017-05-21T06:20:33+08:00 ] 42.236.99.51 /index.php?m=vod-list-id-7-pg-1-order--by--class--year--letter--area-%E9%9F%A9%E5%9B%BD-lang-.html
INFO: [ app_init ] --START--
INFO: Run Behavior\BuildLiteBehavior [ RunTime:0.000000s ]
INFO: [ app_init ] --END-- [ RunTime:0.000000s ]
ERR: 无法加载模块:Vod-list-id-7-pg-1-order--by--class--year--letter--area-韩国-lang-.html

[ 2017-05-21T06:20:34+08:00 ] 42.236.99.51 /index.php?s=vod-play-id-1382-sid-0-pid-1.html
INFO: [ app_init ] --START--
INFO: Run Behavior\BuildLiteBehavior [ RunTime:0.000000s ]
INFO: [ app_init ] --END-- [ RunTime:0.000000s ]
ERR: 无法加载模块:Vod-play-id-1382-sid-0-pid-1

[ 2017-05-21T06:20:36+08:00 ] 180.153.236.165 /index.php?m=vod-list-id-2-pg-1-order--by--class-16-year--letter--area--lang-.html
INFO: [ app_init ] --START--
INFO: Run Behavior\BuildLiteBehavior [ RunTime:0.000000s ]
INFO: [ app_init ] --END-- [ RunTime:0.000976s ]
ERR: 无法加载模块:Vod-list-id-2-pg-1-order--by--class-16-year--letter--area--lang-.html

[ 2017-05-21T06:20:37+08:00 ] 42.236.55.41 /index.php?m=vod-play-id-2288-src-1-num-1.html
INFO: [ app_init ] --START--
INFO: Run Behavior\BuildLiteBehavior [ RunTime:0.000000s ]
INFO: [ app_init ] --END-- [ RunTime:0.000976s ]
ERR: 无法加载模块:Vod-play-id-2288-src-1-num-1.html

[ 2017-05-21T06:20:38+08:00 ] 42.236.103.86 /index.php?m=vod-play-id-2071-src-1-num-1.html
INFO: [ app_init ] --START--
INFO: Run Behavior\BuildLiteBehavior [ RunTime:0.000000s ]
INFO: [ app_init ] --END-- [ RunTime:0.000977s ]
ERR: 无法加载模块:Vod-play-id-2071-src-1-num-1.html

[ 2017-05-21T06:20:38+08:00 ] 42.236.12.150 /index.php?s=gb-show-id-1645.html
INFO: [ app_init ] --START--
INFO: Run Behavior\BuildLiteBehavior [ RunTime:0.000000s ]
INFO: [ app_init ] --END-- [ RunTime:0.000977s ]
ERR: 无法加载模块:Gb-show-id-1645

[ 2017-05-21T06:20:39+08:00 ] 42.236.103.66 /index.php?m=vod-list-id-4-pg-1-order--by--class-0-year-2005-letter--area-%E6%B3%95%E5%9B%BD-lang-.html
INFO: [ app_init ] --START--
INFO: Run Behavior\BuildLiteBehavior [ RunTime:0.000000s ]
INFO: [ app_init ] --END-- [ RunTime:0.000977s ]
ERR: 无法加载模块:Vod-list-id-4-pg-1-order--by--class-0-year-2005-letter--area-法国-lang-.html

[ 2017-05-21T06:20:40+08:00 ] 42.236.10.83 /index.php?s=gb-show-id-291.html
INFO: [ app_init ] --START--
INFO: Run Behavior\BuildLiteBehavior [ RunTime:0.000000s ]
INFO: [ app_init ] --END-- [ RunTime:0.000000s ]
ERR: 无法加载模块:Gb-show-id-291

[ 2017-05-21T06:20:41+08:00 ] 42.236.10.82 /index.php?s=vod-play-id-798-sid-0-pid-1.html
INFO: [ app_init ] --START--
INFO: Run Behavior\BuildLiteBehavior [ RunTime:0.000000s ]
INFO: [ app_init ] --END-- [ RunTime:0.000976s ]
ERR: 无法加载模块:Vod-play-id-798-sid-0-pid-1

[ 2017-05-21T06:20:42+08:00 ] 42.236.54.22 /index.php?m=vod-list-id-2-pg-1-order--by--class-15-year--letter--area--lang-.html
INFO: [ app_init ] --START--
INFO: Run Behavior\BuildLiteBehavior [ RunTime:0.000000s ]
INFO: [ app_init ] --END-- [ RunTime:0.000977s ]
ERR: 无法加载模块:Vod-list-id-2-pg-1-order--by--class-15-year--letter--area--lang-.html

[ 2017-05-21T06:20:42+08:00 ] 42.236.10.85 /index.php?s=vod-play-id-1286-sid-0-pid-1.html
INFO: [ app_init ] --START--
INFO: Run Behavior\BuildLiteBehavior [ RunTime:0.000000s ]
INFO: [ app_init ] --END-- [ RunTime:0.000977s ]
ERR: 无法加载模块:Vod-play-id-1286-sid-0-pid-1

[ 2017-05-21T06:20:43+08:00 ] 180.153.234.145 /index.php?m=vod-play-id-1520-src-1-num-1.html
INFO: [ app_init ] --START--
INFO: Run Behavior\BuildLiteBehavior [ RunTime:0.000000s ]
INFO: [ app_init ] --END-- [ RunTime:0.000976s ]
ERR: 无法加载模块:Vod-play-id-1520-src-1-num-1.html

[ 2017-05-21T06:20:44+08:00 ] 42.236.99.23 /index.php?m=vod-play-id-2001-src-1-num-1.html
INFO: [ app_init ] --START--
INFO: Run Behavior\BuildLiteBehavior [ RunTime:0.000000s ]
INFO: [ app_init ] --END-- [ RunTime:0.000976s ]
ERR: 无法加载模块:Vod-play-id-2001-src-1-num-1.html

[ 2017-05-21T06:20:45+08:00 ] 180.153.236.165 /index.php?m=vod-list-id-7-pg-1-order--by--class--year--letter--area-%E6%96%B0%E5%8A%A0%E5%9D%A1-lang-.html
INFO: [ app_init ] --START--
INFO: Run Behavior\BuildLiteBehavior [ RunTime:0.000000s ]
INFO: [ app_init ] --END-- [ RunTime:0.000977s ]
ERR: 无法加载模块:Vod-list-id-7-pg-1-order--by--class--year--letter--area-新加坡-lang-.html

[ 2017-05-21T06:20:45+08:00 ] 42.236.12.190 /index.php?m=vod-list-id-1-pg-1-order--by-time-class-0-year-2002-letter--area-%E5%85%B6%E5%AE%83-lang-.html
INFO: [ app_init ] --START--
INFO: Run Behavior\BuildLiteBehavior [ RunTime:0.000000s ]
INFO: [ app_init ] --END-- [ RunTime:0.000977s ]
ERR: 无法加载模块:Vod-list-id-1-pg-1-order--by-time-class-0-year-2002-letter--area-其它-lang-.html

[ 2017-05-21T06:20:46+08:00 ] 42.236.102.23 /index.php?m=vod-play-id-486-src-1-num-1.html
INFO: [ app_init ] --START--
INFO: Run Behavior\BuildLiteBehavior [ RunTime:0.000000s ]
INFO: [ app_init ] --END-- [ RunTime:0.000977s ]
ERR: 无法加载模块:Vod-play-id-486-src-1-num-1.html

[ 2017-05-21T06:20:46+08:00 ] 42.236.10.85 /index.php?m=vod-play-id-535-src-1-num-1.html
INFO: [ app_init ] --START--
INFO: Run Behavior\BuildLiteBehavior [ RunTime:0.000000s ]
INFO: [ app_init ] --END-- [ RunTime:0.000000s ]
ERR: 无法加载模块:Vod-play-id-535-src-1-num-1.html

[ 2017-05-21T06:20:47+08:00 ] 42.236.10.114 /index.php?m=vod-list-id-7-pg-1-order--by--class--year--letter-K-area--lang-.html
INFO: [ app_init ] --START--
INFO: Run Behavior\BuildLiteBehavior [ RunTime:0.000000s ]
INFO: [ app_init ] --END-- [ RunTime:0.000000s ]
ERR: 无法加载模块:Vod-list-id-7-pg-1-order--by--class--year--letter-K-area--lang-.html

[ 2017-05-21T06:20:48+08:00 ] 42.236.99.23 /index.php?m=vod-search-pg-2-starring-yuanyuan-letter-E.html
INFO: [ app_init ] --START--
INFO: Run Behavior\BuildLiteBehavior [ RunTime:0.000000s ]
INFO: [ app_init ] --END-- [ RunTime:0.000977s ]
ERR: 无法加载模块:Vod-search-pg-2-starring-yuanyuan-letter-E.html

