[ 2017-07-04T03:14:30+08:00 ] 42.236.10.108 /index.php?m=vod-play-id-32-src-1-num-1.html
INFO: [ app_init ] --START--
INFO: Run Behavior\BuildLiteBehavior [ RunTime:0.000000s ]
INFO: [ app_init ] --END-- [ RunTime:0.000000s ]
ERR: 无法加载模块:Vod-play-id-32-src-1-num-1.html

[ 2017-07-04T03:14:40+08:00 ] 42.236.10.71 /index.php?s=vod-play-id-1269-sid-0-pid-1.html
INFO: [ app_init ] --START--
INFO: Run Behavior\BuildLiteBehavior [ RunTime:0.000000s ]
INFO: [ app_init ] --END-- [ RunTime:0.000976s ]
ERR: 无法加载模块:Vod-play-id-1269-sid-0-pid-1

[ 2017-07-04T03:14:40+08:00 ] 42.236.10.74 /index.php?s=gb-show-id-1806.html
INFO: [ app_init ] --START--
INFO: Run Behavior\BuildLiteBehavior [ RunTime:0.000000s ]
INFO: [ app_init ] --END-- [ RunTime:0.000976s ]
ERR: 无法加载模块:Gb-show-id-1806

[ 2017-07-04T03:14:40+08:00 ] 42.236.10.72 /index.php?m=vod-list-id-5-pg-1-order--by--class-0-year-0-letter-E-area-%E7%BE%8E%E5%9B%BD-lang-.html
INFO: [ app_init ] --START--
INFO: Run Behavior\BuildLiteBehavior [ RunTime:0.000000s ]
INFO: [ app_init ] --END-- [ RunTime:0.000977s ]
ERR: 无法加载模块:Vod-list-id-5-pg-1-order--by--class-0-year-0-letter-E-area-美国-lang-.html

[ 2017-07-04T03:14:40+08:00 ] 42.236.10.74 /index.php?s=vod-play-id-581-sid-0-pid-1.html
INFO: [ app_init ] --START--
INFO: Run Behavior\BuildLiteBehavior [ RunTime:0.000000s ]
INFO: [ app_init ] --END-- [ RunTime:0.000976s ]
ERR: 无法加载模块:Vod-play-id-581-sid-0-pid-1

[ 2017-07-04T03:14:40+08:00 ] 42.236.10.83 /index.php?s=gb-show-id-1834.html
INFO: [ app_init ] --START--
INFO: Run Behavior\BuildLiteBehavior [ RunTime:0.000000s ]
INFO: [ app_init ] --END-- [ RunTime:0.000976s ]
ERR: 无法加载模块:Gb-show-id-1834

[ 2017-07-04T03:14:41+08:00 ] 42.236.55.41 /index.php?s=gb-show-id-1514.html
INFO: [ app_init ] --START--
INFO: Run Behavior\BuildLiteBehavior [ RunTime:0.000000s ]
INFO: [ app_init ] --END-- [ RunTime:0.000976s ]
ERR: 无法加载模块:Gb-show-id-1514

[ 2017-07-04T03:15:27+08:00 ] 180.153.236.43 /index.php?s=gb-show-id-969.html
INFO: [ app_init ] --START--
INFO: Run Behavior\BuildLiteBehavior [ RunTime:0.000000s ]
INFO: [ app_init ] --END-- [ RunTime:0.000000s ]
ERR: 无法加载模块:Gb-show-id-969

[ 2017-07-04T12:10:16+08:00 ] 140.205.225.195 /index.php?m=member&c=index&a=register&siteid=1
INFO: [ app_init ] --START--
INFO: Run Behavior\BuildLiteBehavior [ RunTime:0.000000s ]
INFO: [ app_init ] --END-- [ RunTime:0.000977s ]
ERR: 无法加载模块:Member

[ 2017-07-04T12:10:18+08:00 ] 140.205.225.195 /index.php?m=wap&a=index&siteid=1
INFO: [ app_init ] --START--
INFO: Run Behavior\BuildLiteBehavior [ RunTime:0.000977s ]
INFO: [ app_init ] --END-- [ RunTime:0.000977s ]
ERR: 无法加载模块:Wap

[ 2017-07-04T15:15:31+08:00 ] 144.76.8.231 /index.php?m=vod-list-id-0-pg-1-order--by--class-0-year-0-letter--area-%E4%BF%84%E7%BD%97%E6%96%AF-lang-.html
INFO: [ app_init ] --START--
INFO: Run Behavior\BuildLiteBehavior [ RunTime:0.000000s ]
INFO: [ app_init ] --END-- [ RunTime:0.000000s ]
ERR: 无法加载模块:Vod-list-id-0-pg-1-order--by--class-0-year-0-letter--area-俄罗斯-lang-.html

