[ 2017-03-27T18:42:48+08:00 ] 42.236.99.65 /index.php?m=vod-list-id-2-pg-1-order--by--class-15-year-2009-letter-G-area--lang-.html
INFO: [ app_init ] --START--
INFO: Run Behavior\BuildLiteBehavior [ RunTime:0.000019s ]
INFO: [ app_init ] --END-- [ RunTime:0.000388s ]
ERR: 无法加载模块:Vod-list-id-2-pg-1-order--by--class-15-year-2009-letter-G-area--lang-.html

[ 2017-03-27T18:42:48+08:00 ] 42.236.99.2 /index.php?s=vod-play-id-1726-sid-0-pid-1.html
INFO: [ app_init ] --START--
INFO: Run Behavior\BuildLiteBehavior [ RunTime:0.000015s ]
INFO: [ app_init ] --END-- [ RunTime:0.000318s ]
ERR: 无法加载模块:Vod-play-id-1726-sid-0-pid-1

[ 2017-03-27T18:42:48+08:00 ] 42.236.99.72 /index.php?m=vod-list-id-5-pg-1-order--by-time-class--year--letter--area--lang-.html
INFO: [ app_init ] --START--
INFO: Run Behavior\BuildLiteBehavior [ RunTime:0.000012s ]
INFO: [ app_init ] --END-- [ RunTime:0.000322s ]
ERR: 无法加载模块:Vod-list-id-5-pg-1-order--by-time-class--year--letter--area--lang-.html

[ 2017-03-27T18:42:49+08:00 ] 42.236.10.112 /index.php?s=gb-show-id-1335.html
INFO: [ app_init ] --START--
INFO: Run Behavior\BuildLiteBehavior [ RunTime:0.000013s ]
INFO: [ app_init ] --END-- [ RunTime:0.000285s ]
ERR: 无法加载模块:Gb-show-id-1335

[ 2017-03-27T18:42:49+08:00 ] 180.153.236.149 /index.php?m=vod-list-id-5-pg-1-order--by--class-0-year-0-letter--area-%E9%A9%AC%E6%9D%A5%E8%A5%BF%E4%BA%9A-lang-.html
INFO: [ app_init ] --START--
INFO: Run Behavior\BuildLiteBehavior [ RunTime:0.000014s ]
INFO: [ app_init ] --END-- [ RunTime:0.000306s ]
ERR: 无法加载模块:Vod-list-id-5-pg-1-order--by--class-0-year-0-letter--area-马来西亚-lang-.html

[ 2017-03-27T18:42:49+08:00 ] 42.236.99.142 /index.php?m=vod-play-id-2487-src-1-num-1.html
INFO: [ app_init ] --START--
INFO: Run Behavior\BuildLiteBehavior [ RunTime:0.000031s ]
INFO: [ app_init ] --END-- [ RunTime:0.000415s ]
ERR: 无法加载模块:Vod-play-id-2487-src-1-num-1.html

[ 2017-03-27T18:42:49+08:00 ] 42.236.10.84 /index.php?m=vod-play-id-220-src-1-num-1.html
INFO: [ app_init ] --START--
INFO: Run Behavior\BuildLiteBehavior [ RunTime:0.000013s ]
INFO: [ app_init ] --END-- [ RunTime:0.000305s ]
ERR: 无法加载模块:Vod-play-id-220-src-1-num-1.html

[ 2017-03-27T18:42:49+08:00 ] 42.236.10.100 /index.php?m=vod-play-id-1046-src-1-num-1.html
INFO: [ app_init ] --START--
INFO: Run Behavior\BuildLiteBehavior [ RunTime:0.000027s ]
INFO: [ app_init ] --END-- [ RunTime:0.000346s ]
ERR: 无法加载模块:Vod-play-id-1046-src-1-num-1.html

[ 2017-03-27T18:42:49+08:00 ] 42.236.99.86 /index.php?s=vod-play-id-491-sid-0-pid-1.html
INFO: [ app_init ] --START--
INFO: Run Behavior\BuildLiteBehavior [ RunTime:0.000015s ]
INFO: [ app_init ] --END-- [ RunTime:0.000352s ]
ERR: 无法加载模块:Vod-play-id-491-sid-0-pid-1

[ 2017-03-27T18:42:50+08:00 ] 42.236.99.142 /index.php?m=vod-play-id-1665-src-1-num-1.html
INFO: [ app_init ] --START--
INFO: Run Behavior\BuildLiteBehavior [ RunTime:0.000016s ]
INFO: [ app_init ] --END-- [ RunTime:0.000329s ]
ERR: 无法加载模块:Vod-play-id-1665-src-1-num-1.html

[ 2017-03-27T18:42:50+08:00 ] 42.236.99.30 /index.php?m=vod-play-id-1797-src-1-num-1.html
INFO: [ app_init ] --START--
INFO: Run Behavior\BuildLiteBehavior [ RunTime:0.000013s ]
INFO: [ app_init ] --END-- [ RunTime:0.000291s ]
ERR: 无法加载模块:Vod-play-id-1797-src-1-num-1.html

[ 2017-03-27T18:42:51+08:00 ] 42.236.99.206 /index.php?m=vod-play-id-2184-src-1-num-1.html
INFO: [ app_init ] --START--
INFO: Run Behavior\BuildLiteBehavior [ RunTime:0.000014s ]
INFO: [ app_init ] --END-- [ RunTime:0.000350s ]
ERR: 无法加载模块:Vod-play-id-2184-src-1-num-1.html

[ 2017-03-27T18:42:51+08:00 ] 42.236.99.154 /index.php?m=vod-search-pg-237-year-2009-starring-yuanyuan.html
INFO: [ app_init ] --START--
INFO: Run Behavior\BuildLiteBehavior [ RunTime:0.000013s ]
INFO: [ app_init ] --END-- [ RunTime:0.000295s ]
ERR: 无法加载模块:Vod-search-pg-237-year-2009-starring-yuanyuan.html

[ 2017-03-27T18:42:51+08:00 ] 42.236.99.9 /index.php?s=vod-play-id-1081-sid-0-pid-1.html
INFO: [ app_init ] --START--
INFO: Run Behavior\BuildLiteBehavior [ RunTime:0.000015s ]
INFO: [ app_init ] --END-- [ RunTime:0.000368s ]
ERR: 无法加载模块:Vod-play-id-1081-sid-0-pid-1

[ 2017-03-27T18:42:51+08:00 ] 42.236.99.194 /index.php?s=vod-play-id-1372-sid-0-pid-1.html
INFO: [ app_init ] --START--
INFO: Run Behavior\BuildLiteBehavior [ RunTime:0.000084s ]
INFO: [ app_init ] --END-- [ RunTime:0.000423s ]
ERR: 无法加载模块:Vod-play-id-1372-sid-0-pid-1

[ 2017-03-27T18:42:51+08:00 ] 42.236.10.76 /index.php?m=vod-play-id-336-src-1-num-1.html
INFO: [ app_init ] --START--
INFO: Run Behavior\BuildLiteBehavior [ RunTime:0.000013s ]
INFO: [ app_init ] --END-- [ RunTime:0.000330s ]
ERR: 无法加载模块:Vod-play-id-336-src-1-num-1.html

[ 2017-03-27T18:42:52+08:00 ] 42.236.99.206 /index.php?m=vod-play-id-747-src-1-num-1.html
INFO: [ app_init ] --START--
INFO: Run Behavior\BuildLiteBehavior [ RunTime:0.000010s ]
INFO: [ app_init ] --END-- [ RunTime:0.000286s ]
ERR: 无法加载模块:Vod-play-id-747-src-1-num-1.html

[ 2017-03-27T18:42:52+08:00 ] 42.236.10.78 /index.php?m=vod-list-id-2-pg-1-order--by--class-26-year--letter--area--lang-.html
INFO: [ app_init ] --START--
INFO: Run Behavior\BuildLiteBehavior [ RunTime:0.000011s ]
INFO: [ app_init ] --END-- [ RunTime:0.000275s ]
ERR: 无法加载模块:Vod-list-id-2-pg-1-order--by--class-26-year--letter--area--lang-.html

[ 2017-03-27T18:42:52+08:00 ] 42.236.99.166 /index.php?s=vod-play-id-603-sid-0-pid-1.html
INFO: [ app_init ] --START--
INFO: Run Behavior\BuildLiteBehavior [ RunTime:0.000013s ]
INFO: [ app_init ] --END-- [ RunTime:0.000271s ]
ERR: 无法加载模块:Vod-play-id-603-sid-0-pid-1

[ 2017-03-27T18:42:52+08:00 ] 42.236.99.154 /index.php?s=gb-show-id-875.html
INFO: [ app_init ] --START--
INFO: Run Behavior\BuildLiteBehavior [ RunTime:0.000029s ]
INFO: [ app_init ] --END-- [ RunTime:0.000344s ]
ERR: 无法加载模块:Gb-show-id-875

[ 2017-03-27T18:42:52+08:00 ] 42.236.99.166 /index.php?m=vod-play-id-1387-src-1-num-1.html
INFO: [ app_init ] --START--
INFO: Run Behavior\BuildLiteBehavior [ RunTime:0.000014s ]
INFO: [ app_init ] --END-- [ RunTime:0.000276s ]
ERR: 无法加载模块:Vod-play-id-1387-src-1-num-1.html

[ 2017-03-27T18:42:52+08:00 ] 42.236.99.242 /index.php?s=gb-show-id-1376.html
INFO: [ app_init ] --START--
INFO: Run Behavior\BuildLiteBehavior [ RunTime:0.000015s ]
INFO: [ app_init ] --END-- [ RunTime:0.000380s ]
ERR: 无法加载模块:Gb-show-id-1376

