[ 2017-04-16T00:43:25+08:00 ] 66.249.65.10 /index.php?s=gb-show-p-790.html
INFO: [ app_init ] --START--
INFO: Run Behavior\BuildLiteBehavior [ RunTime:0.000020s ]
INFO: [ app_init ] --END-- [ RunTime:0.000390s ]
ERR: 无法加载模块:Gb-show-p-790

[ 2017-04-16T02:10:01+08:00 ] 66.249.65.10 /index.php?s=gb-show-p-2194.html
INFO: [ app_init ] --START--
INFO: Run Behavior\BuildLiteBehavior [ RunTime:0.000020s ]
INFO: [ app_init ] --END-- [ RunTime:0.000389s ]
ERR: 无法加载模块:Gb-show-p-2194

[ 2017-04-16T07:15:06+08:00 ] 66.249.75.59 /index.php?s=gb-show-p-5668.html
INFO: [ app_init ] --START--
INFO: Run Behavior\BuildLiteBehavior [ RunTime:0.000018s ]
INFO: [ app_init ] --END-- [ RunTime:0.000396s ]
ERR: 无法加载模块:Gb-show-p-5668

[ 2017-04-16T08:58:34+08:00 ] 66.249.75.57 /index.php?s=vod-play-id-951-sid-0-pid-1.html
INFO: [ app_init ] --START--
INFO: Run Behavior\BuildLiteBehavior [ RunTime:0.000018s ]
INFO: [ app_init ] --END-- [ RunTime:0.000394s ]
ERR: 无法加载模块:Vod-play-id-951-sid-0-pid-1

[ 2017-04-16T08:58:35+08:00 ] 66.249.75.57 /index.php?s=vod-play-id-951-sid-0-pid-1.html
INFO: [ app_init ] --START--
INFO: Run Behavior\BuildLiteBehavior [ RunTime:0.000013s ]
INFO: [ app_init ] --END-- [ RunTime:0.000326s ]
ERR: 无法加载模块:Vod-play-id-951-sid-0-pid-1

[ 2017-04-16T09:59:35+08:00 ] 66.249.75.57 /index.php?s=gb-show-p-2561.html
INFO: [ app_init ] --START--
INFO: Run Behavior\BuildLiteBehavior [ RunTime:0.000026s ]
INFO: [ app_init ] --END-- [ RunTime:0.000539s ]
ERR: 无法加载模块:Gb-show-p-2561

[ 2017-04-16T14:55:55+08:00 ] 66.249.75.59 /index.php?s=gb-show-p-790.html
INFO: [ app_init ] --START--
INFO: Run Behavior\BuildLiteBehavior [ RunTime:0.000018s ]
INFO: [ app_init ] --END-- [ RunTime:0.000365s ]
ERR: 无法加载模块:Gb-show-p-790

[ 2017-04-16T19:20:25+08:00 ] 66.249.75.59 /index.php?s=gb-show-p-2194.html
INFO: [ app_init ] --START--
INFO: Run Behavior\BuildLiteBehavior [ RunTime:0.000019s ]
INFO: [ app_init ] --END-- [ RunTime:0.000433s ]
ERR: 无法加载模块:Gb-show-p-2194

