[ 2017-09-16T00:08:18+08:00 ] 42.236.101.194 /index.php?m=vod-search-pg-235-starring-yuanyuan-classid-1.html
INFO: [ app_init ] --START--
INFO: Run Behavior\BuildLiteBehavior [ RunTime:0.000000s ]
INFO: [ app_init ] --END-- [ RunTime:0.000977s ]
ERR: 无法加载模块:Vod-search-pg-235-starring-yuanyuan-classid-1.html

[ 2017-09-16T00:08:20+08:00 ] 42.236.103.66 /index.php?m=vod-play-id-2141-src-1-num-1.html
INFO: [ app_init ] --START--
INFO: Run Behavior\BuildLiteBehavior [ RunTime:0.000000s ]
INFO: [ app_init ] --END-- [ RunTime:0.000977s ]
ERR: 无法加载模块:Vod-play-id-2141-src-1-num-1.html

[ 2017-09-16T00:08:20+08:00 ] 42.236.99.79 /index.php?s=vod-play-id-1902-sid-0-pid-1.html
INFO: [ app_init ] --START--
INFO: Run Behavior\BuildLiteBehavior [ RunTime:0.000000s ]
INFO: [ app_init ] --END-- [ RunTime:0.000000s ]
ERR: 无法加载模块:Vod-play-id-1902-sid-0-pid-1

[ 2017-09-16T00:08:21+08:00 ] 42.236.99.23 /index.php?s=gb-show-id-205.html
INFO: [ app_init ] --START--
INFO: Run Behavior\BuildLiteBehavior [ RunTime:0.000000s ]
INFO: [ app_init ] --END-- [ RunTime:0.000976s ]
ERR: 无法加载模块:Gb-show-id-205

[ 2017-09-16T00:08:23+08:00 ] 42.236.102.23 /index.php?s=gb-show-id-129.html
INFO: [ app_init ] --START--
INFO: Run Behavior\BuildLiteBehavior [ RunTime:0.000000s ]
INFO: [ app_init ] --END-- [ RunTime:0.000976s ]
ERR: 无法加载模块:Gb-show-id-129

[ 2017-09-16T00:08:24+08:00 ] 42.236.99.9 /index.php?m=vod-list-id-2-pg-1-order--by--class-0-year--letter-V-area--lang-.html
INFO: [ app_init ] --START--
INFO: Run Behavior\BuildLiteBehavior [ RunTime:0.000000s ]
INFO: [ app_init ] --END-- [ RunTime:0.000000s ]
ERR: 无法加载模块:Vod-list-id-2-pg-1-order--by--class-0-year--letter-V-area--lang-.html

[ 2017-09-16T00:08:25+08:00 ] 42.236.99.9 /index.php?s=vod-play-id-1812-sid-0-pid-1.html
INFO: [ app_init ] --START--
INFO: Run Behavior\BuildLiteBehavior [ RunTime:0.000000s ]
INFO: [ app_init ] --END-- [ RunTime:0.000977s ]
ERR: 无法加载模块:Vod-play-id-1812-sid-0-pid-1

[ 2017-09-16T00:08:26+08:00 ] 42.236.99.194 /index.php?s=vod-play-id-597-sid-0-pid-1.html
INFO: [ app_init ] --START--
INFO: Run Behavior\BuildLiteBehavior [ RunTime:0.000000s ]
INFO: [ app_init ] --END-- [ RunTime:0.000000s ]
ERR: 无法加载模块:Vod-play-id-597-sid-0-pid-1

[ 2017-09-16T00:08:27+08:00 ] 42.236.12.190 /index.php?m=vod-list-id-4-pg-1-order--by--class-0-year-2009-letter--area-%E5%8A%A0%E6%8B%BF%E5%A4%A7-lang-.html
INFO: [ app_init ] --START--
INFO: Run Behavior\BuildLiteBehavior [ RunTime:0.000000s ]
INFO: [ app_init ] --END-- [ RunTime:0.000977s ]
ERR: 无法加载模块:Vod-list-id-4-pg-1-order--by--class-0-year-2009-letter--area-加拿大-lang-.html

[ 2017-09-16T00:08:27+08:00 ] 42.236.99.72 /index.php?m=vod-play-id-2471-src-1-num-1.html
INFO: [ app_init ] --START--
INFO: Run Behavior\BuildLiteBehavior [ RunTime:0.000000s ]
INFO: [ app_init ] --END-- [ RunTime:0.000976s ]
ERR: 无法加载模块:Vod-play-id-2471-src-1-num-1.html

[ 2017-09-16T00:08:30+08:00 ] 42.236.12.190 /index.php?s=vod-play-id-112-sid-0-pid-1.html
INFO: [ app_init ] --START--
INFO: Run Behavior\BuildLiteBehavior [ RunTime:0.000000s ]
INFO: [ app_init ] --END-- [ RunTime:0.000977s ]
ERR: 无法加载模块:Vod-play-id-112-sid-0-pid-1

[ 2017-09-16T00:08:31+08:00 ] 42.236.102.23 /index.php?s=gb-show-id-441.html
INFO: [ app_init ] --START--
INFO: Run Behavior\BuildLiteBehavior [ RunTime:0.000000s ]
INFO: [ app_init ] --END-- [ RunTime:0.000977s ]
ERR: 无法加载模块:Gb-show-id-441

[ 2017-09-16T00:08:31+08:00 ] 42.236.99.58 /index.php?s=gb-show-id-2012.html
INFO: [ app_init ] --START--
INFO: Run Behavior\BuildLiteBehavior [ RunTime:0.000000s ]
INFO: [ app_init ] --END-- [ RunTime:0.000977s ]
ERR: 无法加载模块:Gb-show-id-2012

[ 2017-09-16T00:08:35+08:00 ] 42.236.99.23 /index.php?m=vod-play-id-2446-src-1-num-1.html
INFO: [ app_init ] --START--
INFO: Run Behavior\BuildLiteBehavior [ RunTime:0.000000s ]
INFO: [ app_init ] --END-- [ RunTime:0.000977s ]
ERR: 无法加载模块:Vod-play-id-2446-src-1-num-1.html

[ 2017-09-16T22:48:22+08:00 ] 42.236.99.65 /index.php?s=gb-show-id-442.html
INFO: [ app_init ] --START--
INFO: Run Behavior\BuildLiteBehavior [ RunTime:0.000000s ]
INFO: [ app_init ] --END-- [ RunTime:0.000976s ]
ERR: 无法加载模块:Gb-show-id-442

[ 2017-09-16T22:48:23+08:00 ] 42.236.99.130 /index.php?s=vod-play-id-617-sid-0-pid-1.html
INFO: [ app_init ] --START--
INFO: Run Behavior\BuildLiteBehavior [ RunTime:0.000000s ]
INFO: [ app_init ] --END-- [ RunTime:0.000977s ]
ERR: 无法加载模块:Vod-play-id-617-sid-0-pid-1

[ 2017-09-16T22:48:23+08:00 ] 42.236.12.190 /index.php?s=gb-show-id-33.html
INFO: [ app_init ] --START--
INFO: Run Behavior\BuildLiteBehavior [ RunTime:0.000000s ]
INFO: [ app_init ] --END-- [ RunTime:0.000976s ]
ERR: 无法加载模块:Gb-show-id-33

[ 2017-09-16T22:48:23+08:00 ] 42.236.99.23 /index.php?m=vod-play-id-2463-src-1-num-1.html
INFO: [ app_init ] --START--
INFO: Run Behavior\BuildLiteBehavior [ RunTime:0.000000s ]
INFO: [ app_init ] --END-- [ RunTime:0.000976s ]
ERR: 无法加载模块:Vod-play-id-2463-src-1-num-1.html

[ 2017-09-16T22:48:23+08:00 ] 42.236.12.190 /index.php?s=gb-show-id-2012.html
INFO: [ app_init ] --START--
INFO: Run Behavior\BuildLiteBehavior [ RunTime:0.000000s ]
INFO: [ app_init ] --END-- [ RunTime:0.000000s ]
ERR: 无法加载模块:Gb-show-id-2012

[ 2017-09-16T22:48:23+08:00 ] 42.236.12.190 /index.php?m=vod-play-id-2143-src-1-num-1.html
INFO: [ app_init ] --START--
INFO: Run Behavior\BuildLiteBehavior [ RunTime:0.000000s ]
INFO: [ app_init ] --END-- [ RunTime:0.000977s ]
ERR: 无法加载模块:Vod-play-id-2143-src-1-num-1.html

[ 2017-09-16T22:48:24+08:00 ] 42.236.99.23 /index.php?s=vod-play-id-631-sid-0-pid-1.html
INFO: [ app_init ] --START--
INFO: Run Behavior\BuildLiteBehavior [ RunTime:0.000000s ]
INFO: [ app_init ] --END-- [ RunTime:0.000976s ]
ERR: 无法加载模块:Vod-play-id-631-sid-0-pid-1

[ 2017-09-16T22:48:24+08:00 ] 180.153.232.170 /index.php?s=vod-play-id-1411-sid-0-pid-1.html
INFO: [ app_init ] --START--
INFO: Run Behavior\BuildLiteBehavior [ RunTime:0.000000s ]
INFO: [ app_init ] --END-- [ RunTime:0.000976s ]
ERR: 无法加载模块:Vod-play-id-1411-sid-0-pid-1

[ 2017-09-16T22:48:24+08:00 ] 42.236.12.130 /index.php?m=vod-list-id-2-pg-1-order--by--class-0-year--letter-Z-area--lang-.html
INFO: [ app_init ] --START--
INFO: Run Behavior\BuildLiteBehavior [ RunTime:0.000000s ]
INFO: [ app_init ] --END-- [ RunTime:0.000000s ]
ERR: 无法加载模块:Vod-list-id-2-pg-1-order--by--class-0-year--letter-Z-area--lang-.html

[ 2017-09-16T22:48:24+08:00 ] 42.236.12.130 /index.php?m=vod-list-id-2-pg-1-order--by--class-0-year-0-letter--area-%E4%BF%84%E7%BD%97%E6%96%AF-lang-.html
INFO: [ app_init ] --START--
INFO: Run Behavior\BuildLiteBehavior [ RunTime:0.000000s ]
INFO: [ app_init ] --END-- [ RunTime:0.000000s ]
ERR: 无法加载模块:Vod-list-id-2-pg-1-order--by--class-0-year-0-letter--area-俄罗斯-lang-.html

[ 2017-09-16T22:48:24+08:00 ] 42.236.99.230 /index.php?s=vod-play-id-1128-sid-0-pid-1.html
INFO: [ app_init ] --START--
INFO: Run Behavior\BuildLiteBehavior [ RunTime:0.000000s ]
INFO: [ app_init ] --END-- [ RunTime:0.000977s ]
ERR: 无法加载模块:Vod-play-id-1128-sid-0-pid-1

[ 2017-09-16T22:48:24+08:00 ] 42.236.54.2 /index.php?m=vod-list-id-4-pg-1-order--by--class-0-year-2009-letter--area-%E5%85%B6%E5%AE%83-lang-.html
INFO: [ app_init ] --START--
INFO: Run Behavior\BuildLiteBehavior [ RunTime:0.000000s ]
INFO: [ app_init ] --END-- [ RunTime:0.000977s ]
ERR: 无法加载模块:Vod-list-id-4-pg-1-order--by--class-0-year-2009-letter--area-其它-lang-.html

[ 2017-09-16T22:48:24+08:00 ] 42.236.99.37 /index.php?s=vod-play-id-186-sid-0-pid-1.html
INFO: [ app_init ] --START--
INFO: Run Behavior\BuildLiteBehavior [ RunTime:0.000000s ]
INFO: [ app_init ] --END-- [ RunTime:0.000976s ]
ERR: 无法加载模块:Vod-play-id-186-sid-0-pid-1

[ 2017-09-16T22:48:24+08:00 ] 42.236.99.178 /index.php?s=vod-play-id-1902-sid-0-pid-1.html
INFO: [ app_init ] --START--
INFO: Run Behavior\BuildLiteBehavior [ RunTime:0.000000s ]
INFO: [ app_init ] --END-- [ RunTime:0.000976s ]
ERR: 无法加载模块:Vod-play-id-1902-sid-0-pid-1

[ 2017-09-16T22:48:24+08:00 ] 42.236.12.130 /index.php?m=vod-play-id-134-src-1-num-1.html
INFO: [ app_init ] --START--
INFO: Run Behavior\BuildLiteBehavior [ RunTime:0.000000s ]
INFO: [ app_init ] --END-- [ RunTime:0.000000s ]
ERR: 无法加载模块:Vod-play-id-134-src-1-num-1.html

[ 2017-09-16T22:48:25+08:00 ] 180.153.236.67 /index.php?m=vod-play-id-2168-src-1-num-1.html
INFO: [ app_init ] --START--
INFO: Run Behavior\BuildLiteBehavior [ RunTime:0.000000s ]
INFO: [ app_init ] --END-- [ RunTime:0.000000s ]
ERR: 无法加载模块:Vod-play-id-2168-src-1-num-1.html

[ 2017-09-16T22:48:27+08:00 ] 180.153.236.35 /index.php?s=gb-show-id-911.html
INFO: [ app_init ] --START--
INFO: Run Behavior\BuildLiteBehavior [ RunTime:0.000000s ]
INFO: [ app_init ] --END-- [ RunTime:0.000976s ]
ERR: 无法加载模块:Gb-show-id-911

[ 2017-09-16T22:48:33+08:00 ] 180.153.236.19 /index.php?m=vod-list-id-4-pg-1-order--by--class-0-year-2008-letter-X-area--lang-.html
INFO: [ app_init ] --START--
INFO: Run Behavior\BuildLiteBehavior [ RunTime:0.000000s ]
INFO: [ app_init ] --END-- [ RunTime:0.000977s ]
ERR: 无法加载模块:Vod-list-id-4-pg-1-order--by--class-0-year-2008-letter-X-area--lang-.html

[ 2017-09-16T22:48:34+08:00 ] 180.153.236.117 /index.php?s=vod-play-id-344-sid-0-pid-1.html
INFO: [ app_init ] --START--
INFO: Run Behavior\BuildLiteBehavior [ RunTime:0.000000s ]
INFO: [ app_init ] --END-- [ RunTime:0.000976s ]
ERR: 无法加载模块:Vod-play-id-344-sid-0-pid-1

[ 2017-09-16T22:49:00+08:00 ] 180.153.236.19 /index.php?s=gb-show-id-1305.html
INFO: [ app_init ] --START--
INFO: Run Behavior\BuildLiteBehavior [ RunTime:0.000000s ]
INFO: [ app_init ] --END-- [ RunTime:0.000000s ]
ERR: 无法加载模块:Gb-show-id-1305

[ 2017-09-16T22:49:03+08:00 ] 180.153.236.189 /index.php?m=vod-search-pg-235-starring-yuanyuan-classid-1.html
INFO: [ app_init ] --START--
INFO: Run Behavior\BuildLiteBehavior [ RunTime:0.000000s ]
INFO: [ app_init ] --END-- [ RunTime:0.000977s ]
ERR: 无法加载模块:Vod-search-pg-235-starring-yuanyuan-classid-1.html

[ 2017-09-16T22:49:36+08:00 ] 180.153.236.165 /index.php?m=vod-play-id-2471-src-1-num-1.html
INFO: [ app_init ] --START--
INFO: Run Behavior\BuildLiteBehavior [ RunTime:0.000000s ]
INFO: [ app_init ] --END-- [ RunTime:0.000977s ]
ERR: 无法加载模块:Vod-play-id-2471-src-1-num-1.html

