[ 2017-07-17T03:50:20+08:00 ] 140.205.201.30 /index.php?m=member&c=index&a=register&siteid=1
INFO: [ app_init ] --START--
INFO: Run Behavior\BuildLiteBehavior [ RunTime:0.000000s ]
INFO: [ app_init ] --END-- [ RunTime:0.000000s ]
ERR: 无法加载模块:Member

[ 2017-07-17T03:50:21+08:00 ] 140.205.201.30 /index.php?m=wap&a=index&siteid=1
INFO: [ app_init ] --START--
INFO: Run Behavior\BuildLiteBehavior [ RunTime:0.000000s ]
INFO: [ app_init ] --END-- [ RunTime:0.000976s ]
ERR: 无法加载模块:Wap

[ 2017-07-17T11:20:49+08:00 ] 140.205.225.192 /index.php?m=member&c=index&a=register&siteid=1
INFO: [ app_init ] --START--
INFO: Run Behavior\BuildLiteBehavior [ RunTime:0.000000s ]
INFO: [ app_init ] --END-- [ RunTime:0.000977s ]
ERR: 无法加载模块:Member

[ 2017-07-17T11:22:20+08:00 ] 140.205.225.192 /index.php?m=wap&a=index&siteid=1
INFO: [ app_init ] --START--
INFO: Run Behavior\BuildLiteBehavior [ RunTime:0.000000s ]
INFO: [ app_init ] --END-- [ RunTime:0.000977s ]
ERR: 无法加载模块:Wap

[ 2017-07-17T20:15:13+08:00 ] 42.236.54.42 /index.php?m=vod-search-pg-238-starring-yuanyuan-classid-40.html
INFO: [ app_init ] --START--
INFO: Run Behavior\BuildLiteBehavior [ RunTime:0.000000s ]
INFO: [ app_init ] --END-- [ RunTime:0.000977s ]
ERR: 无法加载模块:Vod-search-pg-238-starring-yuanyuan-classid-40.html

[ 2017-07-17T20:15:13+08:00 ] 42.236.10.77 /index.php?s=vod-search-actor-%E5%B0%BC%E5%8F%A4%E6%8B%89%E6%96%AF%C2%B7%E5%87%AF%E5%A5%87.html
INFO: [ app_init ] --START--
INFO: Run Behavior\BuildLiteBehavior [ RunTime:0.000000s ]
INFO: [ app_init ] --END-- [ RunTime:0.000000s ]
ERR: 无法加载模块:Vod-search-actor-尼古拉斯·凯奇

[ 2017-07-17T20:15:13+08:00 ] 42.236.54.42 /index.php?s=gb-show-id-704.html
INFO: [ app_init ] --START--
INFO: Run Behavior\BuildLiteBehavior [ RunTime:0.000000s ]
INFO: [ app_init ] --END-- [ RunTime:0.000976s ]
ERR: 无法加载模块:Gb-show-id-704

[ 2017-07-17T20:15:13+08:00 ] 180.153.236.11 /index.php?s=gb-show-id-1484.html
INFO: [ app_init ] --START--
INFO: Run Behavior\BuildLiteBehavior [ RunTime:0.000000s ]
INFO: [ app_init ] --END-- [ RunTime:0.000977s ]
ERR: 无法加载模块:Gb-show-id-1484

[ 2017-07-17T20:15:13+08:00 ] 42.236.101.234 /index.php?s=gb-show-id-402.html
INFO: [ app_init ] --START--
INFO: Run Behavior\BuildLiteBehavior [ RunTime:0.000976s ]
INFO: [ app_init ] --END-- [ RunTime:0.000976s ]
ERR: 无法加载模块:Gb-show-id-402

[ 2017-07-17T20:15:13+08:00 ] 42.236.101.234 /index.php?s=vod-play-id-102-sid-0-pid-1.html
INFO: [ app_init ] --START--
INFO: Run Behavior\BuildLiteBehavior [ RunTime:0.000000s ]
INFO: [ app_init ] --END-- [ RunTime:0.000976s ]
ERR: 无法加载模块:Vod-play-id-102-sid-0-pid-1

[ 2017-07-17T20:15:14+08:00 ] 42.236.99.44 /index.php?s=gb-show-id-1202.html
INFO: [ app_init ] --START--
INFO: Run Behavior\BuildLiteBehavior [ RunTime:0.000000s ]
INFO: [ app_init ] --END-- [ RunTime:0.000977s ]
ERR: 无法加载模块:Gb-show-id-1202

[ 2017-07-17T20:15:14+08:00 ] 42.236.99.218 /index.php?s=gb-show-id-668.html
INFO: [ app_init ] --START--
INFO: Run Behavior\BuildLiteBehavior [ RunTime:0.000000s ]
INFO: [ app_init ] --END-- [ RunTime:0.000000s ]
ERR: 无法加载模块:Gb-show-id-668

[ 2017-07-17T20:15:14+08:00 ] 180.153.236.149 /index.php?m=vod-play-id-2421-src-1-num-1.html
INFO: [ app_init ] --START--
INFO: Run Behavior\BuildLiteBehavior [ RunTime:0.000000s ]
INFO: [ app_init ] --END-- [ RunTime:0.000000s ]
ERR: 无法加载模块:Vod-play-id-2421-src-1-num-1.html

[ 2017-07-17T20:15:14+08:00 ] 42.236.99.72 /index.php?s=gb-show-id-271.html
INFO: [ app_init ] --START--
INFO: Run Behavior\BuildLiteBehavior [ RunTime:0.000000s ]
INFO: [ app_init ] --END-- [ RunTime:0.000000s ]
ERR: 无法加载模块:Gb-show-id-271

[ 2017-07-17T20:15:14+08:00 ] 42.236.99.206 /index.php?s=vod-play-id-812-sid-0-pid-1.html
INFO: [ app_init ] --START--
INFO: Run Behavior\BuildLiteBehavior [ RunTime:0.000000s ]
INFO: [ app_init ] --END-- [ RunTime:0.000976s ]
ERR: 无法加载模块:Vod-play-id-812-sid-0-pid-1

[ 2017-07-17T20:15:14+08:00 ] 42.236.99.79 /index.php?m=vod-play-id-1166-src-1-num-1.html
INFO: [ app_init ] --START--
INFO: Run Behavior\BuildLiteBehavior [ RunTime:0.000000s ]
INFO: [ app_init ] --END-- [ RunTime:0.000000s ]
ERR: 无法加载模块:Vod-play-id-1166-src-1-num-1.html

[ 2017-07-17T20:15:14+08:00 ] 42.236.99.65 /index.php?s=vod-play-id-1714-sid-0-pid-1.html
INFO: [ app_init ] --START--
INFO: Run Behavior\BuildLiteBehavior [ RunTime:0.000000s ]
INFO: [ app_init ] --END-- [ RunTime:0.000976s ]
ERR: 无法加载模块:Vod-play-id-1714-sid-0-pid-1

[ 2017-07-17T20:15:14+08:00 ] 42.236.10.71 /index.php?m=vod-list-id-2-pg-1-order--by--class-17-year-0-letter-E-area--lang-.html
INFO: [ app_init ] --START--
INFO: Run Behavior\BuildLiteBehavior [ RunTime:0.000000s ]
INFO: [ app_init ] --END-- [ RunTime:0.000977s ]
ERR: 无法加载模块:Vod-list-id-2-pg-1-order--by--class-17-year-0-letter-E-area--lang-.html

[ 2017-07-17T20:15:14+08:00 ] 42.236.10.74 /index.php?m=vod-list-id-5-pg-1-order--by--class-0-year-0-letter-F-area-%E8%8B%B1%E5%9B%BD-lang-.html
INFO: [ app_init ] --START--
INFO: Run Behavior\BuildLiteBehavior [ RunTime:0.000000s ]
INFO: [ app_init ] --END-- [ RunTime:0.000977s ]
ERR: 无法加载模块:Vod-list-id-5-pg-1-order--by--class-0-year-0-letter-F-area-英国-lang-.html

[ 2017-07-17T20:15:15+08:00 ] 42.236.54.22 /index.php?m=vod-search-pg-238-starring-yuanyuan-classid-43.html
INFO: [ app_init ] --START--
INFO: Run Behavior\BuildLiteBehavior [ RunTime:0.000000s ]
INFO: [ app_init ] --END-- [ RunTime:0.000000s ]
ERR: 无法加载模块:Vod-search-pg-238-starring-yuanyuan-classid-43.html

[ 2017-07-17T20:15:15+08:00 ] 42.236.54.42 /index.php?m=vod-list-id-5-pg-1-order--by--class-0-year-0-letter-G-area-%E4%BF%84%E7%BD%97%E6%96%AF-lang-.html
INFO: [ app_init ] --START--
INFO: Run Behavior\BuildLiteBehavior [ RunTime:0.000000s ]
INFO: [ app_init ] --END-- [ RunTime:0.000976s ]
ERR: 无法加载模块:Vod-list-id-5-pg-1-order--by--class-0-year-0-letter-G-area-俄罗斯-lang-.html

[ 2017-07-17T20:15:37+08:00 ] 180.153.236.181 /index.php?m=vod-play-id-2109-src-1-num-1.html
INFO: [ app_init ] --START--
INFO: Run Behavior\BuildLiteBehavior [ RunTime:0.000000s ]
INFO: [ app_init ] --END-- [ RunTime:0.000977s ]
ERR: 无法加载模块:Vod-play-id-2109-src-1-num-1.html

[ 2017-07-17T22:40:18+08:00 ] 140.205.225.201 /index.php?m=member&c=index&a=register&siteid=1
INFO: [ app_init ] --START--
INFO: Run Behavior\BuildLiteBehavior [ RunTime:0.000000s ]
INFO: [ app_init ] --END-- [ RunTime:0.000977s ]
ERR: 无法加载模块:Member

[ 2017-07-17T22:40:20+08:00 ] 140.205.225.201 /index.php?m=wap&a=index&siteid=1
INFO: [ app_init ] --START--
INFO: Run Behavior\BuildLiteBehavior [ RunTime:0.000000s ]
INFO: [ app_init ] --END-- [ RunTime:0.000000s ]
ERR: 无法加载模块:Wap

