[ 2017-06-21T12:22:48+08:00 ] 42.236.10.79 /index.php?s=vod-play-id-72-sid-0-pid-1.html
INFO: [ app_init ] --START--
INFO: Run Behavior\BuildLiteBehavior [ RunTime:0.000000s ]
INFO: [ app_init ] --END-- [ RunTime:0.000977s ]
ERR: 无法加载模块:Vod-play-id-72-sid-0-pid-1

[ 2017-06-21T12:22:48+08:00 ] 42.236.10.81 /index.php?m=vod-list-id-2-pg-1-order--by--class--year-0-letter--area--lang-.html
INFO: [ app_init ] --START--
INFO: Run Behavior\BuildLiteBehavior [ RunTime:0.000000s ]
INFO: [ app_init ] --END-- [ RunTime:0.000000s ]
ERR: 无法加载模块:Vod-list-id-2-pg-1-order--by--class--year-0-letter--area--lang-.html

[ 2017-06-21T12:22:48+08:00 ] 42.236.10.115 /index.php?m=vod-play-id-1069-src-1-num-1.html
INFO: [ app_init ] --START--
INFO: Run Behavior\BuildLiteBehavior [ RunTime:0.000000s ]
INFO: [ app_init ] --END-- [ RunTime:0.000976s ]
ERR: 无法加载模块:Vod-play-id-1069-src-1-num-1.html

[ 2017-06-21T12:22:49+08:00 ] 42.236.10.110 /index.php?s=gb-show-id-223.html
INFO: [ app_init ] --START--
INFO: Run Behavior\BuildLiteBehavior [ RunTime:0.000000s ]
INFO: [ app_init ] --END-- [ RunTime:0.000977s ]
ERR: 无法加载模块:Gb-show-id-223

[ 2017-06-21T12:22:49+08:00 ] 42.236.10.77 /index.php?m=vod-play-id-2123-src-1-num-1.html
INFO: [ app_init ] --START--
INFO: Run Behavior\BuildLiteBehavior [ RunTime:0.000000s ]
INFO: [ app_init ] --END-- [ RunTime:0.000000s ]
ERR: 无法加载模块:Vod-play-id-2123-src-1-num-1.html

[ 2017-06-21T12:22:49+08:00 ] 42.236.10.100 /index.php?m=vod-play-id-2455-src-1-num-1.html
INFO: [ app_init ] --START--
INFO: Run Behavior\BuildLiteBehavior [ RunTime:0.000000s ]
INFO: [ app_init ] --END-- [ RunTime:0.000976s ]
ERR: 无法加载模块:Vod-play-id-2455-src-1-num-1.html

[ 2017-06-21T12:23:49+08:00 ] 180.153.236.173 /index.php?s=vod-play-id-806-sid-0-pid-1.html
INFO: [ app_init ] --START--
INFO: Run Behavior\BuildLiteBehavior [ RunTime:0.000000s ]
INFO: [ app_init ] --END-- [ RunTime:0.000000s ]
ERR: 无法加载模块:Vod-play-id-806-sid-0-pid-1

