[ 2017-07-23T05:04:25+08:00 ] 180.153.236.19 /index.php?m=vod-play-id-2426-src-1-num-1.html
INFO: [ app_init ] --START--
INFO: Run Behavior\BuildLiteBehavior [ RunTime:0.000000s ]
INFO: [ app_init ] --END-- [ RunTime:0.000976s ]
ERR: 无法加载模块:Vod-play-id-2426-src-1-num-1.html

[ 2017-07-23T05:04:25+08:00 ] 42.236.10.76 /index.php?m=vod-play-id-2111-src-1-num-1.html
INFO: [ app_init ] --START--
INFO: Run Behavior\BuildLiteBehavior [ RunTime:0.000000s ]
INFO: [ app_init ] --END-- [ RunTime:0.000976s ]
ERR: 无法加载模块:Vod-play-id-2111-src-1-num-1.html

[ 2017-07-23T05:04:25+08:00 ] 42.236.99.72 /index.php?s=gb-show-id-727.html
INFO: [ app_init ] --START--
INFO: Run Behavior\BuildLiteBehavior [ RunTime:0.000000s ]
INFO: [ app_init ] --END-- [ RunTime:0.000000s ]
ERR: 无法加载模块:Gb-show-id-727

[ 2017-07-23T05:04:25+08:00 ] 42.236.99.9 /index.php?s=gb-show-id-1212.html
INFO: [ app_init ] --START--
INFO: Run Behavior\BuildLiteBehavior [ RunTime:0.000000s ]
INFO: [ app_init ] --END-- [ RunTime:0.000977s ]
ERR: 无法加载模块:Gb-show-id-1212

[ 2017-07-23T05:04:25+08:00 ] 42.236.55.21 /index.php?s=gb-show-id-307.html
INFO: [ app_init ] --START--
INFO: Run Behavior\BuildLiteBehavior [ RunTime:0.000000s ]
INFO: [ app_init ] --END-- [ RunTime:0.000000s ]
ERR: 无法加载模块:Gb-show-id-307

[ 2017-07-23T05:04:26+08:00 ] 42.236.10.76 /index.php?s=vod-play-id-517-sid-0-pid-1.html
INFO: [ app_init ] --START--
INFO: Run Behavior\BuildLiteBehavior [ RunTime:0.000000s ]
INFO: [ app_init ] --END-- [ RunTime:0.000977s ]
ERR: 无法加载模块:Vod-play-id-517-sid-0-pid-1

[ 2017-07-23T05:04:26+08:00 ] 180.153.236.165 /index.php?m=vod-list-id-4-pg-1-order--by--class-0-year-2007-letter--area--lang-.html
INFO: [ app_init ] --START--
INFO: Run Behavior\BuildLiteBehavior [ RunTime:0.000000s ]
INFO: [ app_init ] --END-- [ RunTime:0.000976s ]
ERR: 无法加载模块:Vod-list-id-4-pg-1-order--by--class-0-year-2007-letter--area--lang-.html

[ 2017-07-23T05:04:26+08:00 ] 42.236.46.85 /index.php?s=vod-play-id-705-sid-0-pid-1.html
INFO: [ app_init ] --START--
INFO: Run Behavior\BuildLiteBehavior [ RunTime:0.000000s ]
INFO: [ app_init ] --END-- [ RunTime:0.000000s ]
ERR: 无法加载模块:Vod-play-id-705-sid-0-pid-1

[ 2017-07-23T05:04:27+08:00 ] 42.236.99.178 /index.php?m=vod-list-id-2-pg-1-order--by--class-17-year-0-letter-I-area--lang-.html
INFO: [ app_init ] --START--
INFO: Run Behavior\BuildLiteBehavior [ RunTime:0.000000s ]
INFO: [ app_init ] --END-- [ RunTime:0.000977s ]
ERR: 无法加载模块:Vod-list-id-2-pg-1-order--by--class-17-year-0-letter-I-area--lang-.html

[ 2017-07-23T05:04:27+08:00 ] 42.236.12.150 /index.php?s=vod-play-id-1044-sid-0-pid-1.html
INFO: [ app_init ] --START--
INFO: Run Behavior\BuildLiteBehavior [ RunTime:0.000000s ]
INFO: [ app_init ] --END-- [ RunTime:0.000977s ]
ERR: 无法加载模块:Vod-play-id-1044-sid-0-pid-1

[ 2017-07-23T05:04:48+08:00 ] 180.153.236.109 /index.php?s=gb-show-id-1969.html
INFO: [ app_init ] --START--
INFO: Run Behavior\BuildLiteBehavior [ RunTime:0.000000s ]
INFO: [ app_init ] --END-- [ RunTime:0.000000s ]
ERR: 无法加载模块:Gb-show-id-1969

