[ 2017-07-29T13:55:49+08:00 ] 42.236.103.106 /index.php?m=vod-list-id-2-pg-1-order--by--class--year-2010-letter--area-%E9%9F%A9%E5%9B%BD-lang-.html
INFO: [ app_init ] --START--
INFO: Run Behavior\BuildLiteBehavior [ RunTime:0.000000s ]
INFO: [ app_init ] --END-- [ RunTime:0.000977s ]
ERR: 无法加载模块:Vod-list-id-2-pg-1-order--by--class--year-2010-letter--area-韩国-lang-.html

[ 2017-07-29T13:55:49+08:00 ] 42.236.99.130 /index.php?m=vod-list-id-4-pg-1-order--by--class-0-year-2007-letter-I-area--lang-.html
INFO: [ app_init ] --START--
INFO: Run Behavior\BuildLiteBehavior [ RunTime:0.000976s ]
INFO: [ app_init ] --END-- [ RunTime:0.001953s ]
ERR: 无法加载模块:Vod-list-id-4-pg-1-order--by--class-0-year-2007-letter-I-area--lang-.html

[ 2017-07-29T13:55:49+08:00 ] 42.236.103.66 /index.php?s=vod-play-id-107-sid-0-pid-1.html
INFO: [ app_init ] --START--
INFO: Run Behavior\BuildLiteBehavior [ RunTime:0.000000s ]
INFO: [ app_init ] --END-- [ RunTime:0.000977s ]
ERR: 无法加载模块:Vod-play-id-107-sid-0-pid-1

[ 2017-07-29T13:55:49+08:00 ] 42.236.99.30 /index.php?s=gb-show-id-327.html
INFO: [ app_init ] --START--
INFO: Run Behavior\BuildLiteBehavior [ RunTime:0.000000s ]
INFO: [ app_init ] --END-- [ RunTime:0.000976s ]
ERR: 无法加载模块:Gb-show-id-327

[ 2017-07-29T13:55:49+08:00 ] 180.153.236.165 /index.php?s=gb-show-id-356.html
INFO: [ app_init ] --START--
INFO: Run Behavior\BuildLiteBehavior [ RunTime:0.000000s ]
INFO: [ app_init ] --END-- [ RunTime:0.000977s ]
ERR: 无法加载模块:Gb-show-id-356

[ 2017-07-29T13:55:49+08:00 ] 42.236.54.22 /index.php?s=gb-show-id-742.html
INFO: [ app_init ] --START--
INFO: Run Behavior\BuildLiteBehavior [ RunTime:0.000000s ]
INFO: [ app_init ] --END-- [ RunTime:0.000977s ]
ERR: 无法加载模块:Gb-show-id-742

[ 2017-07-29T13:55:49+08:00 ] 42.236.54.22 /index.php?m=vod-play-id-2131-src-1-num-1.html
INFO: [ app_init ] --START--
INFO: Run Behavior\BuildLiteBehavior [ RunTime:0.000000s ]
INFO: [ app_init ] --END-- [ RunTime:0.000976s ]
ERR: 无法加载模块:Vod-play-id-2131-src-1-num-1.html

[ 2017-07-29T13:55:50+08:00 ] 42.236.12.130 /index.php?m=vod-play-id-2434-src-1-num-1.html
INFO: [ app_init ] --START--
INFO: Run Behavior\BuildLiteBehavior [ RunTime:0.000000s ]
INFO: [ app_init ] --END-- [ RunTime:0.000976s ]
ERR: 无法加载模块:Vod-play-id-2434-src-1-num-1.html

[ 2017-07-29T13:55:50+08:00 ] 42.236.103.106 /index.php?m=vod-play-id-1255-src-1-num-1.html
INFO: [ app_init ] --START--
INFO: Run Behavior\BuildLiteBehavior [ RunTime:0.000000s ]
INFO: [ app_init ] --END-- [ RunTime:0.000976s ]
ERR: 无法加载模块:Vod-play-id-1255-src-1-num-1.html

[ 2017-07-29T13:55:50+08:00 ] 42.236.46.85 /index.php?s=vod-play-id-1745-sid-0-pid-1.html
INFO: [ app_init ] --START--
INFO: Run Behavior\BuildLiteBehavior [ RunTime:0.000000s ]
INFO: [ app_init ] --END-- [ RunTime:0.000976s ]
ERR: 无法加载模块:Vod-play-id-1745-sid-0-pid-1

[ 2017-07-29T13:55:50+08:00 ] 42.236.103.106 /index.php?s=vod-play-id-1770-sid-0-pid-1.html
INFO: [ app_init ] --START--
INFO: Run Behavior\BuildLiteBehavior [ RunTime:0.000000s ]
INFO: [ app_init ] --END-- [ RunTime:0.000976s ]
ERR: 无法加载模块:Vod-play-id-1770-sid-0-pid-1

[ 2017-07-29T13:55:50+08:00 ] 180.153.234.145 /index.php?s=gb-show-id-1245.html
INFO: [ app_init ] --START--
INFO: Run Behavior\BuildLiteBehavior [ RunTime:0.000000s ]
INFO: [ app_init ] --END-- [ RunTime:0.000000s ]
ERR: 无法加载模块:Gb-show-id-1245

[ 2017-07-29T13:55:50+08:00 ] 42.236.102.3 /index.php?s=vod-play-id-538-sid-0-pid-1.html
INFO: [ app_init ] --START--
INFO: Run Behavior\BuildLiteBehavior [ RunTime:0.000000s ]
INFO: [ app_init ] --END-- [ RunTime:0.000976s ]
ERR: 无法加载模块:Vod-play-id-538-sid-0-pid-1

[ 2017-07-29T13:55:50+08:00 ] 180.153.236.157 /index.php?m=vod-search-pg-2-year-2008-starring-yuanyuan.html
INFO: [ app_init ] --START--
INFO: Run Behavior\BuildLiteBehavior [ RunTime:0.000000s ]
INFO: [ app_init ] --END-- [ RunTime:0.001953s ]
ERR: 无法加载模块:Vod-search-pg-2-year-2008-starring-yuanyuan.html

