[ 2017-05-23T00:08:08+08:00 ] 140.205.201.45 /index.php?m=wap&a=index&siteid=1
INFO: [ app_init ] --START--
INFO: Run Behavior\BuildLiteBehavior [ RunTime:0.000000s ]
INFO: [ app_init ] --END-- [ RunTime:0.000976s ]
ERR: 无法加载模块:Wap

[ 2017-05-23T07:19:57+08:00 ] 151.80.44.115 /index.php?s=vod-search-area-%E5%8A%A0%E6%8B%BF%E5%A4%A7.html
INFO: [ app_init ] --START--
INFO: Run Behavior\BuildLiteBehavior [ RunTime:0.000000s ]
INFO: [ app_init ] --END-- [ RunTime:0.000977s ]
ERR: 无法加载模块:Vod-search-area-加拿大

[ 2017-05-23T11:27:57+08:00 ] 140.205.225.189 /index.php?m=member&c=index&a=register&siteid=1
INFO: [ app_init ] --START--
INFO: Run Behavior\BuildLiteBehavior [ RunTime:0.000000s ]
INFO: [ app_init ] --END-- [ RunTime:0.000000s ]
ERR: 无法加载模块:Member

[ 2017-05-23T11:27:59+08:00 ] 140.205.225.189 /index.php?m=wap&a=index&siteid=1
INFO: [ app_init ] --START--
INFO: Run Behavior\BuildLiteBehavior [ RunTime:0.000000s ]
INFO: [ app_init ] --END-- [ RunTime:0.000976s ]
ERR: 无法加载模块:Wap

[ 2017-05-23T14:52:45+08:00 ] 42.236.12.170 /index.php?s=gb-show-id-277.html
INFO: [ app_init ] --START--
INFO: Run Behavior\BuildLiteBehavior [ RunTime:0.000000s ]
INFO: [ app_init ] --END-- [ RunTime:0.000977s ]
ERR: 无法加载模块:Gb-show-id-277

[ 2017-05-23T14:52:47+08:00 ] 42.236.12.170 /index.php?m=vod-play-id-130-src-1-num-1.html
INFO: [ app_init ] --START--
INFO: Run Behavior\BuildLiteBehavior [ RunTime:0.000000s ]
INFO: [ app_init ] --END-- [ RunTime:0.000977s ]
ERR: 无法加载模块:Vod-play-id-130-src-1-num-1.html

[ 2017-05-23T14:52:48+08:00 ] 42.236.10.109 /index.php?m=vod-play-id-2289-src-1-num-1.html
INFO: [ app_init ] --START--
INFO: Run Behavior\BuildLiteBehavior [ RunTime:0.000000s ]
INFO: [ app_init ] --END-- [ RunTime:0.000977s ]
ERR: 无法加载模块:Vod-play-id-2289-src-1-num-1.html

[ 2017-05-23T14:52:48+08:00 ] 42.236.99.178 /index.php?m=vod-list-id-1-pg-1-order--by-time-class-0-year-0-letter-L-area--lang-.html
INFO: [ app_init ] --START--
INFO: Run Behavior\BuildLiteBehavior [ RunTime:0.000000s ]
INFO: [ app_init ] --END-- [ RunTime:0.000000s ]
ERR: 无法加载模块:Vod-list-id-1-pg-1-order--by-time-class-0-year-0-letter-L-area--lang-.html

[ 2017-05-23T14:52:48+08:00 ] 42.236.99.206 /index.php?s=gb-show-id-167.html
INFO: [ app_init ] --START--
INFO: Run Behavior\BuildLiteBehavior [ RunTime:0.000000s ]
INFO: [ app_init ] --END-- [ RunTime:0.000976s ]
ERR: 无法加载模块:Gb-show-id-167

[ 2017-05-23T14:52:49+08:00 ] 42.236.99.72 /index.php?m=vod-list-id-7-pg-1-order--by--class--year--letter--area-%E9%A6%99%E6%B8%AF-lang-.html
INFO: [ app_init ] --START--
INFO: Run Behavior\BuildLiteBehavior [ RunTime:0.000000s ]
INFO: [ app_init ] --END-- [ RunTime:0.000000s ]
ERR: 无法加载模块:Vod-list-id-7-pg-1-order--by--class--year--letter--area-香港-lang-.html

[ 2017-05-23T14:52:51+08:00 ] 42.236.10.107 /index.php?s=vod-play-id-797-sid-0-pid-1.html
INFO: [ app_init ] --START--
INFO: Run Behavior\BuildLiteBehavior [ RunTime:0.000000s ]
INFO: [ app_init ] --END-- [ RunTime:0.000000s ]
ERR: 无法加载模块:Vod-play-id-797-sid-0-pid-1

[ 2017-05-23T14:52:52+08:00 ] 180.153.232.170 /index.php?m=vod-play-id-2264-src-1-num-1.html
INFO: [ app_init ] --START--
INFO: Run Behavior\BuildLiteBehavior [ RunTime:0.000000s ]
INFO: [ app_init ] --END-- [ RunTime:0.000000s ]
ERR: 无法加载模块:Vod-play-id-2264-src-1-num-1.html

[ 2017-05-23T14:52:54+08:00 ] 42.236.99.242 /index.php?m=vod-list-id-2-pg-1-order--by--class--year-2000-letter--area--lang-.html
INFO: [ app_init ] --START--
INFO: Run Behavior\BuildLiteBehavior [ RunTime:0.000000s ]
INFO: [ app_init ] --END-- [ RunTime:0.000976s ]
ERR: 无法加载模块:Vod-list-id-2-pg-1-order--by--class--year-2000-letter--area--lang-.html

[ 2017-05-23T14:52:57+08:00 ] 180.153.232.170 /index.php?s=gb-show-p-2347.html
INFO: [ app_init ] --START--
INFO: Run Behavior\BuildLiteBehavior [ RunTime:0.000000s ]
INFO: [ app_init ] --END-- [ RunTime:0.000977s ]
ERR: 无法加载模块:Gb-show-p-2347

[ 2017-05-23T14:52:57+08:00 ] 42.236.46.85 /index.php?m=vod-play-id-57-src-1-num-1.html
INFO: [ app_init ] --START--
INFO: Run Behavior\BuildLiteBehavior [ RunTime:0.000000s ]
INFO: [ app_init ] --END-- [ RunTime:0.000976s ]
ERR: 无法加载模块:Vod-play-id-57-src-1-num-1.html

[ 2017-05-23T14:52:58+08:00 ] 42.236.99.23 /index.php?m=vod-play-id-1014-src-1-num-1.html
INFO: [ app_init ] --START--
INFO: Run Behavior\BuildLiteBehavior [ RunTime:0.000000s ]
INFO: [ app_init ] --END-- [ RunTime:0.000977s ]
ERR: 无法加载模块:Vod-play-id-1014-src-1-num-1.html

[ 2017-05-23T14:52:58+08:00 ] 42.236.102.23 /index.php?m=vod-list-id-4-pg-1-order--by--class-0-year-2005-letter-O-area--lang-.html
INFO: [ app_init ] --START--
INFO: Run Behavior\BuildLiteBehavior [ RunTime:0.000000s ]
INFO: [ app_init ] --END-- [ RunTime:0.000000s ]
ERR: 无法加载模块:Vod-list-id-4-pg-1-order--by--class-0-year-2005-letter-O-area--lang-.html

[ 2017-05-23T14:52:59+08:00 ] 42.236.10.110 /index.php?m=vod-list-id-7-pg-1-order--by--class--year--letter--area-%E6%97%A5%E6%9C%AC-lang-.html
INFO: [ app_init ] --START--
INFO: Run Behavior\BuildLiteBehavior [ RunTime:0.000000s ]
INFO: [ app_init ] --END-- [ RunTime:0.000000s ]
ERR: 无法加载模块:Vod-list-id-7-pg-1-order--by--class--year--letter--area-日本-lang-.html

[ 2017-05-23T14:52:59+08:00 ] 42.236.54.22 /index.php?m=vod-play-id-1716-src-1-num-1.html
INFO: [ app_init ] --START--
INFO: Run Behavior\BuildLiteBehavior [ RunTime:0.000000s ]
INFO: [ app_init ] --END-- [ RunTime:0.000976s ]
ERR: 无法加载模块:Vod-play-id-1716-src-1-num-1.html

[ 2017-05-23T14:53:01+08:00 ] 42.236.99.9 /index.php?s=vod-play-id-712-sid-0-pid-1.html
INFO: [ app_init ] --START--
INFO: Run Behavior\BuildLiteBehavior [ RunTime:0.000000s ]
INFO: [ app_init ] --END-- [ RunTime:0.000000s ]
ERR: 无法加载模块:Vod-play-id-712-sid-0-pid-1

[ 2017-05-23T14:53:02+08:00 ] 42.236.99.58 /index.php?m=vod-play-id-1983-src-1-num-1.html
INFO: [ app_init ] --START--
INFO: Run Behavior\BuildLiteBehavior [ RunTime:0.000000s ]
INFO: [ app_init ] --END-- [ RunTime:0.000000s ]
ERR: 无法加载模块:Vod-play-id-1983-src-1-num-1.html

[ 2017-05-23T14:53:02+08:00 ] 42.236.10.71 /index.php?m=vod-play-id-1073-src-1-num-1.html
INFO: [ app_init ] --START--
INFO: Run Behavior\BuildLiteBehavior [ RunTime:0.000000s ]
INFO: [ app_init ] --END-- [ RunTime:0.000977s ]
ERR: 无法加载模块:Vod-play-id-1073-src-1-num-1.html

[ 2017-05-23T14:53:02+08:00 ] 42.236.99.9 /index.php?s=vod-play-id-1381-sid-0-pid-1.html
INFO: [ app_init ] --START--
INFO: Run Behavior\BuildLiteBehavior [ RunTime:0.000000s ]
INFO: [ app_init ] --END-- [ RunTime:0.000976s ]
ERR: 无法加载模块:Vod-play-id-1381-sid-0-pid-1

[ 2017-05-23T14:53:03+08:00 ] 42.236.101.194 /index.php?m=vod-play-id-230-src-1-num-1.html
INFO: [ app_init ] --START--
INFO: Run Behavior\BuildLiteBehavior [ RunTime:0.000000s ]
INFO: [ app_init ] --END-- [ RunTime:0.000000s ]
ERR: 无法加载模块:Vod-play-id-230-src-1-num-1.html

[ 2017-05-23T14:53:03+08:00 ] 180.153.236.173 /index.php?m=vod-play-id-964-src-1-num-1.html
INFO: [ app_init ] --START--
INFO: Run Behavior\BuildLiteBehavior [ RunTime:0.000000s ]
INFO: [ app_init ] --END-- [ RunTime:0.000977s ]
ERR: 无法加载模块:Vod-play-id-964-src-1-num-1.html

[ 2017-05-23T14:53:05+08:00 ] 42.236.99.242 /index.php?m=vod-play-id-2359-src-1-num-1.html
INFO: [ app_init ] --START--
INFO: Run Behavior\BuildLiteBehavior [ RunTime:0.000000s ]
INFO: [ app_init ] --END-- [ RunTime:0.000976s ]
ERR: 无法加载模块:Vod-play-id-2359-src-1-num-1.html

