[ 2017-05-03T03:11:20+08:00 ] 42.236.99.72 /index.php?m=vod-play-id-2285-src-1-num-1.html
INFO: [ app_init ] --START--
INFO: Run Behavior\BuildLiteBehavior [ RunTime:0.000000s ]
INFO: [ app_init ] --END-- [ RunTime:0.000977s ]
ERR: 无法加载模块:Vod-play-id-2285-src-1-num-1.html

[ 2017-05-03T03:11:20+08:00 ] 42.236.10.111 /index.php?m=vod-play-id-1577-src-1-num-1.html
INFO: [ app_init ] --START--
INFO: Run Behavior\BuildLiteBehavior [ RunTime:0.000000s ]
INFO: [ app_init ] --END-- [ RunTime:0.000976s ]
ERR: 无法加载模块:Vod-play-id-1577-src-1-num-1.html

[ 2017-05-03T03:11:20+08:00 ] 42.236.99.242 /index.php?m=vod-play-id-569-src-1-num-1.html
INFO: [ app_init ] --START--
INFO: Run Behavior\BuildLiteBehavior [ RunTime:0.000000s ]
INFO: [ app_init ] --END-- [ RunTime:0.000976s ]
ERR: 无法加载模块:Vod-play-id-569-src-1-num-1.html

[ 2017-05-03T03:11:20+08:00 ] 42.236.10.78 /index.php?m=vod-list-id-4-pg-1-order--by--class-0-year-2005-letter--area-%E5%8D%B0%E5%BA%A6-lang-.html
INFO: [ app_init ] --START--
INFO: Run Behavior\BuildLiteBehavior [ RunTime:0.000000s ]
INFO: [ app_init ] --END-- [ RunTime:0.000977s ]
ERR: 无法加载模块:Vod-list-id-4-pg-1-order--by--class-0-year-2005-letter--area-印度-lang-.html

[ 2017-05-03T03:11:20+08:00 ] 42.236.10.80 /index.php?s=vod-play-id-1380-sid-0-pid-1.html
INFO: [ app_init ] --START--
INFO: Run Behavior\BuildLiteBehavior [ RunTime:0.000000s ]
INFO: [ app_init ] --END-- [ RunTime:0.000976s ]
ERR: 无法加载模块:Vod-play-id-1380-sid-0-pid-1

[ 2017-05-03T03:11:21+08:00 ] 42.236.99.37 /index.php?m=vod-list-id-7-pg-1-order--by--class--year-2006-letter--area--lang-.html
INFO: [ app_init ] --START--
INFO: Run Behavior\BuildLiteBehavior [ RunTime:0.000000s ]
INFO: [ app_init ] --END-- [ RunTime:0.000000s ]
ERR: 无法加载模块:Vod-list-id-7-pg-1-order--by--class--year-2006-letter--area--lang-.html

[ 2017-05-03T03:11:21+08:00 ] 42.236.99.37 /index.php?m=vod-play-id-263-src-1-num-1.html
INFO: [ app_init ] --START--
INFO: Run Behavior\BuildLiteBehavior [ RunTime:0.000000s ]
INFO: [ app_init ] --END-- [ RunTime:0.000977s ]
ERR: 无法加载模块:Vod-play-id-263-src-1-num-1.html

[ 2017-05-03T03:11:21+08:00 ] 42.236.99.142 /index.php?m=vod-list-id-1-pg-1-order--by-time-class-0-year-0-letter--area-%E9%9F%A9%E5%9B%BD-lang-.html
INFO: [ app_init ] --START--
INFO: Run Behavior\BuildLiteBehavior [ RunTime:0.000000s ]
INFO: [ app_init ] --END-- [ RunTime:0.000976s ]
ERR: 无法加载模块:Vod-list-id-1-pg-1-order--by-time-class-0-year-0-letter--area-韩国-lang-.html

[ 2017-05-03T03:11:21+08:00 ] 42.236.10.85 /index.php?s=gb-show-id-1400.html
INFO: [ app_init ] --START--
INFO: Run Behavior\BuildLiteBehavior [ RunTime:0.000000s ]
INFO: [ app_init ] --END-- [ RunTime:0.000976s ]
ERR: 无法加载模块:Gb-show-id-1400

[ 2017-05-03T03:11:21+08:00 ] 42.236.99.65 /index.php?s=gb-show-id-245.html
INFO: [ app_init ] --START--
INFO: Run Behavior\BuildLiteBehavior [ RunTime:0.000000s ]
INFO: [ app_init ] --END-- [ RunTime:0.000977s ]
ERR: 无法加载模块:Gb-show-id-245

[ 2017-05-03T03:11:21+08:00 ] 42.236.99.206 /index.php?m=vod-play-id-1713-src-1-num-1.html
INFO: [ app_init ] --START--
INFO: Run Behavior\BuildLiteBehavior [ RunTime:0.000000s ]
INFO: [ app_init ] --END-- [ RunTime:0.000000s ]
ERR: 无法加载模块:Vod-play-id-1713-src-1-num-1.html

[ 2017-05-03T03:11:21+08:00 ] 42.236.10.112 /index.php?s=gb-show-p-2345.html
INFO: [ app_init ] --START--
INFO: Run Behavior\BuildLiteBehavior [ RunTime:0.000000s ]
INFO: [ app_init ] --END-- [ RunTime:0.000976s ]
ERR: 无法加载模块:Gb-show-p-2345

[ 2017-05-03T03:11:21+08:00 ] 42.236.99.9 /index.php?m=vod-search-pg-2-starring-yuanyuan-classid-7.html
INFO: [ app_init ] --START--
INFO: Run Behavior\BuildLiteBehavior [ RunTime:0.000000s ]
INFO: [ app_init ] --END-- [ RunTime:0.000976s ]
ERR: 无法加载模块:Vod-search-pg-2-starring-yuanyuan-classid-7.html

[ 2017-05-03T20:50:36+08:00 ] 66.249.64.185 /index.php?s=vod-play-id-2032-sid-0-pid-1.html
INFO: [ app_init ] --START--
INFO: Run Behavior\BuildLiteBehavior [ RunTime:0.000000s ]
INFO: [ app_init ] --END-- [ RunTime:0.000000s ]
ERR: 无法加载模块:Vod-play-id-2032-sid-0-pid-1

[ 2017-05-03T21:26:04+08:00 ] 66.249.64.189 /index.php?s=gb-show-p-3420.html
INFO: [ app_init ] --START--
INFO: Run Behavior\BuildLiteBehavior [ RunTime:0.000000s ]
INFO: [ app_init ] --END-- [ RunTime:0.000976s ]
ERR: 无法加载模块:Gb-show-p-3420

