[ 2017-06-23T16:52:15+08:00 ] 42.236.10.78 /index.php?m=vod-list-id-2-pg-1-order--by--class--year-0-letter-G-area--lang-.html
INFO: [ app_init ] --START--
INFO: Run Behavior\BuildLiteBehavior [ RunTime:0.000000s ]
INFO: [ app_init ] --END-- [ RunTime:0.000976s ]
ERR: 无法加载模块:Vod-list-id-2-pg-1-order--by--class--year-0-letter-G-area--lang-.html

[ 2017-06-23T16:52:15+08:00 ] 42.236.103.66 /index.php?m=vod-search-pg-2-starring-yuanyuan-letter-V.html
INFO: [ app_init ] --START--
INFO: Run Behavior\BuildLiteBehavior [ RunTime:0.000000s ]
INFO: [ app_init ] --END-- [ RunTime:0.000977s ]
ERR: 无法加载模块:Vod-search-pg-2-starring-yuanyuan-letter-V.html

[ 2017-06-23T16:52:15+08:00 ] 42.236.103.66 /index.php?s=gb-show-id-232.html
INFO: [ app_init ] --START--
INFO: Run Behavior\BuildLiteBehavior [ RunTime:0.000000s ]
INFO: [ app_init ] --END-- [ RunTime:0.000976s ]
ERR: 无法加载模块:Gb-show-id-232

[ 2017-06-23T16:52:15+08:00 ] 42.236.10.81 /index.php?m=vod-play-id-1163-src-1-num-1.html
INFO: [ app_init ] --START--
INFO: Run Behavior\BuildLiteBehavior [ RunTime:0.000000s ]
INFO: [ app_init ] --END-- [ RunTime:0.000976s ]
ERR: 无法加载模块:Vod-play-id-1163-src-1-num-1.html

[ 2017-06-23T16:52:15+08:00 ] 42.236.10.76 /index.php?s=gb-show-id-1433.html
INFO: [ app_init ] --START--
INFO: Run Behavior\BuildLiteBehavior [ RunTime:0.000000s ]
INFO: [ app_init ] --END-- [ RunTime:0.000977s ]
ERR: 无法加载模块:Gb-show-id-1433

[ 2017-06-23T16:52:16+08:00 ] 180.153.236.19 /index.php?m=vod-play-id-2457-src-1-num-1.html
INFO: [ app_init ] --START--
INFO: Run Behavior\BuildLiteBehavior [ RunTime:0.000000s ]
INFO: [ app_init ] --END-- [ RunTime:0.000000s ]
ERR: 无法加载模块:Vod-play-id-2457-src-1-num-1.html

[ 2017-06-23T16:52:42+08:00 ] 180.153.236.35 /index.php?m=vod-play-id-2125-src-1-num-1.html
INFO: [ app_init ] --START--
INFO: Run Behavior\BuildLiteBehavior [ RunTime:0.000000s ]
INFO: [ app_init ] --END-- [ RunTime:0.000976s ]
ERR: 无法加载模块:Vod-play-id-2125-src-1-num-1.html

