[ 2017-09-29T18:50:00+08:00 ] 42.236.55.21 /index.php?s=gb-show-id-788.html
INFO: [ app_init ] --START--
INFO: Run Behavior\BuildLiteBehavior [ RunTime:0.000000s ]
INFO: [ app_init ] --END-- [ RunTime:0.000977s ]
ERR: 无法加载模块:Gb-show-id-788

[ 2017-09-29T18:50:00+08:00 ] 180.153.236.19 /index.php?m=vod-play-id-2108-src-1-num-1.html
INFO: [ app_init ] --START--
INFO: Run Behavior\BuildLiteBehavior [ RunTime:0.000000s ]
INFO: [ app_init ] --END-- [ RunTime:0.000000s ]
ERR: 无法加载模块:Vod-play-id-2108-src-1-num-1.html

[ 2017-09-29T18:50:00+08:00 ] 180.153.236.59 /index.php?s=vod-play-id-63-sid-0-pid-1.html
INFO: [ app_init ] --START--
INFO: Run Behavior\BuildLiteBehavior [ RunTime:0.000000s ]
INFO: [ app_init ] --END-- [ RunTime:0.000000s ]
ERR: 无法加载模块:Vod-play-id-63-sid-0-pid-1

[ 2017-09-29T18:50:00+08:00 ] 180.153.236.173 /index.php?s=gb-show-id-485.html
INFO: [ app_init ] --START--
INFO: Run Behavior\BuildLiteBehavior [ RunTime:0.000000s ]
INFO: [ app_init ] --END-- [ RunTime:0.000000s ]
ERR: 无法加载模块:Gb-show-id-485

[ 2017-09-29T18:50:00+08:00 ] 180.153.236.67 /index.php?m=vod-play-id-2098-src-1-num-1.html
INFO: [ app_init ] --START--
INFO: Run Behavior\BuildLiteBehavior [ RunTime:0.000976s ]
INFO: [ app_init ] --END-- [ RunTime:0.000976s ]
ERR: 无法加载模块:Vod-play-id-2098-src-1-num-1.html

[ 2017-09-29T18:50:00+08:00 ] 180.153.236.35 /index.php?m=vod-play-id-2415-src-1-num-1.html
INFO: [ app_init ] --START--
INFO: Run Behavior\BuildLiteBehavior [ RunTime:0.000000s ]
INFO: [ app_init ] --END-- [ RunTime:0.000977s ]
ERR: 无法加载模块:Vod-play-id-2415-src-1-num-1.html

[ 2017-09-29T18:50:00+08:00 ] 180.153.236.117 /index.php?s=vod-play-id-1791-sid-0-pid-1.html
INFO: [ app_init ] --START--
INFO: Run Behavior\BuildLiteBehavior [ RunTime:0.000977s ]
INFO: [ app_init ] --END-- [ RunTime:0.000977s ]
ERR: 无法加载模块:Vod-play-id-1791-sid-0-pid-1

[ 2017-09-29T18:50:00+08:00 ] 180.153.236.149 /index.php?s=gb-show-id-785.html
INFO: [ app_init ] --START--
INFO: Run Behavior\BuildLiteBehavior [ RunTime:0.000000s ]
INFO: [ app_init ] --END-- [ RunTime:0.000000s ]
ERR: 无法加载模块:Gb-show-id-785

[ 2017-09-29T18:50:00+08:00 ] 180.153.236.125 /index.php?s=gb-show-id-1254.html
INFO: [ app_init ] --START--
INFO: Run Behavior\BuildLiteBehavior [ RunTime:0.000000s ]
INFO: [ app_init ] --END-- [ RunTime:0.000000s ]
ERR: 无法加载模块:Gb-show-id-1254

[ 2017-09-29T18:50:00+08:00 ] 180.153.236.173 /index.php?m=vod-play-id-2117-src-1-num-1.html
INFO: [ app_init ] --START--
INFO: Run Behavior\BuildLiteBehavior [ RunTime:0.000000s ]
INFO: [ app_init ] --END-- [ RunTime:0.000977s ]
ERR: 无法加载模块:Vod-play-id-2117-src-1-num-1.html

[ 2017-09-29T18:50:00+08:00 ] 180.153.236.101 /index.php?s=vod-play-id-586-sid-0-pid-1.html
INFO: [ app_init ] --START--
INFO: Run Behavior\BuildLiteBehavior [ RunTime:0.000000s ]
INFO: [ app_init ] --END-- [ RunTime:0.000000s ]
ERR: 无法加载模块:Vod-play-id-586-sid-0-pid-1

[ 2017-09-29T18:50:00+08:00 ] 180.153.236.133 /index.php?m=vod-search-pg-235-starring-yuanyuan-classid-17.html
INFO: [ app_init ] --START--
INFO: Run Behavior\BuildLiteBehavior [ RunTime:0.000000s ]
INFO: [ app_init ] --END-- [ RunTime:0.000977s ]
ERR: 无法加载模块:Vod-search-pg-235-starring-yuanyuan-classid-17.html

[ 2017-09-29T18:50:00+08:00 ] 180.153.236.117 /index.php?s=gb-show-id-851.html
INFO: [ app_init ] --START--
INFO: Run Behavior\BuildLiteBehavior [ RunTime:0.000000s ]
INFO: [ app_init ] --END-- [ RunTime:0.000000s ]
ERR: 无法加载模块:Gb-show-id-851

[ 2017-09-29T18:50:00+08:00 ] 180.153.236.181 /index.php?s=gb-show-id-491.html
INFO: [ app_init ] --START--
INFO: Run Behavior\BuildLiteBehavior [ RunTime:0.000000s ]
INFO: [ app_init ] --END-- [ RunTime:0.000000s ]
ERR: 无法加载模块:Gb-show-id-491

[ 2017-09-29T18:50:00+08:00 ] 180.153.236.125 /index.php?s=vod-play-id-1867-sid-0-pid-1.html
INFO: [ app_init ] --START--
INFO: Run Behavior\BuildLiteBehavior [ RunTime:0.000000s ]
INFO: [ app_init ] --END-- [ RunTime:0.000976s ]
ERR: 无法加载模块:Vod-play-id-1867-sid-0-pid-1

[ 2017-09-29T18:50:00+08:00 ] 180.153.236.165 /index.php?m=vod-play-id-2414-src-1-num-1.html
INFO: [ app_init ] --START--
INFO: Run Behavior\BuildLiteBehavior [ RunTime:0.000000s ]
INFO: [ app_init ] --END-- [ RunTime:0.000977s ]
ERR: 无法加载模块:Vod-play-id-2414-src-1-num-1.html

[ 2017-09-29T18:50:01+08:00 ] 42.236.101.194 /index.php?m=vod-search-pg-235-starring-yuanyuan-by-time.html
INFO: [ app_init ] --START--
INFO: Run Behavior\BuildLiteBehavior [ RunTime:0.000000s ]
INFO: [ app_init ] --END-- [ RunTime:0.000977s ]
ERR: 无法加载模块:Vod-search-pg-235-starring-yuanyuan-by-time.html

[ 2017-09-29T18:50:01+08:00 ] 42.236.101.194 /index.php?s=gb-show-id-2003.html
INFO: [ app_init ] --START--
INFO: Run Behavior\BuildLiteBehavior [ RunTime:0.000000s ]
INFO: [ app_init ] --END-- [ RunTime:0.000000s ]
ERR: 无法加载模块:Gb-show-id-2003

[ 2017-09-29T18:50:01+08:00 ] 42.236.99.86 /index.php?s=vod-play-id-1898-sid-0-pid-1.html
INFO: [ app_init ] --START--
INFO: Run Behavior\BuildLiteBehavior [ RunTime:0.000000s ]
INFO: [ app_init ] --END-- [ RunTime:0.000977s ]
ERR: 无法加载模块:Vod-play-id-1898-sid-0-pid-1

[ 2017-09-29T18:50:01+08:00 ] 42.236.99.86 /index.php?m=vod-list-id-4-pg-1-order--by--class-0-year-2009-letter--area-%E4%BF%84%E7%BD%97%E6%96%AF-lang-.html
INFO: [ app_init ] --START--
INFO: Run Behavior\BuildLiteBehavior [ RunTime:0.000000s ]
INFO: [ app_init ] --END-- [ RunTime:0.000000s ]
ERR: 无法加载模块:Vod-list-id-4-pg-1-order--by--class-0-year-2009-letter--area-俄罗斯-lang-.html

[ 2017-09-29T18:50:01+08:00 ] 180.153.236.51 /index.php?s=vod-play-id-1104-sid-0-pid-1.html
INFO: [ app_init ] --START--
INFO: Run Behavior\BuildLiteBehavior [ RunTime:0.000000s ]
INFO: [ app_init ] --END-- [ RunTime:0.000000s ]
ERR: 无法加载模块:Vod-play-id-1104-sid-0-pid-1

[ 2017-09-29T18:50:01+08:00 ] 180.153.234.145 /index.php?m=vod-list-id-2-pg-1-order--by--class-0-year-0-letter--area-%E7%BE%8E%E5%9B%BD-lang-.html
INFO: [ app_init ] --START--
INFO: Run Behavior\BuildLiteBehavior [ RunTime:0.000000s ]
INFO: [ app_init ] --END-- [ RunTime:0.000976s ]
ERR: 无法加载模块:Vod-list-id-2-pg-1-order--by--class-0-year-0-letter--area-美国-lang-.html

[ 2017-09-29T18:50:01+08:00 ] 180.153.236.117 /index.php?m=vod-list-id-2-pg-1-order--by--class-0-year-0-letter--area-%E5%8A%A0%E6%8B%BF%E5%A4%A7-lang-.html
INFO: [ app_init ] --START--
INFO: Run Behavior\BuildLiteBehavior [ RunTime:0.000000s ]
INFO: [ app_init ] --END-- [ RunTime:0.000000s ]
ERR: 无法加载模块:Vod-list-id-2-pg-1-order--by--class-0-year-0-letter--area-加拿大-lang-.html

[ 2017-09-29T18:50:01+08:00 ] 180.153.236.125 /index.php?s=vod-play-id-1108-sid-0-pid-1.html
INFO: [ app_init ] --START--
INFO: Run Behavior\BuildLiteBehavior [ RunTime:0.000000s ]
INFO: [ app_init ] --END-- [ RunTime:0.000000s ]
ERR: 无法加载模块:Vod-play-id-1108-sid-0-pid-1

