[ 2017-09-25T08:37:47+08:00 ] 140.205.225.183 /index.php?m=member&c=index&a=register&siteid=1
INFO: [ app_init ] --START--
INFO: Run Behavior\BuildLiteBehavior [ RunTime:0.000000s ]
INFO: [ app_init ] --END-- [ RunTime:0.000976s ]
ERR: 无法加载模块:Member

[ 2017-09-25T08:37:48+08:00 ] 140.205.225.183 /index.php?m=wap&a=index&siteid=1
INFO: [ app_init ] --START--
INFO: Run Behavior\BuildLiteBehavior [ RunTime:0.000000s ]
INFO: [ app_init ] --END-- [ RunTime:0.000000s ]
ERR: 无法加载模块:Wap

[ 2017-09-25T16:50:26+08:00 ] 42.236.99.51 /index.php?s=vod-play-id-608-sid-0-pid-1.html
INFO: [ app_init ] --START--
INFO: Run Behavior\BuildLiteBehavior [ RunTime:0.000000s ]
INFO: [ app_init ] --END-- [ RunTime:0.000976s ]
ERR: 无法加载模块:Vod-play-id-608-sid-0-pid-1

[ 2017-09-25T16:50:29+08:00 ] 180.153.236.43 /index.php?s=vod-play-id-1932-sid-0-pid-1.html
INFO: [ app_init ] --START--
INFO: Run Behavior\BuildLiteBehavior [ RunTime:0.000000s ]
INFO: [ app_init ] --END-- [ RunTime:0.000000s ]
ERR: 无法加载模块:Vod-play-id-1932-sid-0-pid-1

[ 2017-09-25T16:50:29+08:00 ] 180.153.236.165 /index.php?s=gb-show-id-480.html
INFO: [ app_init ] --START--
INFO: Run Behavior\BuildLiteBehavior [ RunTime:0.000000s ]
INFO: [ app_init ] --END-- [ RunTime:0.000977s ]
ERR: 无法加载模块:Gb-show-id-480

[ 2017-09-25T16:50:31+08:00 ] 42.236.99.206 /index.php?m=vod-play-id-2439-src-1-num-1.html
INFO: [ app_init ] --START--
INFO: Run Behavior\BuildLiteBehavior [ RunTime:0.000000s ]
INFO: [ app_init ] --END-- [ RunTime:0.000977s ]
ERR: 无法加载模块:Vod-play-id-2439-src-1-num-1.html

[ 2017-09-25T16:50:31+08:00 ] 180.153.236.35 /index.php?m=vod-search-pg-235-starring-yuanyuan-classid-15.html
INFO: [ app_init ] --START--
INFO: Run Behavior\BuildLiteBehavior [ RunTime:0.000000s ]
INFO: [ app_init ] --END-- [ RunTime:0.000000s ]
ERR: 无法加载模块:Vod-search-pg-235-starring-yuanyuan-classid-15.html

[ 2017-09-25T16:50:32+08:00 ] 180.153.236.59 /index.php?m=vod-list-id-2-pg-1-order--by--class-0-year-0-letter--area-%E6%B3%95%E5%9B%BD-lang-.html
INFO: [ app_init ] --START--
INFO: Run Behavior\BuildLiteBehavior [ RunTime:0.000000s ]
INFO: [ app_init ] --END-- [ RunTime:0.000000s ]
ERR: 无法加载模块:Vod-list-id-2-pg-1-order--by--class-0-year-0-letter--area-法国-lang-.html

[ 2017-09-25T16:50:34+08:00 ] 180.153.236.101 /index.php?s=gb-show-id-848.html
INFO: [ app_init ] --START--
INFO: Run Behavior\BuildLiteBehavior [ RunTime:0.000000s ]
INFO: [ app_init ] --END-- [ RunTime:0.000977s ]
ERR: 无法加载模块:Gb-show-id-848

[ 2017-09-25T16:50:34+08:00 ] 180.153.236.125 /index.php?m=vod-list-id-4-pg-1-order--by--class-0-year-2009-letter--area-%E6%97%A5%E6%9C%AC-lang-.html
INFO: [ app_init ] --START--
INFO: Run Behavior\BuildLiteBehavior [ RunTime:0.000000s ]
INFO: [ app_init ] --END-- [ RunTime:0.000977s ]
ERR: 无法加载模块:Vod-list-id-4-pg-1-order--by--class-0-year-2009-letter--area-日本-lang-.html

[ 2017-09-25T16:50:34+08:00 ] 42.236.99.58 /index.php?m=vod-play-id-2126-src-1-num-1.html
INFO: [ app_init ] --START--
INFO: Run Behavior\BuildLiteBehavior [ RunTime:0.000000s ]
INFO: [ app_init ] --END-- [ RunTime:0.000976s ]
ERR: 无法加载模块:Vod-play-id-2126-src-1-num-1.html

[ 2017-09-25T16:50:40+08:00 ] 180.153.236.43 /index.php?s=vod-play-id-1807-sid-0-pid-1.html
INFO: [ app_init ] --START--
INFO: Run Behavior\BuildLiteBehavior [ RunTime:0.000000s ]
INFO: [ app_init ] --END-- [ RunTime:0.000977s ]
ERR: 无法加载模块:Vod-play-id-1807-sid-0-pid-1

[ 2017-09-25T16:50:41+08:00 ] 42.236.99.154 /index.php?s=gb-show-id-835.html
INFO: [ app_init ] --START--
INFO: Run Behavior\BuildLiteBehavior [ RunTime:0.000000s ]
INFO: [ app_init ] --END-- [ RunTime:0.000976s ]
ERR: 无法加载模块:Gb-show-id-835

[ 2017-09-25T16:50:42+08:00 ] 42.236.102.3 /index.php?s=vod-play-id-1800-sid-0-pid-1.html
INFO: [ app_init ] --START--
INFO: Run Behavior\BuildLiteBehavior [ RunTime:0.000000s ]
INFO: [ app_init ] --END-- [ RunTime:0.000977s ]
ERR: 无法加载模块:Vod-play-id-1800-sid-0-pid-1

[ 2017-09-25T16:50:42+08:00 ] 42.236.102.3 /index.php?m=vod-play-id-1277-src-1-num-1.html
INFO: [ app_init ] --START--
INFO: Run Behavior\BuildLiteBehavior [ RunTime:0.000000s ]
INFO: [ app_init ] --END-- [ RunTime:0.000977s ]
ERR: 无法加载模块:Vod-play-id-1277-src-1-num-1.html

[ 2017-09-25T16:50:45+08:00 ] 42.236.99.230 /index.php?m=vod-list-id-2-pg-1-order--by--class-0-year-0-letter--area-%E6%96%B0%E5%8A%A0%E5%9D%A1-lang-.html
INFO: [ app_init ] --START--
INFO: Run Behavior\BuildLiteBehavior [ RunTime:0.000000s ]
INFO: [ app_init ] --END-- [ RunTime:0.000000s ]
ERR: 无法加载模块:Vod-list-id-2-pg-1-order--by--class-0-year-0-letter--area-新加坡-lang-.html

[ 2017-09-25T16:50:48+08:00 ] 42.236.99.178 /index.php?s=gb-show-id-1262.html
INFO: [ app_init ] --START--
INFO: Run Behavior\BuildLiteBehavior [ RunTime:0.000000s ]
INFO: [ app_init ] --END-- [ RunTime:0.000000s ]
ERR: 无法加载模块:Gb-show-id-1262

[ 2017-09-25T16:50:48+08:00 ] 42.236.12.170 /index.php?m=vod-play-id-1136-src-1-num-1.html
INFO: [ app_init ] --START--
INFO: Run Behavior\BuildLiteBehavior [ RunTime:0.000000s ]
INFO: [ app_init ] --END-- [ RunTime:0.000000s ]
ERR: 无法加载模块:Vod-play-id-1136-src-1-num-1.html

[ 2017-09-25T16:50:49+08:00 ] 42.236.99.242 /index.php?m=vod-play-id-2102-src-1-num-1.html
INFO: [ app_init ] --START--
INFO: Run Behavior\BuildLiteBehavior [ RunTime:0.000000s ]
INFO: [ app_init ] --END-- [ RunTime:0.000000s ]
ERR: 无法加载模块:Vod-play-id-2102-src-1-num-1.html

[ 2017-09-25T16:50:49+08:00 ] 42.236.99.166 /index.php?s=gb-show-id-208.html
INFO: [ app_init ] --START--
INFO: Run Behavior\BuildLiteBehavior [ RunTime:0.000000s ]
INFO: [ app_init ] --END-- [ RunTime:0.000977s ]
ERR: 无法加载模块:Gb-show-id-208

[ 2017-09-25T16:50:51+08:00 ] 180.153.236.67 /index.php?m=vod-list-id-4-pg-1-order--by--class-0-year-2009-letter--area-%E6%B3%95%E5%9B%BD-lang-.html
INFO: [ app_init ] --START--
INFO: Run Behavior\BuildLiteBehavior [ RunTime:0.000000s ]
INFO: [ app_init ] --END-- [ RunTime:0.000976s ]
ERR: 无法加载模块:Vod-list-id-4-pg-1-order--by--class-0-year-2009-letter--area-法国-lang-.html

[ 2017-09-25T16:50:56+08:00 ] 42.236.103.106 /index.php?s=vod-play-id-1116-sid-0-pid-1.html
INFO: [ app_init ] --START--
INFO: Run Behavior\BuildLiteBehavior [ RunTime:0.000000s ]
INFO: [ app_init ] --END-- [ RunTime:0.000000s ]
ERR: 无法加载模块:Vod-play-id-1116-sid-0-pid-1

[ 2017-09-25T16:50:58+08:00 ] 42.236.99.218 /index.php?s=gb-show-id-481.html
INFO: [ app_init ] --START--
INFO: Run Behavior\BuildLiteBehavior [ RunTime:0.000000s ]
INFO: [ app_init ] --END-- [ RunTime:0.000976s ]
ERR: 无法加载模块:Gb-show-id-481

[ 2017-09-25T16:51:00+08:00 ] 42.236.46.85 /index.php?s=vod-play-id-607-sid-0-pid-1.html
INFO: [ app_init ] --START--
INFO: Run Behavior\BuildLiteBehavior [ RunTime:0.000000s ]
INFO: [ app_init ] --END-- [ RunTime:0.000977s ]
ERR: 无法加载模块:Vod-play-id-607-sid-0-pid-1

[ 2017-09-25T16:51:02+08:00 ] 42.236.55.41 /index.php?s=vod-play-id-1117-sid-0-pid-1.html
INFO: [ app_init ] --START--
INFO: Run Behavior\BuildLiteBehavior [ RunTime:0.000000s ]
INFO: [ app_init ] --END-- [ RunTime:0.000977s ]
ERR: 无法加载模块:Vod-play-id-1117-sid-0-pid-1

[ 2017-09-25T16:51:05+08:00 ] 42.236.46.85 /index.php?m=vod-search-pg-235-starring-yuanyuan-classid-14.html
INFO: [ app_init ] --START--
INFO: Run Behavior\BuildLiteBehavior [ RunTime:0.000000s ]
INFO: [ app_init ] --END-- [ RunTime:0.000000s ]
ERR: 无法加载模块:Vod-search-pg-235-starring-yuanyuan-classid-14.html

