[ 2017-06-10T05:31:37+08:00 ] 42.236.10.110 /index.php?s=vod-play-id-707-sid-0-pid-1.html
INFO: [ app_init ] --START--
INFO: Run Behavior\BuildLiteBehavior [ RunTime:0.000000s ]
INFO: [ app_init ] --END-- [ RunTime:0.000977s ]
ERR: 无法加载模块:Vod-play-id-707-sid-0-pid-1

[ 2017-06-10T05:31:37+08:00 ] 42.236.103.86 /index.php?m=vod-search-pg-2-starring-yuanyuan-classid-6.html
INFO: [ app_init ] --START--
INFO: Run Behavior\BuildLiteBehavior [ RunTime:0.000000s ]
INFO: [ app_init ] --END-- [ RunTime:0.000976s ]
ERR: 无法加载模块:Vod-search-pg-2-starring-yuanyuan-classid-6.html

[ 2017-06-10T05:31:37+08:00 ] 42.236.10.74 /index.php?m=vod-list-id-4-pg-1-order--by--class-0-year-2005-letter-U-area-%E6%B3%95%E5%9B%BD-lang-.html
INFO: [ app_init ] --START--
INFO: Run Behavior\BuildLiteBehavior [ RunTime:0.000000s ]
INFO: [ app_init ] --END-- [ RunTime:0.000000s ]
ERR: 无法加载模块:Vod-list-id-4-pg-1-order--by--class-0-year-2005-letter-U-area-法国-lang-.html

[ 2017-06-10T05:31:37+08:00 ] 42.236.10.100 /index.php?m=vod-list-id-2-order--by--class-0-year-0-letter--area-%E5%A4%A7%E9%99%86-lang-.html
INFO: [ app_init ] --START--
INFO: Run Behavior\BuildLiteBehavior [ RunTime:0.000000s ]
INFO: [ app_init ] --END-- [ RunTime:0.000000s ]
ERR: 无法加载模块:Vod-list-id-2-order--by--class-0-year-0-letter--area-大陆-lang-.html

[ 2017-06-10T05:31:37+08:00 ] 42.236.103.86 /index.php?m=vod-list-id-2-pg-10-order--by--class-0-year-0-letter--area-%E5%A4%A7%E9%99%86-lang-.html
INFO: [ app_init ] --START--
INFO: Run Behavior\BuildLiteBehavior [ RunTime:0.000000s ]
INFO: [ app_init ] --END-- [ RunTime:0.000000s ]
ERR: 无法加载模块:Vod-list-id-2-pg-10-order--by--class-0-year-0-letter--area-大陆-lang-.html

[ 2017-06-10T05:31:37+08:00 ] 42.236.102.23 /index.php?s=vod-play-id-208-sid-0-pid-1.html
INFO: [ app_init ] --START--
INFO: Run Behavior\BuildLiteBehavior [ RunTime:0.000000s ]
INFO: [ app_init ] --END-- [ RunTime:0.000977s ]
ERR: 无法加载模块:Vod-play-id-208-sid-0-pid-1

[ 2017-06-10T05:31:37+08:00 ] 180.153.236.35 /index.php?m=vod-list-id-2-pg-1-order--by--class--year--letter-V-area--lang-.html
INFO: [ app_init ] --START--
INFO: Run Behavior\BuildLiteBehavior [ RunTime:0.000000s ]
INFO: [ app_init ] --END-- [ RunTime:0.000977s ]
ERR: 无法加载模块:Vod-list-id-2-pg-1-order--by--class--year--letter-V-area--lang-.html

[ 2017-06-10T05:31:37+08:00 ] 42.236.10.76 /index.php?m=vod-search-pg-2-starring-yuanyuan-letter-L.html
INFO: [ app_init ] --START--
INFO: Run Behavior\BuildLiteBehavior [ RunTime:0.000000s ]
INFO: [ app_init ] --END-- [ RunTime:0.000000s ]
ERR: 无法加载模块:Vod-search-pg-2-starring-yuanyuan-letter-L.html

[ 2017-06-10T05:31:37+08:00 ] 42.236.55.21 /index.php?m=vod-play-id-454-src-1-num-1.html
INFO: [ app_init ] --START--
INFO: Run Behavior\BuildLiteBehavior [ RunTime:0.000000s ]
INFO: [ app_init ] --END-- [ RunTime:0.000976s ]
ERR: 无法加载模块:Vod-play-id-454-src-1-num-1.html

[ 2017-06-10T05:31:37+08:00 ] 180.153.236.117 /index.php?s=vod-play-id-648-sid-0-pid-1.html
INFO: [ app_init ] --START--
INFO: Run Behavior\BuildLiteBehavior [ RunTime:0.000000s ]
INFO: [ app_init ] --END-- [ RunTime:0.000976s ]
ERR: 无法加载模块:Vod-play-id-648-sid-0-pid-1

[ 2017-06-10T05:31:38+08:00 ] 42.236.99.154 /index.php?m=vod-play-id-1156-src-1-num-1.html
INFO: [ app_init ] --START--
INFO: Run Behavior\BuildLiteBehavior [ RunTime:0.000000s ]
INFO: [ app_init ] --END-- [ RunTime:0.000000s ]
ERR: 无法加载模块:Vod-play-id-1156-src-1-num-1.html

[ 2017-06-10T05:31:38+08:00 ] 42.236.99.154 /index.php?m=vod-play-id-1297-src-1-num-1.html
INFO: [ app_init ] --START--
INFO: Run Behavior\BuildLiteBehavior [ RunTime:0.000000s ]
INFO: [ app_init ] --END-- [ RunTime:0.000000s ]
ERR: 无法加载模块:Vod-play-id-1297-src-1-num-1.html

[ 2017-06-10T05:31:38+08:00 ] 42.236.12.150 /index.php?s=gb-show-id-1407.html
INFO: [ app_init ] --START--
INFO: Run Behavior\BuildLiteBehavior [ RunTime:0.000000s ]
INFO: [ app_init ] --END-- [ RunTime:0.000976s ]
ERR: 无法加载模块:Gb-show-id-1407

[ 2017-06-10T05:31:38+08:00 ] 180.153.236.101 /index.php?m=vod-play-id-2116-src-1-num-1.html
INFO: [ app_init ] --START--
INFO: Run Behavior\BuildLiteBehavior [ RunTime:0.000000s ]
INFO: [ app_init ] --END-- [ RunTime:0.000977s ]
ERR: 无法加载模块:Vod-play-id-2116-src-1-num-1.html

[ 2017-06-10T05:31:38+08:00 ] 42.236.10.84 /index.php?s=gb-show-p-1134.html
INFO: [ app_init ] --START--
INFO: Run Behavior\BuildLiteBehavior [ RunTime:0.000000s ]
INFO: [ app_init ] --END-- [ RunTime:0.000000s ]
ERR: 无法加载模块:Gb-show-p-1134

[ 2017-06-10T12:09:20+08:00 ] 140.205.225.193 /index.php?m=member&c=index&a=register&siteid=1
INFO: [ app_init ] --START--
INFO: Run Behavior\BuildLiteBehavior [ RunTime:0.000000s ]
INFO: [ app_init ] --END-- [ RunTime:0.000977s ]
ERR: 无法加载模块:Member

[ 2017-06-10T12:09:21+08:00 ] 140.205.225.193 /index.php?m=wap&a=index&siteid=1
INFO: [ app_init ] --START--
INFO: Run Behavior\BuildLiteBehavior [ RunTime:0.000000s ]
INFO: [ app_init ] --END-- [ RunTime:0.000000s ]
ERR: 无法加载模块:Wap

