[ 2017-04-23T05:30:06+08:00 ] 180.153.236.117 /index.php?s=gb-show-p-539.html
INFO: [ app_init ] --START--
INFO: Run Behavior\BuildLiteBehavior [ RunTime:0.000020s ]
INFO: [ app_init ] --END-- [ RunTime:0.000381s ]
ERR: 无法加载模块:Gb-show-p-539

[ 2017-04-23T05:30:06+08:00 ] 42.236.10.112 /index.php?m=vod-play-id-1322-src-1-num-1.html
INFO: [ app_init ] --START--
INFO: Run Behavior\BuildLiteBehavior [ RunTime:0.000021s ]
INFO: [ app_init ] --END-- [ RunTime:0.000535s ]
ERR: 无法加载模块:Vod-play-id-1322-src-1-num-1.html

[ 2017-04-23T05:30:06+08:00 ] 42.236.99.23 /index.php?s=vod-play-id-478-sid-0-pid-1.html
INFO: [ app_init ] --START--
INFO: Run Behavior\BuildLiteBehavior [ RunTime:0.000023s ]
INFO: [ app_init ] --END-- [ RunTime:0.000372s ]
ERR: 无法加载模块:Vod-play-id-478-sid-0-pid-1

[ 2017-04-23T05:30:06+08:00 ] 42.236.10.75 /index.php?m=vod-search-pg-240-starring-yuanyuan.html
INFO: [ app_init ] --START--
INFO: Run Behavior\BuildLiteBehavior [ RunTime:0.000014s ]
INFO: [ app_init ] --END-- [ RunTime:0.000276s ]
ERR: 无法加载模块:Vod-search-pg-240-starring-yuanyuan.html

[ 2017-04-23T05:30:07+08:00 ] 42.236.99.2 /index.php?m=vod-list-id-1-pg-1-order--by-score-class-6-year-2001-letter--area--lang-.html
INFO: [ app_init ] --START--
INFO: Run Behavior\BuildLiteBehavior [ RunTime:0.000020s ]
INFO: [ app_init ] --END-- [ RunTime:0.000488s ]
ERR: 无法加载模块:Vod-list-id-1-pg-1-order--by-score-class-6-year-2001-letter--area--lang-.html

[ 2017-04-23T05:30:07+08:00 ] 42.236.99.44 /index.php?m=vod-play-id-1857-src-1-num-1.html
INFO: [ app_init ] --START--
INFO: Run Behavior\BuildLiteBehavior [ RunTime:0.000014s ]
INFO: [ app_init ] --END-- [ RunTime:0.000296s ]
ERR: 无法加载模块:Vod-play-id-1857-src-1-num-1.html

[ 2017-04-23T05:30:07+08:00 ] 42.236.99.194 /index.php?s=vod-play-id-1541-sid-0-pid-1.html
INFO: [ app_init ] --START--
INFO: Run Behavior\BuildLiteBehavior [ RunTime:0.000019s ]
INFO: [ app_init ] --END-- [ RunTime:0.000332s ]
ERR: 无法加载模块:Vod-play-id-1541-sid-0-pid-1

[ 2017-04-23T05:30:07+08:00 ] 42.236.10.83 /index.php?m=vod-play-id-883-src-1-num-1.html
INFO: [ app_init ] --START--
INFO: Run Behavior\BuildLiteBehavior [ RunTime:0.000015s ]
INFO: [ app_init ] --END-- [ RunTime:0.000327s ]
ERR: 无法加载模块:Vod-play-id-883-src-1-num-1.html

[ 2017-04-23T05:30:08+08:00 ] 180.153.236.117 /index.php?m=vod-play-id-2393-src-1-num-1.html
INFO: [ app_init ] --START--
INFO: Run Behavior\BuildLiteBehavior [ RunTime:0.000018s ]
INFO: [ app_init ] --END-- [ RunTime:0.000288s ]
ERR: 无法加载模块:Vod-play-id-2393-src-1-num-1.html

[ 2017-04-23T05:30:08+08:00 ] 180.153.236.19 /index.php?m=vod-play-id-42-src-1-num-1.html
INFO: [ app_init ] --START--
INFO: Run Behavior\BuildLiteBehavior [ RunTime:0.000015s ]
INFO: [ app_init ] --END-- [ RunTime:0.000318s ]
ERR: 无法加载模块:Vod-play-id-42-src-1-num-1.html

[ 2017-04-23T05:30:08+08:00 ] 42.236.99.166 /index.php?s=vod-play-id-953-sid-0-pid-1.html
INFO: [ app_init ] --START--
INFO: Run Behavior\BuildLiteBehavior [ RunTime:0.000016s ]
INFO: [ app_init ] --END-- [ RunTime:0.000399s ]
ERR: 无法加载模块:Vod-play-id-953-sid-0-pid-1

[ 2017-04-23T05:30:09+08:00 ] 42.236.99.9 /index.php?m=vod-search-pg-2-starring-yuanyuan-classid-51.html
INFO: [ app_init ] --START--
INFO: Run Behavior\BuildLiteBehavior [ RunTime:0.000014s ]
INFO: [ app_init ] --END-- [ RunTime:0.000857s ]
ERR: 无法加载模块:Vod-search-pg-2-starring-yuanyuan-classid-51.html

[ 2017-04-23T05:30:09+08:00 ] 42.236.10.77 /index.php?m=vod-list-id-2-pg-1-order--by--class--year-2012-letter--area--lang-.html
INFO: [ app_init ] --START--
INFO: Run Behavior\BuildLiteBehavior [ RunTime:0.000013s ]
INFO: [ app_init ] --END-- [ RunTime:0.000276s ]
ERR: 无法加载模块:Vod-list-id-2-pg-1-order--by--class--year-2012-letter--area--lang-.html

[ 2017-04-23T05:30:09+08:00 ] 42.236.10.71 /index.php?m=vod-list-id-4-pg-1-order--by--class-0-year-2004-letter-T-area--lang-.html
INFO: [ app_init ] --START--
INFO: Run Behavior\BuildLiteBehavior [ RunTime:0.000014s ]
INFO: [ app_init ] --END-- [ RunTime:0.000280s ]
ERR: 无法加载模块:Vod-list-id-4-pg-1-order--by--class-0-year-2004-letter-T-area--lang-.html

[ 2017-04-23T05:30:09+08:00 ] 42.236.99.178 /index.php?m=vod-play-id-2250-src-1-num-1.html
INFO: [ app_init ] --START--
INFO: Run Behavior\BuildLiteBehavior [ RunTime:0.000014s ]
INFO: [ app_init ] --END-- [ RunTime:0.000284s ]
ERR: 无法加载模块:Vod-play-id-2250-src-1-num-1.html

[ 2017-04-23T05:30:09+08:00 ] 42.236.10.74 /index.php?m=vod-play-id-877-src-1-num-1.html
INFO: [ app_init ] --START--
INFO: Run Behavior\BuildLiteBehavior [ RunTime:0.000013s ]
INFO: [ app_init ] --END-- [ RunTime:0.000292s ]
ERR: 无法加载模块:Vod-play-id-877-src-1-num-1.html

[ 2017-04-23T05:30:09+08:00 ] 42.236.10.75 /index.php?m=vod-list-id-5-pg-1-order--by--class--year-2009-letter--area--lang-.html
INFO: [ app_init ] --START--
INFO: Run Behavior\BuildLiteBehavior [ RunTime:0.000016s ]
INFO: [ app_init ] --END-- [ RunTime:0.000294s ]
ERR: 无法加载模块:Vod-list-id-5-pg-1-order--by--class--year-2009-letter--area--lang-.html

[ 2017-04-23T05:30:09+08:00 ] 42.236.99.242 /index.php?m=vod-play-id-1038-src-1-num-1.html
INFO: [ app_init ] --START--
INFO: Run Behavior\BuildLiteBehavior [ RunTime:0.000018s ]
INFO: [ app_init ] --END-- [ RunTime:0.000356s ]
ERR: 无法加载模块:Vod-play-id-1038-src-1-num-1.html

[ 2017-04-23T05:30:09+08:00 ] 42.236.99.2 /index.php?s=gb-show-id-562.html
INFO: [ app_init ] --START--
INFO: Run Behavior\BuildLiteBehavior [ RunTime:0.000020s ]
INFO: [ app_init ] --END-- [ RunTime:0.000449s ]
ERR: 无法加载模块:Gb-show-id-562

[ 2017-04-23T05:30:09+08:00 ] 42.236.99.206 /index.php?s=vod-play-id-502-sid-0-pid-1.html
INFO: [ app_init ] --START--
INFO: Run Behavior\BuildLiteBehavior [ RunTime:0.000016s ]
INFO: [ app_init ] --END-- [ RunTime:0.000285s ]
ERR: 无法加载模块:Vod-play-id-502-sid-0-pid-1

[ 2017-04-23T05:30:09+08:00 ] 42.236.99.130 /index.php?m=vod-search-pg-2-starring-yuanyuan-classid-42.html
INFO: [ app_init ] --START--
INFO: Run Behavior\BuildLiteBehavior [ RunTime:0.000020s ]
INFO: [ app_init ] --END-- [ RunTime:0.000424s ]
ERR: 无法加载模块:Vod-search-pg-2-starring-yuanyuan-classid-42.html

[ 2017-04-23T05:30:09+08:00 ] 42.236.99.154 /index.php?m=vod-play-id-875-src-1-num-1.html
INFO: [ app_init ] --START--
INFO: Run Behavior\BuildLiteBehavior [ RunTime:0.000014s ]
INFO: [ app_init ] --END-- [ RunTime:0.000281s ]
ERR: 无法加载模块:Vod-play-id-875-src-1-num-1.html

[ 2017-04-23T05:30:09+08:00 ] 42.236.99.242 /index.php?s=gb-show-id-476.html
INFO: [ app_init ] --START--
INFO: Run Behavior\BuildLiteBehavior [ RunTime:0.000015s ]
INFO: [ app_init ] --END-- [ RunTime:0.000318s ]
ERR: 无法加载模块:Gb-show-id-476

[ 2017-04-23T05:30:10+08:00 ] 42.236.99.9 /index.php?s=vod-play-id-416-sid-0-pid-1.html
INFO: [ app_init ] --START--
INFO: Run Behavior\BuildLiteBehavior [ RunTime:0.000018s ]
INFO: [ app_init ] --END-- [ RunTime:0.000431s ]
ERR: 无法加载模块:Vod-play-id-416-sid-0-pid-1

[ 2017-04-23T05:30:10+08:00 ] 42.236.10.84 /index.php?m=vod-list-id-5-pg-1-order--by--class--year-2008-letter--area--lang-.html
INFO: [ app_init ] --START--
INFO: Run Behavior\BuildLiteBehavior [ RunTime:0.000019s ]
INFO: [ app_init ] --END-- [ RunTime:0.000315s ]
ERR: 无法加载模块:Vod-list-id-5-pg-1-order--by--class--year-2008-letter--area--lang-.html

[ 2017-04-23T05:30:10+08:00 ] 180.153.236.19 /index.php?m=vod-play-id-1975-src-1-num-1.html
INFO: [ app_init ] --START--
INFO: Run Behavior\BuildLiteBehavior [ RunTime:0.000014s ]
INFO: [ app_init ] --END-- [ RunTime:0.000310s ]
ERR: 无法加载模块:Vod-play-id-1975-src-1-num-1.html

[ 2017-04-23T05:30:10+08:00 ] 42.236.10.103 /index.php?m=vod-list-id-2-pg-1-order--by--class--year-2009-letter--area--lang-.html
INFO: [ app_init ] --START--
INFO: Run Behavior\BuildLiteBehavior [ RunTime:0.000020s ]
INFO: [ app_init ] --END-- [ RunTime:0.000475s ]
ERR: 无法加载模块:Vod-list-id-2-pg-1-order--by--class--year-2009-letter--area--lang-.html

[ 2017-04-23T05:30:10+08:00 ] 42.236.99.65 /index.php?s=vod-play-id-952-sid-0-pid-1.html
INFO: [ app_init ] --START--
INFO: Run Behavior\BuildLiteBehavior [ RunTime:0.000012s ]
INFO: [ app_init ] --END-- [ RunTime:0.000260s ]
ERR: 无法加载模块:Vod-play-id-952-sid-0-pid-1

[ 2017-04-23T05:30:10+08:00 ] 180.153.236.173 /index.php?m=vod-play-id-210-src-1-num-1.html
INFO: [ app_init ] --START--
INFO: Run Behavior\BuildLiteBehavior [ RunTime:0.000014s ]
INFO: [ app_init ] --END-- [ RunTime:0.000308s ]
ERR: 无法加载模块:Vod-play-id-210-src-1-num-1.html

[ 2017-04-23T05:30:10+08:00 ] 42.236.99.79 /index.php?m=vod-play-id-2248-src-1-num-1.html
INFO: [ app_init ] --START--
INFO: Run Behavior\BuildLiteBehavior [ RunTime:0.000019s ]
INFO: [ app_init ] --END-- [ RunTime:0.000314s ]
ERR: 无法加载模块:Vod-play-id-2248-src-1-num-1.html

[ 2017-04-23T05:30:10+08:00 ] 42.236.10.72 /index.php?m=vod-play-id-2376-src-1-num-1.html
INFO: [ app_init ] --START--
INFO: Run Behavior\BuildLiteBehavior [ RunTime:0.000019s ]
INFO: [ app_init ] --END-- [ RunTime:0.000372s ]
ERR: 无法加载模块:Vod-play-id-2376-src-1-num-1.html

[ 2017-04-23T05:30:10+08:00 ] 42.236.99.142 /index.php?m=vod-play-id-904-src-1-num-1.html
INFO: [ app_init ] --START--
INFO: Run Behavior\BuildLiteBehavior [ RunTime:0.000017s ]
INFO: [ app_init ] --END-- [ RunTime:0.000356s ]
ERR: 无法加载模块:Vod-play-id-904-src-1-num-1.html

[ 2017-04-23T05:30:10+08:00 ] 42.236.99.16 /index.php?s=vod-play-id-382-sid-0-pid-1.html
INFO: [ app_init ] --START--
INFO: Run Behavior\BuildLiteBehavior [ RunTime:0.000018s ]
INFO: [ app_init ] --END-- [ RunTime:0.000391s ]
ERR: 无法加载模块:Vod-play-id-382-sid-0-pid-1

[ 2017-04-23T05:30:10+08:00 ] 42.236.10.113 /index.php?s=vod-play-id-154-sid-0-pid-1.html
INFO: [ app_init ] --START--
INFO: Run Behavior\BuildLiteBehavior [ RunTime:0.000014s ]
INFO: [ app_init ] --END-- [ RunTime:0.000327s ]
ERR: 无法加载模块:Vod-play-id-154-sid-0-pid-1

[ 2017-04-23T05:30:11+08:00 ] 42.236.99.23 /index.php?m=vod-list-id-4-pg-1-order--by--class-0-year-2004-letter-S-area--lang-.html
INFO: [ app_init ] --START--
INFO: Run Behavior\BuildLiteBehavior [ RunTime:0.000018s ]
INFO: [ app_init ] --END-- [ RunTime:0.000328s ]
ERR: 无法加载模块:Vod-list-id-4-pg-1-order--by--class-0-year-2004-letter-S-area--lang-.html

[ 2017-04-23T05:30:11+08:00 ] 42.236.99.79 /index.php?m=vod-play-id-423-src-1-num-1.html
INFO: [ app_init ] --START--
INFO: Run Behavior\BuildLiteBehavior [ RunTime:0.000013s ]
INFO: [ app_init ] --END-- [ RunTime:0.000499s ]
ERR: 无法加载模块:Vod-play-id-423-src-1-num-1.html

[ 2017-04-23T05:30:11+08:00 ] 42.236.99.142 /index.php?m=vod-play-id-145-src-1-num-1.html
INFO: [ app_init ] --START--
INFO: Run Behavior\BuildLiteBehavior [ RunTime:0.000021s ]
INFO: [ app_init ] --END-- [ RunTime:0.000328s ]
ERR: 无法加载模块:Vod-play-id-145-src-1-num-1.html

[ 2017-04-23T05:30:11+08:00 ] 180.153.236.117 /index.php?m=vod-list-id-1-pg-1-order--by-score-class-7-year-0-letter--area--lang-.html
INFO: [ app_init ] --START--
INFO: Run Behavior\BuildLiteBehavior [ RunTime:0.000015s ]
INFO: [ app_init ] --END-- [ RunTime:0.000308s ]
ERR: 无法加载模块:Vod-list-id-1-pg-1-order--by-score-class-7-year-0-letter--area--lang-.html

[ 2017-04-23T05:30:12+08:00 ] 42.236.99.79 /index.php?m=vod-play-id-950-src-1-num-1.html
INFO: [ app_init ] --START--
INFO: Run Behavior\BuildLiteBehavior [ RunTime:0.000014s ]
INFO: [ app_init ] --END-- [ RunTime:0.000281s ]
ERR: 无法加载模块:Vod-play-id-950-src-1-num-1.html

[ 2017-04-23T05:30:12+08:00 ] 180.153.236.173 /index.php?m=vod-play-id-1853-src-1-num-1.html
INFO: [ app_init ] --START--
INFO: Run Behavior\BuildLiteBehavior [ RunTime:0.000013s ]
INFO: [ app_init ] --END-- [ RunTime:0.000282s ]
ERR: 无法加载模块:Vod-play-id-1853-src-1-num-1.html

[ 2017-04-23T05:30:13+08:00 ] 42.236.99.166 /index.php?s=gb-show-p-39.html
INFO: [ app_init ] --START--
INFO: Run Behavior\BuildLiteBehavior [ RunTime:0.000014s ]
INFO: [ app_init ] --END-- [ RunTime:0.000280s ]
ERR: 无法加载模块:Gb-show-p-39

[ 2017-04-23T06:07:13+08:00 ] 86.144.229.155 /index.php?s=vod-search-area-%E5%8A%A0%E6%8B%BF%E5%A4%A7.html
INFO: [ app_init ] --START--
INFO: Run Behavior\BuildLiteBehavior [ RunTime:0.000025s ]
INFO: [ app_init ] --END-- [ RunTime:0.000413s ]
ERR: 无法加载模块:Vod-search-area-加拿大

