[ 2017-06-24T23:56:59+08:00 ] 42.236.99.86 /index.php?s=vod-play-id-1240-sid-0-pid-1.html
INFO: [ app_init ] --START--
INFO: Run Behavior\BuildLiteBehavior [ RunTime:0.000000s ]
INFO: [ app_init ] --END-- [ RunTime:0.000976s ]
ERR: 无法加载模块:Vod-play-id-1240-sid-0-pid-1

[ 2017-06-24T23:56:59+08:00 ] 42.236.55.41 /index.php?s=gb-show-id-1434.html
INFO: [ app_init ] --START--
INFO: Run Behavior\BuildLiteBehavior [ RunTime:0.000000s ]
INFO: [ app_init ] --END-- [ RunTime:0.000000s ]
ERR: 无法加载模块:Gb-show-id-1434

[ 2017-06-24T23:56:59+08:00 ] 42.236.10.107 /index.php?s=gb-show-id-240.html
INFO: [ app_init ] --START--
INFO: Run Behavior\BuildLiteBehavior [ RunTime:0.000000s ]
INFO: [ app_init ] --END-- [ RunTime:0.000000s ]
ERR: 无法加载模块:Gb-show-id-240

[ 2017-06-24T23:56:59+08:00 ] 42.236.99.86 /index.php?m=vod-list-id-4-pg-1-order--by--class-0-year-2006-letter-Q-area-%E5%8D%B0%E5%BA%A6-lang-.html
INFO: [ app_init ] --START--
INFO: Run Behavior\BuildLiteBehavior [ RunTime:0.000000s ]
INFO: [ app_init ] --END-- [ RunTime:0.000000s ]
ERR: 无法加载模块:Vod-list-id-4-pg-1-order--by--class-0-year-2006-letter-Q-area-印度-lang-.html

[ 2017-06-24T23:56:59+08:00 ] 42.236.10.80 /index.php?m=vod-play-id-2459-src-1-num-1.html
INFO: [ app_init ] --START--
INFO: Run Behavior\BuildLiteBehavior [ RunTime:0.000000s ]
INFO: [ app_init ] --END-- [ RunTime:0.000976s ]
ERR: 无法加载模块:Vod-play-id-2459-src-1-num-1.html

[ 2017-06-24T23:56:59+08:00 ] 42.236.55.41 /index.php?s=vod-play-id-1910-sid-0-pid-1.html
INFO: [ app_init ] --START--
INFO: Run Behavior\BuildLiteBehavior [ RunTime:0.000000s ]
INFO: [ app_init ] --END-- [ RunTime:0.000000s ]
ERR: 无法加载模块:Vod-play-id-1910-sid-0-pid-1

[ 2017-06-24T23:56:59+08:00 ] 180.153.236.117 /index.php?m=vod-search-pg-2-starring-yuanyuan-letter-W.html
INFO: [ app_init ] --START--
INFO: Run Behavior\BuildLiteBehavior [ RunTime:0.000000s ]
INFO: [ app_init ] --END-- [ RunTime:0.000977s ]
ERR: 无法加载模块:Vod-search-pg-2-starring-yuanyuan-letter-W.html

[ 2017-06-24T23:57:00+08:00 ] 42.236.10.80 /index.php?s=vod-play-id-219-sid-0-pid-1.html
INFO: [ app_init ] --START--
INFO: Run Behavior\BuildLiteBehavior [ RunTime:0.000000s ]
INFO: [ app_init ] --END-- [ RunTime:0.000977s ]
ERR: 无法加载模块:Vod-play-id-219-sid-0-pid-1

[ 2017-06-24T23:57:00+08:00 ] 42.236.10.72 /index.php?m=vod-list-id-2-pg-1-order--by--class--year-0-letter-E-area--lang-.html
INFO: [ app_init ] --START--
INFO: Run Behavior\BuildLiteBehavior [ RunTime:0.000000s ]
INFO: [ app_init ] --END-- [ RunTime:0.000976s ]
ERR: 无法加载模块:Vod-list-id-2-pg-1-order--by--class--year-0-letter-E-area--lang-.html

[ 2017-06-24T23:57:00+08:00 ] 42.236.10.106 /index.php?m=vod-search-pg-2-starring-yuanyuan-letter-T.html
INFO: [ app_init ] --START--
INFO: Run Behavior\BuildLiteBehavior [ RunTime:0.000000s ]
INFO: [ app_init ] --END-- [ RunTime:0.000977s ]
ERR: 无法加载模块:Vod-search-pg-2-starring-yuanyuan-letter-T.html

[ 2017-06-24T23:57:21+08:00 ] 180.153.232.170 /index.php?m=vod-list-id-2-pg-1-order--by--class--year-0-letter-C-area-%E6%B3%95%E5%9B%BD-lang-.html
INFO: [ app_init ] --START--
INFO: Run Behavior\BuildLiteBehavior [ RunTime:0.000000s ]
INFO: [ app_init ] --END-- [ RunTime:0.000977s ]
ERR: 无法加载模块:Vod-list-id-2-pg-1-order--by--class--year-0-letter-C-area-法国-lang-.html

