[ 2017-06-27T11:04:08+08:00 ] 42.236.12.190 /index.php?s=vod-play-id-1248-sid-0-pid-1.html
INFO: [ app_init ] --START--
INFO: Run Behavior\BuildLiteBehavior [ RunTime:0.000000s ]
INFO: [ app_init ] --END-- [ RunTime:0.000977s ]
ERR: 无法加载模块:Vod-play-id-1248-sid-0-pid-1

[ 2017-06-27T11:04:08+08:00 ] 42.236.99.218 /index.php?m=vod-play-id-2130-src-1-num-1.html
INFO: [ app_init ] --START--
INFO: Run Behavior\BuildLiteBehavior [ RunTime:0.000000s ]
INFO: [ app_init ] --END-- [ RunTime:0.000977s ]
ERR: 无法加载模块:Vod-play-id-2130-src-1-num-1.html

[ 2017-06-27T11:04:08+08:00 ] 42.236.54.62 /index.php?m=vod-play-id-2462-src-1-num-1.html
INFO: [ app_init ] --START--
INFO: Run Behavior\BuildLiteBehavior [ RunTime:0.000000s ]
INFO: [ app_init ] --END-- [ RunTime:0.000000s ]
ERR: 无法加载模块:Vod-play-id-2462-src-1-num-1.html

[ 2017-06-27T11:04:08+08:00 ] 42.236.102.23 /index.php?s=gb-show-id-233.html
INFO: [ app_init ] --START--
INFO: Run Behavior\BuildLiteBehavior [ RunTime:0.000000s ]
INFO: [ app_init ] --END-- [ RunTime:0.000977s ]
ERR: 无法加载模块:Gb-show-id-233

[ 2017-06-27T11:04:08+08:00 ] 42.236.55.41 /index.php?s=vod-play-id-730-sid-0-pid-1.html
INFO: [ app_init ] --START--
INFO: Run Behavior\BuildLiteBehavior [ RunTime:0.000000s ]
INFO: [ app_init ] --END-- [ RunTime:0.000977s ]
ERR: 无法加载模块:Vod-play-id-730-sid-0-pid-1

[ 2017-06-27T11:04:08+08:00 ] 42.236.10.115 /index.php?m=vod-play-id-1107-src-1-num-1.html
INFO: [ app_init ] --START--
INFO: Run Behavior\BuildLiteBehavior [ RunTime:0.000000s ]
INFO: [ app_init ] --END-- [ RunTime:0.000000s ]
ERR: 无法加载模块:Vod-play-id-1107-src-1-num-1.html

[ 2017-06-27T11:04:09+08:00 ] 42.236.99.242 /index.php?s=gb-show-p-1228.html
INFO: [ app_init ] --START--
INFO: Run Behavior\BuildLiteBehavior [ RunTime:0.000000s ]
INFO: [ app_init ] --END-- [ RunTime:0.000000s ]
ERR: 无法加载模块:Gb-show-p-1228

[ 2017-06-27T11:04:09+08:00 ] 42.236.12.170 /index.php?s=vod-play-id-1248-sid-0-pid-1.html
INFO: [ app_init ] --START--
INFO: Run Behavior\BuildLiteBehavior [ RunTime:0.000000s ]
INFO: [ app_init ] --END-- [ RunTime:0.000976s ]
ERR: 无法加载模块:Vod-play-id-1248-sid-0-pid-1

[ 2017-06-27T11:04:09+08:00 ] 42.236.99.218 /index.php?m=vod-list-id-2-pg-1-order--by--class--year-0-letter-L-area--lang-.html
INFO: [ app_init ] --START--
INFO: Run Behavior\BuildLiteBehavior [ RunTime:0.000000s ]
INFO: [ app_init ] --END-- [ RunTime:0.000976s ]
ERR: 无法加载模块:Vod-list-id-2-pg-1-order--by--class--year-0-letter-L-area--lang-.html

[ 2017-06-27T11:04:09+08:00 ] 180.153.236.35 /index.php?s=vod-play-id-772-sid-0-pid-1.html
INFO: [ app_init ] --START--
INFO: Run Behavior\BuildLiteBehavior [ RunTime:0.000000s ]
INFO: [ app_init ] --END-- [ RunTime:0.001953s ]
ERR: 无法加载模块:Vod-play-id-772-sid-0-pid-1

[ 2017-06-27T11:04:09+08:00 ] 42.236.101.194 /index.php?s=gb-show-id-377.html
INFO: [ app_init ] --START--
INFO: Run Behavior\BuildLiteBehavior [ RunTime:0.000000s ]
INFO: [ app_init ] --END-- [ RunTime:0.000977s ]
ERR: 无法加载模块:Gb-show-id-377

[ 2017-06-27T11:04:09+08:00 ] 42.236.10.113 /index.php?s=gb-show-id-1766.html
INFO: [ app_init ] --START--
INFO: Run Behavior\BuildLiteBehavior [ RunTime:0.000000s ]
INFO: [ app_init ] --END-- [ RunTime:0.000977s ]
ERR: 无法加载模块:Gb-show-id-1766

[ 2017-06-27T11:04:09+08:00 ] 180.153.234.145 /index.php?s=gb-show-id-1766.html
INFO: [ app_init ] --START--
INFO: Run Behavior\BuildLiteBehavior [ RunTime:0.000000s ]
INFO: [ app_init ] --END-- [ RunTime:0.000977s ]
ERR: 无法加载模块:Gb-show-id-1766

[ 2017-06-27T11:04:09+08:00 ] 42.236.10.74 /index.php?s=vod-play-id-730-sid-0-pid-1.html
INFO: [ app_init ] --START--
INFO: Run Behavior\BuildLiteBehavior [ RunTime:0.000000s ]
INFO: [ app_init ] --END-- [ RunTime:0.000977s ]
ERR: 无法加载模块:Vod-play-id-730-sid-0-pid-1

[ 2017-06-27T11:04:09+08:00 ] 42.236.55.41 /index.php?s=vod-play-id-489-sid-0-pid-1.html
INFO: [ app_init ] --START--
INFO: Run Behavior\BuildLiteBehavior [ RunTime:0.000000s ]
INFO: [ app_init ] --END-- [ RunTime:0.000977s ]
ERR: 无法加载模块:Vod-play-id-489-sid-0-pid-1

[ 2017-06-27T11:04:09+08:00 ] 42.236.54.2 /index.php?s=gb-show-id-1451.html
INFO: [ app_init ] --START--
INFO: Run Behavior\BuildLiteBehavior [ RunTime:0.000000s ]
INFO: [ app_init ] --END-- [ RunTime:0.000976s ]
ERR: 无法加载模块:Gb-show-id-1451

[ 2017-06-27T11:04:09+08:00 ] 42.236.46.105 /index.php?m=vod-play-id-2462-src-1-num-1.html
INFO: [ app_init ] --START--
INFO: Run Behavior\BuildLiteBehavior [ RunTime:0.000000s ]
INFO: [ app_init ] --END-- [ RunTime:0.000977s ]
ERR: 无法加载模块:Vod-play-id-2462-src-1-num-1.html

[ 2017-06-27T11:04:09+08:00 ] 42.236.103.66 /index.php?m=vod-play-id-2130-src-1-num-1.html
INFO: [ app_init ] --START--
INFO: Run Behavior\BuildLiteBehavior [ RunTime:0.000000s ]
INFO: [ app_init ] --END-- [ RunTime:0.000977s ]
ERR: 无法加载模块:Vod-play-id-2130-src-1-num-1.html

[ 2017-06-27T11:04:09+08:00 ] 42.236.99.30 /index.php?s=vod-play-id-231-sid-0-pid-1.html
INFO: [ app_init ] --START--
INFO: Run Behavior\BuildLiteBehavior [ RunTime:0.000000s ]
INFO: [ app_init ] --END-- [ RunTime:0.000977s ]
ERR: 无法加载模块:Vod-play-id-231-sid-0-pid-1

[ 2017-06-27T11:04:10+08:00 ] 180.153.236.101 /index.php?m=vod-list-id-2-pg-1-order--by--class--year-0-letter-L-area--lang-.html
INFO: [ app_init ] --START--
INFO: Run Behavior\BuildLiteBehavior [ RunTime:0.000000s ]
INFO: [ app_init ] --END-- [ RunTime:0.000976s ]
ERR: 无法加载模块:Vod-list-id-2-pg-1-order--by--class--year-0-letter-L-area--lang-.html

[ 2017-06-27T11:04:10+08:00 ] 42.236.10.71 /index.php?s=gb-show-id-233.html
INFO: [ app_init ] --START--
INFO: Run Behavior\BuildLiteBehavior [ RunTime:0.000000s ]
INFO: [ app_init ] --END-- [ RunTime:0.000976s ]
ERR: 无法加载模块:Gb-show-id-233

[ 2017-06-27T11:04:10+08:00 ] 42.236.46.85 /index.php?m=vod-play-id-2522-src-1-num-1.html
INFO: [ app_init ] --START--
INFO: Run Behavior\BuildLiteBehavior [ RunTime:0.000000s ]
INFO: [ app_init ] --END-- [ RunTime:0.000977s ]
ERR: 无法加载模块:Vod-play-id-2522-src-1-num-1.html

[ 2017-06-27T11:04:10+08:00 ] 42.236.46.85 /index.php?s=gb-show-p-1228.html
INFO: [ app_init ] --START--
INFO: Run Behavior\BuildLiteBehavior [ RunTime:0.000000s ]
INFO: [ app_init ] --END-- [ RunTime:0.000976s ]
ERR: 无法加载模块:Gb-show-p-1228

[ 2017-06-27T11:04:10+08:00 ] 42.236.103.106 /index.php?s=gb-show-id-377.html
INFO: [ app_init ] --START--
INFO: Run Behavior\BuildLiteBehavior [ RunTime:0.000000s ]
INFO: [ app_init ] --END-- [ RunTime:0.000976s ]
ERR: 无法加载模块:Gb-show-id-377

[ 2017-06-27T11:04:10+08:00 ] 42.236.10.115 /index.php?m=vod-play-id-316-src-1-num-1.html
INFO: [ app_init ] --START--
INFO: Run Behavior\BuildLiteBehavior [ RunTime:0.000000s ]
INFO: [ app_init ] --END-- [ RunTime:0.000977s ]
ERR: 无法加载模块:Vod-play-id-316-src-1-num-1.html

[ 2017-06-27T11:04:10+08:00 ] 42.236.54.42 /index.php?m=vod-list-id-4-pg-1-order--by--class-0-year-2006-letter-H-area--lang-.html
INFO: [ app_init ] --START--
INFO: Run Behavior\BuildLiteBehavior [ RunTime:0.000000s ]
INFO: [ app_init ] --END-- [ RunTime:0.000977s ]
ERR: 无法加载模块:Vod-list-id-4-pg-1-order--by--class-0-year-2006-letter-H-area--lang-.html

[ 2017-06-27T11:04:12+08:00 ] 180.153.236.125 /index.php?m=vod-search-pg-2-starring-yuanyuan-letter-Z.html
INFO: [ app_init ] --START--
INFO: Run Behavior\BuildLiteBehavior [ RunTime:0.000000s ]
INFO: [ app_init ] --END-- [ RunTime:0.000977s ]
ERR: 无法加载模块:Vod-search-pg-2-starring-yuanyuan-letter-Z.html

[ 2017-06-27T11:04:12+08:00 ] 180.153.236.173 /index.php?s=vod-play-id-772-sid-0-pid-1.html
INFO: [ app_init ] --START--
INFO: Run Behavior\BuildLiteBehavior [ RunTime:0.000000s ]
INFO: [ app_init ] --END-- [ RunTime:0.000976s ]
ERR: 无法加载模块:Vod-play-id-772-sid-0-pid-1

[ 2017-06-27T11:04:16+08:00 ] 180.153.236.59 /index.php?m=vod-search-pg-2-starring-yuanyuan-letter-Z.html
INFO: [ app_init ] --START--
INFO: Run Behavior\BuildLiteBehavior [ RunTime:0.000000s ]
INFO: [ app_init ] --END-- [ RunTime:0.000977s ]
ERR: 无法加载模块:Vod-search-pg-2-starring-yuanyuan-letter-Z.html

[ 2017-06-27T11:04:22+08:00 ] 180.153.236.67 /index.php?s=vod-play-id-231-sid-0-pid-1.html
INFO: [ app_init ] --START--
INFO: Run Behavior\BuildLiteBehavior [ RunTime:0.000000s ]
INFO: [ app_init ] --END-- [ RunTime:0.000976s ]
ERR: 无法加载模块:Vod-play-id-231-sid-0-pid-1

[ 2017-06-27T11:04:22+08:00 ] 180.153.236.67 /index.php?m=vod-list-id-4-pg-1-order--by--class-0-year-2006-letter-H-area--lang-.html
INFO: [ app_init ] --START--
INFO: Run Behavior\BuildLiteBehavior [ RunTime:0.000000s ]
INFO: [ app_init ] --END-- [ RunTime:0.001953s ]
ERR: 无法加载模块:Vod-list-id-4-pg-1-order--by--class-0-year-2006-letter-H-area--lang-.html

[ 2017-06-27T11:04:22+08:00 ] 180.153.236.67 /index.php?s=vod-play-id-489-sid-0-pid-1.html
INFO: [ app_init ] --START--
INFO: Run Behavior\BuildLiteBehavior [ RunTime:0.000000s ]
INFO: [ app_init ] --END-- [ RunTime:0.000000s ]
ERR: 无法加载模块:Vod-play-id-489-sid-0-pid-1

[ 2017-06-27T11:04:24+08:00 ] 180.153.236.117 /index.php?m=vod-list-id-4-pg-1-order--by--class-0-year-2006-letter-T-area--lang-.html
INFO: [ app_init ] --START--
INFO: Run Behavior\BuildLiteBehavior [ RunTime:0.000000s ]
INFO: [ app_init ] --END-- [ RunTime:0.000976s ]
ERR: 无法加载模块:Vod-list-id-4-pg-1-order--by--class-0-year-2006-letter-T-area--lang-.html

[ 2017-06-27T11:04:24+08:00 ] 180.153.236.165 /index.php?m=vod-play-id-316-src-1-num-1.html
INFO: [ app_init ] --START--
INFO: Run Behavior\BuildLiteBehavior [ RunTime:0.000000s ]
INFO: [ app_init ] --END-- [ RunTime:0.000977s ]
ERR: 无法加载模块:Vod-play-id-316-src-1-num-1.html

[ 2017-06-27T11:04:30+08:00 ] 180.153.236.157 /index.php?m=vod-list-id-4-pg-1-order--by--class-0-year-2006-letter-T-area--lang-.html
INFO: [ app_init ] --START--
INFO: Run Behavior\BuildLiteBehavior [ RunTime:0.000000s ]
INFO: [ app_init ] --END-- [ RunTime:0.000976s ]
ERR: 无法加载模块:Vod-list-id-4-pg-1-order--by--class-0-year-2006-letter-T-area--lang-.html

