[ 2017-09-13T00:34:13+08:00 ] 42.236.12.130 /index.php?s=gb-show-id-1182.html
INFO: [ app_init ] --START--
INFO: Run Behavior\BuildLiteBehavior [ RunTime:0.000000s ]
INFO: [ app_init ] --END-- [ RunTime:0.000976s ]
ERR: 无法加载模块:Gb-show-id-1182

[ 2017-09-13T00:34:16+08:00 ] 42.236.99.30 /index.php?s=vod-play-id-1363-sid-0-pid-1.html
INFO: [ app_init ] --START--
INFO: Run Behavior\BuildLiteBehavior [ RunTime:0.000000s ]
INFO: [ app_init ] --END-- [ RunTime:0.000977s ]
ERR: 无法加载模块:Vod-play-id-1363-sid-0-pid-1

[ 2017-09-13T00:34:25+08:00 ] 42.236.99.194 /index.php?m=vod-search-pg-235-starring-yuanyuan-by-hits.html
INFO: [ app_init ] --START--
INFO: Run Behavior\BuildLiteBehavior [ RunTime:0.000000s ]
INFO: [ app_init ] --END-- [ RunTime:0.000000s ]
ERR: 无法加载模块:Vod-search-pg-235-starring-yuanyuan-by-hits.html

[ 2017-09-13T00:34:39+08:00 ] 42.236.99.86 /index.php?m=vod-play-id-293-src-1-num-1.html
INFO: [ app_init ] --START--
INFO: Run Behavior\BuildLiteBehavior [ RunTime:0.000000s ]
INFO: [ app_init ] --END-- [ RunTime:0.000000s ]
ERR: 无法加载模块:Vod-play-id-293-src-1-num-1.html

[ 2017-09-13T00:34:57+08:00 ] 42.236.99.37 /index.php?s=gb-show-id-1811.html
INFO: [ app_init ] --START--
INFO: Run Behavior\BuildLiteBehavior [ RunTime:0.000000s ]
INFO: [ app_init ] --END-- [ RunTime:0.000977s ]
ERR: 无法加载模块:Gb-show-id-1811

[ 2017-09-13T00:35:56+08:00 ] 180.153.236.173 /index.php?s=gb-show-id-429.html
INFO: [ app_init ] --START--
INFO: Run Behavior\BuildLiteBehavior [ RunTime:0.000000s ]
INFO: [ app_init ] --END-- [ RunTime:0.000977s ]
ERR: 无法加载模块:Gb-show-id-429

[ 2017-09-13T22:12:48+08:00 ] 42.236.99.178 /index.php?m=vod-play-id-2168-src-1-num-1.html
INFO: [ app_init ] --START--
INFO: Run Behavior\BuildLiteBehavior [ RunTime:0.000000s ]
INFO: [ app_init ] --END-- [ RunTime:0.000977s ]
ERR: 无法加载模块:Vod-play-id-2168-src-1-num-1.html

[ 2017-09-13T22:12:49+08:00 ] 42.236.99.230 /index.php?m=vod-list-id-4-pg-1-order--by--class-0-year-2008-letter-X-area--lang-.html
INFO: [ app_init ] --START--
INFO: Run Behavior\BuildLiteBehavior [ RunTime:0.000000s ]
INFO: [ app_init ] --END-- [ RunTime:0.000000s ]
ERR: 无法加载模块:Vod-list-id-4-pg-1-order--by--class-0-year-2008-letter-X-area--lang-.html

[ 2017-09-13T22:12:49+08:00 ] 42.236.99.206 /index.php?s=vod-play-id-885-sid-0-pid-1.html
INFO: [ app_init ] --START--
INFO: Run Behavior\BuildLiteBehavior [ RunTime:0.000000s ]
INFO: [ app_init ] --END-- [ RunTime:0.000000s ]
ERR: 无法加载模块:Vod-play-id-885-sid-0-pid-1

[ 2017-09-13T22:12:49+08:00 ] 42.236.99.166 /index.php?s=vod-play-id-344-sid-0-pid-1.html
INFO: [ app_init ] --START--
INFO: Run Behavior\BuildLiteBehavior [ RunTime:0.000000s ]
INFO: [ app_init ] --END-- [ RunTime:0.000000s ]
ERR: 无法加载模块:Vod-play-id-344-sid-0-pid-1

[ 2017-09-13T22:12:49+08:00 ] 42.236.99.9 /index.php?s=vod-play-id-1198-sid-0-pid-1.html
INFO: [ app_init ] --START--
INFO: Run Behavior\BuildLiteBehavior [ RunTime:0.000000s ]
INFO: [ app_init ] --END-- [ RunTime:0.000977s ]
ERR: 无法加载模块:Vod-play-id-1198-sid-0-pid-1

[ 2017-09-13T22:12:50+08:00 ] 42.236.99.79 /index.php?s=vod-play-id-1411-sid-0-pid-1.html
INFO: [ app_init ] --START--
INFO: Run Behavior\BuildLiteBehavior [ RunTime:0.000000s ]
INFO: [ app_init ] --END-- [ RunTime:0.000976s ]
ERR: 无法加载模块:Vod-play-id-1411-sid-0-pid-1

