[ 2017-05-19T05:07:27+08:00 ] 42.236.99.166 /index.php?m=vod-play-id-107-src-1-num-1.html
INFO: [ app_init ] --START--
INFO: Run Behavior\BuildLiteBehavior [ RunTime:0.000000s ]
INFO: [ app_init ] --END-- [ RunTime:0.000000s ]
ERR: 无法加载模块:Vod-play-id-107-src-1-num-1.html

[ 2017-05-19T05:07:27+08:00 ] 42.236.10.80 /index.php?m=vod-play-id-1987-src-1-num-1.html
INFO: [ app_init ] --START--
INFO: Run Behavior\BuildLiteBehavior [ RunTime:0.000000s ]
INFO: [ app_init ] --END-- [ RunTime:0.000977s ]
ERR: 无法加载模块:Vod-play-id-1987-src-1-num-1.html

[ 2017-05-19T05:07:28+08:00 ] 42.236.10.107 /index.php?s=vod-play-id-440-sid-0-pid-1.html
INFO: [ app_init ] --START--
INFO: Run Behavior\BuildLiteBehavior [ RunTime:0.000000s ]
INFO: [ app_init ] --END-- [ RunTime:0.000000s ]
ERR: 无法加载模块:Vod-play-id-440-sid-0-pid-1

[ 2017-05-19T05:07:28+08:00 ] 42.236.10.75 /index.php?m=vod-play-id-2361-src-1-num-1.html
INFO: [ app_init ] --START--
INFO: Run Behavior\BuildLiteBehavior [ RunTime:0.000000s ]
INFO: [ app_init ] --END-- [ RunTime:0.000000s ]
ERR: 无法加载模块:Vod-play-id-2361-src-1-num-1.html

[ 2017-05-19T05:07:28+08:00 ] 42.236.99.166 /index.php?s=gb-show-id-61.html
INFO: [ app_init ] --START--
INFO: Run Behavior\BuildLiteBehavior [ RunTime:0.000000s ]
INFO: [ app_init ] --END-- [ RunTime:0.000976s ]
ERR: 无法加载模块:Gb-show-id-61

[ 2017-05-19T05:07:28+08:00 ] 42.236.10.81 /index.php?m=vod-list-id-2-pg-1-order--by--class-34-year--letter--area--lang-.html
INFO: [ app_init ] --START--
INFO: Run Behavior\BuildLiteBehavior [ RunTime:0.000000s ]
INFO: [ app_init ] --END-- [ RunTime:0.000976s ]
ERR: 无法加载模块:Vod-list-id-2-pg-1-order--by--class-34-year--letter--area--lang-.html

[ 2017-05-19T05:07:28+08:00 ] 180.153.236.109 /index.php?s=vod-play-id-1289-sid-0-pid-1.html
INFO: [ app_init ] --START--
INFO: Run Behavior\BuildLiteBehavior [ RunTime:0.000000s ]
INFO: [ app_init ] --END-- [ RunTime:0.000976s ]
ERR: 无法加载模块:Vod-play-id-1289-sid-0-pid-1

[ 2017-05-19T05:07:28+08:00 ] 42.236.10.100 /index.php?m=vod-play-id-1137-src-1-num-1.html
INFO: [ app_init ] --START--
INFO: Run Behavior\BuildLiteBehavior [ RunTime:0.000000s ]
INFO: [ app_init ] --END-- [ RunTime:0.000976s ]
ERR: 无法加载模块:Vod-play-id-1137-src-1-num-1.html

[ 2017-05-19T05:07:28+08:00 ] 180.153.236.149 /index.php?m=vod-play-id-1454-src-1-num-1.html
INFO: [ app_init ] --START--
INFO: Run Behavior\BuildLiteBehavior [ RunTime:0.000000s ]
INFO: [ app_init ] --END-- [ RunTime:0.000000s ]
ERR: 无法加载模块:Vod-play-id-1454-src-1-num-1.html

[ 2017-05-19T05:07:28+08:00 ] 42.236.99.142 /index.php?m=vod-list-id-1-pg-1-order--by-time-class-0-year-2001-letter--area--lang-.html
INFO: [ app_init ] --START--
INFO: Run Behavior\BuildLiteBehavior [ RunTime:0.000000s ]
INFO: [ app_init ] --END-- [ RunTime:0.000977s ]
ERR: 无法加载模块:Vod-list-id-1-pg-1-order--by-time-class-0-year-2001-letter--area--lang-.html

[ 2017-05-19T05:07:28+08:00 ] 42.236.54.42 /index.php?s=gb-show-id-1022.html
INFO: [ app_init ] --START--
INFO: Run Behavior\BuildLiteBehavior [ RunTime:0.000000s ]
INFO: [ app_init ] --END-- [ RunTime:0.000977s ]
ERR: 无法加载模块:Gb-show-id-1022

[ 2017-05-19T05:07:28+08:00 ] 42.236.10.83 /index.php?m=vod-play-id-2406-src-1-num-1.html
INFO: [ app_init ] --START--
INFO: Run Behavior\BuildLiteBehavior [ RunTime:0.000000s ]
INFO: [ app_init ] --END-- [ RunTime:0.000977s ]
ERR: 无法加载模块:Vod-play-id-2406-src-1-num-1.html

[ 2017-05-19T05:07:28+08:00 ] 42.236.103.106 /index.php?m=vod-play-id-5-src-1-num-1.html
INFO: [ app_init ] --START--
INFO: Run Behavior\BuildLiteBehavior [ RunTime:0.000000s ]
INFO: [ app_init ] --END-- [ RunTime:0.000977s ]
ERR: 无法加载模块:Vod-play-id-5-src-1-num-1.html

[ 2017-05-19T05:07:29+08:00 ] 42.236.99.72 /index.php?m=vod-search-pg-2-starring-yuanyuan-classid-51.html
INFO: [ app_init ] --START--
INFO: Run Behavior\BuildLiteBehavior [ RunTime:0.000000s ]
INFO: [ app_init ] --END-- [ RunTime:0.000977s ]
ERR: 无法加载模块:Vod-search-pg-2-starring-yuanyuan-classid-51.html

[ 2017-05-19T05:07:29+08:00 ] 42.236.99.79 /index.php?m=vod-play-id-961-src-1-num-1.html
INFO: [ app_init ] --START--
INFO: Run Behavior\BuildLiteBehavior [ RunTime:0.000000s ]
INFO: [ app_init ] --END-- [ RunTime:0.000977s ]
ERR: 无法加载模块:Vod-play-id-961-src-1-num-1.html

[ 2017-05-19T05:07:29+08:00 ] 42.236.46.105 /index.php?m=vod-list-id-6-pg-4-order--by-score-class-0-year-0-letter--area--lang-.html
INFO: [ app_init ] --START--
INFO: Run Behavior\BuildLiteBehavior [ RunTime:0.000000s ]
INFO: [ app_init ] --END-- [ RunTime:0.000977s ]
ERR: 无法加载模块:Vod-list-id-6-pg-4-order--by-score-class-0-year-0-letter--area--lang-.html

[ 2017-05-19T05:07:29+08:00 ] 42.236.99.194 /index.php?m=vod-list-id-5-pg-1-order--by--class--year-2013-letter--area--lang-.html
INFO: [ app_init ] --START--
INFO: Run Behavior\BuildLiteBehavior [ RunTime:0.000000s ]
INFO: [ app_init ] --END-- [ RunTime:0.000000s ]
ERR: 无法加载模块:Vod-list-id-5-pg-1-order--by--class--year-2013-letter--area--lang-.html

[ 2017-05-19T05:07:29+08:00 ] 42.236.10.83 /index.php?m=vod-play-id-93-src-1-num-1.html
INFO: [ app_init ] --START--
INFO: Run Behavior\BuildLiteBehavior [ RunTime:0.000000s ]
INFO: [ app_init ] --END-- [ RunTime:0.000977s ]
ERR: 无法加载模块:Vod-play-id-93-src-1-num-1.html

[ 2017-05-19T05:07:29+08:00 ] 42.236.99.142 /index.php?m=vod-list-id-2-pg-1-order--by--class--year-2013-letter--area--lang-.html
INFO: [ app_init ] --START--
INFO: Run Behavior\BuildLiteBehavior [ RunTime:0.000000s ]
INFO: [ app_init ] --END-- [ RunTime:0.000000s ]
ERR: 无法加载模块:Vod-list-id-2-pg-1-order--by--class--year-2013-letter--area--lang-.html

[ 2017-05-19T05:07:29+08:00 ] 42.236.10.74 /index.php?s=vod-play-id-701-sid-0-pid-1.html
INFO: [ app_init ] --START--
INFO: Run Behavior\BuildLiteBehavior [ RunTime:0.000000s ]
INFO: [ app_init ] --END-- [ RunTime:0.000977s ]
ERR: 无法加载模块:Vod-play-id-701-sid-0-pid-1

[ 2017-05-19T05:07:30+08:00 ] 42.236.54.22 /index.php?m=vod-list-id-4-pg-1-order--by--class-0-year-2005-letter-B-area-%E6%B3%95%E5%9B%BD-lang-.html
INFO: [ app_init ] --START--
INFO: Run Behavior\BuildLiteBehavior [ RunTime:0.000000s ]
INFO: [ app_init ] --END-- [ RunTime:0.000000s ]
ERR: 无法加载模块:Vod-list-id-4-pg-1-order--by--class-0-year-2005-letter-B-area-法国-lang-.html

[ 2017-05-19T05:07:57+08:00 ] 180.153.236.67 /index.php?m=vod-list-id-7-pg-1-order--by--class--year--letter--area-%E5%8D%B0%E5%BA%A6-lang-.html
INFO: [ app_init ] --START--
INFO: Run Behavior\BuildLiteBehavior [ RunTime:0.000000s ]
INFO: [ app_init ] --END-- [ RunTime:0.000000s ]
ERR: 无法加载模块:Vod-list-id-7-pg-1-order--by--class--year--letter--area-印度-lang-.html

