[ 2017-03-29T00:46:40+08:00 ] 42.236.99.206 /index.php?m=vod-list-id-2-pg-1-order--by--class-15-year-2010-letter--area-%E9%9F%A9%E5%9B%BD-lang-.html
INFO: [ app_init ] --START--
INFO: Run Behavior\BuildLiteBehavior [ RunTime:0.000019s ]
INFO: [ app_init ] --END-- [ RunTime:0.000357s ]
ERR: 无法加载模块:Vod-list-id-2-pg-1-order--by--class-15-year-2010-letter--area-韩国-lang-.html

[ 2017-03-29T00:46:40+08:00 ] 42.236.99.166 /index.php?s=vod-play-id-901-sid-0-pid-1.html
INFO: [ app_init ] --START--
INFO: Run Behavior\BuildLiteBehavior [ RunTime:0.000012s ]
INFO: [ app_init ] --END-- [ RunTime:0.000351s ]
ERR: 无法加载模块:Vod-play-id-901-sid-0-pid-1

[ 2017-03-29T00:46:40+08:00 ] 42.236.99.65 /index.php?m=vod-list-id-7-pg-1-order--by--class--year--letter--area-%E4%BF%84%E7%BD%97%E6%96%AF-lang-.html
INFO: [ app_init ] --START--
INFO: Run Behavior\BuildLiteBehavior [ RunTime:0.000014s ]
INFO: [ app_init ] --END-- [ RunTime:0.000321s ]
ERR: 无法加载模块:Vod-list-id-7-pg-1-order--by--class--year--letter--area-俄罗斯-lang-.html

[ 2017-03-29T00:46:41+08:00 ] 42.236.10.111 /index.php?m=vod-list-id-5-pg-1-order--by--class-0-year-0-letter-A-area-%E4%BF%84%E7%BD%97%E6%96%AF-lang-.html
INFO: [ app_init ] --START--
INFO: Run Behavior\BuildLiteBehavior [ RunTime:0.000022s ]
INFO: [ app_init ] --END-- [ RunTime:0.000521s ]
ERR: 无法加载模块:Vod-list-id-5-pg-1-order--by--class-0-year-0-letter-A-area-俄罗斯-lang-.html

[ 2017-03-29T00:46:41+08:00 ] 42.236.10.108 /index.php?m=vod-play-id-2383-src-1-num-1.html
INFO: [ app_init ] --START--
INFO: Run Behavior\BuildLiteBehavior [ RunTime:0.000014s ]
INFO: [ app_init ] --END-- [ RunTime:0.000368s ]
ERR: 无法加载模块:Vod-play-id-2383-src-1-num-1.html

[ 2017-03-29T00:46:41+08:00 ] 42.236.99.30 /index.php?m=vod-play-id-2055-src-1-num-1.html
INFO: [ app_init ] --START--
INFO: Run Behavior\BuildLiteBehavior [ RunTime:0.000014s ]
INFO: [ app_init ] --END-- [ RunTime:0.000336s ]
ERR: 无法加载模块:Vod-play-id-2055-src-1-num-1.html

[ 2017-03-29T00:46:42+08:00 ] 42.236.10.105 /index.php?m=vod-list-id-5-pg-2-order--by-score-class-0-year-0-letter--area--lang-.html
INFO: [ app_init ] --START--
INFO: Run Behavior\BuildLiteBehavior [ RunTime:0.000014s ]
INFO: [ app_init ] --END-- [ RunTime:0.000315s ]
ERR: 无法加载模块:Vod-list-id-5-pg-2-order--by-score-class-0-year-0-letter--area--lang-.html

[ 2017-03-29T00:46:42+08:00 ] 180.153.236.173 /index.php?m=vod-search-pg-237-year-2010-starring-yuanyuan.html
INFO: [ app_init ] --START--
INFO: Run Behavior\BuildLiteBehavior [ RunTime:0.000014s ]
INFO: [ app_init ] --END-- [ RunTime:0.000340s ]
ERR: 无法加载模块:Vod-search-pg-237-year-2010-starring-yuanyuan.html

[ 2017-03-29T00:46:42+08:00 ] 42.236.99.44 /index.php?s=gb-show-id-1367.html
INFO: [ app_init ] --START--
INFO: Run Behavior\BuildLiteBehavior [ RunTime:0.000014s ]
INFO: [ app_init ] --END-- [ RunTime:0.000330s ]
ERR: 无法加载模块:Gb-show-id-1367

[ 2017-03-29T00:46:43+08:00 ] 42.236.10.104 /index.php?m=vod-play-id-1047-src-1-num-1.html
INFO: [ app_init ] --START--
INFO: Run Behavior\BuildLiteBehavior [ RunTime:0.000014s ]
INFO: [ app_init ] --END-- [ RunTime:0.000297s ]
ERR: 无法加载模块:Vod-play-id-1047-src-1-num-1.html

[ 2017-03-29T00:46:43+08:00 ] 42.236.10.110 /index.php?m=vod-play-id-994-src-1-num-1.html
INFO: [ app_init ] --START--
INFO: Run Behavior\BuildLiteBehavior [ RunTime:0.000015s ]
INFO: [ app_init ] --END-- [ RunTime:0.000324s ]
ERR: 无法加载模块:Vod-play-id-994-src-1-num-1.html

[ 2017-03-29T00:46:43+08:00 ] 42.236.10.100 /index.php?s=vod-play-id-389-sid-0-pid-1.html
INFO: [ app_init ] --START--
INFO: Run Behavior\BuildLiteBehavior [ RunTime:0.000022s ]
INFO: [ app_init ] --END-- [ RunTime:0.000297s ]
ERR: 无法加载模块:Vod-play-id-389-sid-0-pid-1

[ 2017-03-29T00:46:44+08:00 ] 42.236.99.86 /index.php?s=gb-show-id-512.html
INFO: [ app_init ] --START--
INFO: Run Behavior\BuildLiteBehavior [ RunTime:0.000017s ]
INFO: [ app_init ] --END-- [ RunTime:0.000376s ]
ERR: 无法加载模块:Gb-show-id-512

[ 2017-03-29T00:46:44+08:00 ] 42.236.99.154 /index.php?m=vod-list-id-2-pg-1-order--by--class-28-year-2012-letter--area--lang-.html
INFO: [ app_init ] --START--
INFO: Run Behavior\BuildLiteBehavior [ RunTime:0.000014s ]
INFO: [ app_init ] --END-- [ RunTime:0.000343s ]
ERR: 无法加载模块:Vod-list-id-2-pg-1-order--by--class-28-year-2012-letter--area--lang-.html

[ 2017-03-29T00:46:45+08:00 ] 42.236.99.79 /index.php?s=vod-play-id-614-sid-0-pid-1.html
INFO: [ app_init ] --START--
INFO: Run Behavior\BuildLiteBehavior [ RunTime:0.000018s ]
INFO: [ app_init ] --END-- [ RunTime:0.000353s ]
ERR: 无法加载模块:Vod-play-id-614-sid-0-pid-1

[ 2017-03-29T00:46:46+08:00 ] 42.236.99.37 /index.php?m=vod-play-id-1798-src-1-num-1.html
INFO: [ app_init ] --START--
INFO: Run Behavior\BuildLiteBehavior [ RunTime:0.000024s ]
INFO: [ app_init ] --END-- [ RunTime:0.000406s ]
ERR: 无法加载模块:Vod-play-id-1798-src-1-num-1.html

[ 2017-03-29T00:46:46+08:00 ] 42.236.99.218 /index.php?s=vod-play-id-151-sid-0-pid-1.html
INFO: [ app_init ] --START--
INFO: Run Behavior\BuildLiteBehavior [ RunTime:0.000013s ]
INFO: [ app_init ] --END-- [ RunTime:0.000269s ]
ERR: 无法加载模块:Vod-play-id-151-sid-0-pid-1

[ 2017-03-29T00:46:47+08:00 ] 42.236.99.72 /index.php?m=vod-play-id-753-src-1-num-1.html
INFO: [ app_init ] --START--
INFO: Run Behavior\BuildLiteBehavior [ RunTime:0.000018s ]
INFO: [ app_init ] --END-- [ RunTime:0.000442s ]
ERR: 无法加载模块:Vod-play-id-753-src-1-num-1.html

[ 2017-03-29T00:46:47+08:00 ] 42.236.99.65 /index.php?m=vod-play-id-337-src-1-num-1.html
INFO: [ app_init ] --START--
INFO: Run Behavior\BuildLiteBehavior [ RunTime:0.000014s ]
INFO: [ app_init ] --END-- [ RunTime:0.000328s ]
ERR: 无法加载模块:Vod-play-id-337-src-1-num-1.html

[ 2017-03-29T00:46:48+08:00 ] 42.236.10.83 /index.php?m=vod-play-id-1401-src-1-num-1.html
INFO: [ app_init ] --START--
INFO: Run Behavior\BuildLiteBehavior [ RunTime:0.000054s ]
INFO: [ app_init ] --END-- [ RunTime:0.000490s ]
ERR: 无法加载模块:Vod-play-id-1401-src-1-num-1.html

[ 2017-03-29T00:46:49+08:00 ] 42.236.10.111 /index.php?s=gb-show-p-4925.html
INFO: [ app_init ] --START--
INFO: Run Behavior\BuildLiteBehavior [ RunTime:0.000019s ]
INFO: [ app_init ] --END-- [ RunTime:0.000335s ]
ERR: 无法加载模块:Gb-show-p-4925

[ 2017-03-29T00:46:50+08:00 ] 42.236.10.112 /index.php?m=vod-play-id-2200-src-1-num-1.html
INFO: [ app_init ] --START--
INFO: Run Behavior\BuildLiteBehavior [ RunTime:0.000013s ]
INFO: [ app_init ] --END-- [ RunTime:0.000275s ]
ERR: 无法加载模块:Vod-play-id-2200-src-1-num-1.html

[ 2017-03-29T21:24:26+08:00 ] 42.236.99.2 /index.php?m=vod-list-id-2-pg-1-order--by--class-15-year-2010-letter--area--lang-.html
INFO: [ app_init ] --START--
INFO: Run Behavior\BuildLiteBehavior [ RunTime:0.000016s ]
INFO: [ app_init ] --END-- [ RunTime:0.000336s ]
ERR: 无法加载模块:Vod-list-id-2-pg-1-order--by--class-15-year-2010-letter--area--lang-.html

[ 2017-03-29T21:24:26+08:00 ] 42.236.99.130 /index.php?m=vod-list-id-5-pg-3-order--by--class-0-year-0-letter--area-%E5%A4%A7%E9%99%86-lang-.html
INFO: [ app_init ] --START--
INFO: Run Behavior\BuildLiteBehavior [ RunTime:0.000019s ]
INFO: [ app_init ] --END-- [ RunTime:0.000446s ]
ERR: 无法加载模块:Vod-list-id-5-pg-3-order--by--class-0-year-0-letter--area-大陆-lang-.html

[ 2017-03-29T21:24:26+08:00 ] 42.236.99.79 /index.php?m=vod-play-id-221-src-1-num-1.html
INFO: [ app_init ] --START--
INFO: Run Behavior\BuildLiteBehavior [ RunTime:0.000020s ]
INFO: [ app_init ] --END-- [ RunTime:0.000445s ]
ERR: 无法加载模块:Vod-play-id-221-src-1-num-1.html

[ 2017-03-29T21:24:26+08:00 ] 42.236.10.71 /index.php?s=vod-play-id-615-sid-0-pid-1.html
INFO: [ app_init ] --START--
INFO: Run Behavior\BuildLiteBehavior [ RunTime:0.000014s ]
INFO: [ app_init ] --END-- [ RunTime:0.000350s ]
ERR: 无法加载模块:Vod-play-id-615-sid-0-pid-1

[ 2017-03-29T21:24:27+08:00 ] 42.236.99.230 /index.php?s=vod-play-id-1512-sid-0-pid-1.html
INFO: [ app_init ] --START--
INFO: Run Behavior\BuildLiteBehavior [ RunTime:0.000015s ]
INFO: [ app_init ] --END-- [ RunTime:0.000422s ]
ERR: 无法加载模块:Vod-play-id-1512-sid-0-pid-1

[ 2017-03-29T21:24:27+08:00 ] 42.236.99.154 /index.php?m=vod-play-id-352-src-1-num-1.html
INFO: [ app_init ] --START--
INFO: Run Behavior\BuildLiteBehavior [ RunTime:0.000019s ]
INFO: [ app_init ] --END-- [ RunTime:0.000356s ]
ERR: 无法加载模块:Vod-play-id-352-src-1-num-1.html

[ 2017-03-29T21:24:27+08:00 ] 42.236.10.84 /index.php?s=gb-show-id-1403.html
INFO: [ app_init ] --START--
INFO: Run Behavior\BuildLiteBehavior [ RunTime:0.000019s ]
INFO: [ app_init ] --END-- [ RunTime:0.000440s ]
ERR: 无法加载模块:Gb-show-id-1403

[ 2017-03-29T21:24:27+08:00 ] 42.236.10.76 /index.php?m=vod-list-id-7-pg-1-order--by--class--year--letter--area-%E5%85%B6%E5%AE%83-lang-.html
INFO: [ app_init ] --START--
INFO: Run Behavior\BuildLiteBehavior [ RunTime:0.000016s ]
INFO: [ app_init ] --END-- [ RunTime:0.000322s ]
ERR: 无法加载模块:Vod-list-id-7-pg-1-order--by--class--year--letter--area-其它-lang-.html

[ 2017-03-29T21:24:28+08:00 ] 42.236.10.110 /index.php?m=vod-search-pg-237-year-2011-starring-yuanyuan.html
INFO: [ app_init ] --START--
INFO: Run Behavior\BuildLiteBehavior [ RunTime:0.000021s ]
INFO: [ app_init ] --END-- [ RunTime:0.000376s ]
ERR: 无法加载模块:Vod-search-pg-237-year-2011-starring-yuanyuan.html

[ 2017-03-29T21:24:28+08:00 ] 42.236.99.154 /index.php?m=vod-play-id-844-src-1-num-1.html
INFO: [ app_init ] --START--
INFO: Run Behavior\BuildLiteBehavior [ RunTime:0.000020s ]
INFO: [ app_init ] --END-- [ RunTime:0.000341s ]
ERR: 无法加载模块:Vod-play-id-844-src-1-num-1.html

[ 2017-03-29T21:24:28+08:00 ] 42.236.99.242 /index.php?m=vod-play-id-2057-src-1-num-1.html
INFO: [ app_init ] --START--
INFO: Run Behavior\BuildLiteBehavior [ RunTime:0.000014s ]
INFO: [ app_init ] --END-- [ RunTime:0.000291s ]
ERR: 无法加载模块:Vod-play-id-2057-src-1-num-1.html

[ 2017-03-29T21:24:28+08:00 ] 42.236.99.2 /index.php?s=gb-show-id-514.html
INFO: [ app_init ] --START--
INFO: Run Behavior\BuildLiteBehavior [ RunTime:0.000016s ]
INFO: [ app_init ] --END-- [ RunTime:0.000339s ]
ERR: 无法加载模块:Gb-show-id-514

[ 2017-03-29T21:24:28+08:00 ] 180.153.236.43 /index.php?s=gb-show-p-4941.html
INFO: [ app_init ] --START--
INFO: Run Behavior\BuildLiteBehavior [ RunTime:0.000023s ]
INFO: [ app_init ] --END-- [ RunTime:0.000507s ]
ERR: 无法加载模块:Gb-show-p-4941

[ 2017-03-29T21:24:28+08:00 ] 42.236.10.74 /index.php?m=vod-play-id-142-src-1-num-1.html
INFO: [ app_init ] --START--
INFO: Run Behavior\BuildLiteBehavior [ RunTime:0.000013s ]
INFO: [ app_init ] --END-- [ RunTime:0.000315s ]
ERR: 无法加载模块:Vod-play-id-142-src-1-num-1.html

[ 2017-03-29T21:24:28+08:00 ] 42.236.10.109 /index.php?m=vod-play-id-2384-src-1-num-1.html
INFO: [ app_init ] --START--
INFO: Run Behavior\BuildLiteBehavior [ RunTime:0.000016s ]
INFO: [ app_init ] --END-- [ RunTime:0.000340s ]
ERR: 无法加载模块:Vod-play-id-2384-src-1-num-1.html

[ 2017-03-29T21:24:29+08:00 ] 180.153.236.67 /index.php?m=vod-play-id-105-src-1-num-1.html
INFO: [ app_init ] --START--
INFO: Run Behavior\BuildLiteBehavior [ RunTime:0.000020s ]
INFO: [ app_init ] --END-- [ RunTime:0.000434s ]
ERR: 无法加载模块:Vod-play-id-105-src-1-num-1.html

[ 2017-03-29T21:24:30+08:00 ] 42.236.99.2 /index.php?s=vod-play-id-906-sid-0-pid-1.html
INFO: [ app_init ] --START--
INFO: Run Behavior\BuildLiteBehavior [ RunTime:0.000023s ]
INFO: [ app_init ] --END-- [ RunTime:0.000470s ]
ERR: 无法加载模块:Vod-play-id-906-sid-0-pid-1

[ 2017-03-29T21:24:33+08:00 ] 42.236.10.102 /index.php?m=vod-list-id-5-pg-1-order--by--class-0-year-0-letter-A-area-%E5%85%B6%E5%AE%83-lang-.html
INFO: [ app_init ] --START--
INFO: Run Behavior\BuildLiteBehavior [ RunTime:0.000015s ]
INFO: [ app_init ] --END-- [ RunTime:0.000288s ]
ERR: 无法加载模块:Vod-list-id-5-pg-1-order--by--class-0-year-0-letter-A-area-其它-lang-.html

[ 2017-03-29T21:24:35+08:00 ] 42.236.10.113 /index.php?m=vod-play-id-1817-src-1-num-1.html
INFO: [ app_init ] --START--
INFO: Run Behavior\BuildLiteBehavior [ RunTime:0.000022s ]
INFO: [ app_init ] --END-- [ RunTime:0.000425s ]
ERR: 无法加载模块:Vod-play-id-1817-src-1-num-1.html

[ 2017-03-29T21:24:42+08:00 ] 180.153.236.173 /index.php?m=vod-play-id-995-src-1-num-1.html
INFO: [ app_init ] --START--
INFO: Run Behavior\BuildLiteBehavior [ RunTime:0.000014s ]
INFO: [ app_init ] --END-- [ RunTime:0.000606s ]
ERR: 无法加载模块:Vod-play-id-995-src-1-num-1.html

[ 2017-03-29T21:25:28+08:00 ] 180.153.236.173 /index.php?s=vod-play-id-39-sid-0-pid-1.html
INFO: [ app_init ] --START--
INFO: Run Behavior\BuildLiteBehavior [ RunTime:0.000030s ]
INFO: [ app_init ] --END-- [ RunTime:0.000359s ]
ERR: 无法加载模块:Vod-play-id-39-sid-0-pid-1

[ 2017-03-29T21:26:29+08:00 ] 180.153.236.173 /index.php?m=vod-list-id-2-pg-1-order--by--class-29-year--letter--area--lang-.html
INFO: [ app_init ] --START--
INFO: Run Behavior\BuildLiteBehavior [ RunTime:0.000015s ]
INFO: [ app_init ] --END-- [ RunTime:0.000355s ]
ERR: 无法加载模块:Vod-list-id-2-pg-1-order--by--class-29-year--letter--area--lang-.html

