[ 2017-04-15T13:37:34+08:00 ] 66.249.65.10 /index.php?s=gb-show-p-2561.html
INFO: [ app_init ] --START--
INFO: Run Behavior\BuildLiteBehavior [ RunTime:0.000021s ]
INFO: [ app_init ] --END-- [ RunTime:0.000507s ]
ERR: 无法加载模块:Gb-show-p-2561

[ 2017-04-15T13:54:55+08:00 ] 66.249.65.12 /index.php?s=gb-show-p-790.html
INFO: [ app_init ] --START--
INFO: Run Behavior\BuildLiteBehavior [ RunTime:0.000018s ]
INFO: [ app_init ] --END-- [ RunTime:0.000383s ]
ERR: 无法加载模块:Gb-show-p-790

[ 2017-04-15T14:54:35+08:00 ] 82.193.102.149 /index.php?s=vod-search-area-%E5%8A%A0%E6%8B%BF%E5%A4%A7.html
INFO: [ app_init ] --START--
INFO: Run Behavior\BuildLiteBehavior [ RunTime:0.000017s ]
INFO: [ app_init ] --END-- [ RunTime:0.000419s ]
ERR: 无法加载模块:Vod-search-area-加拿大

[ 2017-04-15T18:16:26+08:00 ] 42.236.99.79 /index.php?m=vod-play-id-322-src-1-num-1.html
INFO: [ app_init ] --START--
INFO: Run Behavior\BuildLiteBehavior [ RunTime:0.000019s ]
INFO: [ app_init ] --END-- [ RunTime:0.000420s ]
ERR: 无法加载模块:Vod-play-id-322-src-1-num-1.html

[ 2017-04-15T18:16:26+08:00 ] 42.236.10.71 /index.php?m=vod-search-pg-238-starring-yuanyuan.html
INFO: [ app_init ] --START--
INFO: Run Behavior\BuildLiteBehavior [ RunTime:0.000020s ]
INFO: [ app_init ] --END-- [ RunTime:0.000349s ]
ERR: 无法加载模块:Vod-search-pg-238-starring-yuanyuan.html

[ 2017-04-15T18:16:26+08:00 ] 42.236.99.23 /index.php?m=vod-play-id-1004-src-1-num-1.html
INFO: [ app_init ] --START--
INFO: Run Behavior\BuildLiteBehavior [ RunTime:0.000015s ]
INFO: [ app_init ] --END-- [ RunTime:0.000316s ]
ERR: 无法加载模块:Vod-play-id-1004-src-1-num-1.html

[ 2017-04-15T18:16:26+08:00 ] 42.236.99.230 /index.php?s=gb-show-p-5383.html
INFO: [ app_init ] --START--
INFO: Run Behavior\BuildLiteBehavior [ RunTime:0.000012s ]
INFO: [ app_init ] --END-- [ RunTime:0.000336s ]
ERR: 无法加载模块:Gb-show-p-5383

[ 2017-04-15T18:16:26+08:00 ] 42.236.10.85 /index.php?m=vod-play-id-801-src-1-num-1.html
INFO: [ app_init ] --START--
INFO: Run Behavior\BuildLiteBehavior [ RunTime:0.000015s ]
INFO: [ app_init ] --END-- [ RunTime:0.000345s ]
ERR: 无法加载模块:Vod-play-id-801-src-1-num-1.html

[ 2017-04-15T18:16:26+08:00 ] 42.236.99.86 /index.php?m=vod-play-id-1643-src-1-num-1.html
INFO: [ app_init ] --START--
INFO: Run Behavior\BuildLiteBehavior [ RunTime:0.000013s ]
INFO: [ app_init ] --END-- [ RunTime:0.000343s ]
ERR: 无法加载模块:Vod-play-id-1643-src-1-num-1.html

[ 2017-04-15T18:16:26+08:00 ] 42.236.10.100 /index.php?m=vod-play-id-2064-src-1-num-1.html
INFO: [ app_init ] --START--
INFO: Run Behavior\BuildLiteBehavior [ RunTime:0.000012s ]
INFO: [ app_init ] --END-- [ RunTime:0.000336s ]
ERR: 无法加载模块:Vod-play-id-2064-src-1-num-1.html

[ 2017-04-15T18:16:26+08:00 ] 42.236.10.114 /index.php?s=gb-show-id-542.html
INFO: [ app_init ] --START--
INFO: Run Behavior\BuildLiteBehavior [ RunTime:0.000013s ]
INFO: [ app_init ] --END-- [ RunTime:0.000319s ]
ERR: 无法加载模块:Gb-show-id-542

[ 2017-04-15T18:16:26+08:00 ] 180.153.236.181 /index.php?m=vod-play-id-2090-src-1-num-1.html
INFO: [ app_init ] --START--
INFO: Run Behavior\BuildLiteBehavior [ RunTime:0.000014s ]
INFO: [ app_init ] --END-- [ RunTime:0.000299s ]
ERR: 无法加载模块:Vod-play-id-2090-src-1-num-1.html

[ 2017-04-15T18:16:26+08:00 ] 42.236.99.230 /index.php?s=vod-play-id-41-sid-0-pid-1.html
INFO: [ app_init ] --START--
INFO: Run Behavior\BuildLiteBehavior [ RunTime:0.000013s ]
INFO: [ app_init ] --END-- [ RunTime:0.000320s ]
ERR: 无法加载模块:Vod-play-id-41-sid-0-pid-1

[ 2017-04-15T18:16:27+08:00 ] 42.236.10.110 /index.php?s=vod-play-id-476-sid-0-pid-1.html
INFO: [ app_init ] --START--
INFO: Run Behavior\BuildLiteBehavior [ RunTime:0.000013s ]
INFO: [ app_init ] --END-- [ RunTime:0.000315s ]
ERR: 无法加载模块:Vod-play-id-476-sid-0-pid-1

[ 2017-04-15T18:16:27+08:00 ] 42.236.10.81 /index.php?m=vod-list-id-4-pg-1-order--by--class-0-year-2004-letter-R-area--lang-.html
INFO: [ app_init ] --START--
INFO: Run Behavior\BuildLiteBehavior [ RunTime:0.000038s ]
INFO: [ app_init ] --END-- [ RunTime:0.000308s ]
ERR: 无法加载模块:Vod-list-id-4-pg-1-order--by--class-0-year-2004-letter-R-area--lang-.html

[ 2017-04-15T18:16:27+08:00 ] 42.236.99.218 /index.php?m=vod-list-id-5-pg-1-order--by--class--year-2001-letter--area--lang-.html
INFO: [ app_init ] --START--
INFO: Run Behavior\BuildLiteBehavior [ RunTime:0.000011s ]
INFO: [ app_init ] --END-- [ RunTime:0.000289s ]
ERR: 无法加载模块:Vod-list-id-5-pg-1-order--by--class--year-2001-letter--area--lang-.html

[ 2017-04-15T18:16:27+08:00 ] 42.236.10.72 /index.php?m=vod-search-pg-2-starring-yuanyuan-classid-50.html
INFO: [ app_init ] --START--
INFO: Run Behavior\BuildLiteBehavior [ RunTime:0.000016s ]
INFO: [ app_init ] --END-- [ RunTime:0.000316s ]
ERR: 无法加载模块:Vod-search-pg-2-starring-yuanyuan-classid-50.html

[ 2017-04-15T18:16:27+08:00 ] 42.236.99.79 /index.php?m=vod-play-id-1297-src-1-num-1.html
INFO: [ app_init ] --START--
INFO: Run Behavior\BuildLiteBehavior [ RunTime:0.000013s ]
INFO: [ app_init ] --END-- [ RunTime:0.000291s ]
ERR: 无法加载模块:Vod-play-id-1297-src-1-num-1.html

[ 2017-04-15T18:16:28+08:00 ] 42.236.10.100 /index.php?m=vod-play-id-851-src-1-num-1.html
INFO: [ app_init ] --START--
INFO: Run Behavior\BuildLiteBehavior [ RunTime:0.000013s ]
INFO: [ app_init ] --END-- [ RunTime:0.000295s ]
ERR: 无法加载模块:Vod-play-id-851-src-1-num-1.html

[ 2017-04-15T18:16:28+08:00 ] 42.236.99.242 /index.php?s=vod-play-id-945-sid-0-pid-1.html
INFO: [ app_init ] --START--
INFO: Run Behavior\BuildLiteBehavior [ RunTime:0.000014s ]
INFO: [ app_init ] --END-- [ RunTime:0.000292s ]
ERR: 无法加载模块:Vod-play-id-945-sid-0-pid-1

[ 2017-04-15T18:16:28+08:00 ] 42.236.99.16 /index.php?m=vod-play-id-2380-src-1-num-1.html
INFO: [ app_init ] --START--
INFO: Run Behavior\BuildLiteBehavior [ RunTime:0.000012s ]
INFO: [ app_init ] --END-- [ RunTime:0.000283s ]
ERR: 无法加载模块:Vod-play-id-2380-src-1-num-1.html

[ 2017-04-15T18:16:28+08:00 ] 42.236.10.76 /index.php?m=vod-list-id-2-pg-1-order--by--class--year--letter-X-area--lang-.html
INFO: [ app_init ] --START--
INFO: Run Behavior\BuildLiteBehavior [ RunTime:0.000012s ]
INFO: [ app_init ] --END-- [ RunTime:0.000333s ]
ERR: 无法加载模块:Vod-list-id-2-pg-1-order--by--class--year--letter-X-area--lang-.html

[ 2017-04-15T18:16:28+08:00 ] 42.236.10.111 /index.php?m=vod-list-id-1-pg-1-order--by-score-class-4-year-2001-letter--area--lang-.html
INFO: [ app_init ] --START--
INFO: Run Behavior\BuildLiteBehavior [ RunTime:0.000016s ]
INFO: [ app_init ] --END-- [ RunTime:0.000334s ]
ERR: 无法加载模块:Vod-list-id-1-pg-1-order--by-score-class-4-year-2001-letter--area--lang-.html

[ 2017-04-15T18:16:29+08:00 ] 42.236.10.111 /index.php?m=vod-list-id-5-pg-7-order--by-score-class-0-year-0-letter--area--lang-.html
INFO: [ app_init ] --START--
INFO: Run Behavior\BuildLiteBehavior [ RunTime:0.000017s ]
INFO: [ app_init ] --END-- [ RunTime:0.000354s ]
ERR: 无法加载模块:Vod-list-id-5-pg-7-order--by-score-class-0-year-0-letter--area--lang-.html

[ 2017-04-15T18:16:33+08:00 ] 42.236.10.75 /index.php?s=vod-play-id-1538-sid-0-pid-1.html
INFO: [ app_init ] --START--
INFO: Run Behavior\BuildLiteBehavior [ RunTime:0.000012s ]
INFO: [ app_init ] --END-- [ RunTime:0.000342s ]
ERR: 无法加载模块:Vod-play-id-1538-sid-0-pid-1

[ 2017-04-15T20:54:34+08:00 ] 66.249.65.14 /index.php?s=gb-show-p-3307.html
INFO: [ app_init ] --START--
INFO: Run Behavior\BuildLiteBehavior [ RunTime:0.000022s ]
INFO: [ app_init ] --END-- [ RunTime:0.000425s ]
ERR: 无法加载模块:Gb-show-p-3307

[ 2017-04-15T21:04:36+08:00 ] 66.249.65.12 /index.php?s=gb-show-p-5668.html
INFO: [ app_init ] --START--
INFO: Run Behavior\BuildLiteBehavior [ RunTime:0.000020s ]
INFO: [ app_init ] --END-- [ RunTime:0.000415s ]
ERR: 无法加载模块:Gb-show-p-5668

[ 2017-04-15T21:40:24+08:00 ] 66.249.65.14 /index.php?s=vod-play-id-951-sid-0-pid-1.html
INFO: [ app_init ] --START--
INFO: Run Behavior\BuildLiteBehavior [ RunTime:0.000016s ]
INFO: [ app_init ] --END-- [ RunTime:0.000413s ]
ERR: 无法加载模块:Vod-play-id-951-sid-0-pid-1

