[ 2017-05-24T04:18:06+08:00 ] 140.205.225.188 /index.php?m=member&c=index&a=register&siteid=1
INFO: [ app_init ] --START--
INFO: Run Behavior\BuildLiteBehavior [ RunTime:0.000000s ]
INFO: [ app_init ] --END-- [ RunTime:0.000976s ]
ERR: 无法加载模块:Member

[ 2017-05-24T04:18:07+08:00 ] 140.205.225.188 /index.php?m=wap&a=index&siteid=1
INFO: [ app_init ] --START--
INFO: Run Behavior\BuildLiteBehavior [ RunTime:0.000000s ]
INFO: [ app_init ] --END-- [ RunTime:0.000977s ]
ERR: 无法加载模块:Wap

[ 2017-05-24T09:01:10+08:00 ] 66.249.65.30 /index.php?m=vod-play-id-93-src-1-num-1.html
INFO: [ app_init ] --START--
INFO: Run Behavior\BuildLiteBehavior [ RunTime:0.000000s ]
INFO: [ app_init ] --END-- [ RunTime:0.000977s ]
ERR: 无法加载模块:Vod-play-id-93-src-1-num-1.html

[ 2017-05-24T11:42:34+08:00 ] 66.249.65.28 /index.php?m=vod-search-pg-31-starring-yuanyuan-letter-B.html
INFO: [ app_init ] --START--
INFO: Run Behavior\BuildLiteBehavior [ RunTime:0.000000s ]
INFO: [ app_init ] --END-- [ RunTime:0.000977s ]
ERR: 无法加载模块:Vod-search-pg-31-starring-yuanyuan-letter-B.html

[ 2017-05-24T12:13:46+08:00 ] 42.236.99.2 /index.php?s=vod-play-id-713-sid-0-pid-1.html
INFO: [ app_init ] --START--
INFO: Run Behavior\BuildLiteBehavior [ RunTime:0.000000s ]
INFO: [ app_init ] --END-- [ RunTime:0.001953s ]
ERR: 无法加载模块:Vod-play-id-713-sid-0-pid-1

[ 2017-05-24T12:13:46+08:00 ] 42.236.10.102 /index.php?m=vod-play-id-198-src-1-num-1.html
INFO: [ app_init ] --START--
INFO: Run Behavior\BuildLiteBehavior [ RunTime:0.000000s ]
INFO: [ app_init ] --END-- [ RunTime:0.000976s ]
ERR: 无法加载模块:Vod-play-id-198-src-1-num-1.html

[ 2017-05-24T12:13:46+08:00 ] 42.236.102.3 /index.php?m=vod-list-id-4-pg-1-order--by--class-0-year-2005-letter-I-area--lang-.html
INFO: [ app_init ] --START--
INFO: Run Behavior\BuildLiteBehavior [ RunTime:0.000000s ]
INFO: [ app_init ] --END-- [ RunTime:0.000977s ]
ERR: 无法加载模块:Vod-list-id-4-pg-1-order--by--class-0-year-2005-letter-I-area--lang-.html

[ 2017-05-24T12:13:46+08:00 ] 42.236.99.30 /index.php?m=vod-list-id-7-pg-1-order--by--class--year--letter-B-area--lang-.html
INFO: [ app_init ] --START--
INFO: Run Behavior\BuildLiteBehavior [ RunTime:0.000000s ]
INFO: [ app_init ] --END-- [ RunTime:0.000000s ]
ERR: 无法加载模块:Vod-list-id-7-pg-1-order--by--class--year--letter-B-area--lang-.html

[ 2017-05-24T12:13:46+08:00 ] 42.236.99.206 /index.php?s=gb-show-id-294.html
INFO: [ app_init ] --START--
INFO: Run Behavior\BuildLiteBehavior [ RunTime:0.000000s ]
INFO: [ app_init ] --END-- [ RunTime:0.000976s ]
ERR: 无法加载模块:Gb-show-id-294

[ 2017-05-24T12:13:46+08:00 ] 42.236.46.85 /index.php?m=vod-list-id-7-pg-1-order--by--class--year--letter--area-%E9%9F%A9%E5%9B%BD-lang-.html
INFO: [ app_init ] --START--
INFO: Run Behavior\BuildLiteBehavior [ RunTime:0.000000s ]
INFO: [ app_init ] --END-- [ RunTime:0.000000s ]
ERR: 无法加载模块:Vod-list-id-7-pg-1-order--by--class--year--letter--area-韩国-lang-.html

[ 2017-05-24T12:13:46+08:00 ] 180.153.236.133 /index.php?m=vod-play-id-1155-src-1-num-1.html
INFO: [ app_init ] --START--
INFO: Run Behavior\BuildLiteBehavior [ RunTime:0.000000s ]
INFO: [ app_init ] --END-- [ RunTime:0.000977s ]
ERR: 无法加载模块:Vod-play-id-1155-src-1-num-1.html

[ 2017-05-24T12:13:46+08:00 ] 42.236.99.242 /index.php?m=vod-play-id-1518-src-1-num-1.html
INFO: [ app_init ] --START--
INFO: Run Behavior\BuildLiteBehavior [ RunTime:0.000000s ]
INFO: [ app_init ] --END-- [ RunTime:0.000000s ]
ERR: 无法加载模块:Vod-play-id-1518-src-1-num-1.html

[ 2017-05-24T12:13:46+08:00 ] 180.153.236.67 /index.php?s=gb-show-id-1682.html
INFO: [ app_init ] --START--
INFO: Run Behavior\BuildLiteBehavior [ RunTime:0.000000s ]
INFO: [ app_init ] --END-- [ RunTime:0.000976s ]
ERR: 无法加载模块:Gb-show-id-1682

[ 2017-05-24T12:13:46+08:00 ] 42.236.103.106 /index.php?m=vod-play-id-535-src-1-num-1.html
INFO: [ app_init ] --START--
INFO: Run Behavior\BuildLiteBehavior [ RunTime:0.000000s ]
INFO: [ app_init ] --END-- [ RunTime:0.000976s ]
ERR: 无法加载模块:Vod-play-id-535-src-1-num-1.html

[ 2017-05-24T12:13:46+08:00 ] 42.236.99.242 /index.php?s=vod-play-id-306-sid-0-pid-1.html
INFO: [ app_init ] --START--
INFO: Run Behavior\BuildLiteBehavior [ RunTime:0.000000s ]
INFO: [ app_init ] --END-- [ RunTime:0.000976s ]
ERR: 无法加载模块:Vod-play-id-306-sid-0-pid-1

[ 2017-05-24T12:13:46+08:00 ] 42.236.10.102 /index.php?m=vod-list-id-2-pg-1-order--by-score-class--year--letter--area--lang-.html
INFO: [ app_init ] --START--
INFO: Run Behavior\BuildLiteBehavior [ RunTime:0.000000s ]
INFO: [ app_init ] --END-- [ RunTime:0.000977s ]
ERR: 无法加载模块:Vod-list-id-2-pg-1-order--by-score-class--year--letter--area--lang-.html

[ 2017-05-24T12:13:47+08:00 ] 42.236.99.130 /index.php?m=vod-play-id-2288-src-1-num-1.html
INFO: [ app_init ] --START--
INFO: Run Behavior\BuildLiteBehavior [ RunTime:0.000000s ]
INFO: [ app_init ] --END-- [ RunTime:0.000000s ]
ERR: 无法加载模块:Vod-play-id-2288-src-1-num-1.html

[ 2017-05-24T12:13:47+08:00 ] 42.236.99.2 /index.php?s=vod-play-id-1374-sid-0-pid-1.html
INFO: [ app_init ] --START--
INFO: Run Behavior\BuildLiteBehavior [ RunTime:0.000000s ]
INFO: [ app_init ] --END-- [ RunTime:0.000976s ]
ERR: 无法加载模块:Vod-play-id-1374-sid-0-pid-1

[ 2017-05-24T12:13:47+08:00 ] 180.153.236.51 /index.php?s=vod-play-id-798-sid-0-pid-1.html
INFO: [ app_init ] --START--
INFO: Run Behavior\BuildLiteBehavior [ RunTime:0.000000s ]
INFO: [ app_init ] --END-- [ RunTime:0.000977s ]
ERR: 无法加载模块:Vod-play-id-798-sid-0-pid-1

[ 2017-05-24T12:13:47+08:00 ] 180.153.236.51 /index.php?s=gb-show-p-2349.html
INFO: [ app_init ] --START--
INFO: Run Behavior\BuildLiteBehavior [ RunTime:0.000000s ]
INFO: [ app_init ] --END-- [ RunTime:0.000977s ]
ERR: 无法加载模块:Gb-show-p-2349

[ 2017-05-24T12:13:47+08:00 ] 42.236.10.109 /index.php?m=vod-list-id-1-pg-1-order--by-time-class-0-year-2002-letter--area-%E5%8D%B0%E5%BA%A6-lang-.html
INFO: [ app_init ] --START--
INFO: Run Behavior\BuildLiteBehavior [ RunTime:0.000000s ]
INFO: [ app_init ] --END-- [ RunTime:0.000976s ]
ERR: 无法加载模块:Vod-list-id-1-pg-1-order--by-time-class-0-year-2002-letter--area-印度-lang-.html

[ 2017-05-24T12:13:47+08:00 ] 42.236.10.103 /index.php?s=vod-play-id-1382-sid-0-pid-1.html
INFO: [ app_init ] --START--
INFO: Run Behavior\BuildLiteBehavior [ RunTime:0.000000s ]
INFO: [ app_init ] --END-- [ RunTime:0.000976s ]
ERR: 无法加载模块:Vod-play-id-1382-sid-0-pid-1

[ 2017-05-24T12:13:47+08:00 ] 42.236.99.154 /index.php?m=vod-play-id-571-src-1-num-1.html
INFO: [ app_init ] --START--
INFO: Run Behavior\BuildLiteBehavior [ RunTime:0.000000s ]
INFO: [ app_init ] --END-- [ RunTime:0.000977s ]
ERR: 无法加载模块:Vod-play-id-571-src-1-num-1.html

[ 2017-05-24T12:13:47+08:00 ] 42.236.10.105 /index.php?m=vod-play-id-1501-src-1-num-1.html
INFO: [ app_init ] --START--
INFO: Run Behavior\BuildLiteBehavior [ RunTime:0.000000s ]
INFO: [ app_init ] --END-- [ RunTime:0.000000s ]
ERR: 无法加载模块:Vod-play-id-1501-src-1-num-1.html

[ 2017-05-24T12:13:47+08:00 ] 42.236.46.85 /index.php?m=vod-play-id-231-src-1-num-1.html
INFO: [ app_init ] --START--
INFO: Run Behavior\BuildLiteBehavior [ RunTime:0.000000s ]
INFO: [ app_init ] --END-- [ RunTime:0.000976s ]
ERR: 无法加载模块:Vod-play-id-231-src-1-num-1.html

[ 2017-05-24T12:13:47+08:00 ] 42.236.99.2 /index.php?m=vod-play-id-1720-src-1-num-1.html
INFO: [ app_init ] --START--
INFO: Run Behavior\BuildLiteBehavior [ RunTime:0.000000s ]
INFO: [ app_init ] --END-- [ RunTime:0.000000s ]
ERR: 无法加载模块:Vod-play-id-1720-src-1-num-1.html

[ 2017-05-24T12:13:47+08:00 ] 42.236.10.74 /index.php?m=vod-play-id-1998-src-1-num-1.html
INFO: [ app_init ] --START--
INFO: Run Behavior\BuildLiteBehavior [ RunTime:0.000000s ]
INFO: [ app_init ] --END-- [ RunTime:0.000976s ]
ERR: 无法加载模块:Vod-play-id-1998-src-1-num-1.html

[ 2017-05-24T12:13:47+08:00 ] 42.236.99.2 /index.php?m=vod-search-pg-2-starring-yuanyuan-letter-E.html
INFO: [ app_init ] --START--
INFO: Run Behavior\BuildLiteBehavior [ RunTime:0.000000s ]
INFO: [ app_init ] --END-- [ RunTime:0.000977s ]
ERR: 无法加载模块:Vod-search-pg-2-starring-yuanyuan-letter-E.html

[ 2017-05-24T12:13:47+08:00 ] 180.153.236.67 /index.php?m=vod-play-id-2362-src-1-num-1.html
INFO: [ app_init ] --START--
INFO: Run Behavior\BuildLiteBehavior [ RunTime:0.000000s ]
INFO: [ app_init ] --END-- [ RunTime:0.000000s ]
ERR: 无法加载模块:Vod-play-id-2362-src-1-num-1.html

[ 2017-05-24T12:13:48+08:00 ] 42.236.12.170 /index.php?m=vod-play-id-966-src-1-num-1.html
INFO: [ app_init ] --START--
INFO: Run Behavior\BuildLiteBehavior [ RunTime:0.000000s ]
INFO: [ app_init ] --END-- [ RunTime:0.000977s ]
ERR: 无法加载模块:Vod-play-id-966-src-1-num-1.html

[ 2017-05-24T12:13:48+08:00 ] 180.153.236.133 /index.php?m=vod-list-id-2-pg-1-order--by--class-15-year--letter--area--lang-.html
INFO: [ app_init ] --START--
INFO: Run Behavior\BuildLiteBehavior [ RunTime:0.000000s ]
INFO: [ app_init ] --END-- [ RunTime:0.000000s ]
ERR: 无法加载模块:Vod-list-id-2-pg-1-order--by--class-15-year--letter--area--lang-.html

