[ 2017-04-24T03:08:38+08:00 ] 66.249.64.191 /index.php?s=gb-show-p-2561.html
INFO: [ app_init ] --START--
INFO: Run Behavior\BuildLiteBehavior [ RunTime:0.000021s ]
INFO: [ app_init ] --END-- [ RunTime:0.000372s ]
ERR: 无法加载模块:Gb-show-p-2561

[ 2017-04-24T05:05:10+08:00 ] 66.249.64.135 /index.php?s=gb-show-p-5668.html
INFO: [ app_init ] --START--
INFO: Run Behavior\BuildLiteBehavior [ RunTime:0.000026s ]
INFO: [ app_init ] --END-- [ RunTime:0.000537s ]
ERR: 无法加载模块:Gb-show-p-5668

[ 2017-04-24T05:15:08+08:00 ] 66.249.64.135 /index.php?s=vod-play-id-951-sid-0-pid-1.html
INFO: [ app_init ] --START--
INFO: Run Behavior\BuildLiteBehavior [ RunTime:0.000024s ]
INFO: [ app_init ] --END-- [ RunTime:0.000535s ]
ERR: 无法加载模块:Vod-play-id-951-sid-0-pid-1

[ 2017-04-24T06:05:48+08:00 ] 66.249.64.191 /index.php?s=gb-show-p-2194.html
INFO: [ app_init ] --START--
INFO: Run Behavior\BuildLiteBehavior [ RunTime:0.000021s ]
INFO: [ app_init ] --END-- [ RunTime:0.000409s ]
ERR: 无法加载模块:Gb-show-p-2194

[ 2017-04-24T10:28:08+08:00 ] 66.249.64.130 /index.php?s=vod-play-id-1677-sid-0-pid-1.html
INFO: [ app_init ] --START--
INFO: Run Behavior\BuildLiteBehavior [ RunTime:0.000030s ]
INFO: [ app_init ] --END-- [ RunTime:0.000570s ]
ERR: 无法加载模块:Vod-play-id-1677-sid-0-pid-1

[ 2017-04-24T10:28:09+08:00 ] 66.249.64.135 /index.php?s=vod-play-id-1677-sid-0-pid-1.html
INFO: [ app_init ] --START--
INFO: Run Behavior\BuildLiteBehavior [ RunTime:0.000013s ]
INFO: [ app_init ] --END-- [ RunTime:0.000326s ]
ERR: 无法加载模块:Vod-play-id-1677-sid-0-pid-1

[ 2017-04-24T17:28:10+08:00 ] 42.236.10.114 /index.php?m=vod-play-id-791-src-1-num-1.html
INFO: [ app_init ] --START--
INFO: Run Behavior\BuildLiteBehavior [ RunTime:0.000032s ]
INFO: [ app_init ] --END-- [ RunTime:0.000593s ]
ERR: 无法加载模块:Vod-play-id-791-src-1-num-1.html

[ 2017-04-24T17:28:10+08:00 ] 42.236.99.142 /index.php?m=vod-play-id-1656-src-1-num-1.html
INFO: [ app_init ] --START--
INFO: Run Behavior\BuildLiteBehavior [ RunTime:0.000015s ]
INFO: [ app_init ] --END-- [ RunTime:0.000349s ]
ERR: 无法加载模块:Vod-play-id-1656-src-1-num-1.html

[ 2017-04-24T17:28:10+08:00 ] 42.236.99.37 /index.php?m=vod-list-id-2-pg-1-order--by--class--year-2005-letter--area--lang-.html
INFO: [ app_init ] --START--
INFO: Run Behavior\BuildLiteBehavior [ RunTime:0.000014s ]
INFO: [ app_init ] --END-- [ RunTime:0.000336s ]
ERR: 无法加载模块:Vod-list-id-2-pg-1-order--by--class--year-2005-letter--area--lang-.html

[ 2017-04-24T17:28:10+08:00 ] 42.236.99.154 /index.php?m=vod-search-pg-2-starring-yuanyuan-classid-54.html
INFO: [ app_init ] --START--
INFO: Run Behavior\BuildLiteBehavior [ RunTime:0.000019s ]
INFO: [ app_init ] --END-- [ RunTime:0.000376s ]
ERR: 无法加载模块:Vod-search-pg-2-starring-yuanyuan-classid-54.html

[ 2017-04-24T17:28:10+08:00 ] 42.236.99.51 /index.php?m=vod-list-id-4-pg-1-order--by--class-0-year-2004-letter-U-area-%E6%B3%95%E5%9B%BD-lang-.html
INFO: [ app_init ] --START--
INFO: Run Behavior\BuildLiteBehavior [ RunTime:0.000012s ]
INFO: [ app_init ] --END-- [ RunTime:0.000345s ]
ERR: 无法加载模块:Vod-list-id-4-pg-1-order--by--class-0-year-2004-letter-U-area-法国-lang-.html

[ 2017-04-24T17:28:10+08:00 ] 42.236.10.81 /index.php?m=vod-play-id-319-src-1-num-1.html
INFO: [ app_init ] --START--
INFO: Run Behavior\BuildLiteBehavior [ RunTime:0.000015s ]
INFO: [ app_init ] --END-- [ RunTime:0.000372s ]
ERR: 无法加载模块:Vod-play-id-319-src-1-num-1.html

[ 2017-04-24T17:28:10+08:00 ] 42.236.10.106 /index.php?m=vod-play-id-223-src-1-num-1.html
INFO: [ app_init ] --START--
INFO: Run Behavior\BuildLiteBehavior [ RunTime:0.000017s ]
INFO: [ app_init ] --END-- [ RunTime:0.000351s ]
ERR: 无法加载模块:Vod-play-id-223-src-1-num-1.html

[ 2017-04-24T17:28:10+08:00 ] 42.236.99.178 /index.php?m=vod-play-id-2395-src-1-num-1.html
INFO: [ app_init ] --START--
INFO: Run Behavior\BuildLiteBehavior [ RunTime:0.000024s ]
INFO: [ app_init ] --END-- [ RunTime:0.000295s ]
ERR: 无法加载模块:Vod-play-id-2395-src-1-num-1.html

[ 2017-04-24T17:28:10+08:00 ] 42.236.99.2 /index.php?m=vod-play-id-1300-src-1-num-1.html
INFO: [ app_init ] --START--
INFO: Run Behavior\BuildLiteBehavior [ RunTime:0.000475s ]
INFO: [ app_init ] --END-- [ RunTime:0.000934s ]
ERR: 无法加载模块:Vod-play-id-1300-src-1-num-1.html

[ 2017-04-24T17:28:10+08:00 ] 42.236.99.142 /index.php?m=vod-play-id-1024-src-1-num-1.html
INFO: [ app_init ] --START--
INFO: Run Behavior\BuildLiteBehavior [ RunTime:0.000015s ]
INFO: [ app_init ] --END-- [ RunTime:0.000317s ]
ERR: 无法加载模块:Vod-play-id-1024-src-1-num-1.html

[ 2017-04-24T17:28:10+08:00 ] 42.236.99.79 /index.php?s=vod-play-id-1495-sid-0-pid-1.html
INFO: [ app_init ] --START--
INFO: Run Behavior\BuildLiteBehavior [ RunTime:0.000016s ]
INFO: [ app_init ] --END-- [ RunTime:0.014543s ]
ERR: 无法加载模块:Vod-play-id-1495-sid-0-pid-1

[ 2017-04-24T17:28:10+08:00 ] 42.236.10.74 /index.php?m=vod-play-id-656-src-1-num-1.html
INFO: [ app_init ] --START--
INFO: Run Behavior\BuildLiteBehavior [ RunTime:0.000015s ]
INFO: [ app_init ] --END-- [ RunTime:0.000313s ]
ERR: 无法加载模块:Vod-play-id-656-src-1-num-1.html

[ 2017-04-24T17:28:10+08:00 ] 42.236.99.79 /index.php?m=vod-list-id-1-pg-1-order--by-score-class-3-year-0-letter--area--lang-.html
INFO: [ app_init ] --START--
INFO: Run Behavior\BuildLiteBehavior [ RunTime:0.000020s ]
INFO: [ app_init ] --END-- [ RunTime:0.000431s ]
ERR: 无法加载模块:Vod-list-id-1-pg-1-order--by-score-class-3-year-0-letter--area--lang-.html

[ 2017-04-24T17:28:10+08:00 ] 42.236.99.72 /index.php?s=vod-play-id-418-sid-0-pid-1.html
INFO: [ app_init ] --START--
INFO: Run Behavior\BuildLiteBehavior [ RunTime:0.000019s ]
INFO: [ app_init ] --END-- [ RunTime:0.000370s ]
ERR: 无法加载模块:Vod-play-id-418-sid-0-pid-1

[ 2017-04-24T17:28:11+08:00 ] 180.153.236.165 /index.php?s=gb-show-id-565.html
INFO: [ app_init ] --START--
INFO: Run Behavior\BuildLiteBehavior [ RunTime:0.000022s ]
INFO: [ app_init ] --END-- [ RunTime:0.000435s ]
ERR: 无法加载模块:Gb-show-id-565

[ 2017-04-24T17:28:11+08:00 ] 42.236.10.71 /index.php?m=vod-list-id-5-pg-1-order--by--class--year-2006-letter--area--lang-.html
INFO: [ app_init ] --START--
INFO: Run Behavior\BuildLiteBehavior [ RunTime:0.000025s ]
INFO: [ app_init ] --END-- [ RunTime:0.000463s ]
ERR: 无法加载模块:Vod-list-id-5-pg-1-order--by--class--year-2006-letter--area--lang-.html

[ 2017-04-24T17:28:12+08:00 ] 42.236.99.37 /index.php?s=gb-show-p-5413.html
INFO: [ app_init ] --START--
INFO: Run Behavior\BuildLiteBehavior [ RunTime:0.000024s ]
INFO: [ app_init ] --END-- [ RunTime:0.000482s ]
ERR: 无法加载模块:Gb-show-p-5413

[ 2017-04-24T17:28:12+08:00 ] 42.236.99.230 /index.php?s=vod-play-id-459-sid-0-pid-1.html
INFO: [ app_init ] --START--
INFO: Run Behavior\BuildLiteBehavior [ RunTime:0.000019s ]
INFO: [ app_init ] --END-- [ RunTime:0.000416s ]
ERR: 无法加载模块:Vod-play-id-459-sid-0-pid-1

[ 2017-04-24T17:28:12+08:00 ] 180.153.236.125 /index.php?m=vod-play-id-2074-src-1-num-1.html
INFO: [ app_init ] --START--
INFO: Run Behavior\BuildLiteBehavior [ RunTime:0.000015s ]
INFO: [ app_init ] --END-- [ RunTime:0.000315s ]
ERR: 无法加载模块:Vod-play-id-2074-src-1-num-1.html

[ 2017-04-24T17:28:12+08:00 ] 42.236.99.72 /index.php?s=vod-play-id-885-sid-0-pid-1.html
INFO: [ app_init ] --START--
INFO: Run Behavior\BuildLiteBehavior [ RunTime:0.000015s ]
INFO: [ app_init ] --END-- [ RunTime:0.000315s ]
ERR: 无法加载模块:Vod-play-id-885-sid-0-pid-1

[ 2017-04-24T17:28:12+08:00 ] 42.236.99.166 /index.php?m=vod-play-id-907-src-1-num-1.html
INFO: [ app_init ] --START--
INFO: Run Behavior\BuildLiteBehavior [ RunTime:0.000014s ]
INFO: [ app_init ] --END-- [ RunTime:0.000272s ]
ERR: 无法加载模块:Vod-play-id-907-src-1-num-1.html

[ 2017-04-24T17:28:13+08:00 ] 42.236.99.23 /index.php?m=vod-play-id-1257-src-1-num-1.html
INFO: [ app_init ] --START--
INFO: Run Behavior\BuildLiteBehavior [ RunTime:0.000020s ]
INFO: [ app_init ] --END-- [ RunTime:0.000441s ]
ERR: 无法加载模块:Vod-play-id-1257-src-1-num-1.html

