[ 2017-04-28T02:02:33+08:00 ] 42.236.99.130 /index.php?s=gb-show-p-1963.html
INFO: [ app_init ] --START--
INFO: Run Behavior\BuildLiteBehavior [ RunTime:0.000021s ]
INFO: [ app_init ] --END-- [ RunTime:0.000382s ]
ERR: 无法加载模块:Gb-show-p-1963

[ 2017-04-28T02:02:33+08:00 ] 42.236.99.130 /index.php?m=vod-play-id-638-src-1-num-1.html
INFO: [ app_init ] --START--
INFO: Run Behavior\BuildLiteBehavior [ RunTime:0.000016s ]
INFO: [ app_init ] --END-- [ RunTime:0.000358s ]
ERR: 无法加载模块:Vod-play-id-638-src-1-num-1.html

[ 2017-04-28T02:02:33+08:00 ] 42.236.10.75 /index.php?m=vod-list-id-5-pg-1-order--by--class--year--letter--area-%E5%8D%B0%E5%BA%A6-lang-.html
INFO: [ app_init ] --START--
INFO: Run Behavior\BuildLiteBehavior [ RunTime:0.000020s ]
INFO: [ app_init ] --END-- [ RunTime:0.000390s ]
ERR: 无法加载模块:Vod-list-id-5-pg-1-order--by--class--year--letter--area-印度-lang-.html

[ 2017-04-28T02:02:33+08:00 ] 42.236.99.23 /index.php?m=vod-play-id-1563-src-1-num-1.html
INFO: [ app_init ] --START--
INFO: Run Behavior\BuildLiteBehavior [ RunTime:0.000014s ]
INFO: [ app_init ] --END-- [ RunTime:0.000306s ]
ERR: 无法加载模块:Vod-play-id-1563-src-1-num-1.html

[ 2017-04-28T02:02:33+08:00 ] 42.236.99.16 /index.php?m=vod-play-id-2026-src-1-num-1.html
INFO: [ app_init ] --START--
INFO: Run Behavior\BuildLiteBehavior [ RunTime:0.000015s ]
INFO: [ app_init ] --END-- [ RunTime:0.000358s ]
ERR: 无法加载模块:Vod-play-id-2026-src-1-num-1.html

[ 2017-04-28T02:02:34+08:00 ] 42.236.10.84 /index.php?m=vod-play-id-118-src-1-num-1.html
INFO: [ app_init ] --START--
INFO: Run Behavior\BuildLiteBehavior [ RunTime:0.000015s ]
INFO: [ app_init ] --END-- [ RunTime:0.000350s ]
ERR: 无法加载模块:Vod-play-id-118-src-1-num-1.html

[ 2017-04-28T02:02:34+08:00 ] 42.236.99.178 /index.php?m=vod-play-id-26-src-1-num-1.html
INFO: [ app_init ] --START--
INFO: Run Behavior\BuildLiteBehavior [ RunTime:0.000015s ]
INFO: [ app_init ] --END-- [ RunTime:0.000333s ]
ERR: 无法加载模块:Vod-play-id-26-src-1-num-1.html

[ 2017-04-28T02:02:34+08:00 ] 42.236.99.30 /index.php?m=vod-play-id-2277-src-1-num-1.html
INFO: [ app_init ] --START--
INFO: Run Behavior\BuildLiteBehavior [ RunTime:0.000019s ]
INFO: [ app_init ] --END-- [ RunTime:0.000410s ]
ERR: 无法加载模块:Vod-play-id-2277-src-1-num-1.html

[ 2017-04-28T02:02:34+08:00 ] 42.236.99.154 /index.php?m=vod-list-id-4-pg-1-order--by--class-0-year-2004-letter-X-area--lang-.html
INFO: [ app_init ] --START--
INFO: Run Behavior\BuildLiteBehavior [ RunTime:0.000017s ]
INFO: [ app_init ] --END-- [ RunTime:0.000371s ]
ERR: 无法加载模块:Vod-list-id-4-pg-1-order--by--class-0-year-2004-letter-X-area--lang-.html

[ 2017-04-28T02:02:34+08:00 ] 42.236.99.230 /index.php?s=gb-show-id-1297.html
INFO: [ app_init ] --START--
INFO: Run Behavior\BuildLiteBehavior [ RunTime:0.000014s ]
INFO: [ app_init ] --END-- [ RunTime:0.000299s ]
ERR: 无法加载模块:Gb-show-id-1297

[ 2017-04-28T02:02:34+08:00 ] 42.236.10.107 /index.php?m=vod-play-id-1703-src-1-num-1.html
INFO: [ app_init ] --START--
INFO: Run Behavior\BuildLiteBehavior [ RunTime:0.000019s ]
INFO: [ app_init ] --END-- [ RunTime:0.000358s ]
ERR: 无法加载模块:Vod-play-id-1703-src-1-num-1.html

[ 2017-04-28T02:02:34+08:00 ] 42.236.99.86 /index.php?s=vod-play-id-536-sid-0-pid-1.html
INFO: [ app_init ] --START--
INFO: Run Behavior\BuildLiteBehavior [ RunTime:0.000015s ]
INFO: [ app_init ] --END-- [ RunTime:0.000328s ]
ERR: 无法加载模块:Vod-play-id-536-sid-0-pid-1

[ 2017-04-28T02:02:34+08:00 ] 42.236.10.78 /index.php?m=vod-list-id-1-pg-1-order--by-score-class-8-year-2001-letter--area--lang-.html
INFO: [ app_init ] --START--
INFO: Run Behavior\BuildLiteBehavior [ RunTime:0.000020s ]
INFO: [ app_init ] --END-- [ RunTime:0.000483s ]
ERR: 无法加载模块:Vod-list-id-1-pg-1-order--by-score-class-8-year-2001-letter--area--lang-.html

[ 2017-04-28T02:02:34+08:00 ] 42.236.99.154 /index.php?m=vod-list-id-7-pg-1-order--by--class--year-2001-letter--area--lang-.html
INFO: [ app_init ] --START--
INFO: Run Behavior\BuildLiteBehavior [ RunTime:0.000015s ]
INFO: [ app_init ] --END-- [ RunTime:0.000300s ]
ERR: 无法加载模块:Vod-list-id-7-pg-1-order--by--class--year-2001-letter--area--lang-.html

[ 2017-04-28T02:02:34+08:00 ] 42.236.10.115 /index.php?s=vod-play-id-769-sid-0-pid-1.html
INFO: [ app_init ] --START--
INFO: Run Behavior\BuildLiteBehavior [ RunTime:0.000019s ]
INFO: [ app_init ] --END-- [ RunTime:0.000330s ]
ERR: 无法加载模块:Vod-play-id-769-sid-0-pid-1

[ 2017-04-28T02:02:34+08:00 ] 42.236.99.130 /index.php?m=vod-search-pg-1-starring-yuanyuan-classid-56.html
INFO: [ app_init ] --START--
INFO: Run Behavior\BuildLiteBehavior [ RunTime:0.000014s ]
INFO: [ app_init ] --END-- [ RunTime:0.000299s ]
ERR: 无法加载模块:Vod-search-pg-1-starring-yuanyuan-classid-56.html

[ 2017-04-28T02:02:35+08:00 ] 42.236.10.76 /index.php?m=vod-play-id-528-src-1-num-1.html
INFO: [ app_init ] --START--
INFO: Run Behavior\BuildLiteBehavior [ RunTime:0.000015s ]
INFO: [ app_init ] --END-- [ RunTime:0.000363s ]
ERR: 无法加载模块:Vod-play-id-528-src-1-num-1.html

[ 2017-04-28T02:02:35+08:00 ] 42.236.10.83 /index.php?s=vod-play-id-284-sid-0-pid-1.html
INFO: [ app_init ] --START--
INFO: Run Behavior\BuildLiteBehavior [ RunTime:0.000015s ]
INFO: [ app_init ] --END-- [ RunTime:0.000339s ]
ERR: 无法加载模块:Vod-play-id-284-sid-0-pid-1

[ 2017-04-28T02:02:36+08:00 ] 42.236.99.16 /index.php?s=gb-show-id-206.html
INFO: [ app_init ] --START--
INFO: Run Behavior\BuildLiteBehavior [ RunTime:0.000013s ]
INFO: [ app_init ] --END-- [ RunTime:0.000325s ]
ERR: 无法加载模块:Gb-show-id-206

[ 2017-04-28T02:02:37+08:00 ] 42.236.99.30 /index.php?m=vod-search-pg-2-starring-yuanyuan-classid-55.html
INFO: [ app_init ] --START--
INFO: Run Behavior\BuildLiteBehavior [ RunTime:0.000022s ]
INFO: [ app_init ] --END-- [ RunTime:0.000376s ]
ERR: 无法加载模块:Vod-search-pg-2-starring-yuanyuan-classid-55.html

[ 2017-04-28T02:02:37+08:00 ] 42.236.99.2 /index.php?s=vod-play-id-1369-sid-0-pid-1.html
INFO: [ app_init ] --START--
INFO: Run Behavior\BuildLiteBehavior [ RunTime:0.000018s ]
INFO: [ app_init ] --END-- [ RunTime:0.000419s ]
ERR: 无法加载模块:Vod-play-id-1369-sid-0-pid-1

[ 2017-04-28T02:02:38+08:00 ] 42.236.99.194 /index.php?s=vod-play-id-1646-sid-0-pid-1.html
INFO: [ app_init ] --START--
INFO: Run Behavior\BuildLiteBehavior [ RunTime:0.000014s ]
INFO: [ app_init ] --END-- [ RunTime:0.000309s ]
ERR: 无法加载模块:Vod-play-id-1646-sid-0-pid-1

[ 2017-04-28T11:30:35+08:00 ] 66.249.76.67 /index.php?s=vod-play-id-1477-sid-0-pid-1.html
INFO: [ app_init ] --START--
INFO: Run Behavior\BuildLiteBehavior [ RunTime:0.000022s ]
INFO: [ app_init ] --END-- [ RunTime:0.000394s ]
ERR: 无法加载模块:Vod-play-id-1477-sid-0-pid-1

[ 2017-04-28T19:43:33+08:00 ] 66.249.76.67 /index.php?s=gb-show-id-2223.html
INFO: [ app_init ] --START--
INFO: Run Behavior\BuildLiteBehavior [ RunTime:0.000031s ]
INFO: [ app_init ] --END-- [ RunTime:0.000399s ]
ERR: 无法加载模块:Gb-show-id-2223

