[ 2017-09-06T11:12:14+08:00 ] 42.236.54.2 /index.php?s=vod-play-id-1341-sid-0-pid-1.html
INFO: [ app_init ] --START--
INFO: Run Behavior\BuildLiteBehavior [ RunTime:0.000000s ]
INFO: [ app_init ] --END-- [ RunTime:0.000976s ]
ERR: 无法加载模块:Vod-play-id-1341-sid-0-pid-1

[ 2017-09-06T11:12:15+08:00 ] 42.236.99.130 /index.php?m=vod-play-id-1370-src-1-num-1.html
INFO: [ app_init ] --START--
INFO: Run Behavior\BuildLiteBehavior [ RunTime:0.000000s ]
INFO: [ app_init ] --END-- [ RunTime:0.000976s ]
ERR: 无法加载模块:Vod-play-id-1370-src-1-num-1.html

[ 2017-09-06T11:12:17+08:00 ] 42.236.103.66 /index.php?s=gb-show-id-1784.html
INFO: [ app_init ] --START--
INFO: Run Behavior\BuildLiteBehavior [ RunTime:0.000977s ]
INFO: [ app_init ] --END-- [ RunTime:0.000977s ]
ERR: 无法加载模块:Gb-show-id-1784

[ 2017-09-06T11:12:18+08:00 ] 180.153.236.125 /index.php?s=vod-play-id-1189-sid-0-pid-1.html
INFO: [ app_init ] --START--
INFO: Run Behavior\BuildLiteBehavior [ RunTime:0.000000s ]
INFO: [ app_init ] --END-- [ RunTime:0.000976s ]
ERR: 无法加载模块:Vod-play-id-1189-sid-0-pid-1

[ 2017-09-06T11:12:20+08:00 ] 42.236.99.37 /index.php?m=vod-list-id-2-pg-1-order--by--class-0-year--letter-S-area-%E5%85%B6%E5%AE%83-lang-.html
INFO: [ app_init ] --START--
INFO: Run Behavior\BuildLiteBehavior [ RunTime:0.000000s ]
INFO: [ app_init ] --END-- [ RunTime:0.000977s ]
ERR: 无法加载模块:Vod-list-id-2-pg-1-order--by--class-0-year--letter-S-area-其它-lang-.html

[ 2017-09-06T11:12:21+08:00 ] 42.236.12.130 /index.php?s=vod-play-id-273-sid-0-pid-1.html
INFO: [ app_init ] --START--
INFO: Run Behavior\BuildLiteBehavior [ RunTime:0.000000s ]
INFO: [ app_init ] --END-- [ RunTime:0.000976s ]
ERR: 无法加载模块:Vod-play-id-273-sid-0-pid-1

[ 2017-09-06T11:12:23+08:00 ] 42.236.99.154 /index.php?m=vod-play-id-2160-src-1-num-1.html
INFO: [ app_init ] --START--
INFO: Run Behavior\BuildLiteBehavior [ RunTime:0.000000s ]
INFO: [ app_init ] --END-- [ RunTime:0.000000s ]
ERR: 无法加载模块:Vod-play-id-2160-src-1-num-1.html

[ 2017-09-06T11:12:23+08:00 ] 180.153.236.181 /index.php?s=gb-show-p-1524.html
INFO: [ app_init ] --START--
INFO: Run Behavior\BuildLiteBehavior [ RunTime:0.000000s ]
INFO: [ app_init ] --END-- [ RunTime:0.000976s ]
ERR: 无法加载模块:Gb-show-p-1524

[ 2017-09-06T11:12:24+08:00 ] 42.236.12.150 /index.php?m=vod-list-id-4-pg-1-order--by--class-0-year-2008-letter-Q-area--lang-.html
INFO: [ app_init ] --START--
INFO: Run Behavior\BuildLiteBehavior [ RunTime:0.000000s ]
INFO: [ app_init ] --END-- [ RunTime:0.000977s ]
ERR: 无法加载模块:Vod-list-id-4-pg-1-order--by--class-0-year-2008-letter-Q-area--lang-.html

[ 2017-09-06T11:12:25+08:00 ] 42.236.54.42 /index.php?s=gb-show-id-772.html
INFO: [ app_init ] --START--
INFO: Run Behavior\BuildLiteBehavior [ RunTime:0.000000s ]
INFO: [ app_init ] --END-- [ RunTime:0.000977s ]
ERR: 无法加载模块:Gb-show-id-772

[ 2017-09-06T11:12:26+08:00 ] 42.236.54.2 /index.php?s=vod-play-id-85-sid-0-pid-1.html
INFO: [ app_init ] --START--
INFO: Run Behavior\BuildLiteBehavior [ RunTime:0.000000s ]
INFO: [ app_init ] --END-- [ RunTime:0.000977s ]
ERR: 无法加载模块:Vod-play-id-85-sid-0-pid-1

[ 2017-09-06T11:12:27+08:00 ] 42.236.99.194 /index.php?s=gb-show-id-1676.html
INFO: [ app_init ] --START--
INFO: Run Behavior\BuildLiteBehavior [ RunTime:0.000000s ]
INFO: [ app_init ] --END-- [ RunTime:0.000977s ]
ERR: 无法加载模块:Gb-show-id-1676

[ 2017-09-06T11:12:28+08:00 ] 42.236.99.16 /index.php?s=gb-show-id-408.html
INFO: [ app_init ] --START--
INFO: Run Behavior\BuildLiteBehavior [ RunTime:0.000000s ]
INFO: [ app_init ] --END-- [ RunTime:0.000977s ]
ERR: 无法加载模块:Gb-show-id-408

[ 2017-09-06T11:12:46+08:00 ] 180.153.236.11 /index.php?m=vod-search-pg-235-starring-yuanyuan-area-%E9%9F%A9%E5%9B%BD.html
INFO: [ app_init ] --START--
INFO: Run Behavior\BuildLiteBehavior [ RunTime:0.000000s ]
INFO: [ app_init ] --END-- [ RunTime:0.000977s ]
ERR: 无法加载模块:Vod-search-pg-235-starring-yuanyuan-area-韩国.html

[ 2017-09-06T11:12:47+08:00 ] 180.153.236.11 /index.php?m=vod-play-id-287-src-1-num-1.html
INFO: [ app_init ] --START--
INFO: Run Behavior\BuildLiteBehavior [ RunTime:0.000000s ]
INFO: [ app_init ] --END-- [ RunTime:0.000000s ]
ERR: 无法加载模块:Vod-play-id-287-src-1-num-1.html

