[ 2017-06-01T13:47:03+08:00 ] 42.236.54.2 /index.php?m=vod-list-id-5-pg-1-order--by--class--year--letter--area-%E5%85%B6%E5%AE%83-lang-.html
INFO: [ app_init ] --START--
INFO: Run Behavior\BuildLiteBehavior [ RunTime:0.000000s ]
INFO: [ app_init ] --END-- [ RunTime:0.000976s ]
ERR: 无法加载模块:Vod-list-id-5-pg-1-order--by--class--year--letter--area-其它-lang-.html

[ 2017-06-01T13:47:03+08:00 ] 42.236.10.100 /index.php?m=vod-play-id-1944-src-1-num-1.html
INFO: [ app_init ] --START--
INFO: Run Behavior\BuildLiteBehavior [ RunTime:0.000000s ]
INFO: [ app_init ] --END-- [ RunTime:0.000977s ]
ERR: 无法加载模块:Vod-play-id-1944-src-1-num-1.html

[ 2017-06-01T13:47:04+08:00 ] 42.236.102.3 /index.php?s=vod-play-id-725-sid-0-pid-1.html
INFO: [ app_init ] --START--
INFO: Run Behavior\BuildLiteBehavior [ RunTime:0.000000s ]
INFO: [ app_init ] --END-- [ RunTime:0.000976s ]
ERR: 无法加载模块:Vod-play-id-725-sid-0-pid-1

[ 2017-06-01T13:47:04+08:00 ] 42.236.10.104 /index.php?m=vod-play-id-2275-src-1-num-1.html
INFO: [ app_init ] --START--
INFO: Run Behavior\BuildLiteBehavior [ RunTime:0.000000s ]
INFO: [ app_init ] --END-- [ RunTime:0.000977s ]
ERR: 无法加载模块:Vod-play-id-2275-src-1-num-1.html

[ 2017-06-01T13:47:04+08:00 ] 42.236.10.100 /index.php?m=vod-play-id-454-src-1-num-1.html
INFO: [ app_init ] --START--
INFO: Run Behavior\BuildLiteBehavior [ RunTime:0.000000s ]
INFO: [ app_init ] --END-- [ RunTime:0.001953s ]
ERR: 无法加载模块:Vod-play-id-454-src-1-num-1.html

[ 2017-06-01T13:47:04+08:00 ] 42.236.10.106 /index.php?s=vod-play-id-321-sid-0-pid-1.html
INFO: [ app_init ] --START--
INFO: Run Behavior\BuildLiteBehavior [ RunTime:0.000000s ]
INFO: [ app_init ] --END-- [ RunTime:0.000976s ]
ERR: 无法加载模块:Vod-play-id-321-sid-0-pid-1

[ 2017-06-01T13:47:04+08:00 ] 42.236.10.77 /index.php?m=vod-play-id-1178-src-1-num-1.html
INFO: [ app_init ] --START--
INFO: Run Behavior\BuildLiteBehavior [ RunTime:0.000000s ]
INFO: [ app_init ] --END-- [ RunTime:0.002930s ]
ERR: 无法加载模块:Vod-play-id-1178-src-1-num-1.html

[ 2017-06-01T13:47:04+08:00 ] 42.236.10.105 /index.php?m=vod-search-pg-2-starring-yuanyuan-letter-H.html
INFO: [ app_init ] --START--
INFO: Run Behavior\BuildLiteBehavior [ RunTime:0.000000s ]
INFO: [ app_init ] --END-- [ RunTime:0.000976s ]
ERR: 无法加载模块:Vod-search-pg-2-starring-yuanyuan-letter-H.html

[ 2017-06-01T13:47:04+08:00 ] 42.236.10.75 /index.php?s=vod-play-id-834-sid-0-pid-1.html
INFO: [ app_init ] --START--
INFO: Run Behavior\BuildLiteBehavior [ RunTime:0.000000s ]
INFO: [ app_init ] --END-- [ RunTime:0.001953s ]
ERR: 无法加载模块:Vod-play-id-834-sid-0-pid-1

[ 2017-06-01T13:47:04+08:00 ] 42.236.99.206 /index.php?m=vod-play-id-1557-src-1-num-1.html
INFO: [ app_init ] --START--
INFO: Run Behavior\BuildLiteBehavior [ RunTime:0.000000s ]
INFO: [ app_init ] --END-- [ RunTime:0.000977s ]
ERR: 无法加载模块:Vod-play-id-1557-src-1-num-1.html

[ 2017-06-01T13:47:04+08:00 ] 42.236.99.51 /index.php?m=vod-play-id-2259-src-1-num-1.html
INFO: [ app_init ] --START--
INFO: Run Behavior\BuildLiteBehavior [ RunTime:0.000000s ]
INFO: [ app_init ] --END-- [ RunTime:0.000976s ]
ERR: 无法加载模块:Vod-play-id-2259-src-1-num-1.html

[ 2017-06-01T13:47:04+08:00 ] 42.236.54.42 /index.php?s=gb-show-id-1700.html
INFO: [ app_init ] --START--
INFO: Run Behavior\BuildLiteBehavior [ RunTime:0.000000s ]
INFO: [ app_init ] --END-- [ RunTime:0.000977s ]
ERR: 无法加载模块:Gb-show-id-1700

[ 2017-06-01T13:47:04+08:00 ] 42.236.10.112 /index.php?m=vod-list-id-2-pg-1-order--by--class--year--letter-F-area--lang-.html
INFO: [ app_init ] --START--
INFO: Run Behavior\BuildLiteBehavior [ RunTime:0.000000s ]
INFO: [ app_init ] --END-- [ RunTime:0.000977s ]
ERR: 无法加载模块:Vod-list-id-2-pg-1-order--by--class--year--letter-F-area--lang-.html

[ 2017-06-01T13:47:04+08:00 ] 42.236.12.150 /index.php?m=vod-list-id-1-pg-1-order--by-time-class-0-year-2002-letter--area--lang-.html
INFO: [ app_init ] --START--
INFO: Run Behavior\BuildLiteBehavior [ RunTime:0.000000s ]
INFO: [ app_init ] --END-- [ RunTime:0.001953s ]
ERR: 无法加载模块:Vod-list-id-1-pg-1-order--by-time-class-0-year-2002-letter--area--lang-.html

[ 2017-06-01T13:47:04+08:00 ] 42.236.10.76 /index.php?m=vod-list-id-5-pg-1-order--by--class--year--letter--area-%E4%BF%84%E7%BD%97%E6%96%AF-lang-.html
INFO: [ app_init ] --START--
INFO: Run Behavior\BuildLiteBehavior [ RunTime:0.000000s ]
INFO: [ app_init ] --END-- [ RunTime:0.000976s ]
ERR: 无法加载模块:Vod-list-id-5-pg-1-order--by--class--year--letter--area-俄罗斯-lang-.html

[ 2017-06-01T13:47:04+08:00 ] 42.236.102.23 /index.php?m=vod-play-id-1719-src-1-num-1.html
INFO: [ app_init ] --START--
INFO: Run Behavior\BuildLiteBehavior [ RunTime:0.000000s ]
INFO: [ app_init ] --END-- [ RunTime:0.000976s ]
ERR: 无法加载模块:Vod-play-id-1719-src-1-num-1.html

[ 2017-06-01T13:47:04+08:00 ] 180.153.236.19 /index.php?s=gb-show-id-294.html
INFO: [ app_init ] --START--
INFO: Run Behavior\BuildLiteBehavior [ RunTime:0.000000s ]
INFO: [ app_init ] --END-- [ RunTime:0.001954s ]
ERR: 无法加载模块:Gb-show-id-294

[ 2017-06-01T13:47:04+08:00 ] 42.236.99.51 /index.php?m=vod-play-id-639-src-1-num-1.html
INFO: [ app_init ] --START--
INFO: Run Behavior\BuildLiteBehavior [ RunTime:0.000000s ]
INFO: [ app_init ] --END-- [ RunTime:0.000976s ]
ERR: 无法加载模块:Vod-play-id-639-src-1-num-1.html

[ 2017-06-01T13:47:05+08:00 ] 180.153.236.19 /index.php?s=vod-play-id-1398-sid-0-pid-1.html
INFO: [ app_init ] --START--
INFO: Run Behavior\BuildLiteBehavior [ RunTime:0.000000s ]
INFO: [ app_init ] --END-- [ RunTime:0.000977s ]
ERR: 无法加载模块:Vod-play-id-1398-sid-0-pid-1

[ 2017-06-01T13:47:05+08:00 ] 42.236.46.85 /index.php?m=vod-play-id-1297-src-1-num-1.html
INFO: [ app_init ] --START--
INFO: Run Behavior\BuildLiteBehavior [ RunTime:0.000000s ]
INFO: [ app_init ] --END-- [ RunTime:0.000976s ]
ERR: 无法加载模块:Vod-play-id-1297-src-1-num-1.html

[ 2017-06-01T13:47:05+08:00 ] 42.236.99.9 /index.php?m=vod-play-id-990-src-1-num-1.html
INFO: [ app_init ] --START--
INFO: Run Behavior\BuildLiteBehavior [ RunTime:0.000000s ]
INFO: [ app_init ] --END-- [ RunTime:0.000976s ]
ERR: 无法加载模块:Vod-play-id-990-src-1-num-1.html

[ 2017-06-01T13:47:05+08:00 ] 42.236.102.23 /index.php?m=vod-list-id-4-pg-1-order--by--class-0-year-2005-letter-H-area--lang-.html
INFO: [ app_init ] --START--
INFO: Run Behavior\BuildLiteBehavior [ RunTime:0.000000s ]
INFO: [ app_init ] --END-- [ RunTime:0.000000s ]
ERR: 无法加载模块:Vod-list-id-4-pg-1-order--by--class-0-year-2005-letter-H-area--lang-.html

[ 2017-06-01T13:47:05+08:00 ] 42.236.99.206 /index.php?s=gb-show-p-2400.html
INFO: [ app_init ] --START--
INFO: Run Behavior\BuildLiteBehavior [ RunTime:0.000000s ]
INFO: [ app_init ] --END-- [ RunTime:0.000976s ]
ERR: 无法加载模块:Gb-show-p-2400

[ 2017-06-01T13:47:05+08:00 ] 42.236.99.86 /index.php?m=vod-list-id-7-pg-1-order--by--class--year-2012-letter--area--lang-.html
INFO: [ app_init ] --START--
INFO: Run Behavior\BuildLiteBehavior [ RunTime:0.000000s ]
INFO: [ app_init ] --END-- [ RunTime:0.000000s ]
ERR: 无法加载模块:Vod-list-id-7-pg-1-order--by--class--year-2012-letter--area--lang-.html

[ 2017-06-01T13:47:33+08:00 ] 180.153.236.157 /index.php?m=vod-play-id-502-src-1-num-1.html
INFO: [ app_init ] --START--
INFO: Run Behavior\BuildLiteBehavior [ RunTime:0.000000s ]
INFO: [ app_init ] --END-- [ RunTime:0.000976s ]
ERR: 无法加载模块:Vod-play-id-502-src-1-num-1.html

[ 2017-06-01T17:41:18+08:00 ] 46.4.32.75 /index.php?s=vod-search-area-%E5%8A%A0%E6%8B%BF%E5%A4%A7.html
INFO: [ app_init ] --START--
INFO: Run Behavior\BuildLiteBehavior [ RunTime:0.000000s ]
INFO: [ app_init ] --END-- [ RunTime:0.000976s ]
ERR: 无法加载模块:Vod-search-area-加拿大

[ 2017-06-01T20:18:57+08:00 ] 140.205.225.203 /index.php?m=member&c=index&a=register&siteid=1
INFO: [ app_init ] --START--
INFO: Run Behavior\BuildLiteBehavior [ RunTime:0.000000s ]
INFO: [ app_init ] --END-- [ RunTime:0.000976s ]
ERR: 无法加载模块:Member

[ 2017-06-01T20:18:57+08:00 ] 140.205.225.203 /index.php?m=wap&a=index&siteid=1
INFO: [ app_init ] --START--
INFO: Run Behavior\BuildLiteBehavior [ RunTime:0.000000s ]
INFO: [ app_init ] --END-- [ RunTime:0.000000s ]
ERR: 无法加载模块:Wap

