[ 2017-04-09T03:16:00+08:00 ] 89.163.243.39 /index.php?m=vod-list-id-0-pg-1-order--by--class-0-year-0-letter--area-%E4%BF%84%E7%BD%97%E6%96%AF-lang-.html
INFO: [ app_init ] --START--
INFO: Run Behavior\BuildLiteBehavior [ RunTime:0.000055s ]
INFO: [ app_init ] --END-- [ RunTime:0.000456s ]
ERR: 无法加载模块:Vod-list-id-0-pg-1-order--by--class-0-year-0-letter--area-俄罗斯-lang-.html

[ 2017-04-09T11:17:01+08:00 ] 42.236.10.105 /index.php?m=vod-list-id-5-pg-1-order--by--class--year--letter-Y-area--lang-.html
INFO: [ app_init ] --START--
INFO: Run Behavior\BuildLiteBehavior [ RunTime:0.000020s ]
INFO: [ app_init ] --END-- [ RunTime:0.000410s ]
ERR: 无法加载模块:Vod-list-id-5-pg-1-order--by--class--year--letter-Y-area--lang-.html

[ 2017-04-09T11:17:01+08:00 ] 42.236.99.44 /index.php?m=vod-play-id-1606-src-1-num-1.html
INFO: [ app_init ] --START--
INFO: Run Behavior\BuildLiteBehavior [ RunTime:0.000031s ]
INFO: [ app_init ] --END-- [ RunTime:0.000388s ]
ERR: 无法加载模块:Vod-play-id-1606-src-1-num-1.html

[ 2017-04-09T11:17:01+08:00 ] 42.236.10.78 /index.php?m=vod-play-id-1000-src-1-num-1.html
INFO: [ app_init ] --START--
INFO: Run Behavior\BuildLiteBehavior [ RunTime:0.000013s ]
INFO: [ app_init ] --END-- [ RunTime:0.000332s ]
ERR: 无法加载模块:Vod-play-id-1000-src-1-num-1.html

[ 2017-04-09T11:17:01+08:00 ] 42.236.99.142 /index.php?m=vod-play-id-91-src-1-num-1.html
INFO: [ app_init ] --START--
INFO: Run Behavior\BuildLiteBehavior [ RunTime:0.000016s ]
INFO: [ app_init ] --END-- [ RunTime:0.000391s ]
ERR: 无法加载模块:Vod-play-id-91-src-1-num-1.html

[ 2017-04-09T11:17:01+08:00 ] 42.236.99.154 /index.php?s=gb-show-id-508.html
INFO: [ app_init ] --START--
INFO: Run Behavior\BuildLiteBehavior [ RunTime:0.000013s ]
INFO: [ app_init ] --END-- [ RunTime:0.000363s ]
ERR: 无法加载模块:Gb-show-id-508

[ 2017-04-09T11:17:01+08:00 ] 42.236.99.178 /index.php?s=vod-play-id-385-sid-0-pid-1.html
INFO: [ app_init ] --START--
INFO: Run Behavior\BuildLiteBehavior [ RunTime:0.000016s ]
INFO: [ app_init ] --END-- [ RunTime:0.000334s ]
ERR: 无法加载模块:Vod-play-id-385-sid-0-pid-1

[ 2017-04-09T11:17:01+08:00 ] 42.236.99.142 /index.php?m=vod-list-id-2-pg-1-order--by--class--year--letter-U-area--lang-.html
INFO: [ app_init ] --START--
INFO: Run Behavior\BuildLiteBehavior [ RunTime:0.000014s ]
INFO: [ app_init ] --END-- [ RunTime:0.000294s ]
ERR: 无法加载模块:Vod-list-id-2-pg-1-order--by--class--year--letter-U-area--lang-.html

[ 2017-04-09T11:17:01+08:00 ] 42.236.10.110 /index.php?s=vod-play-id-93-sid-0-pid-1.html
INFO: [ app_init ] --START--
INFO: Run Behavior\BuildLiteBehavior [ RunTime:0.000014s ]
INFO: [ app_init ] --END-- [ RunTime:0.000302s ]
ERR: 无法加载模块:Vod-play-id-93-sid-0-pid-1

[ 2017-04-09T11:17:01+08:00 ] 42.236.99.16 /index.php?m=vod-play-id-128-src-1-num-1.html
INFO: [ app_init ] --START--
INFO: Run Behavior\BuildLiteBehavior [ RunTime:0.000013s ]
INFO: [ app_init ] --END-- [ RunTime:0.000294s ]
ERR: 无法加载模块:Vod-play-id-128-src-1-num-1.html

[ 2017-04-09T11:17:01+08:00 ] 42.236.10.71 /index.php?m=vod-list-id-4-pg-1-order--by--class-0-year-2004-letter-Q-area-%E5%8D%B0%E5%BA%A6-lang-.html
INFO: [ app_init ] --START--
INFO: Run Behavior\BuildLiteBehavior [ RunTime:0.000014s ]
INFO: [ app_init ] --END-- [ RunTime:0.000304s ]
ERR: 无法加载模块:Vod-list-id-4-pg-1-order--by--class-0-year-2004-letter-Q-area-印度-lang-.html

[ 2017-04-09T11:17:01+08:00 ] 42.236.10.109 /index.php?m=vod-play-id-2381-src-1-num-1.html
INFO: [ app_init ] --START--
INFO: Run Behavior\BuildLiteBehavior [ RunTime:0.000014s ]
INFO: [ app_init ] --END-- [ RunTime:0.000322s ]
ERR: 无法加载模块:Vod-play-id-2381-src-1-num-1.html

[ 2017-04-09T11:17:02+08:00 ] 42.236.99.242 /index.php?s=gb-show-p-47.html
INFO: [ app_init ] --START--
INFO: Run Behavior\BuildLiteBehavior [ RunTime:0.000013s ]
INFO: [ app_init ] --END-- [ RunTime:0.000283s ]
ERR: 无法加载模块:Gb-show-p-47

[ 2017-04-09T11:17:02+08:00 ] 42.236.99.230 /index.php?s=vod-play-id-48-sid-0-pid-1.html
INFO: [ app_init ] --START--
INFO: Run Behavior\BuildLiteBehavior [ RunTime:0.000014s ]
INFO: [ app_init ] --END-- [ RunTime:0.000286s ]
ERR: 无法加载模块:Vod-play-id-48-sid-0-pid-1

[ 2017-04-09T11:17:02+08:00 ] 42.236.10.83 /index.php?m=vod-search-pg-2-starring-yuanyuan-classid-48.html
INFO: [ app_init ] --START--
INFO: Run Behavior\BuildLiteBehavior [ RunTime:0.000022s ]
INFO: [ app_init ] --END-- [ RunTime:0.000326s ]
ERR: 无法加载模块:Vod-search-pg-2-starring-yuanyuan-classid-48.html

[ 2017-04-09T11:17:02+08:00 ] 42.236.10.104 /index.php?s=vod-play-id-1506-sid-0-pid-1.html
INFO: [ app_init ] --START--
INFO: Run Behavior\BuildLiteBehavior [ RunTime:0.000011s ]
INFO: [ app_init ] --END-- [ RunTime:0.000270s ]
ERR: 无法加载模块:Vod-play-id-1506-sid-0-pid-1

[ 2017-04-09T11:17:02+08:00 ] 42.236.99.2 /index.php?m=vod-play-id-314-src-1-num-1.html
INFO: [ app_init ] --START--
INFO: Run Behavior\BuildLiteBehavior [ RunTime:0.000014s ]
INFO: [ app_init ] --END-- [ RunTime:0.000358s ]
ERR: 无法加载模块:Vod-play-id-314-src-1-num-1.html

[ 2017-04-09T11:17:02+08:00 ] 42.236.99.130 /index.php?m=vod-list-id-1-pg-1-order--by-score-class-14-year-2001-letter--area--lang-.html
INFO: [ app_init ] --START--
INFO: Run Behavior\BuildLiteBehavior [ RunTime:0.000011s ]
INFO: [ app_init ] --END-- [ RunTime:0.000272s ]
ERR: 无法加载模块:Vod-list-id-1-pg-1-order--by-score-class-14-year-2001-letter--area--lang-.html

[ 2017-04-09T11:17:03+08:00 ] 42.236.99.51 /index.php?m=vod-play-id-969-src-1-num-1.html
INFO: [ app_init ] --START--
INFO: Run Behavior\BuildLiteBehavior [ RunTime:0.000027s ]
INFO: [ app_init ] --END-- [ RunTime:0.000332s ]
ERR: 无法加载模块:Vod-play-id-969-src-1-num-1.html

[ 2017-04-09T11:17:03+08:00 ] 180.153.236.19 /index.php?m=vod-play-id-708-src-1-num-1.html
INFO: [ app_init ] --START--
INFO: Run Behavior\BuildLiteBehavior [ RunTime:0.000013s ]
INFO: [ app_init ] --END-- [ RunTime:0.000333s ]
ERR: 无法加载模块:Vod-play-id-708-src-1-num-1.html

[ 2017-04-09T11:17:09+08:00 ] 42.236.10.114 /index.php?m=vod-play-id-2070-src-1-num-1.html
INFO: [ app_init ] --START--
INFO: Run Behavior\BuildLiteBehavior [ RunTime:0.000014s ]
INFO: [ app_init ] --END-- [ RunTime:0.000373s ]
ERR: 无法加载模块:Vod-play-id-2070-src-1-num-1.html

