[ 2017-04-25T06:34:34+08:00 ] 42.236.99.206 /index.php?m=vod-play-id-1322-src-1-num-1.html
INFO: [ app_init ] --START--
INFO: Run Behavior\BuildLiteBehavior [ RunTime:0.000019s ]
INFO: [ app_init ] --END-- [ RunTime:0.000437s ]
ERR: 无法加载模块:Vod-play-id-1322-src-1-num-1.html

[ 2017-04-25T06:34:35+08:00 ] 42.236.10.112 /index.php?s=vod-play-id-768-sid-0-pid-1.html
INFO: [ app_init ] --START--
INFO: Run Behavior\BuildLiteBehavior [ RunTime:0.000013s ]
INFO: [ app_init ] --END-- [ RunTime:0.000288s ]
ERR: 无法加载模块:Vod-play-id-768-sid-0-pid-1

[ 2017-04-25T06:34:35+08:00 ] 42.236.99.9 /index.php?m=vod-play-id-1035-src-1-num-1.html
INFO: [ app_init ] --START--
INFO: Run Behavior\BuildLiteBehavior [ RunTime:0.000025s ]
INFO: [ app_init ] --END-- [ RunTime:0.000335s ]
ERR: 无法加载模块:Vod-play-id-1035-src-1-num-1.html

[ 2017-04-25T06:34:35+08:00 ] 42.236.10.85 /index.php?m=vod-list-id-4-pg-1-order--by--class-0-year-2004-letter-O-area-%E8%A5%BF%E7%8F%AD%E7%89%99-lang-.html
INFO: [ app_init ] --START--
INFO: Run Behavior\BuildLiteBehavior [ RunTime:0.000013s ]
INFO: [ app_init ] --END-- [ RunTime:0.000385s ]
ERR: 无法加载模块:Vod-list-id-4-pg-1-order--by--class-0-year-2004-letter-O-area-西班牙-lang-.html

[ 2017-04-25T06:34:35+08:00 ] 42.236.99.194 /index.php?s=vod-play-id-458-sid-0-pid-1.html
INFO: [ app_init ] --START--
INFO: Run Behavior\BuildLiteBehavior [ RunTime:0.000015s ]
INFO: [ app_init ] --END-- [ RunTime:0.000327s ]
ERR: 无法加载模块:Vod-play-id-458-sid-0-pid-1

[ 2017-04-25T06:34:35+08:00 ] 42.236.10.102 /index.php?m=vod-list-id-2-pg-1-order--by--class--year-2012-letter--area--lang-.html
INFO: [ app_init ] --START--
INFO: Run Behavior\BuildLiteBehavior [ RunTime:0.000014s ]
INFO: [ app_init ] --END-- [ RunTime:0.000351s ]
ERR: 无法加载模块:Vod-list-id-2-pg-1-order--by--class--year-2012-letter--area--lang-.html

[ 2017-04-25T06:34:35+08:00 ] 42.236.10.111 /index.php?m=vod-play-id-532-src-1-num-1.html
INFO: [ app_init ] --START--
INFO: Run Behavior\BuildLiteBehavior [ RunTime:0.000013s ]
INFO: [ app_init ] --END-- [ RunTime:0.000290s ]
ERR: 无法加载模块:Vod-play-id-532-src-1-num-1.html

[ 2017-04-25T06:34:35+08:00 ] 42.236.10.76 /index.php?m=vod-list-id-5-pg-1-order--by--class--year-2010-letter--area--lang-.html
INFO: [ app_init ] --START--
INFO: Run Behavior\BuildLiteBehavior [ RunTime:0.000015s ]
INFO: [ app_init ] --END-- [ RunTime:0.000320s ]
ERR: 无法加载模块:Vod-list-id-5-pg-1-order--by--class--year-2010-letter--area--lang-.html

[ 2017-04-25T06:34:35+08:00 ] 42.236.99.65 /index.php?s=gb-show-id-214.html
INFO: [ app_init ] --START--
INFO: Run Behavior\BuildLiteBehavior [ RunTime:0.000014s ]
INFO: [ app_init ] --END-- [ RunTime:0.000336s ]
ERR: 无法加载模块:Gb-show-id-214

[ 2017-04-25T06:34:35+08:00 ] 42.236.99.79 /index.php?m=vod-play-id-77-src-1-num-1.html
INFO: [ app_init ] --START--
INFO: Run Behavior\BuildLiteBehavior [ RunTime:0.000013s ]
INFO: [ app_init ] --END-- [ RunTime:0.000365s ]
ERR: 无法加载模块:Vod-play-id-77-src-1-num-1.html

[ 2017-04-25T06:34:36+08:00 ] 42.236.99.16 /index.php?m=vod-play-id-2279-src-1-num-1.html
INFO: [ app_init ] --START--
INFO: Run Behavior\BuildLiteBehavior [ RunTime:0.000022s ]
INFO: [ app_init ] --END-- [ RunTime:0.000327s ]
ERR: 无法加载模块:Vod-play-id-2279-src-1-num-1.html

[ 2017-04-25T06:34:36+08:00 ] 42.236.10.81 /index.php?m=vod-play-id-2250-src-1-num-1.html
INFO: [ app_init ] --START--
INFO: Run Behavior\BuildLiteBehavior [ RunTime:0.000014s ]
INFO: [ app_init ] --END-- [ RunTime:0.000294s ]
ERR: 无法加载模块:Vod-play-id-2250-src-1-num-1.html

[ 2017-04-25T06:34:36+08:00 ] 42.236.99.65 /index.php?m=vod-search-pg-2-starring-yuanyuan-classid-51.html
INFO: [ app_init ] --START--
INFO: Run Behavior\BuildLiteBehavior [ RunTime:0.000018s ]
INFO: [ app_init ] --END-- [ RunTime:0.000343s ]
ERR: 无法加载模块:Vod-search-pg-2-starring-yuanyuan-classid-51.html

[ 2017-04-25T06:34:36+08:00 ] 42.236.99.58 /index.php?s=vod-play-id-285-sid-0-pid-1.html
INFO: [ app_init ] --START--
INFO: Run Behavior\BuildLiteBehavior [ RunTime:0.000015s ]
INFO: [ app_init ] --END-- [ RunTime:0.000270s ]
ERR: 无法加载模块:Vod-play-id-285-sid-0-pid-1

[ 2017-04-25T06:34:36+08:00 ] 42.236.99.178 /index.php?m=vod-list-id-1-pg-1-order--by-score-class-10-year-2001-letter--area--lang-.html
INFO: [ app_init ] --START--
INFO: Run Behavior\BuildLiteBehavior [ RunTime:0.000021s ]
INFO: [ app_init ] --END-- [ RunTime:0.000439s ]
ERR: 无法加载模块:Vod-list-id-1-pg-1-order--by-score-class-10-year-2001-letter--area--lang-.html

[ 2017-04-25T06:34:36+08:00 ] 180.153.236.51 /index.php?m=vod-play-id-880-src-1-num-1.html
INFO: [ app_init ] --START--
INFO: Run Behavior\BuildLiteBehavior [ RunTime:0.000017s ]
INFO: [ app_init ] --END-- [ RunTime:0.000427s ]
ERR: 无法加载模块:Vod-play-id-880-src-1-num-1.html

[ 2017-04-25T06:34:36+08:00 ] 42.236.99.230 /index.php?s=vod-play-id-1371-sid-0-pid-1.html
INFO: [ app_init ] --START--
INFO: Run Behavior\BuildLiteBehavior [ RunTime:0.000014s ]
INFO: [ app_init ] --END-- [ RunTime:0.000306s ]
ERR: 无法加载模块:Vod-play-id-1371-sid-0-pid-1

[ 2017-04-25T06:34:36+08:00 ] 42.236.10.107 /index.php?s=gb-show-p-2.html
INFO: [ app_init ] --START--
INFO: Run Behavior\BuildLiteBehavior [ RunTime:0.000014s ]
INFO: [ app_init ] --END-- [ RunTime:0.000276s ]
ERR: 无法加载模块:Gb-show-p-2

[ 2017-04-25T06:34:36+08:00 ] 42.236.99.51 /index.php?m=vod-play-id-42-src-1-num-1.html
INFO: [ app_init ] --START--
INFO: Run Behavior\BuildLiteBehavior [ RunTime:0.000013s ]
INFO: [ app_init ] --END-- [ RunTime:0.000293s ]
ERR: 无法加载模块:Vod-play-id-42-src-1-num-1.html

[ 2017-04-25T06:34:37+08:00 ] 42.236.99.2 /index.php?m=vod-play-id-1861-src-1-num-1.html
INFO: [ app_init ] --START--
INFO: Run Behavior\BuildLiteBehavior [ RunTime:0.000017s ]
INFO: [ app_init ] --END-- [ RunTime:0.000323s ]
ERR: 无法加载模块:Vod-play-id-1861-src-1-num-1.html

[ 2017-04-25T16:52:00+08:00 ] 66.249.79.66 /index.php?s=vod-play-id-1477-sid-0-pid-1.html
INFO: [ app_init ] --START--
INFO: Run Behavior\BuildLiteBehavior [ RunTime:0.000058s ]
INFO: [ app_init ] --END-- [ RunTime:0.000446s ]
ERR: 无法加载模块:Vod-play-id-1477-sid-0-pid-1

[ 2017-04-25T21:40:49+08:00 ] 66.249.79.127 /index.php?s=gb-show-id-2223.html
INFO: [ app_init ] --START--
INFO: Run Behavior\BuildLiteBehavior [ RunTime:0.000021s ]
INFO: [ app_init ] --END-- [ RunTime:0.000391s ]
ERR: 无法加载模块:Gb-show-id-2223

