[ 2017-05-07T00:55:56+08:00 ] 42.236.10.102 /index.php?m=vod-list-id-4-pg-1-order--by--class-0-year-2004-letter-Y-area--lang-.html
INFO: [ app_init ] --START--
INFO: Run Behavior\BuildLiteBehavior [ RunTime:0.000000s ]
INFO: [ app_init ] --END-- [ RunTime:0.000000s ]
ERR: 无法加载模块:Vod-list-id-4-pg-1-order--by--class-0-year-2004-letter-Y-area--lang-.html

[ 2017-05-07T00:58:50+08:00 ] 42.236.99.142 /index.php?s=gb-show-id-1306.html
INFO: [ app_init ] --START--
INFO: Run Behavior\BuildLiteBehavior [ RunTime:0.000000s ]
INFO: [ app_init ] --END-- [ RunTime:0.000976s ]
ERR: 无法加载模块:Gb-show-id-1306

[ 2017-05-07T01:01:46+08:00 ] 42.236.99.142 /index.php?s=vod-play-id-456-sid-0-pid-1.html
INFO: [ app_init ] --START--
INFO: Run Behavior\BuildLiteBehavior [ RunTime:0.000000s ]
INFO: [ app_init ] --END-- [ RunTime:0.000977s ]
ERR: 无法加载模块:Vod-play-id-456-sid-0-pid-1

[ 2017-05-07T01:04:29+08:00 ] 42.236.99.218 /index.php?s=vod-play-id-1820-sid-0-pid-1.html
INFO: [ app_init ] --START--
INFO: Run Behavior\BuildLiteBehavior [ RunTime:0.000000s ]
INFO: [ app_init ] --END-- [ RunTime:0.000977s ]
ERR: 无法加载模块:Vod-play-id-1820-sid-0-pid-1

[ 2017-05-07T01:12:58+08:00 ] 42.236.10.72 /index.php?s=gb-show-id-236.html
INFO: [ app_init ] --START--
INFO: Run Behavior\BuildLiteBehavior [ RunTime:0.000000s ]
INFO: [ app_init ] --END-- [ RunTime:0.000977s ]
ERR: 无法加载模块:Gb-show-id-236

[ 2017-05-07T01:21:30+08:00 ] 42.236.10.81 /index.php?m=vod-play-id-1707-src-1-num-1.html
INFO: [ app_init ] --START--
INFO: Run Behavior\BuildLiteBehavior [ RunTime:0.000000s ]
INFO: [ app_init ] --END-- [ RunTime:0.000977s ]
ERR: 无法加载模块:Vod-play-id-1707-src-1-num-1.html

[ 2017-05-07T01:27:19+08:00 ] 42.236.99.65 /index.php?m=vod-play-id-2035-src-1-num-1.html
INFO: [ app_init ] --START--
INFO: Run Behavior\BuildLiteBehavior [ RunTime:0.000000s ]
INFO: [ app_init ] --END-- [ RunTime:0.000977s ]
ERR: 无法加载模块:Vod-play-id-2035-src-1-num-1.html

[ 2017-05-07T01:32:44+08:00 ] 42.236.10.103 /index.php?m=vod-play-id-262-src-1-num-1.html
INFO: [ app_init ] --START--
INFO: Run Behavior\BuildLiteBehavior [ RunTime:0.000000s ]
INFO: [ app_init ] --END-- [ RunTime:0.000977s ]
ERR: 无法加载模块:Vod-play-id-262-src-1-num-1.html

[ 2017-05-07T01:35:25+08:00 ] 42.236.10.104 /index.php?s=vod-play-id-1377-sid-0-pid-1.html
INFO: [ app_init ] --START--
INFO: Run Behavior\BuildLiteBehavior [ RunTime:0.000000s ]
INFO: [ app_init ] --END-- [ RunTime:0.000976s ]
ERR: 无法加载模块:Vod-play-id-1377-sid-0-pid-1

[ 2017-05-07T01:38:18+08:00 ] 42.236.99.218 /index.php?m=vod-list-id-1-pg-1-order--by-time-class--year--letter--area--lang-.html
INFO: [ app_init ] --START--
INFO: Run Behavior\BuildLiteBehavior [ RunTime:0.000000s ]
INFO: [ app_init ] --END-- [ RunTime:0.000977s ]
ERR: 无法加载模块:Vod-list-id-1-pg-1-order--by-time-class--year--letter--area--lang-.html

[ 2017-05-07T01:41:04+08:00 ] 180.153.236.157 /index.php?m=vod-play-id-629-src-1-num-1.html
INFO: [ app_init ] --START--
INFO: Run Behavior\BuildLiteBehavior [ RunTime:0.000000s ]
INFO: [ app_init ] --END-- [ RunTime:0.000977s ]
ERR: 无法加载模块:Vod-play-id-629-src-1-num-1.html

[ 2017-05-07T01:46:11+08:00 ] 42.236.99.51 /index.php?m=vod-play-id-120-src-1-num-1.html
INFO: [ app_init ] --START--
INFO: Run Behavior\BuildLiteBehavior [ RunTime:0.000000s ]
INFO: [ app_init ] --END-- [ RunTime:0.000000s ]
ERR: 无法加载模块:Vod-play-id-120-src-1-num-1.html

[ 2017-05-07T01:49:09+08:00 ] 42.236.10.111 /index.php?m=vod-list-id-7-pg-1-order--by--class--year-2005-letter--area--lang-.html
INFO: [ app_init ] --START--
INFO: Run Behavior\BuildLiteBehavior [ RunTime:0.000000s ]
INFO: [ app_init ] --END-- [ RunTime:0.000000s ]
ERR: 无法加载模块:Vod-list-id-7-pg-1-order--by--class--year-2005-letter--area--lang-.html

[ 2017-05-07T01:51:21+08:00 ] 42.236.10.104 /index.php?s=vod-play-id-788-sid-0-pid-1.html
INFO: [ app_init ] --START--
INFO: Run Behavior\BuildLiteBehavior [ RunTime:0.000000s ]
INFO: [ app_init ] --END-- [ RunTime:0.000000s ]
ERR: 无法加载模块:Vod-play-id-788-sid-0-pid-1

[ 2017-05-07T02:10:21+08:00 ] 42.236.10.108 /index.php?m=vod-search-pg-2-starring-yuanyuan-classid-58.html
INFO: [ app_init ] --START--
INFO: Run Behavior\BuildLiteBehavior [ RunTime:0.000000s ]
INFO: [ app_init ] --END-- [ RunTime:0.000000s ]
ERR: 无法加载模块:Vod-search-pg-2-starring-yuanyuan-classid-58.html

[ 2017-05-07T02:12:48+08:00 ] 42.236.10.76 /index.php?s=vod-play-id-291-sid-0-pid-1.html
INFO: [ app_init ] --START--
INFO: Run Behavior\BuildLiteBehavior [ RunTime:0.000000s ]
INFO: [ app_init ] --END-- [ RunTime:0.000976s ]
ERR: 无法加载模块:Vod-play-id-291-sid-0-pid-1

[ 2017-05-07T02:21:40+08:00 ] 42.236.99.178 /index.php?s=gb-show-p-2066.html
INFO: [ app_init ] --START--
INFO: Run Behavior\BuildLiteBehavior [ RunTime:0.000000s ]
INFO: [ app_init ] --END-- [ RunTime:0.000977s ]
ERR: 无法加载模块:Gb-show-p-2066

[ 2017-05-07T02:28:04+08:00 ] 42.236.99.166 /index.php?m=vod-list-id-5-pg-1-order--by--class--year--letter-E-area--lang-.html
INFO: [ app_init ] --START--
INFO: Run Behavior\BuildLiteBehavior [ RunTime:0.000000s ]
INFO: [ app_init ] --END-- [ RunTime:0.000977s ]
ERR: 无法加载模块:Vod-list-id-5-pg-1-order--by--class--year--letter-E-area--lang-.html

[ 2017-05-07T02:32:33+08:00 ] 42.236.99.130 /index.php?m=vod-play-id-1565-src-1-num-1.html
INFO: [ app_init ] --START--
INFO: Run Behavior\BuildLiteBehavior [ RunTime:0.000000s ]
INFO: [ app_init ] --END-- [ RunTime:0.000977s ]
ERR: 无法加载模块:Vod-play-id-1565-src-1-num-1.html

[ 2017-05-07T02:34:32+08:00 ] 42.236.10.74 /index.php?m=vod-play-id-2283-src-1-num-1.html
INFO: [ app_init ] --START--
INFO: Run Behavior\BuildLiteBehavior [ RunTime:0.000000s ]
INFO: [ app_init ] --END-- [ RunTime:0.000977s ]
ERR: 无法加载模块:Vod-play-id-2283-src-1-num-1.html

[ 2017-05-07T12:57:27+08:00 ] 66.249.75.42 /index.php?s=vod-play-id-1677-sid-0-pid-1.html
INFO: [ app_init ] --START--
INFO: Run Behavior\BuildLiteBehavior [ RunTime:0.000000s ]
INFO: [ app_init ] --END-- [ RunTime:0.000976s ]
ERR: 无法加载模块:Vod-play-id-1677-sid-0-pid-1

[ 2017-05-07T18:04:10+08:00 ] 66.249.75.42 /index.php?s=vod-play-id-1700-sid-0-pid-1.html
INFO: [ app_init ] --START--
INFO: Run Behavior\BuildLiteBehavior [ RunTime:0.000000s ]
INFO: [ app_init ] --END-- [ RunTime:0.000000s ]
ERR: 无法加载模块:Vod-play-id-1700-sid-0-pid-1

[ 2017-05-07T22:05:27+08:00 ] 42.236.99.130 /index.php?m=vod-play-id-1464-src-1-num-1.html
INFO: [ app_init ] --START--
INFO: Run Behavior\BuildLiteBehavior [ RunTime:0.000000s ]
INFO: [ app_init ] --END-- [ RunTime:0.000000s ]
ERR: 无法加载模块:Vod-play-id-1464-src-1-num-1.html

[ 2017-05-07T22:05:27+08:00 ] 42.236.99.23 /index.php?m=vod-play-id-897-src-1-num-1.html
INFO: [ app_init ] --START--
INFO: Run Behavior\BuildLiteBehavior [ RunTime:0.000000s ]
INFO: [ app_init ] --END-- [ RunTime:0.000977s ]
ERR: 无法加载模块:Vod-play-id-897-src-1-num-1.html

[ 2017-05-07T22:05:27+08:00 ] 42.236.10.115 /index.php?s=gb-show-p-2347.html
INFO: [ app_init ] --START--
INFO: Run Behavior\BuildLiteBehavior [ RunTime:0.000000s ]
INFO: [ app_init ] --END-- [ RunTime:0.000977s ]
ERR: 无法加载模块:Gb-show-p-2347

[ 2017-05-07T22:05:27+08:00 ] 42.236.10.71 /index.php?m=vod-play-id-57-src-1-num-1.html
INFO: [ app_init ] --START--
INFO: Run Behavior\BuildLiteBehavior [ RunTime:0.000000s ]
INFO: [ app_init ] --END-- [ RunTime:0.000976s ]
ERR: 无法加载模块:Vod-play-id-57-src-1-num-1.html

[ 2017-05-07T22:05:27+08:00 ] 42.236.99.44 /index.php?s=gb-show-id-1481.html
INFO: [ app_init ] --START--
INFO: Run Behavior\BuildLiteBehavior [ RunTime:0.000000s ]
INFO: [ app_init ] --END-- [ RunTime:0.000000s ]
ERR: 无法加载模块:Gb-show-id-1481

[ 2017-05-07T22:05:27+08:00 ] 42.236.10.114 /index.php?m=vod-list-id-4-pg-1-order--by--class-0-year-2005-letter--area-%E6%B3%95%E5%9B%BD-lang-.html
INFO: [ app_init ] --START--
INFO: Run Behavior\BuildLiteBehavior [ RunTime:0.000000s ]
INFO: [ app_init ] --END-- [ RunTime:0.000000s ]
ERR: 无法加载模块:Vod-list-id-4-pg-1-order--by--class-0-year-2005-letter--area-法国-lang-.html

[ 2017-05-07T22:05:27+08:00 ] 42.236.10.80 /index.php?s=vod-play-id-797-sid-0-pid-1.html
INFO: [ app_init ] --START--
INFO: Run Behavior\BuildLiteBehavior [ RunTime:0.000000s ]
INFO: [ app_init ] --END-- [ RunTime:0.000000s ]
ERR: 无法加载模块:Vod-play-id-797-sid-0-pid-1

[ 2017-05-07T22:05:27+08:00 ] 42.236.10.71 /index.php?m=vod-play-id-2276-src-1-num-1.html
INFO: [ app_init ] --START--
INFO: Run Behavior\BuildLiteBehavior [ RunTime:0.000000s ]
INFO: [ app_init ] --END-- [ RunTime:0.000977s ]
ERR: 无法加载模块:Vod-play-id-2276-src-1-num-1.html

[ 2017-05-07T22:05:27+08:00 ] 180.153.236.35 /index.php?s=vod-play-id-1381-sid-0-pid-1.html
INFO: [ app_init ] --START--
INFO: Run Behavior\BuildLiteBehavior [ RunTime:0.000000s ]
INFO: [ app_init ] --END-- [ RunTime:0.000976s ]
ERR: 无法加载模块:Vod-play-id-1381-sid-0-pid-1

[ 2017-05-07T22:05:27+08:00 ] 42.236.99.23 /index.php?m=vod-play-id-1977-src-1-num-1.html
INFO: [ app_init ] --START--
INFO: Run Behavior\BuildLiteBehavior [ RunTime:0.000000s ]
INFO: [ app_init ] --END-- [ RunTime:0.000976s ]
ERR: 无法加载模块:Vod-play-id-1977-src-1-num-1.html

[ 2017-05-07T22:05:27+08:00 ] 42.236.10.107 /index.php?m=vod-play-id-1063-src-1-num-1.html
INFO: [ app_init ] --START--
INFO: Run Behavior\BuildLiteBehavior [ RunTime:0.000000s ]
INFO: [ app_init ] --END-- [ RunTime:0.000977s ]
ERR: 无法加载模块:Vod-play-id-1063-src-1-num-1.html

[ 2017-05-07T22:05:27+08:00 ] 42.236.10.114 /index.php?m=vod-play-id-2071-src-1-num-1.html
INFO: [ app_init ] --START--
INFO: Run Behavior\BuildLiteBehavior [ RunTime:0.000000s ]
INFO: [ app_init ] --END-- [ RunTime:0.000976s ]
ERR: 无法加载模块:Vod-play-id-2071-src-1-num-1.html

[ 2017-05-07T22:05:28+08:00 ] 42.236.99.178 /index.php?m=vod-play-id-2267-src-1-num-1.html
INFO: [ app_init ] --START--
INFO: Run Behavior\BuildLiteBehavior [ RunTime:0.000000s ]
INFO: [ app_init ] --END-- [ RunTime:0.000976s ]
ERR: 无法加载模块:Vod-play-id-2267-src-1-num-1.html

[ 2017-05-07T22:05:28+08:00 ] 42.236.99.154 /index.php?m=vod-list-id-2-pg-1-order--by--class-16-year--letter--area--lang-.html
INFO: [ app_init ] --START--
INFO: Run Behavior\BuildLiteBehavior [ RunTime:0.000000s ]
INFO: [ app_init ] --END-- [ RunTime:0.000000s ]
ERR: 无法加载模块:Vod-list-id-2-pg-1-order--by--class-16-year--letter--area--lang-.html

[ 2017-05-07T22:05:28+08:00 ] 180.153.236.101 /index.php?s=vod-play-id-648-sid-0-pid-1.html
INFO: [ app_init ] --START--
INFO: Run Behavior\BuildLiteBehavior [ RunTime:0.000000s ]
INFO: [ app_init ] --END-- [ RunTime:0.000976s ]
ERR: 无法加载模块:Vod-play-id-648-sid-0-pid-1

[ 2017-05-07T22:05:28+08:00 ] 42.236.10.81 /index.php?m=vod-list-id-1-pg-1-order--by-score-class-7-year-0-letter--area--lang-.html
INFO: [ app_init ] --START--
INFO: Run Behavior\BuildLiteBehavior [ RunTime:0.000976s ]
INFO: [ app_init ] --END-- [ RunTime:0.000976s ]
ERR: 无法加载模块:Vod-list-id-1-pg-1-order--by-score-class-7-year-0-letter--area--lang-.html

[ 2017-05-07T22:05:28+08:00 ] 42.236.99.166 /index.php?s=vod-play-id-1910-sid-0-pid-1.html
INFO: [ app_init ] --START--
INFO: Run Behavior\BuildLiteBehavior [ RunTime:0.000000s ]
INFO: [ app_init ] --END-- [ RunTime:0.000977s ]
ERR: 无法加载模块:Vod-play-id-1910-sid-0-pid-1

