[ 2017-08-25T11:38:46+08:00 ] 42.236.99.86 /index.php?s=vod-play-id-1120-sid-0-pid-1.html
INFO: [ app_init ] --START--
INFO: Run Behavior\BuildLiteBehavior [ RunTime:0.000000s ]
INFO: [ app_init ] --END-- [ RunTime:0.000977s ]
ERR: 无法加载模块:Vod-play-id-1120-sid-0-pid-1

[ 2017-08-25T11:38:46+08:00 ] 42.236.102.3 /index.php?s=vod-play-id-1547-sid-0-pid-1.html
INFO: [ app_init ] --START--
INFO: Run Behavior\BuildLiteBehavior [ RunTime:0.000000s ]
INFO: [ app_init ] --END-- [ RunTime:0.000977s ]
ERR: 无法加载模块:Vod-play-id-1547-sid-0-pid-1

[ 2017-08-25T11:38:46+08:00 ] 42.236.99.9 /index.php?s=gb-show-id-705.html
INFO: [ app_init ] --START--
INFO: Run Behavior\BuildLiteBehavior [ RunTime:0.000000s ]
INFO: [ app_init ] --END-- [ RunTime:0.000000s ]
ERR: 无法加载模块:Gb-show-id-705

[ 2017-08-25T11:38:46+08:00 ] 42.236.55.21 /index.php?s=gb-show-id-381.html
INFO: [ app_init ] --START--
INFO: Run Behavior\BuildLiteBehavior [ RunTime:0.000000s ]
INFO: [ app_init ] --END-- [ RunTime:0.000976s ]
ERR: 无法加载模块:Gb-show-id-381

[ 2017-08-25T11:38:46+08:00 ] 42.236.103.66 /index.php?m=vod-list-id-2-pg-1-order--by--class-0-year--letter--area--lang-.html
INFO: [ app_init ] --START--
INFO: Run Behavior\BuildLiteBehavior [ RunTime:0.000000s ]
INFO: [ app_init ] --END-- [ RunTime:0.000977s ]
ERR: 无法加载模块:Vod-list-id-2-pg-1-order--by--class-0-year--letter--area--lang-.html

[ 2017-08-25T11:38:47+08:00 ] 42.236.99.16 /index.php?m=vod-search-pg-235-starring-yuanyuan-area-%E5%A4%A7%E9%99%86.html
INFO: [ app_init ] --START--
INFO: Run Behavior\BuildLiteBehavior [ RunTime:0.000000s ]
INFO: [ app_init ] --END-- [ RunTime:0.000000s ]
ERR: 无法加载模块:Vod-search-pg-235-starring-yuanyuan-area-大陆.html

[ 2017-08-25T11:38:47+08:00 ] 42.236.102.3 /index.php?m=vod-play-id-2335-src-1-num-1.html
INFO: [ app_init ] --START--
INFO: Run Behavior\BuildLiteBehavior [ RunTime:0.000000s ]
INFO: [ app_init ] --END-- [ RunTime:0.000976s ]
ERR: 无法加载模块:Vod-play-id-2335-src-1-num-1.html

[ 2017-08-25T11:38:47+08:00 ] 42.236.102.23 /index.php?s=gb-show-id-1667.html
INFO: [ app_init ] --START--
INFO: Run Behavior\BuildLiteBehavior [ RunTime:0.000000s ]
INFO: [ app_init ] --END-- [ RunTime:0.000000s ]
ERR: 无法加载模块:Gb-show-id-1667

[ 2017-08-25T11:38:47+08:00 ] 42.236.99.154 /index.php?s=gb-show-p-380.html
INFO: [ app_init ] --START--
INFO: Run Behavior\BuildLiteBehavior [ RunTime:0.000000s ]
INFO: [ app_init ] --END-- [ RunTime:0.000000s ]
ERR: 无法加载模块:Gb-show-p-380

[ 2017-08-25T11:38:47+08:00 ] 42.236.54.22 /index.php?m=vod-list-id-4-pg-1-order--by--class-0-year-2008-letter--area-%E8%A5%BF%E7%8F%AD%E7%89%99-lang-.html
INFO: [ app_init ] --START--
INFO: Run Behavior\BuildLiteBehavior [ RunTime:0.000000s ]
INFO: [ app_init ] --END-- [ RunTime:0.000000s ]
ERR: 无法加载模块:Vod-list-id-4-pg-1-order--by--class-0-year-2008-letter--area-西班牙-lang-.html

[ 2017-08-25T11:38:47+08:00 ] 42.236.103.66 /index.php?m=vod-play-id-1803-src-1-num-1.html
INFO: [ app_init ] --START--
INFO: Run Behavior\BuildLiteBehavior [ RunTime:0.000000s ]
INFO: [ app_init ] --END-- [ RunTime:0.000976s ]
ERR: 无法加载模块:Vod-play-id-1803-src-1-num-1.html

[ 2017-08-25T11:38:47+08:00 ] 42.236.99.86 /index.php?m=vod-list-id-4-pg-1-order--by--class-0-year-2008-letter--area-%E6%96%B0%E5%8A%A0%E5%9D%A1-lang-.html
INFO: [ app_init ] --START--
INFO: Run Behavior\BuildLiteBehavior [ RunTime:0.000000s ]
INFO: [ app_init ] --END-- [ RunTime:0.000976s ]
ERR: 无法加载模块:Vod-list-id-4-pg-1-order--by--class-0-year-2008-letter--area-新加坡-lang-.html

[ 2017-08-25T11:38:47+08:00 ] 42.236.99.44 /index.php?m=vod-play-id-84-src-1-num-1.html
INFO: [ app_init ] --START--
INFO: Run Behavior\BuildLiteBehavior [ RunTime:0.000000s ]
INFO: [ app_init ] --END-- [ RunTime:0.000976s ]
ERR: 无法加载模块:Vod-play-id-84-src-1-num-1.html

[ 2017-08-25T11:38:47+08:00 ] 42.236.102.3 /index.php?m=vod-search-pg-235-starring-yuanyuan-area-%E5%8D%B0%E5%BA%A6.html
INFO: [ app_init ] --START--
INFO: Run Behavior\BuildLiteBehavior [ RunTime:0.000000s ]
INFO: [ app_init ] --END-- [ RunTime:0.000977s ]
ERR: 无法加载模块:Vod-search-pg-235-starring-yuanyuan-area-印度.html

[ 2017-08-25T11:38:47+08:00 ] 42.236.55.41 /index.php?m=vod-list-id-3-pg-1-order--by--class--year--letter--area-%E5%8A%A0%E6%8B%BF%E5%A4%A7-lang-.html
INFO: [ app_init ] --START--
INFO: Run Behavior\BuildLiteBehavior [ RunTime:0.000000s ]
INFO: [ app_init ] --END-- [ RunTime:0.000976s ]
ERR: 无法加载模块:Vod-list-id-3-pg-1-order--by--class--year--letter--area-加拿大-lang-.html

