[ 2017-06-07T13:07:09+08:00 ] 42.236.99.44 /index.php?m=vod-play-id-1944-src-1-num-1.html
INFO: [ app_init ] --START--
INFO: Run Behavior\BuildLiteBehavior [ RunTime:0.000000s ]
INFO: [ app_init ] --END-- [ RunTime:0.000000s ]
ERR: 无法加载模块:Vod-play-id-1944-src-1-num-1.html

[ 2017-06-07T13:07:09+08:00 ] 42.236.99.23 /index.php?m=vod-play-id-2024-src-1-num-1.html
INFO: [ app_init ] --START--
INFO: Run Behavior\BuildLiteBehavior [ RunTime:0.000000s ]
INFO: [ app_init ] --END-- [ RunTime:0.000976s ]
ERR: 无法加载模块:Vod-play-id-2024-src-1-num-1.html

[ 2017-06-07T13:07:09+08:00 ] 42.236.10.81 /index.php?m=vod-search-pg-2-starring-yuanyuan-classid-41.html
INFO: [ app_init ] --START--
INFO: Run Behavior\BuildLiteBehavior [ RunTime:0.000000s ]
INFO: [ app_init ] --END-- [ RunTime:0.000000s ]
ERR: 无法加载模块:Vod-search-pg-2-starring-yuanyuan-classid-41.html

[ 2017-06-07T13:07:10+08:00 ] 42.236.10.79 /index.php?m=vod-play-id-2262-src-1-num-1.html
INFO: [ app_init ] --START--
INFO: Run Behavior\BuildLiteBehavior [ RunTime:0.000000s ]
INFO: [ app_init ] --END-- [ RunTime:0.000977s ]
ERR: 无法加载模块:Vod-play-id-2262-src-1-num-1.html

[ 2017-06-07T13:07:10+08:00 ] 42.236.10.115 /index.php?s=vod-play-id-832-sid-0-pid-1.html
INFO: [ app_init ] --START--
INFO: Run Behavior\BuildLiteBehavior [ RunTime:0.000000s ]
INFO: [ app_init ] --END-- [ RunTime:0.000976s ]
ERR: 无法加载模块:Vod-play-id-832-sid-0-pid-1

[ 2017-06-07T13:07:10+08:00 ] 42.236.99.23 /index.php?m=vod-play-id-1969-src-1-num-1.html
INFO: [ app_init ] --START--
INFO: Run Behavior\BuildLiteBehavior [ RunTime:0.000000s ]
INFO: [ app_init ] --END-- [ RunTime:0.000976s ]
ERR: 无法加载模块:Vod-play-id-1969-src-1-num-1.html

[ 2017-06-07T13:07:10+08:00 ] 42.236.99.58 /index.php?s=vod-play-id-738-sid-0-pid-1.html
INFO: [ app_init ] --START--
INFO: Run Behavior\BuildLiteBehavior [ RunTime:0.000000s ]
INFO: [ app_init ] --END-- [ RunTime:0.000000s ]
ERR: 无法加载模块:Vod-play-id-738-sid-0-pid-1

[ 2017-06-07T13:07:10+08:00 ] 42.236.10.78 /index.php?m=vod-list-id-1-pg-1-order--by-time-class-11-year-2003-letter--area--lang-.html
INFO: [ app_init ] --START--
INFO: Run Behavior\BuildLiteBehavior [ RunTime:0.000000s ]
INFO: [ app_init ] --END-- [ RunTime:0.000976s ]
ERR: 无法加载模块:Vod-list-id-1-pg-1-order--by-time-class-11-year-2003-letter--area--lang-.html

[ 2017-06-07T13:07:10+08:00 ] 42.236.99.16 /index.php?s=gb-show-id-1775.html
INFO: [ app_init ] --START--
INFO: Run Behavior\BuildLiteBehavior [ RunTime:0.000000s ]
INFO: [ app_init ] --END-- [ RunTime:0.000977s ]
ERR: 无法加载模块:Gb-show-id-1775

[ 2017-06-07T13:07:10+08:00 ] 42.236.99.58 /index.php?m=vod-play-id-897-src-1-num-1.html
INFO: [ app_init ] --START--
INFO: Run Behavior\BuildLiteBehavior [ RunTime:0.000000s ]
INFO: [ app_init ] --END-- [ RunTime:0.000976s ]
ERR: 无法加载模块:Vod-play-id-897-src-1-num-1.html

[ 2017-06-07T13:07:10+08:00 ] 42.236.99.206 /index.php?m=vod-list-id-2-pg-1-order--by--class-35-year--letter--area--lang-.html
INFO: [ app_init ] --START--
INFO: Run Behavior\BuildLiteBehavior [ RunTime:0.000000s ]
INFO: [ app_init ] --END-- [ RunTime:0.000000s ]
ERR: 无法加载模块:Vod-list-id-2-pg-1-order--by--class-35-year--letter--area--lang-.html

[ 2017-06-07T13:07:11+08:00 ] 42.236.102.23 /index.php?s=vod-play-id-300-sid-0-pid-1.html
INFO: [ app_init ] --START--
INFO: Run Behavior\BuildLiteBehavior [ RunTime:0.000000s ]
INFO: [ app_init ] --END-- [ RunTime:0.000000s ]
ERR: 无法加载模块:Vod-play-id-300-sid-0-pid-1

[ 2017-06-07T13:07:11+08:00 ] 42.236.10.100 /index.php?m=vod-play-id-455-src-1-num-1.html
INFO: [ app_init ] --START--
INFO: Run Behavior\BuildLiteBehavior [ RunTime:0.000000s ]
INFO: [ app_init ] --END-- [ RunTime:0.000977s ]
ERR: 无法加载模块:Vod-play-id-455-src-1-num-1.html

[ 2017-06-07T13:07:11+08:00 ] 42.236.10.71 /index.php?m=vod-play-id-609-src-1-num-1.html
INFO: [ app_init ] --START--
INFO: Run Behavior\BuildLiteBehavior [ RunTime:0.000000s ]
INFO: [ app_init ] --END-- [ RunTime:0.000000s ]
ERR: 无法加载模块:Vod-play-id-609-src-1-num-1.html

[ 2017-06-07T13:07:11+08:00 ] 42.236.10.83 /index.php?m=vod-list-id-7-pg-1-order--by--class--year-2013-letter--area--lang-.html
INFO: [ app_init ] --START--
INFO: Run Behavior\BuildLiteBehavior [ RunTime:0.000000s ]
INFO: [ app_init ] --END-- [ RunTime:0.000000s ]
ERR: 无法加载模块:Vod-list-id-7-pg-1-order--by--class--year-2013-letter--area--lang-.html

[ 2017-06-07T13:07:11+08:00 ] 42.236.10.72 /index.php?m=vod-play-id-17-src-1-num-1.html
INFO: [ app_init ] --START--
INFO: Run Behavior\BuildLiteBehavior [ RunTime:0.000000s ]
INFO: [ app_init ] --END-- [ RunTime:0.000977s ]
ERR: 无法加载模块:Vod-play-id-17-src-1-num-1.html

[ 2017-06-07T13:07:11+08:00 ] 42.236.10.83 /index.php?s=gb-show-id-291.html
INFO: [ app_init ] --START--
INFO: Run Behavior\BuildLiteBehavior [ RunTime:0.000000s ]
INFO: [ app_init ] --END-- [ RunTime:0.000977s ]
ERR: 无法加载模块:Gb-show-id-291

[ 2017-06-07T13:07:11+08:00 ] 42.236.99.37 /index.php?m=vod-list-id-4-pg-1-order--by--class-0-year-2005-letter-H-area--lang-.html
INFO: [ app_init ] --START--
INFO: Run Behavior\BuildLiteBehavior [ RunTime:0.000977s ]
INFO: [ app_init ] --END-- [ RunTime:0.000977s ]
ERR: 无法加载模块:Vod-list-id-4-pg-1-order--by--class-0-year-2005-letter-H-area--lang-.html

[ 2017-06-07T13:07:11+08:00 ] 42.236.103.66 /index.php?s=vod-play-id-1391-sid-0-pid-1.html
INFO: [ app_init ] --START--
INFO: Run Behavior\BuildLiteBehavior [ RunTime:0.000000s ]
INFO: [ app_init ] --END-- [ RunTime:0.000977s ]
ERR: 无法加载模块:Vod-play-id-1391-sid-0-pid-1

[ 2017-06-07T13:07:11+08:00 ] 42.236.99.23 /index.php?m=gbook-show.html
INFO: [ app_init ] --START--
INFO: Run Behavior\BuildLiteBehavior [ RunTime:0.000000s ]
INFO: [ app_init ] --END-- [ RunTime:0.000977s ]
ERR: 无法加载模块:Gbook-show.html

[ 2017-06-07T13:07:12+08:00 ] 42.236.10.83 /index.php?m=vod-play-id-1497-src-1-num-1.html
INFO: [ app_init ] --START--
INFO: Run Behavior\BuildLiteBehavior [ RunTime:0.000000s ]
INFO: [ app_init ] --END-- [ RunTime:0.000976s ]
ERR: 无法加载模块:Vod-play-id-1497-src-1-num-1.html

[ 2017-06-07T13:07:12+08:00 ] 42.236.99.194 /index.php?s=gb-show-p-2387.html
INFO: [ app_init ] --START--
INFO: Run Behavior\BuildLiteBehavior [ RunTime:0.000000s ]
INFO: [ app_init ] --END-- [ RunTime:0.000976s ]
ERR: 无法加载模块:Gb-show-p-2387

[ 2017-06-07T13:07:12+08:00 ] 42.236.103.66 /index.php?m=vod-list-id-5-pg-1-order--by--class--year--letter-I-area--lang-.html
INFO: [ app_init ] --START--
INFO: Run Behavior\BuildLiteBehavior [ RunTime:0.000000s ]
INFO: [ app_init ] --END-- [ RunTime:0.000977s ]
ERR: 无法加载模块:Vod-list-id-5-pg-1-order--by--class--year--letter-I-area--lang-.html

[ 2017-06-07T13:07:12+08:00 ] 42.236.99.178 /index.php?s=vod-search-letter-F.html
INFO: [ app_init ] --START--
INFO: Run Behavior\BuildLiteBehavior [ RunTime:0.000000s ]
INFO: [ app_init ] --END-- [ RunTime:0.001953s ]
ERR: 无法加载模块:Vod-search-letter-F

[ 2017-06-07T13:07:12+08:00 ] 42.236.99.30 /index.php?s=gb-show-p-18.html
INFO: [ app_init ] --START--
INFO: Run Behavior\BuildLiteBehavior [ RunTime:0.000000s ]
INFO: [ app_init ] --END-- [ RunTime:0.000000s ]
ERR: 无法加载模块:Gb-show-p-18

[ 2017-06-07T13:07:12+08:00 ] 42.236.10.81 /index.php?s=vod-play-id-725-sid-0-pid-1.html
INFO: [ app_init ] --START--
INFO: Run Behavior\BuildLiteBehavior [ RunTime:0.000000s ]
INFO: [ app_init ] --END-- [ RunTime:0.000000s ]
ERR: 无法加载模块:Vod-play-id-725-sid-0-pid-1

[ 2017-06-07T13:07:12+08:00 ] 42.236.10.76 /index.php?m=vod-play-id-2286-src-1-num-1.html
INFO: [ app_init ] --START--
INFO: Run Behavior\BuildLiteBehavior [ RunTime:0.000000s ]
INFO: [ app_init ] --END-- [ RunTime:0.000976s ]
ERR: 无法加载模块:Vod-play-id-2286-src-1-num-1.html

[ 2017-06-07T13:07:13+08:00 ] 180.153.236.133 /index.php?m=vod-play-id-2005-src-1-num-1.html
INFO: [ app_init ] --START--
INFO: Run Behavior\BuildLiteBehavior [ RunTime:0.000000s ]
INFO: [ app_init ] --END-- [ RunTime:0.000000s ]
ERR: 无法加载模块:Vod-play-id-2005-src-1-num-1.html

[ 2017-06-07T13:07:13+08:00 ] 42.236.10.106 /index.php?m=vod-play-id-1998-src-1-num-1.html
INFO: [ app_init ] --START--
INFO: Run Behavior\BuildLiteBehavior [ RunTime:0.000000s ]
INFO: [ app_init ] --END-- [ RunTime:0.000976s ]
ERR: 无法加载模块:Vod-play-id-1998-src-1-num-1.html

[ 2017-06-07T13:07:13+08:00 ] 42.236.10.112 /index.php?m=vod-play-id-906-src-1-num-1.html
INFO: [ app_init ] --START--
INFO: Run Behavior\BuildLiteBehavior [ RunTime:0.000000s ]
INFO: [ app_init ] --END-- [ RunTime:0.000976s ]
ERR: 无法加载模块:Vod-play-id-906-src-1-num-1.html

[ 2017-06-07T13:07:13+08:00 ] 42.236.102.23 /index.php?m=vod-list-id-2-pg-1-order--by--class--year--letter-H-area--lang-.html
INFO: [ app_init ] --START--
INFO: Run Behavior\BuildLiteBehavior [ RunTime:0.000000s ]
INFO: [ app_init ] --END-- [ RunTime:0.000977s ]
ERR: 无法加载模块:Vod-list-id-2-pg-1-order--by--class--year--letter-H-area--lang-.html

[ 2017-06-07T13:07:13+08:00 ] 42.236.10.82 /index.php?m=vod-play-id-537-src-1-num-1.html
INFO: [ app_init ] --START--
INFO: Run Behavior\BuildLiteBehavior [ RunTime:0.000000s ]
INFO: [ app_init ] --END-- [ RunTime:0.000977s ]
ERR: 无法加载模块:Vod-play-id-537-src-1-num-1.html

[ 2017-06-07T13:07:13+08:00 ] 42.236.10.81 /index.php?m=vod-list-id-5-pg-1-order--by--class--year--letter-J-area--lang-.html
INFO: [ app_init ] --START--
INFO: Run Behavior\BuildLiteBehavior [ RunTime:0.000000s ]
INFO: [ app_init ] --END-- [ RunTime:0.000976s ]
ERR: 无法加载模块:Vod-list-id-5-pg-1-order--by--class--year--letter-J-area--lang-.html

[ 2017-06-07T13:07:13+08:00 ] 42.236.12.130 /index.php?m=vod-play-id-1557-src-1-num-1.html
INFO: [ app_init ] --START--
INFO: Run Behavior\BuildLiteBehavior [ RunTime:0.000000s ]
INFO: [ app_init ] --END-- [ RunTime:0.000976s ]
ERR: 无法加载模块:Vod-play-id-1557-src-1-num-1.html

[ 2017-06-07T13:07:13+08:00 ] 42.236.10.111 /index.php?m=vod-list-id-1-pg-1-order--by-time-class-0-year-2003-letter--area--lang-.html
INFO: [ app_init ] --START--
INFO: Run Behavior\BuildLiteBehavior [ RunTime:0.000000s ]
INFO: [ app_init ] --END-- [ RunTime:0.000976s ]
ERR: 无法加载模块:Vod-list-id-1-pg-1-order--by-time-class-0-year-2003-letter--area--lang-.html

[ 2017-06-07T13:07:13+08:00 ] 42.236.99.23 /index.php?m=vod-play-id-1214-src-1-num-1.html
INFO: [ app_init ] --START--
INFO: Run Behavior\BuildLiteBehavior [ RunTime:0.000000s ]
INFO: [ app_init ] --END-- [ RunTime:0.000977s ]
ERR: 无法加载模块:Vod-play-id-1214-src-1-num-1.html

[ 2017-06-07T13:07:13+08:00 ] 42.236.99.72 /index.php?m=vod-search-pg-2-starring-yuanyuan-letter-J.html
INFO: [ app_init ] --START--
INFO: Run Behavior\BuildLiteBehavior [ RunTime:0.000000s ]
INFO: [ app_init ] --END-- [ RunTime:0.000976s ]
ERR: 无法加载模块:Vod-search-pg-2-starring-yuanyuan-letter-J.html

[ 2017-06-07T13:07:13+08:00 ] 42.236.10.78 /index.php?m=vod-list-id-2-pg-1-order--by--class--year--letter-F-area--lang-.html
INFO: [ app_init ] --START--
INFO: Run Behavior\BuildLiteBehavior [ RunTime:0.000000s ]
INFO: [ app_init ] --END-- [ RunTime:0.000000s ]
ERR: 无法加载模块:Vod-list-id-2-pg-1-order--by--class--year--letter-F-area--lang-.html

[ 2017-06-07T13:07:13+08:00 ] 42.236.99.30 /index.php?m=vod-play-id-464-src-1-num-1.html
INFO: [ app_init ] --START--
INFO: Run Behavior\BuildLiteBehavior [ RunTime:0.000000s ]
INFO: [ app_init ] --END-- [ RunTime:0.000000s ]
ERR: 无法加载模块:Vod-play-id-464-src-1-num-1.html

[ 2017-06-07T13:07:13+08:00 ] 42.236.99.44 /index.php?m=vod-play-id-238-src-1-num-1.html
INFO: [ app_init ] --START--
INFO: Run Behavior\BuildLiteBehavior [ RunTime:0.000000s ]
INFO: [ app_init ] --END-- [ RunTime:0.000000s ]
ERR: 无法加载模块:Vod-play-id-238-src-1-num-1.html

[ 2017-06-07T13:07:14+08:00 ] 180.153.236.189 /index.php?m=vod-play-id-2274-src-1-num-1.html
INFO: [ app_init ] --START--
INFO: Run Behavior\BuildLiteBehavior [ RunTime:0.000000s ]
INFO: [ app_init ] --END-- [ RunTime:0.000976s ]
ERR: 无法加载模块:Vod-play-id-2274-src-1-num-1.html

[ 2017-06-07T13:07:15+08:00 ] 42.236.99.142 /index.php?m=vod-play-id-1450-src-1-num-1.html
INFO: [ app_init ] --START--
INFO: Run Behavior\BuildLiteBehavior [ RunTime:0.000000s ]
INFO: [ app_init ] --END-- [ RunTime:0.000976s ]
ERR: 无法加载模块:Vod-play-id-1450-src-1-num-1.html

[ 2017-06-07T13:07:15+08:00 ] 42.236.99.218 /index.php?s=vod-play-id-28-sid-0-pid-1.html
INFO: [ app_init ] --START--
INFO: Run Behavior\BuildLiteBehavior [ RunTime:0.000000s ]
INFO: [ app_init ] --END-- [ RunTime:0.000976s ]
ERR: 无法加载模块:Vod-play-id-28-sid-0-pid-1

[ 2017-06-07T13:07:15+08:00 ] 180.153.236.101 /index.php?s=vod-play-id-761-sid-0-pid-1.html
INFO: [ app_init ] --START--
INFO: Run Behavior\BuildLiteBehavior [ RunTime:0.000000s ]
INFO: [ app_init ] --END-- [ RunTime:0.000977s ]
ERR: 无法加载模块:Vod-play-id-761-sid-0-pid-1

[ 2017-06-07T13:07:15+08:00 ] 42.236.12.150 /index.php?m=vod-play-id-1502-src-1-num-1.html
INFO: [ app_init ] --START--
INFO: Run Behavior\BuildLiteBehavior [ RunTime:0.000000s ]
INFO: [ app_init ] --END-- [ RunTime:0.000000s ]
ERR: 无法加载模块:Vod-play-id-1502-src-1-num-1.html

[ 2017-06-07T13:07:15+08:00 ] 42.236.10.110 /index.php?m=vod-search-pg-2-starring-yuanyuan-letter-G.html
INFO: [ app_init ] --START--
INFO: Run Behavior\BuildLiteBehavior [ RunTime:0.000000s ]
INFO: [ app_init ] --END-- [ RunTime:0.000977s ]
ERR: 无法加载模块:Vod-search-pg-2-starring-yuanyuan-letter-G.html

[ 2017-06-07T13:07:16+08:00 ] 42.236.10.108 /index.php?s=gb-show-id-195.html
INFO: [ app_init ] --START--
INFO: Run Behavior\BuildLiteBehavior [ RunTime:0.000000s ]
INFO: [ app_init ] --END-- [ RunTime:0.000977s ]
ERR: 无法加载模块:Gb-show-id-195

[ 2017-06-07T13:07:16+08:00 ] 42.236.12.150 /index.php?m=vod-list-id-7-pg-1-order--by--class--year-2012-letter--area--lang-.html
INFO: [ app_init ] --START--
INFO: Run Behavior\BuildLiteBehavior [ RunTime:0.000000s ]
INFO: [ app_init ] --END-- [ RunTime:0.000000s ]
ERR: 无法加载模块:Vod-list-id-7-pg-1-order--by--class--year-2012-letter--area--lang-.html

[ 2017-06-07T13:07:17+08:00 ] 42.236.10.113 /index.php?m=vod-list-id-4-pg-1-order--by--class-0-year-2005-letter-S-area-%E8%A5%BF%E7%8F%AD%E7%89%99-lang-.html
INFO: [ app_init ] --START--
INFO: Run Behavior\BuildLiteBehavior [ RunTime:0.000977s ]
INFO: [ app_init ] --END-- [ RunTime:0.000977s ]
ERR: 无法加载模块:Vod-list-id-4-pg-1-order--by--class-0-year-2005-letter-S-area-西班牙-lang-.html

[ 2017-06-07T13:07:17+08:00 ] 42.236.10.102 /index.php?m=vod-play-id-973-src-1-num-1.html
INFO: [ app_init ] --START--
INFO: Run Behavior\BuildLiteBehavior [ RunTime:0.000000s ]
INFO: [ app_init ] --END-- [ RunTime:0.000000s ]
ERR: 无法加载模块:Vod-play-id-973-src-1-num-1.html

[ 2017-06-07T13:07:17+08:00 ] 42.236.99.218 /index.php?m=vod-search-pg-2-starring-yuanyuan-letter-I.html
INFO: [ app_init ] --START--
INFO: Run Behavior\BuildLiteBehavior [ RunTime:0.000000s ]
INFO: [ app_init ] --END-- [ RunTime:0.000976s ]
ERR: 无法加载模块:Vod-search-pg-2-starring-yuanyuan-letter-I.html

[ 2017-06-07T13:07:18+08:00 ] 180.153.236.133 /index.php?s=vod-play-id-1357-sid-0-pid-1.html
INFO: [ app_init ] --START--
INFO: Run Behavior\BuildLiteBehavior [ RunTime:0.000000s ]
INFO: [ app_init ] --END-- [ RunTime:0.000976s ]
ERR: 无法加载模块:Vod-play-id-1357-sid-0-pid-1

[ 2017-06-07T13:07:18+08:00 ] 42.236.10.84 /index.php?m=vod-play-id-1178-src-1-num-1.html
INFO: [ app_init ] --START--
INFO: Run Behavior\BuildLiteBehavior [ RunTime:0.000000s ]
INFO: [ app_init ] --END-- [ RunTime:0.000976s ]
ERR: 无法加载模块:Vod-play-id-1178-src-1-num-1.html

[ 2017-06-07T13:07:18+08:00 ] 180.153.236.165 /index.php?m=vod-play-id-1697-src-1-num-1.html
INFO: [ app_init ] --START--
INFO: Run Behavior\BuildLiteBehavior [ RunTime:0.000000s ]
INFO: [ app_init ] --END-- [ RunTime:0.000000s ]
ERR: 无法加载模块:Vod-play-id-1697-src-1-num-1.html

[ 2017-06-07T13:07:18+08:00 ] 42.236.54.42 /index.php?m=vod-play-id-1024-src-1-num-1.html
INFO: [ app_init ] --START--
INFO: Run Behavior\BuildLiteBehavior [ RunTime:0.000000s ]
INFO: [ app_init ] --END-- [ RunTime:0.000977s ]
ERR: 无法加载模块:Vod-play-id-1024-src-1-num-1.html

[ 2017-06-07T13:07:18+08:00 ] 42.236.10.72 /index.php?s=gb-show-id-1561.html
INFO: [ app_init ] --START--
INFO: Run Behavior\BuildLiteBehavior [ RunTime:0.000000s ]
INFO: [ app_init ] --END-- [ RunTime:0.000976s ]
ERR: 无法加载模块:Gb-show-id-1561

[ 2017-06-07T13:07:18+08:00 ] 42.236.99.65 /index.php?m=vod-play-id-886-src-1-num-1.html
INFO: [ app_init ] --START--
INFO: Run Behavior\BuildLiteBehavior [ RunTime:0.000000s ]
INFO: [ app_init ] --END-- [ RunTime:0.000976s ]
ERR: 无法加载模块:Vod-play-id-886-src-1-num-1.html

[ 2017-06-07T13:08:19+08:00 ] 42.236.10.85 /index.php?m=vod-search-pg-2-starring-yuanyuan-letter-B.html
INFO: [ app_init ] --START--
INFO: Run Behavior\BuildLiteBehavior [ RunTime:0.000000s ]
INFO: [ app_init ] --END-- [ RunTime:0.000976s ]
ERR: 无法加载模块:Vod-search-pg-2-starring-yuanyuan-letter-B.html

[ 2017-06-07T20:38:38+08:00 ] 140.205.225.203 /index.php?m=member&c=index&a=register&siteid=1
INFO: [ app_init ] --START--
INFO: Run Behavior\BuildLiteBehavior [ RunTime:0.000000s ]
INFO: [ app_init ] --END-- [ RunTime:0.000000s ]
ERR: 无法加载模块:Member

[ 2017-06-07T20:38:39+08:00 ] 140.205.225.203 /index.php?m=wap&a=index&siteid=1
INFO: [ app_init ] --START--
INFO: Run Behavior\BuildLiteBehavior [ RunTime:0.000000s ]
INFO: [ app_init ] --END-- [ RunTime:0.000000s ]
ERR: 无法加载模块:Wap

