[ 2017-05-27T04:48:33+08:00 ] 42.236.99.154 /index.php?m=vod-play-id-982-src-1-num-1.html
INFO: [ app_init ] --START--
INFO: Run Behavior\BuildLiteBehavior [ RunTime:0.000000s ]
INFO: [ app_init ] --END-- [ RunTime:0.000977s ]
ERR: 无法加载模块:Vod-play-id-982-src-1-num-1.html

[ 2017-05-27T04:48:33+08:00 ] 42.236.10.115 /index.php?s=vod-play-id-1382-sid-0-pid-1.html
INFO: [ app_init ] --START--
INFO: Run Behavior\BuildLiteBehavior [ RunTime:0.000000s ]
INFO: [ app_init ] --END-- [ RunTime:0.000000s ]
ERR: 无法加载模块:Vod-play-id-1382-sid-0-pid-1

[ 2017-05-27T04:48:33+08:00 ] 42.236.99.166 /index.php?s=gb-show-id-254.html
INFO: [ app_init ] --START--
INFO: Run Behavior\BuildLiteBehavior [ RunTime:0.000000s ]
INFO: [ app_init ] --END-- [ RunTime:0.000977s ]
ERR: 无法加载模块:Gb-show-id-254

[ 2017-05-27T04:48:33+08:00 ] 42.236.99.242 /index.php?m=vod-list-id-7-pg-1-order--by--class--year--letter--area-%E9%9F%A9%E5%9B%BD-lang-.html
INFO: [ app_init ] --START--
INFO: Run Behavior\BuildLiteBehavior [ RunTime:0.000000s ]
INFO: [ app_init ] --END-- [ RunTime:0.000976s ]
ERR: 无法加载模块:Vod-list-id-7-pg-1-order--by--class--year--letter--area-韩国-lang-.html

[ 2017-05-27T04:48:33+08:00 ] 42.236.101.234 /index.php?m=vod-play-id-2007-src-1-num-1.html
INFO: [ app_init ] --START--
INFO: Run Behavior\BuildLiteBehavior [ RunTime:0.000000s ]
INFO: [ app_init ] --END-- [ RunTime:0.000977s ]
ERR: 无法加载模块:Vod-play-id-2007-src-1-num-1.html

[ 2017-05-27T04:48:33+08:00 ] 42.236.99.9 /index.php?m=vod-play-id-2276-src-1-num-1.html
INFO: [ app_init ] --START--
INFO: Run Behavior\BuildLiteBehavior [ RunTime:0.000000s ]
INFO: [ app_init ] --END-- [ RunTime:0.000000s ]
ERR: 无法加载模块:Vod-play-id-2276-src-1-num-1.html

[ 2017-05-27T04:48:33+08:00 ] 42.236.10.106 /index.php?m=vod-list-id-1-pg-1-order--by-time-class-0-year-2003-letter--area--lang-.html
INFO: [ app_init ] --START--
INFO: Run Behavior\BuildLiteBehavior [ RunTime:0.000000s ]
INFO: [ app_init ] --END-- [ RunTime:0.000976s ]
ERR: 无法加载模块:Vod-list-id-1-pg-1-order--by-time-class-0-year-2003-letter--area--lang-.html

[ 2017-05-27T04:48:33+08:00 ] 42.236.99.154 /index.php?m=vod-list-id-7-pg-1-order--by--class--year--letter-Y-area--lang-.html
INFO: [ app_init ] --START--
INFO: Run Behavior\BuildLiteBehavior [ RunTime:0.000000s ]
INFO: [ app_init ] --END-- [ RunTime:0.000977s ]
ERR: 无法加载模块:Vod-list-id-7-pg-1-order--by--class--year--letter-Y-area--lang-.html

[ 2017-05-27T04:48:33+08:00 ] 42.236.10.100 /index.php?s=vod-play-id-306-sid-0-pid-1.html
INFO: [ app_init ] --START--
INFO: Run Behavior\BuildLiteBehavior [ RunTime:0.000000s ]
INFO: [ app_init ] --END-- [ RunTime:0.000976s ]
ERR: 无法加载模块:Vod-play-id-306-sid-0-pid-1

[ 2017-05-27T04:48:33+08:00 ] 42.236.10.113 /index.php?s=gb-show-p-2349.html
INFO: [ app_init ] --START--
INFO: Run Behavior\BuildLiteBehavior [ RunTime:0.000000s ]
INFO: [ app_init ] --END-- [ RunTime:0.000977s ]
ERR: 无法加载模块:Gb-show-p-2349

[ 2017-05-27T04:48:34+08:00 ] 42.236.12.150 /index.php?s=vod-play-id-713-sid-0-pid-1.html
INFO: [ app_init ] --START--
INFO: Run Behavior\BuildLiteBehavior [ RunTime:0.000000s ]
INFO: [ app_init ] --END-- [ RunTime:0.000977s ]
ERR: 无法加载模块:Vod-play-id-713-sid-0-pid-1

[ 2017-05-27T04:48:34+08:00 ] 180.153.236.101 /index.php?m=vod-list-id-4-pg-1-order--by--class-0-year-2005-letter-I-area--lang-.html
INFO: [ app_init ] --START--
INFO: Run Behavior\BuildLiteBehavior [ RunTime:0.000000s ]
INFO: [ app_init ] --END-- [ RunTime:0.000976s ]
ERR: 无法加载模块:Vod-list-id-4-pg-1-order--by--class-0-year-2005-letter-I-area--lang-.html

[ 2017-05-27T04:48:34+08:00 ] 42.236.10.102 /index.php?m=vod-search-pg-2-starring-yuanyuan-letter-E.html
INFO: [ app_init ] --START--
INFO: Run Behavior\BuildLiteBehavior [ RunTime:0.000000s ]
INFO: [ app_init ] --END-- [ RunTime:0.000000s ]
ERR: 无法加载模块:Vod-search-pg-2-starring-yuanyuan-letter-E.html

[ 2017-05-27T04:48:34+08:00 ] 42.236.101.214 /index.php?m=vod-play-id-54-src-1-num-1.html
INFO: [ app_init ] --START--
INFO: Run Behavior\BuildLiteBehavior [ RunTime:0.000000s ]
INFO: [ app_init ] --END-- [ RunTime:0.000000s ]
ERR: 无法加载模块:Vod-play-id-54-src-1-num-1.html

[ 2017-05-27T04:48:34+08:00 ] 42.236.10.112 /index.php?m=vod-play-id-1714-src-1-num-1.html
INFO: [ app_init ] --START--
INFO: Run Behavior\BuildLiteBehavior [ RunTime:0.000000s ]
INFO: [ app_init ] --END-- [ RunTime:0.000977s ]
ERR: 无法加载模块:Vod-play-id-1714-src-1-num-1.html

[ 2017-05-27T04:48:34+08:00 ] 42.236.55.41 /index.php?m=vod-list-id-5-pg-1-order--by--class--year--letter-N-area--lang-.html
INFO: [ app_init ] --START--
INFO: Run Behavior\BuildLiteBehavior [ RunTime:0.000977s ]
INFO: [ app_init ] --END-- [ RunTime:0.000977s ]
ERR: 无法加载模块:Vod-list-id-5-pg-1-order--by--class--year--letter-N-area--lang-.html

[ 2017-05-27T04:48:34+08:00 ] 42.236.99.178 /index.php?m=vod-play-id-249-src-1-num-1.html
INFO: [ app_init ] --START--
INFO: Run Behavior\BuildLiteBehavior [ RunTime:0.000000s ]
INFO: [ app_init ] --END-- [ RunTime:0.000977s ]
ERR: 无法加载模块:Vod-play-id-249-src-1-num-1.html

[ 2017-05-27T04:48:34+08:00 ] 42.236.99.23 /index.php?s=gb-show-id-1682.html
INFO: [ app_init ] --START--
INFO: Run Behavior\BuildLiteBehavior [ RunTime:0.000000s ]
INFO: [ app_init ] --END-- [ RunTime:0.000976s ]
ERR: 无法加载模块:Gb-show-id-1682

[ 2017-05-27T04:48:34+08:00 ] 42.236.10.78 /index.php?m=vod-play-id-1501-src-1-num-1.html
INFO: [ app_init ] --START--
INFO: Run Behavior\BuildLiteBehavior [ RunTime:0.000000s ]
INFO: [ app_init ] --END-- [ RunTime:0.000977s ]
ERR: 无法加载模块:Vod-play-id-1501-src-1-num-1.html

[ 2017-05-27T04:48:34+08:00 ] 180.153.236.165 /index.php?m=vod-list-id-2-pg-1-order--by-time-class--year--letter--area--lang-.html
INFO: [ app_init ] --START--
INFO: Run Behavior\BuildLiteBehavior [ RunTime:0.000000s ]
INFO: [ app_init ] --END-- [ RunTime:0.000976s ]
ERR: 无法加载模块:Vod-list-id-2-pg-1-order--by-time-class--year--letter--area--lang-.html

[ 2017-05-27T04:48:34+08:00 ] 42.236.99.166 /index.php?m=vod-play-id-1497-src-1-num-1.html
INFO: [ app_init ] --START--
INFO: Run Behavior\BuildLiteBehavior [ RunTime:0.000000s ]
INFO: [ app_init ] --END-- [ RunTime:0.000976s ]
ERR: 无法加载模块:Vod-play-id-1497-src-1-num-1.html

[ 2017-05-27T04:48:34+08:00 ] 42.236.99.166 /index.php?m=vod-play-id-1969-src-1-num-1.html
INFO: [ app_init ] --START--
INFO: Run Behavior\BuildLiteBehavior [ RunTime:0.000000s ]
INFO: [ app_init ] --END-- [ RunTime:0.000000s ]
ERR: 无法加载模块:Vod-play-id-1969-src-1-num-1.html

[ 2017-05-27T04:48:34+08:00 ] 42.236.99.166 /index.php?m=vod-play-id-1174-src-1-num-1.html
INFO: [ app_init ] --START--
INFO: Run Behavior\BuildLiteBehavior [ RunTime:0.000000s ]
INFO: [ app_init ] --END-- [ RunTime:0.000976s ]
ERR: 无法加载模块:Vod-play-id-1174-src-1-num-1.html

[ 2017-05-27T04:48:34+08:00 ] 42.236.10.80 /index.php?m=vod-play-id-231-src-1-num-1.html
INFO: [ app_init ] --START--
INFO: Run Behavior\BuildLiteBehavior [ RunTime:0.000000s ]
INFO: [ app_init ] --END-- [ RunTime:0.000977s ]
ERR: 无法加载模块:Vod-play-id-231-src-1-num-1.html

[ 2017-05-27T04:48:35+08:00 ] 42.236.12.150 /index.php?m=vod-play-id-1534-src-1-num-1.html
INFO: [ app_init ] --START--
INFO: Run Behavior\BuildLiteBehavior [ RunTime:0.000000s ]
INFO: [ app_init ] --END-- [ RunTime:0.000977s ]
ERR: 无法加载模块:Vod-play-id-1534-src-1-num-1.html

[ 2017-05-27T04:48:35+08:00 ] 42.236.10.113 /index.php?s=vod-search-letter-B.html
INFO: [ app_init ] --START--
INFO: Run Behavior\BuildLiteBehavior [ RunTime:0.000000s ]
INFO: [ app_init ] --END-- [ RunTime:0.000977s ]
ERR: 无法加载模块:Vod-search-letter-B

[ 2017-05-27T20:30:51+08:00 ] 140.205.201.42 /index.php?m=member&c=index&a=register&siteid=1
INFO: [ app_init ] --START--
INFO: Run Behavior\BuildLiteBehavior [ RunTime:0.000000s ]
INFO: [ app_init ] --END-- [ RunTime:0.000000s ]
ERR: 无法加载模块:Member

[ 2017-05-27T20:30:51+08:00 ] 140.205.201.42 /index.php?m=wap&a=index&siteid=1
INFO: [ app_init ] --START--
INFO: Run Behavior\BuildLiteBehavior [ RunTime:0.000000s ]
INFO: [ app_init ] --END-- [ RunTime:0.000000s ]
ERR: 无法加载模块:Wap

