[ 2017-04-17T12:07:29+08:00 ] 42.236.10.115 /index.php?m=vod-play-id-936-src-1-num-1.html
INFO: [ app_init ] --START--
INFO: Run Behavior\BuildLiteBehavior [ RunTime:0.000018s ]
INFO: [ app_init ] --END-- [ RunTime:0.000345s ]
ERR: 无法加载模块:Vod-play-id-936-src-1-num-1.html

[ 2017-04-17T12:07:29+08:00 ] 42.236.99.30 /index.php?m=vod-play-id-2377-src-1-num-1.html
INFO: [ app_init ] --START--
INFO: Run Behavior\BuildLiteBehavior [ RunTime:0.000012s ]
INFO: [ app_init ] --END-- [ RunTime:0.000298s ]
ERR: 无法加载模块:Vod-play-id-2377-src-1-num-1.html

[ 2017-04-17T12:07:29+08:00 ] 42.236.10.85 /index.php?m=vod-play-id-1016-src-1-num-1.html
INFO: [ app_init ] --START--
INFO: Run Behavior\BuildLiteBehavior [ RunTime:0.000014s ]
INFO: [ app_init ] --END-- [ RunTime:0.000358s ]
ERR: 无法加载模块:Vod-play-id-1016-src-1-num-1.html

[ 2017-04-17T12:07:29+08:00 ] 42.236.99.16 /index.php?m=vod-list-id-5-pg-1-order--by--class--year-2003-letter--area--lang-.html
INFO: [ app_init ] --START--
INFO: Run Behavior\BuildLiteBehavior [ RunTime:0.000019s ]
INFO: [ app_init ] --END-- [ RunTime:0.000614s ]
ERR: 无法加载模块:Vod-list-id-5-pg-1-order--by--class--year-2003-letter--area--lang-.html

[ 2017-04-17T12:07:29+08:00 ] 42.236.99.30 /index.php?s=vod-play-id-150-sid-0-pid-1.html
INFO: [ app_init ] --START--
INFO: Run Behavior\BuildLiteBehavior [ RunTime:0.000022s ]
INFO: [ app_init ] --END-- [ RunTime:0.000488s ]
ERR: 无法加载模块:Vod-play-id-150-sid-0-pid-1

[ 2017-04-17T12:07:30+08:00 ] 42.236.99.206 /index.php?m=vod-list-id-4-pg-1-order--by--class-0-year-2004-letter-S-area-%E8%A5%BF%E7%8F%AD%E7%89%99-lang-.html
INFO: [ app_init ] --START--
INFO: Run Behavior\BuildLiteBehavior [ RunTime:0.000534s ]
INFO: [ app_init ] --END-- [ RunTime:0.000839s ]
ERR: 无法加载模块:Vod-list-id-4-pg-1-order--by--class-0-year-2004-letter-S-area-西班牙-lang-.html

[ 2017-04-17T12:07:30+08:00 ] 42.236.10.85 /index.php?s=vod-play-id-466-sid-0-pid-1.html
INFO: [ app_init ] --START--
INFO: Run Behavior\BuildLiteBehavior [ RunTime:0.000014s ]
INFO: [ app_init ] --END-- [ RunTime:0.000297s ]
ERR: 无法加载模块:Vod-play-id-466-sid-0-pid-1

[ 2017-04-17T12:07:30+08:00 ] 42.236.99.2 /index.php?m=vod-play-id-1708-src-1-num-1.html
INFO: [ app_init ] --START--
INFO: Run Behavior\BuildLiteBehavior [ RunTime:0.000013s ]
INFO: [ app_init ] --END-- [ RunTime:0.000278s ]
ERR: 无法加载模块:Vod-play-id-1708-src-1-num-1.html

[ 2017-04-17T12:07:30+08:00 ] 42.236.99.44 /index.php?m=vod-play-id-390-src-1-num-1.html
INFO: [ app_init ] --START--
INFO: Run Behavior\BuildLiteBehavior [ RunTime:0.000021s ]
INFO: [ app_init ] --END-- [ RunTime:0.000316s ]
ERR: 无法加载模块:Vod-play-id-390-src-1-num-1.html

[ 2017-04-17T12:07:30+08:00 ] 42.236.99.206 /index.php?s=gb-show-id-496.html
INFO: [ app_init ] --START--
INFO: Run Behavior\BuildLiteBehavior [ RunTime:0.000013s ]
INFO: [ app_init ] --END-- [ RunTime:0.000286s ]
ERR: 无法加载模块:Gb-show-id-496

[ 2017-04-17T12:07:31+08:00 ] 42.236.10.108 /index.php?m=vod-play-id-1981-src-1-num-1.html
INFO: [ app_init ] --START--
INFO: Run Behavior\BuildLiteBehavior [ RunTime:0.000014s ]
INFO: [ app_init ] --END-- [ RunTime:0.000288s ]
ERR: 无法加载模块:Vod-play-id-1981-src-1-num-1.html

[ 2017-04-17T12:07:31+08:00 ] 180.153.236.51 /index.php?m=vod-play-id-859-src-1-num-1.html
INFO: [ app_init ] --START--
INFO: Run Behavior\BuildLiteBehavior [ RunTime:0.000019s ]
INFO: [ app_init ] --END-- [ RunTime:0.000415s ]
ERR: 无法加载模块:Vod-play-id-859-src-1-num-1.html

[ 2017-04-17T12:07:31+08:00 ] 42.236.99.154 /index.php?s=gb-show-p-4513.html
INFO: [ app_init ] --START--
INFO: Run Behavior\BuildLiteBehavior [ RunTime:0.000018s ]
INFO: [ app_init ] --END-- [ RunTime:0.000494s ]
ERR: 无法加载模块:Gb-show-p-4513

[ 2017-04-17T12:07:31+08:00 ] 42.236.99.2 /index.php?s=vod-play-id-384-sid-0-pid-1.html
INFO: [ app_init ] --START--
INFO: Run Behavior\BuildLiteBehavior [ RunTime:0.000013s ]
INFO: [ app_init ] --END-- [ RunTime:0.000448s ]
ERR: 无法加载模块:Vod-play-id-384-sid-0-pid-1

[ 2017-04-17T12:07:31+08:00 ] 42.236.99.142 /index.php?m=vod-play-id-1300-src-1-num-1.html
INFO: [ app_init ] --START--
INFO: Run Behavior\BuildLiteBehavior [ RunTime:0.000012s ]
INFO: [ app_init ] --END-- [ RunTime:0.000288s ]
ERR: 无法加载模块:Vod-play-id-1300-src-1-num-1.html

[ 2017-04-17T12:07:32+08:00 ] 42.236.10.75 /index.php?s=vod-play-id-895-sid-0-pid-1.html
INFO: [ app_init ] --START--
INFO: Run Behavior\BuildLiteBehavior [ RunTime:0.000012s ]
INFO: [ app_init ] --END-- [ RunTime:0.000259s ]
ERR: 无法加载模块:Vod-play-id-895-sid-0-pid-1

[ 2017-04-17T12:07:32+08:00 ] 42.236.99.154 /index.php?m=vod-search-pg-2-starring-yuanyuan-classid-49.html
INFO: [ app_init ] --START--
INFO: Run Behavior\BuildLiteBehavior [ RunTime:0.000014s ]
INFO: [ app_init ] --END-- [ RunTime:0.000265s ]
ERR: 无法加载模块:Vod-search-pg-2-starring-yuanyuan-classid-49.html

[ 2017-04-17T12:07:32+08:00 ] 42.236.99.230 /index.php?m=vod-list-id-2-pg-1-order--by--class--year--letter-Z-area--lang-.html
INFO: [ app_init ] --START--
INFO: Run Behavior\BuildLiteBehavior [ RunTime:0.000013s ]
INFO: [ app_init ] --END-- [ RunTime:0.000290s ]
ERR: 无法加载模块:Vod-list-id-2-pg-1-order--by--class--year--letter-Z-area--lang-.html

[ 2017-04-17T12:07:32+08:00 ] 42.236.99.51 /index.php?m=vod-list-id-1-pg-1-order--by-score-class-3-year-0-letter--area--lang-.html
INFO: [ app_init ] --START--
INFO: Run Behavior\BuildLiteBehavior [ RunTime:0.000013s ]
INFO: [ app_init ] --END-- [ RunTime:0.000283s ]
ERR: 无法加载模块:Vod-list-id-1-pg-1-order--by-score-class-3-year-0-letter--area--lang-.html

[ 2017-04-17T12:07:32+08:00 ] 180.153.236.51 /index.php?m=vod-play-id-853-src-1-num-1.html
INFO: [ app_init ] --START--
INFO: Run Behavior\BuildLiteBehavior [ RunTime:0.000016s ]
INFO: [ app_init ] --END-- [ RunTime:0.000384s ]
ERR: 无法加载模块:Vod-play-id-853-src-1-num-1.html

[ 2017-04-17T12:07:33+08:00 ] 42.236.99.37 /index.php?m=vod-list-id-5-pg-6-order--by--class-0-year-0-letter--area-%E5%A4%A7%E9%99%86-lang-.html
INFO: [ app_init ] --START--
INFO: Run Behavior\BuildLiteBehavior [ RunTime:0.000013s ]
INFO: [ app_init ] --END-- [ RunTime:0.000327s ]
ERR: 无法加载模块:Vod-list-id-5-pg-6-order--by--class-0-year-0-letter--area-大陆-lang-.html

