[ 2017-09-18T20:08:36+08:00 ] 180.153.236.189 /index.php?m=vod-play-id-2402-src-1-num-1.html
INFO: [ app_init ] --START--
INFO: Run Behavior\BuildLiteBehavior [ RunTime:0.000000s ]
INFO: [ app_init ] --END-- [ RunTime:0.000977s ]
ERR: 无法加载模块:Vod-play-id-2402-src-1-num-1.html

[ 2017-09-18T20:08:36+08:00 ] 180.153.236.101 /index.php?s=gb-show-id-446.html
INFO: [ app_init ] --START--
INFO: Run Behavior\BuildLiteBehavior [ RunTime:0.000000s ]
INFO: [ app_init ] --END-- [ RunTime:0.000977s ]
ERR: 无法加载模块:Gb-show-id-446

[ 2017-09-18T20:08:37+08:00 ] 180.153.236.189 /index.php?s=vod-play-id-191-sid-0-pid-1.html
INFO: [ app_init ] --START--
INFO: Run Behavior\BuildLiteBehavior [ RunTime:0.000000s ]
INFO: [ app_init ] --END-- [ RunTime:0.001953s ]
ERR: 无法加载模块:Vod-play-id-191-sid-0-pid-1

[ 2017-09-18T20:08:37+08:00 ] 180.153.236.35 /index.php?s=gb-show-id-2012.html
INFO: [ app_init ] --START--
INFO: Run Behavior\BuildLiteBehavior [ RunTime:0.000000s ]
INFO: [ app_init ] --END-- [ RunTime:0.000976s ]
ERR: 无法加载模块:Gb-show-id-2012

[ 2017-09-18T20:08:37+08:00 ] 180.153.236.35 /index.php?s=gb-show-id-844.html
INFO: [ app_init ] --START--
INFO: Run Behavior\BuildLiteBehavior [ RunTime:0.000000s ]
INFO: [ app_init ] --END-- [ RunTime:0.000976s ]
ERR: 无法加载模块:Gb-show-id-844

[ 2017-09-18T20:08:37+08:00 ] 180.153.236.51 /index.php?m=vod-list-id-2-pg-1-order--by--class-0-year--letter-V-area--lang-.html
INFO: [ app_init ] --START--
INFO: Run Behavior\BuildLiteBehavior [ RunTime:0.000000s ]
INFO: [ app_init ] --END-- [ RunTime:0.000977s ]
ERR: 无法加载模块:Vod-list-id-2-pg-1-order--by--class-0-year--letter-V-area--lang-.html

[ 2017-09-18T20:08:37+08:00 ] 180.153.236.133 /index.php?s=gb-show-id-1267.html
INFO: [ app_init ] --START--
INFO: Run Behavior\BuildLiteBehavior [ RunTime:0.000000s ]
INFO: [ app_init ] --END-- [ RunTime:0.000977s ]
ERR: 无法加载模块:Gb-show-id-1267

[ 2017-09-18T20:08:37+08:00 ] 42.236.99.9 /index.php?m=vod-play-id-1279-src-1-num-1.html
INFO: [ app_init ] --START--
INFO: Run Behavior\BuildLiteBehavior [ RunTime:0.000000s ]
INFO: [ app_init ] --END-- [ RunTime:0.000977s ]
ERR: 无法加载模块:Vod-play-id-1279-src-1-num-1.html

[ 2017-09-18T20:08:38+08:00 ] 180.153.236.35 /index.php?m=vod-play-id-2441-src-1-num-1.html
INFO: [ app_init ] --START--
INFO: Run Behavior\BuildLiteBehavior [ RunTime:0.000000s ]
INFO: [ app_init ] --END-- [ RunTime:0.001953s ]
ERR: 无法加载模块:Vod-play-id-2441-src-1-num-1.html

[ 2017-09-18T20:08:38+08:00 ] 180.153.236.189 /index.php?s=gb-show-id-202.html
INFO: [ app_init ] --START--
INFO: Run Behavior\BuildLiteBehavior [ RunTime:0.000000s ]
INFO: [ app_init ] --END-- [ RunTime:0.000976s ]
ERR: 无法加载模块:Gb-show-id-202

[ 2017-09-18T20:08:38+08:00 ] 180.153.236.173 /index.php?m=vod-play-id-2471-src-1-num-1.html
INFO: [ app_init ] --START--
INFO: Run Behavior\BuildLiteBehavior [ RunTime:0.000000s ]
INFO: [ app_init ] --END-- [ RunTime:0.000977s ]
ERR: 无法加载模块:Vod-play-id-2471-src-1-num-1.html

[ 2017-09-18T20:08:38+08:00 ] 180.153.236.125 /index.php?m=vod-search-pg-235-starring-yuanyuan-classid-1.html
INFO: [ app_init ] --START--
INFO: Run Behavior\BuildLiteBehavior [ RunTime:0.000000s ]
INFO: [ app_init ] --END-- [ RunTime:0.000977s ]
ERR: 无法加载模块:Vod-search-pg-235-starring-yuanyuan-classid-1.html

[ 2017-09-18T20:08:43+08:00 ] 180.153.236.133 /index.php?m=vod-search-pg-235-starring-yuanyuan-classid-11.html
INFO: [ app_init ] --START--
INFO: Run Behavior\BuildLiteBehavior [ RunTime:0.000000s ]
INFO: [ app_init ] --END-- [ RunTime:0.001953s ]
ERR: 无法加载模块:Vod-search-pg-235-starring-yuanyuan-classid-11.html

[ 2017-09-18T20:09:07+08:00 ] 180.153.232.170 /index.php?m=vod-list-id-4-pg-1-order--by--class-0-year-2009-letter--area-%E5%8F%B0%E6%B9%BE-lang-.html
INFO: [ app_init ] --START--
INFO: Run Behavior\BuildLiteBehavior [ RunTime:0.000000s ]
INFO: [ app_init ] --END-- [ RunTime:0.000976s ]
ERR: 无法加载模块:Vod-list-id-4-pg-1-order--by--class-0-year-2009-letter--area-台湾-lang-.html

[ 2017-09-18T20:09:28+08:00 ] 180.153.236.125 /index.php?m=vod-list-id-2-pg-1-order--by--class-0-year-0-letter--area-%E5%8F%B0%E6%B9%BE-lang-.html
INFO: [ app_init ] --START--
INFO: Run Behavior\BuildLiteBehavior [ RunTime:0.000000s ]
INFO: [ app_init ] --END-- [ RunTime:0.000976s ]
ERR: 无法加载模块:Vod-list-id-2-pg-1-order--by--class-0-year-0-letter--area-台湾-lang-.html

[ 2017-09-18T20:09:29+08:00 ] 180.153.236.59 /index.php?s=vod-play-id-1119-sid-0-pid-1.html
INFO: [ app_init ] --START--
INFO: Run Behavior\BuildLiteBehavior [ RunTime:0.000000s ]
INFO: [ app_init ] --END-- [ RunTime:0.001954s ]
ERR: 无法加载模块:Vod-play-id-1119-sid-0-pid-1

[ 2017-09-18T20:09:34+08:00 ] 180.153.232.170 /index.php?s=vod-play-id-610-sid-0-pid-1.html
INFO: [ app_init ] --START--
INFO: Run Behavior\BuildLiteBehavior [ RunTime:0.000000s ]
INFO: [ app_init ] --END-- [ RunTime:0.000977s ]
ERR: 无法加载模块:Vod-play-id-610-sid-0-pid-1

[ 2017-09-18T20:09:34+08:00 ] 180.153.232.170 /index.php?s=vod-play-id-1810-sid-0-pid-1.html
INFO: [ app_init ] --START--
INFO: Run Behavior\BuildLiteBehavior [ RunTime:0.000000s ]
INFO: [ app_init ] --END-- [ RunTime:0.000976s ]
ERR: 无法加载模块:Vod-play-id-1810-sid-0-pid-1

