[ 2017-06-26T15:35:12+08:00 ] 137.74.195.131 /index.php?s=vod-search-area-%E5%8A%A0%E6%8B%BF%E5%A4%A7.html
INFO: [ app_init ] --START--
INFO: Run Behavior\BuildLiteBehavior [ RunTime:0.000000s ]
INFO: [ app_init ] --END-- [ RunTime:0.000000s ]
ERR: 无法加载模块:Vod-search-area-加拿大

[ 2017-06-26T18:04:11+08:00 ] 42.236.10.84 /index.php?m=vod-list-id-4-pg-1-order--by--class-0-year-2006-letter-S-area-%E8%A5%BF%E7%8F%AD%E7%89%99-lang-.html
INFO: [ app_init ] --START--
INFO: Run Behavior\BuildLiteBehavior [ RunTime:0.000000s ]
INFO: [ app_init ] --END-- [ RunTime:0.000977s ]
ERR: 无法加载模块:Vod-list-id-4-pg-1-order--by--class-0-year-2006-letter-S-area-西班牙-lang-.html

[ 2017-06-26T18:04:11+08:00 ] 42.236.99.178 /index.php?m=vod-search-pg-2-starring-yuanyuan-letter-Y.html
INFO: [ app_init ] --START--
INFO: Run Behavior\BuildLiteBehavior [ RunTime:0.000000s ]
INFO: [ app_init ] --END-- [ RunTime:0.000977s ]
ERR: 无法加载模块:Vod-search-pg-2-starring-yuanyuan-letter-Y.html

[ 2017-06-26T18:04:11+08:00 ] 180.153.236.117 /index.php?s=vod-play-id-729-sid-0-pid-1.html
INFO: [ app_init ] --START--
INFO: Run Behavior\BuildLiteBehavior [ RunTime:0.000977s ]
INFO: [ app_init ] --END-- [ RunTime:0.000977s ]
ERR: 无法加载模块:Vod-play-id-729-sid-0-pid-1

[ 2017-06-26T18:04:11+08:00 ] 42.236.10.114 /index.php?m=vod-play-id-2129-src-1-num-1.html
INFO: [ app_init ] --START--
INFO: Run Behavior\BuildLiteBehavior [ RunTime:0.000000s ]
INFO: [ app_init ] --END-- [ RunTime:0.000000s ]
ERR: 无法加载模块:Vod-play-id-2129-src-1-num-1.html

[ 2017-06-26T18:04:11+08:00 ] 42.236.10.76 /index.php?m=vod-play-id-1096-src-1-num-1.html
INFO: [ app_init ] --START--
INFO: Run Behavior\BuildLiteBehavior [ RunTime:0.000000s ]
INFO: [ app_init ] --END-- [ RunTime:0.000000s ]
ERR: 无法加载模块:Vod-play-id-1096-src-1-num-1.html

[ 2017-06-26T18:04:11+08:00 ] 42.236.99.178 /index.php?s=gb-show-id-1440.html
INFO: [ app_init ] --START--
INFO: Run Behavior\BuildLiteBehavior [ RunTime:0.000000s ]
INFO: [ app_init ] --END-- [ RunTime:0.000977s ]
ERR: 无法加载模块:Gb-show-id-1440

[ 2017-06-26T18:04:11+08:00 ] 180.153.236.189 /index.php?s=vod-play-id-1247-sid-0-pid-1.html
INFO: [ app_init ] --START--
INFO: Run Behavior\BuildLiteBehavior [ RunTime:0.000000s ]
INFO: [ app_init ] --END-- [ RunTime:0.000976s ]
ERR: 无法加载模块:Vod-play-id-1247-sid-0-pid-1

[ 2017-06-26T18:04:12+08:00 ] 42.236.54.42 /index.php?s=gb-show-p-1227.html
INFO: [ app_init ] --START--
INFO: Run Behavior\BuildLiteBehavior [ RunTime:0.000000s ]
INFO: [ app_init ] --END-- [ RunTime:0.000000s ]
ERR: 无法加载模块:Gb-show-p-1227

[ 2017-06-26T18:04:12+08:00 ] 42.236.10.106 /index.php?s=vod-play-id-634-sid-0-pid-1.html
INFO: [ app_init ] --START--
INFO: Run Behavior\BuildLiteBehavior [ RunTime:0.000000s ]
INFO: [ app_init ] --END-- [ RunTime:0.000977s ]
ERR: 无法加载模块:Vod-play-id-634-sid-0-pid-1

[ 2017-06-26T18:04:40+08:00 ] 180.153.236.157 /index.php?s=vod-play-id-229-sid-0-pid-1.html
INFO: [ app_init ] --START--
INFO: Run Behavior\BuildLiteBehavior [ RunTime:0.000000s ]
INFO: [ app_init ] --END-- [ RunTime:0.000977s ]
ERR: 无法加载模块:Vod-play-id-229-sid-0-pid-1

[ 2017-06-26T18:04:51+08:00 ] 180.153.234.145 /index.php?m=vod-play-id-1658-src-1-num-1.html
INFO: [ app_init ] --START--
INFO: Run Behavior\BuildLiteBehavior [ RunTime:0.000000s ]
INFO: [ app_init ] --END-- [ RunTime:0.000000s ]
ERR: 无法加载模块:Vod-play-id-1658-src-1-num-1.html

[ 2017-06-26T18:06:07+08:00 ] 180.153.236.125 /index.php?m=vod-play-id-2461-src-1-num-1.html
INFO: [ app_init ] --START--
INFO: Run Behavior\BuildLiteBehavior [ RunTime:0.000000s ]
INFO: [ app_init ] --END-- [ RunTime:0.000977s ]
ERR: 无法加载模块:Vod-play-id-2461-src-1-num-1.html

