[ 2017-07-08T08:44:00+08:00 ] 42.236.10.110 /index.php?m=vod-list-id-5-pg-1-order--by--class-0-year-0-letter-E-area-%E8%8B%B1%E5%9B%BD-lang-.html
INFO: [ app_init ] --START--
INFO: Run Behavior\BuildLiteBehavior [ RunTime:0.000000s ]
INFO: [ app_init ] --END-- [ RunTime:0.000976s ]
ERR: 无法加载模块:Vod-list-id-5-pg-1-order--by--class-0-year-0-letter-E-area-英国-lang-.html

[ 2017-07-08T08:44:00+08:00 ] 42.236.101.194 /index.php?m=vod-play-id-2224-src-1-num-1.html
INFO: [ app_init ] --START--
INFO: Run Behavior\BuildLiteBehavior [ RunTime:0.000000s ]
INFO: [ app_init ] --END-- [ RunTime:0.000977s ]
ERR: 无法加载模块:Vod-play-id-2224-src-1-num-1.html

[ 2017-07-08T08:44:00+08:00 ] 42.236.10.112 /index.php?s=gb-show-id-1935.html
INFO: [ app_init ] --START--
INFO: Run Behavior\BuildLiteBehavior [ RunTime:0.000000s ]
INFO: [ app_init ] --END-- [ RunTime:0.000977s ]
ERR: 无法加载模块:Gb-show-id-1935

[ 2017-07-08T08:44:00+08:00 ] 42.236.54.22 /index.php?s=vod-play-id-588-sid-0-pid-1.html
INFO: [ app_init ] --START--
INFO: Run Behavior\BuildLiteBehavior [ RunTime:0.000000s ]
INFO: [ app_init ] --END-- [ RunTime:0.000977s ]
ERR: 无法加载模块:Vod-play-id-588-sid-0-pid-1

[ 2017-07-08T08:44:00+08:00 ] 42.236.10.100 /index.php?s=gb-show-id-976.html
INFO: [ app_init ] --START--
INFO: Run Behavior\BuildLiteBehavior [ RunTime:0.000000s ]
INFO: [ app_init ] --END-- [ RunTime:0.000977s ]
ERR: 无法加载模块:Gb-show-id-976

[ 2017-07-08T08:44:01+08:00 ] 42.236.10.112 /index.php?m=vod-play-id-333-src-1-num-1.html
INFO: [ app_init ] --START--
INFO: Run Behavior\BuildLiteBehavior [ RunTime:0.000000s ]
INFO: [ app_init ] --END-- [ RunTime:0.000000s ]
ERR: 无法加载模块:Vod-play-id-333-src-1-num-1.html

[ 2017-07-08T08:44:01+08:00 ] 42.236.10.106 /index.php?m=vod-search-pg-238-starring-yuanyuan-classid-37.html
INFO: [ app_init ] --START--
INFO: Run Behavior\BuildLiteBehavior [ RunTime:0.000000s ]
INFO: [ app_init ] --END-- [ RunTime:0.000977s ]
ERR: 无法加载模块:Vod-search-pg-238-starring-yuanyuan-classid-37.html

[ 2017-07-08T08:44:01+08:00 ] 42.236.10.112 /index.php?s=vod-play-id-128-sid-0-pid-1.html
INFO: [ app_init ] --START--
INFO: Run Behavior\BuildLiteBehavior [ RunTime:0.000000s ]
INFO: [ app_init ] --END-- [ RunTime:0.000976s ]
ERR: 无法加载模块:Vod-play-id-128-sid-0-pid-1

[ 2017-07-08T08:44:01+08:00 ] 42.236.54.2 /index.php?m=vod-play-id-1736-src-1-num-1.html
INFO: [ app_init ] --START--
INFO: Run Behavior\BuildLiteBehavior [ RunTime:0.000000s ]
INFO: [ app_init ] --END-- [ RunTime:0.000000s ]
ERR: 无法加载模块:Vod-play-id-1736-src-1-num-1.html

[ 2017-07-08T08:44:31+08:00 ] 180.153.236.173 /index.php?m=vod-search-pg-238-starring-yuanyuan-classid-35.html
INFO: [ app_init ] --START--
INFO: Run Behavior\BuildLiteBehavior [ RunTime:0.000000s ]
INFO: [ app_init ] --END-- [ RunTime:0.000977s ]
ERR: 无法加载模块:Vod-search-pg-238-starring-yuanyuan-classid-35.html

