[ 2017-03-30T18:14:08+08:00 ] 42.236.99.166 /index.php?m=vod-list-id-2-pg-1-order--by--class-30-year--letter--area--lang-.html
INFO: [ app_init ] --START--
INFO: Run Behavior\BuildLiteBehavior [ RunTime:0.000027s ]
INFO: [ app_init ] --END-- [ RunTime:0.000554s ]
ERR: 无法加载模块:Vod-list-id-2-pg-1-order--by--class-30-year--letter--area--lang-.html

[ 2017-03-30T18:14:08+08:00 ] 42.236.10.109 /index.php?m=vod-search-pg-237-year-2012-starring-yuanyuan.html
INFO: [ app_init ] --START--
INFO: Run Behavior\BuildLiteBehavior [ RunTime:0.000024s ]
INFO: [ app_init ] --END-- [ RunTime:0.000410s ]
ERR: 无法加载模块:Vod-search-pg-237-year-2012-starring-yuanyuan.html

[ 2017-03-30T18:14:09+08:00 ] 180.153.236.51 /index.php?s=vod-play-id-907-sid-0-pid-1.html
INFO: [ app_init ] --START--
INFO: Run Behavior\BuildLiteBehavior [ RunTime:0.000013s ]
INFO: [ app_init ] --END-- [ RunTime:0.000340s ]
ERR: 无法加载模块:Vod-play-id-907-sid-0-pid-1

[ 2017-03-30T18:14:12+08:00 ] 42.236.10.81 /index.php?s=vod-play-id-1514-sid-0-pid-1.html
INFO: [ app_init ] --START--
INFO: Run Behavior\BuildLiteBehavior [ RunTime:0.000014s ]
INFO: [ app_init ] --END-- [ RunTime:0.000408s ]
ERR: 无法加载模块:Vod-play-id-1514-sid-0-pid-1

[ 2017-03-30T18:14:13+08:00 ] 42.236.99.65 /index.php?m=vod-play-id-2058-src-1-num-1.html
INFO: [ app_init ] --START--
INFO: Run Behavior\BuildLiteBehavior [ RunTime:0.000015s ]
INFO: [ app_init ] --END-- [ RunTime:0.000313s ]
ERR: 无法加载模块:Vod-play-id-2058-src-1-num-1.html

[ 2017-03-30T18:14:13+08:00 ] 42.236.99.44 /index.php?m=vod-search-pg-1-starring-yuanyuan.html
INFO: [ app_init ] --START--
INFO: Run Behavior\BuildLiteBehavior [ RunTime:0.000014s ]
INFO: [ app_init ] --END-- [ RunTime:0.000364s ]
ERR: 无法加载模块:Vod-search-pg-1-starring-yuanyuan.html

[ 2017-03-30T18:14:14+08:00 ] 42.236.99.37 /index.php?m=vod-list-id-5-pg-3-order--by--class-0-year-0-letter--area--lang-.html
INFO: [ app_init ] --START--
INFO: Run Behavior\BuildLiteBehavior [ RunTime:0.000016s ]
INFO: [ app_init ] --END-- [ RunTime:0.000391s ]
ERR: 无法加载模块:Vod-list-id-5-pg-3-order--by--class-0-year-0-letter--area--lang-.html

[ 2017-03-30T18:14:15+08:00 ] 42.236.10.110 /index.php?s=gb-show-id-520.html
INFO: [ app_init ] --START--
INFO: Run Behavior\BuildLiteBehavior [ RunTime:0.000028s ]
INFO: [ app_init ] --END-- [ RunTime:0.000657s ]
ERR: 无法加载模块:Gb-show-id-520

[ 2017-03-30T18:14:17+08:00 ] 42.236.99.37 /index.php?s=vod-play-id-616-sid-0-pid-1.html
INFO: [ app_init ] --START--
INFO: Run Behavior\BuildLiteBehavior [ RunTime:0.000015s ]
INFO: [ app_init ] --END-- [ RunTime:0.000296s ]
ERR: 无法加载模块:Vod-play-id-616-sid-0-pid-1

[ 2017-03-30T18:14:17+08:00 ] 42.236.99.178 /index.php?m=vod-play-id-1851-src-1-num-1.html
INFO: [ app_init ] --START--
INFO: Run Behavior\BuildLiteBehavior [ RunTime:0.000017s ]
INFO: [ app_init ] --END-- [ RunTime:0.000336s ]
ERR: 无法加载模块:Vod-play-id-1851-src-1-num-1.html

[ 2017-03-30T18:14:18+08:00 ] 42.236.99.242 /index.php?m=vod-play-id-382-src-1-num-1.html
INFO: [ app_init ] --START--
INFO: Run Behavior\BuildLiteBehavior [ RunTime:0.000013s ]
INFO: [ app_init ] --END-- [ RunTime:0.000291s ]
ERR: 无法加载模块:Vod-play-id-382-src-1-num-1.html

[ 2017-03-30T18:14:21+08:00 ] 180.153.236.173 /index.php?m=vod-play-id-1056-src-1-num-1.html
INFO: [ app_init ] --START--
INFO: Run Behavior\BuildLiteBehavior [ RunTime:0.000013s ]
INFO: [ app_init ] --END-- [ RunTime:0.000383s ]
ERR: 无法加载模块:Vod-play-id-1056-src-1-num-1.html

[ 2017-03-30T18:14:23+08:00 ] 42.236.99.23 /index.php?m=vod-play-id-846-src-1-num-1.html
INFO: [ app_init ] --START--
INFO: Run Behavior\BuildLiteBehavior [ RunTime:0.000023s ]
INFO: [ app_init ] --END-- [ RunTime:0.000313s ]
ERR: 无法加载模块:Vod-play-id-846-src-1-num-1.html

[ 2017-03-30T18:14:37+08:00 ] 42.236.99.44 /index.php?m=vod-list-id-7-pg-1-order--by--class--year--letter--area-%E5%8A%A0%E6%8B%BF%E5%A4%A7-lang-.html
INFO: [ app_init ] --START--
INFO: Run Behavior\BuildLiteBehavior [ RunTime:0.000027s ]
INFO: [ app_init ] --END-- [ RunTime:0.000353s ]
ERR: 无法加载模块:Vod-list-id-7-pg-1-order--by--class--year--letter--area-加拿大-lang-.html

[ 2017-03-30T23:21:37+08:00 ] 82.193.100.107 /index.php?s=vod-search-area-%E5%8A%A0%E6%8B%BF%E5%A4%A7.html
INFO: [ app_init ] --START--
INFO: Run Behavior\BuildLiteBehavior [ RunTime:0.000036s ]
INFO: [ app_init ] --END-- [ RunTime:0.000575s ]
ERR: 无法加载模块:Vod-search-area-加拿大

