[ 2017-09-09T11:31:15+08:00 ] 180.153.236.125 /index.php?s=gb-show-id-776.html
INFO: [ app_init ] --START--
INFO: Run Behavior\BuildLiteBehavior [ RunTime:0.000000s ]
INFO: [ app_init ] --END-- [ RunTime:0.000977s ]
ERR: 无法加载模块:Gb-show-id-776

[ 2017-09-09T11:31:16+08:00 ] 42.236.46.105 /index.php?m=vod-play-id-281-src-1-num-1.html
INFO: [ app_init ] --START--
INFO: Run Behavior\BuildLiteBehavior [ RunTime:0.000000s ]
INFO: [ app_init ] --END-- [ RunTime:0.000000s ]
ERR: 无法加载模块:Vod-play-id-281-src-1-num-1.html

[ 2017-09-09T11:31:16+08:00 ] 42.236.46.105 /index.php?s=vod-play-id-1354-sid-0-pid-1.html
INFO: [ app_init ] --START--
INFO: Run Behavior\BuildLiteBehavior [ RunTime:0.000000s ]
INFO: [ app_init ] --END-- [ RunTime:0.000977s ]
ERR: 无法加载模块:Vod-play-id-1354-sid-0-pid-1

[ 2017-09-09T11:31:16+08:00 ] 180.153.236.149 /index.php?m=vod-play-id-2166-src-1-num-1.html
INFO: [ app_init ] --START--
INFO: Run Behavior\BuildLiteBehavior [ RunTime:0.000000s ]
INFO: [ app_init ] --END-- [ RunTime:0.000976s ]
ERR: 无法加载模块:Vod-play-id-2166-src-1-num-1.html

[ 2017-09-09T11:31:16+08:00 ] 42.236.46.85 /index.php?s=gb-show-p-1690.html
INFO: [ app_init ] --START--
INFO: Run Behavior\BuildLiteBehavior [ RunTime:0.000000s ]
INFO: [ app_init ] --END-- [ RunTime:0.000977s ]
ERR: 无法加载模块:Gb-show-p-1690

[ 2017-09-09T11:31:16+08:00 ] 42.236.99.79 /index.php?m=vod-play-id-139-src-1-num-1.html
INFO: [ app_init ] --START--
INFO: Run Behavior\BuildLiteBehavior [ RunTime:0.000000s ]
INFO: [ app_init ] --END-- [ RunTime:0.000977s ]
ERR: 无法加载模块:Vod-play-id-139-src-1-num-1.html

[ 2017-09-09T11:31:19+08:00 ] 180.153.236.189 /index.php?m=vod-list-id-2-pg-1-order--by--class-0-year--letter-V-area--lang-.html
INFO: [ app_init ] --START--
INFO: Run Behavior\BuildLiteBehavior [ RunTime:0.000000s ]
INFO: [ app_init ] --END-- [ RunTime:0.000976s ]
ERR: 无法加载模块:Vod-list-id-2-pg-1-order--by--class-0-year--letter-V-area--lang-.html

[ 2017-09-09T11:31:42+08:00 ] 42.236.103.66 /index.php?s=gb-show-id-422.html
INFO: [ app_init ] --START--
INFO: Run Behavior\BuildLiteBehavior [ RunTime:0.000000s ]
INFO: [ app_init ] --END-- [ RunTime:0.000977s ]
ERR: 无法加载模块:Gb-show-id-422

[ 2017-09-09T11:31:48+08:00 ] 42.236.103.66 /index.php?s=vod-play-id-1195-sid-0-pid-1.html
INFO: [ app_init ] --START--
INFO: Run Behavior\BuildLiteBehavior [ RunTime:0.000000s ]
INFO: [ app_init ] --END-- [ RunTime:0.000977s ]
ERR: 无法加载模块:Vod-play-id-1195-sid-0-pid-1

[ 2017-09-09T11:32:02+08:00 ] 180.153.236.181 /index.php?s=gb-show-id-1783.html
INFO: [ app_init ] --START--
INFO: Run Behavior\BuildLiteBehavior [ RunTime:0.000000s ]
INFO: [ app_init ] --END-- [ RunTime:0.000977s ]
ERR: 无法加载模块:Gb-show-id-1783

[ 2017-09-09T11:32:02+08:00 ] 180.153.236.133 /index.php?s=vod-play-id-836-sid-0-pid-1.html
INFO: [ app_init ] --START--
INFO: Run Behavior\BuildLiteBehavior [ RunTime:0.000000s ]
INFO: [ app_init ] --END-- [ RunTime:0.000977s ]
ERR: 无法加载模块:Vod-play-id-836-sid-0-pid-1

