[ 2017-09-26T05:56:40+08:00 ] 42.236.54.22 /index.php?m=vod-play-id-2514-src-1-num-1.html
INFO: [ app_init ] --START--
INFO: Run Behavior\BuildLiteBehavior [ RunTime:0.000000s ]
INFO: [ app_init ] --END-- [ RunTime:0.000000s ]
ERR: 无法加载模块:Vod-play-id-2514-src-1-num-1.html

[ 2017-09-26T05:56:40+08:00 ] 42.236.102.23 /index.php?s=gb-show-id-1275.html
INFO: [ app_init ] --START--
INFO: Run Behavior\BuildLiteBehavior [ RunTime:0.000000s ]
INFO: [ app_init ] --END-- [ RunTime:0.000000s ]
ERR: 无法加载模块:Gb-show-id-1275

[ 2017-09-26T05:56:41+08:00 ] 42.236.99.72 /index.php?s=vod-play-id-1861-sid-0-pid-1.html
INFO: [ app_init ] --START--
INFO: Run Behavior\BuildLiteBehavior [ RunTime:0.000000s ]
INFO: [ app_init ] --END-- [ RunTime:0.000977s ]
ERR: 无法加载模块:Vod-play-id-1861-sid-0-pid-1

[ 2017-09-26T05:56:41+08:00 ] 42.236.55.41 /index.php?m=vod-play-id-2445-src-1-num-1.html
INFO: [ app_init ] --START--
INFO: Run Behavior\BuildLiteBehavior [ RunTime:0.000000s ]
INFO: [ app_init ] --END-- [ RunTime:0.000977s ]
ERR: 无法加载模块:Vod-play-id-2445-src-1-num-1.html

[ 2017-09-26T05:56:41+08:00 ] 42.236.55.21 /index.php?m=vod-list-id-4-pg-1-order--by--class-0-year-2009-letter--area-%E6%B3%B0%E5%9B%BD-lang-.html
INFO: [ app_init ] --START--
INFO: Run Behavior\BuildLiteBehavior [ RunTime:0.000000s ]
INFO: [ app_init ] --END-- [ RunTime:0.000000s ]
ERR: 无法加载模块:Vod-list-id-4-pg-1-order--by--class-0-year-2009-letter--area-泰国-lang-.html

[ 2017-09-26T05:56:42+08:00 ] 42.236.99.130 /index.php?s=gb-show-id-2081.html
INFO: [ app_init ] --START--
INFO: Run Behavior\BuildLiteBehavior [ RunTime:0.000000s ]
INFO: [ app_init ] --END-- [ RunTime:0.000977s ]
ERR: 无法加载模块:Gb-show-id-2081

[ 2017-09-26T05:56:42+08:00 ] 42.236.54.22 /index.php?s=gb-show-id-482.html
INFO: [ app_init ] --START--
INFO: Run Behavior\BuildLiteBehavior [ RunTime:0.000000s ]
INFO: [ app_init ] --END-- [ RunTime:0.000976s ]
ERR: 无法加载模块:Gb-show-id-482

[ 2017-09-26T05:56:42+08:00 ] 42.236.99.242 /index.php?m=vod-play-id-1340-src-1-num-1.html
INFO: [ app_init ] --START--
INFO: Run Behavior\BuildLiteBehavior [ RunTime:0.000000s ]
INFO: [ app_init ] --END-- [ RunTime:0.000977s ]
ERR: 无法加载模块:Vod-play-id-1340-src-1-num-1.html

[ 2017-09-26T05:56:42+08:00 ] 42.236.99.51 /index.php?m=vod-search-pg-235-starring-yuanyuan-classid-16.html
INFO: [ app_init ] --START--
INFO: Run Behavior\BuildLiteBehavior [ RunTime:0.000000s ]
INFO: [ app_init ] --END-- [ RunTime:0.000977s ]
ERR: 无法加载模块:Vod-search-pg-235-starring-yuanyuan-classid-16.html

[ 2017-09-26T05:57:03+08:00 ] 180.153.234.145 /index.php?m=vod-list-id-2-pg-1-order--by--class-0-year-0-letter--area-%E5%85%B6%E5%AE%83-lang-.html
INFO: [ app_init ] --START--
INFO: Run Behavior\BuildLiteBehavior [ RunTime:0.000000s ]
INFO: [ app_init ] --END-- [ RunTime:0.000977s ]
ERR: 无法加载模块:Vod-list-id-2-pg-1-order--by--class-0-year-0-letter--area-其它-lang-.html

[ 2017-09-26T23:22:05+08:00 ] 42.236.103.66 /index.php?s=gb-show-id-1262.html
INFO: [ app_init ] --START--
INFO: Run Behavior\BuildLiteBehavior [ RunTime:0.000000s ]
INFO: [ app_init ] --END-- [ RunTime:0.000000s ]
ERR: 无法加载模块:Gb-show-id-1262

[ 2017-09-26T23:22:05+08:00 ] 42.236.99.242 /index.php?m=vod-search-pg-235-starring-yuanyuan-classid-15.html
INFO: [ app_init ] --START--
INFO: Run Behavior\BuildLiteBehavior [ RunTime:0.000000s ]
INFO: [ app_init ] --END-- [ RunTime:0.000976s ]
ERR: 无法加载模块:Vod-search-pg-235-starring-yuanyuan-classid-15.html

[ 2017-09-26T23:22:05+08:00 ] 42.236.54.2 /index.php?s=gb-show-id-208.html
INFO: [ app_init ] --START--
INFO: Run Behavior\BuildLiteBehavior [ RunTime:0.000000s ]
INFO: [ app_init ] --END-- [ RunTime:0.000977s ]
ERR: 无法加载模块:Gb-show-id-208

[ 2017-09-26T23:22:05+08:00 ] 42.236.99.58 /index.php?m=vod-list-id-4-pg-1-order--by--class-0-year-2009-letter--area-%E6%B3%95%E5%9B%BD-lang-.html
INFO: [ app_init ] --START--
INFO: Run Behavior\BuildLiteBehavior [ RunTime:0.000000s ]
INFO: [ app_init ] --END-- [ RunTime:0.000977s ]
ERR: 无法加载模块:Vod-list-id-4-pg-1-order--by--class-0-year-2009-letter--area-法国-lang-.html

[ 2017-09-26T23:22:05+08:00 ] 42.236.99.58 /index.php?s=vod-play-id-608-sid-0-pid-1.html
INFO: [ app_init ] --START--
INFO: Run Behavior\BuildLiteBehavior [ RunTime:0.000000s ]
INFO: [ app_init ] --END-- [ RunTime:0.000976s ]
ERR: 无法加载模块:Vod-play-id-608-sid-0-pid-1

[ 2017-09-26T23:22:05+08:00 ] 42.236.101.194 /index.php?m=vod-list-id-2-pg-1-order--by--class-0-year-0-letter--area-%E6%B3%95%E5%9B%BD-lang-.html
INFO: [ app_init ] --START--
INFO: Run Behavior\BuildLiteBehavior [ RunTime:0.000000s ]
INFO: [ app_init ] --END-- [ RunTime:0.000976s ]
ERR: 无法加载模块:Vod-list-id-2-pg-1-order--by--class-0-year-0-letter--area-法国-lang-.html

[ 2017-09-26T23:22:05+08:00 ] 42.236.101.194 /index.php?m=vod-play-id-2512-src-1-num-1.html
INFO: [ app_init ] --START--
INFO: Run Behavior\BuildLiteBehavior [ RunTime:0.000000s ]
INFO: [ app_init ] --END-- [ RunTime:0.000977s ]
ERR: 无法加载模块:Vod-play-id-2512-src-1-num-1.html

[ 2017-09-26T23:22:05+08:00 ] 42.236.101.234 /index.php?m=vod-play-id-1303-src-1-num-1.html
INFO: [ app_init ] --START--
INFO: Run Behavior\BuildLiteBehavior [ RunTime:0.000000s ]
INFO: [ app_init ] --END-- [ RunTime:0.000977s ]
ERR: 无法加载模块:Vod-play-id-1303-src-1-num-1.html

[ 2017-09-26T23:22:05+08:00 ] 42.236.99.23 /index.php?m=vod-play-id-2135-src-1-num-1.html
INFO: [ app_init ] --START--
INFO: Run Behavior\BuildLiteBehavior [ RunTime:0.000000s ]
INFO: [ app_init ] --END-- [ RunTime:0.000976s ]
ERR: 无法加载模块:Vod-play-id-2135-src-1-num-1.html

[ 2017-09-26T23:22:05+08:00 ] 42.236.101.194 /index.php?m=vod-play-id-2440-src-1-num-1.html
INFO: [ app_init ] --START--
INFO: Run Behavior\BuildLiteBehavior [ RunTime:0.000000s ]
INFO: [ app_init ] --END-- [ RunTime:0.000977s ]
ERR: 无法加载模块:Vod-play-id-2440-src-1-num-1.html

[ 2017-09-26T23:22:06+08:00 ] 42.236.54.42 /index.php?s=vod-play-id-1932-sid-0-pid-1.html
INFO: [ app_init ] --START--
INFO: Run Behavior\BuildLiteBehavior [ RunTime:0.000000s ]
INFO: [ app_init ] --END-- [ RunTime:0.000977s ]
ERR: 无法加载模块:Vod-play-id-1932-sid-0-pid-1

[ 2017-09-26T23:22:06+08:00 ] 42.236.99.242 /index.php?s=vod-play-id-1117-sid-0-pid-1.html
INFO: [ app_init ] --START--
INFO: Run Behavior\BuildLiteBehavior [ RunTime:0.000000s ]
INFO: [ app_init ] --END-- [ RunTime:0.000000s ]
ERR: 无法加载模块:Vod-play-id-1117-sid-0-pid-1

[ 2017-09-26T23:22:06+08:00 ] 42.236.99.9 /index.php?s=vod-play-id-1800-sid-0-pid-1.html
INFO: [ app_init ] --START--
INFO: Run Behavior\BuildLiteBehavior [ RunTime:0.000000s ]
INFO: [ app_init ] --END-- [ RunTime:0.000000s ]
ERR: 无法加载模块:Vod-play-id-1800-sid-0-pid-1

