[ 2017-04-18T13:07:59+08:00 ] 42.236.99.206 /index.php?m=vod-play-id-864-src-1-num-1.html
INFO: [ app_init ] --START--
INFO: Run Behavior\BuildLiteBehavior [ RunTime:0.000036s ]
INFO: [ app_init ] --END-- [ RunTime:0.000399s ]
ERR: 无法加载模块:Vod-play-id-864-src-1-num-1.html

[ 2017-04-18T13:07:59+08:00 ] 42.236.99.65 /index.php?m=vod-play-id-1257-src-1-num-1.html
INFO: [ app_init ] --START--
INFO: Run Behavior\BuildLiteBehavior [ RunTime:0.000012s ]
INFO: [ app_init ] --END-- [ RunTime:0.000317s ]
ERR: 无法加载模块:Vod-play-id-1257-src-1-num-1.html

[ 2017-04-18T13:07:59+08:00 ] 42.236.10.110 /index.php?s=vod-play-id-947-sid-0-pid-1.html
INFO: [ app_init ] --START--
INFO: Run Behavior\BuildLiteBehavior [ RunTime:0.000027s ]
INFO: [ app_init ] --END-- [ RunTime:0.000360s ]
ERR: 无法加载模块:Vod-play-id-947-sid-0-pid-1

[ 2017-04-18T13:07:59+08:00 ] 42.236.10.108 /index.php?m=vod-list-id-5-pg-8-order--by--class-0-year-0-letter--area-%E5%A4%A7%E9%99%86-lang-.html
INFO: [ app_init ] --START--
INFO: Run Behavior\BuildLiteBehavior [ RunTime:0.000015s ]
INFO: [ app_init ] --END-- [ RunTime:0.000352s ]
ERR: 无法加载模块:Vod-list-id-5-pg-8-order--by--class-0-year-0-letter--area-大陆-lang-.html

[ 2017-04-18T13:07:59+08:00 ] 42.236.99.230 /index.php?s=gb-show-p-5384.html
INFO: [ app_init ] --START--
INFO: Run Behavior\BuildLiteBehavior [ RunTime:0.000010s ]
INFO: [ app_init ] --END-- [ RunTime:0.000417s ]
ERR: 无法加载模块:Gb-show-p-5384

[ 2017-04-18T13:07:59+08:00 ] 42.236.10.109 /index.php?m=vod-play-id-1302-src-1-num-1.html
INFO: [ app_init ] --START--
INFO: Run Behavior\BuildLiteBehavior [ RunTime:0.000014s ]
INFO: [ app_init ] --END-- [ RunTime:0.000385s ]
ERR: 无法加载模块:Vod-play-id-1302-src-1-num-1.html

[ 2017-04-18T13:08:00+08:00 ] 42.236.10.100 /index.php?s=gb-show-id-564.html
INFO: [ app_init ] --START--
INFO: Run Behavior\BuildLiteBehavior [ RunTime:0.000012s ]
INFO: [ app_init ] --END-- [ RunTime:0.000837s ]
ERR: 无法加载模块:Gb-show-id-564

[ 2017-04-18T13:08:00+08:00 ] 42.236.99.51 /index.php?m=vod-list-id-2-pg-1-order--by--class--year-2000-letter--area--lang-.html
INFO: [ app_init ] --START--
INFO: Run Behavior\BuildLiteBehavior [ RunTime:0.000014s ]
INFO: [ app_init ] --END-- [ RunTime:0.000327s ]
ERR: 无法加载模块:Vod-list-id-2-pg-1-order--by--class--year-2000-letter--area--lang-.html

[ 2017-04-18T13:08:00+08:00 ] 42.236.99.51 /index.php?m=vod-play-id-938-src-1-num-1.html
INFO: [ app_init ] --START--
INFO: Run Behavior\BuildLiteBehavior [ RunTime:0.000013s ]
INFO: [ app_init ] --END-- [ RunTime:0.000292s ]
ERR: 无法加载模块:Vod-play-id-938-src-1-num-1.html

[ 2017-04-18T13:08:00+08:00 ] 42.236.10.81 /index.php?m=vod-play-id-2212-src-1-num-1.html
INFO: [ app_init ] --START--
INFO: Run Behavior\BuildLiteBehavior [ RunTime:0.000014s ]
INFO: [ app_init ] --END-- [ RunTime:0.000376s ]
ERR: 无法加载模块:Vod-play-id-2212-src-1-num-1.html

[ 2017-04-18T13:08:00+08:00 ] 42.236.99.218 /index.php?s=vod-play-id-413-sid-0-pid-1.html
INFO: [ app_init ] --START--
INFO: Run Behavior\BuildLiteBehavior [ RunTime:0.000014s ]
INFO: [ app_init ] --END-- [ RunTime:0.000286s ]
ERR: 无法加载模块:Vod-play-id-413-sid-0-pid-1

[ 2017-04-18T13:08:00+08:00 ] 42.236.10.72 /index.php?m=vod-play-id-1023-src-1-num-1.html
INFO: [ app_init ] --START--
INFO: Run Behavior\BuildLiteBehavior [ RunTime:0.000011s ]
INFO: [ app_init ] --END-- [ RunTime:0.000272s ]
ERR: 无法加载模块:Vod-play-id-1023-src-1-num-1.html

[ 2017-04-18T13:08:00+08:00 ] 42.236.99.65 /index.php?m=vod-search-pg-248-starring-yuanyuan.html
INFO: [ app_init ] --START--
INFO: Run Behavior\BuildLiteBehavior [ RunTime:0.000012s ]
INFO: [ app_init ] --END-- [ RunTime:0.000330s ]
ERR: 无法加载模块:Vod-search-pg-248-starring-yuanyuan.html

[ 2017-04-18T13:08:00+08:00 ] 42.236.99.230 /index.php?s=vod-play-id-479-sid-0-pid-1.html
INFO: [ app_init ] --START--
INFO: Run Behavior\BuildLiteBehavior [ RunTime:0.000012s ]
INFO: [ app_init ] --END-- [ RunTime:0.000253s ]
ERR: 无法加载模块:Vod-play-id-479-sid-0-pid-1

[ 2017-04-18T13:08:00+08:00 ] 42.236.10.85 /index.php?m=vod-play-id-401-src-1-num-1.html
INFO: [ app_init ] --START--
INFO: Run Behavior\BuildLiteBehavior [ RunTime:0.000011s ]
INFO: [ app_init ] --END-- [ RunTime:0.000260s ]
ERR: 无法加载模块:Vod-play-id-401-src-1-num-1.html

[ 2017-04-18T13:08:00+08:00 ] 180.153.236.59 /index.php?m=vod-play-id-2073-src-1-num-1.html
INFO: [ app_init ] --START--
INFO: Run Behavior\BuildLiteBehavior [ RunTime:0.000011s ]
INFO: [ app_init ] --END-- [ RunTime:0.000279s ]
ERR: 无法加载模块:Vod-play-id-2073-src-1-num-1.html

[ 2017-04-18T13:08:01+08:00 ] 42.236.99.23 /index.php?m=vod-play-id-1711-src-1-num-1.html
INFO: [ app_init ] --START--
INFO: Run Behavior\BuildLiteBehavior [ RunTime:0.000014s ]
INFO: [ app_init ] --END-- [ RunTime:0.000295s ]
ERR: 无法加载模块:Vod-play-id-1711-src-1-num-1.html

[ 2017-04-18T13:08:01+08:00 ] 42.236.10.74 /index.php?m=vod-list-id-1-pg-1-order--by-score-class-5-year-2001-letter--area--lang-.html
INFO: [ app_init ] --START--
INFO: Run Behavior\BuildLiteBehavior [ RunTime:0.000012s ]
INFO: [ app_init ] --END-- [ RunTime:0.000276s ]
ERR: 无法加载模块:Vod-list-id-1-pg-1-order--by-score-class-5-year-2001-letter--area--lang-.html

[ 2017-04-18T13:08:01+08:00 ] 42.236.99.142 /index.php?m=vod-play-id-2395-src-1-num-1.html
INFO: [ app_init ] --START--
INFO: Run Behavior\BuildLiteBehavior [ RunTime:0.000013s ]
INFO: [ app_init ] --END-- [ RunTime:0.000279s ]
ERR: 无法加载模块:Vod-play-id-2395-src-1-num-1.html

[ 2017-04-18T13:08:01+08:00 ] 180.153.236.181 /index.php?m=vod-list-id-5-pg-1-order--by--class--year-2004-letter--area--lang-.html
INFO: [ app_init ] --START--
INFO: Run Behavior\BuildLiteBehavior [ RunTime:0.000013s ]
INFO: [ app_init ] --END-- [ RunTime:0.000288s ]
ERR: 无法加载模块:Vod-list-id-5-pg-1-order--by--class--year-2004-letter--area--lang-.html

[ 2017-04-18T13:08:02+08:00 ] 42.236.99.194 /index.php?s=vod-play-id-1539-sid-0-pid-1.html
INFO: [ app_init ] --START--
INFO: Run Behavior\BuildLiteBehavior [ RunTime:0.000017s ]
INFO: [ app_init ] --END-- [ RunTime:0.000333s ]
ERR: 无法加载模块:Vod-play-id-1539-sid-0-pid-1

[ 2017-04-18T13:08:03+08:00 ] 42.236.99.37 /index.php?m=vod-list-id-4-pg-1-order--by--class-0-year-2004-letter-S-area--lang-.html
INFO: [ app_init ] --START--
INFO: Run Behavior\BuildLiteBehavior [ RunTime:0.000015s ]
INFO: [ app_init ] --END-- [ RunTime:0.000333s ]
ERR: 无法加载模块:Vod-list-id-4-pg-1-order--by--class-0-year-2004-letter-S-area--lang-.html

[ 2017-04-18T13:08:03+08:00 ] 42.236.99.44 /index.php?m=vod-search-pg-2-starring-yuanyuan-classid-51.html
INFO: [ app_init ] --START--
INFO: Run Behavior\BuildLiteBehavior [ RunTime:0.000014s ]
INFO: [ app_init ] --END-- [ RunTime:0.000295s ]
ERR: 无法加载模块:Vod-search-pg-2-starring-yuanyuan-classid-51.html

[ 2017-04-18T14:36:33+08:00 ] 82.193.100.107 /index.php?m=vod-list-id-0-pg-1-order--by--class-0-year-0-letter--area-%E4%BF%84%E7%BD%97%E6%96%AF-lang-.html
INFO: [ app_init ] --START--
INFO: Run Behavior\BuildLiteBehavior [ RunTime:0.000019s ]
INFO: [ app_init ] --END-- [ RunTime:0.000475s ]
ERR: 无法加载模块:Vod-list-id-0-pg-1-order--by--class-0-year-0-letter--area-俄罗斯-lang-.html

[ 2017-04-18T23:59:35+08:00 ] 66.249.66.127 /index.php?s=gb-show-p-2561.html
INFO: [ app_init ] --START--
INFO: Run Behavior\BuildLiteBehavior [ RunTime:0.000029s ]
INFO: [ app_init ] --END-- [ RunTime:0.000413s ]
ERR: 无法加载模块:Gb-show-p-2561

