[ 2017-05-18T06:28:26+08:00 ] 42.236.10.79 /index.php?m=vod-list-id-2-pg-1-order--by--class-16-year--letter--area--lang-.html
INFO: [ app_init ] --START--
INFO: Run Behavior\BuildLiteBehavior [ RunTime:0.000000s ]
INFO: [ app_init ] --END-- [ RunTime:0.000000s ]
ERR: 无法加载模块:Vod-list-id-2-pg-1-order--by--class-16-year--letter--area--lang-.html

[ 2017-05-18T06:28:26+08:00 ] 42.236.10.74 /index.php?m=vod-play-id-2071-src-1-num-1.html
INFO: [ app_init ] --START--
INFO: Run Behavior\BuildLiteBehavior [ RunTime:0.000000s ]
INFO: [ app_init ] --END-- [ RunTime:0.000000s ]
ERR: 无法加载模块:Vod-play-id-2071-src-1-num-1.html

[ 2017-05-18T06:28:26+08:00 ] 42.236.10.78 /index.php?m=vod-play-id-1464-src-1-num-1.html
INFO: [ app_init ] --START--
INFO: Run Behavior\BuildLiteBehavior [ RunTime:0.000000s ]
INFO: [ app_init ] --END-- [ RunTime:0.000976s ]
ERR: 无法加载模块:Vod-play-id-1464-src-1-num-1.html

[ 2017-05-18T06:28:26+08:00 ] 42.236.10.105 /index.php?m=vod-list-id-6-pg-3-order--by-score-class-0-year-0-letter--area--lang-.html
INFO: [ app_init ] --START--
INFO: Run Behavior\BuildLiteBehavior [ RunTime:0.000000s ]
INFO: [ app_init ] --END-- [ RunTime:0.000977s ]
ERR: 无法加载模块:Vod-list-id-6-pg-3-order--by-score-class-0-year-0-letter--area--lang-.html

[ 2017-05-18T06:28:26+08:00 ] 42.236.102.23 /index.php?s=vod-play-id-436-sid-0-pid-1.html
INFO: [ app_init ] --START--
INFO: Run Behavior\BuildLiteBehavior [ RunTime:0.000000s ]
INFO: [ app_init ] --END-- [ RunTime:0.000000s ]
ERR: 无法加载模块:Vod-play-id-436-sid-0-pid-1

[ 2017-05-18T06:28:26+08:00 ] 180.153.234.145 /index.php?s=vod-play-id-1593-sid-0-pid-1.html
INFO: [ app_init ] --START--
INFO: Run Behavior\BuildLiteBehavior [ RunTime:0.000000s ]
INFO: [ app_init ] --END-- [ RunTime:0.000000s ]
ERR: 无法加载模块:Vod-play-id-1593-sid-0-pid-1

[ 2017-05-18T06:28:27+08:00 ] 42.236.10.78 /index.php?m=vod-list-id-5-pg-1-order--by--class--year-2010-letter--area--lang-.html
INFO: [ app_init ] --START--
INFO: Run Behavior\BuildLiteBehavior [ RunTime:0.000000s ]
INFO: [ app_init ] --END-- [ RunTime:0.000977s ]
ERR: 无法加载模块:Vod-list-id-5-pg-1-order--by--class--year-2010-letter--area--lang-.html

[ 2017-05-18T06:28:27+08:00 ] 42.236.99.230 /index.php?m=vod-play-id-1062-src-1-num-1.html
INFO: [ app_init ] --START--
INFO: Run Behavior\BuildLiteBehavior [ RunTime:0.000000s ]
INFO: [ app_init ] --END-- [ RunTime:0.000000s ]
ERR: 无法加载模块:Vod-play-id-1062-src-1-num-1.html

[ 2017-05-18T06:28:27+08:00 ] 180.153.234.145 /index.php?s=vod-play-id-1286-sid-0-pid-1.html
INFO: [ app_init ] --START--
INFO: Run Behavior\BuildLiteBehavior [ RunTime:0.000000s ]
INFO: [ app_init ] --END-- [ RunTime:0.000000s ]
ERR: 无法加载模块:Vod-play-id-1286-sid-0-pid-1

[ 2017-05-18T06:28:27+08:00 ] 180.153.236.157 /index.php?m=vod-play-id-498-src-1-num-1.html
INFO: [ app_init ] --START--
INFO: Run Behavior\BuildLiteBehavior [ RunTime:0.000000s ]
INFO: [ app_init ] --END-- [ RunTime:0.000976s ]
ERR: 无法加载模块:Vod-play-id-498-src-1-num-1.html

[ 2017-05-18T06:28:27+08:00 ] 42.236.10.81 /index.php?m=vod-play-id-486-src-1-num-1.html
INFO: [ app_init ] --START--
INFO: Run Behavior\BuildLiteBehavior [ RunTime:0.000000s ]
INFO: [ app_init ] --END-- [ RunTime:0.000976s ]
ERR: 无法加载模块:Vod-play-id-486-src-1-num-1.html

[ 2017-05-18T06:28:27+08:00 ] 180.153.236.117 /index.php?m=vod-search-pg-2-starring-yuanyuan-letter-D.html
INFO: [ app_init ] --START--
INFO: Run Behavior\BuildLiteBehavior [ RunTime:0.000000s ]
INFO: [ app_init ] --END-- [ RunTime:0.000977s ]
ERR: 无法加载模块:Vod-search-pg-2-starring-yuanyuan-letter-D.html

[ 2017-05-18T06:28:28+08:00 ] 180.153.236.51 /index.php?s=gb-show-id-1019.html
INFO: [ app_init ] --START--
INFO: Run Behavior\BuildLiteBehavior [ RunTime:0.000000s ]
INFO: [ app_init ] --END-- [ RunTime:0.000000s ]
ERR: 无法加载模块:Gb-show-id-1019

[ 2017-05-18T06:28:28+08:00 ] 180.153.236.19 /index.php?s=gb-show-p-730.html
INFO: [ app_init ] --START--
INFO: Run Behavior\BuildLiteBehavior [ RunTime:0.000000s ]
INFO: [ app_init ] --END-- [ RunTime:0.000977s ]
ERR: 无法加载模块:Gb-show-p-730

