[ 2017-05-26T01:31:18+08:00 ] 42.236.99.242 /index.php?s=vod-play-id-1389-sid-0-pid-1.html
INFO: [ app_init ] --START--
INFO: Run Behavior\BuildLiteBehavior [ RunTime:0.000000s ]
INFO: [ app_init ] --END-- [ RunTime:0.000976s ]
ERR: 无法加载模块:Vod-play-id-1389-sid-0-pid-1

[ 2017-05-26T01:31:19+08:00 ] 42.236.10.84 /index.php?m=vod-play-id-1505-src-1-num-1.html
INFO: [ app_init ] --START--
INFO: Run Behavior\BuildLiteBehavior [ RunTime:0.000000s ]
INFO: [ app_init ] --END-- [ RunTime:0.000976s ]
ERR: 无法加载模块:Vod-play-id-1505-src-1-num-1.html

[ 2017-05-26T01:31:21+08:00 ] 42.236.10.79 /index.php?s=gb-show-id-167.html
INFO: [ app_init ] --START--
INFO: Run Behavior\BuildLiteBehavior [ RunTime:0.000000s ]
INFO: [ app_init ] --END-- [ RunTime:0.000977s ]
ERR: 无法加载模块:Gb-show-id-167

[ 2017-05-26T01:31:21+08:00 ] 42.236.10.81 /index.php?m=vod-search-pg-2-starring-yuanyuan-letter-F.html
INFO: [ app_init ] --START--
INFO: Run Behavior\BuildLiteBehavior [ RunTime:0.000000s ]
INFO: [ app_init ] --END-- [ RunTime:0.000977s ]
ERR: 无法加载模块:Vod-search-pg-2-starring-yuanyuan-letter-F.html

[ 2017-05-26T01:31:22+08:00 ] 180.153.236.133 /index.php?m=vod-list-id-1-pg-1-order--by-time-class-0-year-2002-letter--area-%E5%85%B6%E5%AE%83-lang-.html
INFO: [ app_init ] --START--
INFO: Run Behavior\BuildLiteBehavior [ RunTime:0.000000s ]
INFO: [ app_init ] --END-- [ RunTime:0.000000s ]
ERR: 无法加载模块:Vod-list-id-1-pg-1-order--by-time-class-0-year-2002-letter--area-其它-lang-.html

[ 2017-05-26T01:31:22+08:00 ] 42.236.99.16 /index.php?s=vod-play-id-309-sid-0-pid-1.html
INFO: [ app_init ] --START--
INFO: Run Behavior\BuildLiteBehavior [ RunTime:0.000000s ]
INFO: [ app_init ] --END-- [ RunTime:0.000976s ]
ERR: 无法加载模块:Vod-play-id-309-sid-0-pid-1

[ 2017-05-26T01:31:22+08:00 ] 42.236.55.21 /index.php?s=gb-show-p-2347.html
INFO: [ app_init ] --START--
INFO: Run Behavior\BuildLiteBehavior [ RunTime:0.000000s ]
INFO: [ app_init ] --END-- [ RunTime:0.000000s ]
ERR: 无法加载模块:Gb-show-p-2347

[ 2017-05-26T01:31:22+08:00 ] 42.236.10.84 /index.php?m=vod-list-id-7-pg-1-order--by--class--year--letter-C-area--lang-.html
INFO: [ app_init ] --START--
INFO: Run Behavior\BuildLiteBehavior [ RunTime:0.000000s ]
INFO: [ app_init ] --END-- [ RunTime:0.000976s ]
ERR: 无法加载模块:Vod-list-id-7-pg-1-order--by--class--year--letter-C-area--lang-.html

[ 2017-05-26T01:31:22+08:00 ] 42.236.99.130 /index.php?s=vod-play-id-797-sid-0-pid-1.html
INFO: [ app_init ] --START--
INFO: Run Behavior\BuildLiteBehavior [ RunTime:0.000000s ]
INFO: [ app_init ] --END-- [ RunTime:0.000977s ]
ERR: 无法加载模块:Vod-play-id-797-sid-0-pid-1

[ 2017-05-26T01:31:22+08:00 ] 180.153.232.170 /index.php?m=vod-list-id-7-pg-1-order--by--class--year--letter--area-%E9%A6%99%E6%B8%AF-lang-.html
INFO: [ app_init ] --START--
INFO: Run Behavior\BuildLiteBehavior [ RunTime:0.000000s ]
INFO: [ app_init ] --END-- [ RunTime:0.000977s ]
ERR: 无法加载模块:Vod-list-id-7-pg-1-order--by--class--year--letter--area-香港-lang-.html

[ 2017-05-26T01:31:22+08:00 ] 42.236.10.103 /index.php?m=vod-play-id-2438-src-1-num-1.html
INFO: [ app_init ] --START--
INFO: Run Behavior\BuildLiteBehavior [ RunTime:0.000000s ]
INFO: [ app_init ] --END-- [ RunTime:0.000000s ]
ERR: 无法加载模块:Vod-play-id-2438-src-1-num-1.html

[ 2017-05-26T01:31:22+08:00 ] 42.236.99.206 /index.php?s=gb-show-id-277.html
INFO: [ app_init ] --START--
INFO: Run Behavior\BuildLiteBehavior [ RunTime:0.000000s ]
INFO: [ app_init ] --END-- [ RunTime:0.000976s ]
ERR: 无法加载模块:Gb-show-id-277

[ 2017-05-26T01:31:22+08:00 ] 42.236.10.84 /index.php?m=vod-play-id-2001-src-1-num-1.html
INFO: [ app_init ] --START--
INFO: Run Behavior\BuildLiteBehavior [ RunTime:0.000000s ]
INFO: [ app_init ] --END-- [ RunTime:0.000976s ]
ERR: 无法加载模块:Vod-play-id-2001-src-1-num-1.html

[ 2017-05-26T01:31:22+08:00 ] 42.236.10.109 /index.php?s=vod-play-id-712-sid-0-pid-1.html
INFO: [ app_init ] --START--
INFO: Run Behavior\BuildLiteBehavior [ RunTime:0.000000s ]
INFO: [ app_init ] --END-- [ RunTime:0.000000s ]
ERR: 无法加载模块:Vod-play-id-712-sid-0-pid-1

[ 2017-05-26T01:31:22+08:00 ] 180.153.236.173 /index.php?m=vod-list-id-4-pg-1-order--by--class-0-year-2005-letter-O-area--lang-.html
INFO: [ app_init ] --START--
INFO: Run Behavior\BuildLiteBehavior [ RunTime:0.000000s ]
INFO: [ app_init ] --END-- [ RunTime:0.000977s ]
ERR: 无法加载模块:Vod-list-id-4-pg-1-order--by--class-0-year-2005-letter-O-area--lang-.html

[ 2017-05-26T01:31:22+08:00 ] 42.236.10.108 /index.php?s=vod-play-id-645-sid-0-pid-1.html
INFO: [ app_init ] --START--
INFO: Run Behavior\BuildLiteBehavior [ RunTime:0.000000s ]
INFO: [ app_init ] --END-- [ RunTime:0.000977s ]
ERR: 无法加载模块:Vod-play-id-645-sid-0-pid-1

[ 2017-05-26T01:31:22+08:00 ] 42.236.10.74 /index.php?m=vod-play-id-15-src-1-num-1.html
INFO: [ app_init ] --START--
INFO: Run Behavior\BuildLiteBehavior [ RunTime:0.000000s ]
INFO: [ app_init ] --END-- [ RunTime:0.000000s ]
ERR: 无法加载模块:Vod-play-id-15-src-1-num-1.html

[ 2017-05-26T01:31:23+08:00 ] 42.236.55.21 /index.php?m=vod-play-id-590-src-1-num-1.html
INFO: [ app_init ] --START--
INFO: Run Behavior\BuildLiteBehavior [ RunTime:0.000000s ]
INFO: [ app_init ] --END-- [ RunTime:0.000977s ]
ERR: 无法加载模块:Vod-play-id-590-src-1-num-1.html

[ 2017-05-26T01:31:23+08:00 ] 42.236.99.44 /index.php?m=vod-play-id-941-src-1-num-1.html
INFO: [ app_init ] --START--
INFO: Run Behavior\BuildLiteBehavior [ RunTime:0.000000s ]
INFO: [ app_init ] --END-- [ RunTime:0.000000s ]
ERR: 无法加载模块:Vod-play-id-941-src-1-num-1.html

[ 2017-05-26T01:31:23+08:00 ] 42.236.10.110 /index.php?m=vod-play-id-230-src-1-num-1.html
INFO: [ app_init ] --START--
INFO: Run Behavior\BuildLiteBehavior [ RunTime:0.000000s ]
INFO: [ app_init ] --END-- [ RunTime:0.000977s ]
ERR: 无法加载模块:Vod-play-id-230-src-1-num-1.html

[ 2017-05-26T01:31:23+08:00 ] 180.153.236.181 /index.php?m=vod-play-id-482-src-1-num-1.html
INFO: [ app_init ] --START--
INFO: Run Behavior\BuildLiteBehavior [ RunTime:0.000000s ]
INFO: [ app_init ] --END-- [ RunTime:0.000000s ]
ERR: 无法加载模块:Vod-play-id-482-src-1-num-1.html

[ 2017-05-26T01:31:23+08:00 ] 42.236.10.114 /index.php?m=vod-list-id-7-pg-1-order--by--class--year--letter--area-%E6%97%A5%E6%9C%AC-lang-.html
INFO: [ app_init ] --START--
INFO: Run Behavior\BuildLiteBehavior [ RunTime:0.000000s ]
INFO: [ app_init ] --END-- [ RunTime:0.000977s ]
ERR: 无法加载模块:Vod-list-id-7-pg-1-order--by--class--year--letter--area-日本-lang-.html

[ 2017-05-26T01:31:23+08:00 ] 42.236.99.51 /index.php?m=vod-play-id-1173-src-1-num-1.html
INFO: [ app_init ] --START--
INFO: Run Behavior\BuildLiteBehavior [ RunTime:0.000000s ]
INFO: [ app_init ] --END-- [ RunTime:0.000000s ]
ERR: 无法加载模块:Vod-play-id-1173-src-1-num-1.html

[ 2017-05-26T01:31:23+08:00 ] 42.236.99.44 /index.php?m=vod-play-id-503-src-1-num-1.html
INFO: [ app_init ] --START--
INFO: Run Behavior\BuildLiteBehavior [ RunTime:0.000000s ]
INFO: [ app_init ] --END-- [ RunTime:0.000977s ]
ERR: 无法加载模块:Vod-play-id-503-src-1-num-1.html

[ 2017-05-26T01:31:23+08:00 ] 42.236.10.104 /index.php?m=vod-play-id-2359-src-1-num-1.html
INFO: [ app_init ] --START--
INFO: Run Behavior\BuildLiteBehavior [ RunTime:0.000000s ]
INFO: [ app_init ] --END-- [ RunTime:0.000976s ]
ERR: 无法加载模块:Vod-play-id-2359-src-1-num-1.html

[ 2017-05-26T01:31:39+08:00 ] 42.236.54.2 /index.php?m=vod-play-id-1716-src-1-num-1.html
INFO: [ app_init ] --START--
INFO: Run Behavior\BuildLiteBehavior [ RunTime:0.000000s ]
INFO: [ app_init ] --END-- [ RunTime:0.000977s ]
ERR: 无法加载模块:Vod-play-id-1716-src-1-num-1.html

[ 2017-05-26T05:58:56+08:00 ] 140.205.201.42 /index.php?m=member&c=index&a=register&siteid=1
INFO: [ app_init ] --START--
INFO: Run Behavior\BuildLiteBehavior [ RunTime:0.000000s ]
INFO: [ app_init ] --END-- [ RunTime:0.000977s ]
ERR: 无法加载模块:Member

[ 2017-05-26T05:58:56+08:00 ] 140.205.201.42 /index.php?m=wap&a=index&siteid=1
INFO: [ app_init ] --START--
INFO: Run Behavior\BuildLiteBehavior [ RunTime:0.000000s ]
INFO: [ app_init ] --END-- [ RunTime:0.000976s ]
ERR: 无法加载模块:Wap

[ 2017-05-26T07:54:38+08:00 ] 178.202.133.120 /index.php?m=vod-list-id-0-pg-1-order--by--class-0-year-0-letter--area-%E4%BF%84%E7%BD%97%E6%96%AF-lang-.html
INFO: [ app_init ] --START--
INFO: Run Behavior\BuildLiteBehavior [ RunTime:0.000000s ]
INFO: [ app_init ] --END-- [ RunTime:0.000976s ]
ERR: 无法加载模块:Vod-list-id-0-pg-1-order--by--class-0-year-0-letter--area-俄罗斯-lang-.html

