[ 2017-03-24T09:04:35+08:00 ] 42.236.99.51 /index.php?m=vod-play-id-1859-src-1-num-1.html
INFO: [ app_init ] --START--
INFO: Run Behavior\BuildLiteBehavior [ RunTime:0.000030s ]
INFO: [ app_init ] --END-- [ RunTime:0.006495s ]
ERR: 无法加载模块:Vod-play-id-1859-src-1-num-1.html

[ 2017-03-24T09:04:35+08:00 ] 42.236.99.142 /index.php?m=vod-list-id-2-pg-1-order--by--class-15-year-2007-letter-H-area--lang-.html
INFO: [ app_init ] --START--
INFO: Run Behavior\BuildLiteBehavior [ RunTime:0.000014s ]
INFO: [ app_init ] --END-- [ RunTime:0.000429s ]
ERR: 无法加载模块:Vod-list-id-2-pg-1-order--by--class-15-year-2007-letter-H-area--lang-.html

[ 2017-03-24T09:04:35+08:00 ] 42.236.99.72 /index.php?m=vod-play-id-175-src-1-num-1.html
INFO: [ app_init ] --START--
INFO: Run Behavior\BuildLiteBehavior [ RunTime:0.000014s ]
INFO: [ app_init ] --END-- [ RunTime:0.000272s ]
ERR: 无法加载模块:Vod-play-id-175-src-1-num-1.html

[ 2017-03-24T09:04:35+08:00 ] 42.236.99.23 /index.php?m=vod-play-id-1348-src-1-num-1.html
INFO: [ app_init ] --START--
INFO: Run Behavior\BuildLiteBehavior [ RunTime:0.000016s ]
INFO: [ app_init ] --END-- [ RunTime:0.000366s ]
ERR: 无法加载模块:Vod-play-id-1348-src-1-num-1.html

[ 2017-03-24T09:04:36+08:00 ] 180.153.236.19 /index.php?s=gb-show-id-842.html
INFO: [ app_init ] --START--
INFO: Run Behavior\BuildLiteBehavior [ RunTime:0.000014s ]
INFO: [ app_init ] --END-- [ RunTime:0.000327s ]
ERR: 无法加载模块:Gb-show-id-842

[ 2017-03-24T09:04:36+08:00 ] 42.236.10.115 /index.php?m=vod-play-id-218-src-1-num-1.html
INFO: [ app_init ] --START--
INFO: Run Behavior\BuildLiteBehavior [ RunTime:0.000015s ]
INFO: [ app_init ] --END-- [ RunTime:0.000359s ]
ERR: 无法加载模块:Vod-play-id-218-src-1-num-1.html

[ 2017-03-24T09:04:36+08:00 ] 42.236.10.104 /index.php?m=vod-search-pg-237-year-2005-starring-yuanyuan.html
INFO: [ app_init ] --START--
INFO: Run Behavior\BuildLiteBehavior [ RunTime:0.000016s ]
INFO: [ app_init ] --END-- [ RunTime:0.000349s ]
ERR: 无法加载模块:Vod-search-pg-237-year-2005-starring-yuanyuan.html

[ 2017-03-24T09:04:36+08:00 ] 42.236.99.154 /index.php?s=gb-show-id-1347.html
INFO: [ app_init ] --START--
INFO: Run Behavior\BuildLiteBehavior [ RunTime:0.000018s ]
INFO: [ app_init ] --END-- [ RunTime:0.000408s ]
ERR: 无法加载模块:Gb-show-id-1347

[ 2017-03-24T09:04:36+08:00 ] 42.236.10.78 /index.php?m=vod-play-id-724-src-1-num-1.html
INFO: [ app_init ] --START--
INFO: Run Behavior\BuildLiteBehavior [ RunTime:0.000025s ]
INFO: [ app_init ] --END-- [ RunTime:0.000344s ]
ERR: 无法加载模块:Vod-play-id-724-src-1-num-1.html

[ 2017-03-24T09:04:37+08:00 ] 42.236.99.130 /index.php?m=vod-play-id-1624-src-1-num-1.html
INFO: [ app_init ] --START--
INFO: Run Behavior\BuildLiteBehavior [ RunTime:0.000021s ]
INFO: [ app_init ] --END-- [ RunTime:0.000510s ]
ERR: 无法加载模块:Vod-play-id-1624-src-1-num-1.html

[ 2017-03-24T09:04:37+08:00 ] 42.236.99.65 /index.php?m=vod-play-id-2177-src-1-num-1.html
INFO: [ app_init ] --START--
INFO: Run Behavior\BuildLiteBehavior [ RunTime:0.000029s ]
INFO: [ app_init ] --END-- [ RunTime:0.000408s ]
ERR: 无法加载模块:Vod-play-id-2177-src-1-num-1.html

[ 2017-03-24T09:04:37+08:00 ] 42.236.99.9 /index.php?m=vod-list-id-5-pg-1-order--by--class-0-year-0-letter--area-%E7%BE%8E%E5%9B%BD-lang-.html
INFO: [ app_init ] --START--
INFO: Run Behavior\BuildLiteBehavior [ RunTime:0.000018s ]
INFO: [ app_init ] --END-- [ RunTime:0.000434s ]
ERR: 无法加载模块:Vod-list-id-5-pg-1-order--by--class-0-year-0-letter--area-美国-lang-.html

[ 2017-03-24T09:04:37+08:00 ] 42.236.99.72 /index.php?m=vod-list-id-5-pg-1-order--by--class--year-2014-letter--area--lang-.html
INFO: [ app_init ] --START--
INFO: Run Behavior\BuildLiteBehavior [ RunTime:0.000013s ]
INFO: [ app_init ] --END-- [ RunTime:0.000351s ]
ERR: 无法加载模块:Vod-list-id-5-pg-1-order--by--class--year-2014-letter--area--lang-.html

[ 2017-03-24T09:04:37+08:00 ] 42.236.99.65 /index.php?s=vod-play-id-480-sid-0-pid-1.html
INFO: [ app_init ] --START--
INFO: Run Behavior\BuildLiteBehavior [ RunTime:0.000018s ]
INFO: [ app_init ] --END-- [ RunTime:0.000415s ]
ERR: 无法加载模块:Vod-play-id-480-sid-0-pid-1

[ 2017-03-24T09:04:37+08:00 ] 42.236.10.81 /index.php?s=vod-search-p-3.html
INFO: [ app_init ] --START--
INFO: Run Behavior\BuildLiteBehavior [ RunTime:0.000013s ]
INFO: [ app_init ] --END-- [ RunTime:0.000303s ]
ERR: 无法加载模块:Vod-search-p-3

[ 2017-03-24T09:04:37+08:00 ] 42.236.10.83 /index.php?m=vod-play-id-1039-src-1-num-1.html
INFO: [ app_init ] --START--
INFO: Run Behavior\BuildLiteBehavior [ RunTime:0.000012s ]
INFO: [ app_init ] --END-- [ RunTime:0.000293s ]
ERR: 无法加载模块:Vod-play-id-1039-src-1-num-1.html

[ 2017-03-24T09:04:37+08:00 ] 42.236.99.130 /index.php?s=vod-play-id-1699-sid-0-pid-1.html
INFO: [ app_init ] --START--
INFO: Run Behavior\BuildLiteBehavior [ RunTime:0.000013s ]
INFO: [ app_init ] --END-- [ RunTime:0.000275s ]
ERR: 无法加载模块:Vod-play-id-1699-sid-0-pid-1

[ 2017-03-24T09:04:38+08:00 ] 42.236.99.242 /index.php?m=vod-play-id-2243-src-1-num-1.html
INFO: [ app_init ] --START--
INFO: Run Behavior\BuildLiteBehavior [ RunTime:0.000015s ]
INFO: [ app_init ] --END-- [ RunTime:0.000308s ]
ERR: 无法加载模块:Vod-play-id-2243-src-1-num-1.html

[ 2017-03-24T09:04:38+08:00 ] 42.236.10.114 /index.php?m=vod-list-id-2-pg-1-order--by--class-17-year--letter--area--lang-.html
INFO: [ app_init ] --START--
INFO: Run Behavior\BuildLiteBehavior [ RunTime:0.000013s ]
INFO: [ app_init ] --END-- [ RunTime:0.000263s ]
ERR: 无法加载模块:Vod-list-id-2-pg-1-order--by--class-17-year--letter--area--lang-.html

[ 2017-03-24T09:04:39+08:00 ] 42.236.99.37 /index.php?s=gb-show-id-1222.html
INFO: [ app_init ] --START--
INFO: Run Behavior\BuildLiteBehavior [ RunTime:0.000015s ]
INFO: [ app_init ] --END-- [ RunTime:0.000369s ]
ERR: 无法加载模块:Gb-show-id-1222

[ 2017-03-24T09:04:39+08:00 ] 42.236.10.83 /index.php?m=vod-play-id-2481-src-1-num-1.html
INFO: [ app_init ] --START--
INFO: Run Behavior\BuildLiteBehavior [ RunTime:0.000019s ]
INFO: [ app_init ] --END-- [ RunTime:0.000290s ]
ERR: 无法加载模块:Vod-play-id-2481-src-1-num-1.html

[ 2017-03-24T09:04:39+08:00 ] 42.236.10.82 /index.php?s=vod-play-id-578-sid-0-pid-1.html
INFO: [ app_init ] --START--
INFO: Run Behavior\BuildLiteBehavior [ RunTime:0.000015s ]
INFO: [ app_init ] --END-- [ RunTime:0.000377s ]
ERR: 无法加载模块:Vod-play-id-578-sid-0-pid-1

[ 2017-03-24T09:04:39+08:00 ] 42.236.10.77 /index.php?s=vod-play-id-1070-sid-0-pid-1.html
INFO: [ app_init ] --START--
INFO: Run Behavior\BuildLiteBehavior [ RunTime:0.000012s ]
INFO: [ app_init ] --END-- [ RunTime:0.000358s ]
ERR: 无法加载模块:Vod-play-id-1070-sid-0-pid-1

[ 2017-03-24T09:04:39+08:00 ] 180.153.236.51 /index.php?s=vod-play-id-1314-sid-0-pid-1.html
INFO: [ app_init ] --START--
INFO: Run Behavior\BuildLiteBehavior [ RunTime:0.000018s ]
INFO: [ app_init ] --END-- [ RunTime:0.000334s ]
ERR: 无法加载模块:Vod-play-id-1314-sid-0-pid-1

[ 2017-03-24T09:04:40+08:00 ] 180.153.236.173 /index.php?m=vod-play-id-1942-src-1-num-1.html
INFO: [ app_init ] --START--
INFO: Run Behavior\BuildLiteBehavior [ RunTime:0.000015s ]
INFO: [ app_init ] --END-- [ RunTime:0.000312s ]
ERR: 无法加载模块:Vod-play-id-1942-src-1-num-1.html

[ 2017-03-24T09:04:40+08:00 ] 42.236.99.37 /index.php?m=vod-play-id-328-src-1-num-1.html
INFO: [ app_init ] --START--
INFO: Run Behavior\BuildLiteBehavior [ RunTime:0.000014s ]
INFO: [ app_init ] --END-- [ RunTime:0.000276s ]
ERR: 无法加载模块:Vod-play-id-328-src-1-num-1.html

