[ 2017-06-30T14:49:20+08:00 ] 5.9.155.37 /index.php?m=vod-list-id-0-pg-1-order--by--class-0-year-0-letter--area-%E4%BF%84%E7%BD%97%E6%96%AF-lang-.html
INFO: [ app_init ] --START--
INFO: Run Behavior\BuildLiteBehavior [ RunTime:0.000000s ]
INFO: [ app_init ] --END-- [ RunTime:0.000976s ]
ERR: 无法加载模块:Vod-list-id-0-pg-1-order--by--class-0-year-0-letter--area-俄罗斯-lang-.html

[ 2017-06-30T20:38:33+08:00 ] 42.236.99.23 /index.php?m=vod-search-pg-238-starring-yuanyuan-classid-30.html
INFO: [ app_init ] --START--
INFO: Run Behavior\BuildLiteBehavior [ RunTime:0.000000s ]
INFO: [ app_init ] --END-- [ RunTime:0.001953s ]
ERR: 无法加载模块:Vod-search-pg-238-starring-yuanyuan-classid-30.html

[ 2017-06-30T20:38:33+08:00 ] 42.236.12.190 /index.php?m=vod-play-id-2347-src-1-num-1.html
INFO: [ app_init ] --START--
INFO: Run Behavior\BuildLiteBehavior [ RunTime:0.000000s ]
INFO: [ app_init ] --END-- [ RunTime:0.000000s ]
ERR: 无法加载模块:Vod-play-id-2347-src-1-num-1.html

[ 2017-06-30T20:38:33+08:00 ] 42.236.99.30 /index.php?m=vod-list-id-5-pg-1-order--by--class-0-year-0-letter-D-area-%E9%9F%A9%E5%9B%BD-lang-.html
INFO: [ app_init ] --START--
INFO: Run Behavior\BuildLiteBehavior [ RunTime:0.000000s ]
INFO: [ app_init ] --END-- [ RunTime:0.000000s ]
ERR: 无法加载模块:Vod-list-id-5-pg-1-order--by--class-0-year-0-letter-D-area-韩国-lang-.html

[ 2017-06-30T20:38:33+08:00 ] 42.236.99.30 /index.php?s=gb-show-id-179.html
INFO: [ app_init ] --START--
INFO: Run Behavior\BuildLiteBehavior [ RunTime:0.000000s ]
INFO: [ app_init ] --END-- [ RunTime:0.000977s ]
ERR: 无法加载模块:Gb-show-id-179

[ 2017-06-30T20:38:33+08:00 ] 42.236.10.81 /index.php?s=gb-show-id-1802.html
INFO: [ app_init ] --START--
INFO: Run Behavior\BuildLiteBehavior [ RunTime:0.000000s ]
INFO: [ app_init ] --END-- [ RunTime:0.000976s ]
ERR: 无法加载模块:Gb-show-id-1802

[ 2017-06-30T20:38:33+08:00 ] 42.236.99.194 /index.php?m=vod-list-id-6-pg-1-order--by--class--year--letter-R-area--lang-.html
INFO: [ app_init ] --START--
INFO: Run Behavior\BuildLiteBehavior [ RunTime:0.000000s ]
INFO: [ app_init ] --END-- [ RunTime:0.000000s ]
ERR: 无法加载模块:Vod-list-id-6-pg-1-order--by--class--year--letter-R-area--lang-.html

[ 2017-06-30T20:38:33+08:00 ] 42.236.99.72 /index.php?m=vod-play-id-773-src-1-num-1.html
INFO: [ app_init ] --START--
INFO: Run Behavior\BuildLiteBehavior [ RunTime:0.000000s ]
INFO: [ app_init ] --END-- [ RunTime:0.000976s ]
ERR: 无法加载模块:Vod-play-id-773-src-1-num-1.html

[ 2017-06-30T20:38:33+08:00 ] 180.153.236.101 /index.php?m=vod-play-id-499-src-1-num-1.html
INFO: [ app_init ] --START--
INFO: Run Behavior\BuildLiteBehavior [ RunTime:0.000000s ]
INFO: [ app_init ] --END-- [ RunTime:0.000000s ]
ERR: 无法加载模块:Vod-play-id-499-src-1-num-1.html

[ 2017-06-30T20:38:33+08:00 ] 42.236.99.206 /index.php?m=vod-play-id-192-src-1-num-1.html
INFO: [ app_init ] --START--
INFO: Run Behavior\BuildLiteBehavior [ RunTime:0.000000s ]
INFO: [ app_init ] --END-- [ RunTime:0.000000s ]
ERR: 无法加载模块:Vod-play-id-192-src-1-num-1.html

[ 2017-06-30T20:38:33+08:00 ] 42.236.101.234 /index.php?m=vod-list-id-2-pg-1-order--by--class-16-year-2010-letter-V-area-%E9%9F%A9%E5%9B%BD-lang-.html
INFO: [ app_init ] --START--
INFO: Run Behavior\BuildLiteBehavior [ RunTime:0.000000s ]
INFO: [ app_init ] --END-- [ RunTime:0.000977s ]
ERR: 无法加载模块:Vod-list-id-2-pg-1-order--by--class-16-year-2010-letter-V-area-韩国-lang-.html

[ 2017-06-30T20:38:34+08:00 ] 42.236.54.22 /index.php?s=gb-show-p-1698.html
INFO: [ app_init ] --START--
INFO: Run Behavior\BuildLiteBehavior [ RunTime:0.000000s ]
INFO: [ app_init ] --END-- [ RunTime:0.000977s ]
ERR: 无法加载模块:Gb-show-p-1698

[ 2017-06-30T20:38:34+08:00 ] 42.236.10.76 /index.php?s=vod-play-id-630-sid-0-pid-1.html
INFO: [ app_init ] --START--
INFO: Run Behavior\BuildLiteBehavior [ RunTime:0.000000s ]
INFO: [ app_init ] --END-- [ RunTime:0.000000s ]
ERR: 无法加载模块:Vod-play-id-630-sid-0-pid-1

[ 2017-06-30T20:38:34+08:00 ] 42.236.10.84 /index.php?s=gb-show-id-287.html
INFO: [ app_init ] --START--
INFO: Run Behavior\BuildLiteBehavior [ RunTime:0.000000s ]
INFO: [ app_init ] --END-- [ RunTime:0.000000s ]
ERR: 无法加载模块:Gb-show-id-287

[ 2017-06-30T20:38:34+08:00 ] 42.236.99.142 /index.php?m=vod-play-id-845-src-1-num-1.html
INFO: [ app_init ] --START--
INFO: Run Behavior\BuildLiteBehavior [ RunTime:0.000000s ]
INFO: [ app_init ] --END-- [ RunTime:0.000000s ]
ERR: 无法加载模块:Vod-play-id-845-src-1-num-1.html

