[ 2017-09-07T09:51:01+08:00 ] 42.236.12.190 /index.php?m=vod-search-pg-235-starring-yuanyuan-area-%E9%A9%AC%E6%9D%A5%E8%A5%BF%E4%BA%9A.html
INFO: [ app_init ] --START--
INFO: Run Behavior\BuildLiteBehavior [ RunTime:0.000000s ]
INFO: [ app_init ] --END-- [ RunTime:0.000000s ]
ERR: 无法加载模块:Vod-search-pg-235-starring-yuanyuan-area-马来西亚.html

[ 2017-09-07T09:51:01+08:00 ] 180.153.236.109 /index.php?m=vod-play-id-29-src-1-num-1.html
INFO: [ app_init ] --START--
INFO: Run Behavior\BuildLiteBehavior [ RunTime:0.000000s ]
INFO: [ app_init ] --END-- [ RunTime:0.000977s ]
ERR: 无法加载模块:Vod-play-id-29-src-1-num-1.html

[ 2017-09-07T09:51:01+08:00 ] 42.236.99.79 /index.php?m=vod-list-id-2-pg-1-order--by--class-0-year--letter-S-area--lang-.html
INFO: [ app_init ] --START--
INFO: Run Behavior\BuildLiteBehavior [ RunTime:0.000000s ]
INFO: [ app_init ] --END-- [ RunTime:0.000000s ]
ERR: 无法加载模块:Vod-list-id-2-pg-1-order--by--class-0-year--letter-S-area--lang-.html

[ 2017-09-07T09:51:01+08:00 ] 42.236.54.42 /index.php?s=vod-play-id-865-sid-0-pid-1.html
INFO: [ app_init ] --START--
INFO: Run Behavior\BuildLiteBehavior [ RunTime:0.000000s ]
INFO: [ app_init ] --END-- [ RunTime:0.000977s ]
ERR: 无法加载模块:Vod-play-id-865-sid-0-pid-1

[ 2017-09-07T09:51:02+08:00 ] 42.236.99.178 /index.php?s=gb-show-id-1799.html
INFO: [ app_init ] --START--
INFO: Run Behavior\BuildLiteBehavior [ RunTime:0.000000s ]
INFO: [ app_init ] --END-- [ RunTime:0.000000s ]
ERR: 无法加载模块:Gb-show-id-1799

[ 2017-09-07T09:51:02+08:00 ] 180.153.236.43 /index.php?s=gb-show-id-774.html
INFO: [ app_init ] --START--
INFO: Run Behavior\BuildLiteBehavior [ RunTime:0.000000s ]
INFO: [ app_init ] --END-- [ RunTime:0.000000s ]
ERR: 无法加载模块:Gb-show-id-774

[ 2017-09-07T09:51:02+08:00 ] 42.236.54.2 /index.php?s=gb-show-p-16.html
INFO: [ app_init ] --START--
INFO: Run Behavior\BuildLiteBehavior [ RunTime:0.000000s ]
INFO: [ app_init ] --END-- [ RunTime:0.000000s ]
ERR: 无法加载模块:Gb-show-p-16

[ 2017-09-07T09:51:02+08:00 ] 42.236.99.65 /index.php?s=vod-play-id-279-sid-0-pid-1.html
INFO: [ app_init ] --START--
INFO: Run Behavior\BuildLiteBehavior [ RunTime:0.000000s ]
INFO: [ app_init ] --END-- [ RunTime:0.000000s ]
ERR: 无法加载模块:Vod-play-id-279-sid-0-pid-1

[ 2017-09-07T09:51:02+08:00 ] 180.153.236.165 /index.php?m=vod-list-id-4-pg-1-order--by--class-0-year-2008-letter-T-area--lang-.html
INFO: [ app_init ] --START--
INFO: Run Behavior\BuildLiteBehavior [ RunTime:0.000000s ]
INFO: [ app_init ] --END-- [ RunTime:0.000977s ]
ERR: 无法加载模块:Vod-list-id-4-pg-1-order--by--class-0-year-2008-letter-T-area--lang-.html

[ 2017-09-07T09:51:02+08:00 ] 42.236.99.2 /index.php?s=gb-show-id-1678.html
INFO: [ app_init ] --START--
INFO: Run Behavior\BuildLiteBehavior [ RunTime:0.000000s ]
INFO: [ app_init ] --END-- [ RunTime:0.000977s ]
ERR: 无法加载模块:Gb-show-id-1678

[ 2017-09-07T09:51:02+08:00 ] 42.236.101.234 /index.php?s=vod-play-id-1347-sid-0-pid-1.html
INFO: [ app_init ] --START--
INFO: Run Behavior\BuildLiteBehavior [ RunTime:0.000000s ]
INFO: [ app_init ] --END-- [ RunTime:0.000977s ]
ERR: 无法加载模块:Vod-play-id-1347-sid-0-pid-1

[ 2017-09-07T09:51:02+08:00 ] 42.236.55.41 /index.php?m=vod-play-id-1385-src-1-num-1.html
INFO: [ app_init ] --START--
INFO: Run Behavior\BuildLiteBehavior [ RunTime:0.000000s ]
INFO: [ app_init ] --END-- [ RunTime:0.000976s ]
ERR: 无法加载模块:Vod-play-id-1385-src-1-num-1.html

[ 2017-09-07T09:51:02+08:00 ] 42.236.55.41 /index.php?m=vod-list-id-2-pg-1-order--by--class-0-year--letter-V-area-%E9%9F%A9%E5%9B%BD-lang-.html
INFO: [ app_init ] --START--
INFO: Run Behavior\BuildLiteBehavior [ RunTime:0.000000s ]
INFO: [ app_init ] --END-- [ RunTime:0.000000s ]
ERR: 无法加载模块:Vod-list-id-2-pg-1-order--by--class-0-year--letter-V-area-韩国-lang-.html

[ 2017-09-07T09:51:02+08:00 ] 180.153.236.173 /index.php?s=gb-show-id-419.html
INFO: [ app_init ] --START--
INFO: Run Behavior\BuildLiteBehavior [ RunTime:0.000000s ]
INFO: [ app_init ] --END-- [ RunTime:0.000977s ]
ERR: 无法加载模块:Gb-show-id-419

[ 2017-09-07T09:51:02+08:00 ] 42.236.12.170 /index.php?s=vod-play-id-1192-sid-0-pid-1.html
INFO: [ app_init ] --START--
INFO: Run Behavior\BuildLiteBehavior [ RunTime:0.000000s ]
INFO: [ app_init ] --END-- [ RunTime:0.000977s ]
ERR: 无法加载模块:Vod-play-id-1192-sid-0-pid-1

[ 2017-09-07T09:51:02+08:00 ] 42.236.99.16 /index.php?m=vod-play-id-2162-src-1-num-1.html
INFO: [ app_init ] --START--
INFO: Run Behavior\BuildLiteBehavior [ RunTime:0.000000s ]
INFO: [ app_init ] --END-- [ RunTime:0.000977s ]
ERR: 无法加载模块:Vod-play-id-2162-src-1-num-1.html

[ 2017-09-07T15:31:23+08:00 ] 213.136.73.115 /index.php?m=vod-list-id-0-pg-1-order--by--class-0-year-0-letter--area-%E4%BF%84%E7%BD%97%E6%96%AF-lang-.html
INFO: [ app_init ] --START--
INFO: Run Behavior\BuildLiteBehavior [ RunTime:0.000000s ]
INFO: [ app_init ] --END-- [ RunTime:0.000976s ]
ERR: 无法加载模块:Vod-list-id-0-pg-1-order--by--class-0-year-0-letter--area-俄罗斯-lang-.html

