[ 2017-08-07T05:09:31+08:00 ] 91.137.16.185 /index.php?s=vod-search-area-%E5%8A%A0%E6%8B%BF%E5%A4%A7.html
INFO: [ app_init ] --START--
INFO: Run Behavior\BuildLiteBehavior [ RunTime:0.000000s ]
INFO: [ app_init ] --END-- [ RunTime:0.000977s ]
ERR: 无法加载模块:Vod-search-area-加拿大

[ 2017-08-07T11:03:46+08:00 ] 42.236.99.30 /index.php?m=vod-list-id-2-pg-4-order--by--class-0-year-0-letter--area-%E5%A4%A7%E9%99%86-lang-.html
INFO: [ app_init ] --START--
INFO: Run Behavior\BuildLiteBehavior [ RunTime:0.000000s ]
INFO: [ app_init ] --END-- [ RunTime:0.000000s ]
ERR: 无法加载模块:Vod-list-id-2-pg-4-order--by--class-0-year-0-letter--area-大陆-lang-.html

[ 2017-08-07T11:03:46+08:00 ] 180.153.236.109 /index.php?s=gb-show-id-421.html
INFO: [ app_init ] --START--
INFO: Run Behavior\BuildLiteBehavior [ RunTime:0.000000s ]
INFO: [ app_init ] --END-- [ RunTime:0.000977s ]
ERR: 无法加载模块:Gb-show-id-421

[ 2017-08-07T11:03:46+08:00 ] 180.153.236.19 /index.php?m=vod-list-id-4-pg-1-order--by--class-0-year-2007-letter-S-area-%E8%A5%BF%E7%8F%AD%E7%89%99-lang-.html
INFO: [ app_init ] --START--
INFO: Run Behavior\BuildLiteBehavior [ RunTime:0.000000s ]
INFO: [ app_init ] --END-- [ RunTime:0.000000s ]
ERR: 无法加载模块:Vod-list-id-4-pg-1-order--by--class-0-year-2007-letter-S-area-西班牙-lang-.html

[ 2017-08-07T11:03:47+08:00 ] 180.153.236.133 /index.php?m=vod-play-id-761-src-1-num-1.html
INFO: [ app_init ] --START--
INFO: Run Behavior\BuildLiteBehavior [ RunTime:0.000000s ]
INFO: [ app_init ] --END-- [ RunTime:0.000000s ]
ERR: 无法加载模块:Vod-play-id-761-src-1-num-1.html

[ 2017-08-07T11:03:47+08:00 ] 42.236.99.30 /index.php?s=gb-show-id-1977.html
INFO: [ app_init ] --START--
INFO: Run Behavior\BuildLiteBehavior [ RunTime:0.000000s ]
INFO: [ app_init ] --END-- [ RunTime:0.000000s ]
ERR: 无法加载模块:Gb-show-id-1977

[ 2017-08-07T11:03:47+08:00 ] 42.236.99.30 /index.php?s=gb-show-id-341.html
INFO: [ app_init ] --START--
INFO: Run Behavior\BuildLiteBehavior [ RunTime:0.000000s ]
INFO: [ app_init ] --END-- [ RunTime:0.000000s ]
ERR: 无法加载模块:Gb-show-id-341

[ 2017-08-07T11:03:47+08:00 ] 180.153.236.101 /index.php?s=gb-show-p-3758.html
INFO: [ app_init ] --START--
INFO: Run Behavior\BuildLiteBehavior [ RunTime:0.000000s ]
INFO: [ app_init ] --END-- [ RunTime:0.000000s ]
ERR: 无法加载模块:Gb-show-p-3758

[ 2017-08-07T11:03:47+08:00 ] 42.236.99.30 /index.php?m=vod-play-id-581-src-1-num-1.html
INFO: [ app_init ] --START--
INFO: Run Behavior\BuildLiteBehavior [ RunTime:0.000000s ]
INFO: [ app_init ] --END-- [ RunTime:0.000977s ]
ERR: 无法加载模块:Vod-play-id-581-src-1-num-1.html

[ 2017-08-07T11:03:47+08:00 ] 42.236.99.166 /index.php?s=vod-play-id-422-sid-0-pid-1.html
INFO: [ app_init ] --START--
INFO: Run Behavior\BuildLiteBehavior [ RunTime:0.000000s ]
INFO: [ app_init ] --END-- [ RunTime:0.000000s ]
ERR: 无法加载模块:Vod-play-id-422-sid-0-pid-1

[ 2017-08-07T11:03:47+08:00 ] 180.153.236.11 /index.php?m=vod-play-id-1787-src-1-num-1.html
INFO: [ app_init ] --START--
INFO: Run Behavior\BuildLiteBehavior [ RunTime:0.000000s ]
INFO: [ app_init ] --END-- [ RunTime:0.000000s ]
ERR: 无法加载模块:Vod-play-id-1787-src-1-num-1.html

[ 2017-08-07T11:03:47+08:00 ] 180.153.236.125 /index.php?s=vod-play-id-1473-sid-0-pid-1.html
INFO: [ app_init ] --START--
INFO: Run Behavior\BuildLiteBehavior [ RunTime:0.000000s ]
INFO: [ app_init ] --END-- [ RunTime:0.000000s ]
ERR: 无法加载模块:Vod-play-id-1473-sid-0-pid-1

[ 2017-08-07T11:03:47+08:00 ] 180.153.236.101 /index.php?m=vod-list-id-2-pg-1-order--by--class-0-year--letter--area-%E5%8D%B0%E5%BA%A6-lang-.html
INFO: [ app_init ] --START--
INFO: Run Behavior\BuildLiteBehavior [ RunTime:0.000000s ]
INFO: [ app_init ] --END-- [ RunTime:0.000977s ]
ERR: 无法加载模块:Vod-list-id-2-pg-1-order--by--class-0-year--letter--area-印度-lang-.html

[ 2017-08-07T11:03:47+08:00 ] 180.153.236.43 /index.php?s=vod-play-id-1794-sid-0-pid-1.html
INFO: [ app_init ] --START--
INFO: Run Behavior\BuildLiteBehavior [ RunTime:0.000000s ]
INFO: [ app_init ] --END-- [ RunTime:0.000000s ]
ERR: 无法加载模块:Vod-play-id-1794-sid-0-pid-1

[ 2017-08-07T11:03:47+08:00 ] 180.153.236.117 /index.php?m=vod-play-id-2327-src-1-num-1.html
INFO: [ app_init ] --START--
INFO: Run Behavior\BuildLiteBehavior [ RunTime:0.000000s ]
INFO: [ app_init ] --END-- [ RunTime:0.000000s ]
ERR: 无法加载模块:Vod-play-id-2327-src-1-num-1.html

[ 2017-08-07T11:03:47+08:00 ] 180.153.236.125 /index.php?m=vod-search-pg-2-year-2012-starring-yuanyuan.html
INFO: [ app_init ] --START--
INFO: Run Behavior\BuildLiteBehavior [ RunTime:0.000000s ]
INFO: [ app_init ] --END-- [ RunTime:0.000976s ]
ERR: 无法加载模块:Vod-search-pg-2-year-2012-starring-yuanyuan.html

[ 2017-08-07T11:03:47+08:00 ] 42.236.103.66 /index.php?s=gb-show-id-648.html
INFO: [ app_init ] --START--
INFO: Run Behavior\BuildLiteBehavior [ RunTime:0.000000s ]
INFO: [ app_init ] --END-- [ RunTime:0.000000s ]
ERR: 无法加载模块:Gb-show-id-648

[ 2017-08-07T17:40:36+08:00 ] 140.205.225.200 /index.php?m=member&c=index&a=register&siteid=1
INFO: [ app_init ] --START--
INFO: Run Behavior\BuildLiteBehavior [ RunTime:0.000000s ]
INFO: [ app_init ] --END-- [ RunTime:0.000976s ]
ERR: 无法加载模块:Member

[ 2017-08-07T17:40:36+08:00 ] 140.205.225.200 /index.php?m=wap&a=index&siteid=1
INFO: [ app_init ] --START--
INFO: Run Behavior\BuildLiteBehavior [ RunTime:0.000000s ]
INFO: [ app_init ] --END-- [ RunTime:0.000000s ]
ERR: 无法加载模块:Wap

