[ 2017-06-20T08:59:32+08:00 ] 89.163.243.39 /index.php?s=vod-search-area-%E5%8A%A0%E6%8B%BF%E5%A4%A7.html
INFO: [ app_init ] --START--
INFO: Run Behavior\BuildLiteBehavior [ RunTime:0.000000s ]
INFO: [ app_init ] --END-- [ RunTime:0.000977s ]
ERR: 无法加载模块:Vod-search-area-加拿大

[ 2017-06-20T14:10:46+08:00 ] 180.153.234.145 /index.php?s=gb-show-id-1427.html
INFO: [ app_init ] --START--
INFO: Run Behavior\BuildLiteBehavior [ RunTime:0.000000s ]
INFO: [ app_init ] --END-- [ RunTime:0.000000s ]
ERR: 无法加载模块:Gb-show-id-1427

[ 2017-06-20T14:10:46+08:00 ] 180.153.234.145 /index.php?s=vod-play-id-1498-sid-0-pid-1.html
INFO: [ app_init ] --START--
INFO: Run Behavior\BuildLiteBehavior [ RunTime:0.000000s ]
INFO: [ app_init ] --END-- [ RunTime:0.000977s ]
ERR: 无法加载模块:Vod-play-id-1498-sid-0-pid-1

[ 2017-06-20T14:10:46+08:00 ] 42.236.10.80 /index.php?s=vod-play-id-1222-sid-0-pid-1.html
INFO: [ app_init ] --START--
INFO: Run Behavior\BuildLiteBehavior [ RunTime:0.000000s ]
INFO: [ app_init ] --END-- [ RunTime:0.000976s ]
ERR: 无法加载模块:Vod-play-id-1222-sid-0-pid-1

[ 2017-06-20T14:10:46+08:00 ] 42.236.10.74 /index.php?m=vod-list-id-4-pg-1-order--by--class-0-year-2006-letter-E-area--lang-.html
INFO: [ app_init ] --START--
INFO: Run Behavior\BuildLiteBehavior [ RunTime:0.000000s ]
INFO: [ app_init ] --END-- [ RunTime:0.000976s ]
ERR: 无法加载模块:Vod-list-id-4-pg-1-order--by--class-0-year-2006-letter-E-area--lang-.html

[ 2017-06-20T14:10:46+08:00 ] 42.236.10.82 /index.php?m=vod-search-pg-2-starring-yuanyuan-letter-S.html
INFO: [ app_init ] --START--
INFO: Run Behavior\BuildLiteBehavior [ RunTime:0.000000s ]
INFO: [ app_init ] --END-- [ RunTime:0.000977s ]
ERR: 无法加载模块:Vod-search-pg-2-starring-yuanyuan-letter-S.html

[ 2017-06-20T14:10:46+08:00 ] 42.236.10.77 /index.php?m=vod-play-id-1055-src-1-num-1.html
INFO: [ app_init ] --START--
INFO: Run Behavior\BuildLiteBehavior [ RunTime:0.000000s ]
INFO: [ app_init ] --END-- [ RunTime:0.000977s ]
ERR: 无法加载模块:Vod-play-id-1055-src-1-num-1.html

[ 2017-06-20T14:10:46+08:00 ] 42.236.102.23 /index.php?m=vod-list-id-2-pg-1-order--by--class--year-0-letter-B-area--lang-.html
INFO: [ app_init ] --START--
INFO: Run Behavior\BuildLiteBehavior [ RunTime:0.000000s ]
INFO: [ app_init ] --END-- [ RunTime:0.000000s ]
ERR: 无法加载模块:Vod-list-id-2-pg-1-order--by--class--year-0-letter-B-area--lang-.html

[ 2017-06-20T14:10:46+08:00 ] 42.236.99.2 /index.php?s=vod-play-id-779-sid-0-pid-1.html
INFO: [ app_init ] --START--
INFO: Run Behavior\BuildLiteBehavior [ RunTime:0.000000s ]
INFO: [ app_init ] --END-- [ RunTime:0.000977s ]
ERR: 无法加载模块:Vod-play-id-779-sid-0-pid-1

[ 2017-06-20T14:10:46+08:00 ] 42.236.10.75 /index.php?s=vod-play-id-718-sid-0-pid-1.html
INFO: [ app_init ] --START--
INFO: Run Behavior\BuildLiteBehavior [ RunTime:0.000000s ]
INFO: [ app_init ] --END-- [ RunTime:0.000000s ]
ERR: 无法加载模块:Vod-play-id-718-sid-0-pid-1

[ 2017-06-20T14:10:46+08:00 ] 42.236.10.104 /index.php?s=gb-show-p-1145.html
INFO: [ app_init ] --START--
INFO: Run Behavior\BuildLiteBehavior [ RunTime:0.000000s ]
INFO: [ app_init ] --END-- [ RunTime:0.000976s ]
ERR: 无法加载模块:Gb-show-p-1145

[ 2017-06-20T14:10:47+08:00 ] 42.236.99.9 /index.php?m=vod-play-id-1057-src-1-num-1.html
INFO: [ app_init ] --START--
INFO: Run Behavior\BuildLiteBehavior [ RunTime:0.000000s ]
INFO: [ app_init ] --END-- [ RunTime:0.000977s ]
ERR: 无法加载模块:Vod-play-id-1057-src-1-num-1.html

[ 2017-06-20T14:10:47+08:00 ] 42.236.99.9 /index.php?s=gb-show-id-218.html
INFO: [ app_init ] --START--
INFO: Run Behavior\BuildLiteBehavior [ RunTime:0.000000s ]
INFO: [ app_init ] --END-- [ RunTime:0.000977s ]
ERR: 无法加载模块:Gb-show-id-218

[ 2017-06-20T14:10:47+08:00 ] 42.236.99.9 /index.php?m=vod-play-id-2454-src-1-num-1.html
INFO: [ app_init ] --START--
INFO: Run Behavior\BuildLiteBehavior [ RunTime:0.000000s ]
INFO: [ app_init ] --END-- [ RunTime:0.000977s ]
ERR: 无法加载模块:Vod-play-id-2454-src-1-num-1.html

[ 2017-06-20T14:11:03+08:00 ] 180.153.236.181 /index.php?m=vod-play-id-2121-src-1-num-1.html
INFO: [ app_init ] --START--
INFO: Run Behavior\BuildLiteBehavior [ RunTime:0.000000s ]
INFO: [ app_init ] --END-- [ RunTime:0.000976s ]
ERR: 无法加载模块:Vod-play-id-2121-src-1-num-1.html

