[ 2017-06-11T10:53:41+08:00 ] 42.236.99.58 /index.php?m=vod-play-id-2288-src-1-num-1.html
INFO: [ app_init ] --START--
INFO: Run Behavior\BuildLiteBehavior [ RunTime:0.000000s ]
INFO: [ app_init ] --END-- [ RunTime:0.000977s ]
ERR: 无法加载模块:Vod-play-id-2288-src-1-num-1.html

[ 2017-06-11T10:53:41+08:00 ] 42.236.99.23 /index.php?s=gb-show-id-1815.html
INFO: [ app_init ] --START--
INFO: Run Behavior\BuildLiteBehavior [ RunTime:0.000000s ]
INFO: [ app_init ] --END-- [ RunTime:0.000977s ]
ERR: 无法加载模块:Gb-show-id-1815

[ 2017-06-11T10:53:41+08:00 ] 42.236.10.108 /index.php?m=vod-search-pg-2-starring-yuanyuan-letter-M.html
INFO: [ app_init ] --START--
INFO: Run Behavior\BuildLiteBehavior [ RunTime:0.000000s ]
INFO: [ app_init ] --END-- [ RunTime:0.000000s ]
ERR: 无法加载模块:Vod-search-pg-2-starring-yuanyuan-letter-M.html

[ 2017-06-11T10:53:41+08:00 ] 42.236.10.107 /index.php?m=vod-list-id-2-pg-13-order--by--class-0-year-0-letter--area-%E5%A4%A7%E9%99%86-lang-.html
INFO: [ app_init ] --START--
INFO: Run Behavior\BuildLiteBehavior [ RunTime:0.000000s ]
INFO: [ app_init ] --END-- [ RunTime:0.000976s ]
ERR: 无法加载模块:Vod-list-id-2-pg-13-order--by--class-0-year-0-letter--area-大陆-lang-.html

[ 2017-06-11T10:53:41+08:00 ] 42.236.10.104 /index.php?m=vod-play-id-639-src-1-num-1.html
INFO: [ app_init ] --START--
INFO: Run Behavior\BuildLiteBehavior [ RunTime:0.000000s ]
INFO: [ app_init ] --END-- [ RunTime:0.000000s ]
ERR: 无法加载模块:Vod-play-id-639-src-1-num-1.html

[ 2017-06-11T10:53:41+08:00 ] 42.236.99.72 /index.php?s=vod-play-id-326-sid-0-pid-1.html
INFO: [ app_init ] --START--
INFO: Run Behavior\BuildLiteBehavior [ RunTime:0.000000s ]
INFO: [ app_init ] --END-- [ RunTime:0.000976s ]
ERR: 无法加载模块:Vod-play-id-326-sid-0-pid-1

[ 2017-06-11T10:53:41+08:00 ] 42.236.99.72 /index.php?m=vod-play-id-502-src-1-num-1.html
INFO: [ app_init ] --START--
INFO: Run Behavior\BuildLiteBehavior [ RunTime:0.000000s ]
INFO: [ app_init ] --END-- [ RunTime:0.000976s ]
ERR: 无法加载模块:Vod-play-id-502-src-1-num-1.html

[ 2017-06-11T10:53:41+08:00 ] 42.236.99.30 /index.php?m=vod-list-id-4-pg-1-order--by--class-0-year-2005-letter-X-area--lang-.html
INFO: [ app_init ] --START--
INFO: Run Behavior\BuildLiteBehavior [ RunTime:0.000000s ]
INFO: [ app_init ] --END-- [ RunTime:0.000976s ]
ERR: 无法加载模块:Vod-list-id-4-pg-1-order--by--class-0-year-2005-letter-X-area--lang-.html

[ 2017-06-11T10:53:41+08:00 ] 42.236.10.102 /index.php?s=vod-play-id-837-sid-0-pid-1.html
INFO: [ app_init ] --START--
INFO: Run Behavior\BuildLiteBehavior [ RunTime:0.000000s ]
INFO: [ app_init ] --END-- [ RunTime:0.000000s ]
ERR: 无法加载模块:Vod-play-id-837-sid-0-pid-1

[ 2017-06-11T10:53:41+08:00 ] 180.153.236.125 /index.php?m=vod-list-id-5-pg-1-order--by--class--year-2006-letter--area--lang-.html
INFO: [ app_init ] --START--
INFO: Run Behavior\BuildLiteBehavior [ RunTime:0.000000s ]
INFO: [ app_init ] --END-- [ RunTime:0.000977s ]
ERR: 无法加载模块:Vod-list-id-5-pg-1-order--by--class--year-2006-letter--area--lang-.html

[ 2017-06-11T10:53:41+08:00 ] 42.236.10.80 /index.php?m=vod-list-id-2-pg-1-order--by--class--year-0-letter--area-%E4%BF%84%E7%BD%97%E6%96%AF-lang-.html
INFO: [ app_init ] --START--
INFO: Run Behavior\BuildLiteBehavior [ RunTime:0.000000s ]
INFO: [ app_init ] --END-- [ RunTime:0.000000s ]
ERR: 无法加载模块:Vod-list-id-2-pg-1-order--by--class--year-0-letter--area-俄罗斯-lang-.html

[ 2017-06-11T10:53:42+08:00 ] 42.236.54.42 /index.php?s=gb-show-p-20.html
INFO: [ app_init ] --START--
INFO: Run Behavior\BuildLiteBehavior [ RunTime:0.000000s ]
INFO: [ app_init ] --END-- [ RunTime:0.000000s ]
ERR: 无法加载模块:Gb-show-p-20

[ 2017-06-11T10:53:42+08:00 ] 42.236.101.234 /index.php?s=vod-play-id-1036-sid-0-pid-1.html
INFO: [ app_init ] --START--
INFO: Run Behavior\BuildLiteBehavior [ RunTime:0.000000s ]
INFO: [ app_init ] --END-- [ RunTime:0.000000s ]
ERR: 无法加载模块:Vod-play-id-1036-sid-0-pid-1

[ 2017-06-11T10:53:42+08:00 ] 42.236.99.72 /index.php?m=vod-play-id-1656-src-1-num-1.html
INFO: [ app_init ] --START--
INFO: Run Behavior\BuildLiteBehavior [ RunTime:0.000977s ]
INFO: [ app_init ] --END-- [ RunTime:0.000977s ]
ERR: 无法加载模块:Vod-play-id-1656-src-1-num-1.html

[ 2017-06-11T10:53:42+08:00 ] 42.236.10.115 /index.php?m=vod-play-id-241-src-1-num-1.html
INFO: [ app_init ] --START--
INFO: Run Behavior\BuildLiteBehavior [ RunTime:0.000000s ]
INFO: [ app_init ] --END-- [ RunTime:0.000976s ]
ERR: 无法加载模块:Vod-play-id-241-src-1-num-1.html

[ 2017-06-11T10:53:42+08:00 ] 42.236.12.130 /index.php?s=vod-play-id-751-sid-0-pid-1.html
INFO: [ app_init ] --START--
INFO: Run Behavior\BuildLiteBehavior [ RunTime:0.000000s ]
INFO: [ app_init ] --END-- [ RunTime:0.000000s ]
ERR: 无法加载模块:Vod-play-id-751-sid-0-pid-1

[ 2017-06-11T10:53:42+08:00 ] 42.236.10.80 /index.php?m=vod-play-id-1520-src-1-num-1.html
INFO: [ app_init ] --START--
INFO: Run Behavior\BuildLiteBehavior [ RunTime:0.000000s ]
INFO: [ app_init ] --END-- [ RunTime:0.000976s ]
ERR: 无法加载模块:Vod-play-id-1520-src-1-num-1.html

[ 2017-06-11T10:53:42+08:00 ] 42.236.99.230 /index.php?s=gb-show-id-294.html
INFO: [ app_init ] --START--
INFO: Run Behavior\BuildLiteBehavior [ RunTime:0.000000s ]
INFO: [ app_init ] --END-- [ RunTime:0.000977s ]
ERR: 无法加载模块:Gb-show-id-294

[ 2017-06-11T10:53:42+08:00 ] 42.236.101.214 /index.php?s=vod-play-id-1400-sid-0-pid-1.html
INFO: [ app_init ] --START--
INFO: Run Behavior\BuildLiteBehavior [ RunTime:0.000000s ]
INFO: [ app_init ] --END-- [ RunTime:0.000977s ]
ERR: 无法加载模块:Vod-play-id-1400-sid-0-pid-1

[ 2017-06-11T10:53:42+08:00 ] 42.236.101.194 /index.php?m=vod-play-id-1725-src-1-num-1.html
INFO: [ app_init ] --START--
INFO: Run Behavior\BuildLiteBehavior [ RunTime:0.000000s ]
INFO: [ app_init ] --END-- [ RunTime:0.000000s ]
ERR: 无法加载模块:Vod-play-id-1725-src-1-num-1.html

[ 2017-06-11T13:56:42+08:00 ] 163.172.74.102 /index.php?m=vod-list-id-0-pg-1-order--by--class-0-year-0-letter--area-%E4%BF%84%E7%BD%97%E6%96%AF-lang-.html
INFO: [ app_init ] --START--
INFO: Run Behavior\BuildLiteBehavior [ RunTime:0.000000s ]
INFO: [ app_init ] --END-- [ RunTime:0.000000s ]
ERR: 无法加载模块:Vod-list-id-0-pg-1-order--by--class-0-year-0-letter--area-俄罗斯-lang-.html

