[ 2017-08-09T08:30:47+08:00 ] 42.236.99.194 /index.php?m=vod-list-id-2-pg-1-order--by--class--year-2010-letter-V-area-%E9%9F%A9%E5%9B%BD-lang-.html
INFO: [ app_init ] --START--
INFO: Run Behavior\BuildLiteBehavior [ RunTime:0.000000s ]
INFO: [ app_init ] --END-- [ RunTime:0.000976s ]
ERR: 无法加载模块:Vod-list-id-2-pg-1-order--by--class--year-2010-letter-V-area-韩国-lang-.html

[ 2017-08-09T08:30:47+08:00 ] 42.236.99.142 /index.php?m=vod-play-id-2323-src-1-num-1.html
INFO: [ app_init ] --START--
INFO: Run Behavior\BuildLiteBehavior [ RunTime:0.000000s ]
INFO: [ app_init ] --END-- [ RunTime:0.000000s ]
ERR: 无法加载模块:Vod-play-id-2323-src-1-num-1.html

[ 2017-08-09T08:30:47+08:00 ] 42.236.99.194 /index.php?s=gb-show-id-606.html
INFO: [ app_init ] --START--
INFO: Run Behavior\BuildLiteBehavior [ RunTime:0.000000s ]
INFO: [ app_init ] --END-- [ RunTime:0.000976s ]
ERR: 无法加载模块:Gb-show-id-606

[ 2017-08-09T08:31:14+08:00 ] 42.236.99.58 /index.php?m=vod-list-id-7-pg-1-order--by--class--year--letter-J-area--lang-.html
INFO: [ app_init ] --START--
INFO: Run Behavior\BuildLiteBehavior [ RunTime:0.000000s ]
INFO: [ app_init ] --END-- [ RunTime:0.000976s ]
ERR: 无法加载模块:Vod-list-id-7-pg-1-order--by--class--year--letter-J-area--lang-.html

[ 2017-08-09T08:32:39+08:00 ] 42.236.99.218 /index.php?s=gb-show-id-1966.html
INFO: [ app_init ] --START--
INFO: Run Behavior\BuildLiteBehavior [ RunTime:0.000000s ]
INFO: [ app_init ] --END-- [ RunTime:0.000000s ]
ERR: 无法加载模块:Gb-show-id-1966

