[ 2017-07-20T00:41:17+08:00 ] 42.236.10.106 /index.php?m=vod-search-pg-238-starring-yuanyuan-classid-46.html
INFO: [ app_init ] --START--
INFO: Run Behavior\BuildLiteBehavior [ RunTime:0.000000s ]
INFO: [ app_init ] --END-- [ RunTime:0.000000s ]
ERR: 无法加载模块:Vod-search-pg-238-starring-yuanyuan-classid-46.html

[ 2017-07-20T00:41:17+08:00 ] 42.236.99.37 /index.php?m=vod-search-pg-238-starring-yuanyuan-classid-42.html
INFO: [ app_init ] --START--
INFO: Run Behavior\BuildLiteBehavior [ RunTime:0.000000s ]
INFO: [ app_init ] --END-- [ RunTime:0.000000s ]
ERR: 无法加载模块:Vod-search-pg-238-starring-yuanyuan-classid-42.html

[ 2017-07-20T00:41:17+08:00 ] 42.236.10.113 /index.php?s=gb-show-id-29.html
INFO: [ app_init ] --START--
INFO: Run Behavior\BuildLiteBehavior [ RunTime:0.000000s ]
INFO: [ app_init ] --END-- [ RunTime:0.000977s ]
ERR: 无法加载模块:Gb-show-id-29

[ 2017-07-20T00:41:17+08:00 ] 42.236.54.2 /index.php?s=gb-show-id-483.html
INFO: [ app_init ] --START--
INFO: Run Behavior\BuildLiteBehavior [ RunTime:0.000000s ]
INFO: [ app_init ] --END-- [ RunTime:0.000976s ]
ERR: 无法加载模块:Gb-show-id-483

[ 2017-07-20T00:41:17+08:00 ] 42.236.54.2 /index.php?s=gb-show-id-1967.html
INFO: [ app_init ] --START--
INFO: Run Behavior\BuildLiteBehavior [ RunTime:0.000000s ]
INFO: [ app_init ] --END-- [ RunTime:0.000977s ]
ERR: 无法加载模块:Gb-show-id-1967

[ 2017-07-20T00:41:17+08:00 ] 42.236.10.84 /index.php?s=gb-show-id-1206.html
INFO: [ app_init ] --START--
INFO: Run Behavior\BuildLiteBehavior [ RunTime:0.000000s ]
INFO: [ app_init ] --END-- [ RunTime:0.000977s ]
ERR: 无法加载模块:Gb-show-id-1206

[ 2017-07-20T00:41:17+08:00 ] 42.236.103.66 /index.php?m=vod-play-id-211-src-1-num-1.html
INFO: [ app_init ] --START--
INFO: Run Behavior\BuildLiteBehavior [ RunTime:0.000000s ]
INFO: [ app_init ] --END-- [ RunTime:0.000976s ]
ERR: 无法加载模块:Vod-play-id-211-src-1-num-1.html

[ 2017-07-20T00:41:17+08:00 ] 42.236.10.112 /index.php?m=vod-play-id-2422-src-1-num-1.html
INFO: [ app_init ] --START--
INFO: Run Behavior\BuildLiteBehavior [ RunTime:0.000000s ]
INFO: [ app_init ] --END-- [ RunTime:0.000976s ]
ERR: 无法加载模块:Vod-play-id-2422-src-1-num-1.html

[ 2017-07-20T00:41:18+08:00 ] 42.236.10.84 /index.php?s=gb-show-id-709.html
INFO: [ app_init ] --START--
INFO: Run Behavior\BuildLiteBehavior [ RunTime:0.000000s ]
INFO: [ app_init ] --END-- [ RunTime:0.000977s ]
ERR: 无法加载模块:Gb-show-id-709

[ 2017-07-20T00:41:18+08:00 ] 42.236.103.106 /index.php?m=vod-list-id-5-pg-1-order--by--class-0-year-0-letter-G-area-%E5%8D%B0%E5%BA%A6-lang-.html
INFO: [ app_init ] --START--
INFO: Run Behavior\BuildLiteBehavior [ RunTime:0.000000s ]
INFO: [ app_init ] --END-- [ RunTime:0.000000s ]
ERR: 无法加载模块:Vod-list-id-5-pg-1-order--by--class-0-year-0-letter-G-area-印度-lang-.html

[ 2017-07-20T00:41:18+08:00 ] 42.236.54.62 /index.php?s=vod-play-id-1020-sid-0-pid-1.html
INFO: [ app_init ] --START--
INFO: Run Behavior\BuildLiteBehavior [ RunTime:0.000000s ]
INFO: [ app_init ] --END-- [ RunTime:0.000977s ]
ERR: 无法加载模块:Vod-play-id-1020-sid-0-pid-1

