[ 2017-06-22T13:12:42+08:00 ] 42.236.10.105 /index.php?m=vod-play-id-2124-src-1-num-1.html
INFO: [ app_init ] --START--
INFO: Run Behavior\BuildLiteBehavior [ RunTime:0.000000s ]
INFO: [ app_init ] --END-- [ RunTime:0.000000s ]
ERR: 无法加载模块:Vod-play-id-2124-src-1-num-1.html

[ 2017-06-22T13:12:42+08:00 ] 180.153.236.133 /index.php?m=vod-search-pg-2-starring-yuanyuan-letter-U.html
INFO: [ app_init ] --START--
INFO: Run Behavior\BuildLiteBehavior [ RunTime:0.000000s ]
INFO: [ app_init ] --END-- [ RunTime:0.000977s ]
ERR: 无法加载模块:Vod-search-pg-2-starring-yuanyuan-letter-U.html

[ 2017-06-22T13:12:42+08:00 ] 180.153.236.101 /index.php?m=vod-play-id-1065-src-1-num-1.html
INFO: [ app_init ] --START--
INFO: Run Behavior\BuildLiteBehavior [ RunTime:0.000000s ]
INFO: [ app_init ] --END-- [ RunTime:0.000000s ]
ERR: 无法加载模块:Vod-play-id-1065-src-1-num-1.html

[ 2017-06-22T13:12:42+08:00 ] 42.236.10.112 /index.php?s=vod-play-id-1607-sid-0-pid-1.html
INFO: [ app_init ] --START--
INFO: Run Behavior\BuildLiteBehavior [ RunTime:0.000000s ]
INFO: [ app_init ] --END-- [ RunTime:0.000000s ]
ERR: 无法加载模块:Vod-play-id-1607-sid-0-pid-1

[ 2017-06-22T13:12:42+08:00 ] 42.236.10.77 /index.php?s=vod-play-id-720-sid-0-pid-1.html
INFO: [ app_init ] --START--
INFO: Run Behavior\BuildLiteBehavior [ RunTime:0.000000s ]
INFO: [ app_init ] --END-- [ RunTime:0.000000s ]
ERR: 无法加载模块:Vod-play-id-720-sid-0-pid-1

[ 2017-06-22T13:12:42+08:00 ] 42.236.10.81 /index.php?s=gb-show-p-116.html
INFO: [ app_init ] --START--
INFO: Run Behavior\BuildLiteBehavior [ RunTime:0.000000s ]
INFO: [ app_init ] --END-- [ RunTime:0.000000s ]
ERR: 无法加载模块:Gb-show-p-116

[ 2017-06-22T13:12:42+08:00 ] 42.236.10.109 /index.php?m=vod-list-id-2-pg-1-order--by--class--year-0-letter-C-area--lang-.html
INFO: [ app_init ] --START--
INFO: Run Behavior\BuildLiteBehavior [ RunTime:0.000000s ]
INFO: [ app_init ] --END-- [ RunTime:0.000977s ]
ERR: 无法加载模块:Vod-list-id-2-pg-1-order--by--class--year-0-letter-C-area--lang-.html

[ 2017-06-22T13:12:43+08:00 ] 42.236.99.218 /index.php?m=vod-play-id-1072-src-1-num-1.html
INFO: [ app_init ] --START--
INFO: Run Behavior\BuildLiteBehavior [ RunTime:0.000000s ]
INFO: [ app_init ] --END-- [ RunTime:0.000977s ]
ERR: 无法加载模块:Vod-play-id-1072-src-1-num-1.html

[ 2017-06-22T13:12:43+08:00 ] 42.236.99.51 /index.php?s=gb-show-id-1432.html
INFO: [ app_init ] --START--
INFO: Run Behavior\BuildLiteBehavior [ RunTime:0.000000s ]
INFO: [ app_init ] --END-- [ RunTime:0.000976s ]
ERR: 无法加载模块:Gb-show-id-1432

[ 2017-06-22T13:12:43+08:00 ] 42.236.10.71 /index.php?s=vod-play-id-83-sid-0-pid-1.html
INFO: [ app_init ] --START--
INFO: Run Behavior\BuildLiteBehavior [ RunTime:0.000000s ]
INFO: [ app_init ] --END-- [ RunTime:0.000000s ]
ERR: 无法加载模块:Vod-play-id-83-sid-0-pid-1

[ 2017-06-22T13:12:43+08:00 ] 42.236.99.166 /index.php?m=vod-list-id-4-pg-1-order--by--class-0-year-2006-letter-I-area--lang-.html
INFO: [ app_init ] --START--
INFO: Run Behavior\BuildLiteBehavior [ RunTime:0.000000s ]
INFO: [ app_init ] --END-- [ RunTime:0.000977s ]
ERR: 无法加载模块:Vod-list-id-4-pg-1-order--by--class-0-year-2006-letter-I-area--lang-.html

[ 2017-06-22T13:12:43+08:00 ] 180.153.234.145 /index.php?s=vod-play-id-1227-sid-0-pid-1.html
INFO: [ app_init ] --START--
INFO: Run Behavior\BuildLiteBehavior [ RunTime:0.000000s ]
INFO: [ app_init ] --END-- [ RunTime:0.000976s ]
ERR: 无法加载模块:Vod-play-id-1227-sid-0-pid-1

[ 2017-06-22T13:12:43+08:00 ] 42.236.10.72 /index.php?s=gb-show-id-228.html
INFO: [ app_init ] --START--
INFO: Run Behavior\BuildLiteBehavior [ RunTime:0.000000s ]
INFO: [ app_init ] --END-- [ RunTime:0.000977s ]
ERR: 无法加载模块:Gb-show-id-228

[ 2017-06-22T13:12:43+08:00 ] 42.236.10.112 /index.php?m=vod-play-id-2456-src-1-num-1.html
INFO: [ app_init ] --START--
INFO: Run Behavior\BuildLiteBehavior [ RunTime:0.000000s ]
INFO: [ app_init ] --END-- [ RunTime:0.000977s ]
ERR: 无法加载模块:Vod-play-id-2456-src-1-num-1.html

[ 2017-06-22T13:12:43+08:00 ] 180.153.236.149 /index.php?s=vod-play-id-216-sid-0-pid-1.html
INFO: [ app_init ] --START--
INFO: Run Behavior\BuildLiteBehavior [ RunTime:0.000000s ]
INFO: [ app_init ] --END-- [ RunTime:0.000976s ]
ERR: 无法加载模块:Vod-play-id-216-sid-0-pid-1

[ 2017-06-22T19:20:22+08:00 ] 140.205.225.189 /index.php?m=member&c=index&a=register&siteid=1
INFO: [ app_init ] --START--
INFO: Run Behavior\BuildLiteBehavior [ RunTime:0.000000s ]
INFO: [ app_init ] --END-- [ RunTime:0.000976s ]
ERR: 无法加载模块:Member

[ 2017-06-22T19:20:26+08:00 ] 140.205.225.189 /index.php?m=wap&a=index&siteid=1
INFO: [ app_init ] --START--
INFO: Run Behavior\BuildLiteBehavior [ RunTime:0.000000s ]
INFO: [ app_init ] --END-- [ RunTime:0.000000s ]
ERR: 无法加载模块:Wap

