[ 2017-04-14T02:06:57+08:00 ] 42.236.99.154 /index.php?m=vod-list-id-5-pg-1-order--by--class--year-2000-letter--area--lang-.html
INFO: [ app_init ] --START--
INFO: Run Behavior\BuildLiteBehavior [ RunTime:0.000035s ]
INFO: [ app_init ] --END-- [ RunTime:0.000475s ]
ERR: 无法加载模块:Vod-list-id-5-pg-1-order--by--class--year-2000-letter--area--lang-.html

[ 2017-04-14T02:06:57+08:00 ] 42.236.99.218 /index.php?m=vod-play-id-2071-src-1-num-1.html
INFO: [ app_init ] --START--
INFO: Run Behavior\BuildLiteBehavior [ RunTime:0.000014s ]
INFO: [ app_init ] --END-- [ RunTime:0.000311s ]
ERR: 无法加载模块:Vod-play-id-2071-src-1-num-1.html

[ 2017-04-14T02:06:57+08:00 ] 42.236.99.44 /index.php?s=vod-play-id-1500-sid-0-pid-1.html
INFO: [ app_init ] --START--
INFO: Run Behavior\BuildLiteBehavior [ RunTime:0.000013s ]
INFO: [ app_init ] --END-- [ RunTime:0.000321s ]
ERR: 无法加载模块:Vod-play-id-1500-sid-0-pid-1

[ 2017-04-14T02:06:57+08:00 ] 42.236.99.242 /index.php?m=vod-play-id-1001-src-1-num-1.html
INFO: [ app_init ] --START--
INFO: Run Behavior\BuildLiteBehavior [ RunTime:0.000012s ]
INFO: [ app_init ] --END-- [ RunTime:0.000316s ]
ERR: 无法加载模块:Vod-play-id-1001-src-1-num-1.html

[ 2017-04-14T02:06:58+08:00 ] 42.236.99.2 /index.php?m=vod-play-id-959-src-1-num-1.html
INFO: [ app_init ] --START--
INFO: Run Behavior\BuildLiteBehavior [ RunTime:0.000018s ]
INFO: [ app_init ] --END-- [ RunTime:0.000372s ]
ERR: 无法加载模块:Vod-play-id-959-src-1-num-1.html

[ 2017-04-14T02:06:58+08:00 ] 180.153.236.173 /index.php?m=vod-list-id-1-pg-1-order--by-score-class-2-year-2001-letter--area--lang-.html
INFO: [ app_init ] --START--
INFO: Run Behavior\BuildLiteBehavior [ RunTime:0.000013s ]
INFO: [ app_init ] --END-- [ RunTime:0.000340s ]
ERR: 无法加载模块:Vod-list-id-1-pg-1-order--by-score-class-2-year-2001-letter--area--lang-.html

[ 2017-04-14T02:06:58+08:00 ] 42.236.10.114 /index.php?m=vod-play-id-847-src-1-num-1.html
INFO: [ app_init ] --START--
INFO: Run Behavior\BuildLiteBehavior [ RunTime:0.000012s ]
INFO: [ app_init ] --END-- [ RunTime:0.000284s ]
ERR: 无法加载模块:Vod-play-id-847-src-1-num-1.html

[ 2017-04-14T02:06:58+08:00 ] 42.236.10.81 /index.php?s=vod-play-id-384-sid-0-pid-1.html
INFO: [ app_init ] --START--
INFO: Run Behavior\BuildLiteBehavior [ RunTime:0.000013s ]
INFO: [ app_init ] --END-- [ RunTime:0.000305s ]
ERR: 无法加载模块:Vod-play-id-384-sid-0-pid-1

[ 2017-04-14T02:06:58+08:00 ] 42.236.99.194 /index.php?s=gb-show-id-496.html
INFO: [ app_init ] --START--
INFO: Run Behavior\BuildLiteBehavior [ RunTime:0.000031s ]
INFO: [ app_init ] --END-- [ RunTime:0.000389s ]
ERR: 无法加载模块:Gb-show-id-496

[ 2017-04-14T02:06:58+08:00 ] 42.236.10.79 /index.php?m=vod-search-pg-2-starring-yuanyuan-classid-49.html
INFO: [ app_init ] --START--
INFO: Run Behavior\BuildLiteBehavior [ RunTime:0.000013s ]
INFO: [ app_init ] --END-- [ RunTime:0.000280s ]
ERR: 无法加载模块:Vod-search-pg-2-starring-yuanyuan-classid-49.html

[ 2017-04-14T02:06:58+08:00 ] 42.236.99.142 /index.php?m=vod-play-id-319-src-1-num-1.html
INFO: [ app_init ] --START--
INFO: Run Behavior\BuildLiteBehavior [ RunTime:0.000013s ]
INFO: [ app_init ] --END-- [ RunTime:0.000283s ]
ERR: 无法加载模块:Vod-play-id-319-src-1-num-1.html

[ 2017-04-14T02:06:58+08:00 ] 42.236.10.72 /index.php?s=vod-play-id-466-sid-0-pid-1.html
INFO: [ app_init ] --START--
INFO: Run Behavior\BuildLiteBehavior [ RunTime:0.000013s ]
INFO: [ app_init ] --END-- [ RunTime:0.000313s ]
ERR: 无法加载模块:Vod-play-id-466-sid-0-pid-1

[ 2017-04-14T02:06:58+08:00 ] 180.153.236.149 /index.php?s=vod-play-id-899-sid-0-pid-1.html
INFO: [ app_init ] --START--
INFO: Run Behavior\BuildLiteBehavior [ RunTime:0.000018s ]
INFO: [ app_init ] --END-- [ RunTime:0.000387s ]
ERR: 无法加载模块:Vod-play-id-899-sid-0-pid-1

[ 2017-04-14T02:06:58+08:00 ] 42.236.99.2 /index.php?m=vod-list-id-4-pg-1-order--by--class-0-year-2004-letter-Q-area--lang-.html
INFO: [ app_init ] --START--
INFO: Run Behavior\BuildLiteBehavior [ RunTime:0.000013s ]
INFO: [ app_init ] --END-- [ RunTime:0.000307s ]
ERR: 无法加载模块:Vod-list-id-4-pg-1-order--by--class-0-year-2004-letter-Q-area--lang-.html

[ 2017-04-14T02:06:59+08:00 ] 42.236.99.178 /index.php?m=vod-play-id-859-src-1-num-1.html
INFO: [ app_init ] --START--
INFO: Run Behavior\BuildLiteBehavior [ RunTime:0.000013s ]
INFO: [ app_init ] --END-- [ RunTime:0.000342s ]
ERR: 无法加载模块:Vod-play-id-859-src-1-num-1.html

[ 2017-04-14T02:06:59+08:00 ] 42.236.99.65 /index.php?m=vod-list-id-2-pg-1-order--by--class--year--letter-V-area--lang-.html
INFO: [ app_init ] --START--
INFO: Run Behavior\BuildLiteBehavior [ RunTime:0.000013s ]
INFO: [ app_init ] --END-- [ RunTime:0.000294s ]
ERR: 无法加载模块:Vod-list-id-2-pg-1-order--by--class--year--letter-V-area--lang-.html

[ 2017-04-14T02:06:59+08:00 ] 42.236.10.113 /index.php?s=gb-show-p-4514.html
INFO: [ app_init ] --START--
INFO: Run Behavior\BuildLiteBehavior [ RunTime:0.000015s ]
INFO: [ app_init ] --END-- [ RunTime:0.000338s ]
ERR: 无法加载模块:Gb-show-p-4514

[ 2017-04-14T02:06:59+08:00 ] 42.236.10.102 /index.php?m=vod-play-id-1639-src-1-num-1.html
INFO: [ app_init ] --START--
INFO: Run Behavior\BuildLiteBehavior [ RunTime:0.000012s ]
INFO: [ app_init ] --END-- [ RunTime:0.000263s ]
ERR: 无法加载模块:Vod-play-id-1639-src-1-num-1.html

[ 2017-04-14T02:06:59+08:00 ] 42.236.10.105 /index.php?m=vod-play-id-2377-src-1-num-1.html
INFO: [ app_init ] --START--
INFO: Run Behavior\BuildLiteBehavior [ RunTime:0.000011s ]
INFO: [ app_init ] --END-- [ RunTime:0.000322s ]
ERR: 无法加载模块:Vod-play-id-2377-src-1-num-1.html

[ 2017-04-14T02:06:59+08:00 ] 180.153.236.117 /index.php?m=vod-play-id-1296-src-1-num-1.html
INFO: [ app_init ] --START--
INFO: Run Behavior\BuildLiteBehavior [ RunTime:0.000011s ]
INFO: [ app_init ] --END-- [ RunTime:0.000316s ]
ERR: 无法加载模块:Vod-play-id-1296-src-1-num-1.html

[ 2017-04-14T19:03:48+08:00 ] 180.153.236.149 /index.php?m=vod-play-id-1000-src-1-num-1.html
INFO: [ app_init ] --START--
INFO: Run Behavior\BuildLiteBehavior [ RunTime:0.000020s ]
INFO: [ app_init ] --END-- [ RunTime:0.000404s ]
ERR: 无法加载模块:Vod-play-id-1000-src-1-num-1.html

[ 2017-04-14T19:03:48+08:00 ] 42.236.99.37 /index.php?m=vod-play-id-311-src-1-num-1.html
INFO: [ app_init ] --START--
INFO: Run Behavior\BuildLiteBehavior [ RunTime:0.000015s ]
INFO: [ app_init ] --END-- [ RunTime:0.000313s ]
ERR: 无法加载模块:Vod-play-id-311-src-1-num-1.html

[ 2017-04-14T19:03:48+08:00 ] 42.236.10.79 /index.php?m=vod-play-id-2379-src-1-num-1.html
INFO: [ app_init ] --START--
INFO: Run Behavior\BuildLiteBehavior [ RunTime:0.000015s ]
INFO: [ app_init ] --END-- [ RunTime:0.000325s ]
ERR: 无法加载模块:Vod-play-id-2379-src-1-num-1.html

[ 2017-04-14T19:03:48+08:00 ] 42.236.99.44 /index.php?m=vod-play-id-1604-src-1-num-1.html
INFO: [ app_init ] --START--
INFO: Run Behavior\BuildLiteBehavior [ RunTime:0.000013s ]
INFO: [ app_init ] --END-- [ RunTime:0.000292s ]
ERR: 无法加载模块:Vod-play-id-1604-src-1-num-1.html

[ 2017-04-14T19:03:48+08:00 ] 42.236.10.78 /index.php?m=vod-play-id-69-src-1-num-1.html
INFO: [ app_init ] --START--
INFO: Run Behavior\BuildLiteBehavior [ RunTime:0.000016s ]
INFO: [ app_init ] --END-- [ RunTime:0.002100s ]
ERR: 无法加载模块:Vod-play-id-69-src-1-num-1.html

[ 2017-04-14T19:03:49+08:00 ] 42.236.10.114 /index.php?m=vod-play-id-8-src-1-num-1.html
INFO: [ app_init ] --START--
INFO: Run Behavior\BuildLiteBehavior [ RunTime:0.000016s ]
INFO: [ app_init ] --END-- [ RunTime:0.000363s ]
ERR: 无法加载模块:Vod-play-id-8-src-1-num-1.html

[ 2017-04-14T19:03:49+08:00 ] 42.236.99.194 /index.php?s=gb-show-p-531.html
INFO: [ app_init ] --START--
INFO: Run Behavior\BuildLiteBehavior [ RunTime:0.000012s ]
INFO: [ app_init ] --END-- [ RunTime:0.000305s ]
ERR: 无法加载模块:Gb-show-p-531

[ 2017-04-14T19:03:49+08:00 ] 42.236.10.83 /index.php?m=vod-play-id-128-src-1-num-1.html
INFO: [ app_init ] --START--
INFO: Run Behavior\BuildLiteBehavior [ RunTime:0.000012s ]
INFO: [ app_init ] --END-- [ RunTime:0.000296s ]
ERR: 无法加载模块:Vod-play-id-128-src-1-num-1.html

[ 2017-04-14T19:03:49+08:00 ] 42.236.99.44 /index.php?m=vod-list-id-2-pg-1-order--by--class--year--letter-J-area--lang-.html
INFO: [ app_init ] --START--
INFO: Run Behavior\BuildLiteBehavior [ RunTime:0.000013s ]
INFO: [ app_init ] --END-- [ RunTime:0.000336s ]
ERR: 无法加载模块:Vod-list-id-2-pg-1-order--by--class--year--letter-J-area--lang-.html

[ 2017-04-14T19:03:49+08:00 ] 42.236.10.80 /index.php?m=vod-play-id-967-src-1-num-1.html
INFO: [ app_init ] --START--
INFO: Run Behavior\BuildLiteBehavior [ RunTime:0.000014s ]
INFO: [ app_init ] --END-- [ RunTime:0.000273s ]
ERR: 无法加载模块:Vod-play-id-967-src-1-num-1.html

[ 2017-04-14T19:03:49+08:00 ] 42.236.99.51 /index.php?s=vod-play-id-1535-sid-0-pid-1.html
INFO: [ app_init ] --START--
INFO: Run Behavior\BuildLiteBehavior [ RunTime:0.000014s ]
INFO: [ app_init ] --END-- [ RunTime:0.000263s ]
ERR: 无法加载模块:Vod-play-id-1535-sid-0-pid-1

[ 2017-04-14T19:03:49+08:00 ] 42.236.10.81 /index.php?m=vod-list-id-1-pg-1-order--by-score-class-3-year-2001-letter--area--lang-.html
INFO: [ app_init ] --START--
INFO: Run Behavior\BuildLiteBehavior [ RunTime:0.000019s ]
INFO: [ app_init ] --END-- [ RunTime:0.000448s ]
ERR: 无法加载模块:Vod-list-id-1-pg-1-order--by-score-class-3-year-2001-letter--area--lang-.html

[ 2017-04-14T19:03:49+08:00 ] 42.236.99.16 /index.php?m=vod-list-id-4-pg-1-order--by--class-0-year-2004-letter-Q-area-%E5%8D%B0%E5%BA%A6-lang-.html
INFO: [ app_init ] --START--
INFO: Run Behavior\BuildLiteBehavior [ RunTime:0.000060s ]
INFO: [ app_init ] --END-- [ RunTime:0.000370s ]
ERR: 无法加载模块:Vod-list-id-4-pg-1-order--by--class-0-year-2004-letter-Q-area-印度-lang-.html

[ 2017-04-14T19:03:49+08:00 ] 42.236.99.37 /index.php?m=vod-list-id-5-pg-1-order--by--class--year--letter-W-area--lang-.html
INFO: [ app_init ] --START--
INFO: Run Behavior\BuildLiteBehavior [ RunTime:0.000020s ]
INFO: [ app_init ] --END-- [ RunTime:0.000506s ]
ERR: 无法加载模块:Vod-list-id-5-pg-1-order--by--class--year--letter-W-area--lang-.html

[ 2017-04-14T19:03:50+08:00 ] 42.236.10.84 /index.php?m=vod-list-id-2-pg-1-order--by--class--year--letter-U-area--lang-.html
INFO: [ app_init ] --START--
INFO: Run Behavior\BuildLiteBehavior [ RunTime:0.000014s ]
INFO: [ app_init ] --END-- [ RunTime:0.000325s ]
ERR: 无法加载模块:Vod-list-id-2-pg-1-order--by--class--year--letter-U-area--lang-.html

[ 2017-04-14T19:03:50+08:00 ] 42.236.99.51 /index.php?s=vod-play-id-936-sid-0-pid-1.html
INFO: [ app_init ] --START--
INFO: Run Behavior\BuildLiteBehavior [ RunTime:0.000013s ]
INFO: [ app_init ] --END-- [ RunTime:0.000259s ]
ERR: 无法加载模块:Vod-play-id-936-sid-0-pid-1

[ 2017-04-14T19:03:50+08:00 ] 42.236.99.72 /index.php?m=vod-play-id-2050-src-1-num-1.html
INFO: [ app_init ] --START--
INFO: Run Behavior\BuildLiteBehavior [ RunTime:0.000012s ]
INFO: [ app_init ] --END-- [ RunTime:0.000317s ]
ERR: 无法加载模块:Vod-play-id-2050-src-1-num-1.html

[ 2017-04-14T19:03:50+08:00 ] 42.236.99.206 /index.php?s=gb-show-id-506.html
INFO: [ app_init ] --START--
INFO: Run Behavior\BuildLiteBehavior [ RunTime:0.000018s ]
INFO: [ app_init ] --END-- [ RunTime:0.000456s ]
ERR: 无法加载模块:Gb-show-id-506

[ 2017-04-14T19:03:50+08:00 ] 42.236.99.230 /index.php?s=vod-play-id-405-sid-0-pid-1.html
INFO: [ app_init ] --START--
INFO: Run Behavior\BuildLiteBehavior [ RunTime:0.000019s ]
INFO: [ app_init ] --END-- [ RunTime:0.000353s ]
ERR: 无法加载模块:Vod-play-id-405-sid-0-pid-1

[ 2017-04-14T19:03:50+08:00 ] 180.153.236.173 /index.php?m=vod-play-id-2063-src-1-num-1.html
INFO: [ app_init ] --START--
INFO: Run Behavior\BuildLiteBehavior [ RunTime:0.000013s ]
INFO: [ app_init ] --END-- [ RunTime:0.000287s ]
ERR: 无法加载模块:Vod-play-id-2063-src-1-num-1.html

[ 2017-04-14T19:03:50+08:00 ] 42.236.10.84 /index.php?m=vod-list-id-7-pg-1-order--by-time-class--year--letter--area--lang-.html
INFO: [ app_init ] --START--
INFO: Run Behavior\BuildLiteBehavior [ RunTime:0.000015s ]
INFO: [ app_init ] --END-- [ RunTime:0.000341s ]
ERR: 无法加载模块:Vod-list-id-7-pg-1-order--by-time-class--year--letter--area--lang-.html

[ 2017-04-14T19:03:51+08:00 ] 42.236.99.206 /index.php?s=vod-play-id-463-sid-0-pid-1.html
INFO: [ app_init ] --START--
INFO: Run Behavior\BuildLiteBehavior [ RunTime:0.000017s ]
INFO: [ app_init ] --END-- [ RunTime:0.000314s ]
ERR: 无法加载模块:Vod-play-id-463-sid-0-pid-1

[ 2017-04-14T19:03:51+08:00 ] 42.236.10.111 /index.php?m=vod-search-pg-2-starring-yuanyuan-classid-5.html
INFO: [ app_init ] --START--
INFO: Run Behavior\BuildLiteBehavior [ RunTime:0.000018s ]
INFO: [ app_init ] --END-- [ RunTime:0.000312s ]
ERR: 无法加载模块:Vod-search-pg-2-starring-yuanyuan-classid-5.html

[ 2017-04-14T19:03:52+08:00 ] 42.236.10.80 /index.php?m=vod-list-id-5-pg-6-order--by-score-class-0-year-0-letter--area--lang-.html
INFO: [ app_init ] --START--
INFO: Run Behavior\BuildLiteBehavior [ RunTime:0.000013s ]
INFO: [ app_init ] --END-- [ RunTime:0.000261s ]
ERR: 无法加载模块:Vod-list-id-5-pg-6-order--by-score-class-0-year-0-letter--area--lang-.html

[ 2017-04-14T19:03:53+08:00 ] 42.236.99.51 /index.php?m=vod-play-id-314-src-1-num-1.html
INFO: [ app_init ] --START--
INFO: Run Behavior\BuildLiteBehavior [ RunTime:0.000014s ]
INFO: [ app_init ] --END-- [ RunTime:0.000334s ]
ERR: 无法加载模块:Vod-play-id-314-src-1-num-1.html

[ 2017-04-14T19:03:54+08:00 ] 42.236.10.82 /index.php?m=vod-play-id-2070-src-1-num-1.html
INFO: [ app_init ] --START--
INFO: Run Behavior\BuildLiteBehavior [ RunTime:0.000018s ]
INFO: [ app_init ] --END-- [ RunTime:0.000368s ]
ERR: 无法加载模块:Vod-play-id-2070-src-1-num-1.html

