[ 2017-05-25T05:43:17+08:00 ] 140.205.201.46 /index.php?m=wap&a=index&siteid=1
INFO: [ app_init ] --START--
INFO: Run Behavior\BuildLiteBehavior [ RunTime:0.000976s ]
INFO: [ app_init ] --END-- [ RunTime:0.000976s ]
ERR: 无法加载模块:Wap

[ 2017-05-25T05:43:20+08:00 ] 140.205.201.46 /index.php?m=member&c=index&a=register&siteid=1
INFO: [ app_init ] --START--
INFO: Run Behavior\BuildLiteBehavior [ RunTime:0.000000s ]
INFO: [ app_init ] --END-- [ RunTime:0.000977s ]
ERR: 无法加载模块:Member

[ 2017-05-25T06:09:04+08:00 ] 42.236.99.142 /index.php?m=vod-list-id-4-pg-1-order--by--class-0-year-2005-letter-H-area--lang-.html
INFO: [ app_init ] --START--
INFO: Run Behavior\BuildLiteBehavior [ RunTime:0.000000s ]
INFO: [ app_init ] --END-- [ RunTime:0.000977s ]
ERR: 无法加载模块:Vod-list-id-4-pg-1-order--by--class-0-year-2005-letter-H-area--lang-.html

[ 2017-05-25T06:09:04+08:00 ] 42.236.99.206 /index.php?s=vod-play-id-82-sid-0-pid-1.html
INFO: [ app_init ] --START--
INFO: Run Behavior\BuildLiteBehavior [ RunTime:0.000000s ]
INFO: [ app_init ] --END-- [ RunTime:0.000977s ]
ERR: 无法加载模块:Vod-play-id-82-sid-0-pid-1

[ 2017-05-25T06:09:04+08:00 ] 42.236.99.9 /index.php?m=vod-play-id-241-src-1-num-1.html
INFO: [ app_init ] --START--
INFO: Run Behavior\BuildLiteBehavior [ RunTime:0.000000s ]
INFO: [ app_init ] --END-- [ RunTime:0.000976s ]
ERR: 无法加载模块:Vod-play-id-241-src-1-num-1.html

[ 2017-05-25T06:09:04+08:00 ] 42.236.99.218 /index.php?s=vod-play-id-1391-sid-0-pid-1.html
INFO: [ app_init ] --START--
INFO: Run Behavior\BuildLiteBehavior [ RunTime:0.000000s ]
INFO: [ app_init ] --END-- [ RunTime:0.000000s ]
ERR: 无法加载模块:Vod-play-id-1391-sid-0-pid-1

[ 2017-05-25T06:09:04+08:00 ] 42.236.99.9 /index.php?m=vod-play-id-2004-src-1-num-1.html
INFO: [ app_init ] --START--
INFO: Run Behavior\BuildLiteBehavior [ RunTime:0.000000s ]
INFO: [ app_init ] --END-- [ RunTime:0.000977s ]
ERR: 无法加载模块:Vod-play-id-2004-src-1-num-1.html

[ 2017-05-25T06:09:04+08:00 ] 180.153.236.35 /index.php?m=vod-play-id-1979-src-1-num-1.html
INFO: [ app_init ] --START--
INFO: Run Behavior\BuildLiteBehavior [ RunTime:0.000000s ]
INFO: [ app_init ] --END-- [ RunTime:0.000976s ]
ERR: 无法加载模块:Vod-play-id-1979-src-1-num-1.html

[ 2017-05-25T06:09:04+08:00 ] 180.153.236.133 /index.php?m=vod-search-pg-2-starring-yuanyuan-letter-B.html
INFO: [ app_init ] --START--
INFO: Run Behavior\BuildLiteBehavior [ RunTime:0.000000s ]
INFO: [ app_init ] --END-- [ RunTime:0.000000s ]
ERR: 无法加载模块:Vod-search-pg-2-starring-yuanyuan-letter-B.html

[ 2017-05-25T06:09:04+08:00 ] 42.236.10.115 /index.php?s=gb-show-id-1697.html
INFO: [ app_init ] --START--
INFO: Run Behavior\BuildLiteBehavior [ RunTime:0.000000s ]
INFO: [ app_init ] --END-- [ RunTime:0.000976s ]
ERR: 无法加载模块:Gb-show-id-1697

[ 2017-05-25T06:09:04+08:00 ] 42.236.10.110 /index.php?m=vod-play-id-1719-src-1-num-1.html
INFO: [ app_init ] --START--
INFO: Run Behavior\BuildLiteBehavior [ RunTime:0.000000s ]
INFO: [ app_init ] --END-- [ RunTime:0.000000s ]
ERR: 无法加载模块:Vod-play-id-1719-src-1-num-1.html

[ 2017-05-25T06:09:04+08:00 ] 42.236.10.85 /index.php?m=vod-play-id-97-src-1-num-1.html
INFO: [ app_init ] --START--
INFO: Run Behavior\BuildLiteBehavior [ RunTime:0.000000s ]
INFO: [ app_init ] --END-- [ RunTime:0.000000s ]
ERR: 无法加载模块:Vod-play-id-97-src-1-num-1.html

[ 2017-05-25T06:09:04+08:00 ] 180.153.236.109 /index.php?m=vod-play-id-1156-src-1-num-1.html
INFO: [ app_init ] --START--
INFO: Run Behavior\BuildLiteBehavior [ RunTime:0.000000s ]
INFO: [ app_init ] --END-- [ RunTime:0.000977s ]
ERR: 无法加载模块:Vod-play-id-1156-src-1-num-1.html

[ 2017-05-25T06:09:05+08:00 ] 42.236.101.234 /index.php?m=vod-play-id-2267-src-1-num-1.html
INFO: [ app_init ] --START--
INFO: Run Behavior\BuildLiteBehavior [ RunTime:0.000000s ]
INFO: [ app_init ] --END-- [ RunTime:0.000000s ]
ERR: 无法加载模块:Vod-play-id-2267-src-1-num-1.html

[ 2017-05-25T06:09:05+08:00 ] 42.236.10.80 /index.php?m=vod-list-id-7-pg-1-order--by--class--year--letter-K-area--lang-.html
INFO: [ app_init ] --START--
INFO: Run Behavior\BuildLiteBehavior [ RunTime:0.000000s ]
INFO: [ app_init ] --END-- [ RunTime:0.000977s ]
ERR: 无法加载模块:Vod-list-id-7-pg-1-order--by--class--year--letter-K-area--lang-.html

[ 2017-05-25T06:09:05+08:00 ] 42.236.99.30 /index.php?m=vod-play-id-537-src-1-num-1.html
INFO: [ app_init ] --START--
INFO: Run Behavior\BuildLiteBehavior [ RunTime:0.000000s ]
INFO: [ app_init ] --END-- [ RunTime:0.000000s ]
ERR: 无法加载模块:Vod-play-id-537-src-1-num-1.html

[ 2017-05-25T06:09:05+08:00 ] 42.236.99.30 /index.php?m=vod-play-id-609-src-1-num-1.html
INFO: [ app_init ] --START--
INFO: Run Behavior\BuildLiteBehavior [ RunTime:0.000000s ]
INFO: [ app_init ] --END-- [ RunTime:0.000976s ]
ERR: 无法加载模块:Vod-play-id-609-src-1-num-1.html

[ 2017-05-25T06:09:05+08:00 ] 42.236.99.58 /index.php?m=vod-play-id-1496-src-1-num-1.html
INFO: [ app_init ] --START--
INFO: Run Behavior\BuildLiteBehavior [ RunTime:0.000000s ]
INFO: [ app_init ] --END-- [ RunTime:0.000000s ]
ERR: 无法加载模块:Vod-play-id-1496-src-1-num-1.html

[ 2017-05-25T06:09:05+08:00 ] 42.236.103.86 /index.php?s=vod-play-id-300-sid-0-pid-1.html
INFO: [ app_init ] --START--
INFO: Run Behavior\BuildLiteBehavior [ RunTime:0.000000s ]
INFO: [ app_init ] --END-- [ RunTime:0.000000s ]
ERR: 无法加载模块:Vod-play-id-300-sid-0-pid-1

[ 2017-05-25T06:09:05+08:00 ] 42.236.10.81 /index.php?m=vod-search-pg-2-starring-yuanyuan-letter-G.html
INFO: [ app_init ] --START--
INFO: Run Behavior\BuildLiteBehavior [ RunTime:0.000000s ]
INFO: [ app_init ] --END-- [ RunTime:0.000977s ]
ERR: 无法加载模块:Vod-search-pg-2-starring-yuanyuan-letter-G.html

[ 2017-05-25T06:09:09+08:00 ] 180.153.234.145 /index.php?m=vod-play-id-906-src-1-num-1.html
INFO: [ app_init ] --START--
INFO: Run Behavior\BuildLiteBehavior [ RunTime:0.000000s ]
INFO: [ app_init ] --END-- [ RunTime:0.000976s ]
ERR: 无法加载模块:Vod-play-id-906-src-1-num-1.html

[ 2017-05-25T21:00:46+08:00 ] 140.205.225.194 /index.php?m=member&c=index&a=register&siteid=1
INFO: [ app_init ] --START--
INFO: Run Behavior\BuildLiteBehavior [ RunTime:0.000000s ]
INFO: [ app_init ] --END-- [ RunTime:0.000976s ]
ERR: 无法加载模块:Member

[ 2017-05-25T21:00:47+08:00 ] 140.205.225.194 /index.php?m=wap&a=index&siteid=1
INFO: [ app_init ] --START--
INFO: Run Behavior\BuildLiteBehavior [ RunTime:0.000000s ]
INFO: [ app_init ] --END-- [ RunTime:0.000000s ]
ERR: 无法加载模块:Wap

[ 2017-05-25T23:01:07+08:00 ] 66.249.75.20 /index.php?m=vod-search-pg-1-starring-yuanyuan-letter-H.html
INFO: [ app_init ] --START--
INFO: Run Behavior\BuildLiteBehavior [ RunTime:0.000000s ]
INFO: [ app_init ] --END-- [ RunTime:0.000976s ]
ERR: 无法加载模块:Vod-search-pg-1-starring-yuanyuan-letter-H.html

