[ 2017-07-12T04:56:08+08:00 ] 42.236.10.78 /index.php?s=vod-play-id-1151-sid-0-pid-1.html
INFO: [ app_init ] --START--
INFO: Run Behavior\BuildLiteBehavior [ RunTime:0.000000s ]
INFO: [ app_init ] --END-- [ RunTime:0.000976s ]
ERR: 无法加载模块:Vod-play-id-1151-sid-0-pid-1

[ 2017-07-12T04:56:08+08:00 ] 42.236.10.111 /index.php?s=gb-show-id-1598.html
INFO: [ app_init ] --START--
INFO: Run Behavior\BuildLiteBehavior [ RunTime:0.000000s ]
INFO: [ app_init ] --END-- [ RunTime:0.000977s ]
ERR: 无法加载模块:Gb-show-id-1598

[ 2017-07-12T04:56:08+08:00 ] 42.236.54.22 /index.php?s=vod-play-id-998-sid-0-pid-1.html
INFO: [ app_init ] --START--
INFO: Run Behavior\BuildLiteBehavior [ RunTime:0.000000s ]
INFO: [ app_init ] --END-- [ RunTime:0.000977s ]
ERR: 无法加载模块:Vod-play-id-998-sid-0-pid-1

[ 2017-07-12T04:56:08+08:00 ] 42.236.99.206 /index.php?s=vod-play-id-808-sid-0-pid-1.html
INFO: [ app_init ] --START--
INFO: Run Behavior\BuildLiteBehavior [ RunTime:0.000000s ]
INFO: [ app_init ] --END-- [ RunTime:0.000977s ]
ERR: 无法加载模块:Vod-play-id-808-sid-0-pid-1

[ 2017-07-12T04:56:09+08:00 ] 42.236.99.23 /index.php?s=gb-show-id-1459.html
INFO: [ app_init ] --START--
INFO: Run Behavior\BuildLiteBehavior [ RunTime:0.000000s ]
INFO: [ app_init ] --END-- [ RunTime:0.000976s ]
ERR: 无法加载模块:Gb-show-id-1459

[ 2017-07-12T04:56:09+08:00 ] 42.236.99.72 /index.php?s=vod-play-id-593-sid-0-pid-1.html
INFO: [ app_init ] --START--
INFO: Run Behavior\BuildLiteBehavior [ RunTime:0.000000s ]
INFO: [ app_init ] --END-- [ RunTime:0.000977s ]
ERR: 无法加载模块:Vod-play-id-593-sid-0-pid-1

[ 2017-07-12T04:56:09+08:00 ] 42.236.10.81 /index.php?s=gb-show-id-23.html
INFO: [ app_init ] --START--
INFO: Run Behavior\BuildLiteBehavior [ RunTime:0.000000s ]
INFO: [ app_init ] --END-- [ RunTime:0.000976s ]
ERR: 无法加载模块:Gb-show-id-23

[ 2017-07-12T04:56:09+08:00 ] 42.236.103.106 /index.php?s=gb-show-p-113.html
INFO: [ app_init ] --START--
INFO: Run Behavior\BuildLiteBehavior [ RunTime:0.000000s ]
INFO: [ app_init ] --END-- [ RunTime:0.000000s ]
ERR: 无法加载模块:Gb-show-p-113

[ 2017-07-12T04:56:09+08:00 ] 42.236.103.106 /index.php?m=vod-play-id-174-src-1-num-1.html
INFO: [ app_init ] --START--
INFO: Run Behavior\BuildLiteBehavior [ RunTime:0.000000s ]
INFO: [ app_init ] --END-- [ RunTime:0.000977s ]
ERR: 无法加载模块:Vod-play-id-174-src-1-num-1.html

[ 2017-07-12T04:56:09+08:00 ] 42.236.99.178 /index.php?s=gb-show-id-659.html
INFO: [ app_init ] --START--
INFO: Run Behavior\BuildLiteBehavior [ RunTime:0.000000s ]
INFO: [ app_init ] --END-- [ RunTime:0.000000s ]
ERR: 无法加载模块:Gb-show-id-659

[ 2017-07-12T04:56:09+08:00 ] 42.236.54.22 /index.php?m=vod-list-id-1-pg-1-order--by--class--year-2003-letter--area--lang-.html
INFO: [ app_init ] --START--
INFO: Run Behavior\BuildLiteBehavior [ RunTime:0.000000s ]
INFO: [ app_init ] --END-- [ RunTime:0.000976s ]
ERR: 无法加载模块:Vod-list-id-1-pg-1-order--by--class--year-2003-letter--area--lang-.html

[ 2017-07-12T04:56:09+08:00 ] 42.236.103.106 /index.php?m=vod-play-id-359-src-1-num-1.html
INFO: [ app_init ] --START--
INFO: Run Behavior\BuildLiteBehavior [ RunTime:0.000000s ]
INFO: [ app_init ] --END-- [ RunTime:0.000977s ]
ERR: 无法加载模块:Vod-play-id-359-src-1-num-1.html

[ 2017-07-12T04:56:28+08:00 ] 180.153.236.125 /index.php?m=vod-list-id-2-pg-1-order--by--class-17-year-0-letter-B-area--lang-.html
INFO: [ app_init ] --START--
INFO: Run Behavior\BuildLiteBehavior [ RunTime:0.000000s ]
INFO: [ app_init ] --END-- [ RunTime:0.000976s ]
ERR: 无法加载模块:Vod-list-id-2-pg-1-order--by--class-17-year-0-letter-B-area--lang-.html

[ 2017-07-12T04:56:36+08:00 ] 180.153.236.181 /index.php?m=vod-search-pg-238-starring-yuanyuan-classid-33.html
INFO: [ app_init ] --START--
INFO: Run Behavior\BuildLiteBehavior [ RunTime:0.000000s ]
INFO: [ app_init ] --END-- [ RunTime:0.000000s ]
ERR: 无法加载模块:Vod-search-pg-238-starring-yuanyuan-classid-33.html

