[ 2017-04-03T02:06:58+08:00 ] 213.32.91.60 /index.php?m=vod-list-id-0-pg-1-order--by--class-0-year-0-letter--area-%E4%BF%84%E7%BD%97%E6%96%AF-lang-.html
INFO: [ app_init ] --START--
INFO: Run Behavior\BuildLiteBehavior [ RunTime:0.000025s ]
INFO: [ app_init ] --END-- [ RunTime:0.000389s ]
ERR: 无法加载模块:Vod-list-id-0-pg-1-order--by--class-0-year-0-letter--area-俄罗斯-lang-.html

[ 2017-04-03T03:31:16+08:00 ] 66.249.64.191 /index.php?s=gb-show-p-2561.html
INFO: [ app_init ] --START--
INFO: Run Behavior\BuildLiteBehavior [ RunTime:0.000019s ]
INFO: [ app_init ] --END-- [ RunTime:0.000365s ]
ERR: 无法加载模块:Gb-show-p-2561

[ 2017-04-03T03:56:35+08:00 ] 66.249.64.130 /index.php?s=gb-show-p-790.html
INFO: [ app_init ] --START--
INFO: Run Behavior\BuildLiteBehavior [ RunTime:0.000020s ]
INFO: [ app_init ] --END-- [ RunTime:0.000376s ]
ERR: 无法加载模块:Gb-show-p-790

[ 2017-04-03T04:37:14+08:00 ] 66.249.64.130 /index.php?s=gb-show-p-3307.html
INFO: [ app_init ] --START--
INFO: Run Behavior\BuildLiteBehavior [ RunTime:0.000019s ]
INFO: [ app_init ] --END-- [ RunTime:0.000420s ]
ERR: 无法加载模块:Gb-show-p-3307

[ 2017-04-03T04:42:14+08:00 ] 66.249.64.130 /index.php?s=gb-show-p-5668.html
INFO: [ app_init ] --START--
INFO: Run Behavior\BuildLiteBehavior [ RunTime:0.000012s ]
INFO: [ app_init ] --END-- [ RunTime:0.000310s ]
ERR: 无法加载模块:Gb-show-p-5668

[ 2017-04-03T04:42:18+08:00 ] 42.236.99.37 /index.php?m=vod-search-pg-235-starring-yuanyuan.html
INFO: [ app_init ] --START--
INFO: Run Behavior\BuildLiteBehavior [ RunTime:0.000015s ]
INFO: [ app_init ] --END-- [ RunTime:0.000330s ]
ERR: 无法加载模块:Vod-search-pg-235-starring-yuanyuan.html

[ 2017-04-03T04:42:18+08:00 ] 42.236.10.80 /index.php?m=vod-play-id-2041-src-1-num-1.html
INFO: [ app_init ] --START--
INFO: Run Behavior\BuildLiteBehavior [ RunTime:0.000013s ]
INFO: [ app_init ] --END-- [ RunTime:0.000368s ]
ERR: 无法加载模块:Vod-play-id-2041-src-1-num-1.html

[ 2017-04-03T04:42:18+08:00 ] 42.236.10.115 /index.php?s=vod-play-id-153-sid-0-pid-1.html
INFO: [ app_init ] --START--
INFO: Run Behavior\BuildLiteBehavior [ RunTime:0.000011s ]
INFO: [ app_init ] --END-- [ RunTime:0.000332s ]
ERR: 无法加载模块:Vod-play-id-153-sid-0-pid-1

[ 2017-04-03T04:42:18+08:00 ] 42.236.99.194 /index.php?m=vod-play-id-1585-src-1-num-1.html
INFO: [ app_init ] --START--
INFO: Run Behavior\BuildLiteBehavior [ RunTime:0.000019s ]
INFO: [ app_init ] --END-- [ RunTime:0.000498s ]
ERR: 无法加载模块:Vod-play-id-1585-src-1-num-1.html

[ 2017-04-03T04:42:18+08:00 ] 42.236.99.130 /index.php?m=vod-play-id-661-src-1-num-1.html
INFO: [ app_init ] --START--
INFO: Run Behavior\BuildLiteBehavior [ RunTime:0.000013s ]
INFO: [ app_init ] --END-- [ RunTime:0.000327s ]
ERR: 无法加载模块:Vod-play-id-661-src-1-num-1.html

[ 2017-04-03T04:42:19+08:00 ] 42.236.99.72 /index.php?s=vod-play-id-401-sid-0-pid-1.html
INFO: [ app_init ] --START--
INFO: Run Behavior\BuildLiteBehavior [ RunTime:0.000013s ]
INFO: [ app_init ] --END-- [ RunTime:0.000299s ]
ERR: 无法加载模块:Vod-play-id-401-sid-0-pid-1

[ 2017-04-03T04:42:19+08:00 ] 180.153.236.165 /index.php?s=gb-show-id-531.html
INFO: [ app_init ] --START--
INFO: Run Behavior\BuildLiteBehavior [ RunTime:0.000015s ]
INFO: [ app_init ] --END-- [ RunTime:0.000318s ]
ERR: 无法加载模块:Gb-show-id-531

[ 2017-04-03T04:42:19+08:00 ] 42.236.10.112 /index.php?m=vod-play-id-289-src-1-num-1.html
INFO: [ app_init ] --START--
INFO: Run Behavior\BuildLiteBehavior [ RunTime:0.000011s ]
INFO: [ app_init ] --END-- [ RunTime:0.000321s ]
ERR: 无法加载模块:Vod-play-id-289-src-1-num-1.html

[ 2017-04-03T04:42:19+08:00 ] 42.236.99.72 /index.php?m=vod-play-id-2062-src-1-num-1.html
INFO: [ app_init ] --START--
INFO: Run Behavior\BuildLiteBehavior [ RunTime:0.000014s ]
INFO: [ app_init ] --END-- [ RunTime:0.000293s ]
ERR: 无法加载模块:Vod-play-id-2062-src-1-num-1.html

[ 2017-04-03T04:42:19+08:00 ] 42.236.10.83 /index.php?m=vod-list-id-2-pg-1-order--by--class--year--letter-N-area--lang-.html
INFO: [ app_init ] --START--
INFO: Run Behavior\BuildLiteBehavior [ RunTime:0.000015s ]
INFO: [ app_init ] --END-- [ RunTime:0.000317s ]
ERR: 无法加载模块:Vod-list-id-2-pg-1-order--by--class--year--letter-N-area--lang-.html

[ 2017-04-03T04:42:19+08:00 ] 42.236.10.106 /index.php?s=vod-play-id-920-sid-0-pid-1.html
INFO: [ app_init ] --START--
INFO: Run Behavior\BuildLiteBehavior [ RunTime:0.000013s ]
INFO: [ app_init ] --END-- [ RunTime:0.000271s ]
ERR: 无法加载模块:Vod-play-id-920-sid-0-pid-1

[ 2017-04-03T04:42:19+08:00 ] 180.153.236.117 /index.php?m=vod-list-id-5-pg-1-order--by--class--year--letter-O-area--lang-.html
INFO: [ app_init ] --START--
INFO: Run Behavior\BuildLiteBehavior [ RunTime:0.000040s ]
INFO: [ app_init ] --END-- [ RunTime:0.000413s ]
ERR: 无法加载模块:Vod-list-id-5-pg-1-order--by--class--year--letter-O-area--lang-.html

[ 2017-04-03T04:42:20+08:00 ] 42.236.10.78 /index.php?m=vod-search-pg-2-starring-yuanyuan-classid-45.html
INFO: [ app_init ] --START--
INFO: Run Behavior\BuildLiteBehavior [ RunTime:0.000014s ]
INFO: [ app_init ] --END-- [ RunTime:0.000289s ]
ERR: 无法加载模块:Vod-search-pg-2-starring-yuanyuan-classid-45.html

[ 2017-04-03T04:42:20+08:00 ] 42.236.99.37 /index.php?m=vod-list-id-7-pg-1-order--by--class-0-year-0-letter-T-area-%E6%96%B0%E5%8A%A0%E5%9D%A1-lang-.html
INFO: [ app_init ] --START--
INFO: Run Behavior\BuildLiteBehavior [ RunTime:0.000013s ]
INFO: [ app_init ] --END-- [ RunTime:0.000287s ]
ERR: 无法加载模块:Vod-list-id-7-pg-1-order--by--class-0-year-0-letter-T-area-新加坡-lang-.html

[ 2017-04-03T04:42:20+08:00 ] 42.236.10.105 /index.php?m=vod-play-id-122-src-1-num-1.html
INFO: [ app_init ] --START--
INFO: Run Behavior\BuildLiteBehavior [ RunTime:0.000027s ]
INFO: [ app_init ] --END-- [ RunTime:0.000331s ]
ERR: 无法加载模块:Vod-play-id-122-src-1-num-1.html

[ 2017-04-03T04:42:20+08:00 ] 42.236.99.79 /index.php?m=vod-list-id-1-pg-1-order--by-score-class-11-year-2003-letter--area--lang-.html
INFO: [ app_init ] --START--
INFO: Run Behavior\BuildLiteBehavior [ RunTime:0.000015s ]
INFO: [ app_init ] --END-- [ RunTime:0.000368s ]
ERR: 无法加载模块:Vod-list-id-1-pg-1-order--by-score-class-11-year-2003-letter--area--lang-.html

[ 2017-04-03T04:42:20+08:00 ] 42.236.10.105 /index.php?m=vod-play-id-1449-src-1-num-1.html
INFO: [ app_init ] --START--
INFO: Run Behavior\BuildLiteBehavior [ RunTime:0.000028s ]
INFO: [ app_init ] --END-- [ RunTime:0.000371s ]
ERR: 无法加载模块:Vod-play-id-1449-src-1-num-1.html

[ 2017-04-03T04:42:21+08:00 ] 42.236.99.16 /index.php?s=vod-play-id-64-sid-0-pid-1.html
INFO: [ app_init ] --START--
INFO: Run Behavior\BuildLiteBehavior [ RunTime:0.000012s ]
INFO: [ app_init ] --END-- [ RunTime:0.000329s ]
ERR: 无法加载模块:Vod-play-id-64-sid-0-pid-1

[ 2017-04-03T04:42:21+08:00 ] 42.236.10.79 /index.php?m=vod-list-id-5-pg-1-order--by--class-0-year-0-letter-A-area-%E5%8A%A0%E6%8B%BF%E5%A4%A7-lang-.html
INFO: [ app_init ] --START--
INFO: Run Behavior\BuildLiteBehavior [ RunTime:0.000012s ]
INFO: [ app_init ] --END-- [ RunTime:0.000307s ]
ERR: 无法加载模块:Vod-list-id-5-pg-1-order--by--class-0-year-0-letter-A-area-加拿大-lang-.html

[ 2017-04-03T04:42:21+08:00 ] 180.153.236.173 /index.php?m=vod-list-id-5-pg-5-order--by--class-0-year-0-letter--area-%E5%A4%A7%E9%99%86-lang-.html
INFO: [ app_init ] --START--
INFO: Run Behavior\BuildLiteBehavior [ RunTime:0.000023s ]
INFO: [ app_init ] --END-- [ RunTime:0.000302s ]
ERR: 无法加载模块:Vod-list-id-5-pg-5-order--by--class-0-year-0-letter--area-大陆-lang-.html

[ 2017-04-03T04:42:21+08:00 ] 42.236.10.82 /index.php?m=vod-play-id-2210-src-1-num-1.html
INFO: [ app_init ] --START--
INFO: Run Behavior\BuildLiteBehavior [ RunTime:0.000013s ]
INFO: [ app_init ] --END-- [ RunTime:0.000333s ]
ERR: 无法加载模块:Vod-play-id-2210-src-1-num-1.html

[ 2017-04-03T04:42:21+08:00 ] 42.236.10.103 /index.php?m=vod-list-id-4-pg-1-order--by--class-0-year-2004-letter-O-area-%E9%A6%99%E6%B8%AF-lang-.html
INFO: [ app_init ] --START--
INFO: Run Behavior\BuildLiteBehavior [ RunTime:0.000014s ]
INFO: [ app_init ] --END-- [ RunTime:0.000312s ]
ERR: 无法加载模块:Vod-list-id-4-pg-1-order--by--class-0-year-2004-letter-O-area-香港-lang-.html

[ 2017-04-03T04:42:22+08:00 ] 42.236.10.79 /index.php?m=vod-play-id-2390-src-1-num-1.html
INFO: [ app_init ] --START--
INFO: Run Behavior\BuildLiteBehavior [ RunTime:0.000013s ]
INFO: [ app_init ] --END-- [ RunTime:0.000260s ]
ERR: 无法加载模块:Vod-play-id-2390-src-1-num-1.html

[ 2017-04-03T05:07:35+08:00 ] 66.249.64.191 /index.php?s=vod-play-id-951-sid-0-pid-1.html
INFO: [ app_init ] --START--
INFO: Run Behavior\BuildLiteBehavior [ RunTime:0.000021s ]
INFO: [ app_init ] --END-- [ RunTime:0.000399s ]
ERR: 无法加载模块:Vod-play-id-951-sid-0-pid-1

[ 2017-04-03T05:53:25+08:00 ] 66.249.64.191 /index.php?s=gb-show-p-2194.html
INFO: [ app_init ] --START--
INFO: Run Behavior\BuildLiteBehavior [ RunTime:0.000019s ]
INFO: [ app_init ] --END-- [ RunTime:0.000357s ]
ERR: 无法加载模块:Gb-show-p-2194

[ 2017-04-03T08:26:15+08:00 ] 66.249.64.191 /index.php?s=gb-show-p-5927.html
INFO: [ app_init ] --START--
INFO: Run Behavior\BuildLiteBehavior [ RunTime:0.000020s ]
INFO: [ app_init ] --END-- [ RunTime:0.000466s ]
ERR: 无法加载模块:Gb-show-p-5927

[ 2017-04-03T21:44:09+08:00 ] 62.210.157.129 /index.php?s=vod-search-area-%E5%8A%A0%E6%8B%BF%E5%A4%A7.html
INFO: [ app_init ] --START--
INFO: Run Behavior\BuildLiteBehavior [ RunTime:0.000019s ]
INFO: [ app_init ] --END-- [ RunTime:0.000471s ]
ERR: 无法加载模块:Vod-search-area-加拿大

