[ 2017-09-01T12:45:09+08:00 ] 42.236.12.170 /index.php?s=gb-show-p-3762.html
INFO: [ app_init ] --START--
INFO: Run Behavior\BuildLiteBehavior [ RunTime:0.000000s ]
INFO: [ app_init ] --END-- [ RunTime:0.000000s ]
ERR: 无法加载模块:Gb-show-p-3762

[ 2017-09-01T12:45:09+08:00 ] 42.236.99.86 /index.php?m=vod-list-id-3-pg-1-order--by--class--year--letter-K-area--lang-.html
INFO: [ app_init ] --START--
INFO: Run Behavior\BuildLiteBehavior [ RunTime:0.000000s ]
INFO: [ app_init ] --END-- [ RunTime:0.000977s ]
ERR: 无法加载模块:Vod-list-id-3-pg-1-order--by--class--year--letter-K-area--lang-.html

[ 2017-09-01T12:45:09+08:00 ] 180.153.236.19 /index.php?m=vod-play-id-1780-src-1-num-1.html
INFO: [ app_init ] --START--
INFO: Run Behavior\BuildLiteBehavior [ RunTime:0.000000s ]
INFO: [ app_init ] --END-- [ RunTime:0.000000s ]
ERR: 无法加载模块:Vod-play-id-1780-src-1-num-1.html

[ 2017-09-01T12:45:10+08:00 ] 180.153.236.109 /index.php?s=gb-show-id-40.html
INFO: [ app_init ] --START--
INFO: Run Behavior\BuildLiteBehavior [ RunTime:0.000000s ]
INFO: [ app_init ] --END-- [ RunTime:0.000977s ]
ERR: 无法加载模块:Gb-show-id-40

[ 2017-09-01T12:45:10+08:00 ] 42.236.12.170 /index.php?m=vod-play-id-2319-src-1-num-1.html
INFO: [ app_init ] --START--
INFO: Run Behavior\BuildLiteBehavior [ RunTime:0.000000s ]
INFO: [ app_init ] --END-- [ RunTime:0.000000s ]
ERR: 无法加载模块:Vod-play-id-2319-src-1-num-1.html

[ 2017-09-01T12:45:10+08:00 ] 42.236.12.170 /index.php?s=vod-play-id-494-sid-0-pid-1.html
INFO: [ app_init ] --START--
INFO: Run Behavior\BuildLiteBehavior [ RunTime:0.000000s ]
INFO: [ app_init ] --END-- [ RunTime:0.000976s ]
ERR: 无法加载模块:Vod-play-id-494-sid-0-pid-1

[ 2017-09-01T12:45:11+08:00 ] 42.236.46.85 /index.php?s=vod-play-id-1482-sid-0-pid-1.html
INFO: [ app_init ] --START--
INFO: Run Behavior\BuildLiteBehavior [ RunTime:0.000000s ]
INFO: [ app_init ] --END-- [ RunTime:0.000000s ]
ERR: 无法加载模块:Vod-play-id-1482-sid-0-pid-1

[ 2017-09-01T12:45:11+08:00 ] 42.236.12.170 /index.php?s=gb-show-id-1661.html
INFO: [ app_init ] --START--
INFO: Run Behavior\BuildLiteBehavior [ RunTime:0.000000s ]
INFO: [ app_init ] --END-- [ RunTime:0.000977s ]
ERR: 无法加载模块:Gb-show-id-1661

[ 2017-09-01T12:45:11+08:00 ] 42.236.99.2 /index.php?s=gb-show-id-425.html
INFO: [ app_init ] --START--
INFO: Run Behavior\BuildLiteBehavior [ RunTime:0.000000s ]
INFO: [ app_init ] --END-- [ RunTime:0.000000s ]
ERR: 无法加载模块:Gb-show-id-425

[ 2017-09-01T12:45:11+08:00 ] 42.236.99.72 /index.php?m=vod-list-id-2-pg-1-order--by--class-0-year--letter-Q-area--lang-.html
INFO: [ app_init ] --START--
INFO: Run Behavior\BuildLiteBehavior [ RunTime:0.000000s ]
INFO: [ app_init ] --END-- [ RunTime:0.000977s ]
ERR: 无法加载模块:Vod-list-id-2-pg-1-order--by--class-0-year--letter-Q-area--lang-.html

[ 2017-09-01T12:45:11+08:00 ] 42.236.99.166 /index.php?m=vod-search-pg-235-starring-yuanyuan-area-%E8%A5%BF%E7%8F%AD%E7%89%99.html
INFO: [ app_init ] --START--
INFO: Run Behavior\BuildLiteBehavior [ RunTime:0.000000s ]
INFO: [ app_init ] --END-- [ RunTime:0.000976s ]
ERR: 无法加载模块:Vod-search-pg-235-starring-yuanyuan-area-西班牙.html

[ 2017-09-01T12:45:11+08:00 ] 42.236.102.23 /index.php?s=gb-show-id-594.html
INFO: [ app_init ] --START--
INFO: Run Behavior\BuildLiteBehavior [ RunTime:0.000000s ]
INFO: [ app_init ] --END-- [ RunTime:0.000977s ]
ERR: 无法加载模块:Gb-show-id-594

[ 2017-09-01T12:45:11+08:00 ] 180.153.236.125 /index.php?m=vod-list-id-2-pg-1-order--by--class-0-year--letter-L-area-%E6%96%B0%E5%8A%A0%E5%9D%A1-lang-.html
INFO: [ app_init ] --START--
INFO: Run Behavior\BuildLiteBehavior [ RunTime:0.000000s ]
INFO: [ app_init ] --END-- [ RunTime:0.000977s ]
ERR: 无法加载模块:Vod-list-id-2-pg-1-order--by--class-0-year--letter-L-area-新加坡-lang-.html

[ 2017-09-01T12:45:11+08:00 ] 42.236.99.23 /index.php?s=vod-play-id-1103-sid-0-pid-1.html
INFO: [ app_init ] --START--
INFO: Run Behavior\BuildLiteBehavior [ RunTime:0.000000s ]
INFO: [ app_init ] --END-- [ RunTime:0.000000s ]
ERR: 无法加载模块:Vod-play-id-1103-sid-0-pid-1

[ 2017-09-01T22:45:39+08:00 ] 149.202.49.67 /index.php?m=vod-list-id-0-pg-1-order--by--class-0-year-0-letter--area-%E4%BF%84%E7%BD%97%E6%96%AF-lang-.html
INFO: [ app_init ] --START--
INFO: Run Behavior\BuildLiteBehavior [ RunTime:0.000000s ]
INFO: [ app_init ] --END-- [ RunTime:0.000977s ]
ERR: 无法加载模块:Vod-list-id-0-pg-1-order--by--class-0-year-0-letter--area-俄罗斯-lang-.html

