[ 2017-05-04T03:27:09+08:00 ] 66.249.64.252 /index.php?s=gb-show-p-443.html
INFO: [ app_init ] --START--
INFO: Run Behavior\BuildLiteBehavior [ RunTime:0.000000s ]
INFO: [ app_init ] --END-- [ RunTime:0.000976s ]
ERR: 无法加载模块:Gb-show-p-443

[ 2017-05-04T07:23:26+08:00 ] 42.236.99.72 /index.php?s=vod-play-id-291-sid-0-pid-1.html
INFO: [ app_init ] --START--
INFO: Run Behavior\BuildLiteBehavior [ RunTime:0.000000s ]
INFO: [ app_init ] --END-- [ RunTime:0.000000s ]
ERR: 无法加载模块:Vod-play-id-291-sid-0-pid-1

[ 2017-05-04T07:23:26+08:00 ] 42.236.99.206 /index.php?s=gb-show-p-2066.html
INFO: [ app_init ] --START--
INFO: Run Behavior\BuildLiteBehavior [ RunTime:0.000000s ]
INFO: [ app_init ] --END-- [ RunTime:0.000000s ]
ERR: 无法加载模块:Gb-show-p-2066

[ 2017-05-04T07:23:26+08:00 ] 42.236.10.77 /index.php?s=gb-show-id-236.html
INFO: [ app_init ] --START--
INFO: Run Behavior\BuildLiteBehavior [ RunTime:0.000000s ]
INFO: [ app_init ] --END-- [ RunTime:0.000976s ]
ERR: 无法加载模块:Gb-show-id-236

[ 2017-05-04T07:23:26+08:00 ] 42.236.99.130 /index.php?m=vod-play-id-2283-src-1-num-1.html
INFO: [ app_init ] --START--
INFO: Run Behavior\BuildLiteBehavior [ RunTime:0.000000s ]
INFO: [ app_init ] --END-- [ RunTime:0.000000s ]
ERR: 无法加载模块:Vod-play-id-2283-src-1-num-1.html

[ 2017-05-04T07:23:26+08:00 ] 42.236.99.16 /index.php?m=vod-play-id-2040-src-1-num-1.html
INFO: [ app_init ] --START--
INFO: Run Behavior\BuildLiteBehavior [ RunTime:0.000000s ]
INFO: [ app_init ] --END-- [ RunTime:0.000977s ]
ERR: 无法加载模块:Vod-play-id-2040-src-1-num-1.html

[ 2017-05-04T07:23:26+08:00 ] 42.236.10.110 /index.php?s=vod-play-id-1377-sid-0-pid-1.html
INFO: [ app_init ] --START--
INFO: Run Behavior\BuildLiteBehavior [ RunTime:0.000000s ]
INFO: [ app_init ] --END-- [ RunTime:0.000000s ]
ERR: 无法加载模块:Vod-play-id-1377-sid-0-pid-1

[ 2017-05-04T07:23:26+08:00 ] 42.236.99.130 /index.php?m=vod-play-id-1582-src-1-num-1.html
INFO: [ app_init ] --START--
INFO: Run Behavior\BuildLiteBehavior [ RunTime:0.000000s ]
INFO: [ app_init ] --END-- [ RunTime:0.000000s ]
ERR: 无法加载模块:Vod-play-id-1582-src-1-num-1.html

[ 2017-05-04T07:23:27+08:00 ] 42.236.99.23 /index.php?s=vod-play-id-1820-sid-0-pid-1.html
INFO: [ app_init ] --START--
INFO: Run Behavior\BuildLiteBehavior [ RunTime:0.000976s ]
INFO: [ app_init ] --END-- [ RunTime:0.000976s ]
ERR: 无法加载模块:Vod-play-id-1820-sid-0-pid-1

[ 2017-05-04T07:23:27+08:00 ] 42.236.99.72 /index.php?m=vod-play-id-1209-src-1-num-1.html
INFO: [ app_init ] --START--
INFO: Run Behavior\BuildLiteBehavior [ RunTime:0.000000s ]
INFO: [ app_init ] --END-- [ RunTime:0.000977s ]
ERR: 无法加载模块:Vod-play-id-1209-src-1-num-1.html

