[ 2017-05-28T13:24:15+08:00 ] 42.236.99.16 /index.php?m=vod-list-id-1-pg-1-order--by-time-class-0-year-2012-letter--area--lang-.html
INFO: [ app_init ] --START--
INFO: Run Behavior\BuildLiteBehavior [ RunTime:0.000000s ]
INFO: [ app_init ] --END-- [ RunTime:0.000000s ]
ERR: 无法加载模块:Vod-list-id-1-pg-1-order--by-time-class-0-year-2012-letter--area--lang-.html

[ 2017-05-28T13:24:15+08:00 ] 42.236.99.142 /index.php?m=vod-play-id-1722-src-1-num-1.html
INFO: [ app_init ] --START--
INFO: Run Behavior\BuildLiteBehavior [ RunTime:0.000000s ]
INFO: [ app_init ] --END-- [ RunTime:0.000000s ]
ERR: 无法加载模块:Vod-play-id-1722-src-1-num-1.html

[ 2017-05-28T13:24:15+08:00 ] 42.236.12.130 /index.php?s=vod-play-id-827-sid-0-pid-1.html
INFO: [ app_init ] --START--
INFO: Run Behavior\BuildLiteBehavior [ RunTime:0.000000s ]
INFO: [ app_init ] --END-- [ RunTime:0.000977s ]
ERR: 无法加载模块:Vod-play-id-827-sid-0-pid-1

[ 2017-05-28T13:24:15+08:00 ] 42.236.99.230 /index.php?m=vod-list-id-2-pg-1-order--by--class-35-year--letter--area--lang-.html
INFO: [ app_init ] --START--
INFO: Run Behavior\BuildLiteBehavior [ RunTime:0.000000s ]
INFO: [ app_init ] --END-- [ RunTime:0.000977s ]
ERR: 无法加载模块:Vod-list-id-2-pg-1-order--by--class-35-year--letter--area--lang-.html

[ 2017-05-28T13:24:15+08:00 ] 42.236.99.230 /index.php?m=vod-play-id-259-src-1-num-1.html
INFO: [ app_init ] --START--
INFO: Run Behavior\BuildLiteBehavior [ RunTime:0.000000s ]
INFO: [ app_init ] --END-- [ RunTime:0.000977s ]
ERR: 无法加载模块:Vod-play-id-259-src-1-num-1.html

[ 2017-05-28T13:24:16+08:00 ] 42.236.99.242 /index.php?m=vod-list-id-5-pg-1-order--by--class--year--letter-H-area--lang-.html
INFO: [ app_init ] --START--
INFO: Run Behavior\BuildLiteBehavior [ RunTime:0.000000s ]
INFO: [ app_init ] --END-- [ RunTime:0.000976s ]
ERR: 无法加载模块:Vod-list-id-5-pg-1-order--by--class--year--letter-H-area--lang-.html

[ 2017-05-28T13:24:16+08:00 ] 180.153.236.133 /index.php?m=vod-play-id-2267-src-1-num-1.html
INFO: [ app_init ] --START--
INFO: Run Behavior\BuildLiteBehavior [ RunTime:0.000000s ]
INFO: [ app_init ] --END-- [ RunTime:0.000977s ]
ERR: 无法加载模块:Vod-play-id-2267-src-1-num-1.html

[ 2017-05-28T13:24:16+08:00 ] 42.236.99.218 /index.php?m=vod-play-id-229-src-1-num-1.html
INFO: [ app_init ] --START--
INFO: Run Behavior\BuildLiteBehavior [ RunTime:0.000000s ]
INFO: [ app_init ] --END-- [ RunTime:0.000977s ]
ERR: 无法加载模块:Vod-play-id-229-src-1-num-1.html

[ 2017-05-28T13:24:16+08:00 ] 42.236.12.130 /index.php?m=vod-play-id-985-src-1-num-1.html
INFO: [ app_init ] --START--
INFO: Run Behavior\BuildLiteBehavior [ RunTime:0.000000s ]
INFO: [ app_init ] --END-- [ RunTime:0.000977s ]
ERR: 无法加载模块:Vod-play-id-985-src-1-num-1.html

[ 2017-05-28T13:24:20+08:00 ] 42.236.46.85 /index.php?m=vod-play-id-1970-src-1-num-1.html
INFO: [ app_init ] --START--
INFO: Run Behavior\BuildLiteBehavior [ RunTime:0.000000s ]
INFO: [ app_init ] --END-- [ RunTime:0.000976s ]
ERR: 无法加载模块:Vod-play-id-1970-src-1-num-1.html

[ 2017-05-28T13:24:21+08:00 ] 42.236.99.230 /index.php?m=vod-play-id-906-src-1-num-1.html
INFO: [ app_init ] --START--
INFO: Run Behavior\BuildLiteBehavior [ RunTime:0.000000s ]
INFO: [ app_init ] --END-- [ RunTime:0.000000s ]
ERR: 无法加载模块:Vod-play-id-906-src-1-num-1.html

[ 2017-05-28T13:24:21+08:00 ] 42.236.99.9 /index.php?m=vod-play-id-1496-src-1-num-1.html
INFO: [ app_init ] --START--
INFO: Run Behavior\BuildLiteBehavior [ RunTime:0.000000s ]
INFO: [ app_init ] --END-- [ RunTime:0.000977s ]
ERR: 无法加载模块:Vod-play-id-1496-src-1-num-1.html

[ 2017-05-28T13:24:21+08:00 ] 180.153.236.133 /index.php?s=vod-play-id-313-sid-0-pid-1.html
INFO: [ app_init ] --START--
INFO: Run Behavior\BuildLiteBehavior [ RunTime:0.000000s ]
INFO: [ app_init ] --END-- [ RunTime:0.000977s ]
ERR: 无法加载模块:Vod-play-id-313-sid-0-pid-1

[ 2017-05-28T13:24:25+08:00 ] 180.153.236.117 /index.php?m=vod-list-id-7-pg-1-order--by--class--year-2000-letter--area--lang-.html
INFO: [ app_init ] --START--
INFO: Run Behavior\BuildLiteBehavior [ RunTime:0.000000s ]
INFO: [ app_init ] --END-- [ RunTime:0.000977s ]
ERR: 无法加载模块:Vod-list-id-7-pg-1-order--by--class--year-2000-letter--area--lang-.html

[ 2017-05-28T23:11:32+08:00 ] 69.30.198.186 /index.php?s=vod-search-area-%E5%8A%A0%E6%8B%BF%E5%A4%A7.html
INFO: [ app_init ] --START--
INFO: Run Behavior\BuildLiteBehavior [ RunTime:0.000000s ]
INFO: [ app_init ] --END-- [ RunTime:0.000977s ]
ERR: 无法加载模块:Vod-search-area-加拿大

