[ 2017-04-20T00:39:47+08:00 ] 42.236.10.104 /index.php?m=vod-play-id-223-src-1-num-1.html
INFO: [ app_init ] --START--
INFO: Run Behavior\BuildLiteBehavior [ RunTime:0.000033s ]
INFO: [ app_init ] --END-- [ RunTime:0.000411s ]
ERR: 无法加载模块:Vod-play-id-223-src-1-num-1.html

[ 2017-04-20T00:39:47+08:00 ] 42.236.10.72 /index.php?s=vod-play-id-415-sid-0-pid-1.html
INFO: [ app_init ] --START--
INFO: Run Behavior\BuildLiteBehavior [ RunTime:0.000020s ]
INFO: [ app_init ] --END-- [ RunTime:0.001133s ]
ERR: 无法加载模块:Vod-play-id-415-sid-0-pid-1

[ 2017-04-20T00:39:47+08:00 ] 42.236.10.72 /index.php?m=vod-play-id-883-src-1-num-1.html
INFO: [ app_init ] --START--
INFO: Run Behavior\BuildLiteBehavior [ RunTime:0.000016s ]
INFO: [ app_init ] --END-- [ RunTime:0.000379s ]
ERR: 无法加载模块:Vod-play-id-883-src-1-num-1.html

[ 2017-04-20T00:39:47+08:00 ] 42.236.99.30 /index.php?m=vod-play-id-1026-src-1-num-1.html
INFO: [ app_init ] --START--
INFO: Run Behavior\BuildLiteBehavior [ RunTime:0.000015s ]
INFO: [ app_init ] --END-- [ RunTime:0.000362s ]
ERR: 无法加载模块:Vod-play-id-1026-src-1-num-1.html

[ 2017-04-20T00:39:47+08:00 ] 42.236.99.65 /index.php?m=vod-search-pg-2-starring-yuanyuan-classid-52.html
INFO: [ app_init ] --START--
INFO: Run Behavior\BuildLiteBehavior [ RunTime:0.000013s ]
INFO: [ app_init ] --END-- [ RunTime:0.000358s ]
ERR: 无法加载模块:Vod-search-pg-2-starring-yuanyuan-classid-52.html

[ 2017-04-20T00:39:47+08:00 ] 42.236.10.71 /index.php?s=vod-play-id-478-sid-0-pid-1.html
INFO: [ app_init ] --START--
INFO: Run Behavior\BuildLiteBehavior [ RunTime:0.000020s ]
INFO: [ app_init ] --END-- [ RunTime:0.000379s ]
ERR: 无法加载模块:Vod-play-id-478-sid-0-pid-1

[ 2017-04-20T00:39:48+08:00 ] 42.236.99.23 /index.php?s=gb-show-p-4514.html
INFO: [ app_init ] --START--
INFO: Run Behavior\BuildLiteBehavior [ RunTime:0.000023s ]
INFO: [ app_init ] --END-- [ RunTime:0.000551s ]
ERR: 无法加载模块:Gb-show-p-4514

[ 2017-04-20T00:39:48+08:00 ] 42.236.99.30 /index.php?m=vod-play-id-2393-src-1-num-1.html
INFO: [ app_init ] --START--
INFO: Run Behavior\BuildLiteBehavior [ RunTime:0.000021s ]
INFO: [ app_init ] --END-- [ RunTime:0.000432s ]
ERR: 无法加载模块:Vod-play-id-2393-src-1-num-1.html

[ 2017-04-20T00:39:48+08:00 ] 42.236.99.178 /index.php?m=vod-play-id-403-src-1-num-1.html
INFO: [ app_init ] --START--
INFO: Run Behavior\BuildLiteBehavior [ RunTime:0.000015s ]
INFO: [ app_init ] --END-- [ RunTime:0.000283s ]
ERR: 无法加载模块:Vod-play-id-403-src-1-num-1.html

[ 2017-04-20T00:39:48+08:00 ] 42.236.10.112 /index.php?m=vod-play-id-1307-src-1-num-1.html
INFO: [ app_init ] --START--
INFO: Run Behavior\BuildLiteBehavior [ RunTime:0.000012s ]
INFO: [ app_init ] --END-- [ RunTime:0.000318s ]
ERR: 无法加载模块:Vod-play-id-1307-src-1-num-1.html

[ 2017-04-20T00:39:48+08:00 ] 42.236.99.194 /index.php?m=vod-list-id-2-pg-1-order--by--class--year-2002-letter--area--lang-.html
INFO: [ app_init ] --START--
INFO: Run Behavior\BuildLiteBehavior [ RunTime:0.000022s ]
INFO: [ app_init ] --END-- [ RunTime:0.000500s ]
ERR: 无法加载模块:Vod-list-id-2-pg-1-order--by--class--year-2002-letter--area--lang-.html

[ 2017-04-20T00:39:48+08:00 ] 42.236.99.9 /index.php?m=vod-play-id-1712-src-1-num-1.html
INFO: [ app_init ] --START--
INFO: Run Behavior\BuildLiteBehavior [ RunTime:0.000014s ]
INFO: [ app_init ] --END-- [ RunTime:0.000341s ]
ERR: 无法加载模块:Vod-play-id-1712-src-1-num-1.html

[ 2017-04-20T00:39:49+08:00 ] 42.236.99.178 /index.php?s=vod-play-id-154-sid-0-pid-1.html
INFO: [ app_init ] --START--
INFO: Run Behavior\BuildLiteBehavior [ RunTime:0.000014s ]
INFO: [ app_init ] --END-- [ RunTime:0.000264s ]
ERR: 无法加载模块:Vod-play-id-154-sid-0-pid-1

[ 2017-04-20T00:39:49+08:00 ] 42.236.99.72 /index.php?s=gb-show-id-562.html
INFO: [ app_init ] --START--
INFO: Run Behavior\BuildLiteBehavior [ RunTime:0.000017s ]
INFO: [ app_init ] --END-- [ RunTime:0.000338s ]
ERR: 无法加载模块:Gb-show-id-562

[ 2017-04-20T00:39:49+08:00 ] 42.236.99.72 /index.php?m=vod-play-id-2375-src-1-num-1.html
INFO: [ app_init ] --START--
INFO: Run Behavior\BuildLiteBehavior [ RunTime:0.000013s ]
INFO: [ app_init ] --END-- [ RunTime:0.000282s ]
ERR: 无法加载模块:Vod-play-id-2375-src-1-num-1.html

[ 2017-04-20T00:39:49+08:00 ] 42.236.10.79 /index.php?m=vod-list-id-1-pg-1-order--by-score-class-6-year-2001-letter--area--lang-.html
INFO: [ app_init ] --START--
INFO: Run Behavior\BuildLiteBehavior [ RunTime:0.000013s ]
INFO: [ app_init ] --END-- [ RunTime:0.000271s ]
ERR: 无法加载模块:Vod-list-id-1-pg-1-order--by-score-class-6-year-2001-letter--area--lang-.html

[ 2017-04-20T00:39:49+08:00 ] 180.153.236.67 /index.php?m=vod-list-id-4-pg-1-order--by--class-0-year-2004-letter-T-area--lang-.html
INFO: [ app_init ] --START--
INFO: Run Behavior\BuildLiteBehavior [ RunTime:0.000017s ]
INFO: [ app_init ] --END-- [ RunTime:0.000356s ]
ERR: 无法加载模块:Vod-list-id-4-pg-1-order--by--class-0-year-2004-letter-T-area--lang-.html

[ 2017-04-20T00:39:49+08:00 ] 42.236.99.30 /index.php?m=vod-play-id-852-src-1-num-1.html
INFO: [ app_init ] --START--
INFO: Run Behavior\BuildLiteBehavior [ RunTime:0.000020s ]
INFO: [ app_init ] --END-- [ RunTime:0.000356s ]
ERR: 无法加载模块:Vod-play-id-852-src-1-num-1.html

[ 2017-04-20T00:39:50+08:00 ] 42.236.99.194 /index.php?m=vod-list-id-5-pg-1-order--by--class--year-2007-letter--area--lang-.html
INFO: [ app_init ] --START--
INFO: Run Behavior\BuildLiteBehavior [ RunTime:0.000025s ]
INFO: [ app_init ] --END-- [ RunTime:0.000406s ]
ERR: 无法加载模块:Vod-list-id-5-pg-1-order--by--class--year-2007-letter--area--lang-.html

[ 2017-04-20T00:39:50+08:00 ] 42.236.99.16 /index.php?s=gb-show-id-492.html
INFO: [ app_init ] --START--
INFO: Run Behavior\BuildLiteBehavior [ RunTime:0.000021s ]
INFO: [ app_init ] --END-- [ RunTime:0.000430s ]
ERR: 无法加载模块:Gb-show-id-492

[ 2017-04-20T00:39:50+08:00 ] 42.236.99.154 /index.php?m=vod-play-id-875-src-1-num-1.html
INFO: [ app_init ] --START--
INFO: Run Behavior\BuildLiteBehavior [ RunTime:0.000015s ]
INFO: [ app_init ] --END-- [ RunTime:0.000272s ]
ERR: 无法加载模块:Vod-play-id-875-src-1-num-1.html

[ 2017-04-20T00:39:50+08:00 ] 42.236.99.23 /index.php?s=vod-play-id-382-sid-0-pid-1.html
INFO: [ app_init ] --START--
INFO: Run Behavior\BuildLiteBehavior [ RunTime:0.000022s ]
INFO: [ app_init ] --END-- [ RunTime:0.000409s ]
ERR: 无法加载模块:Vod-play-id-382-sid-0-pid-1

[ 2017-04-20T00:39:50+08:00 ] 42.236.10.115 /index.php?m=vod-list-id-4-pg-1-order--by--class-0-year-2004-letter-O-area-%E8%A5%BF%E7%8F%AD%E7%89%99-lang-.html
INFO: [ app_init ] --START--
INFO: Run Behavior\BuildLiteBehavior [ RunTime:0.000018s ]
INFO: [ app_init ] --END-- [ RunTime:0.000347s ]
ERR: 无法加载模块:Vod-list-id-4-pg-1-order--by--class-0-year-2004-letter-O-area-西班牙-lang-.html

[ 2017-04-20T00:39:50+08:00 ] 42.236.99.86 /index.php?s=vod-play-id-951-sid-0-pid-1.html
INFO: [ app_init ] --START--
INFO: Run Behavior\BuildLiteBehavior [ RunTime:0.000014s ]
INFO: [ app_init ] --END-- [ RunTime:0.000338s ]
ERR: 无法加载模块:Vod-play-id-951-sid-0-pid-1

[ 2017-04-20T00:39:50+08:00 ] 42.236.10.109 /index.php?m=vod-play-id-92-src-1-num-1.html
INFO: [ app_init ] --START--
INFO: Run Behavior\BuildLiteBehavior [ RunTime:0.000018s ]
INFO: [ app_init ] --END-- [ RunTime:0.000368s ]
ERR: 无法加载模块:Vod-play-id-92-src-1-num-1.html

[ 2017-04-20T00:39:51+08:00 ] 42.236.10.72 /index.php?m=vod-play-id-322-src-1-num-1.html
INFO: [ app_init ] --START--
INFO: Run Behavior\BuildLiteBehavior [ RunTime:0.000015s ]
INFO: [ app_init ] --END-- [ RunTime:0.000313s ]
ERR: 无法加载模块:Vod-play-id-322-src-1-num-1.html

[ 2017-04-20T00:39:51+08:00 ] 42.236.99.230 /index.php?m=vod-list-id-2-pg-1-order--by--class--year-2005-letter--area--lang-.html
INFO: [ app_init ] --START--
INFO: Run Behavior\BuildLiteBehavior [ RunTime:0.000014s ]
INFO: [ app_init ] --END-- [ RunTime:0.000302s ]
ERR: 无法加载模块:Vod-list-id-2-pg-1-order--by--class--year-2005-letter--area--lang-.html

[ 2017-04-20T00:39:51+08:00 ] 42.236.10.74 /index.php?s=vod-play-id-885-sid-0-pid-1.html
INFO: [ app_init ] --START--
INFO: Run Behavior\BuildLiteBehavior [ RunTime:0.000014s ]
INFO: [ app_init ] --END-- [ RunTime:0.000273s ]
ERR: 无法加载模块:Vod-play-id-885-sid-0-pid-1

[ 2017-04-20T00:39:51+08:00 ] 42.236.99.206 /index.php?m=vod-play-id-210-src-1-num-1.html
INFO: [ app_init ] --START--
INFO: Run Behavior\BuildLiteBehavior [ RunTime:0.000019s ]
INFO: [ app_init ] --END-- [ RunTime:0.000445s ]
ERR: 无法加载模块:Vod-play-id-210-src-1-num-1.html

[ 2017-04-20T00:39:51+08:00 ] 42.236.10.76 /index.php?m=vod-search-pg-2-starring-yuanyuan-classid-53.html
INFO: [ app_init ] --START--
INFO: Run Behavior\BuildLiteBehavior [ RunTime:0.000014s ]
INFO: [ app_init ] --END-- [ RunTime:0.000311s ]
ERR: 无法加载模块:Vod-search-pg-2-starring-yuanyuan-classid-53.html

[ 2017-04-20T00:39:51+08:00 ] 42.236.99.166 /index.php?m=vod-play-id-132-src-1-num-1.html
INFO: [ app_init ] --START--
INFO: Run Behavior\BuildLiteBehavior [ RunTime:0.000022s ]
INFO: [ app_init ] --END-- [ RunTime:0.000487s ]
ERR: 无法加载模块:Vod-play-id-132-src-1-num-1.html

[ 2017-04-20T00:39:51+08:00 ] 42.236.99.30 /index.php?s=vod-play-id-482-sid-0-pid-1.html
INFO: [ app_init ] --START--
INFO: Run Behavior\BuildLiteBehavior [ RunTime:0.000018s ]
INFO: [ app_init ] --END-- [ RunTime:0.000408s ]
ERR: 无法加载模块:Vod-play-id-482-sid-0-pid-1

[ 2017-04-20T00:39:51+08:00 ] 42.236.99.72 /index.php?m=vod-play-id-950-src-1-num-1.html
INFO: [ app_init ] --START--
INFO: Run Behavior\BuildLiteBehavior [ RunTime:0.000014s ]
INFO: [ app_init ] --END-- [ RunTime:0.000263s ]
ERR: 无法加载模块:Vod-play-id-950-src-1-num-1.html

[ 2017-04-20T00:39:52+08:00 ] 180.153.236.133 /index.php?m=vod-play-id-2092-src-1-num-1.html
INFO: [ app_init ] --START--
INFO: Run Behavior\BuildLiteBehavior [ RunTime:0.000014s ]
INFO: [ app_init ] --END-- [ RunTime:0.000300s ]
ERR: 无法加载模块:Vod-play-id-2092-src-1-num-1.html

[ 2017-04-20T00:39:52+08:00 ] 42.236.10.84 /index.php?s=vod-play-id-1535-sid-0-pid-1.html
INFO: [ app_init ] --START--
INFO: Run Behavior\BuildLiteBehavior [ RunTime:0.000014s ]
INFO: [ app_init ] --END-- [ RunTime:0.000337s ]
ERR: 无法加载模块:Vod-play-id-1535-sid-0-pid-1

[ 2017-04-20T00:39:52+08:00 ] 42.236.99.37 /index.php?s=gb-show-p-4.html
INFO: [ app_init ] --START--
INFO: Run Behavior\BuildLiteBehavior [ RunTime:0.000014s ]
INFO: [ app_init ] --END-- [ RunTime:0.000368s ]
ERR: 无法加载模块:Gb-show-p-4

[ 2017-04-20T00:39:52+08:00 ] 42.236.10.115 /index.php?m=vod-list-id-5-pg-1-order--by--class--year-2008-letter--area--lang-.html
INFO: [ app_init ] --START--
INFO: Run Behavior\BuildLiteBehavior [ RunTime:0.000013s ]
INFO: [ app_init ] --END-- [ RunTime:0.000341s ]
ERR: 无法加载模块:Vod-list-id-5-pg-1-order--by--class--year-2008-letter--area--lang-.html

[ 2017-04-20T00:39:52+08:00 ] 42.236.10.109 /index.php?m=vod-list-id-1-pg-1-order--by-score-class-3-year-0-letter--area--lang-.html
INFO: [ app_init ] --START--
INFO: Run Behavior\BuildLiteBehavior [ RunTime:0.000012s ]
INFO: [ app_init ] --END-- [ RunTime:0.000275s ]
ERR: 无法加载模块:Vod-list-id-1-pg-1-order--by-score-class-3-year-0-letter--area--lang-.html

[ 2017-04-20T00:39:53+08:00 ] 42.236.10.74 /index.php?m=vod-play-id-103-src-1-num-1.html
INFO: [ app_init ] --START--
INFO: Run Behavior\BuildLiteBehavior [ RunTime:0.000015s ]
INFO: [ app_init ] --END-- [ RunTime:0.000313s ]
ERR: 无法加载模块:Vod-play-id-103-src-1-num-1.html

[ 2017-04-20T00:39:53+08:00 ] 42.236.10.113 /index.php?m=vod-search-pg-240-starring-yuanyuan.html
INFO: [ app_init ] --START--
INFO: Run Behavior\BuildLiteBehavior [ RunTime:0.000014s ]
INFO: [ app_init ] --END-- [ RunTime:0.000264s ]
ERR: 无法加载模块:Vod-search-pg-240-starring-yuanyuan.html

[ 2017-04-20T00:39:53+08:00 ] 42.236.99.166 /index.php?m=vod-play-id-1656-src-1-num-1.html
INFO: [ app_init ] --START--
INFO: Run Behavior\BuildLiteBehavior [ RunTime:0.000013s ]
INFO: [ app_init ] --END-- [ RunTime:0.000276s ]
ERR: 无法加载模块:Vod-play-id-1656-src-1-num-1.html

