[ 2017-05-11T00:26:10+08:00 ] 42.236.99.58 /index.php?m=vod-play-id-93-src-1-num-1.html
INFO: [ app_init ] --START--
INFO: Run Behavior\BuildLiteBehavior [ RunTime:0.000000s ]
INFO: [ app_init ] --END-- [ RunTime:0.000976s ]
ERR: 无法加载模块:Vod-play-id-93-src-1-num-1.html

[ 2017-05-11T00:26:11+08:00 ] 180.153.236.157 /index.php?m=vod-play-id-2288-src-1-num-1.html
INFO: [ app_init ] --START--
INFO: Run Behavior\BuildLiteBehavior [ RunTime:0.000000s ]
INFO: [ app_init ] --END-- [ RunTime:0.000000s ]
ERR: 无法加载模块:Vod-play-id-2288-src-1-num-1.html

[ 2017-05-11T00:26:12+08:00 ] 180.153.236.133 /index.php?s=gb-show-p-2387.html
INFO: [ app_init ] --START--
INFO: Run Behavior\BuildLiteBehavior [ RunTime:0.000000s ]
INFO: [ app_init ] --END-- [ RunTime:0.000000s ]
ERR: 无法加载模块:Gb-show-p-2387

[ 2017-05-11T00:26:13+08:00 ] 42.236.10.77 /index.php?m=vod-list-id-7-pg-1-order--by--class--year--letter--area-%E6%97%A5%E6%9C%AC-lang-.html
INFO: [ app_init ] --START--
INFO: Run Behavior\BuildLiteBehavior [ RunTime:0.000000s ]
INFO: [ app_init ] --END-- [ RunTime:0.000000s ]
ERR: 无法加载模块:Vod-list-id-7-pg-1-order--by--class--year--letter--area-日本-lang-.html

[ 2017-05-11T00:26:14+08:00 ] 42.236.99.230 /index.php?m=vod-play-id-1979-src-1-num-1.html
INFO: [ app_init ] --START--
INFO: Run Behavior\BuildLiteBehavior [ RunTime:0.000000s ]
INFO: [ app_init ] --END-- [ RunTime:0.000000s ]
ERR: 无法加载模块:Vod-play-id-1979-src-1-num-1.html

[ 2017-05-11T00:26:17+08:00 ] 42.236.10.81 /index.php?s=vod-play-id-634-sid-0-pid-1.html
INFO: [ app_init ] --START--
INFO: Run Behavior\BuildLiteBehavior [ RunTime:0.000000s ]
INFO: [ app_init ] --END-- [ RunTime:0.000000s ]
ERR: 无法加载模块:Vod-play-id-634-sid-0-pid-1

[ 2017-05-11T00:26:18+08:00 ] 42.236.99.58 /index.php?m=vod-list-id-2-pg-1-order--by--class-33-year--letter--area--lang-.html
INFO: [ app_init ] --START--
INFO: Run Behavior\BuildLiteBehavior [ RunTime:0.000000s ]
INFO: [ app_init ] --END-- [ RunTime:0.000000s ]
ERR: 无法加载模块:Vod-list-id-2-pg-1-order--by--class-33-year--letter--area--lang-.html

[ 2017-05-11T00:26:22+08:00 ] 42.236.99.44 /index.php?m=vod-play-id-1073-src-1-num-1.html
INFO: [ app_init ] --START--
INFO: Run Behavior\BuildLiteBehavior [ RunTime:0.000000s ]
INFO: [ app_init ] --END-- [ RunTime:0.000976s ]
ERR: 无法加载模块:Vod-play-id-1073-src-1-num-1.html

[ 2017-05-11T00:26:23+08:00 ] 42.236.10.113 /index.php?m=vod-play-id-1719-src-1-num-1.html
INFO: [ app_init ] --START--
INFO: Run Behavior\BuildLiteBehavior [ RunTime:0.000000s ]
INFO: [ app_init ] --END-- [ RunTime:0.000000s ]
ERR: 无法加载模块:Vod-play-id-1719-src-1-num-1.html

[ 2017-05-11T00:26:23+08:00 ] 42.236.99.65 /index.php?m=vod-play-id-47-src-1-num-1.html
INFO: [ app_init ] --START--
INFO: Run Behavior\BuildLiteBehavior [ RunTime:0.000000s ]
INFO: [ app_init ] --END-- [ RunTime:0.000976s ]
ERR: 无法加载模块:Vod-play-id-47-src-1-num-1.html

[ 2017-05-11T00:26:23+08:00 ] 42.236.99.37 /index.php?s=gb-show-id-162.html
INFO: [ app_init ] --START--
INFO: Run Behavior\BuildLiteBehavior [ RunTime:0.000000s ]
INFO: [ app_init ] --END-- [ RunTime:0.000000s ]
ERR: 无法加载模块:Gb-show-id-162

[ 2017-05-11T00:26:23+08:00 ] 42.236.10.111 /index.php?s=vod-play-id-1389-sid-0-pid-1.html
INFO: [ app_init ] --START--
INFO: Run Behavior\BuildLiteBehavior [ RunTime:0.000000s ]
INFO: [ app_init ] --END-- [ RunTime:0.000977s ]
ERR: 无法加载模块:Vod-play-id-1389-sid-0-pid-1

[ 2017-05-11T00:26:28+08:00 ] 42.236.99.230 /index.php?m=vod-play-id-230-src-1-num-1.html
INFO: [ app_init ] --START--
INFO: Run Behavior\BuildLiteBehavior [ RunTime:0.000000s ]
INFO: [ app_init ] --END-- [ RunTime:0.000977s ]
ERR: 无法加载模块:Vod-play-id-230-src-1-num-1.html

[ 2017-05-11T00:26:31+08:00 ] 42.236.10.114 /index.php?s=vod-play-id-306-sid-0-pid-1.html
INFO: [ app_init ] --START--
INFO: Run Behavior\BuildLiteBehavior [ RunTime:0.000000s ]
INFO: [ app_init ] --END-- [ RunTime:0.000000s ]
ERR: 无法加载模块:Vod-play-id-306-sid-0-pid-1

[ 2017-05-11T00:26:33+08:00 ] 42.236.99.72 /index.php?s=gb-show-id-291.html
INFO: [ app_init ] --START--
INFO: Run Behavior\BuildLiteBehavior [ RunTime:0.000000s ]
INFO: [ app_init ] --END-- [ RunTime:0.000000s ]
ERR: 无法加载模块:Gb-show-id-291

[ 2017-05-11T20:25:11+08:00 ] 140.205.225.188 /index.php?m=member&c=index&a=register&siteid=1
INFO: [ app_init ] --START--
INFO: Run Behavior\BuildLiteBehavior [ RunTime:0.000000s ]
INFO: [ app_init ] --END-- [ RunTime:0.000977s ]
ERR: 无法加载模块:Member

[ 2017-05-11T20:25:17+08:00 ] 140.205.225.188 /index.php?m=wap&a=index&siteid=1
INFO: [ app_init ] --START--
INFO: Run Behavior\BuildLiteBehavior [ RunTime:0.000000s ]
INFO: [ app_init ] --END-- [ RunTime:0.000976s ]
ERR: 无法加载模块:Wap

[ 2017-05-11T21:33:33+08:00 ] 203.208.60.196 /index.php?s=vod-play-id-2032-sid-0-pid-1.html
INFO: [ app_init ] --START--
INFO: Run Behavior\BuildLiteBehavior [ RunTime:0.000000s ]
INFO: [ app_init ] --END-- [ RunTime:0.000000s ]
ERR: 无法加载模块:Vod-play-id-2032-sid-0-pid-1

[ 2017-05-11T22:03:52+08:00 ] 203.208.60.197 /index.php?s=vod-play-id-1677-sid-0-pid-1.html
INFO: [ app_init ] --START--
INFO: Run Behavior\BuildLiteBehavior [ RunTime:0.000000s ]
INFO: [ app_init ] --END-- [ RunTime:0.000977s ]
ERR: 无法加载模块:Vod-play-id-1677-sid-0-pid-1

