[ 2017-09-03T15:33:16+08:00 ] 42.236.99.65 /index.php?s=gb-show-id-721.html
INFO: [ app_init ] --START--
INFO: Run Behavior\BuildLiteBehavior [ RunTime:0.000000s ]
INFO: [ app_init ] --END-- [ RunTime:0.000976s ]
ERR: 无法加载模块:Gb-show-id-721

[ 2017-09-03T15:33:16+08:00 ] 42.236.54.62 /index.php?s=gb-show-id-1676.html
INFO: [ app_init ] --START--
INFO: Run Behavior\BuildLiteBehavior [ RunTime:0.000000s ]
INFO: [ app_init ] --END-- [ RunTime:0.000000s ]
ERR: 无法加载模块:Gb-show-id-1676

[ 2017-09-03T15:33:16+08:00 ] 42.236.99.154 /index.php?s=vod-play-id-1341-sid-0-pid-1.html
INFO: [ app_init ] --START--
INFO: Run Behavior\BuildLiteBehavior [ RunTime:0.000000s ]
INFO: [ app_init ] --END-- [ RunTime:0.000976s ]
ERR: 无法加载模块:Vod-play-id-1341-sid-0-pid-1

[ 2017-09-03T15:33:17+08:00 ] 42.236.54.62 /index.php?s=vod-play-id-1189-sid-0-pid-1.html
INFO: [ app_init ] --START--
INFO: Run Behavior\BuildLiteBehavior [ RunTime:0.000000s ]
INFO: [ app_init ] --END-- [ RunTime:0.000976s ]
ERR: 无法加载模块:Vod-play-id-1189-sid-0-pid-1

[ 2017-09-03T15:33:17+08:00 ] 42.236.99.72 /index.php?m=vod-play-id-1370-src-1-num-1.html
INFO: [ app_init ] --START--
INFO: Run Behavior\BuildLiteBehavior [ RunTime:0.000000s ]
INFO: [ app_init ] --END-- [ RunTime:0.000977s ]
ERR: 无法加载模块:Vod-play-id-1370-src-1-num-1.html

[ 2017-09-03T15:33:17+08:00 ] 42.236.99.72 /index.php?s=gb-show-p-1524.html
INFO: [ app_init ] --START--
INFO: Run Behavior\BuildLiteBehavior [ RunTime:0.000000s ]
INFO: [ app_init ] --END-- [ RunTime:0.000976s ]
ERR: 无法加载模块:Gb-show-p-1524

[ 2017-09-03T15:33:17+08:00 ] 42.236.99.72 /index.php?m=vod-play-id-2160-src-1-num-1.html
INFO: [ app_init ] --START--
INFO: Run Behavior\BuildLiteBehavior [ RunTime:0.000000s ]
INFO: [ app_init ] --END-- [ RunTime:0.000977s ]
ERR: 无法加载模块:Vod-play-id-2160-src-1-num-1.html

[ 2017-09-03T15:33:17+08:00 ] 42.236.101.194 /index.php?s=vod-play-id-273-sid-0-pid-1.html
INFO: [ app_init ] --START--
INFO: Run Behavior\BuildLiteBehavior [ RunTime:0.000000s ]
INFO: [ app_init ] --END-- [ RunTime:0.000977s ]
ERR: 无法加载模块:Vod-play-id-273-sid-0-pid-1

[ 2017-09-03T15:33:17+08:00 ] 42.236.99.72 /index.php?s=vod-play-id-85-sid-0-pid-1.html
INFO: [ app_init ] --START--
INFO: Run Behavior\BuildLiteBehavior [ RunTime:0.000000s ]
INFO: [ app_init ] --END-- [ RunTime:0.000000s ]
ERR: 无法加载模块:Vod-play-id-85-sid-0-pid-1

[ 2017-09-03T15:33:17+08:00 ] 42.236.101.194 /index.php?m=vod-list-id-4-pg-1-order--by--class-0-year-2008-letter-Q-area--lang-.html
INFO: [ app_init ] --START--
INFO: Run Behavior\BuildLiteBehavior [ RunTime:0.000000s ]
INFO: [ app_init ] --END-- [ RunTime:0.000976s ]
ERR: 无法加载模块:Vod-list-id-4-pg-1-order--by--class-0-year-2008-letter-Q-area--lang-.html

[ 2017-09-03T15:33:17+08:00 ] 42.236.101.194 /index.php?s=gb-show-id-408.html
INFO: [ app_init ] --START--
INFO: Run Behavior\BuildLiteBehavior [ RunTime:0.000000s ]
INFO: [ app_init ] --END-- [ RunTime:0.000977s ]
ERR: 无法加载模块:Gb-show-id-408

[ 2017-09-03T15:33:17+08:00 ] 42.236.99.72 /index.php?s=gb-show-id-1784.html
INFO: [ app_init ] --START--
INFO: Run Behavior\BuildLiteBehavior [ RunTime:0.000000s ]
INFO: [ app_init ] --END-- [ RunTime:0.000976s ]
ERR: 无法加载模块:Gb-show-id-1784

[ 2017-09-03T15:33:17+08:00 ] 42.236.99.130 /index.php?m=vod-search-pg-235-starring-yuanyuan-area-%E9%9F%A9%E5%9B%BD.html
INFO: [ app_init ] --START--
INFO: Run Behavior\BuildLiteBehavior [ RunTime:0.000000s ]
INFO: [ app_init ] --END-- [ RunTime:0.000977s ]
ERR: 无法加载模块:Vod-search-pg-235-starring-yuanyuan-area-韩国.html

[ 2017-09-03T15:33:17+08:00 ] 42.236.99.130 /index.php?m=vod-list-id-2-pg-1-order--by--class-0-year--letter-S-area-%E5%85%B6%E5%AE%83-lang-.html
INFO: [ app_init ] --START--
INFO: Run Behavior\BuildLiteBehavior [ RunTime:0.000000s ]
INFO: [ app_init ] --END-- [ RunTime:0.000976s ]
ERR: 无法加载模块:Vod-list-id-2-pg-1-order--by--class-0-year--letter-S-area-其它-lang-.html

[ 2017-09-03T15:33:17+08:00 ] 42.236.99.72 /index.php?m=vod-play-id-287-src-1-num-1.html
INFO: [ app_init ] --START--
INFO: Run Behavior\BuildLiteBehavior [ RunTime:0.000000s ]
INFO: [ app_init ] --END-- [ RunTime:0.000000s ]
ERR: 无法加载模块:Vod-play-id-287-src-1-num-1.html

