[ 2017-06-04T05:45:50+08:00 ] 42.236.99.58 /index.php?s=vod-play-id-1400-sid-0-pid-1.html
INFO: [ app_init ] --START--
INFO: Run Behavior\BuildLiteBehavior [ RunTime:0.000000s ]
INFO: [ app_init ] --END-- [ RunTime:0.000000s ]
ERR: 无法加载模块:Vod-play-id-1400-sid-0-pid-1

[ 2017-06-04T05:45:50+08:00 ] 42.236.99.58 /index.php?s=gb-show-p-20.html
INFO: [ app_init ] --START--
INFO: Run Behavior\BuildLiteBehavior [ RunTime:0.000976s ]
INFO: [ app_init ] --END-- [ RunTime:0.000976s ]
ERR: 无法加载模块:Gb-show-p-20

[ 2017-06-04T05:45:50+08:00 ] 42.236.99.65 /index.php?m=vod-play-id-1999-src-1-num-1.html
INFO: [ app_init ] --START--
INFO: Run Behavior\BuildLiteBehavior [ RunTime:0.000000s ]
INFO: [ app_init ] --END-- [ RunTime:0.000976s ]
ERR: 无法加载模块:Vod-play-id-1999-src-1-num-1.html

[ 2017-06-04T05:45:50+08:00 ] 42.236.10.109 /index.php?s=gb-show-id-1756.html
INFO: [ app_init ] --START--
INFO: Run Behavior\BuildLiteBehavior [ RunTime:0.000000s ]
INFO: [ app_init ] --END-- [ RunTime:0.000976s ]
ERR: 无法加载模块:Gb-show-id-1756

[ 2017-06-04T05:45:50+08:00 ] 180.153.236.43 /index.php?m=vod-search-pg-2-starring-yuanyuan-letter-I.html
INFO: [ app_init ] --START--
INFO: Run Behavior\BuildLiteBehavior [ RunTime:0.000977s ]
INFO: [ app_init ] --END-- [ RunTime:0.000977s ]
ERR: 无法加载模块:Vod-search-pg-2-starring-yuanyuan-letter-I.html

[ 2017-06-04T05:45:50+08:00 ] 42.236.10.72 /index.php?m=vod-play-id-502-src-1-num-1.html
INFO: [ app_init ] --START--
INFO: Run Behavior\BuildLiteBehavior [ RunTime:0.000000s ]
INFO: [ app_init ] --END-- [ RunTime:0.000977s ]
ERR: 无法加载模块:Vod-play-id-502-src-1-num-1.html

[ 2017-06-04T05:45:50+08:00 ] 42.236.10.103 /index.php?m=vod-play-id-2288-src-1-num-1.html
INFO: [ app_init ] --START--
INFO: Run Behavior\BuildLiteBehavior [ RunTime:0.000000s ]
INFO: [ app_init ] --END-- [ RunTime:0.000977s ]
ERR: 无法加载模块:Vod-play-id-2288-src-1-num-1.html

[ 2017-06-04T05:45:50+08:00 ] 42.236.10.115 /index.php?s=vod-play-id-321-sid-0-pid-1.html
INFO: [ app_init ] --START--
INFO: Run Behavior\BuildLiteBehavior [ RunTime:0.000976s ]
INFO: [ app_init ] --END-- [ RunTime:0.000976s ]
ERR: 无法加载模块:Vod-play-id-321-sid-0-pid-1

[ 2017-06-04T05:45:50+08:00 ] 180.153.236.125 /index.php?s=gb-show-id-294.html
INFO: [ app_init ] --START--
INFO: Run Behavior\BuildLiteBehavior [ RunTime:0.000000s ]
INFO: [ app_init ] --END-- [ RunTime:0.000000s ]
ERR: 无法加载模块:Gb-show-id-294

[ 2017-06-04T05:45:51+08:00 ] 180.153.236.35 /index.php?m=vod-list-id-7-pg-1-order--by--class--year-2012-letter--area--lang-.html
INFO: [ app_init ] --START--
INFO: Run Behavior\BuildLiteBehavior [ RunTime:0.000000s ]
INFO: [ app_init ] --END-- [ RunTime:0.000000s ]
ERR: 无法加载模块:Vod-list-id-7-pg-1-order--by--class--year-2012-letter--area--lang-.html

[ 2017-06-04T05:45:51+08:00 ] 180.153.236.19 /index.php?m=vod-list-id-4-pg-1-order--by--class-0-year-2005-letter-S-area-%E8%A5%BF%E7%8F%AD%E7%89%99-lang-.html
INFO: [ app_init ] --START--
INFO: Run Behavior\BuildLiteBehavior [ RunTime:0.000000s ]
INFO: [ app_init ] --END-- [ RunTime:0.000977s ]
ERR: 无法加载模块:Vod-list-id-4-pg-1-order--by--class-0-year-2005-letter-S-area-西班牙-lang-.html

[ 2017-06-04T05:45:51+08:00 ] 42.236.103.66 /index.php?m=vod-play-id-1719-src-1-num-1.html
INFO: [ app_init ] --START--
INFO: Run Behavior\BuildLiteBehavior [ RunTime:0.000000s ]
INFO: [ app_init ] --END-- [ RunTime:0.000976s ]
ERR: 无法加载模块:Vod-play-id-1719-src-1-num-1.html

[ 2017-06-04T05:45:51+08:00 ] 42.236.10.83 /index.php?m=vod-list-id-5-pg-1-order--by--class--year--letter-J-area--lang-.html
INFO: [ app_init ] --START--
INFO: Run Behavior\BuildLiteBehavior [ RunTime:0.000000s ]
INFO: [ app_init ] --END-- [ RunTime:0.000000s ]
ERR: 无法加载模块:Vod-list-id-5-pg-1-order--by--class--year--letter-J-area--lang-.html

[ 2017-06-04T05:45:51+08:00 ] 42.236.99.242 /index.php?s=vod-play-id-834-sid-0-pid-1.html
INFO: [ app_init ] --START--
INFO: Run Behavior\BuildLiteBehavior [ RunTime:0.000000s ]
INFO: [ app_init ] --END-- [ RunTime:0.000000s ]
ERR: 无法加载模块:Vod-play-id-834-sid-0-pid-1

[ 2017-06-04T05:45:51+08:00 ] 42.236.10.105 /index.php?m=vod-play-id-1024-src-1-num-1.html
INFO: [ app_init ] --START--
INFO: Run Behavior\BuildLiteBehavior [ RunTime:0.000000s ]
INFO: [ app_init ] --END-- [ RunTime:0.000000s ]
ERR: 无法加载模块:Vod-play-id-1024-src-1-num-1.html

[ 2017-06-04T05:45:51+08:00 ] 180.153.236.157 /index.php?m=vod-play-id-209-src-1-num-1.html
INFO: [ app_init ] --START--
INFO: Run Behavior\BuildLiteBehavior [ RunTime:0.000000s ]
INFO: [ app_init ] --END-- [ RunTime:0.000977s ]
ERR: 无法加载模块:Vod-play-id-209-src-1-num-1.html

[ 2017-06-04T05:45:51+08:00 ] 180.153.236.157 /index.php?m=vod-play-id-984-src-1-num-1.html
INFO: [ app_init ] --START--
INFO: Run Behavior\BuildLiteBehavior [ RunTime:0.000000s ]
INFO: [ app_init ] --END-- [ RunTime:0.000976s ]
ERR: 无法加载模块:Vod-play-id-984-src-1-num-1.html

[ 2017-06-04T05:45:51+08:00 ] 42.236.99.30 /index.php?m=vod-list-id-1-pg-1-order--by-time-class-3-year-0-letter--area--lang-.html
INFO: [ app_init ] --START--
INFO: Run Behavior\BuildLiteBehavior [ RunTime:0.000000s ]
INFO: [ app_init ] --END-- [ RunTime:0.000977s ]
ERR: 无法加载模块:Vod-list-id-1-pg-1-order--by-time-class-3-year-0-letter--area--lang-.html

[ 2017-06-04T05:45:52+08:00 ] 42.236.99.51 /index.php?m=vod-play-id-241-src-1-num-1.html
INFO: [ app_init ] --START--
INFO: Run Behavior\BuildLiteBehavior [ RunTime:0.000000s ]
INFO: [ app_init ] --END-- [ RunTime:0.000976s ]
ERR: 无法加载模块:Vod-play-id-241-src-1-num-1.html

[ 2017-06-04T05:45:52+08:00 ] 42.236.10.105 /index.php?m=vod-play-id-537-src-1-num-1.html
INFO: [ app_init ] --START--
INFO: Run Behavior\BuildLiteBehavior [ RunTime:0.000000s ]
INFO: [ app_init ] --END-- [ RunTime:0.000000s ]
ERR: 无法加载模块:Vod-play-id-537-src-1-num-1.html

[ 2017-06-04T05:45:52+08:00 ] 42.236.101.234 /index.php?m=vod-play-id-1520-src-1-num-1.html
INFO: [ app_init ] --START--
INFO: Run Behavior\BuildLiteBehavior [ RunTime:0.000000s ]
INFO: [ app_init ] --END-- [ RunTime:0.000000s ]
ERR: 无法加载模块:Vod-play-id-1520-src-1-num-1.html

[ 2017-06-04T05:46:01+08:00 ] 180.153.236.189 /index.php?s=vod-play-id-725-sid-0-pid-1.html
INFO: [ app_init ] --START--
INFO: Run Behavior\BuildLiteBehavior [ RunTime:0.000000s ]
INFO: [ app_init ] --END-- [ RunTime:0.000976s ]
ERR: 无法加载模块:Vod-play-id-725-sid-0-pid-1

[ 2017-06-04T05:46:20+08:00 ] 180.153.236.11 /index.php?m=vod-list-id-2-pg-1-order--by--class--year--letter-V-area--lang-.html
INFO: [ app_init ] --START--
INFO: Run Behavior\BuildLiteBehavior [ RunTime:0.000976s ]
INFO: [ app_init ] --END-- [ RunTime:0.000976s ]
ERR: 无法加载模块:Vod-list-id-2-pg-1-order--by--class--year--letter-V-area--lang-.html

[ 2017-06-04T17:40:24+08:00 ] 208.110.93.76 /index.php?m=vod-list-id-0-pg-1-order--by--class-0-year-0-letter--area-%E4%BF%84%E7%BD%97%E6%96%AF-lang-.html
INFO: [ app_init ] --START--
INFO: Run Behavior\BuildLiteBehavior [ RunTime:0.000000s ]
INFO: [ app_init ] --END-- [ RunTime:0.000000s ]
ERR: 无法加载模块:Vod-list-id-0-pg-1-order--by--class-0-year-0-letter--area-俄罗斯-lang-.html

[ 2017-06-04T21:00:52+08:00 ] 140.205.225.202 /index.php?m=member&c=index&a=register&siteid=1
INFO: [ app_init ] --START--
INFO: Run Behavior\BuildLiteBehavior [ RunTime:0.000000s ]
INFO: [ app_init ] --END-- [ RunTime:0.000977s ]
ERR: 无法加载模块:Member

[ 2017-06-04T21:00:53+08:00 ] 140.205.225.202 /index.php?m=wap&a=index&siteid=1
INFO: [ app_init ] --START--
INFO: Run Behavior\BuildLiteBehavior [ RunTime:0.000000s ]
INFO: [ app_init ] --END-- [ RunTime:0.000977s ]
ERR: 无法加载模块:Wap

[ 2017-06-04T22:37:44+08:00 ] 204.12.208.10 /index.php?s=vod-search-area-%E5%8A%A0%E6%8B%BF%E5%A4%A7.html
INFO: [ app_init ] --START--
INFO: Run Behavior\BuildLiteBehavior [ RunTime:0.000000s ]
INFO: [ app_init ] --END-- [ RunTime:0.000976s ]
ERR: 无法加载模块:Vod-search-area-加拿大

