[ 2017-08-31T11:50:22+08:00 ] 42.236.55.41 /index.php?m=vod-play-id-1823-src-1-num-1.html
INFO: [ app_init ] --START--
INFO: Run Behavior\BuildLiteBehavior [ RunTime:0.000000s ]
INFO: [ app_init ] --END-- [ RunTime:0.000976s ]
ERR: 无法加载模块:Vod-play-id-1823-src-1-num-1.html

[ 2017-08-31T11:50:23+08:00 ] 42.236.12.130 /index.php?m=vod-list-id-2-pg-1-order--by--class-0-year--letter-O-area--lang-.html
INFO: [ app_init ] --START--
INFO: Run Behavior\BuildLiteBehavior [ RunTime:0.000000s ]
INFO: [ app_init ] --END-- [ RunTime:0.000000s ]
ERR: 无法加载模块:Vod-list-id-2-pg-1-order--by--class-0-year--letter-O-area--lang-.html

[ 2017-08-31T11:50:23+08:00 ] 42.236.46.85 /index.php?s=vod-play-id-1604-sid-0-pid-1.html
INFO: [ app_init ] --START--
INFO: Run Behavior\BuildLiteBehavior [ RunTime:0.000000s ]
INFO: [ app_init ] --END-- [ RunTime:0.000000s ]
ERR: 无法加载模块:Vod-play-id-1604-sid-0-pid-1

[ 2017-08-31T11:50:23+08:00 ] 180.153.236.109 /index.php?s=gb-show-id-395.html
INFO: [ app_init ] --START--
INFO: Run Behavior\BuildLiteBehavior [ RunTime:0.000000s ]
INFO: [ app_init ] --END-- [ RunTime:0.000000s ]
ERR: 无法加载模块:Gb-show-id-395

[ 2017-08-31T11:50:23+08:00 ] 42.236.55.41 /index.php?s=vod-play-id-1185-sid-0-pid-1.html
INFO: [ app_init ] --START--
INFO: Run Behavior\BuildLiteBehavior [ RunTime:0.000000s ]
INFO: [ app_init ] --END-- [ RunTime:0.000977s ]
ERR: 无法加载模块:Vod-play-id-1185-sid-0-pid-1

[ 2017-08-31T11:50:23+08:00 ] 42.236.99.65 /index.php?s=gb-show-p-5704.html
INFO: [ app_init ] --START--
INFO: Run Behavior\BuildLiteBehavior [ RunTime:0.000000s ]
INFO: [ app_init ] --END-- [ RunTime:0.000976s ]
ERR: 无法加载模块:Gb-show-p-5704

[ 2017-08-31T11:50:23+08:00 ] 42.236.55.41 /index.php?m=vod-list-id-4-pg-1-order--by--class-0-year-2008-letter-O-area--lang-.html
INFO: [ app_init ] --START--
INFO: Run Behavior\BuildLiteBehavior [ RunTime:0.000000s ]
INFO: [ app_init ] --END-- [ RunTime:0.000977s ]
ERR: 无法加载模块:Vod-list-id-4-pg-1-order--by--class-0-year-2008-letter-O-area--lang-.html

[ 2017-08-31T11:50:23+08:00 ] 42.236.103.66 /index.php?m=vod-list-id-3-pg-1-order--by--class-41-year--letter--area--lang-.html
INFO: [ app_init ] --START--
INFO: Run Behavior\BuildLiteBehavior [ RunTime:0.000000s ]
INFO: [ app_init ] --END-- [ RunTime:0.000000s ]
ERR: 无法加载模块:Vod-list-id-3-pg-1-order--by--class-41-year--letter--area--lang-.html

[ 2017-08-31T11:50:23+08:00 ] 42.236.99.30 /index.php?m=vod-play-id-2342-src-1-num-1.html
INFO: [ app_init ] --START--
INFO: Run Behavior\BuildLiteBehavior [ RunTime:0.000000s ]
INFO: [ app_init ] --END-- [ RunTime:0.000000s ]
ERR: 无法加载模块:Vod-play-id-2342-src-1-num-1.html

[ 2017-08-31T11:50:23+08:00 ] 180.153.236.19 /index.php?m=vod-play-id-881-src-1-num-1.html
INFO: [ app_init ] --START--
INFO: Run Behavior\BuildLiteBehavior [ RunTime:0.000000s ]
INFO: [ app_init ] --END-- [ RunTime:0.000000s ]
ERR: 无法加载模块:Vod-play-id-881-src-1-num-1.html

[ 2017-08-31T11:50:24+08:00 ] 42.236.99.166 /index.php?m=vod-search-pg-235-starring-yuanyuan-area-%E8%8B%B1%E5%9B%BD.html
INFO: [ app_init ] --START--
INFO: Run Behavior\BuildLiteBehavior [ RunTime:0.000000s ]
INFO: [ app_init ] --END-- [ RunTime:0.000976s ]
ERR: 无法加载模块:Vod-search-pg-235-starring-yuanyuan-area-英国.html

[ 2017-08-31T11:50:24+08:00 ] 42.236.103.66 /index.php?s=gb-show-id-567.html
INFO: [ app_init ] --START--
INFO: Run Behavior\BuildLiteBehavior [ RunTime:0.000000s ]
INFO: [ app_init ] --END-- [ RunTime:0.000976s ]
ERR: 无法加载模块:Gb-show-id-567

[ 2017-08-31T11:50:24+08:00 ] 42.236.99.130 /index.php?s=gb-show-id-1675.html
INFO: [ app_init ] --START--
INFO: Run Behavior\BuildLiteBehavior [ RunTime:0.000000s ]
INFO: [ app_init ] --END-- [ RunTime:0.000976s ]
ERR: 无法加载模块:Gb-show-id-1675

[ 2017-08-31T11:50:24+08:00 ] 42.236.99.65 /index.php?s=vod-play-id-493-sid-0-pid-1.html
INFO: [ app_init ] --START--
INFO: Run Behavior\BuildLiteBehavior [ RunTime:0.000000s ]
INFO: [ app_init ] --END-- [ RunTime:0.000977s ]
ERR: 无法加载模块:Vod-play-id-493-sid-0-pid-1

[ 2017-08-31T11:50:24+08:00 ] 42.236.99.23 /index.php?s=gb-show-id-466.html
INFO: [ app_init ] --START--
INFO: Run Behavior\BuildLiteBehavior [ RunTime:0.000000s ]
INFO: [ app_init ] --END-- [ RunTime:0.000000s ]
ERR: 无法加载模块:Gb-show-id-466

