[ 2017-05-01T02:13:13+08:00 ] 66.249.64.130 /index.php?s=vod-play-id-2032-sid-0-pid-1.html
INFO: [ app_init ] --START--
INFO: Run Behavior\BuildLiteBehavior [ RunTime:0.000018s ]
INFO: [ app_init ] --END-- [ RunTime:0.000376s ]
ERR: 无法加载模块:Vod-play-id-2032-sid-0-pid-1

[ 2017-05-01T03:24:02+08:00 ] 66.249.64.135 /index.php?s=gb-show-p-443.html
INFO: [ app_init ] --START--
INFO: Run Behavior\BuildLiteBehavior [ RunTime:0.000030s ]
INFO: [ app_init ] --END-- [ RunTime:0.000793s ]
ERR: 无法加载模块:Gb-show-p-443

[ 2017-05-01T06:46:53+08:00 ] 66.249.64.135 /index.php?s=vod-play-id-1477-sid-0-pid-1.html
INFO: [ app_init ] --START--
INFO: Run Behavior\BuildLiteBehavior [ RunTime:0.000022s ]
INFO: [ app_init ] --END-- [ RunTime:0.000441s ]
ERR: 无法加载模块:Vod-play-id-1477-sid-0-pid-1

[ 2017-05-01T09:58:23+08:00 ] 42.236.10.83 /index.php?s=gb-show-id-240.html
INFO: [ app_init ] --START--
INFO: Run Behavior\BuildLiteBehavior [ RunTime:0.000031s ]
INFO: [ app_init ] --END-- [ RunTime:0.000568s ]
ERR: 无法加载模块:Gb-show-id-240

[ 2017-05-01T09:58:23+08:00 ] 42.236.10.113 /index.php?m=vod-play-id-458-src-1-num-1.html
INFO: [ app_init ] --START--
INFO: Run Behavior\BuildLiteBehavior [ RunTime:0.000021s ]
INFO: [ app_init ] --END-- [ RunTime:0.000445s ]
ERR: 无法加载模块:Vod-play-id-458-src-1-num-1.html

[ 2017-05-01T09:58:23+08:00 ] 42.236.99.30 /index.php?m=vod-play-id-893-src-1-num-1.html
INFO: [ app_init ] --START--
INFO: Run Behavior\BuildLiteBehavior [ RunTime:0.000027s ]
INFO: [ app_init ] --END-- [ RunTime:0.000485s ]
ERR: 无法加载模块:Vod-play-id-893-src-1-num-1.html

[ 2017-05-01T09:58:23+08:00 ] 42.236.10.71 /index.php?s=vod-play-id-1860-sid-0-pid-1.html
INFO: [ app_init ] --START--
INFO: Run Behavior\BuildLiteBehavior [ RunTime:0.000024s ]
INFO: [ app_init ] --END-- [ RunTime:0.000440s ]
ERR: 无法加载模块:Vod-play-id-1860-sid-0-pid-1

[ 2017-05-01T09:58:23+08:00 ] 42.236.99.65 /index.php?m=vod-play-id-1464-src-1-num-1.html
INFO: [ app_init ] --START--
INFO: Run Behavior\BuildLiteBehavior [ RunTime:0.000025s ]
INFO: [ app_init ] --END-- [ RunTime:0.000447s ]
ERR: 无法加载模块:Vod-play-id-1464-src-1-num-1.html

[ 2017-05-01T09:58:23+08:00 ] 180.153.236.51 /index.php?m=vod-list-id-4-pg-1-order--by--class-0-year-2004-letter-Z-area--lang-.html
INFO: [ app_init ] --START--
INFO: Run Behavior\BuildLiteBehavior [ RunTime:0.000017s ]
INFO: [ app_init ] --END-- [ RunTime:0.000327s ]
ERR: 无法加载模块:Vod-list-id-4-pg-1-order--by--class-0-year-2004-letter-Z-area--lang-.html

[ 2017-05-01T09:58:23+08:00 ] 42.236.99.65 /index.php?m=vod-list-id-1-pg-1-order--by-time-class-0-year-0-letter--area-%E6%B3%B0%E5%9B%BD-lang-.html
INFO: [ app_init ] --START--
INFO: Run Behavior\BuildLiteBehavior [ RunTime:0.000023s ]
INFO: [ app_init ] --END-- [ RunTime:0.000383s ]
ERR: 无法加载模块:Vod-list-id-1-pg-1-order--by-time-class-0-year-0-letter--area-泰国-lang-.html

[ 2017-05-01T09:58:23+08:00 ] 42.236.99.178 /index.php?m=vod-play-id-2284-src-1-num-1.html
INFO: [ app_init ] --START--
INFO: Run Behavior\BuildLiteBehavior [ RunTime:0.000027s ]
INFO: [ app_init ] --END-- [ RunTime:0.000358s ]
ERR: 无法加载模块:Vod-play-id-2284-src-1-num-1.html

[ 2017-05-01T09:58:23+08:00 ] 42.236.10.111 /index.php?m=vod-play-id-567-src-1-num-1.html
INFO: [ app_init ] --START--
INFO: Run Behavior\BuildLiteBehavior [ RunTime:0.000020s ]
INFO: [ app_init ] --END-- [ RunTime:0.000465s ]
ERR: 无法加载模块:Vod-play-id-567-src-1-num-1.html

[ 2017-05-01T09:58:23+08:00 ] 42.236.10.103 /index.php?s=vod-play-id-1378-sid-0-pid-1.html
INFO: [ app_init ] --START--
INFO: Run Behavior\BuildLiteBehavior [ RunTime:0.000015s ]
INFO: [ app_init ] --END-- [ RunTime:0.000336s ]
ERR: 无法加载模块:Vod-play-id-1378-sid-0-pid-1

[ 2017-05-01T09:58:23+08:00 ] 42.236.10.75 /index.php?m=vod-play-id-197-src-1-num-1.html
INFO: [ app_init ] --START--
INFO: Run Behavior\BuildLiteBehavior [ RunTime:0.000013s ]
INFO: [ app_init ] --END-- [ RunTime:0.000322s ]
ERR: 无法加载模块:Vod-play-id-197-src-1-num-1.html

[ 2017-05-01T09:58:23+08:00 ] 42.236.99.154 /index.php?m=vod-play-id-768-src-1-num-1.html
INFO: [ app_init ] --START--
INFO: Run Behavior\BuildLiteBehavior [ RunTime:0.000021s ]
INFO: [ app_init ] --END-- [ RunTime:0.000339s ]
ERR: 无法加载模块:Vod-play-id-768-src-1-num-1.html

[ 2017-05-01T09:58:23+08:00 ] 42.236.99.65 /index.php?m=vod-list-id-2-pg-1-order--by--class-16-year--letter--area--lang-.html
INFO: [ app_init ] --START--
INFO: Run Behavior\BuildLiteBehavior [ RunTime:0.000015s ]
INFO: [ app_init ] --END-- [ RunTime:0.000352s ]
ERR: 无法加载模块:Vod-list-id-2-pg-1-order--by--class-16-year--letter--area--lang-.html

[ 2017-05-01T09:58:24+08:00 ] 42.236.10.110 /index.php?m=vod-play-id-1063-src-1-num-1.html
INFO: [ app_init ] --START--
INFO: Run Behavior\BuildLiteBehavior [ RunTime:0.000020s ]
INFO: [ app_init ] --END-- [ RunTime:0.000415s ]
ERR: 无法加载模块:Vod-play-id-1063-src-1-num-1.html

[ 2017-05-01T09:58:24+08:00 ] 42.236.10.79 /index.php?m=vod-play-id-2263-src-1-num-1.html
INFO: [ app_init ] --START--
INFO: Run Behavior\BuildLiteBehavior [ RunTime:0.000018s ]
INFO: [ app_init ] --END-- [ RunTime:0.000349s ]
ERR: 无法加载模块:Vod-play-id-2263-src-1-num-1.html

[ 2017-05-01T09:58:24+08:00 ] 180.153.236.109 /index.php?m=vod-search-pg-2-starring-yuanyuan-classid-6.html
INFO: [ app_init ] --START--
INFO: Run Behavior\BuildLiteBehavior [ RunTime:0.000016s ]
INFO: [ app_init ] --END-- [ RunTime:0.000307s ]
ERR: 无法加载模块:Vod-search-pg-2-starring-yuanyuan-classid-6.html

[ 2017-05-01T09:58:24+08:00 ] 42.236.10.113 /index.php?s=vod-play-id-459-sid-0-pid-1.html
INFO: [ app_init ] --START--
INFO: Run Behavior\BuildLiteBehavior [ RunTime:0.000019s ]
INFO: [ app_init ] --END-- [ RunTime:0.000319s ]
ERR: 无法加载模块:Vod-play-id-459-sid-0-pid-1

[ 2017-05-01T09:58:24+08:00 ] 42.236.99.166 /index.php?s=gb-show-p-2070.html
INFO: [ app_init ] --START--
INFO: Run Behavior\BuildLiteBehavior [ RunTime:0.000012s ]
INFO: [ app_init ] --END-- [ RunTime:0.000276s ]
ERR: 无法加载模块:Gb-show-p-2070

[ 2017-05-01T09:58:24+08:00 ] 42.236.99.72 /index.php?m=vod-list-id-7-pg-1-order--by--class--year--letter--area-%E5%8D%B0%E5%BA%A6-lang-.html
INFO: [ app_init ] --START--
INFO: Run Behavior\BuildLiteBehavior [ RunTime:0.000020s ]
INFO: [ app_init ] --END-- [ RunTime:0.000323s ]
ERR: 无法加载模块:Vod-list-id-7-pg-1-order--by--class--year--letter--area-印度-lang-.html

[ 2017-05-01T09:58:24+08:00 ] 42.236.99.23 /index.php?m=vod-play-id-171-src-1-num-1.html
INFO: [ app_init ] --START--
INFO: Run Behavior\BuildLiteBehavior [ RunTime:0.000016s ]
INFO: [ app_init ] --END-- [ RunTime:0.000334s ]
ERR: 无法加载模块:Vod-play-id-171-src-1-num-1.html

[ 2017-05-01T09:58:25+08:00 ] 42.236.99.16 /index.php?s=vod-play-id-295-sid-0-pid-1.html
INFO: [ app_init ] --START--
INFO: Run Behavior\BuildLiteBehavior [ RunTime:0.000030s ]
INFO: [ app_init ] --END-- [ RunTime:0.000370s ]
ERR: 无法加载模块:Vod-play-id-295-sid-0-pid-1

[ 2017-05-01T09:58:25+08:00 ] 42.236.99.44 /index.php?s=vod-play-id-792-sid-0-pid-1.html
INFO: [ app_init ] --START--
INFO: Run Behavior\BuildLiteBehavior [ RunTime:0.000014s ]
INFO: [ app_init ] --END-- [ RunTime:0.000289s ]
ERR: 无法加载模块:Vod-play-id-792-sid-0-pid-1

[ 2017-05-01T20:06:52+08:00 ] 66.249.64.191 /index.php?s=vod-play-id-1700-sid-0-pid-1.html
INFO: [ app_init ] --START--
INFO: Run Behavior\BuildLiteBehavior [ RunTime:0.000022s ]
INFO: [ app_init ] --END-- [ RunTime:0.000362s ]
ERR: 无法加载模块:Vod-play-id-1700-sid-0-pid-1

