[ 2017-08-24T02:41:54+08:00 ] 176.9.110.70 /index.php?m=vod-list-id-0-pg-1-order--by--class-0-year-0-letter--area-%E4%BF%84%E7%BD%97%E6%96%AF-lang-.html
INFO: [ app_init ] --START--
INFO: Run Behavior\BuildLiteBehavior [ RunTime:0.000000s ]
INFO: [ app_init ] --END-- [ RunTime:0.000977s ]
ERR: 无法加载模块:Vod-list-id-0-pg-1-order--by--class-0-year-0-letter--area-俄罗斯-lang-.html

[ 2017-08-24T15:01:06+08:00 ] 42.236.99.130 /index.php?s=vod-play-id-154-sid-0-pid-1.html
INFO: [ app_init ] --START--
INFO: Run Behavior\BuildLiteBehavior [ RunTime:0.000000s ]
INFO: [ app_init ] --END-- [ RunTime:0.000977s ]
ERR: 无法加载模块:Vod-play-id-154-sid-0-pid-1

[ 2017-08-24T15:01:07+08:00 ] 42.236.103.66 /index.php?s=vod-play-id-443-sid-0-pid-1.html
INFO: [ app_init ] --START--
INFO: Run Behavior\BuildLiteBehavior [ RunTime:0.000000s ]
INFO: [ app_init ] --END-- [ RunTime:0.000977s ]
ERR: 无法加载模块:Vod-play-id-443-sid-0-pid-1

[ 2017-08-24T15:01:07+08:00 ] 42.236.103.66 /index.php?m=vod-play-id-1801-src-1-num-1.html
INFO: [ app_init ] --START--
INFO: Run Behavior\BuildLiteBehavior [ RunTime:0.000000s ]
INFO: [ app_init ] --END-- [ RunTime:0.000977s ]
ERR: 无法加载模块:Vod-play-id-1801-src-1-num-1.html

[ 2017-08-24T15:01:07+08:00 ] 42.236.101.194 /index.php?s=gb-show-id-354.html
INFO: [ app_init ] --START--
INFO: Run Behavior\BuildLiteBehavior [ RunTime:0.000000s ]
INFO: [ app_init ] --END-- [ RunTime:0.000977s ]
ERR: 无法加载模块:Gb-show-id-354

[ 2017-08-24T15:01:07+08:00 ] 42.236.99.206 /index.php?s=gb-show-p-3765.html
INFO: [ app_init ] --START--
INFO: Run Behavior\BuildLiteBehavior [ RunTime:0.000000s ]
INFO: [ app_init ] --END-- [ RunTime:0.000000s ]
ERR: 无法加载模块:Gb-show-p-3765

[ 2017-08-24T15:01:08+08:00 ] 42.236.99.86 /index.php?m=vod-search-pg-235-starring-yuanyuan-area-%E5%8A%A0%E6%8B%BF%E5%A4%A7.html
INFO: [ app_init ] --START--
INFO: Run Behavior\BuildLiteBehavior [ RunTime:0.000000s ]
INFO: [ app_init ] --END-- [ RunTime:0.000000s ]
ERR: 无法加载模块:Vod-search-pg-235-starring-yuanyuan-area-加拿大.html

[ 2017-08-24T15:01:08+08:00 ] 42.236.12.130 /index.php?m=vod-play-id-825-src-1-num-1.html
INFO: [ app_init ] --START--
INFO: Run Behavior\BuildLiteBehavior [ RunTime:0.000000s ]
INFO: [ app_init ] --END-- [ RunTime:0.000977s ]
ERR: 无法加载模块:Vod-play-id-825-src-1-num-1.html

[ 2017-08-24T15:01:08+08:00 ] 42.236.99.86 /index.php?s=vod-play-id-1107-sid-0-pid-1.html
INFO: [ app_init ] --START--
INFO: Run Behavior\BuildLiteBehavior [ RunTime:0.000000s ]
INFO: [ app_init ] --END-- [ RunTime:0.000976s ]
ERR: 无法加载模块:Vod-play-id-1107-sid-0-pid-1

[ 2017-08-24T15:01:08+08:00 ] 42.236.55.21 /index.php?m=vod-list-id-2-pg-6-order--by--class-0-year-0-letter--area-%E5%A4%A7%E9%99%86-lang-.html
INFO: [ app_init ] --START--
INFO: Run Behavior\BuildLiteBehavior [ RunTime:0.000000s ]
INFO: [ app_init ] --END-- [ RunTime:0.000977s ]
ERR: 无法加载模块:Vod-list-id-2-pg-6-order--by--class-0-year-0-letter--area-大陆-lang-.html

[ 2017-08-24T15:01:08+08:00 ] 42.236.102.23 /index.php?s=gb-show-id-702.html
INFO: [ app_init ] --START--
INFO: Run Behavior\BuildLiteBehavior [ RunTime:0.000000s ]
INFO: [ app_init ] --END-- [ RunTime:0.000976s ]
ERR: 无法加载模块:Gb-show-id-702

