[ 2017-03-26T21:51:02+08:00 ] 42.236.10.107 /index.php?s=vod-play-id-488-sid-0-pid-1.html
INFO: [ app_init ] --START--
INFO: Run Behavior\BuildLiteBehavior [ RunTime:0.000013s ]
INFO: [ app_init ] --END-- [ RunTime:0.000315s ]
ERR: 无法加载模块:Vod-play-id-488-sid-0-pid-1

[ 2017-03-26T21:51:02+08:00 ] 42.236.99.58 /index.php?m=vod-list-id-2-pg-1-order--by--class-25-year--letter--area--lang-.html
INFO: [ app_init ] --START--
INFO: Run Behavior\BuildLiteBehavior [ RunTime:0.000021s ]
INFO: [ app_init ] --END-- [ RunTime:0.000601s ]
ERR: 无法加载模块:Vod-list-id-2-pg-1-order--by--class-25-year--letter--area--lang-.html

[ 2017-03-26T21:51:02+08:00 ] 42.236.10.84 /index.php?s=gb-show-id-1371.html
INFO: [ app_init ] --START--
INFO: Run Behavior\BuildLiteBehavior [ RunTime:0.000012s ]
INFO: [ app_init ] --END-- [ RunTime:0.000315s ]
ERR: 无法加载模块:Gb-show-id-1371

[ 2017-03-26T21:51:02+08:00 ] 42.236.99.79 /index.php?m=vod-play-id-743-src-1-num-1.html
INFO: [ app_init ] --START--
INFO: Run Behavior\BuildLiteBehavior [ RunTime:0.000011s ]
INFO: [ app_init ] --END-- [ RunTime:0.000349s ]
ERR: 无法加载模块:Vod-play-id-743-src-1-num-1.html

[ 2017-03-26T21:51:03+08:00 ] 42.236.10.114 /index.php?s=vod-search-p-56.html
INFO: [ app_init ] --START--
INFO: Run Behavior\BuildLiteBehavior [ RunTime:0.000015s ]
INFO: [ app_init ] --END-- [ RunTime:0.000410s ]
ERR: 无法加载模块:Vod-search-p-56

[ 2017-03-26T21:51:03+08:00 ] 42.236.99.72 /index.php?m=vod-play-id-335-src-1-num-1.html
INFO: [ app_init ] --START--
INFO: Run Behavior\BuildLiteBehavior [ RunTime:0.000015s ]
INFO: [ app_init ] --END-- [ RunTime:0.000354s ]
ERR: 无法加载模块:Vod-play-id-335-src-1-num-1.html

[ 2017-03-26T21:51:03+08:00 ] 42.236.10.107 /index.php?m=vod-list-id-5-pg-1-order--by--class-0-year-0-letter--area-%E9%A6%99%E6%B8%AF-lang-.html
INFO: [ app_init ] --START--
INFO: Run Behavior\BuildLiteBehavior [ RunTime:0.000012s ]
INFO: [ app_init ] --END-- [ RunTime:0.000323s ]
ERR: 无法加载模块:Vod-list-id-5-pg-1-order--by--class-0-year-0-letter--area-香港-lang-.html

[ 2017-03-26T21:51:03+08:00 ] 42.236.99.79 /index.php?s=vod-play-id-1078-sid-0-pid-1.html
INFO: [ app_init ] --START--
INFO: Run Behavior\BuildLiteBehavior [ RunTime:0.000020s ]
INFO: [ app_init ] --END-- [ RunTime:0.000358s ]
ERR: 无法加载模块:Vod-play-id-1078-sid-0-pid-1

[ 2017-03-26T21:51:04+08:00 ] 42.236.99.37 /index.php?m=vod-play-id-2183-src-1-num-1.html
INFO: [ app_init ] --START--
INFO: Run Behavior\BuildLiteBehavior [ RunTime:0.000013s ]
INFO: [ app_init ] --END-- [ RunTime:0.000277s ]
ERR: 无法加载模块:Vod-play-id-2183-src-1-num-1.html

[ 2017-03-26T21:51:04+08:00 ] 42.236.10.112 /index.php?m=vod-play-id-1043-src-1-num-1.html
INFO: [ app_init ] --START--
INFO: Run Behavior\BuildLiteBehavior [ RunTime:0.000013s ]
INFO: [ app_init ] --END-- [ RunTime:0.000353s ]
ERR: 无法加载模块:Vod-play-id-1043-src-1-num-1.html

[ 2017-03-26T21:51:04+08:00 ] 42.236.10.71 /index.php?m=vod-list-id-2-pg-1-order--by--class-15-year-2009-letter--area-%E5%8F%B0%E6%B9%BE-lang-.html
INFO: [ app_init ] --START--
INFO: Run Behavior\BuildLiteBehavior [ RunTime:0.000014s ]
INFO: [ app_init ] --END-- [ RunTime:0.000317s ]
ERR: 无法加载模块:Vod-list-id-2-pg-1-order--by--class-15-year-2009-letter--area-台湾-lang-.html

[ 2017-03-26T21:51:04+08:00 ] 42.236.99.65 /index.php?m=vod-play-id-2486-src-1-num-1.html
INFO: [ app_init ] --START--
INFO: Run Behavior\BuildLiteBehavior [ RunTime:0.000013s ]
INFO: [ app_init ] --END-- [ RunTime:0.000277s ]
ERR: 无法加载模块:Vod-play-id-2486-src-1-num-1.html

[ 2017-03-26T21:51:05+08:00 ] 42.236.99.242 /index.php?m=vod-play-id-1664-src-1-num-1.html
INFO: [ app_init ] --START--
INFO: Run Behavior\BuildLiteBehavior [ RunTime:0.000013s ]
INFO: [ app_init ] --END-- [ RunTime:0.000321s ]
ERR: 无法加载模块:Vod-play-id-1664-src-1-num-1.html

[ 2017-03-26T21:51:05+08:00 ] 42.236.99.58 /index.php?m=vod-play-id-1796-src-1-num-1.html
INFO: [ app_init ] --START--
INFO: Run Behavior\BuildLiteBehavior [ RunTime:0.000014s ]
INFO: [ app_init ] --END-- [ RunTime:0.000323s ]
ERR: 无法加载模块:Vod-play-id-1796-src-1-num-1.html

[ 2017-03-26T21:51:05+08:00 ] 180.153.236.133 /index.php?s=vod-play-id-1342-sid-0-pid-1.html
INFO: [ app_init ] --START--
INFO: Run Behavior\BuildLiteBehavior [ RunTime:0.000016s ]
INFO: [ app_init ] --END-- [ RunTime:0.000345s ]
ERR: 无法加载模块:Vod-play-id-1342-sid-0-pid-1

[ 2017-03-26T21:51:06+08:00 ] 42.236.10.77 /index.php?m=vod-play-id-2199-src-1-num-1.html
INFO: [ app_init ] --START--
INFO: Run Behavior\BuildLiteBehavior [ RunTime:0.000020s ]
INFO: [ app_init ] --END-- [ RunTime:0.000444s ]
ERR: 无法加载模块:Vod-play-id-2199-src-1-num-1.html

[ 2017-03-26T21:51:06+08:00 ] 42.236.10.76 /index.php?s=gb-show-id-1288.html
INFO: [ app_init ] --START--
INFO: Run Behavior\BuildLiteBehavior [ RunTime:0.000018s ]
INFO: [ app_init ] --END-- [ RunTime:0.000382s ]
ERR: 无法加载模块:Gb-show-id-1288

[ 2017-03-26T21:51:06+08:00 ] 42.236.99.154 /index.php?s=gb-show-id-865.html
INFO: [ app_init ] --START--
INFO: Run Behavior\BuildLiteBehavior [ RunTime:0.000012s ]
INFO: [ app_init ] --END-- [ RunTime:0.000294s ]
ERR: 无法加载模块:Gb-show-id-865

[ 2017-03-26T21:51:06+08:00 ] 42.236.99.130 /index.php?m=vod-play-id-1371-src-1-num-1.html
INFO: [ app_init ] --START--
INFO: Run Behavior\BuildLiteBehavior [ RunTime:0.000017s ]
INFO: [ app_init ] --END-- [ RunTime:0.000353s ]
ERR: 无法加载模块:Vod-play-id-1371-src-1-num-1.html

[ 2017-03-26T21:51:07+08:00 ] 180.153.236.149 /index.php?m=vod-list-id-5-pg-1-order--by-hits-class--year--letter--area--lang-.html
INFO: [ app_init ] --START--
INFO: Run Behavior\BuildLiteBehavior [ RunTime:0.000014s ]
INFO: [ app_init ] --END-- [ RunTime:0.000321s ]
ERR: 无法加载模块:Vod-list-id-5-pg-1-order--by-hits-class--year--letter--area--lang-.html

[ 2017-03-26T21:51:07+08:00 ] 42.236.10.80 /index.php?s=vod-play-id-1723-sid-0-pid-1.html
INFO: [ app_init ] --START--
INFO: Run Behavior\BuildLiteBehavior [ RunTime:0.000014s ]
INFO: [ app_init ] --END-- [ RunTime:0.000378s ]
ERR: 无法加载模块:Vod-play-id-1723-sid-0-pid-1

[ 2017-03-26T21:51:07+08:00 ] 42.236.99.37 /index.php?m=vod-search-pg-237-year-2008-starring-yuanyuan.html
INFO: [ app_init ] --START--
INFO: Run Behavior\BuildLiteBehavior [ RunTime:0.000012s ]
INFO: [ app_init ] --END-- [ RunTime:0.000308s ]
ERR: 无法加载模块:Vod-search-pg-237-year-2008-starring-yuanyuan.html

[ 2017-03-26T21:51:07+08:00 ] 180.153.236.101 /index.php?s=vod-play-id-60-sid-0-pid-1.html
INFO: [ app_init ] --START--
INFO: Run Behavior\BuildLiteBehavior [ RunTime:0.000011s ]
INFO: [ app_init ] --END-- [ RunTime:0.000313s ]
ERR: 无法加载模块:Vod-play-id-60-sid-0-pid-1

