[ 2017-06-18T04:11:51+08:00 ] 42.236.10.82 /index.php?s=gb-show-id-1481.html
INFO: [ app_init ] --START--
INFO: Run Behavior\BuildLiteBehavior [ RunTime:0.000000s ]
INFO: [ app_init ] --END-- [ RunTime:0.000977s ]
ERR: 无法加载模块:Gb-show-id-1481

[ 2017-06-18T04:11:51+08:00 ] 42.236.10.77 /index.php?m=vod-list-id-4-pg-1-order--by--class-0-year-2006-letter--area-%E8%A5%BF%E7%8F%AD%E7%89%99-lang-.html
INFO: [ app_init ] --START--
INFO: Run Behavior\BuildLiteBehavior [ RunTime:0.000000s ]
INFO: [ app_init ] --END-- [ RunTime:0.000977s ]
ERR: 无法加载模块:Vod-list-id-4-pg-1-order--by--class-0-year-2006-letter--area-西班牙-lang-.html

[ 2017-06-18T04:11:52+08:00 ] 42.236.99.142 /index.php?m=vod-list-id-2-pg-1-order--by--class--year-0-letter--area-%E5%8D%B0%E5%BA%A6-lang-.html
INFO: [ app_init ] --START--
INFO: Run Behavior\BuildLiteBehavior [ RunTime:0.000000s ]
INFO: [ app_init ] --END-- [ RunTime:0.000000s ]
ERR: 无法加载模块:Vod-list-id-2-pg-1-order--by--class--year-0-letter--area-印度-lang-.html

[ 2017-06-18T04:11:52+08:00 ] 42.236.10.110 /index.php?s=vod-play-id-207-sid-0-pid-1.html
INFO: [ app_init ] --START--
INFO: Run Behavior\BuildLiteBehavior [ RunTime:0.000000s ]
INFO: [ app_init ] --END-- [ RunTime:0.000000s ]
ERR: 无法加载模块:Vod-play-id-207-sid-0-pid-1

[ 2017-06-18T04:11:52+08:00 ] 42.236.10.107 /index.php?s=gb-show-p-1139.html
INFO: [ app_init ] --START--
INFO: Run Behavior\BuildLiteBehavior [ RunTime:0.000000s ]
INFO: [ app_init ] --END-- [ RunTime:0.000977s ]
ERR: 无法加载模块:Gb-show-p-1139

[ 2017-06-18T04:11:52+08:00 ] 42.236.10.107 /index.php?m=vod-play-id-2452-src-1-num-1.html
INFO: [ app_init ] --START--
INFO: Run Behavior\BuildLiteBehavior [ RunTime:0.000000s ]
INFO: [ app_init ] --END-- [ RunTime:0.000977s ]
ERR: 无法加载模块:Vod-play-id-2452-src-1-num-1.html

[ 2017-06-18T04:11:52+08:00 ] 42.236.10.100 /index.php?m=vod-list-id-4-pg-1-order--by--class-0-year-2006-letter-B-area-%E6%B3%95%E5%9B%BD-lang-.html
INFO: [ app_init ] --START--
INFO: Run Behavior\BuildLiteBehavior [ RunTime:0.000000s ]
INFO: [ app_init ] --END-- [ RunTime:0.000000s ]
ERR: 无法加载模块:Vod-list-id-4-pg-1-order--by--class-0-year-2006-letter-B-area-法国-lang-.html

[ 2017-06-18T04:11:52+08:00 ] 42.236.10.76 /index.php?m=vod-play-id-2120-src-1-num-1.html
INFO: [ app_init ] --START--
INFO: Run Behavior\BuildLiteBehavior [ RunTime:0.000000s ]
INFO: [ app_init ] --END-- [ RunTime:0.000000s ]
ERR: 无法加载模块:Vod-play-id-2120-src-1-num-1.html

[ 2017-06-18T04:11:52+08:00 ] 42.236.99.30 /index.php?s=vod-play-id-778-sid-0-pid-1.html
INFO: [ app_init ] --START--
INFO: Run Behavior\BuildLiteBehavior [ RunTime:0.000000s ]
INFO: [ app_init ] --END-- [ RunTime:0.000000s ]
ERR: 无法加载模块:Vod-play-id-778-sid-0-pid-1

[ 2017-06-18T04:11:52+08:00 ] 42.236.10.82 /index.php?m=vod-search-pg-2-starring-yuanyuan-letter-R.html
INFO: [ app_init ] --START--
INFO: Run Behavior\BuildLiteBehavior [ RunTime:0.000000s ]
INFO: [ app_init ] --END-- [ RunTime:0.000000s ]
ERR: 无法加载模块:Vod-search-pg-2-starring-yuanyuan-letter-R.html

[ 2017-06-18T04:11:59+08:00 ] 180.153.236.157 /index.php?m=vod-search-pg-2-starring-yuanyuan-letter-N.html
INFO: [ app_init ] --START--
INFO: Run Behavior\BuildLiteBehavior [ RunTime:0.000000s ]
INFO: [ app_init ] --END-- [ RunTime:0.000976s ]
ERR: 无法加载模块:Vod-search-pg-2-starring-yuanyuan-letter-N.html

