[ 2017-07-05T05:08:43+08:00 ] 42.236.10.111 /index.php?s=gb-show-id-1837.html
INFO: [ app_init ] --START--
INFO: Run Behavior\BuildLiteBehavior [ RunTime:0.000000s ]
INFO: [ app_init ] --END-- [ RunTime:0.000977s ]
ERR: 无法加载模块:Gb-show-id-1837

[ 2017-07-05T05:08:43+08:00 ] 42.236.54.42 /index.php?m=vod-play-id-2215-src-1-num-1.html
INFO: [ app_init ] --START--
INFO: Run Behavior\BuildLiteBehavior [ RunTime:0.000000s ]
INFO: [ app_init ] --END-- [ RunTime:0.000976s ]
ERR: 无法加载模块:Vod-play-id-2215-src-1-num-1.html

[ 2017-07-05T05:08:44+08:00 ] 42.236.10.100 /index.php?m=vod-play-id-324-src-1-num-1.html
INFO: [ app_init ] --START--
INFO: Run Behavior\BuildLiteBehavior [ RunTime:0.000977s ]
INFO: [ app_init ] --END-- [ RunTime:0.000977s ]
ERR: 无法加载模块:Vod-play-id-324-src-1-num-1.html

[ 2017-07-05T05:08:44+08:00 ] 42.236.10.106 /index.php?s=vod-play-id-1138-sid-0-pid-1.html
INFO: [ app_init ] --START--
INFO: Run Behavior\BuildLiteBehavior [ RunTime:0.000000s ]
INFO: [ app_init ] --END-- [ RunTime:0.000976s ]
ERR: 无法加载模块:Vod-play-id-1138-sid-0-pid-1

[ 2017-07-05T05:09:02+08:00 ] 180.153.236.19 /index.php?s=vod-play-id-1826-sid-0-pid-1.html
INFO: [ app_init ] --START--
INFO: Run Behavior\BuildLiteBehavior [ RunTime:0.000000s ]
INFO: [ app_init ] --END-- [ RunTime:0.000977s ]
ERR: 无法加载模块:Vod-play-id-1826-sid-0-pid-1

[ 2017-07-05T05:09:04+08:00 ] 180.153.236.149 /index.php?m=vod-list-id-2-pg-1-order--by--class-17-year-0-letter--area-%E5%8D%B0%E5%BA%A6-lang-.html
INFO: [ app_init ] --START--
INFO: Run Behavior\BuildLiteBehavior [ RunTime:0.000000s ]
INFO: [ app_init ] --END-- [ RunTime:0.000976s ]
ERR: 无法加载模块:Vod-list-id-2-pg-1-order--by--class-17-year-0-letter--area-印度-lang-.html

[ 2017-07-05T05:09:07+08:00 ] 180.153.236.11 /index.php?m=vod-play-id-668-src-1-num-1.html
INFO: [ app_init ] --START--
INFO: Run Behavior\BuildLiteBehavior [ RunTime:0.000000s ]
INFO: [ app_init ] --END-- [ RunTime:0.000977s ]
ERR: 无法加载模块:Vod-play-id-668-src-1-num-1.html

[ 2017-07-05T05:09:09+08:00 ] 180.153.232.170 /index.php?m=vod-play-id-173-src-1-num-1.html
INFO: [ app_init ] --START--
INFO: Run Behavior\BuildLiteBehavior [ RunTime:0.000000s ]
INFO: [ app_init ] --END-- [ RunTime:0.000000s ]
ERR: 无法加载模块:Vod-play-id-173-src-1-num-1.html

