[ 2017-04-01T02:43:14+08:00 ] 180.76.15.157 /?s=vod-search-wd-%E5%A6%BB%E5%AD%90%E6%92%B8.html
INFO: [ app_init ] --START--
INFO: Run Behavior\BuildLiteBehavior [ RunTime:0.000018s ]
INFO: [ app_init ] --END-- [ RunTime:0.000373s ]
ERR: 无法加载模块:Vod-search-wd-妻子撸

[ 2017-04-01T22:10:23+08:00 ] 180.153.236.117 /index.php?m=vod-list-id-1-pg-1-order--by-score-class-11-year-2001-letter--area--lang-.html
INFO: [ app_init ] --START--
INFO: Run Behavior\BuildLiteBehavior [ RunTime:0.000019s ]
INFO: [ app_init ] --END-- [ RunTime:0.000382s ]
ERR: 无法加载模块:Vod-list-id-1-pg-1-order--by-score-class-11-year-2001-letter--area--lang-.html

[ 2017-04-01T22:10:23+08:00 ] 42.236.99.218 /index.php?m=vod-play-id-678-src-1-num-1.html
INFO: [ app_init ] --START--
INFO: Run Behavior\BuildLiteBehavior [ RunTime:0.000016s ]
INFO: [ app_init ] --END-- [ RunTime:0.000326s ]
ERR: 无法加载模块:Vod-play-id-678-src-1-num-1.html

[ 2017-04-01T22:10:23+08:00 ] 42.236.10.80 /index.php?m=vod-play-id-16-src-1-num-1.html
INFO: [ app_init ] --START--
INFO: Run Behavior\BuildLiteBehavior [ RunTime:0.000013s ]
INFO: [ app_init ] --END-- [ RunTime:0.000366s ]
ERR: 无法加载模块:Vod-play-id-16-src-1-num-1.html

[ 2017-04-01T22:10:24+08:00 ] 42.236.99.65 /index.php?m=vod-list-id-4-pg-1-order--by--class-0-year-2004-letter-O-area-%E9%9F%A9%E5%9B%BD-lang-.html
INFO: [ app_init ] --START--
INFO: Run Behavior\BuildLiteBehavior [ RunTime:0.000014s ]
INFO: [ app_init ] --END-- [ RunTime:0.000319s ]
ERR: 无法加载模块:Vod-list-id-4-pg-1-order--by--class-0-year-2004-letter-O-area-韩国-lang-.html

[ 2017-04-01T22:10:24+08:00 ] 42.236.99.130 /index.php?m=vod-list-id-5-pg-4-order--by-score-class-0-year-0-letter--area--lang-.html
INFO: [ app_init ] --START--
INFO: Run Behavior\BuildLiteBehavior [ RunTime:0.000015s ]
INFO: [ app_init ] --END-- [ RunTime:0.000341s ]
ERR: 无法加载模块:Vod-list-id-5-pg-4-order--by-score-class-0-year-0-letter--area--lang-.html

[ 2017-04-01T22:10:24+08:00 ] 42.236.99.130 /index.php?s=gb-show-id-1435.html
INFO: [ app_init ] --START--
INFO: Run Behavior\BuildLiteBehavior [ RunTime:0.000012s ]
INFO: [ app_init ] --END-- [ RunTime:0.000337s ]
ERR: 无法加载模块:Gb-show-id-1435

[ 2017-04-01T22:10:25+08:00 ] 42.236.10.71 /index.php?s=gb-show-id-530.html
INFO: [ app_init ] --START--
INFO: Run Behavior\BuildLiteBehavior [ RunTime:0.000012s ]
INFO: [ app_init ] --END-- [ RunTime:0.000362s ]
ERR: 无法加载模块:Gb-show-id-530

[ 2017-04-01T22:10:25+08:00 ] 42.236.10.77 /index.php?s=vod-play-id-1528-sid-0-pid-1.html
INFO: [ app_init ] --START--
INFO: Run Behavior\BuildLiteBehavior [ RunTime:0.000013s ]
INFO: [ app_init ] --END-- [ RunTime:0.000293s ]
ERR: 无法加载模块:Vod-play-id-1528-sid-0-pid-1

[ 2017-04-01T22:10:25+08:00 ] 42.236.99.86 /index.php?m=vod-search-pg-2-starring-yuanyuan-classid-44.html
INFO: [ app_init ] --START--
INFO: Run Behavior\BuildLiteBehavior [ RunTime:0.000018s ]
INFO: [ app_init ] --END-- [ RunTime:0.000302s ]
ERR: 无法加载模块:Vod-search-pg-2-starring-yuanyuan-classid-44.html

[ 2017-04-01T22:10:25+08:00 ] 42.236.10.71 /index.php?m=vod-list-id-5-pg-1-order--by--class--year--letter-R-area--lang-.html
INFO: [ app_init ] --START--
INFO: Run Behavior\BuildLiteBehavior [ RunTime:0.000013s ]
INFO: [ app_init ] --END-- [ RunTime:0.000334s ]
ERR: 无法加载模块:Vod-list-id-5-pg-1-order--by--class--year--letter-R-area--lang-.html

[ 2017-04-01T22:10:26+08:00 ] 42.236.10.110 /index.php?m=vod-play-id-2061-src-1-num-1.html
INFO: [ app_init ] --START--
INFO: Run Behavior\BuildLiteBehavior [ RunTime:0.000016s ]
INFO: [ app_init ] --END-- [ RunTime:0.000330s ]
ERR: 无法加载模块:Vod-play-id-2061-src-1-num-1.html

[ 2017-04-01T22:10:26+08:00 ] 42.236.99.242 /index.php?s=vod-play-id-40-sid-0-pid-1.html
INFO: [ app_init ] --START--
INFO: Run Behavior\BuildLiteBehavior [ RunTime:0.000016s ]
INFO: [ app_init ] --END-- [ RunTime:0.000279s ]
ERR: 无法加载模块:Vod-play-id-40-sid-0-pid-1

[ 2017-04-01T22:10:26+08:00 ] 42.236.99.9 /index.php?m=vod-list-id-7-pg-1-order--by--class-0-year-2014-letter-B-area--lang-.html
INFO: [ app_init ] --START--
INFO: Run Behavior\BuildLiteBehavior [ RunTime:0.000011s ]
INFO: [ app_init ] --END-- [ RunTime:0.000271s ]
ERR: 无法加载模块:Vod-list-id-7-pg-1-order--by--class-0-year-2014-letter-B-area--lang-.html

[ 2017-04-01T22:10:26+08:00 ] 42.236.99.23 /index.php?m=vod-play-id-296-src-1-num-1.html
INFO: [ app_init ] --START--
INFO: Run Behavior\BuildLiteBehavior [ RunTime:0.000013s ]
INFO: [ app_init ] --END-- [ RunTime:0.000828s ]
ERR: 无法加载模块:Vod-play-id-296-src-1-num-1.html

[ 2017-04-01T22:10:27+08:00 ] 42.236.99.16 /index.php?m=vod-list-id-2-pg-1-order--by--class--year--letter-M-area--lang-.html
INFO: [ app_init ] --START--
INFO: Run Behavior\BuildLiteBehavior [ RunTime:0.000014s ]
INFO: [ app_init ] --END-- [ RunTime:0.000329s ]
ERR: 无法加载模块:Vod-list-id-2-pg-1-order--by--class--year--letter-M-area--lang-.html

[ 2017-04-01T22:10:27+08:00 ] 42.236.99.79 /index.php?s=gb-show-p-520.html
INFO: [ app_init ] --START--
INFO: Run Behavior\BuildLiteBehavior [ RunTime:0.000027s ]
INFO: [ app_init ] --END-- [ RunTime:0.000318s ]
ERR: 无法加载模块:Gb-show-p-520

[ 2017-04-01T22:10:27+08:00 ] 42.236.10.77 /index.php?s=vod-play-id-92-sid-0-pid-1.html
INFO: [ app_init ] --START--
INFO: Run Behavior\BuildLiteBehavior [ RunTime:0.000013s ]
INFO: [ app_init ] --END-- [ RunTime:0.000266s ]
ERR: 无法加载模块:Vod-play-id-92-sid-0-pid-1

[ 2017-04-01T22:10:28+08:00 ] 42.236.99.142 /index.php?m=vod-play-id-1253-src-1-num-1.html
INFO: [ app_init ] --START--
INFO: Run Behavior\BuildLiteBehavior [ RunTime:0.000014s ]
INFO: [ app_init ] --END-- [ RunTime:0.000297s ]
ERR: 无法加载模块:Vod-play-id-1253-src-1-num-1.html

[ 2017-04-01T22:10:38+08:00 ] 42.236.10.105 /index.php?s=vod-play-id-637-sid-0-pid-1.html
INFO: [ app_init ] --START--
INFO: Run Behavior\BuildLiteBehavior [ RunTime:0.000014s ]
INFO: [ app_init ] --END-- [ RunTime:0.000285s ]
ERR: 无法加载模块:Vod-play-id-637-sid-0-pid-1

[ 2017-04-01T22:10:44+08:00 ] 42.236.99.242 /index.php?m=vod-play-id-2044-src-1-num-1.html
INFO: [ app_init ] --START--
INFO: Run Behavior\BuildLiteBehavior [ RunTime:0.000014s ]
INFO: [ app_init ] --END-- [ RunTime:0.000273s ]
ERR: 无法加载模块:Vod-play-id-2044-src-1-num-1.html

