[ 2017-05-16T02:17:57+08:00 ] 42.236.99.79 /index.php?m=vod-play-id-228-src-1-num-1.html
INFO: [ app_init ] --START--
INFO: Run Behavior\BuildLiteBehavior [ RunTime:0.000000s ]
INFO: [ app_init ] --END-- [ RunTime:0.000977s ]
ERR: 无法加载模块:Vod-play-id-228-src-1-num-1.html

[ 2017-05-16T02:17:58+08:00 ] 42.236.99.72 /index.php?m=vod-play-id-2401-src-1-num-1.html
INFO: [ app_init ] --START--
INFO: Run Behavior\BuildLiteBehavior [ RunTime:0.000000s ]
INFO: [ app_init ] --END-- [ RunTime:0.000976s ]
ERR: 无法加载模块:Vod-play-id-2401-src-1-num-1.html

[ 2017-05-16T02:17:58+08:00 ] 42.236.10.82 /index.php?s=vod-play-id-1559-sid-0-pid-1.html
INFO: [ app_init ] --START--
INFO: Run Behavior\BuildLiteBehavior [ RunTime:0.000000s ]
INFO: [ app_init ] --END-- [ RunTime:0.000977s ]
ERR: 无法加载模块:Vod-play-id-1559-sid-0-pid-1

[ 2017-05-16T02:17:59+08:00 ] 42.236.99.154 /index.php?s=vod-play-id-99-sid-0-pid-1.html
INFO: [ app_init ] --START--
INFO: Run Behavior\BuildLiteBehavior [ RunTime:0.000000s ]
INFO: [ app_init ] --END-- [ RunTime:0.000000s ]
ERR: 无法加载模块:Vod-play-id-99-sid-0-pid-1

[ 2017-05-16T02:17:59+08:00 ] 42.236.10.71 /index.php?s=vod-play-id-1241-sid-0-pid-1.html
INFO: [ app_init ] --START--
INFO: Run Behavior\BuildLiteBehavior [ RunTime:0.000000s ]
INFO: [ app_init ] --END-- [ RunTime:0.000000s ]
ERR: 无法加载模块:Vod-play-id-1241-sid-0-pid-1

[ 2017-05-16T02:17:59+08:00 ] 42.236.99.30 /index.php?s=gb-show-id-100.html
INFO: [ app_init ] --START--
INFO: Run Behavior\BuildLiteBehavior [ RunTime:0.000000s ]
INFO: [ app_init ] --END-- [ RunTime:0.000976s ]
ERR: 无法加载模块:Gb-show-id-100

[ 2017-05-16T02:17:59+08:00 ] 42.236.99.178 /index.php?s=gb-show-id-598.html
INFO: [ app_init ] --START--
INFO: Run Behavior\BuildLiteBehavior [ RunTime:0.000000s ]
INFO: [ app_init ] --END-- [ RunTime:0.000977s ]
ERR: 无法加载模块:Gb-show-id-598

[ 2017-05-16T02:17:59+08:00 ] 180.153.236.125 /index.php?s=vod-play-id-673-sid-0-pid-1.html
INFO: [ app_init ] --START--
INFO: Run Behavior\BuildLiteBehavior [ RunTime:0.000000s ]
INFO: [ app_init ] --END-- [ RunTime:0.000977s ]
ERR: 无法加载模块:Vod-play-id-673-sid-0-pid-1

[ 2017-05-16T02:18:00+08:00 ] 42.236.99.30 /index.php?m=vod-play-id-47-src-1-num-1.html
INFO: [ app_init ] --START--
INFO: Run Behavior\BuildLiteBehavior [ RunTime:0.000977s ]
INFO: [ app_init ] --END-- [ RunTime:0.000977s ]
ERR: 无法加载模块:Vod-play-id-47-src-1-num-1.html

