[ 2017-05-09T07:43:18+08:00 ] 66.249.64.252 /index.php?s=vod-play-id-2032-sid-0-pid-1.html
INFO: [ app_init ] --START--
INFO: Run Behavior\BuildLiteBehavior [ RunTime:0.000000s ]
INFO: [ app_init ] --END-- [ RunTime:0.000977s ]
ERR: 无法加载模块:Vod-play-id-2032-sid-0-pid-1

[ 2017-05-09T08:33:18+08:00 ] 140.205.201.45 /index.php?m=wap&a=index&siteid=1
INFO: [ app_init ] --START--
INFO: Run Behavior\BuildLiteBehavior [ RunTime:0.000000s ]
INFO: [ app_init ] --END-- [ RunTime:0.000977s ]
ERR: 无法加载模块:Wap

[ 2017-05-09T11:47:51+08:00 ] 66.249.64.252 /index.php?s=gb-show-p-443.html
INFO: [ app_init ] --START--
INFO: Run Behavior\BuildLiteBehavior [ RunTime:0.000000s ]
INFO: [ app_init ] --END-- [ RunTime:0.000976s ]
ERR: 无法加载模块:Gb-show-p-443

[ 2017-05-09T12:40:52+08:00 ] 42.236.10.76 /index.php?m=vod-list-id-7-pg-1-order--by--class--year--letter--area-%E6%96%B0%E5%8A%A0%E5%9D%A1-lang-.html
INFO: [ app_init ] --START--
INFO: Run Behavior\BuildLiteBehavior [ RunTime:0.000000s ]
INFO: [ app_init ] --END-- [ RunTime:0.000000s ]
ERR: 无法加载模块:Vod-list-id-7-pg-1-order--by--class--year--letter--area-新加坡-lang-.html

[ 2017-05-09T12:40:52+08:00 ] 180.153.236.109 /index.php?m=vod-play-id-639-src-1-num-1.html
INFO: [ app_init ] --START--
INFO: Run Behavior\BuildLiteBehavior [ RunTime:0.000000s ]
INFO: [ app_init ] --END-- [ RunTime:0.000976s ]
ERR: 无法加载模块:Vod-play-id-639-src-1-num-1.html

[ 2017-05-09T12:40:52+08:00 ] 180.153.236.43 /index.php?m=vod-play-id-1472-src-1-num-1.html
INFO: [ app_init ] --START--
INFO: Run Behavior\BuildLiteBehavior [ RunTime:0.000000s ]
INFO: [ app_init ] --END-- [ RunTime:0.000977s ]
ERR: 无法加载模块:Vod-play-id-1472-src-1-num-1.html

[ 2017-05-09T12:40:52+08:00 ] 42.236.10.111 /index.php?m=vod-play-id-1067-src-1-num-1.html
INFO: [ app_init ] --START--
INFO: Run Behavior\BuildLiteBehavior [ RunTime:0.000000s ]
INFO: [ app_init ] --END-- [ RunTime:0.000000s ]
ERR: 无法加载模块:Vod-play-id-1067-src-1-num-1.html

[ 2017-05-09T12:40:52+08:00 ] 42.236.99.58 /index.php?s=vod-play-id-300-sid-0-pid-1.html
INFO: [ app_init ] --START--
INFO: Run Behavior\BuildLiteBehavior [ RunTime:0.000976s ]
INFO: [ app_init ] --END-- [ RunTime:0.000976s ]
ERR: 无法加载模块:Vod-play-id-300-sid-0-pid-1

[ 2017-05-09T12:40:53+08:00 ] 42.236.10.82 /index.php?s=vod-play-id-1382-sid-0-pid-1.html
INFO: [ app_init ] --START--
INFO: Run Behavior\BuildLiteBehavior [ RunTime:0.000000s ]
INFO: [ app_init ] --END-- [ RunTime:0.000976s ]
ERR: 无法加载模块:Vod-play-id-1382-sid-0-pid-1

[ 2017-05-09T12:40:53+08:00 ] 180.153.236.19 /index.php?m=vod-play-id-2286-src-1-num-1.html
INFO: [ app_init ] --START--
INFO: Run Behavior\BuildLiteBehavior [ RunTime:0.000976s ]
INFO: [ app_init ] --END-- [ RunTime:0.000976s ]
ERR: 无法加载模块:Vod-play-id-2286-src-1-num-1.html

[ 2017-05-09T12:40:53+08:00 ] 42.236.10.74 /index.php?m=vod-search-pg-2-starring-yuanyuan-classid-7.html
INFO: [ app_init ] --START--
INFO: Run Behavior\BuildLiteBehavior [ RunTime:0.000000s ]
INFO: [ app_init ] --END-- [ RunTime:0.000977s ]
ERR: 无法加载模块:Vod-search-pg-2-starring-yuanyuan-classid-7.html

