[ 2017-07-16T01:45:52+08:00 ] 42.236.101.214 /index.php?s=vod-play-id-1012-sid-0-pid-1.html
INFO: [ app_init ] --START--
INFO: Run Behavior\BuildLiteBehavior [ RunTime:0.000000s ]
INFO: [ app_init ] --END-- [ RunTime:0.000000s ]
ERR: 无法加载模块:Vod-play-id-1012-sid-0-pid-1

[ 2017-07-16T01:45:52+08:00 ] 42.236.99.37 /index.php?s=vod-play-id-813-sid-0-pid-1.html
INFO: [ app_init ] --START--
INFO: Run Behavior\BuildLiteBehavior [ RunTime:0.000000s ]
INFO: [ app_init ] --END-- [ RunTime:0.000976s ]
ERR: 无法加载模块:Vod-play-id-813-sid-0-pid-1

[ 2017-07-16T01:45:52+08:00 ] 42.236.99.37 /index.php?s=gb-show-id-699.html
INFO: [ app_init ] --START--
INFO: Run Behavior\BuildLiteBehavior [ RunTime:0.000000s ]
INFO: [ app_init ] --END-- [ RunTime:0.000000s ]
ERR: 无法加载模块:Gb-show-id-699

[ 2017-07-16T01:45:52+08:00 ] 42.236.99.37 /index.php?s=vod-search-letter-X.html
INFO: [ app_init ] --START--
INFO: Run Behavior\BuildLiteBehavior [ RunTime:0.000000s ]
INFO: [ app_init ] --END-- [ RunTime:0.000977s ]
ERR: 无法加载模块:Vod-search-letter-X

[ 2017-07-16T01:45:52+08:00 ] 42.236.99.37 /index.php?s=gb-show-id-696.html
INFO: [ app_init ] --START--
INFO: Run Behavior\BuildLiteBehavior [ RunTime:0.000000s ]
INFO: [ app_init ] --END-- [ RunTime:0.000977s ]
ERR: 无法加载模块:Gb-show-id-696

[ 2017-07-16T01:45:52+08:00 ] 42.236.99.51 /index.php?s=vod-play-id-507-sid-0-pid-1.html
INFO: [ app_init ] --START--
INFO: Run Behavior\BuildLiteBehavior [ RunTime:0.000977s ]
INFO: [ app_init ] --END-- [ RunTime:0.000977s ]
ERR: 无法加载模块:Vod-play-id-507-sid-0-pid-1

[ 2017-07-16T01:45:52+08:00 ] 42.236.101.214 /index.php?s=gb-show-id-1188.html
INFO: [ app_init ] --START--
INFO: Run Behavior\BuildLiteBehavior [ RunTime:0.000000s ]
INFO: [ app_init ] --END-- [ RunTime:0.000000s ]
ERR: 无法加载模块:Gb-show-id-1188

[ 2017-07-16T01:45:52+08:00 ] 42.236.54.42 /index.php?s=vod-play-id-1697-sid-0-pid-1.html
INFO: [ app_init ] --START--
INFO: Run Behavior\BuildLiteBehavior [ RunTime:0.000000s ]
INFO: [ app_init ] --END-- [ RunTime:0.000000s ]
ERR: 无法加载模块:Vod-play-id-1697-sid-0-pid-1

[ 2017-07-16T01:45:52+08:00 ] 42.236.54.42 /index.php?m=vod-search-pg-238-starring-yuanyuan-classid-44.html
INFO: [ app_init ] --START--
INFO: Run Behavior\BuildLiteBehavior [ RunTime:0.000000s ]
INFO: [ app_init ] --END-- [ RunTime:0.000977s ]
ERR: 无法加载模块:Vod-search-pg-238-starring-yuanyuan-classid-44.html

[ 2017-07-16T01:45:52+08:00 ] 42.236.101.214 /index.php?m=vod-list-id-2-pg-1-order--by--class-17-year-0-letter-C-area-%E6%B3%95%E5%9B%BD-lang-.html
INFO: [ app_init ] --START--
INFO: Run Behavior\BuildLiteBehavior [ RunTime:0.000000s ]
INFO: [ app_init ] --END-- [ RunTime:0.000000s ]
ERR: 无法加载模块:Vod-list-id-2-pg-1-order--by--class-17-year-0-letter-C-area-法国-lang-.html

[ 2017-07-16T01:45:52+08:00 ] 42.236.99.44 /index.php?m=vod-search-pg-238-starring-yuanyuan-classid-41.html
INFO: [ app_init ] --START--
INFO: Run Behavior\BuildLiteBehavior [ RunTime:0.000000s ]
INFO: [ app_init ] --END-- [ RunTime:0.000000s ]
ERR: 无法加载模块:Vod-search-pg-238-starring-yuanyuan-classid-41.html

[ 2017-07-16T01:45:53+08:00 ] 42.236.99.51 /index.php?s=gb-show-id-1488.html
INFO: [ app_init ] --START--
INFO: Run Behavior\BuildLiteBehavior [ RunTime:0.000000s ]
INFO: [ app_init ] --END-- [ RunTime:0.000977s ]
ERR: 无法加载模块:Gb-show-id-1488

[ 2017-07-16T01:45:53+08:00 ] 42.236.99.65 /index.php?s=gb-show-id-417.html
INFO: [ app_init ] --START--
INFO: Run Behavior\BuildLiteBehavior [ RunTime:0.000000s ]
INFO: [ app_init ] --END-- [ RunTime:0.000000s ]
ERR: 无法加载模块:Gb-show-id-417

[ 2017-07-16T01:46:18+08:00 ] 180.153.236.133 /index.php?m=vod-list-id-2-pg-1-order--by--class-17-year-0-letter-G-area--lang-.html
INFO: [ app_init ] --START--
INFO: Run Behavior\BuildLiteBehavior [ RunTime:0.000000s ]
INFO: [ app_init ] --END-- [ RunTime:0.000977s ]
ERR: 无法加载模块:Vod-list-id-2-pg-1-order--by--class-17-year-0-letter-G-area--lang-.html

[ 2017-07-16T01:46:19+08:00 ] 180.153.236.133 /index.php?m=vod-play-id-2419-src-1-num-1.html
INFO: [ app_init ] --START--
INFO: Run Behavior\BuildLiteBehavior [ RunTime:0.000000s ]
INFO: [ app_init ] --END-- [ RunTime:0.000976s ]
ERR: 无法加载模块:Vod-play-id-2419-src-1-num-1.html

[ 2017-07-16T01:47:07+08:00 ] 180.153.236.43 /index.php?m=vod-play-id-1139-src-1-num-1.html
INFO: [ app_init ] --START--
INFO: Run Behavior\BuildLiteBehavior [ RunTime:0.000000s ]
INFO: [ app_init ] --END-- [ RunTime:0.000000s ]
ERR: 无法加载模块:Vod-play-id-1139-src-1-num-1.html

[ 2017-07-16T01:48:12+08:00 ] 180.153.236.59 /index.php?m=vod-play-id-2104-src-1-num-1.html
INFO: [ app_init ] --START--
INFO: Run Behavior\BuildLiteBehavior [ RunTime:0.000000s ]
INFO: [ app_init ] --END-- [ RunTime:0.000976s ]
ERR: 无法加载模块:Vod-play-id-2104-src-1-num-1.html

[ 2017-07-16T01:48:22+08:00 ] 180.153.236.59 /index.php?m=vod-list-id-5-pg-1-order--by--class-0-year-0-letter-F-area-%E5%A4%A7%E9%99%86-lang-.html
INFO: [ app_init ] --START--
INFO: Run Behavior\BuildLiteBehavior [ RunTime:0.000000s ]
INFO: [ app_init ] --END-- [ RunTime:0.000000s ]
ERR: 无法加载模块:Vod-list-id-5-pg-1-order--by--class-0-year-0-letter-F-area-大陆-lang-.html

[ 2017-07-16T08:26:39+08:00 ] 140.205.201.38 /index.php?m=member&c=index&a=register&siteid=1
INFO: [ app_init ] --START--
INFO: Run Behavior\BuildLiteBehavior [ RunTime:0.000000s ]
INFO: [ app_init ] --END-- [ RunTime:0.001954s ]
ERR: 无法加载模块:Member

[ 2017-07-16T08:26:39+08:00 ] 140.205.201.38 /index.php?m=wap&a=index&siteid=1
INFO: [ app_init ] --START--
INFO: Run Behavior\BuildLiteBehavior [ RunTime:0.000000s ]
INFO: [ app_init ] --END-- [ RunTime:0.000977s ]
ERR: 无法加载模块:Wap

[ 2017-07-16T21:06:00+08:00 ] 42.236.99.37 /index.php?m=vod-list-id-5-pg-1-order--by--class-0-year-0-letter-G-area-%E5%8A%A0%E6%8B%BF%E5%A4%A7-lang-.html
INFO: [ app_init ] --START--
INFO: Run Behavior\BuildLiteBehavior [ RunTime:0.000000s ]
INFO: [ app_init ] --END-- [ RunTime:0.000976s ]
ERR: 无法加载模块:Vod-list-id-5-pg-1-order--by--class-0-year-0-letter-G-area-加拿大-lang-.html

[ 2017-07-16T21:06:01+08:00 ] 42.236.103.86 /index.php?m=vod-play-id-116-src-1-num-1.html
INFO: [ app_init ] --START--
INFO: Run Behavior\BuildLiteBehavior [ RunTime:0.000000s ]
INFO: [ app_init ] --END-- [ RunTime:0.000976s ]
ERR: 无法加载模块:Vod-play-id-116-src-1-num-1.html

[ 2017-07-16T21:06:01+08:00 ] 42.236.10.81 /index.php?s=gb-show-id-45.html
INFO: [ app_init ] --START--
INFO: Run Behavior\BuildLiteBehavior [ RunTime:0.000000s ]
INFO: [ app_init ] --END-- [ RunTime:0.000000s ]
ERR: 无法加载模块:Gb-show-id-45

[ 2017-07-16T21:06:01+08:00 ] 42.236.10.72 /index.php?m=vod-list-id-5-pg-1-order--by--class-0-year-0-letter-F-area-%E7%BE%8E%E5%9B%BD-lang-.html
INFO: [ app_init ] --START--
INFO: Run Behavior\BuildLiteBehavior [ RunTime:0.000000s ]
INFO: [ app_init ] --END-- [ RunTime:0.000976s ]
ERR: 无法加载模块:Vod-list-id-5-pg-1-order--by--class-0-year-0-letter-F-area-美国-lang-.html

[ 2017-07-16T21:06:02+08:00 ] 42.236.10.81 /index.php?m=vod-list-id-2-pg-1-order--by--class-17-year-0-letter-C-area--lang-.html
INFO: [ app_init ] --START--
INFO: Run Behavior\BuildLiteBehavior [ RunTime:0.000000s ]
INFO: [ app_init ] --END-- [ RunTime:0.000977s ]
ERR: 无法加载模块:Vod-list-id-2-pg-1-order--by--class-17-year-0-letter-C-area--lang-.html

[ 2017-07-16T21:06:02+08:00 ] 42.236.99.178 /index.php?m=vod-search-pg-238-starring-yuanyuan-classid-45.html
INFO: [ app_init ] --START--
INFO: Run Behavior\BuildLiteBehavior [ RunTime:0.000000s ]
INFO: [ app_init ] --END-- [ RunTime:0.000977s ]
ERR: 无法加载模块:Vod-search-pg-238-starring-yuanyuan-classid-45.html

[ 2017-07-16T21:27:53+08:00 ] 79.143.180.85 /index.php?s=vod-search-area-%E5%8A%A0%E6%8B%BF%E5%A4%A7.html
INFO: [ app_init ] --START--
INFO: Run Behavior\BuildLiteBehavior [ RunTime:0.000000s ]
INFO: [ app_init ] --END-- [ RunTime:0.000977s ]
ERR: 无法加载模块:Vod-search-area-加拿大

