[ 2017-07-06T02:13:46+08:00 ] 180.153.236.149 /index.php?m=vod-list-id-5-pg-1-order--by--class-0-year-0-letter-E-area-%E5%A4%A7%E9%99%86-lang-.html
INFO: [ app_init ] --START--
INFO: Run Behavior\BuildLiteBehavior [ RunTime:0.000000s ]
INFO: [ app_init ] --END-- [ RunTime:0.000976s ]
ERR: 无法加载模块:Vod-list-id-5-pg-1-order--by--class-0-year-0-letter-E-area-大陆-lang-.html

[ 2017-07-06T02:13:46+08:00 ] 180.153.236.19 /index.php?s=gb-show-id-966.html
INFO: [ app_init ] --START--
INFO: Run Behavior\BuildLiteBehavior [ RunTime:0.000000s ]
INFO: [ app_init ] --END-- [ RunTime:0.000977s ]
ERR: 无法加载模块:Gb-show-id-966

[ 2017-07-06T02:13:47+08:00 ] 180.153.236.19 /index.php?s=vod-play-id-1135-sid-0-pid-1.html
INFO: [ app_init ] --START--
INFO: Run Behavior\BuildLiteBehavior [ RunTime:0.000000s ]
INFO: [ app_init ] --END-- [ RunTime:0.000976s ]
ERR: 无法加载模块:Vod-play-id-1135-sid-0-pid-1

[ 2017-07-06T02:14:06+08:00 ] 180.153.236.109 /index.php?m=vod-play-id-309-src-1-num-1.html
INFO: [ app_init ] --START--
INFO: Run Behavior\BuildLiteBehavior [ RunTime:0.000000s ]
INFO: [ app_init ] --END-- [ RunTime:0.000000s ]
ERR: 无法加载模块:Vod-play-id-309-src-1-num-1.html

[ 2017-07-06T02:14:08+08:00 ] 180.153.236.35 /index.php?s=gb-show-id-334.html
INFO: [ app_init ] --START--
INFO: Run Behavior\BuildLiteBehavior [ RunTime:0.000000s ]
INFO: [ app_init ] --END-- [ RunTime:0.000000s ]
ERR: 无法加载模块:Gb-show-id-334

[ 2017-07-06T02:14:10+08:00 ] 180.153.236.67 /index.php?m=vod-play-id-2213-src-1-num-1.html
INFO: [ app_init ] --START--
INFO: Run Behavior\BuildLiteBehavior [ RunTime:0.000000s ]
INFO: [ app_init ] --END-- [ RunTime:0.000976s ]
ERR: 无法加载模块:Vod-play-id-2213-src-1-num-1.html

[ 2017-07-06T02:14:11+08:00 ] 180.153.236.11 /index.php?s=vod-play-id-1822-sid-0-pid-1.html
INFO: [ app_init ] --START--
INFO: Run Behavior\BuildLiteBehavior [ RunTime:0.000000s ]
INFO: [ app_init ] --END-- [ RunTime:0.000977s ]
ERR: 无法加载模块:Vod-play-id-1822-sid-0-pid-1

