[ 2017-05-30T02:35:25+08:00 ] 42.236.99.218 /index.php?m=vod-play-id-1497-src-1-num-1.html
INFO: [ app_init ] --START--
INFO: Run Behavior\BuildLiteBehavior [ RunTime:0.000000s ]
INFO: [ app_init ] --END-- [ RunTime:0.000977s ]
ERR: 无法加载模块:Vod-play-id-1497-src-1-num-1.html

[ 2017-05-30T02:35:25+08:00 ] 42.236.10.85 /index.php?m=vod-list-id-4-pg-1-order--by--class-0-year-2005-letter-Q-area--lang-.html
INFO: [ app_init ] --START--
INFO: Run Behavior\BuildLiteBehavior [ RunTime:0.000000s ]
INFO: [ app_init ] --END-- [ RunTime:0.000977s ]
ERR: 无法加载模块:Vod-list-id-4-pg-1-order--by--class-0-year-2005-letter-Q-area--lang-.html

[ 2017-05-30T02:35:25+08:00 ] 42.236.102.23 /index.php?m=vod-play-id-1527-src-1-num-1.html
INFO: [ app_init ] --START--
INFO: Run Behavior\BuildLiteBehavior [ RunTime:0.000000s ]
INFO: [ app_init ] --END-- [ RunTime:0.000977s ]
ERR: 无法加载模块:Vod-play-id-1527-src-1-num-1.html

[ 2017-05-30T02:35:25+08:00 ] 42.236.10.114 /index.php?s=vod-play-id-1365-sid-0-pid-1.html
INFO: [ app_init ] --START--
INFO: Run Behavior\BuildLiteBehavior [ RunTime:0.000000s ]
INFO: [ app_init ] --END-- [ RunTime:0.000977s ]
ERR: 无法加载模块:Vod-play-id-1365-sid-0-pid-1

[ 2017-05-30T02:35:25+08:00 ] 42.236.10.78 /index.php?m=vod-search-pg-2-starring-yuanyuan-letter-E.html
INFO: [ app_init ] --START--
INFO: Run Behavior\BuildLiteBehavior [ RunTime:0.000000s ]
INFO: [ app_init ] --END-- [ RunTime:0.000976s ]
ERR: 无法加载模块:Vod-search-pg-2-starring-yuanyuan-letter-E.html

[ 2017-05-30T02:35:25+08:00 ] 42.236.10.85 /index.php?m=vod-list-id-7-pg-1-order--by--class--year--letter-A-area--lang-.html
INFO: [ app_init ] --START--
INFO: Run Behavior\BuildLiteBehavior [ RunTime:0.000000s ]
INFO: [ app_init ] --END-- [ RunTime:0.000976s ]
ERR: 无法加载模块:Vod-list-id-7-pg-1-order--by--class--year--letter-A-area--lang-.html

[ 2017-05-30T02:35:25+08:00 ] 180.153.236.157 /index.php?m=vod-play-id-2458-src-1-num-1.html
INFO: [ app_init ] --START--
INFO: Run Behavior\BuildLiteBehavior [ RunTime:0.000000s ]
INFO: [ app_init ] --END-- [ RunTime:0.000977s ]
ERR: 无法加载模块:Vod-play-id-2458-src-1-num-1.html

[ 2017-05-30T02:35:25+08:00 ] 42.236.10.114 /index.php?m=vod-play-id-2276-src-1-num-1.html
INFO: [ app_init ] --START--
INFO: Run Behavior\BuildLiteBehavior [ RunTime:0.000000s ]
INFO: [ app_init ] --END-- [ RunTime:0.000000s ]
ERR: 无法加载模块:Vod-play-id-2276-src-1-num-1.html

[ 2017-05-30T02:35:26+08:00 ] 42.236.99.194 /index.php?m=vod-play-id-1153-src-1-num-1.html
INFO: [ app_init ] --START--
INFO: Run Behavior\BuildLiteBehavior [ RunTime:0.000000s ]
INFO: [ app_init ] --END-- [ RunTime:0.000977s ]
ERR: 无法加载模块:Vod-play-id-1153-src-1-num-1.html

[ 2017-05-30T02:35:26+08:00 ] 180.153.236.133 /index.php?m=vod-play-id-982-src-1-num-1.html
INFO: [ app_init ] --START--
INFO: Run Behavior\BuildLiteBehavior [ RunTime:0.000000s ]
INFO: [ app_init ] --END-- [ RunTime:0.000976s ]
ERR: 无法加载模块:Vod-play-id-982-src-1-num-1.html

[ 2017-05-30T02:35:26+08:00 ] 42.236.99.23 /index.php?s=vod-play-id-734-sid-0-pid-1.html
INFO: [ app_init ] --START--
INFO: Run Behavior\BuildLiteBehavior [ RunTime:0.000000s ]
INFO: [ app_init ] --END-- [ RunTime:0.000976s ]
ERR: 无法加载模块:Vod-play-id-734-sid-0-pid-1

[ 2017-05-30T02:35:26+08:00 ] 42.236.10.85 /index.php?m=vod-list-id-2-pg-1-order--by--class--year--letter-Y-area--lang-.html
INFO: [ app_init ] --START--
INFO: Run Behavior\BuildLiteBehavior [ RunTime:0.000000s ]
INFO: [ app_init ] --END-- [ RunTime:0.000977s ]
ERR: 无法加载模块:Vod-list-id-2-pg-1-order--by--class--year--letter-Y-area--lang-.html

[ 2017-05-30T02:35:26+08:00 ] 42.236.46.105 /index.php?m=vod-play-id-1501-src-1-num-1.html
INFO: [ app_init ] --START--
INFO: Run Behavior\BuildLiteBehavior [ RunTime:0.000000s ]
INFO: [ app_init ] --END-- [ RunTime:0.000976s ]
ERR: 无法加载模块:Vod-play-id-1501-src-1-num-1.html

[ 2017-05-30T02:35:26+08:00 ] 42.236.10.111 /index.php?m=vod-play-id-2004-src-1-num-1.html
INFO: [ app_init ] --START--
INFO: Run Behavior\BuildLiteBehavior [ RunTime:0.000000s ]
INFO: [ app_init ] --END-- [ RunTime:0.000976s ]
ERR: 无法加载模块:Vod-play-id-2004-src-1-num-1.html

[ 2017-05-30T02:35:26+08:00 ] 42.236.99.206 /index.php?m=vod-play-id-1969-src-1-num-1.html
INFO: [ app_init ] --START--
INFO: Run Behavior\BuildLiteBehavior [ RunTime:0.000000s ]
INFO: [ app_init ] --END-- [ RunTime:0.000000s ]
ERR: 无法加载模块:Vod-play-id-1969-src-1-num-1.html

[ 2017-05-30T02:35:27+08:00 ] 180.153.232.170 /index.php?s=vod-play-id-764-sid-0-pid-1.html
INFO: [ app_init ] --START--
INFO: Run Behavior\BuildLiteBehavior [ RunTime:0.000000s ]
INFO: [ app_init ] --END-- [ RunTime:0.000000s ]
ERR: 无法加载模块:Vod-play-id-764-sid-0-pid-1

[ 2017-05-30T02:35:27+08:00 ] 42.236.46.105 /index.php?m=vod-play-id-539-src-1-num-1.html
INFO: [ app_init ] --START--
INFO: Run Behavior\BuildLiteBehavior [ RunTime:0.000000s ]
INFO: [ app_init ] --END-- [ RunTime:0.000976s ]
ERR: 无法加载模块:Vod-play-id-539-src-1-num-1.html

[ 2017-05-30T02:36:02+08:00 ] 180.153.236.101 /index.php?s=gb-show-id-1747.html
INFO: [ app_init ] --START--
INFO: Run Behavior\BuildLiteBehavior [ RunTime:0.000000s ]
INFO: [ app_init ] --END-- [ RunTime:0.000000s ]
ERR: 无法加载模块:Gb-show-id-1747

