[ 2017-07-13T13:54:01+08:00 ] 42.236.99.2 /index.php?s=vod-play-id-1854-sid-0-pid-1.html
INFO: [ app_init ] --START--
INFO: Run Behavior\BuildLiteBehavior [ RunTime:0.000000s ]
INFO: [ app_init ] --END-- [ RunTime:0.000976s ]
ERR: 无法加载模块:Vod-play-id-1854-sid-0-pid-1

[ 2017-07-13T13:54:02+08:00 ] 180.153.236.125 /index.php?m=vod-list-id-5-pg-1-order--by--class-0-year-0-letter-E-area-%E9%9F%A9%E5%9B%BD-lang-.html
INFO: [ app_init ] --START--
INFO: Run Behavior\BuildLiteBehavior [ RunTime:0.000000s ]
INFO: [ app_init ] --END-- [ RunTime:0.000000s ]
ERR: 无法加载模块:Vod-list-id-5-pg-1-order--by--class-0-year-0-letter-E-area-韩国-lang-.html

[ 2017-07-13T13:54:03+08:00 ] 42.236.102.3 /index.php?m=vod-play-id-2266-src-1-num-1.html
INFO: [ app_init ] --START--
INFO: Run Behavior\BuildLiteBehavior [ RunTime:0.000000s ]
INFO: [ app_init ] --END-- [ RunTime:0.000977s ]
ERR: 无法加载模块:Vod-play-id-2266-src-1-num-1.html

[ 2017-07-13T13:54:03+08:00 ] 42.236.10.103 /index.php?m=vod-list-id-1-pg-1-order--by--class-3-year--letter--area--lang-.html
INFO: [ app_init ] --START--
INFO: Run Behavior\BuildLiteBehavior [ RunTime:0.000000s ]
INFO: [ app_init ] --END-- [ RunTime:0.000000s ]
ERR: 无法加载模块:Vod-list-id-1-pg-1-order--by--class-3-year--letter--area--lang-.html

[ 2017-07-13T13:54:03+08:00 ] 42.236.10.103 /index.php?s=gb-show-id-1606.html
INFO: [ app_init ] --START--
INFO: Run Behavior\BuildLiteBehavior [ RunTime:0.000000s ]
INFO: [ app_init ] --END-- [ RunTime:0.000977s ]
ERR: 无法加载模块:Gb-show-id-1606

[ 2017-07-13T13:54:03+08:00 ] 42.236.10.114 /index.php?m=vod-list-id-2-pg-1-order--by--class-17-year-0-letter--area-%E9%A9%AC%E6%9D%A5%E8%A5%BF%E4%BA%9A-lang-.html
INFO: [ app_init ] --START--
INFO: Run Behavior\BuildLiteBehavior [ RunTime:0.000000s ]
INFO: [ app_init ] --END-- [ RunTime:0.000977s ]
ERR: 无法加载模块:Vod-list-id-2-pg-1-order--by--class-17-year-0-letter--area-马来西亚-lang-.html

[ 2017-07-13T13:54:03+08:00 ] 42.236.10.111 /index.php?s=gb-show-p-1238.html
INFO: [ app_init ] --START--
INFO: Run Behavior\BuildLiteBehavior [ RunTime:0.000000s ]
INFO: [ app_init ] --END-- [ RunTime:0.000976s ]
ERR: 无法加载模块:Gb-show-p-1238

[ 2017-07-13T13:54:04+08:00 ] 42.236.54.42 /index.php?m=vod-search-pg-238-starring-yuanyuan-classid-39.html
INFO: [ app_init ] --START--
INFO: Run Behavior\BuildLiteBehavior [ RunTime:0.000000s ]
INFO: [ app_init ] --END-- [ RunTime:0.000000s ]
ERR: 无法加载模块:Vod-search-pg-238-starring-yuanyuan-classid-39.html

[ 2017-07-13T13:54:04+08:00 ] 180.153.236.165 /index.php?m=vod-list-id-1-pg-1-order--by--class--year-0-letter-L-area--lang-.html
INFO: [ app_init ] --START--
INFO: Run Behavior\BuildLiteBehavior [ RunTime:0.000000s ]
INFO: [ app_init ] --END-- [ RunTime:0.000977s ]
ERR: 无法加载模块:Vod-list-id-1-pg-1-order--by--class--year-0-letter-L-area--lang-.html

[ 2017-07-13T13:54:09+08:00 ] 180.153.236.35 /index.php?m=vod-list-id-5-pg-1-order--by--class-0-year-0-letter-F-area-%E9%9F%A9%E5%9B%BD-lang-.html
INFO: [ app_init ] --START--
INFO: Run Behavior\BuildLiteBehavior [ RunTime:0.000000s ]
INFO: [ app_init ] --END-- [ RunTime:0.000000s ]
ERR: 无法加载模块:Vod-list-id-5-pg-1-order--by--class-0-year-0-letter-F-area-韩国-lang-.html

[ 2017-07-13T13:54:28+08:00 ] 180.153.236.157 /index.php?m=vod-play-id-1740-src-1-num-1.html
INFO: [ app_init ] --START--
INFO: Run Behavior\BuildLiteBehavior [ RunTime:0.000976s ]
INFO: [ app_init ] --END-- [ RunTime:0.000976s ]
ERR: 无法加载模块:Vod-play-id-1740-src-1-num-1.html

