[ 2017-06-29T14:24:57+08:00 ] 42.236.12.130 /index.php?m=vod-list-id-2-pg-1-order--by--class--year-0-letter-L-area-%E6%96%B0%E5%8A%A0%E5%9D%A1-lang-.html
INFO: [ app_init ] --START--
INFO: Run Behavior\BuildLiteBehavior [ RunTime:0.000000s ]
INFO: [ app_init ] --END-- [ RunTime:0.000976s ]
ERR: 无法加载模块:Vod-list-id-2-pg-1-order--by--class--year-0-letter-L-area-新加坡-lang-.html

[ 2017-06-29T14:24:57+08:00 ] 42.236.103.86 /index.php?m=vod-search-pg-2-year-2001-starring-yuanyuan.html
INFO: [ app_init ] --START--
INFO: Run Behavior\BuildLiteBehavior [ RunTime:0.000000s ]
INFO: [ app_init ] --END-- [ RunTime:0.000977s ]
ERR: 无法加载模块:Vod-search-pg-2-year-2001-starring-yuanyuan.html

[ 2017-06-29T14:24:57+08:00 ] 42.236.12.130 /index.php?s=gb-show-id-194.html
INFO: [ app_init ] --START--
INFO: Run Behavior\BuildLiteBehavior [ RunTime:0.000000s ]
INFO: [ app_init ] --END-- [ RunTime:0.000977s ]
ERR: 无法加载模块:Gb-show-id-194

[ 2017-06-29T14:24:57+08:00 ] 42.236.101.234 /index.php?s=vod-play-id-454-sid-0-pid-1.html
INFO: [ app_init ] --START--
INFO: Run Behavior\BuildLiteBehavior [ RunTime:0.000000s ]
INFO: [ app_init ] --END-- [ RunTime:0.000000s ]
ERR: 无法加载模块:Vod-play-id-454-sid-0-pid-1

[ 2017-06-29T14:24:57+08:00 ] 42.236.103.106 /index.php?s=gb-show-p-986.html
INFO: [ app_init ] --START--
INFO: Run Behavior\BuildLiteBehavior [ RunTime:0.000000s ]
INFO: [ app_init ] --END-- [ RunTime:0.000000s ]
ERR: 无法加载模块:Gb-show-p-986

[ 2017-06-29T14:24:57+08:00 ] 42.236.10.108 /index.php?m=vod-play-id-2095-src-1-num-1.html
INFO: [ app_init ] --START--
INFO: Run Behavior\BuildLiteBehavior [ RunTime:0.000000s ]
INFO: [ app_init ] --END-- [ RunTime:0.000977s ]
ERR: 无法加载模块:Vod-play-id-2095-src-1-num-1.html

[ 2017-06-29T14:24:57+08:00 ] 42.236.99.218 /index.php?s=gb-show-id-1165.html
INFO: [ app_init ] --START--
INFO: Run Behavior\BuildLiteBehavior [ RunTime:0.000000s ]
INFO: [ app_init ] --END-- [ RunTime:0.000000s ]
ERR: 无法加载模块:Gb-show-id-1165

[ 2017-06-29T14:24:57+08:00 ] 42.236.10.74 /index.php?s=gb-show-id-178.html
INFO: [ app_init ] --START--
INFO: Run Behavior\BuildLiteBehavior [ RunTime:0.000000s ]
INFO: [ app_init ] --END-- [ RunTime:0.000000s ]
ERR: 无法加载模块:Gb-show-id-178

[ 2017-06-29T14:24:57+08:00 ] 42.236.10.114 /index.php?s=vod-play-id-1654-sid-0-pid-1.html
INFO: [ app_init ] --START--
INFO: Run Behavior\BuildLiteBehavior [ RunTime:0.000977s ]
INFO: [ app_init ] --END-- [ RunTime:0.000977s ]
ERR: 无法加载模块:Vod-play-id-1654-sid-0-pid-1

[ 2017-06-29T14:24:58+08:00 ] 42.236.101.214 /index.php?s=vod-play-id-1679-sid-0-pid-1.html
INFO: [ app_init ] --START--
INFO: Run Behavior\BuildLiteBehavior [ RunTime:0.000000s ]
INFO: [ app_init ] --END-- [ RunTime:0.000000s ]
ERR: 无法加载模块:Vod-play-id-1679-sid-0-pid-1

