[ 2017-04-26T01:36:25+08:00 ] 42.236.99.154 /index.php?s=gb-show-id-219.html
INFO: [ app_init ] --START--
INFO: Run Behavior\BuildLiteBehavior [ RunTime:0.000021s ]
INFO: [ app_init ] --END-- [ RunTime:0.000420s ]
ERR: 无法加载模块:Gb-show-id-219

[ 2017-04-26T01:36:25+08:00 ] 42.236.99.242 /index.php?m=vod-search-pg-2-starring-yuanyuan-classid-56.html
INFO: [ app_init ] --START--
INFO: Run Behavior\BuildLiteBehavior [ RunTime:0.000016s ]
INFO: [ app_init ] --END-- [ RunTime:0.000368s ]
ERR: 无法加载模块:Vod-search-pg-2-starring-yuanyuan-classid-56.html

[ 2017-04-26T01:36:25+08:00 ] 42.236.99.218 /index.php?m=vod-play-id-2280-src-1-num-1.html
INFO: [ app_init ] --START--
INFO: Run Behavior\BuildLiteBehavior [ RunTime:0.000013s ]
INFO: [ app_init ] --END-- [ RunTime:0.000325s ]
ERR: 无法加载模块:Vod-play-id-2280-src-1-num-1.html

[ 2017-04-26T01:36:25+08:00 ] 42.236.99.23 /index.php?s=vod-play-id-287-sid-0-pid-1.html
INFO: [ app_init ] --START--
INFO: Run Behavior\BuildLiteBehavior [ RunTime:0.000016s ]
INFO: [ app_init ] --END-- [ RunTime:0.000335s ]
ERR: 无法加载模块:Vod-play-id-287-sid-0-pid-1

[ 2017-04-26T01:36:25+08:00 ] 42.236.10.103 /index.php?m=vod-list-id-2-pg-1-order--by--class--year-2014-letter--area--lang-.html
INFO: [ app_init ] --START--
INFO: Run Behavior\BuildLiteBehavior [ RunTime:0.000021s ]
INFO: [ app_init ] --END-- [ RunTime:0.000502s ]
ERR: 无法加载模块:Vod-list-id-2-pg-1-order--by--class--year-2014-letter--area--lang-.html

[ 2017-04-26T01:36:25+08:00 ] 42.236.10.71 /index.php?s=vod-play-id-535-sid-0-pid-1.html
INFO: [ app_init ] --START--
INFO: Run Behavior\BuildLiteBehavior [ RunTime:0.000020s ]
INFO: [ app_init ] --END-- [ RunTime:0.000457s ]
ERR: 无法加载模块:Vod-play-id-535-sid-0-pid-1

[ 2017-04-26T01:36:25+08:00 ] 42.236.99.30 /index.php?m=vod-play-id-877-src-1-num-1.html
INFO: [ app_init ] --START--
INFO: Run Behavior\BuildLiteBehavior [ RunTime:0.000019s ]
INFO: [ app_init ] --END-- [ RunTime:0.000399s ]
ERR: 无法加载模块:Vod-play-id-877-src-1-num-1.html

[ 2017-04-26T01:36:25+08:00 ] 42.236.10.111 /index.php?m=vod-play-id-1451-src-1-num-1.html
INFO: [ app_init ] --START--
INFO: Run Behavior\BuildLiteBehavior [ RunTime:0.000020s ]
INFO: [ app_init ] --END-- [ RunTime:0.000393s ]
ERR: 无法加载模块:Vod-play-id-1451-src-1-num-1.html

[ 2017-04-26T01:36:25+08:00 ] 42.236.99.86 /index.php?s=gb-show-p-20.html
INFO: [ app_init ] --START--
INFO: Run Behavior\BuildLiteBehavior [ RunTime:0.000020s ]
INFO: [ app_init ] --END-- [ RunTime:0.000439s ]
ERR: 无法加载模块:Gb-show-p-20

[ 2017-04-26T01:36:25+08:00 ] 42.236.10.74 /index.php?m=vod-play-id-210-src-1-num-1.html
INFO: [ app_init ] --START--
INFO: Run Behavior\BuildLiteBehavior [ RunTime:0.000014s ]
INFO: [ app_init ] --END-- [ RunTime:0.000319s ]
ERR: 无法加载模块:Vod-play-id-210-src-1-num-1.html

[ 2017-04-26T01:36:25+08:00 ] 42.236.99.30 /index.php?m=vod-list-id-5-pg-1-order--by--class--year-2012-letter--area--lang-.html
INFO: [ app_init ] --START--
INFO: Run Behavior\BuildLiteBehavior [ RunTime:0.000015s ]
INFO: [ app_init ] --END-- [ RunTime:0.000409s ]
ERR: 无法加载模块:Vod-list-id-5-pg-1-order--by--class--year-2012-letter--area--lang-.html

[ 2017-04-26T01:36:26+08:00 ] 180.153.236.117 /index.php?s=vod-play-id-1373-sid-0-pid-1.html
INFO: [ app_init ] --START--
INFO: Run Behavior\BuildLiteBehavior [ RunTime:0.000015s ]
INFO: [ app_init ] --END-- [ RunTime:0.000321s ]
ERR: 无法加载模块:Vod-play-id-1373-sid-0-pid-1

[ 2017-04-26T01:36:26+08:00 ] 180.153.236.165 /index.php?m=vod-play-id-1891-src-1-num-1.html
INFO: [ app_init ] --START--
INFO: Run Behavior\BuildLiteBehavior [ RunTime:0.000016s ]
INFO: [ app_init ] --END-- [ RunTime:0.000296s ]
ERR: 无法加载模块:Vod-play-id-1891-src-1-num-1.html

[ 2017-04-26T01:36:26+08:00 ] 42.236.99.16 /index.php?m=vod-list-id-1-pg-1-order--by-score-class-8-year-0-letter--area--lang-.html
INFO: [ app_init ] --START--
INFO: Run Behavior\BuildLiteBehavior [ RunTime:0.000021s ]
INFO: [ app_init ] --END-- [ RunTime:0.000484s ]
ERR: 无法加载模块:Vod-list-id-1-pg-1-order--by-score-class-8-year-0-letter--area--lang-.html

[ 2017-04-26T01:36:26+08:00 ] 42.236.99.230 /index.php?m=vod-play-id-1062-src-1-num-1.html
INFO: [ app_init ] --START--
INFO: Run Behavior\BuildLiteBehavior [ RunTime:0.000015s ]
INFO: [ app_init ] --END-- [ RunTime:0.000287s ]
ERR: 无法加载模块:Vod-play-id-1062-src-1-num-1.html

[ 2017-04-26T01:36:26+08:00 ] 42.236.10.85 /index.php?m=vod-play-id-547-src-1-num-1.html
INFO: [ app_init ] --START--
INFO: Run Behavior\BuildLiteBehavior [ RunTime:0.000018s ]
INFO: [ app_init ] --END-- [ RunTime:0.000300s ]
ERR: 无法加载模块:Vod-play-id-547-src-1-num-1.html

[ 2017-04-26T01:36:26+08:00 ] 42.236.99.194 /index.php?m=vod-play-id-2253-src-1-num-1.html
INFO: [ app_init ] --START--
INFO: Run Behavior\BuildLiteBehavior [ RunTime:0.000014s ]
INFO: [ app_init ] --END-- [ RunTime:0.000267s ]
ERR: 无法加载模块:Vod-play-id-2253-src-1-num-1.html

[ 2017-04-26T01:36:26+08:00 ] 42.236.99.2 /index.php?s=vod-play-id-770-sid-0-pid-1.html
INFO: [ app_init ] --START--
INFO: Run Behavior\BuildLiteBehavior [ RunTime:0.000016s ]
INFO: [ app_init ] --END-- [ RunTime:0.000280s ]
ERR: 无法加载模块:Vod-play-id-770-sid-0-pid-1

[ 2017-04-26T01:36:26+08:00 ] 42.236.99.51 /index.php?m=vod-list-id-4-pg-1-order--by--class-0-year-2004-letter-V-area--lang-.html
INFO: [ app_init ] --START--
INFO: Run Behavior\BuildLiteBehavior [ RunTime:0.000021s ]
INFO: [ app_init ] --END-- [ RunTime:0.000391s ]
ERR: 无法加载模块:Vod-list-id-4-pg-1-order--by--class-0-year-2004-letter-V-area--lang-.html

[ 2017-04-26T01:36:26+08:00 ] 42.236.99.9 /index.php?s=gb-show-id-1295.html
INFO: [ app_init ] --START--
INFO: Run Behavior\BuildLiteBehavior [ RunTime:0.000014s ]
INFO: [ app_init ] --END-- [ RunTime:0.000298s ]
ERR: 无法加载模块:Gb-show-id-1295

[ 2017-04-26T01:36:26+08:00 ] 42.236.99.72 /index.php?m=vod-play-id-1704-src-1-num-1.html
INFO: [ app_init ] --START--
INFO: Run Behavior\BuildLiteBehavior [ RunTime:0.000016s ]
INFO: [ app_init ] --END-- [ RunTime:0.000287s ]
ERR: 无法加载模块:Vod-play-id-1704-src-1-num-1.html

[ 2017-04-26T01:36:27+08:00 ] 42.236.99.16 /index.php?m=vod-play-id-431-src-1-num-1.html
INFO: [ app_init ] --START--
INFO: Run Behavior\BuildLiteBehavior [ RunTime:0.000013s ]
INFO: [ app_init ] --END-- [ RunTime:0.000260s ]
ERR: 无法加载模块:Vod-play-id-431-src-1-num-1.html

[ 2017-04-26T16:18:20+08:00 ] 66.249.64.191 /index.php?s=gb-show-p-2561.html
INFO: [ app_init ] --START--
INFO: Run Behavior\BuildLiteBehavior [ RunTime:0.000024s ]
INFO: [ app_init ] --END-- [ RunTime:0.000416s ]
ERR: 无法加载模块:Gb-show-p-2561

[ 2017-04-26T17:03:50+08:00 ] 66.249.64.130 /index.php?s=gb-show-p-5668.html
INFO: [ app_init ] --START--
INFO: Run Behavior\BuildLiteBehavior [ RunTime:0.000032s ]
INFO: [ app_init ] --END-- [ RunTime:0.000585s ]
ERR: 无法加载模块:Gb-show-p-5668

[ 2017-04-26T20:11:31+08:00 ] 66.249.64.135 /index.php?s=vod-play-id-951-sid-0-pid-1.html
INFO: [ app_init ] --START--
INFO: Run Behavior\BuildLiteBehavior [ RunTime:0.000027s ]
INFO: [ app_init ] --END-- [ RunTime:0.000509s ]
ERR: 无法加载模块:Vod-play-id-951-sid-0-pid-1

[ 2017-04-26T20:42:55+08:00 ] 66.249.64.130 /index.php?s=gb-show-p-2194.html
INFO: [ app_init ] --START--
INFO: Run Behavior\BuildLiteBehavior [ RunTime:0.000028s ]
INFO: [ app_init ] --END-- [ RunTime:0.000406s ]
ERR: 无法加载模块:Gb-show-p-2194

[ 2017-04-26T21:48:36+08:00 ] 42.236.99.51 /index.php?m=vod-play-id-875-src-1-num-1.html
INFO: [ app_init ] --START--
INFO: Run Behavior\BuildLiteBehavior [ RunTime:0.000020s ]
INFO: [ app_init ] --END-- [ RunTime:0.000374s ]
ERR: 无法加载模块:Vod-play-id-875-src-1-num-1.html

[ 2017-04-26T21:48:36+08:00 ] 42.236.10.114 /index.php?m=vod-play-id-1853-src-1-num-1.html
INFO: [ app_init ] --START--
INFO: Run Behavior\BuildLiteBehavior [ RunTime:0.000022s ]
INFO: [ app_init ] --END-- [ RunTime:0.000486s ]
ERR: 无法加载模块:Vod-play-id-1853-src-1-num-1.html

[ 2017-04-26T21:48:36+08:00 ] 42.236.10.74 /index.php?m=vod-play-id-319-src-1-num-1.html
INFO: [ app_init ] --START--
INFO: Run Behavior\BuildLiteBehavior [ RunTime:0.000017s ]
INFO: [ app_init ] --END-- [ RunTime:0.000367s ]
ERR: 无法加载模块:Vod-play-id-319-src-1-num-1.html

[ 2017-04-26T21:48:36+08:00 ] 42.236.10.113 /index.php?s=gb-show-id-222.html
INFO: [ app_init ] --START--
INFO: Run Behavior\BuildLiteBehavior [ RunTime:0.000014s ]
INFO: [ app_init ] --END-- [ RunTime:0.000333s ]
ERR: 无法加载模块:Gb-show-id-222

[ 2017-04-26T21:48:36+08:00 ] 42.236.10.110 /index.php?m=vod-list-id-1-pg-1-order--by-score-class-7-year-2001-letter--area--lang-.html
INFO: [ app_init ] --START--
INFO: Run Behavior\BuildLiteBehavior [ RunTime:0.000015s ]
INFO: [ app_init ] --END-- [ RunTime:0.000281s ]
ERR: 无法加载模块:Vod-list-id-1-pg-1-order--by-score-class-7-year-2001-letter--area--lang-.html

[ 2017-04-26T21:48:37+08:00 ] 42.236.99.230 /index.php?m=vod-play-id-1257-src-1-num-1.html
INFO: [ app_init ] --START--
INFO: Run Behavior\BuildLiteBehavior [ RunTime:0.000014s ]
INFO: [ app_init ] --END-- [ RunTime:0.000268s ]
ERR: 无法加载模块:Vod-play-id-1257-src-1-num-1.html

[ 2017-04-26T21:48:37+08:00 ] 42.236.99.130 /index.php?m=vod-play-id-549-src-1-num-1.html
INFO: [ app_init ] --START--
INFO: Run Behavior\BuildLiteBehavior [ RunTime:0.000016s ]
INFO: [ app_init ] --END-- [ RunTime:0.000351s ]
ERR: 无法加载模块:Vod-play-id-549-src-1-num-1.html

[ 2017-04-26T21:48:37+08:00 ] 42.236.10.102 /index.php?m=vod-play-id-1705-src-1-num-1.html
INFO: [ app_init ] --START--
INFO: Run Behavior\BuildLiteBehavior [ RunTime:0.000015s ]
INFO: [ app_init ] --END-- [ RunTime:0.000344s ]
ERR: 无法加载模块:Vod-play-id-1705-src-1-num-1.html

[ 2017-04-26T21:48:37+08:00 ] 42.236.10.104 /index.php?m=vod-play-id-1038-src-1-num-1.html
INFO: [ app_init ] --START--
INFO: Run Behavior\BuildLiteBehavior [ RunTime:0.000019s ]
INFO: [ app_init ] --END-- [ RunTime:0.000412s ]
ERR: 无法加载模块:Vod-play-id-1038-src-1-num-1.html

[ 2017-04-26T21:48:37+08:00 ] 42.236.99.178 /index.php?m=vod-list-id-4-pg-1-order--by--class-0-year-2004-letter-U-area--lang-.html
INFO: [ app_init ] --START--
INFO: Run Behavior\BuildLiteBehavior [ RunTime:0.000021s ]
INFO: [ app_init ] --END-- [ RunTime:0.000477s ]
ERR: 无法加载模块:Vod-list-id-4-pg-1-order--by--class-0-year-2004-letter-U-area--lang-.html

[ 2017-04-26T21:48:37+08:00 ] 42.236.10.78 /index.php?m=vod-list-id-5-pg-1-order--by--class--year-2011-letter--area--lang-.html
INFO: [ app_init ] --START--
INFO: Run Behavior\BuildLiteBehavior [ RunTime:0.000015s ]
INFO: [ app_init ] --END-- [ RunTime:0.000367s ]
ERR: 无法加载模块:Vod-list-id-5-pg-1-order--by--class--year-2011-letter--area--lang-.html

[ 2017-04-26T21:48:38+08:00 ] 42.236.99.166 /index.php?s=vod-play-id-1376-sid-0-pid-1.html
INFO: [ app_init ] --START--
INFO: Run Behavior\BuildLiteBehavior [ RunTime:0.000015s ]
INFO: [ app_init ] --END-- [ RunTime:0.000294s ]
ERR: 无法加载模块:Vod-play-id-1376-sid-0-pid-1

[ 2017-04-26T21:48:38+08:00 ] 42.236.99.72 /index.php?s=vod-play-id-465-sid-0-pid-1.html
INFO: [ app_init ] --START--
INFO: Run Behavior\BuildLiteBehavior [ RunTime:0.000022s ]
INFO: [ app_init ] --END-- [ RunTime:0.000399s ]
ERR: 无法加载模块:Vod-play-id-465-sid-0-pid-1

[ 2017-04-26T21:48:38+08:00 ] 42.236.10.113 /index.php?m=vod-list-id-2-pg-1-order--by--class--year-2005-letter--area--lang-.html
INFO: [ app_init ] --START--
INFO: Run Behavior\BuildLiteBehavior [ RunTime:0.000014s ]
INFO: [ app_init ] --END-- [ RunTime:0.000306s ]
ERR: 无法加载模块:Vod-list-id-2-pg-1-order--by--class--year-2005-letter--area--lang-.html

[ 2017-04-26T21:48:38+08:00 ] 42.236.99.44 /index.php?s=gb-show-p-2040.html
INFO: [ app_init ] --START--
INFO: Run Behavior\BuildLiteBehavior [ RunTime:0.000013s ]
INFO: [ app_init ] --END-- [ RunTime:0.000333s ]
ERR: 无法加载模块:Gb-show-p-2040

[ 2017-04-26T21:48:38+08:00 ] 42.236.10.71 /index.php?m=vod-play-id-1300-src-1-num-1.html
INFO: [ app_init ] --START--
INFO: Run Behavior\BuildLiteBehavior [ RunTime:0.000019s ]
INFO: [ app_init ] --END-- [ RunTime:0.000375s ]
ERR: 无法加载模块:Vod-play-id-1300-src-1-num-1.html

[ 2017-04-26T21:48:38+08:00 ] 42.236.10.74 /index.php?s=vod-play-id-289-sid-0-pid-1.html
INFO: [ app_init ] --START--
INFO: Run Behavior\BuildLiteBehavior [ RunTime:0.000021s ]
INFO: [ app_init ] --END-- [ RunTime:0.001115s ]
ERR: 无法加载模块:Vod-play-id-289-sid-0-pid-1

[ 2017-04-26T21:48:38+08:00 ] 42.236.99.65 /index.php?m=vod-play-id-2281-src-1-num-1.html
INFO: [ app_init ] --START--
INFO: Run Behavior\BuildLiteBehavior [ RunTime:0.000021s ]
INFO: [ app_init ] --END-- [ RunTime:0.000488s ]
ERR: 无法加载模块:Vod-play-id-2281-src-1-num-1.html

[ 2017-04-26T21:48:38+08:00 ] 42.236.10.103 /index.php?m=vod-play-id-791-src-1-num-1.html
INFO: [ app_init ] --START--
INFO: Run Behavior\BuildLiteBehavior [ RunTime:0.000021s ]
INFO: [ app_init ] --END-- [ RunTime:0.000473s ]
ERR: 无法加载模块:Vod-play-id-791-src-1-num-1.html

[ 2017-04-26T21:48:38+08:00 ] 42.236.99.58 /index.php?m=vod-play-id-223-src-1-num-1.html
INFO: [ app_init ] --START--
INFO: Run Behavior\BuildLiteBehavior [ RunTime:0.000021s ]
INFO: [ app_init ] --END-- [ RunTime:0.000441s ]
ERR: 无法加载模块:Vod-play-id-223-src-1-num-1.html

[ 2017-04-26T21:48:38+08:00 ] 42.236.99.65 /index.php?s=vod-play-id-781-sid-0-pid-1.html
INFO: [ app_init ] --START--
INFO: Run Behavior\BuildLiteBehavior [ RunTime:0.000015s ]
INFO: [ app_init ] --END-- [ RunTime:0.000298s ]
ERR: 无法加载模块:Vod-play-id-781-sid-0-pid-1

[ 2017-04-26T21:48:38+08:00 ] 42.236.99.206 /index.php?m=vod-search-pg-2-starring-yuanyuan-classid-54.html
INFO: [ app_init ] --START--
INFO: Run Behavior\BuildLiteBehavior [ RunTime:0.000015s ]
INFO: [ app_init ] --END-- [ RunTime:0.000312s ]
ERR: 无法加载模块:Vod-search-pg-2-starring-yuanyuan-classid-54.html

