[ 2017-06-12T04:45:12+08:00 ] 42.236.10.114 /index.php?s=gb-show-p-2402.html
INFO: [ app_init ] --START--
INFO: Run Behavior\BuildLiteBehavior [ RunTime:0.000000s ]
INFO: [ app_init ] --END-- [ RunTime:0.000976s ]
ERR: 无法加载模块:Gb-show-p-2402

[ 2017-06-12T04:45:12+08:00 ] 42.236.99.154 /index.php?m=vod-play-id-2273-src-1-num-1.html
INFO: [ app_init ] --START--
INFO: Run Behavior\BuildLiteBehavior [ RunTime:0.000000s ]
INFO: [ app_init ] --END-- [ RunTime:0.000977s ]
ERR: 无法加载模块:Vod-play-id-2273-src-1-num-1.html

[ 2017-06-12T04:45:12+08:00 ] 42.236.103.86 /index.php?m=vod-list-id-2-pg-1-order--by--class--year-0-letter--area-%E5%8F%B0%E6%B9%BE-lang-.html
INFO: [ app_init ] --START--
INFO: Run Behavior\BuildLiteBehavior [ RunTime:0.000000s ]
INFO: [ app_init ] --END-- [ RunTime:0.000976s ]
ERR: 无法加载模块:Vod-list-id-2-pg-1-order--by--class--year-0-letter--area-台湾-lang-.html

[ 2017-06-12T04:45:12+08:00 ] 42.236.99.30 /index.php?s=gb-show-id-1829.html
INFO: [ app_init ] --START--
INFO: Run Behavior\BuildLiteBehavior [ RunTime:0.000000s ]
INFO: [ app_init ] --END-- [ RunTime:0.000000s ]
ERR: 无法加载模块:Gb-show-id-1829

[ 2017-06-12T04:45:12+08:00 ] 42.236.10.83 /index.php?s=vod-play-id-757-sid-0-pid-1.html
INFO: [ app_init ] --START--
INFO: Run Behavior\BuildLiteBehavior [ RunTime:0.000000s ]
INFO: [ app_init ] --END-- [ RunTime:0.000977s ]
ERR: 无法加载模块:Vod-play-id-757-sid-0-pid-1

[ 2017-06-12T04:45:12+08:00 ] 42.236.103.86 /index.php?m=vod-list-id-2-pg-8-order--by--class-0-year-0-letter--area-%E5%A4%A7%E9%99%86-lang-.html
INFO: [ app_init ] --START--
INFO: Run Behavior\BuildLiteBehavior [ RunTime:0.000000s ]
INFO: [ app_init ] --END-- [ RunTime:0.000977s ]
ERR: 无法加载模块:Vod-list-id-2-pg-8-order--by--class-0-year-0-letter--area-大陆-lang-.html

[ 2017-06-12T04:45:12+08:00 ] 180.153.236.19 /index.php?m=vod-play-id-1695-src-1-num-1.html
INFO: [ app_init ] --START--
INFO: Run Behavior\BuildLiteBehavior [ RunTime:0.000000s ]
INFO: [ app_init ] --END-- [ RunTime:0.000977s ]
ERR: 无法加载模块:Vod-play-id-1695-src-1-num-1.html

[ 2017-06-12T04:45:13+08:00 ] 42.236.103.86 /index.php?s=gb-show-id-254.html
INFO: [ app_init ] --START--
INFO: Run Behavior\BuildLiteBehavior [ RunTime:0.000000s ]
INFO: [ app_init ] --END-- [ RunTime:0.000000s ]
ERR: 无法加载模块:Gb-show-id-254

[ 2017-06-12T04:45:13+08:00 ] 180.153.236.181 /index.php?m=vod-play-id-640-src-1-num-1.html
INFO: [ app_init ] --START--
INFO: Run Behavior\BuildLiteBehavior [ RunTime:0.000976s ]
INFO: [ app_init ] --END-- [ RunTime:0.001953s ]
ERR: 无法加载模块:Vod-play-id-640-src-1-num-1.html

[ 2017-06-12T04:45:13+08:00 ] 42.236.99.2 /index.php?m=vod-list-id-4-pg-1-order--by--class-0-year-2006-letter--area-%E6%96%B0%E5%8A%A0%E5%9D%A1-lang-.html
INFO: [ app_init ] --START--
INFO: Run Behavior\BuildLiteBehavior [ RunTime:0.000000s ]
INFO: [ app_init ] --END-- [ RunTime:0.000977s ]
ERR: 无法加载模块:Vod-list-id-4-pg-1-order--by--class-0-year-2006-letter--area-新加坡-lang-.html

[ 2017-06-12T04:45:13+08:00 ] 42.236.101.214 /index.php?s=vod-play-id-1410-sid-0-pid-1.html
INFO: [ app_init ] --START--
INFO: Run Behavior\BuildLiteBehavior [ RunTime:0.000000s ]
INFO: [ app_init ] --END-- [ RunTime:0.000000s ]
ERR: 无法加载模块:Vod-play-id-1410-sid-0-pid-1

