[ 2017-07-19T00:16:19+08:00 ] 42.236.10.85 /index.php?s=gb-show-id-696.html
INFO: [ app_init ] --START--
INFO: Run Behavior\BuildLiteBehavior [ RunTime:0.000000s ]
INFO: [ app_init ] --END-- [ RunTime:0.000977s ]
ERR: 无法加载模块:Gb-show-id-696

[ 2017-07-19T00:16:21+08:00 ] 42.236.10.78 /index.php?m=vod-list-id-2-pg-1-order--by--class-17-year-0-letter-G-area--lang-.html
INFO: [ app_init ] --START--
INFO: Run Behavior\BuildLiteBehavior [ RunTime:0.000000s ]
INFO: [ app_init ] --END-- [ RunTime:0.000977s ]
ERR: 无法加载模块:Vod-list-id-2-pg-1-order--by--class-17-year-0-letter-G-area--lang-.html

[ 2017-07-19T00:16:22+08:00 ] 42.236.12.130 /index.php?s=vod-play-id-846-sid-0-pid-1.html
INFO: [ app_init ] --START--
INFO: Run Behavior\BuildLiteBehavior [ RunTime:0.000000s ]
INFO: [ app_init ] --END-- [ RunTime:0.000000s ]
ERR: 无法加载模块:Vod-play-id-846-sid-0-pid-1

[ 2017-07-19T00:16:23+08:00 ] 42.236.10.111 /index.php?m=vod-play-id-1139-src-1-num-1.html
INFO: [ app_init ] --START--
INFO: Run Behavior\BuildLiteBehavior [ RunTime:0.000000s ]
INFO: [ app_init ] --END-- [ RunTime:0.000977s ]
ERR: 无法加载模块:Vod-play-id-1139-src-1-num-1.html

[ 2017-07-19T00:16:24+08:00 ] 42.236.10.85 /index.php?m=vod-list-id-5-pg-1-order--by--class-0-year-0-letter-G-area-%E5%85%B6%E5%AE%83-lang-.html
INFO: [ app_init ] --START--
INFO: Run Behavior\BuildLiteBehavior [ RunTime:0.000000s ]
INFO: [ app_init ] --END-- [ RunTime:0.000976s ]
ERR: 无法加载模块:Vod-list-id-5-pg-1-order--by--class-0-year-0-letter-G-area-其它-lang-.html

[ 2017-07-19T00:16:27+08:00 ] 42.236.99.218 /index.php?s=gb-show-id-279.html
INFO: [ app_init ] --START--
INFO: Run Behavior\BuildLiteBehavior [ RunTime:0.000000s ]
INFO: [ app_init ] --END-- [ RunTime:0.000977s ]
ERR: 无法加载模块:Gb-show-id-279

[ 2017-07-19T00:16:27+08:00 ] 42.236.99.9 /index.php?s=gb-show-id-1188.html
INFO: [ app_init ] --START--
INFO: Run Behavior\BuildLiteBehavior [ RunTime:0.000000s ]
INFO: [ app_init ] --END-- [ RunTime:0.000977s ]
ERR: 无法加载模块:Gb-show-id-1188

[ 2017-07-19T00:16:28+08:00 ] 42.236.10.85 /index.php?m=vod-search-pg-238-starring-yuanyuan-classid-41.html
INFO: [ app_init ] --START--
INFO: Run Behavior\BuildLiteBehavior [ RunTime:0.000000s ]
INFO: [ app_init ] --END-- [ RunTime:0.000976s ]
ERR: 无法加载模块:Vod-search-pg-238-starring-yuanyuan-classid-41.html

[ 2017-07-19T00:16:29+08:00 ] 42.236.99.242 /index.php?s=vod-play-id-813-sid-0-pid-1.html
INFO: [ app_init ] --START--
INFO: Run Behavior\BuildLiteBehavior [ RunTime:0.000977s ]
INFO: [ app_init ] --END-- [ RunTime:0.000977s ]
ERR: 无法加载模块:Vod-play-id-813-sid-0-pid-1

[ 2017-07-19T00:16:34+08:00 ] 42.236.12.190 /index.php?m=vod-search-pg-238-starring-yuanyuan-classid-44.html
INFO: [ app_init ] --START--
INFO: Run Behavior\BuildLiteBehavior [ RunTime:0.000000s ]
INFO: [ app_init ] --END-- [ RunTime:0.000976s ]
ERR: 无法加载模块:Vod-search-pg-238-starring-yuanyuan-classid-44.html

[ 2017-07-19T00:16:35+08:00 ] 42.236.12.130 /index.php?s=vod-play-id-1012-sid-0-pid-1.html
INFO: [ app_init ] --START--
INFO: Run Behavior\BuildLiteBehavior [ RunTime:0.000000s ]
INFO: [ app_init ] --END-- [ RunTime:0.000976s ]
ERR: 无法加载模块:Vod-play-id-1012-sid-0-pid-1

[ 2017-07-19T00:16:37+08:00 ] 42.236.10.81 /index.php?m=vod-play-id-2104-src-1-num-1.html
INFO: [ app_init ] --START--
INFO: Run Behavior\BuildLiteBehavior [ RunTime:0.000000s ]
INFO: [ app_init ] --END-- [ RunTime:0.000977s ]
ERR: 无法加载模块:Vod-play-id-2104-src-1-num-1.html

[ 2017-07-19T00:16:38+08:00 ] 42.236.54.42 /index.php?m=vod-play-id-2419-src-1-num-1.html
INFO: [ app_init ] --START--
INFO: Run Behavior\BuildLiteBehavior [ RunTime:0.000000s ]
INFO: [ app_init ] --END-- [ RunTime:0.000977s ]
ERR: 无法加载模块:Vod-play-id-2419-src-1-num-1.html

[ 2017-07-19T00:16:40+08:00 ] 42.236.99.72 /index.php?m=vod-list-id-2-pg-1-order--by--class-17-year-0-letter-C-area-%E6%B3%95%E5%9B%BD-lang-.html
INFO: [ app_init ] --START--
INFO: Run Behavior\BuildLiteBehavior [ RunTime:0.000000s ]
INFO: [ app_init ] --END-- [ RunTime:0.000000s ]
ERR: 无法加载模块:Vod-list-id-2-pg-1-order--by--class-17-year-0-letter-C-area-法国-lang-.html

[ 2017-07-19T00:16:40+08:00 ] 42.236.12.190 /index.php?s=gb-show-id-699.html
INFO: [ app_init ] --START--
INFO: Run Behavior\BuildLiteBehavior [ RunTime:0.000000s ]
INFO: [ app_init ] --END-- [ RunTime:0.000976s ]
ERR: 无法加载模块:Gb-show-id-699

[ 2017-07-19T00:16:47+08:00 ] 180.153.234.145 /index.php?s=gb-show-id-1488.html
INFO: [ app_init ] --START--
INFO: Run Behavior\BuildLiteBehavior [ RunTime:0.000000s ]
INFO: [ app_init ] --END-- [ RunTime:0.000977s ]
ERR: 无法加载模块:Gb-show-id-1488

[ 2017-07-19T00:17:10+08:00 ] 180.153.236.157 /index.php?s=vod-play-id-1697-sid-0-pid-1.html
INFO: [ app_init ] --START--
INFO: Run Behavior\BuildLiteBehavior [ RunTime:0.000000s ]
INFO: [ app_init ] --END-- [ RunTime:0.000000s ]
ERR: 无法加载模块:Vod-play-id-1697-sid-0-pid-1

[ 2017-07-19T21:16:53+08:00 ] 140.205.201.35 /index.php?m=member&c=index&a=register&siteid=1
INFO: [ app_init ] --START--
INFO: Run Behavior\BuildLiteBehavior [ RunTime:0.000000s ]
INFO: [ app_init ] --END-- [ RunTime:0.000976s ]
ERR: 无法加载模块:Member

[ 2017-07-19T21:17:16+08:00 ] 140.205.201.35 /index.php?m=wap&a=index&siteid=1
INFO: [ app_init ] --START--
INFO: Run Behavior\BuildLiteBehavior [ RunTime:0.000000s ]
INFO: [ app_init ] --END-- [ RunTime:0.000977s ]
ERR: 无法加载模块:Wap

