[ 2017-05-12T02:38:45+08:00 ] 203.208.60.193 /index.php?m=vod-play-id-43-src-1-num-1.html
INFO: [ app_init ] --START--
INFO: Run Behavior\BuildLiteBehavior [ RunTime:0.000000s ]
INFO: [ app_init ] --END-- [ RunTime:0.000000s ]
ERR: 无法加载模块:Vod-play-id-43-src-1-num-1.html

[ 2017-05-12T03:33:00+08:00 ] 42.236.99.230 /index.php?m=vod-play-id-1639-src-1-num-1.html
INFO: [ app_init ] --START--
INFO: Run Behavior\BuildLiteBehavior [ RunTime:0.000000s ]
INFO: [ app_init ] --END-- [ RunTime:0.000977s ]
ERR: 无法加载模块:Vod-play-id-1639-src-1-num-1.html

[ 2017-05-12T03:33:05+08:00 ] 180.153.236.59 /index.php?s=gb-show-p-2347.html
INFO: [ app_init ] --START--
INFO: Run Behavior\BuildLiteBehavior [ RunTime:0.000000s ]
INFO: [ app_init ] --END-- [ RunTime:0.000976s ]
ERR: 无法加载模块:Gb-show-p-2347

[ 2017-05-12T03:33:06+08:00 ] 180.153.232.170 /index.php?m=vod-list-id-5-pg-1-order--by--class--year--letter-H-area--lang-.html
INFO: [ app_init ] --START--
INFO: Run Behavior\BuildLiteBehavior [ RunTime:0.000000s ]
INFO: [ app_init ] --END-- [ RunTime:0.000977s ]
ERR: 无法加载模块:Vod-list-id-5-pg-1-order--by--class--year--letter-H-area--lang-.html

[ 2017-05-12T03:33:08+08:00 ] 42.236.99.79 /index.php?m=vod-search-pg-2-starring-yuanyuan-classid-8.html
INFO: [ app_init ] --START--
INFO: Run Behavior\BuildLiteBehavior [ RunTime:0.000000s ]
INFO: [ app_init ] --END-- [ RunTime:0.000000s ]
ERR: 无法加载模块:Vod-search-pg-2-starring-yuanyuan-classid-8.html

[ 2017-05-12T03:33:23+08:00 ] 180.153.236.19 /index.php?m=vod-play-id-886-src-1-num-1.html
INFO: [ app_init ] --START--
INFO: Run Behavior\BuildLiteBehavior [ RunTime:0.000977s ]
INFO: [ app_init ] --END-- [ RunTime:0.000977s ]
ERR: 无法加载模块:Vod-play-id-886-src-1-num-1.html

[ 2017-05-12T08:06:15+08:00 ] 66.249.73.181 /index.php?m=vod-play-id-17-src-1-num-1.html
INFO: [ app_init ] --START--
INFO: Run Behavior\BuildLiteBehavior [ RunTime:0.000000s ]
INFO: [ app_init ] --END-- [ RunTime:0.000977s ]
ERR: 无法加载模块:Vod-play-id-17-src-1-num-1.html

[ 2017-05-12T22:30:55+08:00 ] 42.236.10.72 /index.php?m=vod-list-id-4-pg-1-order--by--class-0-year-2004-letter-U-area-%E6%B3%95%E5%9B%BD-lang-.html
INFO: [ app_init ] --START--
INFO: Run Behavior\BuildLiteBehavior [ RunTime:0.000000s ]
INFO: [ app_init ] --END-- [ RunTime:0.000000s ]
ERR: 无法加载模块:Vod-list-id-4-pg-1-order--by--class-0-year-2004-letter-U-area-法国-lang-.html

[ 2017-05-12T22:30:55+08:00 ] 42.236.99.230 /index.php?m=vod-list-id-5-pg-1-order--by--class--year--letter-I-area--lang-.html
INFO: [ app_init ] --START--
INFO: Run Behavior\BuildLiteBehavior [ RunTime:0.000000s ]
INFO: [ app_init ] --END-- [ RunTime:0.000000s ]
ERR: 无法加载模块:Vod-list-id-5-pg-1-order--by--class--year--letter-I-area--lang-.html

[ 2017-05-12T22:30:55+08:00 ] 42.236.10.112 /index.php?m=vod-play-id-17-src-1-num-1.html
INFO: [ app_init ] --START--
INFO: Run Behavior\BuildLiteBehavior [ RunTime:0.000000s ]
INFO: [ app_init ] --END-- [ RunTime:0.000000s ]
ERR: 无法加载模块:Vod-play-id-17-src-1-num-1.html

[ 2017-05-12T22:30:55+08:00 ] 42.236.10.84 /index.php?m=vod-play-id-2259-src-1-num-1.html
INFO: [ app_init ] --START--
INFO: Run Behavior\BuildLiteBehavior [ RunTime:0.000000s ]
INFO: [ app_init ] --END-- [ RunTime:0.000977s ]
ERR: 无法加载模块:Vod-play-id-2259-src-1-num-1.html

[ 2017-05-12T22:30:55+08:00 ] 42.236.99.218 /index.php?m=vod-play-id-2286-src-1-num-1.html
INFO: [ app_init ] --START--
INFO: Run Behavior\BuildLiteBehavior [ RunTime:0.000000s ]
INFO: [ app_init ] --END-- [ RunTime:0.000000s ]
ERR: 无法加载模块:Vod-play-id-2286-src-1-num-1.html

[ 2017-05-12T22:30:55+08:00 ] 42.236.10.72 /index.php?s=gb-show-id-1645.html
INFO: [ app_init ] --START--
INFO: Run Behavior\BuildLiteBehavior [ RunTime:0.000000s ]
INFO: [ app_init ] --END-- [ RunTime:0.000976s ]
ERR: 无法加载模块:Gb-show-id-1645

[ 2017-05-12T22:30:56+08:00 ] 42.236.99.242 /index.php?s=gb-show-p-20.html
INFO: [ app_init ] --START--
INFO: Run Behavior\BuildLiteBehavior [ RunTime:0.000000s ]
INFO: [ app_init ] --END-- [ RunTime:0.000977s ]
ERR: 无法加载模块:Gb-show-p-20

[ 2017-05-12T22:31:36+08:00 ] 180.153.236.101 /index.php?s=vod-play-id-683-sid-0-pid-1.html
INFO: [ app_init ] --START--
INFO: Run Behavior\BuildLiteBehavior [ RunTime:0.000000s ]
INFO: [ app_init ] --END-- [ RunTime:0.000000s ]
ERR: 无法加载模块:Vod-play-id-683-sid-0-pid-1

[ 2017-05-12T22:31:36+08:00 ] 180.153.236.101 /index.php?m=vod-play-id-431-src-1-num-1.html
INFO: [ app_init ] --START--
INFO: Run Behavior\BuildLiteBehavior [ RunTime:0.000000s ]
INFO: [ app_init ] --END-- [ RunTime:0.000000s ]
ERR: 无法加载模块:Vod-play-id-431-src-1-num-1.html

