[ 2017-08-27T11:35:52+08:00 ] 42.236.103.106 /index.php?s=gb-show-id-717.html
INFO: [ app_init ] --START--
INFO: Run Behavior\BuildLiteBehavior [ RunTime:0.000000s ]
INFO: [ app_init ] --END-- [ RunTime:0.000977s ]
ERR: 无法加载模块:Gb-show-id-717

[ 2017-08-27T11:35:53+08:00 ] 42.236.102.3 /index.php?s=vod-play-id-155-sid-0-pid-1.html
INFO: [ app_init ] --START--
INFO: Run Behavior\BuildLiteBehavior [ RunTime:0.000000s ]
INFO: [ app_init ] --END-- [ RunTime:0.000976s ]
ERR: 无法加载模块:Vod-play-id-155-sid-0-pid-1

[ 2017-08-27T11:35:53+08:00 ] 42.236.101.194 /index.php?s=gb-show-id-1670.html
INFO: [ app_init ] --START--
INFO: Run Behavior\BuildLiteBehavior [ RunTime:0.000000s ]
INFO: [ app_init ] --END-- [ RunTime:0.000977s ]
ERR: 无法加载模块:Gb-show-id-1670

[ 2017-08-27T11:35:53+08:00 ] 42.236.99.23 /index.php?m=vod-play-id-841-src-1-num-1.html
INFO: [ app_init ] --START--
INFO: Run Behavior\BuildLiteBehavior [ RunTime:0.000000s ]
INFO: [ app_init ] --END-- [ RunTime:0.000976s ]
ERR: 无法加载模块:Vod-play-id-841-src-1-num-1.html

[ 2017-08-27T11:35:53+08:00 ] 180.153.236.173 /index.php?m=vod-list-id-4-pg-1-order--by--class-0-year-2008-letter-B-area-%E6%B3%95%E5%9B%BD-lang-.html
INFO: [ app_init ] --START--
INFO: Run Behavior\BuildLiteBehavior [ RunTime:0.000000s ]
INFO: [ app_init ] --END-- [ RunTime:0.001953s ]
ERR: 无法加载模块:Vod-list-id-4-pg-1-order--by--class-0-year-2008-letter-B-area-法国-lang-.html

[ 2017-08-27T11:35:53+08:00 ] 42.236.46.85 /index.php?m=vod-list-id-2-pg-1-order--by--class-0-year--letter--area-%E9%A9%AC%E6%9D%A5%E8%A5%BF%E4%BA%9A-lang-.html
INFO: [ app_init ] --START--
INFO: Run Behavior\BuildLiteBehavior [ RunTime:0.000000s ]
INFO: [ app_init ] --END-- [ RunTime:0.000977s ]
ERR: 无法加载模块:Vod-list-id-2-pg-1-order--by--class-0-year--letter--area-马来西亚-lang-.html

[ 2017-08-27T11:35:53+08:00 ] 42.236.99.242 /index.php?m=vod-search-pg-235-starring-yuanyuan-area-%E6%97%A5%E6%9C%AC.html
INFO: [ app_init ] --START--
INFO: Run Behavior\BuildLiteBehavior [ RunTime:0.000000s ]
INFO: [ app_init ] --END-- [ RunTime:0.000976s ]
ERR: 无法加载模块:Vod-search-pg-235-starring-yuanyuan-area-日本.html

[ 2017-08-27T11:35:53+08:00 ] 42.236.99.130 /index.php?s=gb-show-p-383.html
INFO: [ app_init ] --START--
INFO: Run Behavior\BuildLiteBehavior [ RunTime:0.000000s ]
INFO: [ app_init ] --END-- [ RunTime:0.000000s ]
ERR: 无法加载模块:Gb-show-p-383

[ 2017-08-27T11:35:53+08:00 ] 42.236.99.23 /index.php?s=gb-show-id-450.html
INFO: [ app_init ] --START--
INFO: Run Behavior\BuildLiteBehavior [ RunTime:0.000000s ]
INFO: [ app_init ] --END-- [ RunTime:0.000977s ]
ERR: 无法加载模块:Gb-show-id-450

[ 2017-08-27T11:35:53+08:00 ] 42.236.99.23 /index.php?s=vod-play-id-461-sid-0-pid-1.html
INFO: [ app_init ] --START--
INFO: Run Behavior\BuildLiteBehavior [ RunTime:0.000000s ]
INFO: [ app_init ] --END-- [ RunTime:0.000977s ]
ERR: 无法加载模块:Vod-play-id-461-sid-0-pid-1

