[ 2017-06-13T02:38:06+08:00 ] 42.236.12.190 /index.php?m=vod-list-id-2-pg-9-order--by--class-0-year-0-letter--area-%E5%A4%A7%E9%99%86-lang-.html
INFO: [ app_init ] --START--
INFO: Run Behavior\BuildLiteBehavior [ RunTime:0.000000s ]
INFO: [ app_init ] --END-- [ RunTime:0.000976s ]
ERR: 无法加载模块:Vod-list-id-2-pg-9-order--by--class-0-year-0-letter--area-大陆-lang-.html

[ 2017-06-13T02:38:06+08:00 ] 42.236.10.77 /index.php?m=vod-play-id-457-src-1-num-1.html
INFO: [ app_init ] --START--
INFO: Run Behavior\BuildLiteBehavior [ RunTime:0.000000s ]
INFO: [ app_init ] --END-- [ RunTime:0.000000s ]
ERR: 无法加载模块:Vod-play-id-457-src-1-num-1.html

[ 2017-06-13T02:38:07+08:00 ] 42.236.99.142 /index.php?s=gb-show-id-184.html
INFO: [ app_init ] --START--
INFO: Run Behavior\BuildLiteBehavior [ RunTime:0.000000s ]
INFO: [ app_init ] --END-- [ RunTime:0.000976s ]
ERR: 无法加载模块:Gb-show-id-184

[ 2017-06-13T02:38:07+08:00 ] 42.236.10.76 /index.php?m=vod-search-pg-2-starring-yuanyuan-letter-J.html
INFO: [ app_init ] --START--
INFO: Run Behavior\BuildLiteBehavior [ RunTime:0.000000s ]
INFO: [ app_init ] --END-- [ RunTime:0.000000s ]
ERR: 无法加载模块:Vod-search-pg-2-starring-yuanyuan-letter-J.html

[ 2017-06-13T02:38:07+08:00 ] 42.236.103.106 /index.php?s=gb-show-p-1956.html
INFO: [ app_init ] --START--
INFO: Run Behavior\BuildLiteBehavior [ RunTime:0.000000s ]
INFO: [ app_init ] --END-- [ RunTime:0.000000s ]
ERR: 无法加载模块:Gb-show-p-1956

[ 2017-06-13T02:38:07+08:00 ] 42.236.102.23 /index.php?s=vod-play-id-847-sid-0-pid-1.html
INFO: [ app_init ] --START--
INFO: Run Behavior\BuildLiteBehavior [ RunTime:0.000000s ]
INFO: [ app_init ] --END-- [ RunTime:0.000976s ]
ERR: 无法加载模块:Vod-play-id-847-sid-0-pid-1

[ 2017-06-13T02:38:08+08:00 ] 42.236.55.41 /index.php?s=vod-play-id-1397-sid-0-pid-1.html
INFO: [ app_init ] --START--
INFO: Run Behavior\BuildLiteBehavior [ RunTime:0.000000s ]
INFO: [ app_init ] --END-- [ RunTime:0.000977s ]
ERR: 无法加载模块:Vod-play-id-1397-sid-0-pid-1

[ 2017-06-13T02:38:08+08:00 ] 180.153.236.35 /index.php?s=gb-show-id-302.html
INFO: [ app_init ] --START--
INFO: Run Behavior\BuildLiteBehavior [ RunTime:0.000000s ]
INFO: [ app_init ] --END-- [ RunTime:0.000000s ]
ERR: 无法加载模块:Gb-show-id-302

[ 2017-06-13T02:38:09+08:00 ] 180.153.236.101 /index.php?m=vod-play-id-1175-src-1-num-1.html
INFO: [ app_init ] --START--
INFO: Run Behavior\BuildLiteBehavior [ RunTime:0.000000s ]
INFO: [ app_init ] --END-- [ RunTime:0.000977s ]
ERR: 无法加载模块:Vod-play-id-1175-src-1-num-1.html

[ 2017-06-13T18:58:43+08:00 ] 140.205.201.32 /index.php?m=member&c=index&a=register&siteid=1
INFO: [ app_init ] --START--
INFO: Run Behavior\BuildLiteBehavior [ RunTime:0.000000s ]
INFO: [ app_init ] --END-- [ RunTime:0.000000s ]
ERR: 无法加载模块:Member

[ 2017-06-13T18:58:44+08:00 ] 140.205.201.32 /index.php?m=wap&a=index&siteid=1
INFO: [ app_init ] --START--
INFO: Run Behavior\BuildLiteBehavior [ RunTime:0.000000s ]
INFO: [ app_init ] --END-- [ RunTime:0.000977s ]
ERR: 无法加载模块:Wap

[ 2017-06-13T23:11:16+08:00 ] 42.236.12.190 /index.php?m=vod-list-id-2-pg-1-order--by--class--year-0-letter--area-%E5%A4%A7%E9%99%86-lang-.html
INFO: [ app_init ] --START--
INFO: Run Behavior\BuildLiteBehavior [ RunTime:0.000000s ]
INFO: [ app_init ] --END-- [ RunTime:0.000000s ]
ERR: 无法加载模块:Vod-list-id-2-pg-1-order--by--class--year-0-letter--area-大陆-lang-.html

[ 2017-06-13T23:11:16+08:00 ] 42.236.99.72 /index.php?m=vod-search-pg-2-starring-yuanyuan-letter-Q.html
INFO: [ app_init ] --START--
INFO: Run Behavior\BuildLiteBehavior [ RunTime:0.000000s ]
INFO: [ app_init ] --END-- [ RunTime:0.000000s ]
ERR: 无法加载模块:Vod-search-pg-2-starring-yuanyuan-letter-Q.html

[ 2017-06-13T23:11:16+08:00 ] 42.236.10.75 /index.php?s=vod-play-id-1409-sid-0-pid-1.html
INFO: [ app_init ] --START--
INFO: Run Behavior\BuildLiteBehavior [ RunTime:0.000000s ]
INFO: [ app_init ] --END-- [ RunTime:0.000977s ]
ERR: 无法加载模块:Vod-play-id-1409-sid-0-pid-1

[ 2017-06-13T23:11:16+08:00 ] 180.153.234.145 /index.php?s=gb-show-id-212.html
INFO: [ app_init ] --START--
INFO: Run Behavior\BuildLiteBehavior [ RunTime:0.000000s ]
INFO: [ app_init ] --END-- [ RunTime:0.000977s ]
ERR: 无法加载模块:Gb-show-id-212

[ 2017-06-13T23:11:16+08:00 ] 42.236.55.41 /index.php?s=vod-play-id-765-sid-0-pid-1.html
INFO: [ app_init ] --START--
INFO: Run Behavior\BuildLiteBehavior [ RunTime:0.000000s ]
INFO: [ app_init ] --END-- [ RunTime:0.000000s ]
ERR: 无法加载模块:Vod-play-id-765-sid-0-pid-1

[ 2017-06-13T23:11:37+08:00 ] 180.153.236.157 /index.php?m=vod-play-id-2119-src-1-num-1.html
INFO: [ app_init ] --START--
INFO: Run Behavior\BuildLiteBehavior [ RunTime:0.000000s ]
INFO: [ app_init ] --END-- [ RunTime:0.000977s ]
ERR: 无法加载模块:Vod-play-id-2119-src-1-num-1.html

