[ 2017-03-25T05:16:53+08:00 ] 180.153.236.117 /index.php?m=vod-play-id-2181-src-1-num-1.html
INFO: [ app_init ] --START--
INFO: Run Behavior\BuildLiteBehavior [ RunTime:0.000018s ]
INFO: [ app_init ] --END-- [ RunTime:0.000381s ]
ERR: 无法加载模块:Vod-play-id-2181-src-1-num-1.html

[ 2017-03-25T05:16:53+08:00 ] 42.236.10.75 /index.php?s=vod-play-id-485-sid-0-pid-1.html
INFO: [ app_init ] --START--
INFO: Run Behavior\BuildLiteBehavior [ RunTime:0.000018s ]
INFO: [ app_init ] --END-- [ RunTime:0.000443s ]
ERR: 无法加载模块:Vod-play-id-485-sid-0-pid-1

[ 2017-03-25T05:16:53+08:00 ] 42.236.10.79 /index.php?m=vod-play-id-734-src-1-num-1.html
INFO: [ app_init ] --START--
INFO: Run Behavior\BuildLiteBehavior [ RunTime:0.000013s ]
INFO: [ app_init ] --END-- [ RunTime:0.000341s ]
ERR: 无法加载模块:Vod-play-id-734-src-1-num-1.html

[ 2017-03-25T05:16:54+08:00 ] 180.153.236.165 /index.php?m=vod-play-id-1040-src-1-num-1.html
INFO: [ app_init ] --START--
INFO: Run Behavior\BuildLiteBehavior [ RunTime:0.000013s ]
INFO: [ app_init ] --END-- [ RunTime:0.000328s ]
ERR: 无法加载模块:Vod-play-id-1040-src-1-num-1.html

[ 2017-03-25T05:16:54+08:00 ] 42.236.10.82 /index.php?m=vod-play-id-2188-src-1-num-1.html
INFO: [ app_init ] --START--
INFO: Run Behavior\BuildLiteBehavior [ RunTime:0.000013s ]
INFO: [ app_init ] --END-- [ RunTime:0.000542s ]
ERR: 无法加载模块:Vod-play-id-2188-src-1-num-1.html

[ 2017-03-25T05:16:54+08:00 ] 42.236.99.154 /index.php?s=vod-search-letter-X-p-44.html
INFO: [ app_init ] --START--
INFO: Run Behavior\BuildLiteBehavior [ RunTime:0.000013s ]
INFO: [ app_init ] --END-- [ RunTime:0.000347s ]
ERR: 无法加载模块:Vod-search-letter-X-p-44

[ 2017-03-25T05:16:55+08:00 ] 42.236.99.130 /index.php?m=vod-play-id-135-src-1-num-1.html
INFO: [ app_init ] --START--
INFO: Run Behavior\BuildLiteBehavior [ RunTime:0.000011s ]
INFO: [ app_init ] --END-- [ RunTime:0.000326s ]
ERR: 无法加载模块:Vod-play-id-135-src-1-num-1.html

[ 2017-03-25T05:16:55+08:00 ] 42.236.99.154 /index.php?s=vod-play-id-172-sid-0-pid-1.html
INFO: [ app_init ] --START--
INFO: Run Behavior\BuildLiteBehavior [ RunTime:0.000014s ]
INFO: [ app_init ] --END-- [ RunTime:0.000334s ]
ERR: 无法加载模块:Vod-play-id-172-sid-0-pid-1

[ 2017-03-25T05:16:55+08:00 ] 180.153.236.149 /index.php?s=gb-show-id-1239.html
INFO: [ app_init ] --START--
INFO: Run Behavior\BuildLiteBehavior [ RunTime:0.000012s ]
INFO: [ app_init ] --END-- [ RunTime:0.000361s ]
ERR: 无法加载模块:Gb-show-id-1239

[ 2017-03-25T05:16:55+08:00 ] 42.236.99.230 /index.php?m=vod-list-id-2-pg-1-order--by--class-15-year-2008-letter--area-%E5%A4%A7%E9%99%86-lang-.html
INFO: [ app_init ] --START--
INFO: Run Behavior\BuildLiteBehavior [ RunTime:0.000012s ]
INFO: [ app_init ] --END-- [ RunTime:0.000344s ]
ERR: 无法加载模块:Vod-list-id-2-pg-1-order--by--class-15-year-2008-letter--area-大陆-lang-.html

[ 2017-03-25T05:16:56+08:00 ] 180.153.236.173 /index.php?s=gb-show-id-845.html
INFO: [ app_init ] --START--
INFO: Run Behavior\BuildLiteBehavior [ RunTime:0.000013s ]
INFO: [ app_init ] --END-- [ RunTime:0.000405s ]
ERR: 无法加载模块:Gb-show-id-845

[ 2017-03-25T05:16:56+08:00 ] 42.236.99.44 /index.php?m=vod-list-id-2-pg-1-order--by--class-21-year--letter--area--lang-.html
INFO: [ app_init ] --START--
INFO: Run Behavior\BuildLiteBehavior [ RunTime:0.000012s ]
INFO: [ app_init ] --END-- [ RunTime:0.000335s ]
ERR: 无法加载模块:Vod-list-id-2-pg-1-order--by--class-21-year--letter--area--lang-.html

[ 2017-03-25T05:16:56+08:00 ] 42.236.99.142 /index.php?m=vod-play-id-1659-src-1-num-1.html
INFO: [ app_init ] --START--
INFO: Run Behavior\BuildLiteBehavior [ RunTime:0.000025s ]
INFO: [ app_init ] --END-- [ RunTime:0.000321s ]
ERR: 无法加载模块:Vod-play-id-1659-src-1-num-1.html

[ 2017-03-25T05:16:56+08:00 ] 180.153.236.101 /index.php?m=vod-play-id-2483-src-1-num-1.html
INFO: [ app_init ] --START--
INFO: Run Behavior\BuildLiteBehavior [ RunTime:0.000011s ]
INFO: [ app_init ] --END-- [ RunTime:0.000636s ]
ERR: 无法加载模块:Vod-play-id-2483-src-1-num-1.html

[ 2017-03-25T05:16:56+08:00 ] 42.236.99.16 /index.php?s=vod-play-id-1075-sid-0-pid-1.html
INFO: [ app_init ] --START--
INFO: Run Behavior\BuildLiteBehavior [ RunTime:0.000013s ]
INFO: [ app_init ] --END-- [ RunTime:0.000310s ]
ERR: 无法加载模块:Vod-play-id-1075-sid-0-pid-1

[ 2017-03-25T05:16:56+08:00 ] 42.236.99.72 /index.php?m=vod-play-id-1758-src-1-num-1.html
INFO: [ app_init ] --START--
INFO: Run Behavior\BuildLiteBehavior [ RunTime:0.000019s ]
INFO: [ app_init ] --END-- [ RunTime:0.000337s ]
ERR: 无法加载模块:Vod-play-id-1758-src-1-num-1.html

[ 2017-03-25T05:16:56+08:00 ] 42.236.10.82 /index.php?s=vod-play-id-1315-sid-0-pid-1.html
INFO: [ app_init ] --START--
INFO: Run Behavior\BuildLiteBehavior [ RunTime:0.000030s ]
INFO: [ app_init ] --END-- [ RunTime:0.000359s ]
ERR: 无法加载模块:Vod-play-id-1315-sid-0-pid-1

[ 2017-03-25T05:16:57+08:00 ] 42.236.99.166 /index.php?s=vod-play-id-584-sid-0-pid-1.html
INFO: [ app_init ] --START--
INFO: Run Behavior\BuildLiteBehavior [ RunTime:0.000012s ]
INFO: [ app_init ] --END-- [ RunTime:0.000319s ]
ERR: 无法加载模块:Vod-play-id-584-sid-0-pid-1

[ 2017-03-25T05:16:57+08:00 ] 42.236.10.112 /index.php?m=vod-play-id-1934-src-1-num-1.html
INFO: [ app_init ] --START--
INFO: Run Behavior\BuildLiteBehavior [ RunTime:0.000010s ]
INFO: [ app_init ] --END-- [ RunTime:0.000346s ]
ERR: 无法加载模块:Vod-play-id-1934-src-1-num-1.html

[ 2017-03-25T05:16:57+08:00 ] 42.236.99.79 /index.php?m=vod-play-id-330-src-1-num-1.html
INFO: [ app_init ] --START--
INFO: Run Behavior\BuildLiteBehavior [ RunTime:0.000012s ]
INFO: [ app_init ] --END-- [ RunTime:0.000305s ]
ERR: 无法加载模块:Vod-play-id-330-src-1-num-1.html

[ 2017-03-25T05:16:58+08:00 ] 42.236.99.44 /index.php?m=vod-list-id-5-pg-1-order--by--class-0-year-0-letter-G-area-%E7%BE%8E%E5%9B%BD-lang-.html
INFO: [ app_init ] --START--
INFO: Run Behavior\BuildLiteBehavior [ RunTime:0.000013s ]
INFO: [ app_init ] --END-- [ RunTime:0.000343s ]
ERR: 无法加载模块:Vod-list-id-5-pg-1-order--by--class-0-year-0-letter-G-area-美国-lang-.html

[ 2017-03-25T05:16:58+08:00 ] 42.236.99.86 /index.php?s=gb-show-id-1361.html
INFO: [ app_init ] --START--
INFO: Run Behavior\BuildLiteBehavior [ RunTime:0.000014s ]
INFO: [ app_init ] --END-- [ RunTime:0.000370s ]
ERR: 无法加载模块:Gb-show-id-1361

[ 2017-03-25T05:16:59+08:00 ] 42.236.99.44 /index.php?m=vod-search-pg-237-year-2006-starring-yuanyuan.html
INFO: [ app_init ] --START--
INFO: Run Behavior\BuildLiteBehavior [ RunTime:0.000011s ]
INFO: [ app_init ] --END-- [ RunTime:0.000309s ]
ERR: 无法加载模块:Vod-search-pg-237-year-2006-starring-yuanyuan.html

[ 2017-03-25T05:17:00+08:00 ] 42.236.99.86 /index.php?m=vod-list-id-5-pg-1-order--by--class-0-year-0-letter--area-%E8%8B%B1%E5%9B%BD-lang-.html
INFO: [ app_init ] --START--
INFO: Run Behavior\BuildLiteBehavior [ RunTime:0.000011s ]
INFO: [ app_init ] --END-- [ RunTime:0.000308s ]
ERR: 无法加载模块:Vod-list-id-5-pg-1-order--by--class-0-year-0-letter--area-英国-lang-.html

[ 2017-03-25T15:18:51+08:00 ] 204.12.208.10 /index.php?m=vod-list-id-0-pg-1-order--by--class-0-year-0-letter--area-%E4%BF%84%E7%BD%97%E6%96%AF-lang-.html
INFO: [ app_init ] --START--
INFO: Run Behavior\BuildLiteBehavior [ RunTime:0.000031s ]
INFO: [ app_init ] --END-- [ RunTime:0.000612s ]
ERR: 无法加载模块:Vod-list-id-0-pg-1-order--by--class-0-year-0-letter--area-俄罗斯-lang-.html

[ 2017-03-25T19:20:25+08:00 ] 62.210.157.95 /index.php?s=vod-search-area-%E5%8A%A0%E6%8B%BF%E5%A4%A7.html
INFO: [ app_init ] --START--
INFO: Run Behavior\BuildLiteBehavior [ RunTime:0.000018s ]
INFO: [ app_init ] --END-- [ RunTime:0.000403s ]
ERR: 无法加载模块:Vod-search-area-加拿大

[ 2017-03-25T22:56:02+08:00 ] 42.236.10.107 /index.php?s=gb-show-id-850.html
INFO: [ app_init ] --START--
INFO: Run Behavior\BuildLiteBehavior [ RunTime:0.000024s ]
INFO: [ app_init ] --END-- [ RunTime:0.000580s ]
ERR: 无法加载模块:Gb-show-id-850

[ 2017-03-25T22:56:02+08:00 ] 42.236.99.23 /index.php?m=vod-play-id-1042-src-1-num-1.html
INFO: [ app_init ] --START--
INFO: Run Behavior\BuildLiteBehavior [ RunTime:0.000012s ]
INFO: [ app_init ] --END-- [ RunTime:0.000331s ]
ERR: 无法加载模块:Vod-play-id-1042-src-1-num-1.html

[ 2017-03-25T22:56:03+08:00 ] 42.236.99.72 /index.php?s=gb-show-id-1370.html
INFO: [ app_init ] --START--
INFO: Run Behavior\BuildLiteBehavior [ RunTime:0.000013s ]
INFO: [ app_init ] --END-- [ RunTime:0.000273s ]
ERR: 无法加载模块:Gb-show-id-1370

[ 2017-03-25T22:56:03+08:00 ] 42.236.10.100 /index.php?m=vod-play-id-2485-src-1-num-1.html
INFO: [ app_init ] --START--
INFO: Run Behavior\BuildLiteBehavior [ RunTime:0.000012s ]
INFO: [ app_init ] --END-- [ RunTime:0.000328s ]
ERR: 无法加载模块:Vod-play-id-2485-src-1-num-1.html

[ 2017-03-25T22:56:04+08:00 ] 42.236.10.111 /index.php?s=vod-play-id-1722-sid-0-pid-1.html
INFO: [ app_init ] --START--
INFO: Run Behavior\BuildLiteBehavior [ RunTime:0.000015s ]
INFO: [ app_init ] --END-- [ RunTime:0.000329s ]
ERR: 无法加载模块:Vod-play-id-1722-sid-0-pid-1

[ 2017-03-25T22:56:04+08:00 ] 42.236.99.65 /index.php?m=vod-play-id-1776-src-1-num-1.html
INFO: [ app_init ] --START--
INFO: Run Behavior\BuildLiteBehavior [ RunTime:0.000044s ]
INFO: [ app_init ] --END-- [ RunTime:0.000366s ]
ERR: 无法加载模块:Vod-play-id-1776-src-1-num-1.html

[ 2017-03-25T22:56:04+08:00 ] 42.236.10.83 /index.php?m=vod-list-id-2-pg-1-order--by--class-22-year--letter--area--lang-.html
INFO: [ app_init ] --START--
INFO: Run Behavior\BuildLiteBehavior [ RunTime:0.000014s ]
INFO: [ app_init ] --END-- [ RunTime:0.000282s ]
ERR: 无法加载模块:Vod-list-id-2-pg-1-order--by--class-22-year--letter--area--lang-.html

[ 2017-03-25T22:56:04+08:00 ] 180.153.236.133 /index.php?s=vod-play-id-587-sid-0-pid-1.html
INFO: [ app_init ] --START--
INFO: Run Behavior\BuildLiteBehavior [ RunTime:0.000021s ]
INFO: [ app_init ] --END-- [ RunTime:0.000683s ]
ERR: 无法加载模块:Vod-play-id-587-sid-0-pid-1

[ 2017-03-25T22:56:05+08:00 ] 42.236.10.83 /index.php?m=vod-play-id-332-src-1-num-1.html
INFO: [ app_init ] --START--
INFO: Run Behavior\BuildLiteBehavior [ RunTime:0.000013s ]
INFO: [ app_init ] --END-- [ RunTime:0.000389s ]
ERR: 无法加载模块:Vod-play-id-332-src-1-num-1.html

[ 2017-03-25T22:56:05+08:00 ] 42.236.10.112 /index.php?m=vod-list-id-5-pg-1-order--by--class-0-year-0-letter--area-%E8%A5%BF%E7%8F%AD%E7%89%99-lang-.html
INFO: [ app_init ] --START--
INFO: Run Behavior\BuildLiteBehavior [ RunTime:0.000015s ]
INFO: [ app_init ] --END-- [ RunTime:0.000327s ]
ERR: 无法加载模块:Vod-list-id-5-pg-1-order--by--class-0-year-0-letter--area-西班牙-lang-.html

[ 2017-03-25T22:56:05+08:00 ] 42.236.99.130 /index.php?m=vod-list-id-2-pg-1-order--by--class-15-year-2008-letter--area--lang-.html
INFO: [ app_init ] --START--
INFO: Run Behavior\BuildLiteBehavior [ RunTime:0.000021s ]
INFO: [ app_init ] --END-- [ RunTime:0.000448s ]
ERR: 无法加载模块:Vod-list-id-2-pg-1-order--by--class-15-year-2008-letter--area--lang-.html

[ 2017-03-25T22:56:06+08:00 ] 42.236.99.130 /index.php?m=vod-play-id-2182-src-1-num-1.html
INFO: [ app_init ] --START--
INFO: Run Behavior\BuildLiteBehavior [ RunTime:0.000029s ]
INFO: [ app_init ] --END-- [ RunTime:0.000275s ]
ERR: 无法加载模块:Vod-play-id-2182-src-1-num-1.html

[ 2017-03-25T22:56:06+08:00 ] 42.236.10.85 /index.php?s=vod-play-id-1324-sid-0-pid-1.html
INFO: [ app_init ] --START--
INFO: Run Behavior\BuildLiteBehavior [ RunTime:0.000014s ]
INFO: [ app_init ] --END-- [ RunTime:0.000328s ]
ERR: 无法加载模块:Vod-play-id-1324-sid-0-pid-1

[ 2017-03-25T22:56:06+08:00 ] 42.236.99.154 /index.php?m=vod-play-id-74-src-1-num-1.html
INFO: [ app_init ] --START--
INFO: Run Behavior\BuildLiteBehavior [ RunTime:0.000015s ]
INFO: [ app_init ] --END-- [ RunTime:0.000327s ]
ERR: 无法加载模块:Vod-play-id-74-src-1-num-1.html

[ 2017-03-25T22:56:07+08:00 ] 42.236.99.230 /index.php?m=vod-search-pg-237-year-2007-starring-yuanyuan.html
INFO: [ app_init ] --START--
INFO: Run Behavior\BuildLiteBehavior [ RunTime:0.000013s ]
INFO: [ app_init ] --END-- [ RunTime:0.000276s ]
ERR: 无法加载模块:Vod-search-pg-237-year-2007-starring-yuanyuan.html

[ 2017-03-25T22:56:07+08:00 ] 42.236.99.154 /index.php?s=vod-play-id-486-sid-0-pid-1.html
INFO: [ app_init ] --START--
INFO: Run Behavior\BuildLiteBehavior [ RunTime:0.000012s ]
INFO: [ app_init ] --END-- [ RunTime:0.000310s ]
ERR: 无法加载模块:Vod-play-id-486-sid-0-pid-1

[ 2017-03-25T22:56:08+08:00 ] 42.236.99.79 /index.php?m=vod-play-id-1369-src-1-num-1.html
INFO: [ app_init ] --START--
INFO: Run Behavior\BuildLiteBehavior [ RunTime:0.000012s ]
INFO: [ app_init ] --END-- [ RunTime:0.000287s ]
ERR: 无法加载模块:Vod-play-id-1369-src-1-num-1.html

[ 2017-03-25T22:56:08+08:00 ] 42.236.99.86 /index.php?m=vod-play-id-219-src-1-num-1.html
INFO: [ app_init ] --START--
INFO: Run Behavior\BuildLiteBehavior [ RunTime:0.000016s ]
INFO: [ app_init ] --END-- [ RunTime:0.000324s ]
ERR: 无法加载模块:Vod-play-id-219-src-1-num-1.html

[ 2017-03-25T22:56:08+08:00 ] 42.236.10.115 /index.php?s=gb-show-id-1257.html
INFO: [ app_init ] --START--
INFO: Run Behavior\BuildLiteBehavior [ RunTime:0.000014s ]
INFO: [ app_init ] --END-- [ RunTime:0.000297s ]
ERR: 无法加载模块:Gb-show-id-1257

[ 2017-03-25T22:56:08+08:00 ] 42.236.10.80 /index.php?s=vod-play-id-1077-sid-0-pid-1.html
INFO: [ app_init ] --START--
INFO: Run Behavior\BuildLiteBehavior [ RunTime:0.000015s ]
INFO: [ app_init ] --END-- [ RunTime:0.000339s ]
ERR: 无法加载模块:Vod-play-id-1077-sid-0-pid-1

[ 2017-03-25T22:56:09+08:00 ] 180.153.236.189 /index.php?s=vod-search-p-4.html
INFO: [ app_init ] --START--
INFO: Run Behavior\BuildLiteBehavior [ RunTime:0.000018s ]
INFO: [ app_init ] --END-- [ RunTime:0.000398s ]
ERR: 无法加载模块:Vod-search-p-4

[ 2017-03-25T22:56:09+08:00 ] 42.236.10.114 /index.php?m=vod-list-id-5-pg-1-order--by--class-0-year-0-letter-T-area-%E8%8B%B1%E5%9B%BD-lang-.html
INFO: [ app_init ] --START--
INFO: Run Behavior\BuildLiteBehavior [ RunTime:0.000016s ]
INFO: [ app_init ] --END-- [ RunTime:0.000476s ]
ERR: 无法加载模块:Vod-list-id-5-pg-1-order--by--class-0-year-0-letter-T-area-英国-lang-.html

