[ 2017-06-03T11:22:45+08:00 ] 180.153.236.181 /index.php?s=vod-play-id-82-sid-0-pid-1.html
INFO: [ app_init ] --START--
INFO: Run Behavior\BuildLiteBehavior [ RunTime:0.000000s ]
INFO: [ app_init ] --END-- [ RunTime:0.000000s ]
ERR: 无法加载模块:Vod-play-id-82-sid-0-pid-1

[ 2017-06-03T11:22:45+08:00 ] 180.153.236.181 /index.php?m=vod-play-id-1061-src-1-num-1.html
INFO: [ app_init ] --START--
INFO: Run Behavior\BuildLiteBehavior [ RunTime:0.000000s ]
INFO: [ app_init ] --END-- [ RunTime:0.000977s ]
ERR: 无法加载模块:Vod-play-id-1061-src-1-num-1.html

[ 2017-06-03T11:22:45+08:00 ] 180.153.236.181 /index.php?s=vod-play-id-1366-sid-0-pid-1.html
INFO: [ app_init ] --START--
INFO: Run Behavior\BuildLiteBehavior [ RunTime:0.000000s ]
INFO: [ app_init ] --END-- [ RunTime:0.000977s ]
ERR: 无法加载模块:Vod-play-id-1366-sid-0-pid-1

[ 2017-06-03T11:22:45+08:00 ] 180.153.236.189 /index.php?s=vod-play-id-281-sid-0-pid-1.html
INFO: [ app_init ] --START--
INFO: Run Behavior\BuildLiteBehavior [ RunTime:0.000000s ]
INFO: [ app_init ] --END-- [ RunTime:0.000977s ]
ERR: 无法加载模块:Vod-play-id-281-sid-0-pid-1

[ 2017-06-03T11:22:45+08:00 ] 42.236.10.79 /index.php?m=vod-list-id-2-pg-1-order--by--class--year--letter-I-area--lang-.html
INFO: [ app_init ] --START--
INFO: Run Behavior\BuildLiteBehavior [ RunTime:0.000000s ]
INFO: [ app_init ] --END-- [ RunTime:0.000977s ]
ERR: 无法加载模块:Vod-list-id-2-pg-1-order--by--class--year--letter-I-area--lang-.html

[ 2017-06-03T11:22:46+08:00 ] 180.153.236.157 /index.php?s=gb-show-p-2387.html
INFO: [ app_init ] --START--
INFO: Run Behavior\BuildLiteBehavior [ RunTime:0.000000s ]
INFO: [ app_init ] --END-- [ RunTime:0.000976s ]
ERR: 无法加载模块:Gb-show-p-2387

[ 2017-06-03T11:22:46+08:00 ] 42.236.46.105 /index.php?m=vod-play-id-1497-src-1-num-1.html
INFO: [ app_init ] --START--
INFO: Run Behavior\BuildLiteBehavior [ RunTime:0.000000s ]
INFO: [ app_init ] --END-- [ RunTime:0.001953s ]
ERR: 无法加载模块:Vod-play-id-1497-src-1-num-1.html

[ 2017-06-03T11:22:46+08:00 ] 180.153.236.117 /index.php?m=vod-list-id-1-pg-1-order--by-time-class-8-year-0-letter--area--lang-.html
INFO: [ app_init ] --START--
INFO: Run Behavior\BuildLiteBehavior [ RunTime:0.000000s ]
INFO: [ app_init ] --END-- [ RunTime:0.000977s ]
ERR: 无法加载模块:Vod-list-id-1-pg-1-order--by-time-class-8-year-0-letter--area--lang-.html

[ 2017-06-03T11:22:46+08:00 ] 180.153.236.181 /index.php?m=vod-play-id-1214-src-1-num-1.html
INFO: [ app_init ] --START--
INFO: Run Behavior\BuildLiteBehavior [ RunTime:0.000000s ]
INFO: [ app_init ] --END-- [ RunTime:0.000977s ]
ERR: 无法加载模块:Vod-play-id-1214-src-1-num-1.html

[ 2017-06-03T11:22:46+08:00 ] 180.153.236.157 /index.php?s=gb-show-id-291.html
INFO: [ app_init ] --START--
INFO: Run Behavior\BuildLiteBehavior [ RunTime:0.000000s ]
INFO: [ app_init ] --END-- [ RunTime:0.001954s ]
ERR: 无法加载模块:Gb-show-id-291

[ 2017-06-03T11:22:46+08:00 ] 180.153.236.181 /index.php?s=gb-show-id-1749.html
INFO: [ app_init ] --START--
INFO: Run Behavior\BuildLiteBehavior [ RunTime:0.000000s ]
INFO: [ app_init ] --END-- [ RunTime:0.000977s ]
ERR: 无法加载模块:Gb-show-id-1749

[ 2017-06-03T11:22:47+08:00 ] 180.153.236.165 /index.php?m=vod-play-id-259-src-1-num-1.html
INFO: [ app_init ] --START--
INFO: Run Behavior\BuildLiteBehavior [ RunTime:0.000000s ]
INFO: [ app_init ] --END-- [ RunTime:0.000977s ]
ERR: 无法加载模块:Vod-play-id-259-src-1-num-1.html

[ 2017-06-03T11:23:02+08:00 ] 180.153.236.67 /index.php?m=vod-play-id-6-src-1-num-1.html
INFO: [ app_init ] --START--
INFO: Run Behavior\BuildLiteBehavior [ RunTime:0.000000s ]
INFO: [ app_init ] --END-- [ RunTime:0.001953s ]
ERR: 无法加载模块:Vod-play-id-6-src-1-num-1.html

