[ 2017-07-01T11:41:02+08:00 ] 42.236.99.65 /index.php?m=vod-play-id-878-src-1-num-1.html
INFO: [ app_init ] --START--
INFO: Run Behavior\BuildLiteBehavior [ RunTime:0.000000s ]
INFO: [ app_init ] --END-- [ RunTime:0.000976s ]
ERR: 无法加载模块:Vod-play-id-878-src-1-num-1.html

[ 2017-07-01T11:41:02+08:00 ] 42.236.12.190 /index.php?s=vod-play-id-192-sid-0-pid-1.html
INFO: [ app_init ] --START--
INFO: Run Behavior\BuildLiteBehavior [ RunTime:0.000000s ]
INFO: [ app_init ] --END-- [ RunTime:0.000977s ]
ERR: 无法加载模块:Vod-play-id-192-sid-0-pid-1

[ 2017-07-01T11:41:02+08:00 ] 42.236.10.114 /index.php?m=vod-play-id-1923-src-1-num-1.html
INFO: [ app_init ] --START--
INFO: Run Behavior\BuildLiteBehavior [ RunTime:0.000000s ]
INFO: [ app_init ] --END-- [ RunTime:0.000976s ]
ERR: 无法加载模块:Vod-play-id-1923-src-1-num-1.html

[ 2017-07-01T11:41:02+08:00 ] 42.236.99.23 /index.php?s=gb-show-id-289.html
INFO: [ app_init ] --START--
INFO: Run Behavior\BuildLiteBehavior [ RunTime:0.000000s ]
INFO: [ app_init ] --END-- [ RunTime:0.000976s ]
ERR: 无法加载模块:Gb-show-id-289

[ 2017-07-01T11:41:02+08:00 ] 42.236.10.100 /index.php?s=gb-show-id-336.html
INFO: [ app_init ] --START--
INFO: Run Behavior\BuildLiteBehavior [ RunTime:0.000000s ]
INFO: [ app_init ] --END-- [ RunTime:0.000976s ]
ERR: 无法加载模块:Gb-show-id-336

[ 2017-07-01T11:41:02+08:00 ] 42.236.10.71 /index.php?s=vod-play-id-908-sid-0-pid-1.html
INFO: [ app_init ] --START--
INFO: Run Behavior\BuildLiteBehavior [ RunTime:0.000000s ]
INFO: [ app_init ] --END-- [ RunTime:0.000977s ]
ERR: 无法加载模块:Vod-play-id-908-sid-0-pid-1

[ 2017-07-01T11:41:02+08:00 ] 42.236.10.102 /index.php?m=vod-play-id-550-src-1-num-1.html
INFO: [ app_init ] --START--
INFO: Run Behavior\BuildLiteBehavior [ RunTime:0.000000s ]
INFO: [ app_init ] --END-- [ RunTime:0.000977s ]
ERR: 无法加载模块:Vod-play-id-550-src-1-num-1.html

[ 2017-07-01T11:41:02+08:00 ] 42.236.99.37 /index.php?m=vod-list-id-5-pg-1-order--by--class-0-year-0-letter-D-area--lang-.html
INFO: [ app_init ] --START--
INFO: Run Behavior\BuildLiteBehavior [ RunTime:0.000000s ]
INFO: [ app_init ] --END-- [ RunTime:0.000976s ]
ERR: 无法加载模块:Vod-list-id-5-pg-1-order--by--class-0-year-0-letter-D-area--lang-.html

[ 2017-07-01T11:41:03+08:00 ] 180.153.236.173 /index.php?m=vod-play-id-235-src-1-num-1.html
INFO: [ app_init ] --START--
INFO: Run Behavior\BuildLiteBehavior [ RunTime:0.000000s ]
INFO: [ app_init ] --END-- [ RunTime:0.000000s ]
ERR: 无法加载模块:Vod-play-id-235-src-1-num-1.html

[ 2017-07-01T11:41:03+08:00 ] 180.153.236.67 /index.php?m=vod-list-id-2-pg-1-order--by--class-16-year-2011-letter--area--lang-.html
INFO: [ app_init ] --START--
INFO: Run Behavior\BuildLiteBehavior [ RunTime:0.000000s ]
INFO: [ app_init ] --END-- [ RunTime:0.000977s ]
ERR: 无法加载模块:Vod-list-id-2-pg-1-order--by--class-16-year-2011-letter--area--lang-.html

[ 2017-07-01T11:41:04+08:00 ] 42.236.10.71 /index.php?m=vod-list-id-6-pg-1-order--by--class--year-2008-letter--area--lang-.html
INFO: [ app_init ] --START--
INFO: Run Behavior\BuildLiteBehavior [ RunTime:0.000000s ]
INFO: [ app_init ] --END-- [ RunTime:0.000977s ]
ERR: 无法加载模块:Vod-list-id-6-pg-1-order--by--class--year-2008-letter--area--lang-.html

[ 2017-07-01T16:10:23+08:00 ] 140.205.201.38 /index.php?m=member&c=index&a=register&siteid=1
INFO: [ app_init ] --START--
INFO: Run Behavior\BuildLiteBehavior [ RunTime:0.000000s ]
INFO: [ app_init ] --END-- [ RunTime:0.000976s ]
ERR: 无法加载模块:Member

[ 2017-07-01T16:10:23+08:00 ] 140.205.201.38 /index.php?m=wap&a=index&siteid=1
INFO: [ app_init ] --START--
INFO: Run Behavior\BuildLiteBehavior [ RunTime:0.000000s ]
INFO: [ app_init ] --END-- [ RunTime:0.000976s ]
ERR: 无法加载模块:Wap

[ 2017-07-01T21:45:21+08:00 ] 144.76.6.230 /index.php?s=vod-search-area-%E5%8A%A0%E6%8B%BF%E5%A4%A7.html
INFO: [ app_init ] --START--
INFO: Run Behavior\BuildLiteBehavior [ RunTime:0.000000s ]
INFO: [ app_init ] --END-- [ RunTime:0.000977s ]
ERR: 无法加载模块:Vod-search-area-加拿大

