[ 2017-09-17T19:41:47+08:00 ] 180.153.236.157 /index.php?s=gb-show-id-445.html
INFO: [ app_init ] --START--
INFO: Run Behavior\BuildLiteBehavior [ RunTime:0.000000s ]
INFO: [ app_init ] --END-- [ RunTime:0.000977s ]
ERR: 无法加载模块:Gb-show-id-445

[ 2017-09-17T19:42:04+08:00 ] 180.153.236.101 /index.php?m=vod-play-id-134-src-1-num-1.html
INFO: [ app_init ] --START--
INFO: Run Behavior\BuildLiteBehavior [ RunTime:0.000000s ]
INFO: [ app_init ] --END-- [ RunTime:0.000000s ]
ERR: 无法加载模块:Vod-play-id-134-src-1-num-1.html

[ 2017-09-17T19:42:09+08:00 ] 180.153.236.101 /index.php?m=vod-list-id-4-pg-1-order--by--class-0-year-2009-letter--area-%E5%85%B6%E5%AE%83-lang-.html
INFO: [ app_init ] --START--
INFO: Run Behavior\BuildLiteBehavior [ RunTime:0.000000s ]
INFO: [ app_init ] --END-- [ RunTime:0.000976s ]
ERR: 无法加载模块:Vod-list-id-4-pg-1-order--by--class-0-year-2009-letter--area-其它-lang-.html

[ 2017-09-17T19:42:10+08:00 ] 180.153.236.125 /index.php?m=vod-play-id-2490-src-1-num-1.html
INFO: [ app_init ] --START--
INFO: Run Behavior\BuildLiteBehavior [ RunTime:0.000000s ]
INFO: [ app_init ] --END-- [ RunTime:0.000977s ]
ERR: 无法加载模块:Vod-play-id-2490-src-1-num-1.html

[ 2017-09-17T19:42:11+08:00 ] 180.153.236.11 /index.php?m=vod-play-id-2464-src-1-num-1.html
INFO: [ app_init ] --START--
INFO: Run Behavior\BuildLiteBehavior [ RunTime:0.000000s ]
INFO: [ app_init ] --END-- [ RunTime:0.000976s ]
ERR: 无法加载模块:Vod-play-id-2464-src-1-num-1.html

[ 2017-09-17T19:42:12+08:00 ] 180.153.236.125 /index.php?m=vod-list-id-2-pg-1-order--by--class-0-year--letter-Z-area--lang-.html
INFO: [ app_init ] --START--
INFO: Run Behavior\BuildLiteBehavior [ RunTime:0.000000s ]
INFO: [ app_init ] --END-- [ RunTime:0.000977s ]
ERR: 无法加载模块:Vod-list-id-2-pg-1-order--by--class-0-year--letter-Z-area--lang-.html

[ 2017-09-17T19:42:12+08:00 ] 180.153.236.165 /index.php?s=vod-play-id-186-sid-0-pid-1.html
INFO: [ app_init ] --START--
INFO: Run Behavior\BuildLiteBehavior [ RunTime:0.000000s ]
INFO: [ app_init ] --END-- [ RunTime:0.000977s ]
ERR: 无法加载模块:Vod-play-id-186-sid-0-pid-1

[ 2017-09-17T19:42:13+08:00 ] 180.153.232.170 /index.php?s=vod-play-id-1129-sid-0-pid-1.html
INFO: [ app_init ] --START--
INFO: Run Behavior\BuildLiteBehavior [ RunTime:0.000000s ]
INFO: [ app_init ] --END-- [ RunTime:0.000976s ]
ERR: 无法加载模块:Vod-play-id-1129-sid-0-pid-1

[ 2017-09-17T19:42:14+08:00 ] 180.153.236.157 /index.php?s=vod-play-id-631-sid-0-pid-1.html
INFO: [ app_init ] --START--
INFO: Run Behavior\BuildLiteBehavior [ RunTime:0.000000s ]
INFO: [ app_init ] --END-- [ RunTime:0.000977s ]
ERR: 无法加载模块:Vod-play-id-631-sid-0-pid-1

[ 2017-09-17T19:42:14+08:00 ] 180.153.236.11 /index.php?s=gb-show-id-204.html
INFO: [ app_init ] --START--
INFO: Run Behavior\BuildLiteBehavior [ RunTime:0.000000s ]
INFO: [ app_init ] --END-- [ RunTime:0.000976s ]
ERR: 无法加载模块:Gb-show-id-204

[ 2017-09-17T19:42:15+08:00 ] 180.153.236.173 /index.php?m=vod-list-id-2-pg-1-order--by--class-0-year-0-letter--area-%E4%BF%84%E7%BD%97%E6%96%AF-lang-.html
INFO: [ app_init ] --START--
INFO: Run Behavior\BuildLiteBehavior [ RunTime:0.000000s ]
INFO: [ app_init ] --END-- [ RunTime:0.000976s ]
ERR: 无法加载模块:Vod-list-id-2-pg-1-order--by--class-0-year-0-letter--area-俄罗斯-lang-.html

[ 2017-09-17T19:42:23+08:00 ] 180.153.236.109 /index.php?s=vod-play-id-1917-sid-0-pid-1.html
INFO: [ app_init ] --START--
INFO: Run Behavior\BuildLiteBehavior [ RunTime:0.000000s ]
INFO: [ app_init ] --END-- [ RunTime:0.000977s ]
ERR: 无法加载模块:Vod-play-id-1917-sid-0-pid-1

[ 2017-09-17T19:42:29+08:00 ] 180.153.236.109 /index.php?m=vod-search-pg-235-starring-yuanyuan-classid-10.html
INFO: [ app_init ] --START--
INFO: Run Behavior\BuildLiteBehavior [ RunTime:0.000000s ]
INFO: [ app_init ] --END-- [ RunTime:0.000977s ]
ERR: 无法加载模块:Vod-search-pg-235-starring-yuanyuan-classid-10.html

[ 2017-09-17T19:42:30+08:00 ] 180.153.236.125 /index.php?s=gb-show-id-1311.html
INFO: [ app_init ] --START--
INFO: Run Behavior\BuildLiteBehavior [ RunTime:0.000000s ]
INFO: [ app_init ] --END-- [ RunTime:0.000976s ]
ERR: 无法加载模块:Gb-show-id-1311

[ 2017-09-17T19:42:30+08:00 ] 180.153.236.125 /index.php?s=vod-play-id-619-sid-0-pid-1.html
INFO: [ app_init ] --START--
INFO: Run Behavior\BuildLiteBehavior [ RunTime:0.000000s ]
INFO: [ app_init ] --END-- [ RunTime:0.000000s ]
ERR: 无法加载模块:Vod-play-id-619-sid-0-pid-1

[ 2017-09-17T19:42:31+08:00 ] 180.153.236.101 /index.php?m=vod-search-pg-235-starring-yuanyuan-by-score.html
INFO: [ app_init ] --START--
INFO: Run Behavior\BuildLiteBehavior [ RunTime:0.000000s ]
INFO: [ app_init ] --END-- [ RunTime:0.000977s ]
ERR: 无法加载模块:Vod-search-pg-235-starring-yuanyuan-by-score.html

