[ 2017-05-20T09:27:57+08:00 ] 42.236.10.100 /index.php?m=vod-play-id-2286-src-1-num-1.html
INFO: [ app_init ] --START--
INFO: Run Behavior\BuildLiteBehavior [ RunTime:0.000000s ]
INFO: [ app_init ] --END-- [ RunTime:0.000977s ]
ERR: 无法加载模块:Vod-play-id-2286-src-1-num-1.html

[ 2017-05-20T09:27:57+08:00 ] 180.153.236.165 /index.php?m=vod-play-id-941-src-1-num-1.html
INFO: [ app_init ] --START--
INFO: Run Behavior\BuildLiteBehavior [ RunTime:0.000000s ]
INFO: [ app_init ] --END-- [ RunTime:0.000976s ]
ERR: 无法加载模块:Vod-play-id-941-src-1-num-1.html

[ 2017-05-20T09:27:57+08:00 ] 42.236.99.44 /index.php?m=vod-list-id-2-pg-1-order--by--class-33-year--letter--area--lang-.html
INFO: [ app_init ] --START--
INFO: Run Behavior\BuildLiteBehavior [ RunTime:0.000000s ]
INFO: [ app_init ] --END-- [ RunTime:0.000000s ]
ERR: 无法加载模块:Vod-list-id-2-pg-1-order--by--class-33-year--letter--area--lang-.html

[ 2017-05-20T09:27:57+08:00 ] 42.236.99.154 /index.php?s=gb-show-id-277.html
INFO: [ app_init ] --START--
INFO: Run Behavior\BuildLiteBehavior [ RunTime:0.000000s ]
INFO: [ app_init ] --END-- [ RunTime:0.000977s ]
ERR: 无法加载模块:Gb-show-id-277

[ 2017-05-20T09:27:57+08:00 ] 42.236.10.77 /index.php?m=vod-play-id-230-src-1-num-1.html
INFO: [ app_init ] --START--
INFO: Run Behavior\BuildLiteBehavior [ RunTime:0.000000s ]
INFO: [ app_init ] --END-- [ RunTime:0.000977s ]
ERR: 无法加载模块:Vod-play-id-230-src-1-num-1.html

[ 2017-05-20T09:27:57+08:00 ] 42.236.99.16 /index.php?m=vod-list-id-7-pg-1-order--by--class--year--letter--area-%E6%97%A5%E6%9C%AC-lang-.html
INFO: [ app_init ] --START--
INFO: Run Behavior\BuildLiteBehavior [ RunTime:0.000000s ]
INFO: [ app_init ] --END-- [ RunTime:0.000000s ]
ERR: 无法加载模块:Vod-list-id-7-pg-1-order--by--class--year--letter--area-日本-lang-.html

[ 2017-05-20T09:27:58+08:00 ] 42.236.99.166 /index.php?m=vod-list-id-7-pg-1-order--by--class--year--letter--area-%E9%A6%99%E6%B8%AF-lang-.html
INFO: [ app_init ] --START--
INFO: Run Behavior\BuildLiteBehavior [ RunTime:0.000000s ]
INFO: [ app_init ] --END-- [ RunTime:0.000977s ]
ERR: 无法加载模块:Vod-list-id-7-pg-1-order--by--class--year--letter--area-香港-lang-.html

[ 2017-05-20T09:27:58+08:00 ] 180.153.236.59 /index.php?s=vod-play-id-699-sid-0-pid-1.html
INFO: [ app_init ] --START--
INFO: Run Behavior\BuildLiteBehavior [ RunTime:0.000000s ]
INFO: [ app_init ] --END-- [ RunTime:0.000000s ]
ERR: 无法加载模块:Vod-play-id-699-sid-0-pid-1

[ 2017-05-20T09:27:58+08:00 ] 42.236.10.72 /index.php?s=vod-play-id-300-sid-0-pid-1.html
INFO: [ app_init ] --START--
INFO: Run Behavior\BuildLiteBehavior [ RunTime:0.000000s ]
INFO: [ app_init ] --END-- [ RunTime:0.000977s ]
ERR: 无法加载模块:Vod-play-id-300-sid-0-pid-1

[ 2017-05-20T09:27:58+08:00 ] 42.236.102.23 /index.php?s=vod-play-id-797-sid-0-pid-1.html
INFO: [ app_init ] --START--
INFO: Run Behavior\BuildLiteBehavior [ RunTime:0.000000s ]
INFO: [ app_init ] --END-- [ RunTime:0.000976s ]
ERR: 无法加载模块:Vod-play-id-797-sid-0-pid-1

[ 2017-05-20T09:27:58+08:00 ] 42.236.54.2 /index.php?s=gb-show-p-2347.html
INFO: [ app_init ] --START--
INFO: Run Behavior\BuildLiteBehavior [ RunTime:0.000000s ]
INFO: [ app_init ] --END-- [ RunTime:0.000977s ]
ERR: 无法加载模块:Gb-show-p-2347

[ 2017-05-20T09:27:58+08:00 ] 42.236.103.66 /index.php?m=vod-play-id-1502-src-1-num-1.html
INFO: [ app_init ] --START--
INFO: Run Behavior\BuildLiteBehavior [ RunTime:0.000000s ]
INFO: [ app_init ] --END-- [ RunTime:0.000000s ]
ERR: 无法加载模块:Vod-play-id-1502-src-1-num-1.html

[ 2017-05-20T09:27:58+08:00 ] 42.236.99.178 /index.php?m=vod-play-id-2359-src-1-num-1.html
INFO: [ app_init ] --START--
INFO: Run Behavior\BuildLiteBehavior [ RunTime:0.000000s ]
INFO: [ app_init ] --END-- [ RunTime:0.000976s ]
ERR: 无法加载模块:Vod-play-id-2359-src-1-num-1.html

[ 2017-05-20T09:27:58+08:00 ] 42.236.10.103 /index.php?m=vod-play-id-57-src-1-num-1.html
INFO: [ app_init ] --START--
INFO: Run Behavior\BuildLiteBehavior [ RunTime:0.000000s ]
INFO: [ app_init ] --END-- [ RunTime:0.000977s ]
ERR: 无法加载模块:Vod-play-id-57-src-1-num-1.html

[ 2017-05-20T09:27:58+08:00 ] 42.236.10.100 /index.php?m=vod-list-id-2-pg-1-order--by-hits-class--year--letter--area--lang-.html
INFO: [ app_init ] --START--
INFO: Run Behavior\BuildLiteBehavior [ RunTime:0.000000s ]
INFO: [ app_init ] --END-- [ RunTime:0.000000s ]
ERR: 无法加载模块:Vod-list-id-2-pg-1-order--by-hits-class--year--letter--area--lang-.html

[ 2017-05-20T09:27:58+08:00 ] 42.236.54.22 /index.php?m=vod-list-id-4-pg-1-order--by--class-0-year-2005-letter-E-area--lang-.html
INFO: [ app_init ] --START--
INFO: Run Behavior\BuildLiteBehavior [ RunTime:0.000000s ]
INFO: [ app_init ] --END-- [ RunTime:0.000977s ]
ERR: 无法加载模块:Vod-list-id-4-pg-1-order--by--class-0-year-2005-letter-E-area--lang-.html

[ 2017-05-20T09:27:58+08:00 ] 42.236.10.107 /index.php?m=vod-list-id-1-pg-1-order--by-time-class-0-year-0-letter-N-area--lang-.html
INFO: [ app_init ] --START--
INFO: Run Behavior\BuildLiteBehavior [ RunTime:0.000000s ]
INFO: [ app_init ] --END-- [ RunTime:0.000977s ]
ERR: 无法加载模块:Vod-list-id-1-pg-1-order--by-time-class-0-year-0-letter-N-area--lang-.html

[ 2017-05-20T09:27:59+08:00 ] 42.236.10.75 /index.php?s=vod-play-id-1381-sid-0-pid-1.html
INFO: [ app_init ] --START--
INFO: Run Behavior\BuildLiteBehavior [ RunTime:0.000000s ]
INFO: [ app_init ] --END-- [ RunTime:0.001953s ]
ERR: 无法加载模块:Vod-play-id-1381-sid-0-pid-1

[ 2017-05-20T09:27:59+08:00 ] 42.236.103.66 /index.php?m=vod-play-id-96-src-1-num-1.html
INFO: [ app_init ] --START--
INFO: Run Behavior\BuildLiteBehavior [ RunTime:0.000000s ]
INFO: [ app_init ] --END-- [ RunTime:0.000976s ]
ERR: 无法加载模块:Vod-play-id-96-src-1-num-1.html

[ 2017-05-20T09:27:59+08:00 ] 42.236.103.66 /index.php?m=vod-play-id-1983-src-1-num-1.html
INFO: [ app_init ] --START--
INFO: Run Behavior\BuildLiteBehavior [ RunTime:0.000000s ]
INFO: [ app_init ] --END-- [ RunTime:0.000977s ]
ERR: 无法加载模块:Vod-play-id-1983-src-1-num-1.html

[ 2017-05-20T09:27:59+08:00 ] 42.236.54.22 /index.php?m=vod-search-pg-2-starring-yuanyuan-letter-C.html
INFO: [ app_init ] --START--
INFO: Run Behavior\BuildLiteBehavior [ RunTime:0.000000s ]
INFO: [ app_init ] --END-- [ RunTime:0.000977s ]
ERR: 无法加载模块:Vod-search-pg-2-starring-yuanyuan-letter-C.html

[ 2017-05-20T09:27:59+08:00 ] 42.236.99.37 /index.php?m=vod-play-id-1063-src-1-num-1.html
INFO: [ app_init ] --START--
INFO: Run Behavior\BuildLiteBehavior [ RunTime:0.000000s ]
INFO: [ app_init ] --END-- [ RunTime:0.000976s ]
ERR: 无法加载模块:Vod-play-id-1063-src-1-num-1.html

[ 2017-05-20T09:28:00+08:00 ] 42.236.54.2 /index.php?m=vod-play-id-1977-src-1-num-1.html
INFO: [ app_init ] --START--
INFO: Run Behavior\BuildLiteBehavior [ RunTime:0.000000s ]
INFO: [ app_init ] --END-- [ RunTime:0.000976s ]
ERR: 无法加载模块:Vod-play-id-1977-src-1-num-1.html

[ 2017-05-20T09:28:00+08:00 ] 42.236.12.130 /index.php?m=vod-play-id-482-src-1-num-1.html
INFO: [ app_init ] --START--
INFO: Run Behavior\BuildLiteBehavior [ RunTime:0.000000s ]
INFO: [ app_init ] --END-- [ RunTime:0.000977s ]
ERR: 无法加载模块:Vod-play-id-482-src-1-num-1.html

[ 2017-05-20T09:28:00+08:00 ] 42.236.10.107 /index.php?m=vod-play-id-1716-src-1-num-1.html
INFO: [ app_init ] --START--
INFO: Run Behavior\BuildLiteBehavior [ RunTime:0.000000s ]
INFO: [ app_init ] --END-- [ RunTime:0.000977s ]
ERR: 无法加载模块:Vod-play-id-1716-src-1-num-1.html

