[ 2017-06-15T14:04:27+08:00 ] 42.236.10.111 /index.php?s=vod-play-id-1428-sid-0-pid-1.html
INFO: [ app_init ] --START--
INFO: Run Behavior\BuildLiteBehavior [ RunTime:0.000000s ]
INFO: [ app_init ] --END-- [ RunTime:0.000000s ]
ERR: 无法加载模块:Vod-play-id-1428-sid-0-pid-1

[ 2017-06-15T14:04:27+08:00 ] 42.236.10.115 /index.php?s=vod-play-id-714-sid-0-pid-1.html
INFO: [ app_init ] --START--
INFO: Run Behavior\BuildLiteBehavior [ RunTime:0.000000s ]
INFO: [ app_init ] --END-- [ RunTime:0.000000s ]
ERR: 无法加载模块:Vod-play-id-714-sid-0-pid-1

[ 2017-06-15T14:04:27+08:00 ] 42.236.101.194 /index.php?s=gb-show-p-1136.html
INFO: [ app_init ] --START--
INFO: Run Behavior\BuildLiteBehavior [ RunTime:0.000000s ]
INFO: [ app_init ] --END-- [ RunTime:0.000000s ]
ERR: 无法加载模块:Gb-show-p-1136

[ 2017-06-15T14:04:27+08:00 ] 180.153.236.173 /index.php?m=vod-play-id-212-src-1-num-1.html
INFO: [ app_init ] --START--
INFO: Run Behavior\BuildLiteBehavior [ RunTime:0.000000s ]
INFO: [ app_init ] --END-- [ RunTime:0.000000s ]
ERR: 无法加载模块:Vod-play-id-212-src-1-num-1.html

[ 2017-06-15T14:04:27+08:00 ] 180.153.236.11 /index.php?m=vod-search-pg-2-starring-yuanyuan-letter-O.html
INFO: [ app_init ] --START--
INFO: Run Behavior\BuildLiteBehavior [ RunTime:0.000000s ]
INFO: [ app_init ] --END-- [ RunTime:0.000977s ]
ERR: 无法加载模块:Vod-search-pg-2-starring-yuanyuan-letter-O.html

[ 2017-06-15T14:04:27+08:00 ] 42.236.10.81 /index.php?m=vod-list-id-4-pg-1-order--by--class-0-year-2006-letter--area-%E6%B3%95%E5%9B%BD-lang-.html
INFO: [ app_init ] --START--
INFO: Run Behavior\BuildLiteBehavior [ RunTime:0.000000s ]
INFO: [ app_init ] --END-- [ RunTime:0.000976s ]
ERR: 无法加载模块:Vod-list-id-4-pg-1-order--by--class-0-year-2006-letter--area-法国-lang-.html

[ 2017-06-15T14:04:27+08:00 ] 42.236.99.30 /index.php?m=vod-list-id-1-pg-1-order--by-time-class-7-year-0-letter--area--lang-.html
INFO: [ app_init ] --START--
INFO: Run Behavior\BuildLiteBehavior [ RunTime:0.000000s ]
INFO: [ app_init ] --END-- [ RunTime:0.000000s ]
ERR: 无法加载模块:Vod-list-id-1-pg-1-order--by-time-class-7-year-0-letter--area--lang-.html

[ 2017-06-15T14:04:27+08:00 ] 42.236.99.9 /index.php?s=vod-play-id-1217-sid-0-pid-1.html
INFO: [ app_init ] --START--
INFO: Run Behavior\BuildLiteBehavior [ RunTime:0.000000s ]
INFO: [ app_init ] --END-- [ RunTime:0.000977s ]
ERR: 无法加载模块:Vod-play-id-1217-sid-0-pid-1

[ 2017-06-15T14:04:27+08:00 ] 42.236.12.170 /index.php?m=vod-play-id-2451-src-1-num-1.html
INFO: [ app_init ] --START--
INFO: Run Behavior\BuildLiteBehavior [ RunTime:0.000000s ]
INFO: [ app_init ] --END-- [ RunTime:0.000976s ]
ERR: 无法加载模块:Vod-play-id-2451-src-1-num-1.html

[ 2017-06-15T14:04:27+08:00 ] 42.236.102.3 /index.php?m=vod-list-id-5-pg-2-order--by--class-0-year-0-letter--area-%E5%A4%A7%E9%99%86-lang-.html
INFO: [ app_init ] --START--
INFO: Run Behavior\BuildLiteBehavior [ RunTime:0.000000s ]
INFO: [ app_init ] --END-- [ RunTime:0.000977s ]
ERR: 无法加载模块:Vod-list-id-5-pg-2-order--by--class-0-year-0-letter--area-大陆-lang-.html

[ 2017-06-15T14:04:27+08:00 ] 42.236.12.170 /index.php?s=gb-show-id-1412.html
INFO: [ app_init ] --START--
INFO: Run Behavior\BuildLiteBehavior [ RunTime:0.000000s ]
INFO: [ app_init ] --END-- [ RunTime:0.000977s ]
ERR: 无法加载模块:Gb-show-id-1412

[ 2017-06-15T14:04:27+08:00 ] 42.236.54.22 /index.php?m=vod-play-id-56-src-1-num-1.html
INFO: [ app_init ] --START--
INFO: Run Behavior\BuildLiteBehavior [ RunTime:0.000000s ]
INFO: [ app_init ] --END-- [ RunTime:0.000000s ]
ERR: 无法加载模块:Vod-play-id-56-src-1-num-1.html

[ 2017-06-15T14:04:27+08:00 ] 42.236.10.72 /index.php?s=vod-play-id-211-sid-0-pid-1.html
INFO: [ app_init ] --START--
INFO: Run Behavior\BuildLiteBehavior [ RunTime:0.000000s ]
INFO: [ app_init ] --END-- [ RunTime:0.000976s ]
ERR: 无法加载模块:Vod-play-id-211-sid-0-pid-1

[ 2017-06-15T14:04:27+08:00 ] 42.236.103.106 /index.php?m=vod-play-id-1033-src-1-num-1.html
INFO: [ app_init ] --START--
INFO: Run Behavior\BuildLiteBehavior [ RunTime:0.000000s ]
INFO: [ app_init ] --END-- [ RunTime:0.000000s ]
ERR: 无法加载模块:Vod-play-id-1033-src-1-num-1.html

[ 2017-06-15T14:04:28+08:00 ] 42.236.99.206 /index.php?m=vod-search-pg-2-starring-yuanyuan-letter-P.html
INFO: [ app_init ] --START--
INFO: Run Behavior\BuildLiteBehavior [ RunTime:0.000000s ]
INFO: [ app_init ] --END-- [ RunTime:0.000977s ]
ERR: 无法加载模块:Vod-search-pg-2-starring-yuanyuan-letter-P.html

[ 2017-06-15T14:04:28+08:00 ] 42.236.10.110 /index.php?s=vod-play-id-773-sid-0-pid-1.html
INFO: [ app_init ] --START--
INFO: Run Behavior\BuildLiteBehavior [ RunTime:0.000000s ]
INFO: [ app_init ] --END-- [ RunTime:0.000000s ]
ERR: 无法加载模块:Vod-play-id-773-sid-0-pid-1

[ 2017-06-15T14:04:28+08:00 ] 42.236.55.41 /index.php?m=vod-list-id-2-pg-1-order--by--class--year-0-letter--area-%E6%B3%B0%E5%9B%BD-lang-.html
INFO: [ app_init ] --START--
INFO: Run Behavior\BuildLiteBehavior [ RunTime:0.000000s ]
INFO: [ app_init ] --END-- [ RunTime:0.000000s ]
ERR: 无法加载模块:Vod-list-id-2-pg-1-order--by--class--year-0-letter--area-泰国-lang-.html

[ 2017-06-15T14:04:28+08:00 ] 42.236.99.86 /index.php?s=gb-show-id-217.html
INFO: [ app_init ] --START--
INFO: Run Behavior\BuildLiteBehavior [ RunTime:0.000000s ]
INFO: [ app_init ] --END-- [ RunTime:0.000976s ]
ERR: 无法加载模块:Gb-show-id-217

[ 2017-06-15T14:21:41+08:00 ] 213.133.111.165 /index.php?m=vod-list-id-0-pg-1-order--by--class-0-year-0-letter--area-%E4%BF%84%E7%BD%97%E6%96%AF-lang-.html
INFO: [ app_init ] --START--
INFO: Run Behavior\BuildLiteBehavior [ RunTime:0.000000s ]
INFO: [ app_init ] --END-- [ RunTime:0.000977s ]
ERR: 无法加载模块:Vod-list-id-0-pg-1-order--by--class-0-year-0-letter--area-俄罗斯-lang-.html

