[ 2017-04-05T10:34:04+08:00 ] 42.236.10.82 /index.php?m=vod-play-id-308-src-1-num-1.html
INFO: [ app_init ] --START--
INFO: Run Behavior\BuildLiteBehavior [ RunTime:0.000018s ]
INFO: [ app_init ] --END-- [ RunTime:0.015716s ]
ERR: 无法加载模块:Vod-play-id-308-src-1-num-1.html

[ 2017-04-05T10:34:04+08:00 ] 42.236.10.71 /index.php?s=vod-play-id-90-sid-0-pid-1.html
INFO: [ app_init ] --START--
INFO: Run Behavior\BuildLiteBehavior [ RunTime:0.000012s ]
INFO: [ app_init ] --END-- [ RunTime:0.000460s ]
ERR: 无法加载模块:Vod-play-id-90-sid-0-pid-1

[ 2017-04-05T10:34:04+08:00 ] 42.236.99.44 /index.php?m=vod-play-id-1256-src-1-num-1.html
INFO: [ app_init ] --START--
INFO: Run Behavior\BuildLiteBehavior [ RunTime:0.000013s ]
INFO: [ app_init ] --END-- [ RunTime:0.000342s ]
ERR: 无法加载模块:Vod-play-id-1256-src-1-num-1.html

[ 2017-04-05T10:34:04+08:00 ] 42.236.10.74 /index.php?m=vod-play-id-970-src-1-num-1.html
INFO: [ app_init ] --START--
INFO: Run Behavior\BuildLiteBehavior [ RunTime:0.000014s ]
INFO: [ app_init ] --END-- [ RunTime:0.000355s ]
ERR: 无法加载模块:Vod-play-id-970-src-1-num-1.html

[ 2017-04-05T10:34:05+08:00 ] 180.153.236.117 /index.php?m=vod-list-id-7-pg-1-order--by-score-class--year--letter--area--lang-.html
INFO: [ app_init ] --START--
INFO: Run Behavior\BuildLiteBehavior [ RunTime:0.000013s ]
INFO: [ app_init ] --END-- [ RunTime:0.000330s ]
ERR: 无法加载模块:Vod-list-id-7-pg-1-order--by-score-class--year--letter--area--lang-.html

[ 2017-04-05T10:34:05+08:00 ] 42.236.99.9 /index.php?m=vod-list-id-2-pg-1-order--by--class--year--letter-P-area--lang-.html
INFO: [ app_init ] --START--
INFO: Run Behavior\BuildLiteBehavior [ RunTime:0.000013s ]
INFO: [ app_init ] --END-- [ RunTime:0.000316s ]
ERR: 无法加载模块:Vod-list-id-2-pg-1-order--by--class--year--letter-P-area--lang-.html

[ 2017-04-05T10:34:05+08:00 ] 42.236.10.72 /index.php?m=vod-list-id-4-pg-1-order--by--class-0-year-2004-letter-O-area-%E9%A9%AC%E6%9D%A5%E8%A5%BF%E4%BA%9A-lang-.html
INFO: [ app_init ] --START--
INFO: Run Behavior\BuildLiteBehavior [ RunTime:0.000012s ]
INFO: [ app_init ] --END-- [ RunTime:0.000324s ]
ERR: 无法加载模块:Vod-list-id-4-pg-1-order--by--class-0-year-2004-letter-O-area-马来西亚-lang-.html

[ 2017-04-05T10:34:05+08:00 ] 42.236.10.76 /index.php?s=gb-show-id-510.html
INFO: [ app_init ] --START--
INFO: Run Behavior\BuildLiteBehavior [ RunTime:0.000018s ]
INFO: [ app_init ] --END-- [ RunTime:0.000300s ]
ERR: 无法加载模块:Gb-show-id-510

[ 2017-04-05T10:34:05+08:00 ] 42.236.10.114 /index.php?m=vod-play-id-2048-src-1-num-1.html
INFO: [ app_init ] --START--
INFO: Run Behavior\BuildLiteBehavior [ RunTime:0.000013s ]
INFO: [ app_init ] --END-- [ RunTime:0.000300s ]
ERR: 无法加载模块:Vod-play-id-2048-src-1-num-1.html

[ 2017-04-05T10:34:05+08:00 ] 42.236.10.105 /index.php?m=vod-play-id-68-src-1-num-1.html
INFO: [ app_init ] --START--
INFO: Run Behavior\BuildLiteBehavior [ RunTime:0.000013s ]
INFO: [ app_init ] --END-- [ RunTime:0.000279s ]
ERR: 无法加载模块:Vod-play-id-68-src-1-num-1.html

[ 2017-04-05T10:34:05+08:00 ] 42.236.10.105 /index.php?s=vod-play-id-642-sid-0-pid-1.html
INFO: [ app_init ] --START--
INFO: Run Behavior\BuildLiteBehavior [ RunTime:0.000014s ]
INFO: [ app_init ] --END-- [ RunTime:0.000317s ]
ERR: 无法加载模块:Vod-play-id-642-sid-0-pid-1

[ 2017-04-05T10:34:05+08:00 ] 42.236.99.2 /index.php?s=gb-show-p-4750.html
INFO: [ app_init ] --START--
INFO: Run Behavior\BuildLiteBehavior [ RunTime:0.000013s ]
INFO: [ app_init ] --END-- [ RunTime:0.000306s ]
ERR: 无法加载模块:Gb-show-p-4750

[ 2017-04-05T10:34:06+08:00 ] 42.236.10.106 /index.php?s=vod-play-id-1507-sid-0-pid-1.html
INFO: [ app_init ] --START--
INFO: Run Behavior\BuildLiteBehavior [ RunTime:0.000015s ]
INFO: [ app_init ] --END-- [ RunTime:0.000330s ]
ERR: 无法加载模块:Vod-play-id-1507-sid-0-pid-1

[ 2017-04-05T10:34:06+08:00 ] 42.236.99.218 /index.php?m=vod-list-id-5-pg-1-order--by--class--year--letter-U-area--lang-.html
INFO: [ app_init ] --START--
INFO: Run Behavior\BuildLiteBehavior [ RunTime:0.000031s ]
INFO: [ app_init ] --END-- [ RunTime:0.000387s ]
ERR: 无法加载模块:Vod-list-id-5-pg-1-order--by--class--year--letter-U-area--lang-.html

[ 2017-04-05T10:34:06+08:00 ] 42.236.99.30 /index.php?m=vod-play-id-1600-src-1-num-1.html
INFO: [ app_init ] --START--
INFO: Run Behavior\BuildLiteBehavior [ RunTime:0.000015s ]
INFO: [ app_init ] --END-- [ RunTime:0.000380s ]
ERR: 无法加载模块:Vod-play-id-1600-src-1-num-1.html

[ 2017-04-05T10:34:07+08:00 ] 42.236.10.75 /index.php?m=vod-play-id-2-src-1-num-1.html
INFO: [ app_init ] --START--
INFO: Run Behavior\BuildLiteBehavior [ RunTime:0.000020s ]
INFO: [ app_init ] --END-- [ RunTime:0.000366s ]
ERR: 无法加载模块:Vod-play-id-2-src-1-num-1.html

[ 2017-04-05T10:34:07+08:00 ] 42.236.99.9 /index.php?m=vod-list-id-1-pg-1-order--by-score-class-12-year-2001-letter--area--lang-.html
INFO: [ app_init ] --START--
INFO: Run Behavior\BuildLiteBehavior [ RunTime:0.000021s ]
INFO: [ app_init ] --END-- [ RunTime:0.000472s ]
ERR: 无法加载模块:Vod-list-id-1-pg-1-order--by-score-class-12-year-2001-letter--area--lang-.html

[ 2017-04-05T10:34:14+08:00 ] 42.236.99.9 /index.php?m=vod-search-pg-2-starring-yuanyuan-classid-46.html
INFO: [ app_init ] --START--
INFO: Run Behavior\BuildLiteBehavior [ RunTime:0.000014s ]
INFO: [ app_init ] --END-- [ RunTime:0.000313s ]
ERR: 无法加载模块:Vod-search-pg-2-starring-yuanyuan-classid-46.html

[ 2017-04-05T15:29:52+08:00 ] 66.249.66.67 /index.php?s=gb-show-p-2561.html
INFO: [ app_init ] --START--
INFO: Run Behavior\BuildLiteBehavior [ RunTime:0.000048s ]
INFO: [ app_init ] --END-- [ RunTime:0.000607s ]
ERR: 无法加载模块:Gb-show-p-2561

[ 2017-04-05T15:35:02+08:00 ] 66.249.66.67 /index.php?s=gb-show-p-790.html
INFO: [ app_init ] --START--
INFO: Run Behavior\BuildLiteBehavior [ RunTime:0.000014s ]
INFO: [ app_init ] --END-- [ RunTime:0.000329s ]
ERR: 无法加载模块:Gb-show-p-790

[ 2017-04-05T16:10:43+08:00 ] 66.249.66.67 /index.php?s=gb-show-p-3307.html
INFO: [ app_init ] --START--
INFO: Run Behavior\BuildLiteBehavior [ RunTime:0.000032s ]
INFO: [ app_init ] --END-- [ RunTime:0.000545s ]
ERR: 无法加载模块:Gb-show-p-3307

[ 2017-04-05T16:15:43+08:00 ] 66.249.66.64 /index.php?s=gb-show-p-5668.html
INFO: [ app_init ] --START--
INFO: Run Behavior\BuildLiteBehavior [ RunTime:0.000029s ]
INFO: [ app_init ] --END-- [ RunTime:0.000405s ]
ERR: 无法加载模块:Gb-show-p-5668

[ 2017-04-05T16:35:51+08:00 ] 66.249.66.127 /index.php?s=vod-play-id-951-sid-0-pid-1.html
INFO: [ app_init ] --START--
INFO: Run Behavior\BuildLiteBehavior [ RunTime:0.000035s ]
INFO: [ app_init ] --END-- [ RunTime:0.000581s ]
ERR: 无法加载模块:Vod-play-id-951-sid-0-pid-1

[ 2017-04-05T17:52:32+08:00 ] 66.249.66.64 /index.php?s=gb-show-p-2194.html
INFO: [ app_init ] --START--
INFO: Run Behavior\BuildLiteBehavior [ RunTime:0.000034s ]
INFO: [ app_init ] --END-- [ RunTime:0.000435s ]
ERR: 无法加载模块:Gb-show-p-2194

[ 2017-04-05T21:43:37+08:00 ] 66.249.66.127 /index.php?s=gb-show-p-5927.html
INFO: [ app_init ] --START--
INFO: Run Behavior\BuildLiteBehavior [ RunTime:0.000020s ]
INFO: [ app_init ] --END-- [ RunTime:0.000361s ]
ERR: 无法加载模块:Gb-show-p-5927

