[ 2017-07-30T11:20:53+08:00 ] 42.236.99.166 /index.php?s=vod-play-id-1073-sid-0-pid-1.html
INFO: [ app_init ] --START--
INFO: Run Behavior\BuildLiteBehavior [ RunTime:0.000000s ]
INFO: [ app_init ] --END-- [ RunTime:0.000000s ]
ERR: 无法加载模块:Vod-play-id-1073-sid-0-pid-1

[ 2017-07-30T11:20:53+08:00 ] 42.236.99.242 /index.php?m=vod-play-id-126-src-1-num-1.html
INFO: [ app_init ] --START--
INFO: Run Behavior\BuildLiteBehavior [ RunTime:0.000000s ]
INFO: [ app_init ] --END-- [ RunTime:0.000000s ]
ERR: 无法加载模块:Vod-play-id-126-src-1-num-1.html

[ 2017-07-30T11:20:54+08:00 ] 42.236.99.242 /index.php?s=vod-play-id-1771-sid-0-pid-1.html
INFO: [ app_init ] --START--
INFO: Run Behavior\BuildLiteBehavior [ RunTime:0.000000s ]
INFO: [ app_init ] --END-- [ RunTime:0.000976s ]
ERR: 无法加载模块:Vod-play-id-1771-sid-0-pid-1

[ 2017-07-30T11:20:54+08:00 ] 180.153.236.101 /index.php?m=vod-play-id-2436-src-1-num-1.html
INFO: [ app_init ] --START--
INFO: Run Behavior\BuildLiteBehavior [ RunTime:0.000000s ]
INFO: [ app_init ] --END-- [ RunTime:0.000000s ]
ERR: 无法加载模块:Vod-play-id-2436-src-1-num-1.html

[ 2017-07-30T11:20:54+08:00 ] 180.153.236.125 /index.php?m=vod-list-id-2-pg-1-order--by--class--year-2011-letter-G-area--lang-.html
INFO: [ app_init ] --START--
INFO: Run Behavior\BuildLiteBehavior [ RunTime:0.000000s ]
INFO: [ app_init ] --END-- [ RunTime:0.000000s ]
ERR: 无法加载模块:Vod-list-id-2-pg-1-order--by--class--year-2011-letter-G-area--lang-.html

[ 2017-07-30T11:20:54+08:00 ] 180.153.236.51 /index.php?s=gb-show-id-592.html
INFO: [ app_init ] --START--
INFO: Run Behavior\BuildLiteBehavior [ RunTime:0.000000s ]
INFO: [ app_init ] --END-- [ RunTime:0.000977s ]
ERR: 无法加载模块:Gb-show-id-592

[ 2017-07-30T11:20:54+08:00 ] 180.153.236.59 /index.php?m=vod-play-id-402-src-1-num-1.html
INFO: [ app_init ] --START--
INFO: Run Behavior\BuildLiteBehavior [ RunTime:0.000000s ]
INFO: [ app_init ] --END-- [ RunTime:0.000000s ]
ERR: 无法加载模块:Vod-play-id-402-src-1-num-1.html

[ 2017-07-30T11:20:54+08:00 ] 42.236.99.16 /index.php?m=vod-play-id-2132-src-1-num-1.html
INFO: [ app_init ] --START--
INFO: Run Behavior\BuildLiteBehavior [ RunTime:0.000000s ]
INFO: [ app_init ] --END-- [ RunTime:0.000977s ]
ERR: 无法加载模块:Vod-play-id-2132-src-1-num-1.html

[ 2017-07-30T11:20:54+08:00 ] 42.236.54.62 /index.php?s=vod-play-id-544-sid-0-pid-1.html
INFO: [ app_init ] --START--
INFO: Run Behavior\BuildLiteBehavior [ RunTime:0.000000s ]
INFO: [ app_init ] --END-- [ RunTime:0.000000s ]
ERR: 无法加载模块:Vod-play-id-544-sid-0-pid-1

[ 2017-07-30T11:20:54+08:00 ] 42.236.99.166 /index.php?s=vod-play-id-1749-sid-0-pid-1.html
INFO: [ app_init ] --START--
INFO: Run Behavior\BuildLiteBehavior [ RunTime:0.000000s ]
INFO: [ app_init ] --END-- [ RunTime:0.000976s ]
ERR: 无法加载模块:Vod-play-id-1749-sid-0-pid-1

[ 2017-07-30T11:20:54+08:00 ] 180.153.236.157 /index.php?s=gb-show-id-744.html
INFO: [ app_init ] --START--
INFO: Run Behavior\BuildLiteBehavior [ RunTime:0.000000s ]
INFO: [ app_init ] --END-- [ RunTime:0.000977s ]
ERR: 无法加载模块:Gb-show-id-744

[ 2017-07-30T11:20:55+08:00 ] 42.236.10.71 /index.php?s=gb-show-id-1973.html
INFO: [ app_init ] --START--
INFO: Run Behavior\BuildLiteBehavior [ RunTime:0.000000s ]
INFO: [ app_init ] --END-- [ RunTime:0.000976s ]
ERR: 无法加载模块:Gb-show-id-1973

[ 2017-07-30T11:20:57+08:00 ] 180.153.236.59 /index.php?m=vod-search-pg-2-year-2009-starring-yuanyuan.html
INFO: [ app_init ] --START--
INFO: Run Behavior\BuildLiteBehavior [ RunTime:0.000000s ]
INFO: [ app_init ] --END-- [ RunTime:0.000977s ]
ERR: 无法加载模块:Vod-search-pg-2-year-2009-starring-yuanyuan.html

[ 2017-07-30T16:39:03+08:00 ] 140.205.225.195 /index.php?m=member&c=index&a=register&siteid=1
INFO: [ app_init ] --START--
INFO: Run Behavior\BuildLiteBehavior [ RunTime:0.000000s ]
INFO: [ app_init ] --END-- [ RunTime:0.000977s ]
ERR: 无法加载模块:Member

[ 2017-07-30T16:42:43+08:00 ] 140.205.225.195 /index.php?m=wap&a=index&siteid=1
INFO: [ app_init ] --START--
INFO: Run Behavior\BuildLiteBehavior [ RunTime:0.000000s ]
INFO: [ app_init ] --END-- [ RunTime:0.000977s ]
ERR: 无法加载模块:Wap

[ 2017-07-30T18:52:59+08:00 ] 42.236.10.107 /index.php?m=vod-play-id-1260-src-1-num-1.html
INFO: [ app_init ] --START--
INFO: Run Behavior\BuildLiteBehavior [ RunTime:0.000000s ]
INFO: [ app_init ] --END-- [ RunTime:0.000977s ]
ERR: 无法加载模块:Vod-play-id-1260-src-1-num-1.html

[ 2017-07-30T18:52:59+08:00 ] 42.236.99.9 /index.php?s=vod-play-id-175-sid-0-pid-1.html
INFO: [ app_init ] --START--
INFO: Run Behavior\BuildLiteBehavior [ RunTime:0.000000s ]
INFO: [ app_init ] --END-- [ RunTime:0.000977s ]
ERR: 无法加载模块:Vod-play-id-175-sid-0-pid-1

[ 2017-07-30T18:53:00+08:00 ] 42.236.101.214 /index.php?s=gb-show-id-593.html
INFO: [ app_init ] --START--
INFO: Run Behavior\BuildLiteBehavior [ RunTime:0.000000s ]
INFO: [ app_init ] --END-- [ RunTime:0.000976s ]
ERR: 无法加载模块:Gb-show-id-593

[ 2017-07-30T18:53:00+08:00 ] 42.236.10.102 /index.php?m=vod-list-id-4-pg-1-order--by--class-0-year-2007-letter-Q-area-%E5%8D%B0%E5%BA%A6-lang-.html
INFO: [ app_init ] --START--
INFO: Run Behavior\BuildLiteBehavior [ RunTime:0.000000s ]
INFO: [ app_init ] --END-- [ RunTime:0.000976s ]
ERR: 无法加载模块:Vod-list-id-4-pg-1-order--by--class-0-year-2007-letter-Q-area-印度-lang-.html

[ 2017-07-30T18:53:02+08:00 ] 42.236.10.71 /index.php?m=vod-list-id-4-pg-1-order--by--class-0-year-2007-letter-H-area--lang-.html
INFO: [ app_init ] --START--
INFO: Run Behavior\BuildLiteBehavior [ RunTime:0.000000s ]
INFO: [ app_init ] --END-- [ RunTime:0.000000s ]
ERR: 无法加载模块:Vod-list-id-4-pg-1-order--by--class-0-year-2007-letter-H-area--lang-.html

[ 2017-07-30T18:53:03+08:00 ] 180.153.236.101 /index.php?s=vod-play-id-1774-sid-0-pid-1.html
INFO: [ app_init ] --START--
INFO: Run Behavior\BuildLiteBehavior [ RunTime:0.000000s ]
INFO: [ app_init ] --END-- [ RunTime:0.000000s ]
ERR: 无法加载模块:Vod-play-id-1774-sid-0-pid-1

[ 2017-07-30T18:53:05+08:00 ] 42.236.99.44 /index.php?m=vod-play-id-2437-src-1-num-1.html
INFO: [ app_init ] --START--
INFO: Run Behavior\BuildLiteBehavior [ RunTime:0.000000s ]
INFO: [ app_init ] --END-- [ RunTime:0.000977s ]
ERR: 无法加载模块:Vod-play-id-2437-src-1-num-1.html

[ 2017-07-30T18:53:05+08:00 ] 42.236.99.194 /index.php?s=gb-show-id-338.html
INFO: [ app_init ] --START--
INFO: Run Behavior\BuildLiteBehavior [ RunTime:0.000000s ]
INFO: [ app_init ] --END-- [ RunTime:0.000976s ]
ERR: 无法加载模块:Gb-show-id-338

[ 2017-07-30T18:53:06+08:00 ] 42.236.54.62 /index.php?s=gb-show-id-1975.html
INFO: [ app_init ] --START--
INFO: Run Behavior\BuildLiteBehavior [ RunTime:0.000000s ]
INFO: [ app_init ] --END-- [ RunTime:0.000977s ]
ERR: 无法加载模块:Gb-show-id-1975

[ 2017-07-30T18:53:06+08:00 ] 42.236.99.37 /index.php?s=gb-show-id-1247.html
INFO: [ app_init ] --START--
INFO: Run Behavior\BuildLiteBehavior [ RunTime:0.000000s ]
INFO: [ app_init ] --END-- [ RunTime:0.000977s ]
ERR: 无法加载模块:Gb-show-id-1247

[ 2017-07-30T18:53:07+08:00 ] 42.236.10.111 /index.php?m=vod-play-id-2133-src-1-num-1.html
INFO: [ app_init ] --START--
INFO: Run Behavior\BuildLiteBehavior [ RunTime:0.000000s ]
INFO: [ app_init ] --END-- [ RunTime:0.000000s ]
ERR: 无法加载模块:Vod-play-id-2133-src-1-num-1.html

[ 2017-07-30T18:53:08+08:00 ] 42.236.10.83 /index.php?s=gb-show-id-759.html
INFO: [ app_init ] --START--
INFO: Run Behavior\BuildLiteBehavior [ RunTime:0.000000s ]
INFO: [ app_init ] --END-- [ RunTime:0.000000s ]
ERR: 无法加载模块:Gb-show-id-759

[ 2017-07-30T18:53:08+08:00 ] 42.236.55.41 /index.php?m=vod-list-id-2-pg-1-order--by--class--year-2011-letter-X-area-%E9%A9%AC%E6%9D%A5%E8%A5%BF%E4%BA%9A-lang-.html
INFO: [ app_init ] --START--
INFO: Run Behavior\BuildLiteBehavior [ RunTime:0.000000s ]
INFO: [ app_init ] --END-- [ RunTime:0.000977s ]
ERR: 无法加载模块:Vod-list-id-2-pg-1-order--by--class--year-2011-letter-X-area-马来西亚-lang-.html

[ 2017-07-30T18:53:09+08:00 ] 42.236.12.130 /index.php?s=vod-play-id-545-sid-0-pid-1.html
INFO: [ app_init ] --START--
INFO: Run Behavior\BuildLiteBehavior [ RunTime:0.000000s ]
INFO: [ app_init ] --END-- [ RunTime:0.001953s ]
ERR: 无法加载模块:Vod-play-id-545-sid-0-pid-1

[ 2017-07-30T18:53:10+08:00 ] 180.153.236.157 /index.php?s=vod-play-id-1074-sid-0-pid-1.html
INFO: [ app_init ] --START--
INFO: Run Behavior\BuildLiteBehavior [ RunTime:0.000000s ]
INFO: [ app_init ] --END-- [ RunTime:0.000977s ]
ERR: 无法加载模块:Vod-play-id-1074-sid-0-pid-1

[ 2017-07-30T18:53:10+08:00 ] 42.236.99.58 /index.php?m=vod-play-id-404-src-1-num-1.html
INFO: [ app_init ] --START--
INFO: Run Behavior\BuildLiteBehavior [ RunTime:0.000000s ]
INFO: [ app_init ] --END-- [ RunTime:0.000000s ]
ERR: 无法加载模块:Vod-play-id-404-src-1-num-1.html

[ 2017-07-30T18:53:13+08:00 ] 42.236.55.41 /index.php?m=vod-search-pg-2-year-2010-starring-yuanyuan.html
INFO: [ app_init ] --START--
INFO: Run Behavior\BuildLiteBehavior [ RunTime:0.000000s ]
INFO: [ app_init ] --END-- [ RunTime:0.000977s ]
ERR: 无法加载模块:Vod-search-pg-2-year-2010-starring-yuanyuan.html

