[ 2017-06-09T11:50:22+08:00 ] 42.236.10.82 /index.php?m=vod-list-id-4-pg-1-order--by--class-0-year-2005-letter-T-area--lang-.html
INFO: [ app_init ] --START--
INFO: Run Behavior\BuildLiteBehavior [ RunTime:0.000000s ]
INFO: [ app_init ] --END-- [ RunTime:0.000000s ]
ERR: 无法加载模块:Vod-list-id-4-pg-1-order--by--class-0-year-2005-letter-T-area--lang-.html

[ 2017-06-09T11:50:22+08:00 ] 42.236.99.206 /index.php?s=vod-play-id-324-sid-0-pid-1.html
INFO: [ app_init ] --START--
INFO: Run Behavior\BuildLiteBehavior [ RunTime:0.000000s ]
INFO: [ app_init ] --END-- [ RunTime:0.000977s ]
ERR: 无法加载模块:Vod-play-id-324-sid-0-pid-1

[ 2017-06-09T11:50:22+08:00 ] 42.236.10.85 /index.php?s=vod-play-id-1402-sid-0-pid-1.html
INFO: [ app_init ] --START--
INFO: Run Behavior\BuildLiteBehavior [ RunTime:0.000000s ]
INFO: [ app_init ] --END-- [ RunTime:0.000976s ]
ERR: 无法加载模块:Vod-play-id-1402-sid-0-pid-1

[ 2017-06-09T11:50:22+08:00 ] 42.236.99.218 /index.php?m=vod-play-id-56-src-1-num-1.html
INFO: [ app_init ] --START--
INFO: Run Behavior\BuildLiteBehavior [ RunTime:0.000000s ]
INFO: [ app_init ] --END-- [ RunTime:0.000977s ]
ERR: 无法加载模块:Vod-play-id-56-src-1-num-1.html

[ 2017-06-09T11:50:22+08:00 ] 180.153.236.189 /index.php?m=vod-play-id-424-src-1-num-1.html
INFO: [ app_init ] --START--
INFO: Run Behavior\BuildLiteBehavior [ RunTime:0.000000s ]
INFO: [ app_init ] --END-- [ RunTime:0.000000s ]
ERR: 无法加载模块:Vod-play-id-424-src-1-num-1.html

[ 2017-06-09T11:50:23+08:00 ] 42.236.54.22 /index.php?m=vod-play-id-984-src-1-num-1.html
INFO: [ app_init ] --START--
INFO: Run Behavior\BuildLiteBehavior [ RunTime:0.000000s ]
INFO: [ app_init ] --END-- [ RunTime:0.000977s ]
ERR: 无法加载模块:Vod-play-id-984-src-1-num-1.html

[ 2017-06-09T11:50:23+08:00 ] 42.236.99.58 /index.php?m=vod-play-id-2252-src-1-num-1.html
INFO: [ app_init ] --START--
INFO: Run Behavior\BuildLiteBehavior [ RunTime:0.000000s ]
INFO: [ app_init ] --END-- [ RunTime:0.000977s ]
ERR: 无法加载模块:Vod-play-id-2252-src-1-num-1.html

[ 2017-06-09T11:50:23+08:00 ] 42.236.99.44 /index.php?m=vod-play-id-2024-src-1-num-1.html
INFO: [ app_init ] --START--
INFO: Run Behavior\BuildLiteBehavior [ RunTime:0.000000s ]
INFO: [ app_init ] --END-- [ RunTime:0.000976s ]
ERR: 无法加载模块:Vod-play-id-2024-src-1-num-1.html

[ 2017-06-09T11:50:23+08:00 ] 42.236.99.86 /index.php?s=vod-play-id-835-sid-0-pid-1.html
INFO: [ app_init ] --START--
INFO: Run Behavior\BuildLiteBehavior [ RunTime:0.000000s ]
INFO: [ app_init ] --END-- [ RunTime:0.000976s ]
ERR: 无法加载模块:Vod-play-id-835-sid-0-pid-1

[ 2017-06-09T11:50:23+08:00 ] 42.236.54.22 /index.php?m=vod-list-id-2-pg-1-order--by-hits-class--year--letter--area--lang-.html
INFO: [ app_init ] --START--
INFO: Run Behavior\BuildLiteBehavior [ RunTime:0.000000s ]
INFO: [ app_init ] --END-- [ RunTime:0.000977s ]
ERR: 无法加载模块:Vod-list-id-2-pg-1-order--by-hits-class--year--letter--area--lang-.html

[ 2017-06-09T11:50:23+08:00 ] 42.236.10.82 /index.php?s=vod-play-id-748-sid-0-pid-1.html
INFO: [ app_init ] --START--
INFO: Run Behavior\BuildLiteBehavior [ RunTime:0.000000s ]
INFO: [ app_init ] --END-- [ RunTime:0.000977s ]
ERR: 无法加载模块:Vod-play-id-748-sid-0-pid-1

[ 2017-06-09T11:50:23+08:00 ] 42.236.103.86 /index.php?m=vod-play-id-1969-src-1-num-1.html
INFO: [ app_init ] --START--
INFO: Run Behavior\BuildLiteBehavior [ RunTime:0.000000s ]
INFO: [ app_init ] --END-- [ RunTime:0.000000s ]
ERR: 无法加载模块:Vod-play-id-1969-src-1-num-1.html

[ 2017-06-09T11:50:23+08:00 ] 42.236.10.112 /index.php?m=vod-play-id-1174-src-1-num-1.html
INFO: [ app_init ] --START--
INFO: Run Behavior\BuildLiteBehavior [ RunTime:0.000000s ]
INFO: [ app_init ] --END-- [ RunTime:0.000977s ]
ERR: 无法加载模块:Vod-play-id-1174-src-1-num-1.html

[ 2017-06-09T11:50:24+08:00 ] 42.236.46.85 /index.php?m=vod-play-id-906-src-1-num-1.html
INFO: [ app_init ] --START--
INFO: Run Behavior\BuildLiteBehavior [ RunTime:0.000000s ]
INFO: [ app_init ] --END-- [ RunTime:0.000976s ]
ERR: 无法加载模块:Vod-play-id-906-src-1-num-1.html

[ 2017-06-09T11:50:24+08:00 ] 180.153.234.145 /index.php?m=vod-list-id-7-pg-1-order--by--class--year--letter-K-area--lang-.html
INFO: [ app_init ] --START--
INFO: Run Behavior\BuildLiteBehavior [ RunTime:0.000000s ]
INFO: [ app_init ] --END-- [ RunTime:0.000977s ]
ERR: 无法加载模块:Vod-list-id-7-pg-1-order--by--class--year--letter-K-area--lang-.html

[ 2017-06-09T11:50:24+08:00 ] 42.236.99.242 /index.php?m=vod-list-id-2-pg-1-order--by--class-0-year-0-letter--area-%E5%A4%A7%E9%99%86-lang-.html
INFO: [ app_init ] --START--
INFO: Run Behavior\BuildLiteBehavior [ RunTime:0.000000s ]
INFO: [ app_init ] --END-- [ RunTime:0.000976s ]
ERR: 无法加载模块:Vod-list-id-2-pg-1-order--by--class-0-year-0-letter--area-大陆-lang-.html

[ 2017-06-09T11:50:24+08:00 ] 42.236.55.41 /index.php?m=vod-search-pg-2-starring-yuanyuan-classid-41.html
INFO: [ app_init ] --START--
INFO: Run Behavior\BuildLiteBehavior [ RunTime:0.000000s ]
INFO: [ app_init ] --END-- [ RunTime:0.000977s ]
ERR: 无法加载模块:Vod-search-pg-2-starring-yuanyuan-classid-41.html

[ 2017-06-09T11:50:24+08:00 ] 42.236.99.154 /index.php?s=vod-play-id-1072-sid-0-pid-1.html
INFO: [ app_init ] --START--
INFO: Run Behavior\BuildLiteBehavior [ RunTime:0.000000s ]
INFO: [ app_init ] --END-- [ RunTime:0.000976s ]
ERR: 无法加载模块:Vod-play-id-1072-sid-0-pid-1

[ 2017-06-09T11:50:24+08:00 ] 180.153.236.149 /index.php?m=vod-play-id-1726-src-1-num-1.html
INFO: [ app_init ] --START--
INFO: Run Behavior\BuildLiteBehavior [ RunTime:0.000000s ]
INFO: [ app_init ] --END-- [ RunTime:0.000977s ]
ERR: 无法加载模块:Vod-play-id-1726-src-1-num-1.html

[ 2017-06-09T11:50:24+08:00 ] 42.236.99.79 /index.php?m=vod-play-id-2290-src-1-num-1.html
INFO: [ app_init ] --START--
INFO: Run Behavior\BuildLiteBehavior [ RunTime:0.000000s ]
INFO: [ app_init ] --END-- [ RunTime:0.000977s ]
ERR: 无法加载模块:Vod-play-id-2290-src-1-num-1.html

[ 2017-06-09T11:50:50+08:00 ] 42.236.101.214 /index.php?s=gb-show-id-301.html
INFO: [ app_init ] --START--
INFO: Run Behavior\BuildLiteBehavior [ RunTime:0.000000s ]
INFO: [ app_init ] --END-- [ RunTime:0.000000s ]
ERR: 无法加载模块:Gb-show-id-301

