[ 2017-08-28T11:07:50+08:00 ] 42.236.101.234 /index.php?s=vod-play-id-1596-sid-0-pid-1.html
INFO: [ app_init ] --START--
INFO: Run Behavior\BuildLiteBehavior [ RunTime:0.000000s ]
INFO: [ app_init ] --END-- [ RunTime:0.000977s ]
ERR: 无法加载模块:Vod-play-id-1596-sid-0-pid-1

[ 2017-08-28T11:07:50+08:00 ] 180.153.236.19 /index.php?s=gb-show-id-389.html
INFO: [ app_init ] --START--
INFO: Run Behavior\BuildLiteBehavior [ RunTime:0.000000s ]
INFO: [ app_init ] --END-- [ RunTime:0.000977s ]
ERR: 无法加载模块:Gb-show-id-389

[ 2017-08-28T11:07:50+08:00 ] 42.236.99.242 /index.php?m=vod-search-pg-235-starring-yuanyuan-area-%E6%B3%95%E5%9B%BD.html
INFO: [ app_init ] --START--
INFO: Run Behavior\BuildLiteBehavior [ RunTime:0.000000s ]
INFO: [ app_init ] --END-- [ RunTime:0.000976s ]
ERR: 无法加载模块:Vod-search-pg-235-starring-yuanyuan-area-法国.html

[ 2017-08-28T11:07:51+08:00 ] 42.236.99.154 /index.php?s=gb-show-id-608.html
INFO: [ app_init ] --START--
INFO: Run Behavior\BuildLiteBehavior [ RunTime:0.000000s ]
INFO: [ app_init ] --END-- [ RunTime:0.000977s ]
ERR: 无法加载模块:Gb-show-id-608

[ 2017-08-28T11:07:51+08:00 ] 42.236.99.142 /index.php?s=gb-show-p-539.html
INFO: [ app_init ] --START--
INFO: Run Behavior\BuildLiteBehavior [ RunTime:0.000000s ]
INFO: [ app_init ] --END-- [ RunTime:0.000976s ]
ERR: 无法加载模块:Gb-show-p-539

[ 2017-08-28T11:07:51+08:00 ] 42.236.12.170 /index.php?m=vod-list-id-4-pg-1-order--by--class-0-year-2008-letter-E-area--lang-.html
INFO: [ app_init ] --START--
INFO: Run Behavior\BuildLiteBehavior [ RunTime:0.000000s ]
INFO: [ app_init ] --END-- [ RunTime:0.000000s ]
ERR: 无法加载模块:Vod-list-id-4-pg-1-order--by--class-0-year-2008-letter-E-area--lang-.html

[ 2017-08-28T11:07:51+08:00 ] 42.236.54.42 /index.php?m=vod-list-id-2-pg-1-order--by--class-0-year--letter-C-area-%E6%B3%95%E5%9B%BD-lang-.html
INFO: [ app_init ] --START--
INFO: Run Behavior\BuildLiteBehavior [ RunTime:0.000000s ]
INFO: [ app_init ] --END-- [ RunTime:0.000000s ]
ERR: 无法加载模块:Vod-list-id-2-pg-1-order--by--class-0-year--letter-C-area-法国-lang-.html

[ 2017-08-28T11:07:51+08:00 ] 42.236.99.178 /index.php?m=vod-play-id-1806-src-1-num-1.html
INFO: [ app_init ] --START--
INFO: Run Behavior\BuildLiteBehavior [ RunTime:0.000000s ]
INFO: [ app_init ] --END-- [ RunTime:0.001954s ]
ERR: 无法加载模块:Vod-play-id-1806-src-1-num-1.html

[ 2017-08-28T11:07:51+08:00 ] 42.236.99.154 /index.php?s=gb-show-id-1671.html
INFO: [ app_init ] --START--
INFO: Run Behavior\BuildLiteBehavior [ RunTime:0.000000s ]
INFO: [ app_init ] --END-- [ RunTime:0.000976s ]
ERR: 无法加载模块:Gb-show-id-1671

[ 2017-08-28T11:07:51+08:00 ] 42.236.103.106 /index.php?s=vod-play-id-473-sid-0-pid-1.html
INFO: [ app_init ] --START--
INFO: Run Behavior\BuildLiteBehavior [ RunTime:0.000000s ]
INFO: [ app_init ] --END-- [ RunTime:0.000977s ]
ERR: 无法加载模块:Vod-play-id-473-sid-0-pid-1

[ 2017-08-28T11:07:51+08:00 ] 42.236.12.130 /index.php?m=vod-play-id-2338-src-1-num-1.html
INFO: [ app_init ] --START--
INFO: Run Behavior\BuildLiteBehavior [ RunTime:0.000000s ]
INFO: [ app_init ] --END-- [ RunTime:0.000000s ]
ERR: 无法加载模块:Vod-play-id-2338-src-1-num-1.html

[ 2017-08-28T11:07:51+08:00 ] 42.236.101.214 /index.php?m=vod-list-id-2-pg-1-order--by--class-0-year--letter-H-area--lang-.html
INFO: [ app_init ] --START--
INFO: Run Behavior\BuildLiteBehavior [ RunTime:0.000000s ]
INFO: [ app_init ] --END-- [ RunTime:0.000976s ]
ERR: 无法加载模块:Vod-list-id-2-pg-1-order--by--class-0-year--letter-H-area--lang-.html

[ 2017-08-28T11:07:51+08:00 ] 42.236.99.166 /index.php?m=vod-play-id-842-src-1-num-1.html
INFO: [ app_init ] --START--
INFO: Run Behavior\BuildLiteBehavior [ RunTime:0.000000s ]
INFO: [ app_init ] --END-- [ RunTime:0.000977s ]
ERR: 无法加载模块:Vod-play-id-842-src-1-num-1.html

[ 2017-08-28T11:07:51+08:00 ] 42.236.99.166 /index.php?s=vod-play-id-1169-sid-0-pid-1.html
INFO: [ app_init ] --START--
INFO: Run Behavior\BuildLiteBehavior [ RunTime:0.000000s ]
INFO: [ app_init ] --END-- [ RunTime:0.000977s ]
ERR: 无法加载模块:Vod-play-id-1169-sid-0-pid-1

[ 2017-08-28T11:07:51+08:00 ] 42.236.12.150 /index.php?s=gb-show-id-462.html
INFO: [ app_init ] --START--
INFO: Run Behavior\BuildLiteBehavior [ RunTime:0.000000s ]
INFO: [ app_init ] --END-- [ RunTime:0.000977s ]
ERR: 无法加载模块:Gb-show-id-462

