[ 2017-05-29T04:32:34+08:00 ] 42.236.101.234 /index.php?m=vod-play-id-2289-src-1-num-1.html
INFO: [ app_init ] --START--
INFO: Run Behavior\BuildLiteBehavior [ RunTime:0.000000s ]
INFO: [ app_init ] --END-- [ RunTime:0.000000s ]
ERR: 无法加载模块:Vod-play-id-2289-src-1-num-1.html

[ 2017-05-29T04:32:34+08:00 ] 42.236.10.78 /index.php?m=vod-play-id-1639-src-1-num-1.html
INFO: [ app_init ] --START--
INFO: Run Behavior\BuildLiteBehavior [ RunTime:0.000000s ]
INFO: [ app_init ] --END-- [ RunTime:0.000977s ]
ERR: 无法加载模块:Vod-play-id-1639-src-1-num-1.html

[ 2017-05-29T04:32:34+08:00 ] 180.153.236.117 /index.php?s=vod-play-id-1398-sid-0-pid-1.html
INFO: [ app_init ] --START--
INFO: Run Behavior\BuildLiteBehavior [ RunTime:0.000000s ]
INFO: [ app_init ] --END-- [ RunTime:0.000976s ]
ERR: 无法加载模块:Vod-play-id-1398-sid-0-pid-1

[ 2017-05-29T04:32:34+08:00 ] 42.236.99.79 /index.php?m=vod-play-id-201-src-1-num-1.html
INFO: [ app_init ] --START--
INFO: Run Behavior\BuildLiteBehavior [ RunTime:0.000000s ]
INFO: [ app_init ] --END-- [ RunTime:0.000976s ]
ERR: 无法加载模块:Vod-play-id-201-src-1-num-1.html

[ 2017-05-29T04:32:34+08:00 ] 42.236.102.3 /index.php?m=vod-list-id-5-pg-1-order--by--class--year--letter--area-%E4%BF%84%E7%BD%97%E6%96%AF-lang-.html
INFO: [ app_init ] --START--
INFO: Run Behavior\BuildLiteBehavior [ RunTime:0.000000s ]
INFO: [ app_init ] --END-- [ RunTime:0.000000s ]
ERR: 无法加载模块:Vod-list-id-5-pg-1-order--by--class--year--letter--area-俄罗斯-lang-.html

[ 2017-05-29T04:32:34+08:00 ] 42.236.101.214 /index.php?m=vod-play-id-1724-src-1-num-1.html
INFO: [ app_init ] --START--
INFO: Run Behavior\BuildLiteBehavior [ RunTime:0.000000s ]
INFO: [ app_init ] --END-- [ RunTime:0.000976s ]
ERR: 无法加载模块:Vod-play-id-1724-src-1-num-1.html

[ 2017-05-29T04:32:34+08:00 ] 42.236.103.106 /index.php?m=vod-search-pg-2-starring-yuanyuan-letter-H.html
INFO: [ app_init ] --START--
INFO: Run Behavior\BuildLiteBehavior [ RunTime:0.000000s ]
INFO: [ app_init ] --END-- [ RunTime:0.000000s ]
ERR: 无法加载模块:Vod-search-pg-2-starring-yuanyuan-letter-H.html

[ 2017-05-29T04:32:34+08:00 ] 42.236.10.104 /index.php?m=vod-list-id-5-pg-1-order--by--class--year--letter--area-%E5%85%B6%E5%AE%83-lang-.html
INFO: [ app_init ] --START--
INFO: Run Behavior\BuildLiteBehavior [ RunTime:0.000000s ]
INFO: [ app_init ] --END-- [ RunTime:0.000977s ]
ERR: 无法加载模块:Vod-list-id-5-pg-1-order--by--class--year--letter--area-其它-lang-.html

[ 2017-05-29T04:32:34+08:00 ] 42.236.10.103 /index.php?m=vod-play-id-990-src-1-num-1.html
INFO: [ app_init ] --START--
INFO: Run Behavior\BuildLiteBehavior [ RunTime:0.000000s ]
INFO: [ app_init ] --END-- [ RunTime:0.000976s ]
ERR: 无法加载模块:Vod-play-id-990-src-1-num-1.html

[ 2017-05-29T04:32:34+08:00 ] 42.236.10.82 /index.php?m=vod-list-id-2-pg-1-order--by--class--year--letter--area-%E5%8A%A0%E6%8B%BF%E5%A4%A7-lang-.html
INFO: [ app_init ] --START--
INFO: Run Behavior\BuildLiteBehavior [ RunTime:0.000976s ]
INFO: [ app_init ] --END-- [ RunTime:0.000976s ]
ERR: 无法加载模块:Vod-list-id-2-pg-1-order--by--class--year--letter--area-加拿大-lang-.html

[ 2017-05-29T04:32:34+08:00 ] 42.236.99.194 /index.php?m=vod-play-id-251-src-1-num-1.html
INFO: [ app_init ] --START--
INFO: Run Behavior\BuildLiteBehavior [ RunTime:0.000000s ]
INFO: [ app_init ] --END-- [ RunTime:0.001953s ]
ERR: 无法加载模块:Vod-play-id-251-src-1-num-1.html

[ 2017-05-29T04:32:34+08:00 ] 42.236.54.2 /index.php?m=vod-play-id-630-src-1-num-1.html
INFO: [ app_init ] --START--
INFO: Run Behavior\BuildLiteBehavior [ RunTime:0.000000s ]
INFO: [ app_init ] --END-- [ RunTime:0.000977s ]
ERR: 无法加载模块:Vod-play-id-630-src-1-num-1.html

[ 2017-05-29T04:32:34+08:00 ] 42.236.46.105 /index.php?s=vod-play-id-319-sid-0-pid-1.html
INFO: [ app_init ] --START--
INFO: Run Behavior\BuildLiteBehavior [ RunTime:0.000000s ]
INFO: [ app_init ] --END-- [ RunTime:0.000976s ]
ERR: 无法加载模块:Vod-play-id-319-sid-0-pid-1

[ 2017-05-29T04:32:34+08:00 ] 42.236.99.37 /index.php?s=gb-show-id-1700.html
INFO: [ app_init ] --START--
INFO: Run Behavior\BuildLiteBehavior [ RunTime:0.000000s ]
INFO: [ app_init ] --END-- [ RunTime:0.000977s ]
ERR: 无法加载模块:Gb-show-id-1700

[ 2017-05-29T04:32:35+08:00 ] 42.236.101.234 /index.php?m=vod-play-id-61-src-1-num-1.html
INFO: [ app_init ] --START--
INFO: Run Behavior\BuildLiteBehavior [ RunTime:0.000000s ]
INFO: [ app_init ] --END-- [ RunTime:0.000976s ]
ERR: 无法加载模块:Vod-play-id-61-src-1-num-1.html

[ 2017-05-29T04:32:35+08:00 ] 42.236.99.230 /index.php?s=vod-play-id-725-sid-0-pid-1.html
INFO: [ app_init ] --START--
INFO: Run Behavior\BuildLiteBehavior [ RunTime:0.000000s ]
INFO: [ app_init ] --END-- [ RunTime:0.000000s ]
ERR: 无法加载模块:Vod-play-id-725-sid-0-pid-1

[ 2017-05-29T04:32:35+08:00 ] 42.236.99.130 /index.php?s=gb-show-id-300.html
INFO: [ app_init ] --START--
INFO: Run Behavior\BuildLiteBehavior [ RunTime:0.000000s ]
INFO: [ app_init ] --END-- [ RunTime:0.000976s ]
ERR: 无法加载模块:Gb-show-id-300

[ 2017-05-29T04:32:54+08:00 ] 180.153.236.67 /index.php?s=vod-play-id-830-sid-0-pid-1.html
INFO: [ app_init ] --START--
INFO: Run Behavior\BuildLiteBehavior [ RunTime:0.000000s ]
INFO: [ app_init ] --END-- [ RunTime:0.000977s ]
ERR: 无法加载模块:Vod-play-id-830-sid-0-pid-1

[ 2017-05-29T21:25:52+08:00 ] 69.30.201.74 /index.php?m=vod-list-id-0-pg-1-order--by--class-0-year-0-letter--area-%E4%BF%84%E7%BD%97%E6%96%AF-lang-.html
INFO: [ app_init ] --START--
INFO: Run Behavior\BuildLiteBehavior [ RunTime:0.000000s ]
INFO: [ app_init ] --END-- [ RunTime:0.000977s ]
ERR: 无法加载模块:Vod-list-id-0-pg-1-order--by--class-0-year-0-letter--area-俄罗斯-lang-.html

[ 2017-05-29T21:40:54+08:00 ] 140.205.201.36 /index.php?m=member&c=index&a=register&siteid=1
INFO: [ app_init ] --START--
INFO: Run Behavior\BuildLiteBehavior [ RunTime:0.000000s ]
INFO: [ app_init ] --END-- [ RunTime:0.000977s ]
ERR: 无法加载模块:Member

[ 2017-05-29T21:40:54+08:00 ] 140.205.201.36 /index.php?m=wap&a=index&siteid=1
INFO: [ app_init ] --START--
INFO: Run Behavior\BuildLiteBehavior [ RunTime:0.000000s ]
INFO: [ app_init ] --END-- [ RunTime:0.000000s ]
ERR: 无法加载模块:Wap

