[ 2017-04-10T17:18:21+08:00 ] 66.249.64.254 /index.php?s=gb-show-p-2561.html
INFO: [ app_init ] --START--
INFO: Run Behavior\BuildLiteBehavior [ RunTime:0.000019s ]
INFO: [ app_init ] --END-- [ RunTime:0.000335s ]
ERR: 无法加载模块:Gb-show-p-2561

[ 2017-04-10T17:38:40+08:00 ] 66.249.64.254 /index.php?s=gb-show-p-790.html
INFO: [ app_init ] --START--
INFO: Run Behavior\BuildLiteBehavior [ RunTime:0.000019s ]
INFO: [ app_init ] --END-- [ RunTime:0.000369s ]
ERR: 无法加载模块:Gb-show-p-790

[ 2017-04-10T19:44:54+08:00 ] 92.238.226.245 /index.php?s=vod-search-area-%E5%8A%A0%E6%8B%BF%E5%A4%A7.html
INFO: [ app_init ] --START--
INFO: Run Behavior\BuildLiteBehavior [ RunTime:0.000028s ]
INFO: [ app_init ] --END-- [ RunTime:0.000452s ]
ERR: 无法加载模块:Vod-search-area-加拿大

[ 2017-04-10T20:01:21+08:00 ] 66.249.64.194 /index.php?s=gb-show-p-3307.html
INFO: [ app_init ] --START--
INFO: Run Behavior\BuildLiteBehavior [ RunTime:0.000018s ]
INFO: [ app_init ] --END-- [ RunTime:0.000362s ]
ERR: 无法加载模块:Gb-show-p-3307

[ 2017-04-10T20:31:32+08:00 ] 66.249.64.199 /index.php?s=gb-show-p-5668.html
INFO: [ app_init ] --START--
INFO: Run Behavior\BuildLiteBehavior [ RunTime:0.000027s ]
INFO: [ app_init ] --END-- [ RunTime:0.000411s ]
ERR: 无法加载模块:Gb-show-p-5668

[ 2017-04-10T20:41:32+08:00 ] 66.249.64.194 /index.php?s=vod-play-id-951-sid-0-pid-1.html
INFO: [ app_init ] --START--
INFO: Run Behavior\BuildLiteBehavior [ RunTime:0.000020s ]
INFO: [ app_init ] --END-- [ RunTime:0.000383s ]
ERR: 无法加载模块:Vod-play-id-951-sid-0-pid-1

[ 2017-04-10T22:05:01+08:00 ] 66.249.64.254 /index.php?s=gb-show-p-2194.html
INFO: [ app_init ] --START--
INFO: Run Behavior\BuildLiteBehavior [ RunTime:0.000019s ]
INFO: [ app_init ] --END-- [ RunTime:0.000408s ]
ERR: 无法加载模块:Gb-show-p-2194

