[ 2017-08-30T12:40:13+08:00 ] 42.236.12.170 /index.php?s=vod-play-id-1184-sid-0-pid-1.html
INFO: [ app_init ] --START--
INFO: Run Behavior\BuildLiteBehavior [ RunTime:0.000000s ]
INFO: [ app_init ] --END-- [ RunTime:0.000000s ]
ERR: 无法加载模块:Vod-play-id-1184-sid-0-pid-1

[ 2017-08-30T12:40:13+08:00 ] 42.236.102.3 /index.php?s=gb-show-p-543.html
INFO: [ app_init ] --START--
INFO: Run Behavior\BuildLiteBehavior [ RunTime:0.000000s ]
INFO: [ app_init ] --END-- [ RunTime:0.000976s ]
ERR: 无法加载模块:Gb-show-p-543

[ 2017-08-30T12:40:13+08:00 ] 42.236.99.37 /index.php?m=vod-search-pg-235-starring-yuanyuan-area-%E7%BE%8E%E5%9B%BD.html
INFO: [ app_init ] --START--
INFO: Run Behavior\BuildLiteBehavior [ RunTime:0.000000s ]
INFO: [ app_init ] --END-- [ RunTime:0.000000s ]
ERR: 无法加载模块:Vod-search-pg-235-starring-yuanyuan-area-美国.html

[ 2017-08-30T12:40:13+08:00 ] 42.236.99.37 /index.php?m=vod-list-id-2-pg-1-order--by--class-0-year--letter-L-area--lang-.html
INFO: [ app_init ] --START--
INFO: Run Behavior\BuildLiteBehavior [ RunTime:0.000000s ]
INFO: [ app_init ] --END-- [ RunTime:0.000977s ]
ERR: 无法加载模块:Vod-list-id-2-pg-1-order--by--class-0-year--letter-L-area--lang-.html

[ 2017-08-30T12:40:14+08:00 ] 42.236.99.166 /index.php?m=vod-list-id-2-pg-1-order--by--class-0-year--letter-G-area--lang-.html
INFO: [ app_init ] --START--
INFO: Run Behavior\BuildLiteBehavior [ RunTime:0.000000s ]
INFO: [ app_init ] --END-- [ RunTime:0.000976s ]
ERR: 无法加载模块:Vod-list-id-2-pg-1-order--by--class-0-year--letter-G-area--lang-.html

[ 2017-08-30T12:40:14+08:00 ] 42.236.12.170 /index.php?m=vod-play-id-873-src-1-num-1.html
INFO: [ app_init ] --START--
INFO: Run Behavior\BuildLiteBehavior [ RunTime:0.000000s ]
INFO: [ app_init ] --END-- [ RunTime:0.000977s ]
ERR: 无法加载模块:Vod-play-id-873-src-1-num-1.html

[ 2017-08-30T12:40:14+08:00 ] 42.236.46.105 /index.php?s=vod-play-id-711-sid-0-pid-1.html
INFO: [ app_init ] --START--
INFO: Run Behavior\BuildLiteBehavior [ RunTime:0.000000s ]
INFO: [ app_init ] --END-- [ RunTime:0.000000s ]
ERR: 无法加载模块:Vod-play-id-711-sid-0-pid-1

[ 2017-08-30T12:40:14+08:00 ] 42.236.102.23 /index.php?s=vod-play-id-1602-sid-0-pid-1.html
INFO: [ app_init ] --START--
INFO: Run Behavior\BuildLiteBehavior [ RunTime:0.000000s ]
INFO: [ app_init ] --END-- [ RunTime:0.000000s ]
ERR: 无法加载模块:Vod-play-id-1602-sid-0-pid-1

[ 2017-08-30T12:40:14+08:00 ] 42.236.12.190 /index.php?s=gb-show-id-394.html
INFO: [ app_init ] --START--
INFO: Run Behavior\BuildLiteBehavior [ RunTime:0.000000s ]
INFO: [ app_init ] --END-- [ RunTime:0.000000s ]
ERR: 无法加载模块:Gb-show-id-394

[ 2017-08-30T12:40:14+08:00 ] 42.236.54.22 /index.php?s=gb-show-id-1673.html
INFO: [ app_init ] --START--
INFO: Run Behavior\BuildLiteBehavior [ RunTime:0.000000s ]
INFO: [ app_init ] --END-- [ RunTime:0.000977s ]
ERR: 无法加载模块:Gb-show-id-1673

[ 2017-08-30T12:40:14+08:00 ] 42.236.102.23 /index.php?s=gb-show-id-464.html
INFO: [ app_init ] --START--
INFO: Run Behavior\BuildLiteBehavior [ RunTime:0.000000s ]
INFO: [ app_init ] --END-- [ RunTime:0.001953s ]
ERR: 无法加载模块:Gb-show-id-464

[ 2017-08-30T12:40:14+08:00 ] 42.236.46.85 /index.php?s=gb-show-id-581.html
INFO: [ app_init ] --START--
INFO: Run Behavior\BuildLiteBehavior [ RunTime:0.000000s ]
INFO: [ app_init ] --END-- [ RunTime:0.000000s ]
ERR: 无法加载模块:Gb-show-id-581

[ 2017-08-30T12:40:14+08:00 ] 42.236.99.44 /index.php?m=vod-play-id-182-src-1-num-1.html
INFO: [ app_init ] --START--
INFO: Run Behavior\BuildLiteBehavior [ RunTime:0.000000s ]
INFO: [ app_init ] --END-- [ RunTime:0.000976s ]
ERR: 无法加载模块:Vod-play-id-182-src-1-num-1.html

[ 2017-08-30T12:40:14+08:00 ] 42.236.12.170 /index.php?m=vod-list-id-4-pg-1-order--by--class-0-year-2008-letter-I-area--lang-.html
INFO: [ app_init ] --START--
INFO: Run Behavior\BuildLiteBehavior [ RunTime:0.000000s ]
INFO: [ app_init ] --END-- [ RunTime:0.000976s ]
ERR: 无法加载模块:Vod-list-id-4-pg-1-order--by--class-0-year-2008-letter-I-area--lang-.html

[ 2017-08-30T12:40:14+08:00 ] 42.236.102.3 /index.php?m=vod-play-id-2340-src-1-num-1.html
INFO: [ app_init ] --START--
INFO: Run Behavior\BuildLiteBehavior [ RunTime:0.000000s ]
INFO: [ app_init ] --END-- [ RunTime:0.000977s ]
ERR: 无法加载模块:Vod-play-id-2340-src-1-num-1.html

[ 2017-08-30T12:40:15+08:00 ] 42.236.99.206 /index.php?s=vod-play-id-483-sid-0-pid-1.html
INFO: [ app_init ] --START--
INFO: Run Behavior\BuildLiteBehavior [ RunTime:0.000000s ]
INFO: [ app_init ] --END-- [ RunTime:0.000977s ]
ERR: 无法加载模块:Vod-play-id-483-sid-0-pid-1

[ 2017-08-30T12:40:16+08:00 ] 180.153.236.67 /index.php?m=vod-list-id-3-pg-1-order--by--class--year-2004-letter--area--lang-.html
INFO: [ app_init ] --START--
INFO: Run Behavior\BuildLiteBehavior [ RunTime:0.000000s ]
INFO: [ app_init ] --END-- [ RunTime:0.000000s ]
ERR: 无法加载模块:Vod-list-id-3-pg-1-order--by--class--year-2004-letter--area--lang-.html

