[ 2017-09-28T12:41:13+08:00 ] 180.153.236.109 /index.php?m=vod-play-id-14-src-1-num-1.html
INFO: [ app_init ] --START--
INFO: Run Behavior\BuildLiteBehavior [ RunTime:0.000000s ]
INFO: [ app_init ] --END-- [ RunTime:0.000977s ]
ERR: 无法加载模块:Vod-play-id-14-src-1-num-1.html

[ 2017-09-28T12:41:13+08:00 ] 180.153.236.133 /index.php?m=vod-play-id-2447-src-1-num-1.html
INFO: [ app_init ] --START--
INFO: Run Behavior\BuildLiteBehavior [ RunTime:0.000000s ]
INFO: [ app_init ] --END-- [ RunTime:0.000977s ]
ERR: 无法加载模块:Vod-play-id-2447-src-1-num-1.html

[ 2017-09-28T12:41:13+08:00 ] 180.153.236.67 /index.php?s=gb-show-id-821.html
INFO: [ app_init ] --START--
INFO: Run Behavior\BuildLiteBehavior [ RunTime:0.000000s ]
INFO: [ app_init ] --END-- [ RunTime:0.000977s ]
ERR: 无法加载模块:Gb-show-id-821

[ 2017-09-28T12:41:14+08:00 ] 180.153.236.117 /index.php?s=gb-show-id-208.html
INFO: [ app_init ] --START--
INFO: Run Behavior\BuildLiteBehavior [ RunTime:0.000000s ]
INFO: [ app_init ] --END-- [ RunTime:0.000000s ]
ERR: 无法加载模块:Gb-show-id-208

[ 2017-09-28T12:41:14+08:00 ] 180.153.236.11 /index.php?s=gb-show-id-1262.html
INFO: [ app_init ] --START--
INFO: Run Behavior\BuildLiteBehavior [ RunTime:0.000000s ]
INFO: [ app_init ] --END-- [ RunTime:0.000977s ]
ERR: 无法加载模块:Gb-show-id-1262

[ 2017-09-28T12:41:14+08:00 ] 180.153.236.59 /index.php?s=vod-play-id-608-sid-0-pid-1.html
INFO: [ app_init ] --START--
INFO: Run Behavior\BuildLiteBehavior [ RunTime:0.000000s ]
INFO: [ app_init ] --END-- [ RunTime:0.000976s ]
ERR: 无法加载模块:Vod-play-id-608-sid-0-pid-1

[ 2017-09-28T12:41:14+08:00 ] 180.153.236.181 /index.php?s=vod-play-id-605-sid-0-pid-1.html
INFO: [ app_init ] --START--
INFO: Run Behavior\BuildLiteBehavior [ RunTime:0.000000s ]
INFO: [ app_init ] --END-- [ RunTime:0.000000s ]
ERR: 无法加载模块:Vod-play-id-605-sid-0-pid-1

[ 2017-09-28T12:41:14+08:00 ] 180.153.236.67 /index.php?s=gb-show-id-490.html
INFO: [ app_init ] --START--
INFO: Run Behavior\BuildLiteBehavior [ RunTime:0.000000s ]
INFO: [ app_init ] --END-- [ RunTime:0.000977s ]
ERR: 无法加载模块:Gb-show-id-490

[ 2017-09-28T12:41:14+08:00 ] 180.153.236.51 /index.php?s=vod-play-id-180-sid-0-pid-1.html
INFO: [ app_init ] --START--
INFO: Run Behavior\BuildLiteBehavior [ RunTime:0.000976s ]
INFO: [ app_init ] --END-- [ RunTime:0.001953s ]
ERR: 无法加载模块:Vod-play-id-180-sid-0-pid-1

[ 2017-09-28T12:41:14+08:00 ] 180.153.234.145 /index.php?m=vod-list-id-2-pg-1-order--by--class-0-year-0-letter--area-%E6%97%A5%E6%9C%AC-lang-.html
INFO: [ app_init ] --START--
INFO: Run Behavior\BuildLiteBehavior [ RunTime:0.000000s ]
INFO: [ app_init ] --END-- [ RunTime:0.000977s ]
ERR: 无法加载模块:Vod-list-id-2-pg-1-order--by--class-0-year-0-letter--area-日本-lang-.html

[ 2017-09-28T12:41:14+08:00 ] 180.153.236.35 /index.php?m=vod-list-id-4-pg-1-order--by--class-0-year-2009-letter--area-%E5%8D%B0%E5%BA%A6-lang-.html
INFO: [ app_init ] --START--
INFO: Run Behavior\BuildLiteBehavior [ RunTime:0.000000s ]
INFO: [ app_init ] --END-- [ RunTime:0.000977s ]
ERR: 无法加载模块:Vod-list-id-4-pg-1-order--by--class-0-year-2009-letter--area-印度-lang-.html

[ 2017-09-28T12:41:14+08:00 ] 180.153.236.157 /index.php?s=gb-show-id-793.html
INFO: [ app_init ] --START--
INFO: Run Behavior\BuildLiteBehavior [ RunTime:0.000000s ]
INFO: [ app_init ] --END-- [ RunTime:0.000977s ]
ERR: 无法加载模块:Gb-show-id-793

[ 2017-09-28T12:41:14+08:00 ] 180.153.236.149 /index.php?s=vod-play-id-1933-sid-0-pid-1.html
INFO: [ app_init ] --START--
INFO: Run Behavior\BuildLiteBehavior [ RunTime:0.000000s ]
INFO: [ app_init ] --END-- [ RunTime:0.000977s ]
ERR: 无法加载模块:Vod-play-id-1933-sid-0-pid-1

[ 2017-09-28T12:41:14+08:00 ] 180.153.236.133 /index.php?m=vod-play-id-2142-src-1-num-1.html
INFO: [ app_init ] --START--
INFO: Run Behavior\BuildLiteBehavior [ RunTime:0.000000s ]
INFO: [ app_init ] --END-- [ RunTime:0.000976s ]
ERR: 无法加载模块:Vod-play-id-2142-src-1-num-1.html

[ 2017-09-28T12:41:14+08:00 ] 180.153.236.125 /index.php?s=gb-show-id-207.html
INFO: [ app_init ] --START--
INFO: Run Behavior\BuildLiteBehavior [ RunTime:0.000000s ]
INFO: [ app_init ] --END-- [ RunTime:0.000000s ]
ERR: 无法加载模块:Gb-show-id-207

[ 2017-09-28T12:41:14+08:00 ] 180.153.236.149 /index.php?s=vod-play-id-1115-sid-0-pid-1.html
INFO: [ app_init ] --START--
INFO: Run Behavior\BuildLiteBehavior [ RunTime:0.000000s ]
INFO: [ app_init ] --END-- [ RunTime:0.000977s ]
ERR: 无法加载模块:Vod-play-id-1115-sid-0-pid-1

[ 2017-09-28T12:41:14+08:00 ] 180.153.236.101 /index.php?m=vod-play-id-2517-src-1-num-1.html
INFO: [ app_init ] --START--
INFO: Run Behavior\BuildLiteBehavior [ RunTime:0.000000s ]
INFO: [ app_init ] --END-- [ RunTime:0.000976s ]
ERR: 无法加载模块:Vod-play-id-2517-src-1-num-1.html

[ 2017-09-28T12:41:14+08:00 ] 180.153.236.165 /index.php?s=gb-show-id-1263.html
INFO: [ app_init ] --START--
INFO: Run Behavior\BuildLiteBehavior [ RunTime:0.000000s ]
INFO: [ app_init ] --END-- [ RunTime:0.000977s ]
ERR: 无法加载模块:Gb-show-id-1263

[ 2017-09-28T12:41:14+08:00 ] 180.153.236.109 /index.php?m=vod-search-pg-235-starring-yuanyuan-classid-12.html
INFO: [ app_init ] --START--
INFO: Run Behavior\BuildLiteBehavior [ RunTime:0.000000s ]
INFO: [ app_init ] --END-- [ RunTime:0.000976s ]
ERR: 无法加载模块:Vod-search-pg-235-starring-yuanyuan-classid-12.html

[ 2017-09-28T12:41:16+08:00 ] 180.153.234.145 /index.php?m=vod-play-id-2512-src-1-num-1.html
INFO: [ app_init ] --START--
INFO: Run Behavior\BuildLiteBehavior [ RunTime:0.000000s ]
INFO: [ app_init ] --END-- [ RunTime:0.000976s ]
ERR: 无法加载模块:Vod-play-id-2512-src-1-num-1.html

[ 2017-09-28T12:41:16+08:00 ] 180.153.236.59 /index.php?s=vod-play-id-1932-sid-0-pid-1.html
INFO: [ app_init ] --START--
INFO: Run Behavior\BuildLiteBehavior [ RunTime:0.000000s ]
INFO: [ app_init ] --END-- [ RunTime:0.000976s ]
ERR: 无法加载模块:Vod-play-id-1932-sid-0-pid-1

[ 2017-09-28T12:41:16+08:00 ] 180.153.236.19 /index.php?s=gb-show-id-480.html
INFO: [ app_init ] --START--
INFO: Run Behavior\BuildLiteBehavior [ RunTime:0.000000s ]
INFO: [ app_init ] --END-- [ RunTime:0.000977s ]
ERR: 无法加载模块:Gb-show-id-480

[ 2017-09-28T12:41:17+08:00 ] 180.153.234.145 /index.php?m=vod-list-id-2-pg-1-order--by--class-0-year-0-letter--area-%E6%B3%95%E5%9B%BD-lang-.html
INFO: [ app_init ] --START--
INFO: Run Behavior\BuildLiteBehavior [ RunTime:0.000000s ]
INFO: [ app_init ] --END-- [ RunTime:0.000977s ]
ERR: 无法加载模块:Vod-list-id-2-pg-1-order--by--class-0-year-0-letter--area-法国-lang-.html

[ 2017-09-28T12:41:18+08:00 ] 180.153.236.35 /index.php?m=vod-search-pg-235-starring-yuanyuan-classid-15.html
INFO: [ app_init ] --START--
INFO: Run Behavior\BuildLiteBehavior [ RunTime:0.000000s ]
INFO: [ app_init ] --END-- [ RunTime:0.000000s ]
ERR: 无法加载模块:Vod-search-pg-235-starring-yuanyuan-classid-15.html

[ 2017-09-28T12:41:18+08:00 ] 180.153.234.145 /index.php?s=gb-show-id-835.html
INFO: [ app_init ] --START--
INFO: Run Behavior\BuildLiteBehavior [ RunTime:0.000000s ]
INFO: [ app_init ] --END-- [ RunTime:0.000976s ]
ERR: 无法加载模块:Gb-show-id-835

[ 2017-09-28T12:41:18+08:00 ] 180.153.236.173 /index.php?s=vod-play-id-1800-sid-0-pid-1.html
INFO: [ app_init ] --START--
INFO: Run Behavior\BuildLiteBehavior [ RunTime:0.000000s ]
INFO: [ app_init ] --END-- [ RunTime:0.000976s ]
ERR: 无法加载模块:Vod-play-id-1800-sid-0-pid-1

[ 2017-09-28T12:41:19+08:00 ] 180.153.236.125 /index.php?m=vod-list-id-4-pg-1-order--by--class-0-year-2009-letter--area-%E6%B3%95%E5%9B%BD-lang-.html
INFO: [ app_init ] --START--
INFO: Run Behavior\BuildLiteBehavior [ RunTime:0.000000s ]
INFO: [ app_init ] --END-- [ RunTime:0.000000s ]
ERR: 无法加载模块:Vod-list-id-4-pg-1-order--by--class-0-year-2009-letter--area-法国-lang-.html

[ 2017-09-28T12:41:19+08:00 ] 180.153.236.11 /index.php?s=vod-play-id-1117-sid-0-pid-1.html
INFO: [ app_init ] --START--
INFO: Run Behavior\BuildLiteBehavior [ RunTime:0.000000s ]
INFO: [ app_init ] --END-- [ RunTime:0.000976s ]
ERR: 无法加载模块:Vod-play-id-1117-sid-0-pid-1

[ 2017-09-28T12:41:20+08:00 ] 180.153.236.19 /index.php?s=gb-show-id-848.html
INFO: [ app_init ] --START--
INFO: Run Behavior\BuildLiteBehavior [ RunTime:0.000000s ]
INFO: [ app_init ] --END-- [ RunTime:0.000976s ]
ERR: 无法加载模块:Gb-show-id-848

[ 2017-09-28T12:41:20+08:00 ] 180.153.236.133 /index.php?m=vod-list-id-2-pg-1-order--by--class-0-year-0-letter--area-%E6%96%B0%E5%8A%A0%E5%9D%A1-lang-.html
INFO: [ app_init ] --START--
INFO: Run Behavior\BuildLiteBehavior [ RunTime:0.000000s ]
INFO: [ app_init ] --END-- [ RunTime:0.000977s ]
ERR: 无法加载模块:Vod-list-id-2-pg-1-order--by--class-0-year-0-letter--area-新加坡-lang-.html

