[ 2017-08-26T04:08:39+08:00 ] 158.69.254.103 /index.php?s=vod-search-area-%E5%8A%A0%E6%8B%BF%E5%A4%A7.html
INFO: [ app_init ] --START--
INFO: Run Behavior\BuildLiteBehavior [ RunTime:0.000000s ]
INFO: [ app_init ] --END-- [ RunTime:0.000976s ]
ERR: 无法加载模块:Vod-search-area-加拿大

[ 2017-08-26T14:14:04+08:00 ] 42.236.99.178 /index.php?m=vod-search-pg-235-starring-yuanyuan-area-%E5%8F%B0%E6%B9%BE.html
INFO: [ app_init ] --START--
INFO: Run Behavior\BuildLiteBehavior [ RunTime:0.000000s ]
INFO: [ app_init ] --END-- [ RunTime:0.000977s ]
ERR: 无法加载模块:Vod-search-pg-235-starring-yuanyuan-area-台湾.html

[ 2017-08-26T14:14:05+08:00 ] 42.236.99.79 /index.php?m=vod-list-id-3-pg-1-order--by--class--year--letter--area-%E6%B3%95%E5%9B%BD-lang-.html
INFO: [ app_init ] --START--
INFO: Run Behavior\BuildLiteBehavior [ RunTime:0.000000s ]
INFO: [ app_init ] --END-- [ RunTime:0.000976s ]
ERR: 无法加载模块:Vod-list-id-3-pg-1-order--by--class--year--letter--area-法国-lang-.html

[ 2017-08-26T14:14:05+08:00 ] 42.236.99.65 /index.php?s=vod-play-id-1132-sid-0-pid-1.html
INFO: [ app_init ] --START--
INFO: Run Behavior\BuildLiteBehavior [ RunTime:0.000000s ]
INFO: [ app_init ] --END-- [ RunTime:0.000977s ]
ERR: 无法加载模块:Vod-play-id-1132-sid-0-pid-1

[ 2017-08-26T14:14:05+08:00 ] 42.236.101.234 /index.php?s=gb-show-id-1669.html
INFO: [ app_init ] --START--
INFO: Run Behavior\BuildLiteBehavior [ RunTime:0.000976s ]
INFO: [ app_init ] --END-- [ RunTime:0.000976s ]
ERR: 无法加载模块:Gb-show-id-1669

[ 2017-08-26T14:14:05+08:00 ] 42.236.99.194 /index.php?s=gb-show-id-449.html
INFO: [ app_init ] --START--
INFO: Run Behavior\BuildLiteBehavior [ RunTime:0.000000s ]
INFO: [ app_init ] --END-- [ RunTime:0.000000s ]
ERR: 无法加载模块:Gb-show-id-449

[ 2017-08-26T14:14:05+08:00 ] 42.236.99.230 /index.php?m=vod-play-id-840-src-1-num-1.html
INFO: [ app_init ] --START--
INFO: Run Behavior\BuildLiteBehavior [ RunTime:0.000000s ]
INFO: [ app_init ] --END-- [ RunTime:0.000977s ]
ERR: 无法加载模块:Vod-play-id-840-src-1-num-1.html

[ 2017-08-26T14:14:05+08:00 ] 42.236.12.170 /index.php?m=vod-list-id-2-pg-1-order--by--class-0-year--letter-E-area--lang-.html
INFO: [ app_init ] --START--
INFO: Run Behavior\BuildLiteBehavior [ RunTime:0.000000s ]
INFO: [ app_init ] --END-- [ RunTime:0.000976s ]
ERR: 无法加载模块:Vod-list-id-2-pg-1-order--by--class-0-year--letter-E-area--lang-.html

[ 2017-08-26T14:14:05+08:00 ] 42.236.99.194 /index.php?s=gb-show-p-382.html
INFO: [ app_init ] --START--
INFO: Run Behavior\BuildLiteBehavior [ RunTime:0.000000s ]
INFO: [ app_init ] --END-- [ RunTime:0.000976s ]
ERR: 无法加载模块:Gb-show-p-382

[ 2017-08-26T14:14:05+08:00 ] 42.236.99.194 /index.php?s=vod-play-id-460-sid-0-pid-1.html
INFO: [ app_init ] --START--
INFO: Run Behavior\BuildLiteBehavior [ RunTime:0.000000s ]
INFO: [ app_init ] --END-- [ RunTime:0.000977s ]
ERR: 无法加载模块:Vod-play-id-460-sid-0-pid-1

[ 2017-08-26T14:14:05+08:00 ] 42.236.99.194 /index.php?m=vod-list-id-2-pg-1-order--by--class-0-year--letter--area-%E6%B3%B0%E5%9B%BD-lang-.html
INFO: [ app_init ] --START--
INFO: Run Behavior\BuildLiteBehavior [ RunTime:0.000000s ]
INFO: [ app_init ] --END-- [ RunTime:0.000976s ]
ERR: 无法加载模块:Vod-list-id-2-pg-1-order--by--class-0-year--letter--area-泰国-lang-.html

[ 2017-08-26T14:14:05+08:00 ] 42.236.12.170 /index.php?s=gb-show-id-382.html
INFO: [ app_init ] --START--
INFO: Run Behavior\BuildLiteBehavior [ RunTime:0.000000s ]
INFO: [ app_init ] --END-- [ RunTime:0.000977s ]
ERR: 无法加载模块:Gb-show-id-382

[ 2017-08-26T14:14:05+08:00 ] 42.236.99.30 /index.php?m=vod-search-pg-235-starring-yuanyuan-area-%E6%96%B0%E5%8A%A0%E5%9D%A1.html
INFO: [ app_init ] --START--
INFO: Run Behavior\BuildLiteBehavior [ RunTime:0.000000s ]
INFO: [ app_init ] --END-- [ RunTime:0.000976s ]
ERR: 无法加载模块:Vod-search-pg-235-starring-yuanyuan-area-新加坡.html

[ 2017-08-26T14:14:05+08:00 ] 42.236.54.22 /index.php?m=vod-play-id-2336-src-1-num-1.html
INFO: [ app_init ] --START--
INFO: Run Behavior\BuildLiteBehavior [ RunTime:0.000000s ]
INFO: [ app_init ] --END-- [ RunTime:0.000000s ]
ERR: 无法加载模块:Vod-play-id-2336-src-1-num-1.html

[ 2017-08-26T14:14:06+08:00 ] 180.153.236.149 /index.php?m=vod-list-id-4-pg-1-order--by--class-0-year-2008-letter--area--lang-.html
INFO: [ app_init ] --START--
INFO: Run Behavior\BuildLiteBehavior [ RunTime:0.000000s ]
INFO: [ app_init ] --END-- [ RunTime:0.000977s ]
ERR: 无法加载模块:Vod-list-id-4-pg-1-order--by--class-0-year-2008-letter--area--lang-.html

[ 2017-08-26T14:14:12+08:00 ] 180.153.236.109 /index.php?m=vod-play-id-1804-src-1-num-1.html
INFO: [ app_init ] --START--
INFO: Run Behavior\BuildLiteBehavior [ RunTime:0.000000s ]
INFO: [ app_init ] --END-- [ RunTime:0.000977s ]
ERR: 无法加载模块:Vod-play-id-1804-src-1-num-1.html

