[ 2017-06-08T09:07:27+08:00 ] 42.236.99.154 /index.php?m=vod-play-id-1719-src-1-num-1.html
INFO: [ app_init ] --START--
INFO: Run Behavior\BuildLiteBehavior [ RunTime:0.000000s ]
INFO: [ app_init ] --END-- [ RunTime:0.000976s ]
ERR: 无法加载模块:Vod-play-id-1719-src-1-num-1.html

[ 2017-06-08T09:07:27+08:00 ] 42.236.10.82 /index.php?m=vod-play-id-97-src-1-num-1.html
INFO: [ app_init ] --START--
INFO: Run Behavior\BuildLiteBehavior [ RunTime:0.000000s ]
INFO: [ app_init ] --END-- [ RunTime:0.000976s ]
ERR: 无法加载模块:Vod-play-id-97-src-1-num-1.html

[ 2017-06-08T09:07:27+08:00 ] 180.153.236.19 /index.php?m=vod-play-id-46-src-1-num-1.html
INFO: [ app_init ] --START--
INFO: Run Behavior\BuildLiteBehavior [ RunTime:0.000000s ]
INFO: [ app_init ] --END-- [ RunTime:0.000000s ]
ERR: 无法加载模块:Vod-play-id-46-src-1-num-1.html

[ 2017-06-08T09:07:27+08:00 ] 42.236.10.102 /index.php?s=vod-play-id-740-sid-0-pid-1.html
INFO: [ app_init ] --START--
INFO: Run Behavior\BuildLiteBehavior [ RunTime:0.000000s ]
INFO: [ app_init ] --END-- [ RunTime:0.000000s ]
ERR: 无法加载模块:Vod-play-id-740-sid-0-pid-1

[ 2017-06-08T09:07:27+08:00 ] 42.236.103.66 /index.php?m=vod-play-id-491-src-1-num-1.html
INFO: [ app_init ] --START--
INFO: Run Behavior\BuildLiteBehavior [ RunTime:0.000000s ]
INFO: [ app_init ] --END-- [ RunTime:0.000000s ]
ERR: 无法加载模块:Vod-play-id-491-src-1-num-1.html

[ 2017-06-08T09:07:27+08:00 ] 180.153.236.19 /index.php?m=vod-list-id-2-pg-1-order--by-score-class--year--letter--area--lang-.html
INFO: [ app_init ] --START--
INFO: Run Behavior\BuildLiteBehavior [ RunTime:0.000000s ]
INFO: [ app_init ] --END-- [ RunTime:0.000976s ]
ERR: 无法加载模块:Vod-list-id-2-pg-1-order--by-score-class--year--letter--area--lang-.html

[ 2017-06-08T09:07:28+08:00 ] 180.153.236.109 /index.php?s=gb-show-id-200.html
INFO: [ app_init ] --START--
INFO: Run Behavior\BuildLiteBehavior [ RunTime:0.000000s ]
INFO: [ app_init ] --END-- [ RunTime:0.000000s ]
ERR: 无法加载模块:Gb-show-id-200

[ 2017-06-08T09:07:28+08:00 ] 42.236.54.2 /index.php?m=vod-play-id-2275-src-1-num-1.html
INFO: [ app_init ] --START--
INFO: Run Behavior\BuildLiteBehavior [ RunTime:0.000000s ]
INFO: [ app_init ] --END-- [ RunTime:0.000976s ]
ERR: 无法加载模块:Vod-play-id-2275-src-1-num-1.html

[ 2017-06-08T09:07:28+08:00 ] 42.236.10.82 /index.php?s=vod-play-id-834-sid-0-pid-1.html
INFO: [ app_init ] --START--
INFO: Run Behavior\BuildLiteBehavior [ RunTime:0.000000s ]
INFO: [ app_init ] --END-- [ RunTime:0.000977s ]
ERR: 无法加载模块:Vod-play-id-834-sid-0-pid-1

[ 2017-06-08T09:07:28+08:00 ] 42.236.99.230 /index.php?m=vod-play-id-1999-src-1-num-1.html
INFO: [ app_init ] --START--
INFO: Run Behavior\BuildLiteBehavior [ RunTime:0.000000s ]
INFO: [ app_init ] --END-- [ RunTime:0.000976s ]
ERR: 无法加载模块:Vod-play-id-1999-src-1-num-1.html

[ 2017-06-08T09:07:28+08:00 ] 42.236.10.103 /index.php?m=vod-search-pg-2-starring-yuanyuan-letter-K.html
INFO: [ app_init ] --START--
INFO: Run Behavior\BuildLiteBehavior [ RunTime:0.000000s ]
INFO: [ app_init ] --END-- [ RunTime:0.000977s ]
ERR: 无法加载模块:Vod-search-pg-2-starring-yuanyuan-letter-K.html

[ 2017-06-08T09:07:28+08:00 ] 42.236.12.130 /index.php?s=vod-play-id-321-sid-0-pid-1.html
INFO: [ app_init ] --START--
INFO: Run Behavior\BuildLiteBehavior [ RunTime:0.000000s ]
INFO: [ app_init ] --END-- [ RunTime:0.000977s ]
ERR: 无法加载模块:Vod-play-id-321-sid-0-pid-1

[ 2017-06-08T09:07:28+08:00 ] 42.236.10.78 /index.php?s=gb-show-p-1955.html
INFO: [ app_init ] --START--
INFO: Run Behavior\BuildLiteBehavior [ RunTime:0.000000s ]
INFO: [ app_init ] --END-- [ RunTime:0.000976s ]
ERR: 无法加载模块:Gb-show-p-1955

[ 2017-06-08T09:07:28+08:00 ] 42.236.12.130 /index.php?s=vod-play-id-136-sid-0-pid-1.html
INFO: [ app_init ] --START--
INFO: Run Behavior\BuildLiteBehavior [ RunTime:0.000000s ]
INFO: [ app_init ] --END-- [ RunTime:0.000977s ]
ERR: 无法加载模块:Vod-play-id-136-sid-0-pid-1

[ 2017-06-08T09:07:28+08:00 ] 42.236.10.114 /index.php?m=vod-list-id-7-pg-1-order--by--class--year--letter-Z-area--lang-.html
INFO: [ app_init ] --START--
INFO: Run Behavior\BuildLiteBehavior [ RunTime:0.000000s ]
INFO: [ app_init ] --END-- [ RunTime:0.000976s ]
ERR: 无法加载模块:Vod-list-id-7-pg-1-order--by--class--year--letter-Z-area--lang-.html

[ 2017-06-08T09:07:29+08:00 ] 180.153.236.133 /index.php?m=vod-list-id-4-pg-1-order--by--class-0-year-2005-letter-Q-area-%E5%8D%B0%E5%BA%A6-lang-.html
INFO: [ app_init ] --START--
INFO: Run Behavior\BuildLiteBehavior [ RunTime:0.000000s ]
INFO: [ app_init ] --END-- [ RunTime:0.000976s ]
ERR: 无法加载模块:Vod-list-id-4-pg-1-order--by--class-0-year-2005-letter-Q-area-印度-lang-.html

[ 2017-06-08T09:07:29+08:00 ] 180.153.236.19 /index.php?s=gb-show-id-1756.html
INFO: [ app_init ] --START--
INFO: Run Behavior\BuildLiteBehavior [ RunTime:0.000000s ]
INFO: [ app_init ] --END-- [ RunTime:0.000000s ]
ERR: 无法加载模块:Gb-show-id-1756

[ 2017-06-08T09:07:32+08:00 ] 180.153.236.67 /index.php?m=vod-list-id-1-pg-1-order--by-time-class-3-year-0-letter--area--lang-.html
INFO: [ app_init ] --START--
INFO: Run Behavior\BuildLiteBehavior [ RunTime:0.000000s ]
INFO: [ app_init ] --END-- [ RunTime:0.000976s ]
ERR: 无法加载模块:Vod-list-id-1-pg-1-order--by-time-class-3-year-0-letter--area--lang-.html

[ 2017-06-08T14:13:38+08:00 ] 69.30.211.2 /index.php?s=vod-search-area-%E5%8A%A0%E6%8B%BF%E5%A4%A7.html
INFO: [ app_init ] --START--
INFO: Run Behavior\BuildLiteBehavior [ RunTime:0.000000s ]
INFO: [ app_init ] --END-- [ RunTime:0.000977s ]
ERR: 无法加载模块:Vod-search-area-加拿大

