[ 2017-07-22T03:33:49+08:00 ] 42.236.12.130 /index.php?s=vod-play-id-515-sid-0-pid-1.html
INFO: [ app_init ] --START--
INFO: Run Behavior\BuildLiteBehavior [ RunTime:0.000000s ]
INFO: [ app_init ] --END-- [ RunTime:0.000977s ]
ERR: 无法加载模块:Vod-play-id-515-sid-0-pid-1

[ 2017-07-22T03:33:49+08:00 ] 42.236.10.115 /index.php?m=vod-list-id-2-pg-1-order--by--class-17-year-0-letter-L-area-%E6%96%B0%E5%8A%A0%E5%9D%A1-lang-.html
INFO: [ app_init ] --START--
INFO: Run Behavior\BuildLiteBehavior [ RunTime:0.000000s ]
INFO: [ app_init ] --END-- [ RunTime:0.000000s ]
ERR: 无法加载模块:Vod-list-id-2-pg-1-order--by--class-17-year-0-letter-L-area-新加坡-lang-.html

[ 2017-07-22T03:33:49+08:00 ] 42.236.99.51 /index.php?s=vod-play-id-1038-sid-0-pid-1.html
INFO: [ app_init ] --START--
INFO: Run Behavior\BuildLiteBehavior [ RunTime:0.000000s ]
INFO: [ app_init ] --END-- [ RunTime:0.000976s ]
ERR: 无法加载模块:Vod-play-id-1038-sid-0-pid-1

[ 2017-07-22T03:33:49+08:00 ] 42.236.99.130 /index.php?s=gb-show-id-724.html
INFO: [ app_init ] --START--
INFO: Run Behavior\BuildLiteBehavior [ RunTime:0.000000s ]
INFO: [ app_init ] --END-- [ RunTime:0.000000s ]
ERR: 无法加载模块:Gb-show-id-724

[ 2017-07-22T03:33:49+08:00 ] 42.236.10.78 /index.php?s=gb-show-id-1968.html
INFO: [ app_init ] --START--
INFO: Run Behavior\BuildLiteBehavior [ RunTime:0.000000s ]
INFO: [ app_init ] --END-- [ RunTime:0.000977s ]
ERR: 无法加载模块:Gb-show-id-1968

[ 2017-07-22T03:33:50+08:00 ] 42.236.99.230 /index.php?m=vod-search-pg-238-starring-yuanyuan-classid-47.html
INFO: [ app_init ] --START--
INFO: Run Behavior\BuildLiteBehavior [ RunTime:0.000000s ]
INFO: [ app_init ] --END-- [ RunTime:0.000976s ]
ERR: 无法加载模块:Vod-search-pg-238-starring-yuanyuan-classid-47.html

[ 2017-07-22T03:33:50+08:00 ] 180.153.236.59 /index.php?s=vod-play-id-1760-sid-0-pid-1.html
INFO: [ app_init ] --START--
INFO: Run Behavior\BuildLiteBehavior [ RunTime:0.000000s ]
INFO: [ app_init ] --END-- [ RunTime:0.000000s ]
ERR: 无法加载模块:Vod-play-id-1760-sid-0-pid-1

[ 2017-07-22T03:33:50+08:00 ] 42.236.102.23 /index.php?m=vod-play-id-2110-src-1-num-1.html
INFO: [ app_init ] --START--
INFO: Run Behavior\BuildLiteBehavior [ RunTime:0.000000s ]
INFO: [ app_init ] --END-- [ RunTime:0.000000s ]
ERR: 无法加载模块:Vod-play-id-2110-src-1-num-1.html

[ 2017-07-22T03:33:50+08:00 ] 42.236.10.74 /index.php?m=vod-list-id-5-pg-1-order--by--class-0-year-0-letter-G-area-%E5%8F%B0%E6%B9%BE-lang-.html
INFO: [ app_init ] --START--
INFO: Run Behavior\BuildLiteBehavior [ RunTime:0.000000s ]
INFO: [ app_init ] --END-- [ RunTime:0.000000s ]
ERR: 无法加载模块:Vod-list-id-5-pg-1-order--by--class-0-year-0-letter-G-area-台湾-lang-.html

[ 2017-07-22T03:33:50+08:00 ] 42.236.10.114 /index.php?s=gb-show-id-484.html
INFO: [ app_init ] --START--
INFO: Run Behavior\BuildLiteBehavior [ RunTime:0.000000s ]
INFO: [ app_init ] --END-- [ RunTime:0.000000s ]
ERR: 无法加载模块:Gb-show-id-484

[ 2017-07-22T03:34:05+08:00 ] 180.153.236.19 /index.php?m=vod-play-id-2425-src-1-num-1.html
INFO: [ app_init ] --START--
INFO: Run Behavior\BuildLiteBehavior [ RunTime:0.000000s ]
INFO: [ app_init ] --END-- [ RunTime:0.000977s ]
ERR: 无法加载模块:Vod-play-id-2425-src-1-num-1.html

[ 2017-07-22T05:25:32+08:00 ] 46.4.88.247 /index.php?s=vod-search-area-%E5%8A%A0%E6%8B%BF%E5%A4%A7.html
INFO: [ app_init ] --START--
INFO: Run Behavior\BuildLiteBehavior [ RunTime:0.000000s ]
INFO: [ app_init ] --END-- [ RunTime:0.000977s ]
ERR: 无法加载模块:Vod-search-area-加拿大

