[ 2017-05-31T13:33:15+08:00 ] 42.236.99.30 /index.php?m=vod-play-id-2288-src-1-num-1.html
INFO: [ app_init ] --START--
INFO: Run Behavior\BuildLiteBehavior [ RunTime:0.000000s ]
INFO: [ app_init ] --END-- [ RunTime:0.001953s ]
ERR: 无法加载模块:Vod-play-id-2288-src-1-num-1.html

[ 2017-05-31T13:33:15+08:00 ] 42.236.99.16 /index.php?m=vod-play-id-1722-src-1-num-1.html
INFO: [ app_init ] --START--
INFO: Run Behavior\BuildLiteBehavior [ RunTime:0.000000s ]
INFO: [ app_init ] --END-- [ RunTime:0.000977s ]
ERR: 无法加载模块:Vod-play-id-1722-src-1-num-1.html

[ 2017-05-31T13:33:15+08:00 ] 180.153.236.189 /index.php?m=vod-play-id-6-src-1-num-1.html
INFO: [ app_init ] --START--
INFO: Run Behavior\BuildLiteBehavior [ RunTime:0.000000s ]
INFO: [ app_init ] --END-- [ RunTime:0.000976s ]
ERR: 无法加载模块:Vod-play-id-6-src-1-num-1.html

[ 2017-05-31T13:33:15+08:00 ] 42.236.102.23 /index.php?m=vod-play-id-906-src-1-num-1.html
INFO: [ app_init ] --START--
INFO: Run Behavior\BuildLiteBehavior [ RunTime:0.000000s ]
INFO: [ app_init ] --END-- [ RunTime:0.000976s ]
ERR: 无法加载模块:Vod-play-id-906-src-1-num-1.html

[ 2017-05-31T13:33:16+08:00 ] 42.236.54.2 /index.php?m=vod-list-id-1-pg-1-order--by-time-class-11-year-2003-letter--area--lang-.html
INFO: [ app_init ] --START--
INFO: Run Behavior\BuildLiteBehavior [ RunTime:0.000000s ]
INFO: [ app_init ] --END-- [ RunTime:0.000000s ]
ERR: 无法加载模块:Vod-list-id-1-pg-1-order--by-time-class-11-year-2003-letter--area--lang-.html

[ 2017-05-31T13:33:16+08:00 ] 42.236.10.72 /index.php?s=vod-play-id-300-sid-0-pid-1.html
INFO: [ app_init ] --START--
INFO: Run Behavior\BuildLiteBehavior [ RunTime:0.000000s ]
INFO: [ app_init ] --END-- [ RunTime:0.000000s ]
ERR: 无法加载模块:Vod-play-id-300-sid-0-pid-1

[ 2017-05-31T13:33:16+08:00 ] 42.236.99.154 /index.php?s=vod-play-id-1391-sid-0-pid-1.html
INFO: [ app_init ] --START--
INFO: Run Behavior\BuildLiteBehavior [ RunTime:0.000000s ]
INFO: [ app_init ] --END-- [ RunTime:0.000976s ]
ERR: 无法加载模块:Vod-play-id-1391-sid-0-pid-1

[ 2017-05-31T13:33:16+08:00 ] 42.236.10.75 /index.php?m=vod-play-id-1970-src-1-num-1.html
INFO: [ app_init ] --START--
INFO: Run Behavior\BuildLiteBehavior [ RunTime:0.000000s ]
INFO: [ app_init ] --END-- [ RunTime:0.000000s ]
ERR: 无法加载模块:Vod-play-id-1970-src-1-num-1.html

[ 2017-05-31T13:33:16+08:00 ] 42.236.12.170 /index.php?m=vod-play-id-1979-src-1-num-1.html
INFO: [ app_init ] --START--
INFO: Run Behavior\BuildLiteBehavior [ RunTime:0.000000s ]
INFO: [ app_init ] --END-- [ RunTime:0.000976s ]
ERR: 无法加载模块:Vod-play-id-1979-src-1-num-1.html

[ 2017-05-31T13:33:16+08:00 ] 42.236.99.230 /index.php?m=vod-play-id-2267-src-1-num-1.html
INFO: [ app_init ] --START--
INFO: Run Behavior\BuildLiteBehavior [ RunTime:0.000000s ]
INFO: [ app_init ] --END-- [ RunTime:0.000976s ]
ERR: 无法加载模块:Vod-play-id-2267-src-1-num-1.html

[ 2017-05-31T13:33:16+08:00 ] 42.236.101.234 /index.php?s=gb-show-id-1697.html
INFO: [ app_init ] --START--
INFO: Run Behavior\BuildLiteBehavior [ RunTime:0.000000s ]
INFO: [ app_init ] --END-- [ RunTime:0.000976s ]
ERR: 无法加载模块:Gb-show-id-1697

[ 2017-05-31T13:33:16+08:00 ] 42.236.99.30 /index.php?m=vod-list-id-4-pg-1-order--by--class-0-year-2005-letter-Q-area-%E5%8D%B0%E5%BA%A6-lang-.html
INFO: [ app_init ] --START--
INFO: Run Behavior\BuildLiteBehavior [ RunTime:0.000000s ]
INFO: [ app_init ] --END-- [ RunTime:0.000000s ]
ERR: 无法加载模块:Vod-list-id-4-pg-1-order--by--class-0-year-2005-letter-Q-area-印度-lang-.html

[ 2017-05-31T13:33:17+08:00 ] 42.236.46.85 /index.php?s=gb-show-p-2387.html
INFO: [ app_init ] --START--
INFO: Run Behavior\BuildLiteBehavior [ RunTime:0.000000s ]
INFO: [ app_init ] --END-- [ RunTime:0.000000s ]
ERR: 无法加载模块:Gb-show-p-2387

[ 2017-05-31T13:33:35+08:00 ] 180.153.236.59 /index.php?m=vod-search-pg-2-starring-yuanyuan-letter-G.html
INFO: [ app_init ] --START--
INFO: Run Behavior\BuildLiteBehavior [ RunTime:0.000000s ]
INFO: [ app_init ] --END-- [ RunTime:0.000977s ]
ERR: 无法加载模块:Vod-search-pg-2-starring-yuanyuan-letter-G.html

[ 2017-05-31T13:33:36+08:00 ] 180.153.236.67 /index.php?m=vod-play-id-154-src-1-num-1.html
INFO: [ app_init ] --START--
INFO: Run Behavior\BuildLiteBehavior [ RunTime:0.000000s ]
INFO: [ app_init ] --END-- [ RunTime:0.000976s ]
ERR: 无法加载模块:Vod-play-id-154-src-1-num-1.html

