[ 2017-05-10T02:56:24+08:00 ] 42.236.10.113 /index.php?m=vod-play-id-885-src-1-num-1.html
INFO: [ app_init ] --START--
INFO: Run Behavior\BuildLiteBehavior [ RunTime:0.000000s ]
INFO: [ app_init ] --END-- [ RunTime:0.000977s ]
ERR: 无法加载模块:Vod-play-id-885-src-1-num-1.html

[ 2017-05-10T02:56:26+08:00 ] 180.153.236.149 /index.php?m=vod-list-id-5-pg-1-order--by--class--year--letter--area-%E9%A9%AC%E6%9D%A5%E8%A5%BF%E4%BA%9A-lang-.html
INFO: [ app_init ] --START--
INFO: Run Behavior\BuildLiteBehavior [ RunTime:0.000000s ]
INFO: [ app_init ] --END-- [ RunTime:0.001953s ]
ERR: 无法加载模块:Vod-list-id-5-pg-1-order--by--class--year--letter--area-马来西亚-lang-.html

[ 2017-05-10T02:56:27+08:00 ] 42.236.10.71 /index.php?m=vod-list-id-7-pg-1-order--by--class--year-2011-letter--area--lang-.html
INFO: [ app_init ] --START--
INFO: Run Behavior\BuildLiteBehavior [ RunTime:0.000000s ]
INFO: [ app_init ] --END-- [ RunTime:0.000977s ]
ERR: 无法加载模块:Vod-list-id-7-pg-1-order--by--class--year-2011-letter--area--lang-.html

[ 2017-05-10T02:56:28+08:00 ] 42.236.99.194 /index.php?m=vod-search-pg-2-starring-yuanyuan-letter-A.html
INFO: [ app_init ] --START--
INFO: Run Behavior\BuildLiteBehavior [ RunTime:0.000000s ]
INFO: [ app_init ] --END-- [ RunTime:0.000977s ]
ERR: 无法加载模块:Vod-search-pg-2-starring-yuanyuan-letter-A.html

[ 2017-05-10T02:56:28+08:00 ] 42.236.99.72 /index.php?s=vod-play-id-802-sid-0-pid-1.html
INFO: [ app_init ] --START--
INFO: Run Behavior\BuildLiteBehavior [ RunTime:0.000000s ]
INFO: [ app_init ] --END-- [ RunTime:0.000977s ]
ERR: 无法加载模块:Vod-play-id-802-sid-0-pid-1

[ 2017-05-10T02:56:29+08:00 ] 42.236.99.206 /index.php?m=vod-play-id-1582-src-1-num-1.html
INFO: [ app_init ] --START--
INFO: Run Behavior\BuildLiteBehavior [ RunTime:0.000000s ]
INFO: [ app_init ] --END-- [ RunTime:0.000976s ]
ERR: 无法加载模块:Vod-play-id-1582-src-1-num-1.html

[ 2017-05-10T02:56:29+08:00 ] 42.236.99.65 /index.php?s=vod-play-id-683-sid-0-pid-1.html
INFO: [ app_init ] --START--
INFO: Run Behavior\BuildLiteBehavior [ RunTime:0.000000s ]
INFO: [ app_init ] --END-- [ RunTime:0.000977s ]
ERR: 无法加载模块:Vod-play-id-683-sid-0-pid-1

[ 2017-05-10T02:56:30+08:00 ] 42.236.99.206 /index.php?s=gb-show-id-1614.html
INFO: [ app_init ] --START--
INFO: Run Behavior\BuildLiteBehavior [ RunTime:0.000000s ]
INFO: [ app_init ] --END-- [ RunTime:0.001953s ]
ERR: 无法加载模块:Gb-show-id-1614

[ 2017-05-10T02:56:31+08:00 ] 180.153.236.59 /index.php?s=vod-play-id-303-sid-0-pid-1.html
INFO: [ app_init ] --START--
INFO: Run Behavior\BuildLiteBehavior [ RunTime:0.000000s ]
INFO: [ app_init ] --END-- [ RunTime:0.001953s ]
ERR: 无法加载模块:Vod-play-id-303-sid-0-pid-1

[ 2017-05-10T02:56:31+08:00 ] 42.236.10.81 /index.php?m=vod-list-id-5-pg-1-order--by--class--year--letter--area-%E8%A5%BF%E7%8F%AD%E7%89%99-lang-.html
INFO: [ app_init ] --START--
INFO: Run Behavior\BuildLiteBehavior [ RunTime:0.000000s ]
INFO: [ app_init ] --END-- [ RunTime:0.000976s ]
ERR: 无法加载模块:Vod-list-id-5-pg-1-order--by--class--year--letter--area-西班牙-lang-.html

[ 2017-05-10T02:56:32+08:00 ] 42.236.99.206 /index.php?m=vod-list-id-4-pg-1-order--by--class-0-year-2005-letter--area--lang-.html
INFO: [ app_init ] --START--
INFO: Run Behavior\BuildLiteBehavior [ RunTime:0.000000s ]
INFO: [ app_init ] --END-- [ RunTime:0.001953s ]
ERR: 无法加载模块:Vod-list-id-4-pg-1-order--by--class-0-year-2005-letter--area--lang-.html

[ 2017-05-10T02:56:33+08:00 ] 42.236.10.113 /index.php?s=vod-play-id-1384-sid-0-pid-1.html
INFO: [ app_init ] --START--
INFO: Run Behavior\BuildLiteBehavior [ RunTime:0.000000s ]
INFO: [ app_init ] --END-- [ RunTime:0.000977s ]
ERR: 无法加载模块:Vod-play-id-1384-sid-0-pid-1

[ 2017-05-10T02:56:34+08:00 ] 180.153.236.125 /index.php?m=vod-list-id-1-pg-1-order--by-time-class-0-year-0-letter-H-area--lang-.html
INFO: [ app_init ] --START--
INFO: Run Behavior\BuildLiteBehavior [ RunTime:0.000000s ]
INFO: [ app_init ] --END-- [ RunTime:0.001954s ]
ERR: 无法加载模块:Vod-list-id-1-pg-1-order--by-time-class-0-year-0-letter-H-area--lang-.html

[ 2017-05-10T02:56:34+08:00 ] 42.236.99.16 /index.php?m=vod-play-id-1209-src-1-num-1.html
INFO: [ app_init ] --START--
INFO: Run Behavior\BuildLiteBehavior [ RunTime:0.000000s ]
INFO: [ app_init ] --END-- [ RunTime:0.001953s ]
ERR: 无法加载模块:Vod-play-id-1209-src-1-num-1.html

[ 2017-05-10T02:56:35+08:00 ] 42.236.99.194 /index.php?m=vod-play-id-2040-src-1-num-1.html
INFO: [ app_init ] --START--
INFO: Run Behavior\BuildLiteBehavior [ RunTime:0.000000s ]
INFO: [ app_init ] --END-- [ RunTime:0.000977s ]
ERR: 无法加载模块:Vod-play-id-2040-src-1-num-1.html

[ 2017-05-10T02:56:35+08:00 ] 42.236.99.242 /index.php?m=vod-play-id-431-src-1-num-1.html
INFO: [ app_init ] --START--
INFO: Run Behavior\BuildLiteBehavior [ RunTime:0.000000s ]
INFO: [ app_init ] --END-- [ RunTime:0.000977s ]
ERR: 无法加载模块:Vod-play-id-431-src-1-num-1.html

[ 2017-05-10T03:12:50+08:00 ] 93.209.15.233 /index.php?m=vod-list-id-0-pg-1-order--by--class-0-year-0-letter--area-%E4%BF%84%E7%BD%97%E6%96%AF-lang-.html
INFO: [ app_init ] --START--
INFO: Run Behavior\BuildLiteBehavior [ RunTime:0.000000s ]
INFO: [ app_init ] --END-- [ RunTime:0.000977s ]
ERR: 无法加载模块:Vod-list-id-0-pg-1-order--by--class-0-year-0-letter--area-俄罗斯-lang-.html

[ 2017-05-10T07:26:24+08:00 ] 66.249.66.121 /index.php?s=vod-play-id-1700-sid-0-pid-1.html
INFO: [ app_init ] --START--
INFO: Run Behavior\BuildLiteBehavior [ RunTime:0.000000s ]
INFO: [ app_init ] --END-- [ RunTime:0.000977s ]
ERR: 无法加载模块:Vod-play-id-1700-sid-0-pid-1

