[ 2017-07-03T02:32:40+08:00 ] 42.236.10.114 /index.php?m=vod-play-id-2213-src-1-num-1.html
INFO: [ app_init ] --START--
INFO: Run Behavior\BuildLiteBehavior [ RunTime:0.000000s ]
INFO: [ app_init ] --END-- [ RunTime:0.000000s ]
ERR: 无法加载模块:Vod-play-id-2213-src-1-num-1.html

[ 2017-07-03T02:32:40+08:00 ] 42.236.10.114 /index.php?m=vod-play-id-942-src-1-num-1.html
INFO: [ app_init ] --START--
INFO: Run Behavior\BuildLiteBehavior [ RunTime:0.000976s ]
INFO: [ app_init ] --END-- [ RunTime:0.000976s ]
ERR: 无法加载模块:Vod-play-id-942-src-1-num-1.html

[ 2017-07-03T02:32:40+08:00 ] 42.236.99.30 /index.php?s=vod-play-id-1264-sid-0-pid-1.html
INFO: [ app_init ] --START--
INFO: Run Behavior\BuildLiteBehavior [ RunTime:0.000000s ]
INFO: [ app_init ] --END-- [ RunTime:0.000976s ]
ERR: 无法加载模块:Vod-play-id-1264-sid-0-pid-1

[ 2017-07-03T02:32:40+08:00 ] 42.236.99.30 /index.php?s=gb-show-id-330.html
INFO: [ app_init ] --START--
INFO: Run Behavior\BuildLiteBehavior [ RunTime:0.000000s ]
INFO: [ app_init ] --END-- [ RunTime:0.000977s ]
ERR: 无法加载模块:Gb-show-id-330

[ 2017-07-03T02:32:40+08:00 ] 42.236.99.154 /index.php?m=vod-play-id-581-src-1-num-1.html
INFO: [ app_init ] --START--
INFO: Run Behavior\BuildLiteBehavior [ RunTime:0.000000s ]
INFO: [ app_init ] --END-- [ RunTime:0.000977s ]
ERR: 无法加载模块:Vod-play-id-581-src-1-num-1.html

[ 2017-07-03T02:32:40+08:00 ] 42.236.10.78 /index.php?m=vod-search-pg-238-starring-yuanyuan-classid-33.html
INFO: [ app_init ] --START--
INFO: Run Behavior\BuildLiteBehavior [ RunTime:0.000000s ]
INFO: [ app_init ] --END-- [ RunTime:0.000000s ]
ERR: 无法加载模块:Vod-search-pg-238-starring-yuanyuan-classid-33.html

[ 2017-07-03T02:32:40+08:00 ] 180.153.236.101 /index.php?m=vod-list-id-5-pg-1-order--by--class-0-year-0-letter-E-area-%E5%A4%A7%E9%99%86-lang-.html
INFO: [ app_init ] --START--
INFO: Run Behavior\BuildLiteBehavior [ RunTime:0.000000s ]
INFO: [ app_init ] --END-- [ RunTime:0.000000s ]
ERR: 无法加载模块:Vod-list-id-5-pg-1-order--by--class-0-year-0-letter-E-area-大陆-lang-.html

[ 2017-07-03T02:32:40+08:00 ] 42.236.99.30 /index.php?s=gb-show-id-1821.html
INFO: [ app_init ] --START--
INFO: Run Behavior\BuildLiteBehavior [ RunTime:0.000000s ]
INFO: [ app_init ] --END-- [ RunTime:0.000977s ]
ERR: 无法加载模块:Gb-show-id-1821

[ 2017-07-03T02:32:41+08:00 ] 42.236.10.114 /index.php?s=gb-show-id-1502.html
INFO: [ app_init ] --START--
INFO: Run Behavior\BuildLiteBehavior [ RunTime:0.000000s ]
INFO: [ app_init ] --END-- [ RunTime:0.000000s ]
ERR: 无法加载模块:Gb-show-id-1502

[ 2017-07-03T02:32:41+08:00 ] 42.236.54.62 /index.php?m=vod-list-id-2-pg-1-order--by--class-16-year-2011-letter-X-area-%E9%A9%AC%E6%9D%A5%E8%A5%BF%E4%BA%9A-lang-.html
INFO: [ app_init ] --START--
INFO: Run Behavior\BuildLiteBehavior [ RunTime:0.000000s ]
INFO: [ app_init ] --END-- [ RunTime:0.000000s ]
ERR: 无法加载模块:Vod-list-id-2-pg-1-order--by--class-16-year-2011-letter-X-area-马来西亚-lang-.html

[ 2017-07-03T02:32:41+08:00 ] 42.236.46.85 /index.php?m=vod-play-id-1687-src-1-num-1.html
INFO: [ app_init ] --START--
INFO: Run Behavior\BuildLiteBehavior [ RunTime:0.000000s ]
INFO: [ app_init ] --END-- [ RunTime:0.000000s ]
ERR: 无法加载模块:Vod-play-id-1687-src-1-num-1.html

