[ 2017-04-11T00:12:22+08:00 ] 66.249.64.191 /index.php?s=gb-show-id-2223.html
INFO: [ app_init ] --START--
INFO: Run Behavior\BuildLiteBehavior [ RunTime:0.000024s ]
INFO: [ app_init ] --END-- [ RunTime:0.000383s ]
ERR: 无法加载模块:Gb-show-id-2223

[ 2017-04-11T01:48:51+08:00 ] 66.249.64.191 /index.php?s=gb-show-p-5927.html
INFO: [ app_init ] --START--
INFO: Run Behavior\BuildLiteBehavior [ RunTime:0.000018s ]
INFO: [ app_init ] --END-- [ RunTime:0.000356s ]
ERR: 无法加载模块:Gb-show-p-5927

[ 2017-04-11T11:49:24+08:00 ] 42.236.99.72 /index.php?s=vod-play-id-407-sid-0-pid-1.html
INFO: [ app_init ] --START--
INFO: Run Behavior\BuildLiteBehavior [ RunTime:0.000026s ]
INFO: [ app_init ] --END-- [ RunTime:0.000444s ]
ERR: 无法加载模块:Vod-play-id-407-sid-0-pid-1

[ 2017-04-11T11:49:24+08:00 ] 42.236.99.154 /index.php?m=vod-play-id-88-src-1-num-1.html
INFO: [ app_init ] --START--
INFO: Run Behavior\BuildLiteBehavior [ RunTime:0.000014s ]
INFO: [ app_init ] --END-- [ RunTime:0.000328s ]
ERR: 无法加载模块:Vod-play-id-88-src-1-num-1.html

[ 2017-04-11T11:49:24+08:00 ] 180.153.236.149 /index.php?m=vod-search-pg-2-starring-yuanyuan-classid-48.html
INFO: [ app_init ] --START--
INFO: Run Behavior\BuildLiteBehavior [ RunTime:0.000016s ]
INFO: [ app_init ] --END-- [ RunTime:0.000418s ]
ERR: 无法加载模块:Vod-search-pg-2-starring-yuanyuan-classid-48.html

[ 2017-04-11T11:49:27+08:00 ] 42.236.99.242 /index.php?m=vod-play-id-1606-src-1-num-1.html
INFO: [ app_init ] --START--
INFO: Run Behavior\BuildLiteBehavior [ RunTime:0.000018s ]
INFO: [ app_init ] --END-- [ RunTime:0.000488s ]
ERR: 无法加载模块:Vod-play-id-1606-src-1-num-1.html

[ 2017-04-11T11:49:27+08:00 ] 42.236.99.79 /index.php?s=gb-show-id-547.html
INFO: [ app_init ] --START--
INFO: Run Behavior\BuildLiteBehavior [ RunTime:0.000014s ]
INFO: [ app_init ] --END-- [ RunTime:0.000339s ]
ERR: 无法加载模块:Gb-show-id-547

[ 2017-04-11T11:49:28+08:00 ] 42.236.99.86 /index.php?m=vod-play-id-2394-src-1-num-1.html
INFO: [ app_init ] --START--
INFO: Run Behavior\BuildLiteBehavior [ RunTime:0.000012s ]
INFO: [ app_init ] --END-- [ RunTime:0.000319s ]
ERR: 无法加载模块:Vod-play-id-2394-src-1-num-1.html

[ 2017-04-11T11:49:35+08:00 ] 42.236.10.74 /index.php?m=vod-play-id-708-src-1-num-1.html
INFO: [ app_init ] --START--
INFO: Run Behavior\BuildLiteBehavior [ RunTime:0.000013s ]
INFO: [ app_init ] --END-- [ RunTime:0.000282s ]
ERR: 无法加载模块:Vod-play-id-708-src-1-num-1.html

[ 2017-04-11T11:49:36+08:00 ] 42.236.10.104 /index.php?m=vod-list-id-1-pg-1-order--by-score-class-14-year-2001-letter--area--lang-.html
INFO: [ app_init ] --START--
INFO: Run Behavior\BuildLiteBehavior [ RunTime:0.000017s ]
INFO: [ app_init ] --END-- [ RunTime:0.000296s ]
ERR: 无法加载模块:Vod-list-id-1-pg-1-order--by-score-class-14-year-2001-letter--area--lang-.html

[ 2017-04-11T11:50:05+08:00 ] 42.236.10.84 /index.php?s=vod-play-id-477-sid-0-pid-1.html
INFO: [ app_init ] --START--
INFO: Run Behavior\BuildLiteBehavior [ RunTime:0.000018s ]
INFO: [ app_init ] --END-- [ RunTime:0.000465s ]
ERR: 无法加载模块:Vod-play-id-477-sid-0-pid-1

[ 2017-04-11T13:44:08+08:00 ] 180.76.15.25 /index.php?s=vod-search-actor-.html
INFO: [ app_init ] --START--
INFO: Run Behavior\BuildLiteBehavior [ RunTime:0.000027s ]
INFO: [ app_init ] --END-- [ RunTime:0.000497s ]
ERR: 无法加载模块:Vod-search-actor-

