[ 2017-07-02T00:41:31+08:00 ] 140.205.225.188 /index.php?m=member&c=index&a=register&siteid=1
INFO: [ app_init ] --START--
INFO: Run Behavior\BuildLiteBehavior [ RunTime:0.000000s ]
INFO: [ app_init ] --END-- [ RunTime:0.000976s ]
ERR: 无法加载模块:Member

[ 2017-07-02T00:41:33+08:00 ] 140.205.225.188 /index.php?m=wap&a=index&siteid=1
INFO: [ app_init ] --START--
INFO: Run Behavior\BuildLiteBehavior [ RunTime:0.000000s ]
INFO: [ app_init ] --END-- [ RunTime:0.000977s ]
ERR: 无法加载模块:Wap

[ 2017-07-02T06:42:16+08:00 ] 42.236.10.100 /index.php?m=vod-search-pg-238-starring-yuanyuan-classid-32.html
INFO: [ app_init ] --START--
INFO: Run Behavior\BuildLiteBehavior [ RunTime:0.000000s ]
INFO: [ app_init ] --END-- [ RunTime:0.000977s ]
ERR: 无法加载模块:Vod-search-pg-238-starring-yuanyuan-classid-32.html

[ 2017-07-02T06:42:16+08:00 ] 42.236.103.66 /index.php?s=vod-play-id-912-sid-0-pid-1.html
INFO: [ app_init ] --START--
INFO: Run Behavior\BuildLiteBehavior [ RunTime:0.000000s ]
INFO: [ app_init ] --END-- [ RunTime:0.000000s ]
ERR: 无法加载模块:Vod-play-id-912-sid-0-pid-1

[ 2017-07-02T06:42:16+08:00 ] 42.236.99.86 /index.php?s=gb-show-id-1804.html
INFO: [ app_init ] --START--
INFO: Run Behavior\BuildLiteBehavior [ RunTime:0.000000s ]
INFO: [ app_init ] --END-- [ RunTime:0.000000s ]
ERR: 无法加载模块:Gb-show-id-1804

[ 2017-07-02T06:42:16+08:00 ] 42.236.54.22 /index.php?s=vod-play-id-1279-sid-0-pid-1.html
INFO: [ app_init ] --START--
INFO: Run Behavior\BuildLiteBehavior [ RunTime:0.000000s ]
INFO: [ app_init ] --END-- [ RunTime:0.000977s ]
ERR: 无法加载模块:Vod-play-id-1279-sid-0-pid-1

[ 2017-07-02T06:42:16+08:00 ] 42.236.54.2 /index.php?m=vod-play-id-940-src-1-num-1.html
INFO: [ app_init ] --START--
INFO: Run Behavior\BuildLiteBehavior [ RunTime:0.000000s ]
INFO: [ app_init ] --END-- [ RunTime:0.000000s ]
ERR: 无法加载模块:Vod-play-id-940-src-1-num-1.html

[ 2017-07-02T06:42:17+08:00 ] 42.236.55.21 /index.php?m=vod-list-id-4-pg-1-order--by--class-0-year-2006-letter-X-area--lang-.html
INFO: [ app_init ] --START--
INFO: Run Behavior\BuildLiteBehavior [ RunTime:0.000000s ]
INFO: [ app_init ] --END-- [ RunTime:0.000000s ]
ERR: 无法加载模块:Vod-list-id-4-pg-1-order--by--class-0-year-2006-letter-X-area--lang-.html

[ 2017-07-02T06:42:20+08:00 ] 42.236.99.242 /index.php?m=vod-list-id-5-pg-1-order--by--class-0-year-0-letter-E-area-%E4%BF%84%E7%BD%97%E6%96%AF-lang-.html
INFO: [ app_init ] --START--
INFO: Run Behavior\BuildLiteBehavior [ RunTime:0.000000s ]
INFO: [ app_init ] --END-- [ RunTime:0.000976s ]
ERR: 无法加载模块:Vod-list-id-5-pg-1-order--by--class-0-year-0-letter-E-area-俄罗斯-lang-.html

[ 2017-07-02T06:42:20+08:00 ] 42.236.10.80 /index.php?s=vod-play-id-632-sid-0-pid-1.html
INFO: [ app_init ] --START--
INFO: Run Behavior\BuildLiteBehavior [ RunTime:0.000000s ]
INFO: [ app_init ] --END-- [ RunTime:0.000976s ]
ERR: 无法加载模块:Vod-play-id-632-sid-0-pid-1

[ 2017-07-02T06:42:20+08:00 ] 180.153.236.109 /index.php?m=vod-list-id-2-pg-1-order--by--class--year-0-letter-Q-area--lang-.html
INFO: [ app_init ] --START--
INFO: Run Behavior\BuildLiteBehavior [ RunTime:0.000000s ]
INFO: [ app_init ] --END-- [ RunTime:0.000000s ]
ERR: 无法加载模块:Vod-list-id-2-pg-1-order--by--class--year-0-letter-Q-area--lang-.html

[ 2017-07-02T06:42:20+08:00 ] 42.236.10.71 /index.php?m=vod-play-id-1924-src-1-num-1.html
INFO: [ app_init ] --START--
INFO: Run Behavior\BuildLiteBehavior [ RunTime:0.000000s ]
INFO: [ app_init ] --END-- [ RunTime:0.000000s ]
ERR: 无法加载模块:Vod-play-id-1924-src-1-num-1.html

[ 2017-07-02T06:42:20+08:00 ] 42.236.10.71 /index.php?s=gb-show-p-1758.html
INFO: [ app_init ] --START--
INFO: Run Behavior\BuildLiteBehavior [ RunTime:0.000000s ]
INFO: [ app_init ] --END-- [ RunTime:0.000000s ]
ERR: 无法加载模块:Gb-show-p-1758

[ 2017-07-02T06:42:20+08:00 ] 42.236.10.75 /index.php?m=vod-list-id-2-pg-1-order--by--class-16-year-2011-letter-G-area--lang-.html
INFO: [ app_init ] --START--
INFO: Run Behavior\BuildLiteBehavior [ RunTime:0.000000s ]
INFO: [ app_init ] --END-- [ RunTime:0.000976s ]
ERR: 无法加载模块:Vod-list-id-2-pg-1-order--by--class-16-year-2011-letter-G-area--lang-.html

[ 2017-07-02T06:42:20+08:00 ] 42.236.10.74 /index.php?s=gb-show-id-182.html
INFO: [ app_init ] --START--
INFO: Run Behavior\BuildLiteBehavior [ RunTime:0.000000s ]
INFO: [ app_init ] --END-- [ RunTime:0.000000s ]
ERR: 无法加载模块:Gb-show-id-182

[ 2017-07-02T06:42:20+08:00 ] 180.153.236.101 /index.php?m=vod-play-id-580-src-1-num-1.html
INFO: [ app_init ] --START--
INFO: Run Behavior\BuildLiteBehavior [ RunTime:0.000000s ]
INFO: [ app_init ] --END-- [ RunTime:0.000000s ]
ERR: 无法加载模块:Vod-play-id-580-src-1-num-1.html

[ 2017-07-02T06:42:21+08:00 ] 180.153.236.109 /index.php?s=gb-show-id-299.html
INFO: [ app_init ] --START--
INFO: Run Behavior\BuildLiteBehavior [ RunTime:0.000000s ]
INFO: [ app_init ] --END-- [ RunTime:0.000977s ]
ERR: 无法加载模块:Gb-show-id-299

[ 2017-07-02T06:42:21+08:00 ] 42.236.10.77 /index.php?m=vod-play-id-2351-src-1-num-1.html
INFO: [ app_init ] --START--
INFO: Run Behavior\BuildLiteBehavior [ RunTime:0.000000s ]
INFO: [ app_init ] --END-- [ RunTime:0.000976s ]
ERR: 无法加载模块:Vod-play-id-2351-src-1-num-1.html

[ 2017-07-02T06:42:21+08:00 ] 42.236.10.113 /index.php?m=vod-play-id-776-src-1-num-1.html
INFO: [ app_init ] --START--
INFO: Run Behavior\BuildLiteBehavior [ RunTime:0.000000s ]
INFO: [ app_init ] --END-- [ RunTime:0.000000s ]
ERR: 无法加载模块:Vod-play-id-776-src-1-num-1.html

[ 2017-07-02T06:42:21+08:00 ] 180.153.236.101 /index.php?s=gb-show-id-337.html
INFO: [ app_init ] --START--
INFO: Run Behavior\BuildLiteBehavior [ RunTime:0.000000s ]
INFO: [ app_init ] --END-- [ RunTime:0.000977s ]
ERR: 无法加载模块:Gb-show-id-337

[ 2017-07-02T06:42:45+08:00 ] 180.153.234.145 /index.php?s=vod-play-id-1263-sid-0-pid-1.html
INFO: [ app_init ] --START--
INFO: Run Behavior\BuildLiteBehavior [ RunTime:0.000000s ]
INFO: [ app_init ] --END-- [ RunTime:0.000977s ]
ERR: 无法加载模块:Vod-play-id-1263-sid-0-pid-1

[ 2017-07-02T06:42:48+08:00 ] 180.153.236.149 /index.php?s=vod-play-id-194-sid-0-pid-1.html
INFO: [ app_init ] --START--
INFO: Run Behavior\BuildLiteBehavior [ RunTime:0.000000s ]
INFO: [ app_init ] --END-- [ RunTime:0.000976s ]
ERR: 无法加载模块:Vod-play-id-194-sid-0-pid-1

[ 2017-07-02T06:42:51+08:00 ] 180.153.236.59 /index.php?m=vod-list-id-6-pg-1-order--by--class--year-2011-letter--area--lang-.html
INFO: [ app_init ] --START--
INFO: Run Behavior\BuildLiteBehavior [ RunTime:0.000000s ]
INFO: [ app_init ] --END-- [ RunTime:0.000000s ]
ERR: 无法加载模块:Vod-list-id-6-pg-1-order--by--class--year-2011-letter--area--lang-.html

[ 2017-07-02T09:10:22+08:00 ] 140.205.225.202 /index.php?m=member&c=index&a=register&siteid=1
INFO: [ app_init ] --START--
INFO: Run Behavior\BuildLiteBehavior [ RunTime:0.000000s ]
INFO: [ app_init ] --END-- [ RunTime:0.000977s ]
ERR: 无法加载模块:Member

[ 2017-07-02T09:10:24+08:00 ] 140.205.225.202 /index.php?m=wap&a=index&siteid=1
INFO: [ app_init ] --START--
INFO: Run Behavior\BuildLiteBehavior [ RunTime:0.000000s ]
INFO: [ app_init ] --END-- [ RunTime:0.000977s ]
ERR: 无法加载模块:Wap

