[ 2017-05-17T08:21:52+08:00 ] 42.236.10.113 /index.php?m=vod-list-id-2-pg-1-order--by--class-33-year--letter--area--lang-.html
INFO: [ app_init ] --START--
INFO: Run Behavior\BuildLiteBehavior [ RunTime:0.000000s ]
INFO: [ app_init ] --END-- [ RunTime:0.000000s ]
ERR: 无法加载模块:Vod-list-id-2-pg-1-order--by--class-33-year--letter--area--lang-.html

[ 2017-05-17T08:21:53+08:00 ] 42.236.99.51 /index.php?m=vod-search-pg-2-starring-yuanyuan-classid-9.html
INFO: [ app_init ] --START--
INFO: Run Behavior\BuildLiteBehavior [ RunTime:0.000000s ]
INFO: [ app_init ] --END-- [ RunTime:0.000000s ]
ERR: 无法加载模块:Vod-search-pg-2-starring-yuanyuan-classid-9.html

[ 2017-05-17T08:21:53+08:00 ] 42.236.99.79 /index.php?m=vod-play-id-462-src-1-num-1.html
INFO: [ app_init ] --START--
INFO: Run Behavior\BuildLiteBehavior [ RunTime:0.000000s ]
INFO: [ app_init ] --END-- [ RunTime:0.000000s ]
ERR: 无法加载模块:Vod-play-id-462-src-1-num-1.html

[ 2017-05-17T08:21:53+08:00 ] 42.236.10.110 /index.php?m=vod-search-pg-2-starring-yuanyuan-letter-C.html
INFO: [ app_init ] --START--
INFO: Run Behavior\BuildLiteBehavior [ RunTime:0.000000s ]
INFO: [ app_init ] --END-- [ RunTime:0.000977s ]
ERR: 无法加载模块:Vod-search-pg-2-starring-yuanyuan-letter-C.html

[ 2017-05-17T08:21:53+08:00 ] 42.236.99.44 /index.php?m=vod-list-id-1-pg-1-order--by-time-class-0-year-0-letter-N-area--lang-.html
INFO: [ app_init ] --START--
INFO: Run Behavior\BuildLiteBehavior [ RunTime:0.000000s ]
INFO: [ app_init ] --END-- [ RunTime:0.000976s ]
ERR: 无法加载模块:Vod-list-id-1-pg-1-order--by-time-class-0-year-0-letter-N-area--lang-.html

[ 2017-05-17T08:21:54+08:00 ] 42.236.10.112 /index.php?m=vod-play-id-208-src-1-num-1.html
INFO: [ app_init ] --START--
INFO: Run Behavior\BuildLiteBehavior [ RunTime:0.000000s ]
INFO: [ app_init ] --END-- [ RunTime:0.000000s ]
ERR: 无法加载模块:Vod-play-id-208-src-1-num-1.html

[ 2017-05-17T08:21:54+08:00 ] 42.236.99.79 /index.php?s=gb-show-id-1004.html
INFO: [ app_init ] --START--
INFO: Run Behavior\BuildLiteBehavior [ RunTime:0.000000s ]
INFO: [ app_init ] --END-- [ RunTime:0.000977s ]
ERR: 无法加载模块:Gb-show-id-1004

[ 2017-05-17T08:21:54+08:00 ] 42.236.10.112 /index.php?s=vod-play-id-434-sid-0-pid-1.html
INFO: [ app_init ] --START--
INFO: Run Behavior\BuildLiteBehavior [ RunTime:0.000000s ]
INFO: [ app_init ] --END-- [ RunTime:0.000977s ]
ERR: 无法加载模块:Vod-play-id-434-sid-0-pid-1

[ 2017-05-17T08:21:54+08:00 ] 42.236.99.72 /index.php?m=vod-play-id-2404-src-1-num-1.html
INFO: [ app_init ] --START--
INFO: Run Behavior\BuildLiteBehavior [ RunTime:0.000000s ]
INFO: [ app_init ] --END-- [ RunTime:0.000976s ]
ERR: 无法加载模块:Vod-play-id-2404-src-1-num-1.html

[ 2017-05-17T08:21:55+08:00 ] 42.236.99.72 /index.php?s=gb-show-id-605.html
INFO: [ app_init ] --START--
INFO: Run Behavior\BuildLiteBehavior [ RunTime:0.000000s ]
INFO: [ app_init ] --END-- [ RunTime:0.000000s ]
ERR: 无法加载模块:Gb-show-id-605

[ 2017-05-17T08:21:56+08:00 ] 180.153.236.59 /index.php?m=vod-play-id-1063-src-1-num-1.html
INFO: [ app_init ] --START--
INFO: Run Behavior\BuildLiteBehavior [ RunTime:0.000000s ]
INFO: [ app_init ] --END-- [ RunTime:0.000976s ]
ERR: 无法加载模块:Vod-play-id-1063-src-1-num-1.html

[ 2017-05-17T08:22:05+08:00 ] 180.153.234.145 /index.php?m=vod-list-id-6-pg-2-order--by-score-class-0-year-0-letter--area--lang-.html
INFO: [ app_init ] --START--
INFO: Run Behavior\BuildLiteBehavior [ RunTime:0.000000s ]
INFO: [ app_init ] --END-- [ RunTime:0.000977s ]
ERR: 无法加载模块:Vod-list-id-6-pg-2-order--by-score-class-0-year-0-letter--area--lang-.html

[ 2017-05-17T08:22:19+08:00 ] 180.153.236.149 /index.php?m=vod-play-id-96-src-1-num-1.html
INFO: [ app_init ] --START--
INFO: Run Behavior\BuildLiteBehavior [ RunTime:0.000000s ]
INFO: [ app_init ] --END-- [ RunTime:0.000000s ]
ERR: 无法加载模块:Vod-play-id-96-src-1-num-1.html

[ 2017-05-17T13:24:08+08:00 ] 140.205.225.191 /index.php?m=member&c=index&a=register&siteid=1
INFO: [ app_init ] --START--
INFO: Run Behavior\BuildLiteBehavior [ RunTime:0.000000s ]
INFO: [ app_init ] --END-- [ RunTime:0.000977s ]
ERR: 无法加载模块:Member

[ 2017-05-17T13:24:20+08:00 ] 140.205.225.191 /index.php?m=wap&a=index&siteid=1
INFO: [ app_init ] --START--
INFO: Run Behavior\BuildLiteBehavior [ RunTime:0.000000s ]
INFO: [ app_init ] --END-- [ RunTime:0.000976s ]
ERR: 无法加载模块:Wap

