[ 2017-08-14T12:17:28+08:00 ] 42.236.54.2 /index.php?m=vod-list-id-2-pg-11-order--by--class-0-year-0-letter--area-%E5%A4%A7%E9%99%86-lang-.html
INFO: [ app_init ] --START--
INFO: Run Behavior\BuildLiteBehavior [ RunTime:0.000000s ]
INFO: [ app_init ] --END-- [ RunTime:0.000977s ]
ERR: 无法加载模块:Vod-list-id-2-pg-11-order--by--class-0-year-0-letter--area-大陆-lang-.html

[ 2017-08-14T12:17:28+08:00 ] 42.236.55.21 /index.php?s=gb-show-id-34.html
INFO: [ app_init ] --START--
INFO: Run Behavior\BuildLiteBehavior [ RunTime:0.000000s ]
INFO: [ app_init ] --END-- [ RunTime:0.000976s ]
ERR: 无法加载模块:Gb-show-id-34

[ 2017-08-14T12:17:28+08:00 ] 42.236.55.21 /index.php?m=vod-play-id-1783-src-1-num-1.html
INFO: [ app_init ] --START--
INFO: Run Behavior\BuildLiteBehavior [ RunTime:0.000977s ]
INFO: [ app_init ] --END-- [ RunTime:0.000977s ]
ERR: 无法加载模块:Vod-play-id-1783-src-1-num-1.html

[ 2017-08-14T12:17:29+08:00 ] 42.236.54.2 /index.php?s=gb-show-id-1966.html
INFO: [ app_init ] --START--
INFO: Run Behavior\BuildLiteBehavior [ RunTime:0.000000s ]
INFO: [ app_init ] --END-- [ RunTime:0.000000s ]
ERR: 无法加载模块:Gb-show-id-1966

[ 2017-08-14T12:17:29+08:00 ] 42.236.46.85 /index.php?s=gb-show-id-343.html
INFO: [ app_init ] --START--
INFO: Run Behavior\BuildLiteBehavior [ RunTime:0.000000s ]
INFO: [ app_init ] --END-- [ RunTime:0.000000s ]
ERR: 无法加载模块:Gb-show-id-343

[ 2017-08-14T12:17:29+08:00 ] 42.236.46.85 /index.php?m=vod-list-id-2-pg-12-order--by--class-0-year-0-letter--area-%E5%A4%A7%E9%99%86-lang-.html
INFO: [ app_init ] --START--
INFO: Run Behavior\BuildLiteBehavior [ RunTime:0.000000s ]
INFO: [ app_init ] --END-- [ RunTime:0.000976s ]
ERR: 无法加载模块:Vod-list-id-2-pg-12-order--by--class-0-year-0-letter--area-大陆-lang-.html

[ 2017-08-14T12:17:29+08:00 ] 42.236.99.242 /index.php?m=vod-play-id-1784-src-1-num-1.html
INFO: [ app_init ] --START--
INFO: Run Behavior\BuildLiteBehavior [ RunTime:0.000000s ]
INFO: [ app_init ] --END-- [ RunTime:0.000977s ]
ERR: 无法加载模块:Vod-play-id-1784-src-1-num-1.html

[ 2017-08-14T12:17:29+08:00 ] 42.236.46.85 /index.php?m=vod-list-id-2-pg-1-order--by--class--year-2010-letter-V-area-%E9%9F%A9%E5%9B%BD-lang-.html
INFO: [ app_init ] --START--
INFO: Run Behavior\BuildLiteBehavior [ RunTime:0.000000s ]
INFO: [ app_init ] --END-- [ RunTime:0.000977s ]
ERR: 无法加载模块:Vod-list-id-2-pg-1-order--by--class--year-2010-letter-V-area-韩国-lang-.html

[ 2017-08-14T12:17:29+08:00 ] 42.236.12.170 /index.php?m=vod-play-id-752-src-1-num-1.html
INFO: [ app_init ] --START--
INFO: Run Behavior\BuildLiteBehavior [ RunTime:0.000977s ]
INFO: [ app_init ] --END-- [ RunTime:0.000977s ]
ERR: 无法加载模块:Vod-play-id-752-src-1-num-1.html

[ 2017-08-14T12:18:10+08:00 ] 180.153.234.145 /index.php?s=vod-play-id-426-sid-0-pid-1.html
INFO: [ app_init ] --START--
INFO: Run Behavior\BuildLiteBehavior [ RunTime:0.000000s ]
INFO: [ app_init ] --END-- [ RunTime:0.000000s ]
ERR: 无法加载模块:Vod-play-id-426-sid-0-pid-1

[ 2017-08-14T12:18:12+08:00 ] 180.153.236.51 /index.php?m=vod-list-id-2-pg-1-order--by--class-0-year--letter--area-%E5%A4%A7%E9%99%86-lang-.html
INFO: [ app_init ] --START--
INFO: Run Behavior\BuildLiteBehavior [ RunTime:0.000000s ]
INFO: [ app_init ] --END-- [ RunTime:0.000000s ]
ERR: 无法加载模块:Vod-list-id-2-pg-1-order--by--class-0-year--letter--area-大陆-lang-.html

[ 2017-08-14T12:18:15+08:00 ] 180.153.234.145 /index.php?s=vod-play-id-1795-sid-0-pid-1.html
INFO: [ app_init ] --START--
INFO: Run Behavior\BuildLiteBehavior [ RunTime:0.000000s ]
INFO: [ app_init ] --END-- [ RunTime:0.000977s ]
ERR: 无法加载模块:Vod-play-id-1795-sid-0-pid-1

[ 2017-08-14T12:18:16+08:00 ] 180.153.236.133 /index.php?s=gb-show-id-346.html
INFO: [ app_init ] --START--
INFO: Run Behavior\BuildLiteBehavior [ RunTime:0.000000s ]
INFO: [ app_init ] --END-- [ RunTime:0.000000s ]
ERR: 无法加载模块:Gb-show-id-346

[ 2017-08-14T12:18:17+08:00 ] 180.153.236.165 /index.php?m=vod-list-id-7-pg-1-order--by--class--year--letter-N-area--lang-.html
INFO: [ app_init ] --START--
INFO: Run Behavior\BuildLiteBehavior [ RunTime:0.000000s ]
INFO: [ app_init ] --END-- [ RunTime:0.000977s ]
ERR: 无法加载模块:Vod-list-id-7-pg-1-order--by--class--year--letter-N-area--lang-.html

[ 2017-08-14T12:18:17+08:00 ] 180.153.236.165 /index.php?m=vod-play-id-2329-src-1-num-1.html
INFO: [ app_init ] --START--
INFO: Run Behavior\BuildLiteBehavior [ RunTime:0.000000s ]
INFO: [ app_init ] --END-- [ RunTime:0.000977s ]
ERR: 无法加载模块:Vod-play-id-2329-src-1-num-1.html

[ 2017-08-14T12:18:22+08:00 ] 180.153.236.117 /index.php?s=gb-show-id-415.html
INFO: [ app_init ] --START--
INFO: Run Behavior\BuildLiteBehavior [ RunTime:0.000000s ]
INFO: [ app_init ] --END-- [ RunTime:0.000977s ]
ERR: 无法加载模块:Gb-show-id-415

[ 2017-08-14T12:18:22+08:00 ] 180.153.236.157 /index.php?m=vod-list-id-4-pg-1-order--by--class-0-year-2007-letter-T-area--lang-.html
INFO: [ app_init ] --START--
INFO: Run Behavior\BuildLiteBehavior [ RunTime:0.000000s ]
INFO: [ app_init ] --END-- [ RunTime:0.000977s ]
ERR: 无法加载模块:Vod-list-id-4-pg-1-order--by--class-0-year-2007-letter-T-area--lang-.html

[ 2017-08-14T12:18:22+08:00 ] 180.153.236.67 /index.php?s=vod-play-id-1797-sid-0-pid-1.html
INFO: [ app_init ] --START--
INFO: Run Behavior\BuildLiteBehavior [ RunTime:0.000000s ]
INFO: [ app_init ] --END-- [ RunTime:0.000000s ]
ERR: 无法加载模块:Vod-play-id-1797-sid-0-pid-1

[ 2017-08-14T12:18:22+08:00 ] 180.153.236.165 /index.php?s=gb-show-id-1979.html
INFO: [ app_init ] --START--
INFO: Run Behavior\BuildLiteBehavior [ RunTime:0.000000s ]
INFO: [ app_init ] --END-- [ RunTime:0.000000s ]
ERR: 无法加载模块:Gb-show-id-1979

[ 2017-08-14T12:18:26+08:00 ] 180.153.236.59 /index.php?m=vod-search-pg-2-year-2014-starring-yuanyuan.html
INFO: [ app_init ] --START--
INFO: Run Behavior\BuildLiteBehavior [ RunTime:0.000000s ]
INFO: [ app_init ] --END-- [ RunTime:0.000976s ]
ERR: 无法加载模块:Vod-search-pg-2-year-2014-starring-yuanyuan.html

[ 2017-08-14T12:18:32+08:00 ] 180.153.236.109 /index.php?m=vod-list-id-4-pg-1-order--by--class-0-year-2007-letter-U-area-%E6%B3%95%E5%9B%BD-lang-.html
INFO: [ app_init ] --START--
INFO: Run Behavior\BuildLiteBehavior [ RunTime:0.000000s ]
INFO: [ app_init ] --END-- [ RunTime:0.000977s ]
ERR: 无法加载模块:Vod-list-id-4-pg-1-order--by--class-0-year-2007-letter-U-area-法国-lang-.html

[ 2017-08-14T12:18:33+08:00 ] 180.153.236.35 /index.php?s=gb-show-id-1980.html
INFO: [ app_init ] --START--
INFO: Run Behavior\BuildLiteBehavior [ RunTime:0.000000s ]
INFO: [ app_init ] --END-- [ RunTime:0.000976s ]
ERR: 无法加载模块:Gb-show-id-1980

[ 2017-08-14T12:18:42+08:00 ] 180.153.236.173 /index.php?s=gb-show-p-376.html
INFO: [ app_init ] --START--
INFO: Run Behavior\BuildLiteBehavior [ RunTime:0.000000s ]
INFO: [ app_init ] --END-- [ RunTime:0.000000s ]
ERR: 无法加载模块:Gb-show-p-376

[ 2017-08-14T17:11:53+08:00 ] 192.151.152.98 /index.php?m=vod-list-id-0-pg-1-order--by--class-0-year-0-letter--area-%E4%BF%84%E7%BD%97%E6%96%AF-lang-.html
INFO: [ app_init ] --START--
INFO: Run Behavior\BuildLiteBehavior [ RunTime:0.000000s ]
INFO: [ app_init ] --END-- [ RunTime:0.000976s ]
ERR: 无法加载模块:Vod-list-id-0-pg-1-order--by--class-0-year-0-letter--area-俄罗斯-lang-.html

