[ 2017-09-08T03:32:45+08:00 ] 198.204.244.90 /index.php?s=vod-search-area-%E5%8A%A0%E6%8B%BF%E5%A4%A7.html
INFO: [ app_init ] --START--
INFO: Run Behavior\BuildLiteBehavior [ RunTime:0.000000s ]
INFO: [ app_init ] --END-- [ RunTime:0.000000s ]
ERR: 无法加载模块:Vod-search-area-加拿大

[ 2017-09-08T13:54:24+08:00 ] 42.236.99.218 /index.php?s=gb-show-id-420.html
INFO: [ app_init ] --START--
INFO: Run Behavior\BuildLiteBehavior [ RunTime:0.000000s ]
INFO: [ app_init ] --END-- [ RunTime:0.000000s ]
ERR: 无法加载模块:Gb-show-id-420

[ 2017-09-08T13:54:25+08:00 ] 42.236.99.30 /index.php?m=vod-search-pg-235-starring-yuanyuan-area-%E9%A6%99%E6%B8%AF.html
INFO: [ app_init ] --START--
INFO: Run Behavior\BuildLiteBehavior [ RunTime:0.000000s ]
INFO: [ app_init ] --END-- [ RunTime:0.000977s ]
ERR: 无法加载模块:Vod-search-pg-235-starring-yuanyuan-area-香港.html

[ 2017-09-08T13:54:26+08:00 ] 180.153.236.11 /index.php?m=vod-list-id-4-pg-1-order--by--class-0-year-2008-letter-S-area-%E8%A5%BF%E7%8F%AD%E7%89%99-lang-.html
INFO: [ app_init ] --START--
INFO: Run Behavior\BuildLiteBehavior [ RunTime:0.000976s ]
INFO: [ app_init ] --END-- [ RunTime:0.000976s ]
ERR: 无法加载模块:Vod-list-id-4-pg-1-order--by--class-0-year-2008-letter-S-area-西班牙-lang-.html

[ 2017-09-08T13:54:26+08:00 ] 180.153.236.101 /index.php?s=gb-show-id-1680.html
INFO: [ app_init ] --START--
INFO: Run Behavior\BuildLiteBehavior [ RunTime:0.000000s ]
INFO: [ app_init ] --END-- [ RunTime:0.000976s ]
ERR: 无法加载模块:Gb-show-id-1680

[ 2017-09-08T13:54:26+08:00 ] 42.236.99.178 /index.php?m=vod-play-id-290-src-1-num-1.html
INFO: [ app_init ] --START--
INFO: Run Behavior\BuildLiteBehavior [ RunTime:0.000000s ]
INFO: [ app_init ] --END-- [ RunTime:0.000000s ]
ERR: 无法加载模块:Vod-play-id-290-src-1-num-1.html

[ 2017-09-08T13:54:29+08:00 ] 42.236.99.206 /index.php?s=vod-play-id-869-sid-0-pid-1.html
INFO: [ app_init ] --START--
INFO: Run Behavior\BuildLiteBehavior [ RunTime:0.000000s ]
INFO: [ app_init ] --END-- [ RunTime:0.000976s ]
ERR: 无法加载模块:Vod-play-id-869-sid-0-pid-1

[ 2017-09-08T13:54:30+08:00 ] 42.236.12.190 /index.php?s=vod-play-id-1194-sid-0-pid-1.html
INFO: [ app_init ] --START--
INFO: Run Behavior\BuildLiteBehavior [ RunTime:0.000000s ]
INFO: [ app_init ] --END-- [ RunTime:0.000977s ]
ERR: 无法加载模块:Vod-play-id-1194-sid-0-pid-1

[ 2017-09-08T13:54:30+08:00 ] 42.236.12.190 /index.php?s=vod-play-id-135-sid-0-pid-1.html
INFO: [ app_init ] --START--
INFO: Run Behavior\BuildLiteBehavior [ RunTime:0.000000s ]
INFO: [ app_init ] --END-- [ RunTime:0.000977s ]
ERR: 无法加载模块:Vod-play-id-135-sid-0-pid-1

[ 2017-09-08T13:54:30+08:00 ] 42.236.99.30 /index.php?s=gb-show-p-1673.html
INFO: [ app_init ] --START--
INFO: Run Behavior\BuildLiteBehavior [ RunTime:0.000000s ]
INFO: [ app_init ] --END-- [ RunTime:0.000976s ]
ERR: 无法加载模块:Gb-show-p-1673

[ 2017-09-08T13:54:30+08:00 ] 42.236.99.230 /index.php?s=gb-show-id-18.html
INFO: [ app_init ] --START--
INFO: Run Behavior\BuildLiteBehavior [ RunTime:0.000000s ]
INFO: [ app_init ] --END-- [ RunTime:0.000977s ]
ERR: 无法加载模块:Gb-show-id-18

[ 2017-09-08T13:54:30+08:00 ] 42.236.101.194 /index.php?m=vod-play-id-1362-src-1-num-1.html
INFO: [ app_init ] --START--
INFO: Run Behavior\BuildLiteBehavior [ RunTime:0.000000s ]
INFO: [ app_init ] --END-- [ RunTime:0.000977s ]
ERR: 无法加载模块:Vod-play-id-1362-src-1-num-1.html

[ 2017-09-08T13:54:30+08:00 ] 180.153.234.145 /index.php?s=vod-play-id-270-sid-0-pid-1.html
INFO: [ app_init ] --START--
INFO: Run Behavior\BuildLiteBehavior [ RunTime:0.000000s ]
INFO: [ app_init ] --END-- [ RunTime:0.000000s ]
ERR: 无法加载模块:Vod-play-id-270-sid-0-pid-1

