[ 2017-08-18T03:31:26+08:00 ] 42.236.12.190 /index.php?m=vod-list-id-4-pg-1-order--by--class-0-year-2007-letter-O-area--lang-.html
INFO: [ app_init ] --START--
INFO: Run Behavior\BuildLiteBehavior [ RunTime:0.000000s ]
INFO: [ app_init ] --END-- [ RunTime:0.000977s ]
ERR: 无法加载模块:Vod-list-id-4-pg-1-order--by--class-0-year-2007-letter-O-area--lang-.html

[ 2017-08-18T03:31:27+08:00 ] 42.236.103.106 /index.php?s=gb-show-id-1966.html
INFO: [ app_init ] --START--
INFO: Run Behavior\BuildLiteBehavior [ RunTime:0.000000s ]
INFO: [ app_init ] --END-- [ RunTime:0.000000s ]
ERR: 无法加载模块:Gb-show-id-1966

[ 2017-08-18T03:31:27+08:00 ] 42.236.99.218 /index.php?m=vod-play-id-748-src-1-num-1.html
INFO: [ app_init ] --START--
INFO: Run Behavior\BuildLiteBehavior [ RunTime:0.000000s ]
INFO: [ app_init ] --END-- [ RunTime:0.000000s ]
ERR: 无法加载模块:Vod-play-id-748-src-1-num-1.html

[ 2017-08-18T03:31:27+08:00 ] 42.236.99.16 /index.php?m=vod-list-id-4-pg-1-order--by--class-0-year-2007-letter-T-area--lang-.html
INFO: [ app_init ] --START--
INFO: Run Behavior\BuildLiteBehavior [ RunTime:0.000000s ]
INFO: [ app_init ] --END-- [ RunTime:0.000977s ]
ERR: 无法加载模块:Vod-list-id-4-pg-1-order--by--class-0-year-2007-letter-T-area--lang-.html

[ 2017-08-18T03:31:27+08:00 ] 42.236.54.42 /index.php?m=vod-search-pg-2-year-2014-starring-yuanyuan.html
INFO: [ app_init ] --START--
INFO: Run Behavior\BuildLiteBehavior [ RunTime:0.000000s ]
INFO: [ app_init ] --END-- [ RunTime:0.000976s ]
ERR: 无法加载模块:Vod-search-pg-2-year-2014-starring-yuanyuan.html

[ 2017-08-18T03:31:27+08:00 ] 42.236.54.42 /index.php?s=vod-play-id-1795-sid-0-pid-1.html
INFO: [ app_init ] --START--
INFO: Run Behavior\BuildLiteBehavior [ RunTime:0.000000s ]
INFO: [ app_init ] --END-- [ RunTime:0.000977s ]
ERR: 无法加载模块:Vod-play-id-1795-sid-0-pid-1

[ 2017-08-18T03:31:27+08:00 ] 42.236.99.242 /index.php?s=vod-play-id-418-sid-0-pid-1.html
INFO: [ app_init ] --START--
INFO: Run Behavior\BuildLiteBehavior [ RunTime:0.000000s ]
INFO: [ app_init ] --END-- [ RunTime:0.000000s ]
ERR: 无法加载模块:Vod-play-id-418-sid-0-pid-1

[ 2017-08-18T03:31:27+08:00 ] 42.236.55.21 /index.php?s=gb-show-p-37.html
INFO: [ app_init ] --START--
INFO: Run Behavior\BuildLiteBehavior [ RunTime:0.000000s ]
INFO: [ app_init ] --END-- [ RunTime:0.000977s ]
ERR: 无法加载模块:Gb-show-p-37

[ 2017-08-18T03:31:27+08:00 ] 42.236.99.9 /index.php?s=vod-play-id-1463-sid-0-pid-1.html
INFO: [ app_init ] --START--
INFO: Run Behavior\BuildLiteBehavior [ RunTime:0.000000s ]
INFO: [ app_init ] --END-- [ RunTime:0.000000s ]
ERR: 无法加载模块:Vod-play-id-1463-sid-0-pid-1

[ 2017-08-18T03:31:28+08:00 ] 42.236.99.230 /index.php?m=vod-list-id-7-pg-1-order--by--class--year--letter-J-area--lang-.html
INFO: [ app_init ] --START--
INFO: Run Behavior\BuildLiteBehavior [ RunTime:0.000000s ]
INFO: [ app_init ] --END-- [ RunTime:0.000000s ]
ERR: 无法加载模块:Vod-list-id-7-pg-1-order--by--class--year--letter-J-area--lang-.html

[ 2017-08-18T03:31:28+08:00 ] 42.236.99.16 /index.php?m=vod-play-id-2322-src-1-num-1.html
INFO: [ app_init ] --START--
INFO: Run Behavior\BuildLiteBehavior [ RunTime:0.000000s ]
INFO: [ app_init ] --END-- [ RunTime:0.000000s ]
ERR: 无法加载模块:Vod-play-id-2322-src-1-num-1.html

[ 2017-08-18T03:31:28+08:00 ] 42.236.99.242 /index.php?m=vod-play-id-1781-src-1-num-1.html
INFO: [ app_init ] --START--
INFO: Run Behavior\BuildLiteBehavior [ RunTime:0.000977s ]
INFO: [ app_init ] --END-- [ RunTime:0.000977s ]
ERR: 无法加载模块:Vod-play-id-1781-src-1-num-1.html

[ 2017-08-18T03:31:28+08:00 ] 42.236.99.166 /index.php?s=vod-play-id-146-sid-0-pid-1.html
INFO: [ app_init ] --START--
INFO: Run Behavior\BuildLiteBehavior [ RunTime:0.000000s ]
INFO: [ app_init ] --END-- [ RunTime:0.000000s ]
ERR: 无法加载模块:Vod-play-id-146-sid-0-pid-1

[ 2017-08-18T03:31:28+08:00 ] 42.236.99.230 /index.php?m=vod-play-id-750-src-1-num-1.html
INFO: [ app_init ] --START--
INFO: Run Behavior\BuildLiteBehavior [ RunTime:0.000000s ]
INFO: [ app_init ] --END-- [ RunTime:0.000976s ]
ERR: 无法加载模块:Vod-play-id-750-src-1-num-1.html

[ 2017-08-18T03:31:28+08:00 ] 42.236.99.37 /index.php?s=gb-show-id-34.html
INFO: [ app_init ] --START--
INFO: Run Behavior\BuildLiteBehavior [ RunTime:0.000000s ]
INFO: [ app_init ] --END-- [ RunTime:0.000977s ]
ERR: 无法加载模块:Gb-show-id-34

[ 2017-08-18T03:31:28+08:00 ] 42.236.99.16 /index.php?m=vod-search-pg-2-year-2013-starring-yuanyuan.html
INFO: [ app_init ] --START--
INFO: Run Behavior\BuildLiteBehavior [ RunTime:0.000000s ]
INFO: [ app_init ] --END-- [ RunTime:0.000000s ]
ERR: 无法加载模块:Vod-search-pg-2-year-2013-starring-yuanyuan.html

[ 2017-08-18T03:31:28+08:00 ] 42.236.99.16 /index.php?s=gb-show-p-372.html
INFO: [ app_init ] --START--
INFO: Run Behavior\BuildLiteBehavior [ RunTime:0.000000s ]
INFO: [ app_init ] --END-- [ RunTime:0.000977s ]
ERR: 无法加载模块:Gb-show-p-372

[ 2017-08-18T03:31:29+08:00 ] 42.236.102.23 /index.php?s=gb-show-id-606.html
INFO: [ app_init ] --START--
INFO: Run Behavior\BuildLiteBehavior [ RunTime:0.000000s ]
INFO: [ app_init ] --END-- [ RunTime:0.000976s ]
ERR: 无法加载模块:Gb-show-id-606

[ 2017-08-18T03:31:29+08:00 ] 42.236.99.86 /index.php?m=vod-play-id-1299-src-1-num-1.html
INFO: [ app_init ] --START--
INFO: Run Behavior\BuildLiteBehavior [ RunTime:0.000000s ]
INFO: [ app_init ] --END-- [ RunTime:0.000000s ]
ERR: 无法加载模块:Vod-play-id-1299-src-1-num-1.html

[ 2017-08-18T03:31:29+08:00 ] 42.236.102.23 /index.php?m=vod-list-id-2-pg-1-order--by--class--year-2010-letter-V-area-%E9%9F%A9%E5%9B%BD-lang-.html
INFO: [ app_init ] --START--
INFO: Run Behavior\BuildLiteBehavior [ RunTime:0.000000s ]
INFO: [ app_init ] --END-- [ RunTime:0.000977s ]
ERR: 无法加载模块:Vod-list-id-2-pg-1-order--by--class--year-2010-letter-V-area-韩国-lang-.html

[ 2017-08-18T03:31:29+08:00 ] 42.236.99.166 /index.php?m=vod-play-id-821-src-1-num-1.html
INFO: [ app_init ] --START--
INFO: Run Behavior\BuildLiteBehavior [ RunTime:0.000000s ]
INFO: [ app_init ] --END-- [ RunTime:0.000977s ]
ERR: 无法加载模块:Vod-play-id-821-src-1-num-1.html

[ 2017-08-18T03:31:29+08:00 ] 42.236.101.194 /index.php?s=gb-show-p-3764.html
INFO: [ app_init ] --START--
INFO: Run Behavior\BuildLiteBehavior [ RunTime:0.000000s ]
INFO: [ app_init ] --END-- [ RunTime:0.000977s ]
ERR: 无法加载模块:Gb-show-p-3764

[ 2017-08-18T03:31:29+08:00 ] 42.236.99.72 /index.php?s=gb-show-id-1983.html
INFO: [ app_init ] --START--
INFO: Run Behavior\BuildLiteBehavior [ RunTime:0.000000s ]
INFO: [ app_init ] --END-- [ RunTime:0.000000s ]
ERR: 无法加载模块:Gb-show-id-1983

[ 2017-08-18T03:31:30+08:00 ] 42.236.99.9 /index.php?s=gb-show-id-434.html
INFO: [ app_init ] --START--
INFO: Run Behavior\BuildLiteBehavior [ RunTime:0.000000s ]
INFO: [ app_init ] --END-- [ RunTime:0.000000s ]
ERR: 无法加载模块:Gb-show-id-434

[ 2017-08-18T03:31:30+08:00 ] 42.236.54.42 /index.php?s=vod-play-id-1495-sid-0-pid-1.html
INFO: [ app_init ] --START--
INFO: Run Behavior\BuildLiteBehavior [ RunTime:0.000000s ]
INFO: [ app_init ] --END-- [ RunTime:0.000976s ]
ERR: 无法加载模块:Vod-play-id-1495-sid-0-pid-1

[ 2017-08-18T03:31:30+08:00 ] 42.236.99.51 /index.php?m=vod-search-pg-235-starring-yuanyuan-area-%E4%BF%84%E7%BD%97%E6%96%AF.html
INFO: [ app_init ] --START--
INFO: Run Behavior\BuildLiteBehavior [ RunTime:0.000000s ]
INFO: [ app_init ] --END-- [ RunTime:0.000000s ]
ERR: 无法加载模块:Vod-search-pg-235-starring-yuanyuan-area-俄罗斯.html

[ 2017-08-18T03:31:30+08:00 ] 42.236.102.3 /index.php?m=vod-search-pg-235-starring-yuanyuan-area-%E5%85%B6%E5%AE%83.html
INFO: [ app_init ] --START--
INFO: Run Behavior\BuildLiteBehavior [ RunTime:0.000000s ]
INFO: [ app_init ] --END-- [ RunTime:0.000977s ]
ERR: 无法加载模块:Vod-search-pg-235-starring-yuanyuan-area-其它.html

[ 2017-08-18T03:31:30+08:00 ] 42.236.99.44 /index.php?s=gb-show-id-36.html
INFO: [ app_init ] --START--
INFO: Run Behavior\BuildLiteBehavior [ RunTime:0.000000s ]
INFO: [ app_init ] --END-- [ RunTime:0.000976s ]
ERR: 无法加载模块:Gb-show-id-36

[ 2017-08-18T03:31:30+08:00 ] 42.236.99.30 /index.php?m=vod-play-id-2332-src-1-num-1.html
INFO: [ app_init ] --START--
INFO: Run Behavior\BuildLiteBehavior [ RunTime:0.000000s ]
INFO: [ app_init ] --END-- [ RunTime:0.000977s ]
ERR: 无法加载模块:Vod-play-id-2332-src-1-num-1.html

[ 2017-08-18T03:32:03+08:00 ] 180.153.236.51 /index.php?m=vod-list-id-4-pg-1-order--by--class-0-year-2007-letter-X-area--lang-.html
INFO: [ app_init ] --START--
INFO: Run Behavior\BuildLiteBehavior [ RunTime:0.000976s ]
INFO: [ app_init ] --END-- [ RunTime:0.000976s ]
ERR: 无法加载模块:Vod-list-id-4-pg-1-order--by--class-0-year-2007-letter-X-area--lang-.html

[ 2017-08-18T03:32:10+08:00 ] 180.153.236.59 /index.php?s=gb-show-id-415.html
INFO: [ app_init ] --START--
INFO: Run Behavior\BuildLiteBehavior [ RunTime:0.000000s ]
INFO: [ app_init ] --END-- [ RunTime:0.000977s ]
ERR: 无法加载模块:Gb-show-id-415

[ 2017-08-18T03:32:10+08:00 ] 180.153.236.125 /index.php?s=gb-show-id-343.html
INFO: [ app_init ] --START--
INFO: Run Behavior\BuildLiteBehavior [ RunTime:0.000000s ]
INFO: [ app_init ] --END-- [ RunTime:0.000000s ]
ERR: 无法加载模块:Gb-show-id-343

[ 2017-08-18T03:32:12+08:00 ] 180.153.234.145 /index.php?s=vod-play-id-1808-sid-0-pid-1.html
INFO: [ app_init ] --START--
INFO: Run Behavior\BuildLiteBehavior [ RunTime:0.000000s ]
INFO: [ app_init ] --END-- [ RunTime:0.000000s ]
ERR: 无法加载模块:Vod-play-id-1808-sid-0-pid-1

[ 2017-08-18T03:32:12+08:00 ] 180.153.236.67 /index.php?m=vod-play-id-1799-src-1-num-1.html
INFO: [ app_init ] --START--
INFO: Run Behavior\BuildLiteBehavior [ RunTime:0.000000s ]
INFO: [ app_init ] --END-- [ RunTime:0.000976s ]
ERR: 无法加载模块:Vod-play-id-1799-src-1-num-1.html

[ 2017-08-18T03:32:15+08:00 ] 180.153.236.11 /index.php?m=vod-play-id-2323-src-1-num-1.html
INFO: [ app_init ] --START--
INFO: Run Behavior\BuildLiteBehavior [ RunTime:0.000000s ]
INFO: [ app_init ] --END-- [ RunTime:0.000977s ]
ERR: 无法加载模块:Vod-play-id-2323-src-1-num-1.html

[ 2017-08-18T14:50:50+08:00 ] 140.205.201.42 /index.php?m=member&c=index&a=register&siteid=1
INFO: [ app_init ] --START--
INFO: Run Behavior\BuildLiteBehavior [ RunTime:0.000000s ]
INFO: [ app_init ] --END-- [ RunTime:0.000977s ]
ERR: 无法加载模块:Member

[ 2017-08-18T14:51:49+08:00 ] 140.205.201.42 /index.php?m=wap&a=index&siteid=1
INFO: [ app_init ] --START--
INFO: Run Behavior\BuildLiteBehavior [ RunTime:0.000000s ]
INFO: [ app_init ] --END-- [ RunTime:0.000976s ]
ERR: 无法加载模块:Wap

