[ 2017-07-09T03:08:09+08:00 ] 42.236.55.41 /index.php?m=vod-play-id-2225-src-1-num-1.html
INFO: [ app_init ] --START--
INFO: Run Behavior\BuildLiteBehavior [ RunTime:0.000000s ]
INFO: [ app_init ] --END-- [ RunTime:0.000976s ]
ERR: 无法加载模块:Vod-play-id-2225-src-1-num-1.html

[ 2017-07-09T03:08:09+08:00 ] 42.236.46.85 /index.php?m=vod-list-id-2-pg-1-order--by--class-16-year-2011-letter-X-area-%E9%A9%AC%E6%9D%A5%E8%A5%BF%E4%BA%9A-lang-.html
INFO: [ app_init ] --START--
INFO: Run Behavior\BuildLiteBehavior [ RunTime:0.000000s ]
INFO: [ app_init ] --END-- [ RunTime:0.000976s ]
ERR: 无法加载模块:Vod-list-id-2-pg-1-order--by--class-16-year-2011-letter-X-area-马来西亚-lang-.html

[ 2017-07-09T03:08:09+08:00 ] 42.236.46.85 /index.php?s=gb-show-id-1544.html
INFO: [ app_init ] --START--
INFO: Run Behavior\BuildLiteBehavior [ RunTime:0.000000s ]
INFO: [ app_init ] --END-- [ RunTime:0.000000s ]
ERR: 无法加载模块:Gb-show-id-1544

[ 2017-07-09T03:08:09+08:00 ] 42.236.46.85 /index.php?m=vod-list-id-5-pg-1-order--by--class-0-year-0-letter-F-area-%E4%BF%84%E7%BD%97%E6%96%AF-lang-.html
INFO: [ app_init ] --START--
INFO: Run Behavior\BuildLiteBehavior [ RunTime:0.000000s ]
INFO: [ app_init ] --END-- [ RunTime:0.000000s ]
ERR: 无法加载模块:Vod-list-id-5-pg-1-order--by--class-0-year-0-letter-F-area-俄罗斯-lang-.html

[ 2017-07-09T03:08:09+08:00 ] 42.236.102.3 /index.php?s=gb-show-id-199.html
INFO: [ app_init ] --START--
INFO: Run Behavior\BuildLiteBehavior [ RunTime:0.000000s ]
INFO: [ app_init ] --END-- [ RunTime:0.000000s ]
ERR: 无法加载模块:Gb-show-id-199

[ 2017-07-09T03:08:09+08:00 ] 42.236.10.115 /index.php?m=vod-search-pg-238-starring-yuanyuan-classid-38.html
INFO: [ app_init ] --START--
INFO: Run Behavior\BuildLiteBehavior [ RunTime:0.000000s ]
INFO: [ app_init ] --END-- [ RunTime:0.000976s ]
ERR: 无法加载模块:Vod-search-pg-238-starring-yuanyuan-classid-38.html

[ 2017-07-09T03:08:09+08:00 ] 42.236.10.71 /index.php?m=vod-play-id-1737-src-1-num-1.html
INFO: [ app_init ] --START--
INFO: Run Behavior\BuildLiteBehavior [ RunTime:0.000000s ]
INFO: [ app_init ] --END-- [ RunTime:0.000976s ]
ERR: 无法加载模块:Vod-play-id-1737-src-1-num-1.html

[ 2017-07-09T03:08:09+08:00 ] 180.153.236.51 /index.php?s=vod-play-id-1843-sid-0-pid-1.html
INFO: [ app_init ] --START--
INFO: Run Behavior\BuildLiteBehavior [ RunTime:0.000000s ]
INFO: [ app_init ] --END-- [ RunTime:0.000977s ]
ERR: 无法加载模块:Vod-play-id-1843-sid-0-pid-1

[ 2017-07-09T03:08:10+08:00 ] 42.236.10.106 /index.php?s=vod-play-id-793-sid-0-pid-1.html
INFO: [ app_init ] --START--
INFO: Run Behavior\BuildLiteBehavior [ RunTime:0.000000s ]
INFO: [ app_init ] --END-- [ RunTime:0.000976s ]
ERR: 无法加载模块:Vod-play-id-793-sid-0-pid-1

[ 2017-07-09T03:08:10+08:00 ] 42.236.12.150 /index.php?s=gb-show-id-999.html
INFO: [ app_init ] --START--
INFO: Run Behavior\BuildLiteBehavior [ RunTime:0.000000s ]
INFO: [ app_init ] --END-- [ RunTime:0.000976s ]
ERR: 无法加载模块:Gb-show-id-999

[ 2017-07-09T03:08:10+08:00 ] 42.236.46.85 /index.php?s=vod-play-id-590-sid-0-pid-1.html
INFO: [ app_init ] --START--
INFO: Run Behavior\BuildLiteBehavior [ RunTime:0.000000s ]
INFO: [ app_init ] --END-- [ RunTime:0.000977s ]
ERR: 无法加载模块:Vod-play-id-590-sid-0-pid-1

[ 2017-07-09T03:08:10+08:00 ] 42.236.10.85 /index.php?s=vod-play-id-984-sid-0-pid-1.html
INFO: [ app_init ] --START--
INFO: Run Behavior\BuildLiteBehavior [ RunTime:0.000000s ]
INFO: [ app_init ] --END-- [ RunTime:0.000000s ]
ERR: 无法加载模块:Vod-play-id-984-sid-0-pid-1

[ 2017-07-09T03:08:10+08:00 ] 42.236.10.100 /index.php?s=vod-play-id-1145-sid-0-pid-1.html
INFO: [ app_init ] --START--
INFO: Run Behavior\BuildLiteBehavior [ RunTime:0.000000s ]
INFO: [ app_init ] --END-- [ RunTime:0.000000s ]
ERR: 无法加载模块:Vod-play-id-1145-sid-0-pid-1

[ 2017-07-09T03:08:10+08:00 ] 42.236.46.85 /index.php?m=vod-list-id-1-pg-1-order--by--class--year--letter-D-area--lang-.html
INFO: [ app_init ] --START--
INFO: Run Behavior\BuildLiteBehavior [ RunTime:0.000000s ]
INFO: [ app_init ] --END-- [ RunTime:0.000977s ]
ERR: 无法加载模块:Vod-list-id-1-pg-1-order--by--class--year--letter-D-area--lang-.html

[ 2017-07-09T03:08:10+08:00 ] 42.236.54.62 /index.php?m=vod-list-id-2-pg-1-order--by--class-17-year-0-letter--area-%E6%B3%B0%E5%9B%BD-lang-.html
INFO: [ app_init ] --START--
INFO: Run Behavior\BuildLiteBehavior [ RunTime:0.000000s ]
INFO: [ app_init ] --END-- [ RunTime:0.000977s ]
ERR: 无法加载模块:Vod-list-id-2-pg-1-order--by--class-17-year-0-letter--area-泰国-lang-.html

[ 2017-07-09T03:08:19+08:00 ] 180.153.236.181 /index.php?s=gb-show-id-656.html
INFO: [ app_init ] --START--
INFO: Run Behavior\BuildLiteBehavior [ RunTime:0.000000s ]
INFO: [ app_init ] --END-- [ RunTime:0.000976s ]
ERR: 无法加载模块:Gb-show-id-656

[ 2017-07-09T03:08:54+08:00 ] 180.153.236.165 /index.php?m=vod-play-id-340-src-1-num-1.html
INFO: [ app_init ] --START--
INFO: Run Behavior\BuildLiteBehavior [ RunTime:0.000000s ]
INFO: [ app_init ] --END-- [ RunTime:0.000977s ]
ERR: 无法加载模块:Vod-play-id-340-src-1-num-1.html

[ 2017-07-09T21:26:21+08:00 ] 42.236.101.234 /index.php?m=vod-play-id-1738-src-1-num-1.html
INFO: [ app_init ] --START--
INFO: Run Behavior\BuildLiteBehavior [ RunTime:0.000000s ]
INFO: [ app_init ] --END-- [ RunTime:0.000976s ]
ERR: 无法加载模块:Vod-play-id-1738-src-1-num-1.html

[ 2017-07-09T21:26:22+08:00 ] 42.236.101.234 /index.php?s=vod-play-id-591-sid-0-pid-1.html
INFO: [ app_init ] --START--
INFO: Run Behavior\BuildLiteBehavior [ RunTime:0.000000s ]
INFO: [ app_init ] --END-- [ RunTime:0.000976s ]
ERR: 无法加载模块:Vod-play-id-591-sid-0-pid-1

[ 2017-07-09T21:26:22+08:00 ] 42.236.10.103 /index.php?m=vod-list-id-1-pg-1-order--by--class--year-2001-letter--area--lang-.html
INFO: [ app_init ] --START--
INFO: Run Behavior\BuildLiteBehavior [ RunTime:0.000000s ]
INFO: [ app_init ] --END-- [ RunTime:0.001953s ]
ERR: 无法加载模块:Vod-list-id-1-pg-1-order--by--class--year-2001-letter--area--lang-.html

