[ 2017-08-29T04:04:36+08:00 ] 79.143.182.136 /index.php?m=vod-list-id-0-pg-1-order--by--class-0-year-0-letter--area-%E4%BF%84%E7%BD%97%E6%96%AF-lang-.html
INFO: [ app_init ] --START--
INFO: Run Behavior\BuildLiteBehavior [ RunTime:0.000000s ]
INFO: [ app_init ] --END-- [ RunTime:0.000976s ]
ERR: 无法加载模块:Vod-list-id-0-pg-1-order--by--class-0-year-0-letter--area-俄罗斯-lang-.html

[ 2017-08-29T10:09:58+08:00 ] 42.236.99.194 /index.php?m=vod-play-id-1807-src-1-num-1.html
INFO: [ app_init ] --START--
INFO: Run Behavior\BuildLiteBehavior [ RunTime:0.000000s ]
INFO: [ app_init ] --END-- [ RunTime:0.000976s ]
ERR: 无法加载模块:Vod-play-id-1807-src-1-num-1.html

[ 2017-08-29T10:09:58+08:00 ] 42.236.46.85 /index.php?m=vod-play-id-2339-src-1-num-1.html
INFO: [ app_init ] --START--
INFO: Run Behavior\BuildLiteBehavior [ RunTime:0.000000s ]
INFO: [ app_init ] --END-- [ RunTime:0.000976s ]
ERR: 无法加载模块:Vod-play-id-2339-src-1-num-1.html

[ 2017-08-29T10:09:59+08:00 ] 42.236.12.150 /index.php?m=vod-list-id-4-pg-1-order--by--class-0-year-2008-letter--area-%E6%B3%95%E5%9B%BD-lang-.html
INFO: [ app_init ] --START--
INFO: Run Behavior\BuildLiteBehavior [ RunTime:0.000000s ]
INFO: [ app_init ] --END-- [ RunTime:0.000976s ]
ERR: 无法加载模块:Vod-list-id-4-pg-1-order--by--class-0-year-2008-letter--area-法国-lang-.html

[ 2017-08-29T10:09:59+08:00 ] 42.236.101.234 /index.php?s=vod-play-id-481-sid-0-pid-1.html
INFO: [ app_init ] --START--
INFO: Run Behavior\BuildLiteBehavior [ RunTime:0.000000s ]
INFO: [ app_init ] --END-- [ RunTime:0.000977s ]
ERR: 无法加载模块:Vod-play-id-481-sid-0-pid-1

[ 2017-08-29T10:09:59+08:00 ] 42.236.102.3 /index.php?m=vod-play-id-850-src-1-num-1.html
INFO: [ app_init ] --START--
INFO: Run Behavior\BuildLiteBehavior [ RunTime:0.000000s ]
INFO: [ app_init ] --END-- [ RunTime:0.000976s ]
ERR: 无法加载模块:Vod-play-id-850-src-1-num-1.html

[ 2017-08-29T10:09:59+08:00 ] 42.236.99.166 /index.php?s=gb-show-id-463.html
INFO: [ app_init ] --START--
INFO: Run Behavior\BuildLiteBehavior [ RunTime:0.000000s ]
INFO: [ app_init ] --END-- [ RunTime:0.000000s ]
ERR: 无法加载模块:Gb-show-id-463

[ 2017-08-29T10:09:59+08:00 ] 42.236.99.16 /index.php?m=vod-list-id-4-pg-1-order--by--class-0-year-2008-letter-H-area--lang-.html
INFO: [ app_init ] --START--
INFO: Run Behavior\BuildLiteBehavior [ RunTime:0.000000s ]
INFO: [ app_init ] --END-- [ RunTime:0.000976s ]
ERR: 无法加载模块:Vod-list-id-4-pg-1-order--by--class-0-year-2008-letter-H-area--lang-.html

[ 2017-08-29T10:09:59+08:00 ] 42.236.99.142 /index.php?s=vod-play-id-1183-sid-0-pid-1.html
INFO: [ app_init ] --START--
INFO: Run Behavior\BuildLiteBehavior [ RunTime:0.000000s ]
INFO: [ app_init ] --END-- [ RunTime:0.000977s ]
ERR: 无法加载模块:Vod-play-id-1183-sid-0-pid-1

[ 2017-08-29T10:10:00+08:00 ] 42.236.99.65 /index.php?s=gb-show-p-5413.html
INFO: [ app_init ] --START--
INFO: Run Behavior\BuildLiteBehavior [ RunTime:0.000000s ]
INFO: [ app_init ] --END-- [ RunTime:0.000000s ]
ERR: 无法加载模块:Gb-show-p-5413

[ 2017-08-29T10:10:00+08:00 ] 42.236.46.85 /index.php?s=gb-show-id-39.html
INFO: [ app_init ] --START--
INFO: Run Behavior\BuildLiteBehavior [ RunTime:0.000000s ]
INFO: [ app_init ] --END-- [ RunTime:0.000977s ]
ERR: 无法加载模块:Gb-show-id-39

[ 2017-08-29T10:10:00+08:00 ] 42.236.46.105 /index.php?s=gb-show-id-1672.html
INFO: [ app_init ] --START--
INFO: Run Behavior\BuildLiteBehavior [ RunTime:0.000000s ]
INFO: [ app_init ] --END-- [ RunTime:0.000977s ]
ERR: 无法加载模块:Gb-show-id-1672

[ 2017-08-29T10:10:00+08:00 ] 42.236.101.234 /index.php?s=vod-play-id-1599-sid-0-pid-1.html
INFO: [ app_init ] --START--
INFO: Run Behavior\BuildLiteBehavior [ RunTime:0.000000s ]
INFO: [ app_init ] --END-- [ RunTime:0.000977s ]
ERR: 无法加载模块:Vod-play-id-1599-sid-0-pid-1

[ 2017-08-29T10:10:00+08:00 ] 42.236.99.86 /index.php?m=vod-search-pg-235-starring-yuanyuan-area-%E6%B3%B0%E5%9B%BD.html
INFO: [ app_init ] --START--
INFO: Run Behavior\BuildLiteBehavior [ RunTime:0.000000s ]
INFO: [ app_init ] --END-- [ RunTime:0.000976s ]
ERR: 无法加载模块:Vod-search-pg-235-starring-yuanyuan-area-泰国.html

[ 2017-08-29T10:10:14+08:00 ] 180.153.236.117 /index.php?s=gb-show-id-650.html
INFO: [ app_init ] --START--
INFO: Run Behavior\BuildLiteBehavior [ RunTime:0.000000s ]
INFO: [ app_init ] --END-- [ RunTime:0.000977s ]
ERR: 无法加载模块:Gb-show-id-650

