[ 2017-04-21T12:58:14+08:00 ] 66.249.64.71 /index.php?s=gb-show-p-2561.html
INFO: [ app_init ] --START--
INFO: Run Behavior\BuildLiteBehavior [ RunTime:0.000020s ]
INFO: [ app_init ] --END-- [ RunTime:0.000403s ]
ERR: 无法加载模块:Gb-show-p-2561

[ 2017-04-21T13:18:36+08:00 ] 66.249.64.127 /index.php?s=gb-show-p-790.html
INFO: [ app_init ] --START--
INFO: Run Behavior\BuildLiteBehavior [ RunTime:0.000021s ]
INFO: [ app_init ] --END-- [ RunTime:0.000403s ]
ERR: 无法加载模块:Gb-show-p-790

[ 2017-04-21T13:33:53+08:00 ] 66.249.64.66 /index.php?s=gb-show-p-5668.html
INFO: [ app_init ] --START--
INFO: Run Behavior\BuildLiteBehavior [ RunTime:0.000028s ]
INFO: [ app_init ] --END-- [ RunTime:0.000532s ]
ERR: 无法加载模块:Gb-show-p-5668

[ 2017-04-21T13:54:23+08:00 ] 66.249.64.127 /index.php?s=vod-play-id-951-sid-0-pid-1.html
INFO: [ app_init ] --START--
INFO: Run Behavior\BuildLiteBehavior [ RunTime:0.000020s ]
INFO: [ app_init ] --END-- [ RunTime:0.000416s ]
ERR: 无法加载模块:Vod-play-id-951-sid-0-pid-1

[ 2017-04-21T18:00:32+08:00 ] 66.249.64.127 /index.php?s=gb-show-p-2194.html
INFO: [ app_init ] --START--
INFO: Run Behavior\BuildLiteBehavior [ RunTime:0.000021s ]
INFO: [ app_init ] --END-- [ RunTime:0.000486s ]
ERR: 无法加载模块:Gb-show-p-2194

[ 2017-04-21T20:43:55+08:00 ] 66.249.64.135 /index.php?s=gb-show-id-2223.html
INFO: [ app_init ] --START--
INFO: Run Behavior\BuildLiteBehavior [ RunTime:0.000020s ]
INFO: [ app_init ] --END-- [ RunTime:0.000415s ]
ERR: 无法加载模块:Gb-show-id-2223

