[ 2017-05-02T00:25:32+08:00 ] 208.110.93.52 /index.php?s=vod-search-area-%E5%8A%A0%E6%8B%BF%E5%A4%A7.html
INFO: [ app_init ] --START--
INFO: Run Behavior\BuildLiteBehavior [ RunTime:0.000021s ]
INFO: [ app_init ] --END-- [ RunTime:0.000383s ]
ERR: 无法加载模块:Vod-search-area-加拿大

[ 2017-05-02T03:06:41+08:00 ] 42.236.10.104 /index.php?s=vod-play-id-1750-sid-0-pid-1.html
INFO: [ app_init ] --START--
INFO: Run Behavior\BuildLiteBehavior [ RunTime:0.000021s ]
INFO: [ app_init ] --END-- [ RunTime:0.000374s ]
ERR: 无法加载模块:Vod-play-id-1750-sid-0-pid-1

[ 2017-05-02T03:06:41+08:00 ] 42.236.99.58 /index.php?m=vod-play-id-1561-src-1-num-1.html
INFO: [ app_init ] --START--
INFO: Run Behavior\BuildLiteBehavior [ RunTime:0.000018s ]
INFO: [ app_init ] --END-- [ RunTime:0.000347s ]
ERR: 无法加载模块:Vod-play-id-1561-src-1-num-1.html

[ 2017-05-02T03:06:41+08:00 ] 42.236.99.230 /index.php?m=vod-list-id-4-pg-1-order--by--class-0-year-2004-letter-W-area--lang-.html
INFO: [ app_init ] --START--
INFO: Run Behavior\BuildLiteBehavior [ RunTime:0.000017s ]
INFO: [ app_init ] --END-- [ RunTime:0.000325s ]
ERR: 无法加载模块:Vod-list-id-4-pg-1-order--by--class-0-year-2004-letter-W-area--lang-.html

[ 2017-05-02T03:06:41+08:00 ] 42.236.99.2 /index.php?m=vod-play-id-631-src-1-num-1.html
INFO: [ app_init ] --START--
INFO: Run Behavior\BuildLiteBehavior [ RunTime:0.000013s ]
INFO: [ app_init ] --END-- [ RunTime:0.000336s ]
ERR: 无法加载模块:Vod-play-id-631-src-1-num-1.html

[ 2017-05-02T03:06:41+08:00 ] 42.236.10.74 /index.php?m=vod-play-id-2282-src-1-num-1.html
INFO: [ app_init ] --START--
INFO: Run Behavior\BuildLiteBehavior [ RunTime:0.000016s ]
INFO: [ app_init ] --END-- [ RunTime:0.000331s ]
ERR: 无法加载模块:Vod-play-id-2282-src-1-num-1.html

[ 2017-05-02T03:06:41+08:00 ] 42.236.10.107 /index.php?m=vod-play-id-210-src-1-num-1.html
INFO: [ app_init ] --START--
INFO: Run Behavior\BuildLiteBehavior [ RunTime:0.000019s ]
INFO: [ app_init ] --END-- [ RunTime:0.000506s ]
ERR: 无法加载模块:Vod-play-id-210-src-1-num-1.html

[ 2017-05-02T03:06:41+08:00 ] 42.236.99.16 /index.php?s=vod-play-id-785-sid-0-pid-1.html
INFO: [ app_init ] --START--
INFO: Run Behavior\BuildLiteBehavior [ RunTime:0.000018s ]
INFO: [ app_init ] --END-- [ RunTime:0.000399s ]
ERR: 无法加载模块:Vod-play-id-785-sid-0-pid-1

[ 2017-05-02T03:06:41+08:00 ] 42.236.10.114 /index.php?m=vod-list-id-5-pg-1-order--by--class--year--letter--area-%E9%A9%AC%E6%9D%A5%E8%A5%BF%E4%BA%9A-lang-.html
INFO: [ app_init ] --START--
INFO: Run Behavior\BuildLiteBehavior [ RunTime:0.000012s ]
INFO: [ app_init ] --END-- [ RunTime:0.000278s ]
ERR: 无法加载模块:Vod-list-id-5-pg-1-order--by--class--year--letter--area-马来西亚-lang-.html

[ 2017-05-02T03:06:41+08:00 ] 42.236.10.114 /index.php?m=vod-search-pg-2-starring-yuanyuan-classid-57.html
INFO: [ app_init ] --START--
INFO: Run Behavior\BuildLiteBehavior [ RunTime:0.000017s ]
INFO: [ app_init ] --END-- [ RunTime:0.000318s ]
ERR: 无法加载模块:Vod-search-pg-2-starring-yuanyuan-classid-57.html

[ 2017-05-02T03:06:41+08:00 ] 42.236.10.110 /index.php?m=vod-play-id-260-src-1-num-1.html
INFO: [ app_init ] --START--
INFO: Run Behavior\BuildLiteBehavior [ RunTime:0.000014s ]
INFO: [ app_init ] --END-- [ RunTime:0.000311s ]
ERR: 无法加载模块:Vod-play-id-260-src-1-num-1.html

[ 2017-05-02T03:06:41+08:00 ] 42.236.99.230 /index.php?s=gb-show-p-2041.html
INFO: [ app_init ] --START--
INFO: Run Behavior\BuildLiteBehavior [ RunTime:0.000014s ]
INFO: [ app_init ] --END-- [ RunTime:0.000330s ]
ERR: 无法加载模块:Gb-show-p-2041

[ 2017-05-02T03:06:42+08:00 ] 42.236.99.30 /index.php?m=vod-list-id-1-pg-1-order--by-score-class-7-year-0-letter--area--lang-.html
INFO: [ app_init ] --START--
INFO: Run Behavior\BuildLiteBehavior [ RunTime:0.000057s ]
INFO: [ app_init ] --END-- [ RunTime:0.000356s ]
ERR: 无法加载模块:Vod-list-id-1-pg-1-order--by-score-class-7-year-0-letter--area--lang-.html

[ 2017-05-02T03:06:42+08:00 ] 42.236.99.65 /index.php?m=vod-play-id-1704-src-1-num-1.html
INFO: [ app_init ] --START--
INFO: Run Behavior\BuildLiteBehavior [ RunTime:0.000014s ]
INFO: [ app_init ] --END-- [ RunTime:0.000348s ]
ERR: 无法加载模块:Vod-play-id-1704-src-1-num-1.html

[ 2017-05-02T03:06:42+08:00 ] 42.236.10.111 /index.php?s=vod-play-id-459-sid-0-pid-1.html
INFO: [ app_init ] --START--
INFO: Run Behavior\BuildLiteBehavior [ RunTime:0.000020s ]
INFO: [ app_init ] --END-- [ RunTime:0.000462s ]
ERR: 无法加载模块:Vod-play-id-459-sid-0-pid-1

[ 2017-05-02T03:06:42+08:00 ] 42.236.10.83 /index.php?s=gb-show-id-230.html
INFO: [ app_init ] --START--
INFO: Run Behavior\BuildLiteBehavior [ RunTime:0.000019s ]
INFO: [ app_init ] --END-- [ RunTime:0.000453s ]
ERR: 无法加载模块:Gb-show-id-230

[ 2017-05-02T03:06:42+08:00 ] 42.236.99.194 /index.php?m=vod-play-id-2032-src-1-num-1.html
INFO: [ app_init ] --START--
INFO: Run Behavior\BuildLiteBehavior [ RunTime:0.000019s ]
INFO: [ app_init ] --END-- [ RunTime:0.000339s ]
ERR: 无法加载模块:Vod-play-id-2032-src-1-num-1.html

[ 2017-05-02T03:06:42+08:00 ] 42.236.10.74 /index.php?m=vod-play-id-1179-src-1-num-1.html
INFO: [ app_init ] --START--
INFO: Run Behavior\BuildLiteBehavior [ RunTime:0.000014s ]
INFO: [ app_init ] --END-- [ RunTime:0.000357s ]
ERR: 无法加载模块:Vod-play-id-1179-src-1-num-1.html

[ 2017-05-02T03:06:42+08:00 ] 42.236.10.103 /index.php?m=vod-play-id-768-src-1-num-1.html
INFO: [ app_init ] --START--
INFO: Run Behavior\BuildLiteBehavior [ RunTime:0.000017s ]
INFO: [ app_init ] --END-- [ RunTime:0.000367s ]
ERR: 无法加载模块:Vod-play-id-768-src-1-num-1.html

[ 2017-05-02T03:06:42+08:00 ] 42.236.10.80 /index.php?m=vod-play-id-999-src-1-num-1.html
INFO: [ app_init ] --START--
INFO: Run Behavior\BuildLiteBehavior [ RunTime:0.000017s ]
INFO: [ app_init ] --END-- [ RunTime:0.000394s ]
ERR: 无法加载模块:Vod-play-id-999-src-1-num-1.html

[ 2017-05-02T03:06:43+08:00 ] 42.236.99.206 /index.php?m=vod-list-id-7-pg-1-order--by--class--year-2002-letter--area--lang-.html
INFO: [ app_init ] --START--
INFO: Run Behavior\BuildLiteBehavior [ RunTime:0.000018s ]
INFO: [ app_init ] --END-- [ RunTime:0.000426s ]
ERR: 无法加载模块:Vod-list-id-7-pg-1-order--by--class--year-2002-letter--area--lang-.html

[ 2017-05-02T03:06:43+08:00 ] 180.153.236.109 /index.php?s=vod-play-id-29-sid-0-pid-1.html
INFO: [ app_init ] --START--
INFO: Run Behavior\BuildLiteBehavior [ RunTime:0.000019s ]
INFO: [ app_init ] --END-- [ RunTime:0.000306s ]
ERR: 无法加载模块:Vod-play-id-29-sid-0-pid-1

[ 2017-05-02T03:06:43+08:00 ] 180.153.236.101 /index.php?m=vod-play-id-560-src-1-num-1.html
INFO: [ app_init ] --START--
INFO: Run Behavior\BuildLiteBehavior [ RunTime:0.000018s ]
INFO: [ app_init ] --END-- [ RunTime:0.000312s ]
ERR: 无法加载模块:Vod-play-id-560-src-1-num-1.html

[ 2017-05-02T03:06:43+08:00 ] 180.153.236.157 /index.php?s=vod-play-id-1373-sid-0-pid-1.html
INFO: [ app_init ] --START--
INFO: Run Behavior\BuildLiteBehavior [ RunTime:0.000015s ]
INFO: [ app_init ] --END-- [ RunTime:0.000388s ]
ERR: 无法加载模块:Vod-play-id-1373-sid-0-pid-1

