[ 2017-04-07T11:38:14+08:00 ] 42.236.99.230 /index.php?m=vod-list-id-4-pg-1-order--by--class-0-year-2004-letter-P-area--lang-.html
INFO: [ app_init ] --START--
INFO: Run Behavior\BuildLiteBehavior [ RunTime:0.000020s ]
INFO: [ app_init ] --END-- [ RunTime:0.000390s ]
ERR: 无法加载模块:Vod-list-id-4-pg-1-order--by--class-0-year-2004-letter-P-area--lang-.html

[ 2017-04-07T11:38:14+08:00 ] 42.236.99.9 /index.php?m=vod-list-id-2-pg-1-order--by--class--year--letter-R-area--lang-.html
INFO: [ app_init ] --START--
INFO: Run Behavior\BuildLiteBehavior [ RunTime:0.000014s ]
INFO: [ app_init ] --END-- [ RunTime:0.000394s ]
ERR: 无法加载模块:Vod-list-id-2-pg-1-order--by--class--year--letter-R-area--lang-.html

[ 2017-04-07T11:38:14+08:00 ] 42.236.10.112 /index.php?m=vod-search-pg-237-starring-yuanyuan.html
INFO: [ app_init ] --START--
INFO: Run Behavior\BuildLiteBehavior [ RunTime:0.000035s ]
INFO: [ app_init ] --END-- [ RunTime:0.000592s ]
ERR: 无法加载模块:Vod-search-pg-237-starring-yuanyuan.html

[ 2017-04-07T11:38:14+08:00 ] 42.236.10.72 /index.php?s=vod-play-id-646-sid-0-pid-1.html
INFO: [ app_init ] --START--
INFO: Run Behavior\BuildLiteBehavior [ RunTime:0.000015s ]
INFO: [ app_init ] --END-- [ RunTime:0.000315s ]
ERR: 无法加载模块:Vod-play-id-646-sid-0-pid-1

[ 2017-04-07T11:38:14+08:00 ] 42.236.10.75 /index.php?m=vod-list-id-5-pg-1-order--by--class--year--letter-X-area--lang-.html
INFO: [ app_init ] --START--
INFO: Run Behavior\BuildLiteBehavior [ RunTime:0.000015s ]
INFO: [ app_init ] --END-- [ RunTime:0.000325s ]
ERR: 无法加载模块:Vod-list-id-5-pg-1-order--by--class--year--letter-X-area--lang-.html

[ 2017-04-07T11:38:14+08:00 ] 42.236.99.166 /index.php?m=vod-play-id-2068-src-1-num-1.html
INFO: [ app_init ] --START--
INFO: Run Behavior\BuildLiteBehavior [ RunTime:0.000014s ]
INFO: [ app_init ] --END-- [ RunTime:0.000366s ]
ERR: 无法加载模块:Vod-play-id-2068-src-1-num-1.html

[ 2017-04-07T11:38:14+08:00 ] 42.236.99.16 /index.php?s=vod-play-id-922-sid-0-pid-1.html
INFO: [ app_init ] --START--
INFO: Run Behavior\BuildLiteBehavior [ RunTime:0.000018s ]
INFO: [ app_init ] --END-- [ RunTime:0.000373s ]
ERR: 无法加载模块:Vod-play-id-922-sid-0-pid-1

[ 2017-04-07T11:38:14+08:00 ] 42.236.10.80 /index.php?m=vod-play-id-10-src-1-num-1.html
INFO: [ app_init ] --START--
INFO: Run Behavior\BuildLiteBehavior [ RunTime:0.000014s ]
INFO: [ app_init ] --END-- [ RunTime:0.000305s ]
ERR: 无法加载模块:Vod-play-id-10-src-1-num-1.html

[ 2017-04-07T11:38:15+08:00 ] 42.236.99.154 /index.php?s=gb-show-id-537.html
INFO: [ app_init ] --START--
INFO: Run Behavior\BuildLiteBehavior [ RunTime:0.000021s ]
INFO: [ app_init ] --END-- [ RunTime:0.000450s ]
ERR: 无法加载模块:Gb-show-id-537

[ 2017-04-07T11:38:15+08:00 ] 42.236.10.82 /index.php?s=vod-play-id-1534-sid-0-pid-1.html
INFO: [ app_init ] --START--
INFO: Run Behavior\BuildLiteBehavior [ RunTime:0.000019s ]
INFO: [ app_init ] --END-- [ RunTime:0.000474s ]
ERR: 无法加载模块:Vod-play-id-1534-sid-0-pid-1

[ 2017-04-07T11:38:15+08:00 ] 42.236.10.105 /index.php?m=vod-play-id-2391-src-1-num-1.html
INFO: [ app_init ] --START--
INFO: Run Behavior\BuildLiteBehavior [ RunTime:0.000014s ]
INFO: [ app_init ] --END-- [ RunTime:0.000333s ]
ERR: 无法加载模块:Vod-play-id-2391-src-1-num-1.html

[ 2017-04-07T11:38:15+08:00 ] 42.236.99.206 /index.php?m=vod-list-id-1-pg-1-order--by-score-class-13-year-2001-letter--area--lang-.html
INFO: [ app_init ] --START--
INFO: Run Behavior\BuildLiteBehavior [ RunTime:0.000014s ]
INFO: [ app_init ] --END-- [ RunTime:0.000313s ]
ERR: 无法加载模块:Vod-list-id-1-pg-1-order--by-score-class-13-year-2001-letter--area--lang-.html

[ 2017-04-07T11:38:16+08:00 ] 42.236.99.30 /index.php?s=gb-show-p-524.html
INFO: [ app_init ] --START--
INFO: Run Behavior\BuildLiteBehavior [ RunTime:0.000014s ]
INFO: [ app_init ] --END-- [ RunTime:0.000327s ]
ERR: 无法加载模块:Gb-show-p-524

[ 2017-04-07T11:38:16+08:00 ] 42.236.99.72 /index.php?m=vod-search-pg-2-starring-yuanyuan-classid-47.html
INFO: [ app_init ] --START--
INFO: Run Behavior\BuildLiteBehavior [ RunTime:0.000013s ]
INFO: [ app_init ] --END-- [ RunTime:0.000334s ]
ERR: 无法加载模块:Vod-search-pg-2-starring-yuanyuan-classid-47.html

[ 2017-04-07T11:38:16+08:00 ] 180.153.236.67 /index.php?m=vod-play-id-707-src-1-num-1.html
INFO: [ app_init ] --START--
INFO: Run Behavior\BuildLiteBehavior [ RunTime:0.000019s ]
INFO: [ app_init ] --END-- [ RunTime:0.000319s ]
ERR: 无法加载模块:Vod-play-id-707-src-1-num-1.html

[ 2017-04-07T11:38:16+08:00 ] 42.236.10.84 /index.php?m=vod-play-id-127-src-1-num-1.html
INFO: [ app_init ] --START--
INFO: Run Behavior\BuildLiteBehavior [ RunTime:0.000012s ]
INFO: [ app_init ] --END-- [ RunTime:0.001079s ]
ERR: 无法加载模块:Vod-play-id-127-src-1-num-1.html

[ 2017-04-07T11:38:17+08:00 ] 42.236.10.75 /index.php?m=vod-play-id-1605-src-1-num-1.html
INFO: [ app_init ] --START--
INFO: Run Behavior\BuildLiteBehavior [ RunTime:0.000014s ]
INFO: [ app_init ] --END-- [ RunTime:0.000458s ]
ERR: 无法加载模块:Vod-play-id-1605-src-1-num-1.html

[ 2017-04-07T11:38:18+08:00 ] 42.236.99.58 /index.php?m=vod-play-id-313-src-1-num-1.html
INFO: [ app_init ] --START--
INFO: Run Behavior\BuildLiteBehavior [ RunTime:0.000014s ]
INFO: [ app_init ] --END-- [ RunTime:0.000307s ]
ERR: 无法加载模块:Vod-play-id-313-src-1-num-1.html

[ 2017-04-07T11:38:23+08:00 ] 42.236.99.58 /index.php?s=vod-play-id-403-sid-0-pid-1.html
INFO: [ app_init ] --START--
INFO: Run Behavior\BuildLiteBehavior [ RunTime:0.000013s ]
INFO: [ app_init ] --END-- [ RunTime:0.000301s ]
ERR: 无法加载模块:Vod-play-id-403-sid-0-pid-1

