[ 2017-09-12T05:10:20+08:00 ] 42.236.99.16 /index.php?m=vod-play-id-293-src-1-num-1.html
INFO: [ app_init ] --START--
INFO: Run Behavior\BuildLiteBehavior [ RunTime:0.000000s ]
INFO: [ app_init ] --END-- [ RunTime:0.000976s ]
ERR: 无法加载模块:Vod-play-id-293-src-1-num-1.html

[ 2017-09-12T05:10:20+08:00 ] 180.153.232.170 /index.php?m=vod-search-pg-235-starring-yuanyuan-by-hits.html
INFO: [ app_init ] --START--
INFO: Run Behavior\BuildLiteBehavior [ RunTime:0.000000s ]
INFO: [ app_init ] --END-- [ RunTime:0.000000s ]
ERR: 无法加载模块:Vod-search-pg-235-starring-yuanyuan-by-hits.html

[ 2017-09-12T05:10:20+08:00 ] 42.236.103.66 /index.php?s=vod-play-id-873-sid-0-pid-1.html
INFO: [ app_init ] --START--
INFO: Run Behavior\BuildLiteBehavior [ RunTime:0.000000s ]
INFO: [ app_init ] --END-- [ RunTime:0.000976s ]
ERR: 无法加载模块:Vod-play-id-873-sid-0-pid-1

[ 2017-09-12T05:10:21+08:00 ] 180.153.236.117 /index.php?s=vod-play-id-1363-sid-0-pid-1.html
INFO: [ app_init ] --START--
INFO: Run Behavior\BuildLiteBehavior [ RunTime:0.000000s ]
INFO: [ app_init ] --END-- [ RunTime:0.000976s ]
ERR: 无法加载模块:Vod-play-id-1363-sid-0-pid-1

[ 2017-09-12T05:10:21+08:00 ] 42.236.99.16 /index.php?m=vod-play-id-139-src-1-num-1.html
INFO: [ app_init ] --START--
INFO: Run Behavior\BuildLiteBehavior [ RunTime:0.000000s ]
INFO: [ app_init ] --END-- [ RunTime:0.000976s ]
ERR: 无法加载模块:Vod-play-id-139-src-1-num-1.html

[ 2017-09-12T05:10:21+08:00 ] 42.236.99.86 /index.php?s=gb-show-id-423.html
INFO: [ app_init ] --START--
INFO: Run Behavior\BuildLiteBehavior [ RunTime:0.000000s ]
INFO: [ app_init ] --END-- [ RunTime:0.000977s ]
ERR: 无法加载模块:Gb-show-id-423

[ 2017-09-12T05:10:22+08:00 ] 42.236.99.2 /index.php?m=vod-list-id-4-pg-1-order--by--class-0-year-2008-letter-U-area-%E6%B3%95%E5%9B%BD-lang-.html
INFO: [ app_init ] --START--
INFO: Run Behavior\BuildLiteBehavior [ RunTime:0.000000s ]
INFO: [ app_init ] --END-- [ RunTime:0.000977s ]
ERR: 无法加载模块:Vod-list-id-4-pg-1-order--by--class-0-year-2008-letter-U-area-法国-lang-.html

[ 2017-09-12T05:10:22+08:00 ] 42.236.99.230 /index.php?s=gb-show-id-1810.html
INFO: [ app_init ] --START--
INFO: Run Behavior\BuildLiteBehavior [ RunTime:0.000000s ]
INFO: [ app_init ] --END-- [ RunTime:0.000977s ]
ERR: 无法加载模块:Gb-show-id-1810

[ 2017-09-12T05:10:22+08:00 ] 42.236.99.16 /index.php?s=vod-play-id-816-sid-0-pid-1.html
INFO: [ app_init ] --START--
INFO: Run Behavior\BuildLiteBehavior [ RunTime:0.000000s ]
INFO: [ app_init ] --END-- [ RunTime:0.000976s ]
ERR: 无法加载模块:Vod-play-id-816-sid-0-pid-1

[ 2017-09-12T05:10:22+08:00 ] 42.236.12.150 /index.php?s=vod-play-id-339-sid-0-pid-1.html
INFO: [ app_init ] --START--
INFO: Run Behavior\BuildLiteBehavior [ RunTime:0.000000s ]
INFO: [ app_init ] --END-- [ RunTime:0.001953s ]
ERR: 无法加载模块:Vod-play-id-339-sid-0-pid-1

[ 2017-09-12T05:10:22+08:00 ] 42.236.99.51 /index.php?m=vod-list-id-2-pg-1-order--by--class-0-year--letter-T-area--lang-.html
INFO: [ app_init ] --START--
INFO: Run Behavior\BuildLiteBehavior [ RunTime:0.000000s ]
INFO: [ app_init ] --END-- [ RunTime:0.000000s ]
ERR: 无法加载模块:Vod-list-id-2-pg-1-order--by--class-0-year--letter-T-area--lang-.html

