[ 2017-09-21T14:34:31+08:00 ] 42.236.12.170 /index.php?m=vod-play-id-2497-src-1-num-1.html
INFO: [ app_init ] --START--
INFO: Run Behavior\BuildLiteBehavior [ RunTime:0.000000s ]
INFO: [ app_init ] --END-- [ RunTime:0.000976s ]
ERR: 无法加载模块:Vod-play-id-2497-src-1-num-1.html

[ 2017-09-21T14:34:32+08:00 ] 42.236.102.23 /index.php?s=gb-show-id-795.html
INFO: [ app_init ] --START--
INFO: Run Behavior\BuildLiteBehavior [ RunTime:0.000000s ]
INFO: [ app_init ] --END-- [ RunTime:0.000000s ]
ERR: 无法加载模块:Gb-show-id-795

[ 2017-09-21T14:34:32+08:00 ] 42.236.99.23 /index.php?s=gb-show-id-896.html
INFO: [ app_init ] --START--
INFO: Run Behavior\BuildLiteBehavior [ RunTime:0.000000s ]
INFO: [ app_init ] --END-- [ RunTime:0.000976s ]
ERR: 无法加载模块:Gb-show-id-896

[ 2017-09-21T14:34:32+08:00 ] 42.236.55.21 /index.php?m=vod-play-id-2442-src-1-num-1.html
INFO: [ app_init ] --START--
INFO: Run Behavior\BuildLiteBehavior [ RunTime:0.000000s ]
INFO: [ app_init ] --END-- [ RunTime:0.000977s ]
ERR: 无法加载模块:Vod-play-id-2442-src-1-num-1.html

[ 2017-09-21T14:34:32+08:00 ] 42.236.102.23 /index.php?s=vod-play-id-611-sid-0-pid-1.html
INFO: [ app_init ] --START--
INFO: Run Behavior\BuildLiteBehavior [ RunTime:0.000000s ]
INFO: [ app_init ] --END-- [ RunTime:0.000000s ]
ERR: 无法加载模块:Vod-play-id-611-sid-0-pid-1

[ 2017-09-21T14:34:32+08:00 ] 42.236.12.170 /index.php?s=gb-show-id-453.html
INFO: [ app_init ] --START--
INFO: Run Behavior\BuildLiteBehavior [ RunTime:0.000000s ]
INFO: [ app_init ] --END-- [ RunTime:0.000000s ]
ERR: 无法加载模块:Gb-show-id-453

[ 2017-09-21T14:34:32+08:00 ] 42.236.12.150 /index.php?s=vod-play-id-1127-sid-0-pid-1.html
INFO: [ app_init ] --START--
INFO: Run Behavior\BuildLiteBehavior [ RunTime:0.000000s ]
INFO: [ app_init ] --END-- [ RunTime:0.000000s ]
ERR: 无法加载模块:Vod-play-id-1127-sid-0-pid-1

[ 2017-09-21T14:34:32+08:00 ] 42.236.12.130 /index.php?s=gb-show-id-1276.html
INFO: [ app_init ] --START--
INFO: Run Behavior\BuildLiteBehavior [ RunTime:0.000000s ]
INFO: [ app_init ] --END-- [ RunTime:0.000000s ]
ERR: 无法加载模块:Gb-show-id-1276

[ 2017-09-21T14:34:32+08:00 ] 42.236.12.150 /index.php?s=gb-show-id-890.html
INFO: [ app_init ] --START--
INFO: Run Behavior\BuildLiteBehavior [ RunTime:0.000000s ]
INFO: [ app_init ] --END-- [ RunTime:0.000000s ]
ERR: 无法加载模块:Gb-show-id-890

[ 2017-09-21T14:34:32+08:00 ] 42.236.99.51 /index.php?m=vod-list-id-4-pg-1-order--by--class-0-year-2009-letter--area-%E6%96%B0%E5%8A%A0%E5%9D%A1-lang-.html
INFO: [ app_init ] --START--
INFO: Run Behavior\BuildLiteBehavior [ RunTime:0.000000s ]
INFO: [ app_init ] --END-- [ RunTime:0.000977s ]
ERR: 无法加载模块:Vod-list-id-4-pg-1-order--by--class-0-year-2009-letter--area-新加坡-lang-.html

[ 2017-09-21T14:34:33+08:00 ] 42.236.101.214 /index.php?m=vod-play-id-2507-src-1-num-1.html
INFO: [ app_init ] --START--
INFO: Run Behavior\BuildLiteBehavior [ RunTime:0.000000s ]
INFO: [ app_init ] --END-- [ RunTime:0.000977s ]
ERR: 无法加载模块:Vod-play-id-2507-src-1-num-1.html

[ 2017-09-21T14:34:33+08:00 ] 42.236.12.190 /index.php?s=gb-show-id-473.html
INFO: [ app_init ] --START--
INFO: Run Behavior\BuildLiteBehavior [ RunTime:0.000000s ]
INFO: [ app_init ] --END-- [ RunTime:0.000977s ]
ERR: 无法加载模块:Gb-show-id-473

[ 2017-09-21T14:34:33+08:00 ] 42.236.55.41 /index.php?s=vod-play-id-1857-sid-0-pid-1.html
INFO: [ app_init ] --START--
INFO: Run Behavior\BuildLiteBehavior [ RunTime:0.000000s ]
INFO: [ app_init ] --END-- [ RunTime:0.000977s ]
ERR: 无法加载模块:Vod-play-id-1857-sid-0-pid-1

[ 2017-09-21T14:34:33+08:00 ] 42.236.54.2 /index.php?m=vod-play-id-2444-src-1-num-1.html
INFO: [ app_init ] --START--
INFO: Run Behavior\BuildLiteBehavior [ RunTime:0.000000s ]
INFO: [ app_init ] --END-- [ RunTime:0.000000s ]
ERR: 无法加载模块:Vod-play-id-2444-src-1-num-1.html

[ 2017-09-21T14:34:33+08:00 ] 42.236.55.41 /index.php?s=gb-show-id-2055.html
INFO: [ app_init ] --START--
INFO: Run Behavior\BuildLiteBehavior [ RunTime:0.000000s ]
INFO: [ app_init ] --END-- [ RunTime:0.000000s ]
ERR: 无法加载模块:Gb-show-id-2055

[ 2017-09-21T14:34:33+08:00 ] 42.236.54.2 /index.php?m=vod-play-id-1304-src-1-num-1.html
INFO: [ app_init ] --START--
INFO: Run Behavior\BuildLiteBehavior [ RunTime:0.000000s ]
INFO: [ app_init ] --END-- [ RunTime:0.000977s ]
ERR: 无法加载模块:Vod-play-id-1304-src-1-num-1.html

[ 2017-09-21T14:34:34+08:00 ] 42.236.12.170 /index.php?s=vod-play-id-1930-sid-0-pid-1.html
INFO: [ app_init ] --START--
INFO: Run Behavior\BuildLiteBehavior [ RunTime:0.000977s ]
INFO: [ app_init ] --END-- [ RunTime:0.000977s ]
ERR: 无法加载模块:Vod-play-id-1930-sid-0-pid-1

[ 2017-09-21T14:34:34+08:00 ] 42.236.55.41 /index.php?s=gb-show-id-804.html
INFO: [ app_init ] --START--
INFO: Run Behavior\BuildLiteBehavior [ RunTime:0.000000s ]
INFO: [ app_init ] --END-- [ RunTime:0.000000s ]
ERR: 无法加载模块:Gb-show-id-804

[ 2017-09-21T14:34:34+08:00 ] 42.236.102.23 /index.php?m=vod-search-pg-235-starring-yuanyuan-classid-13.html
INFO: [ app_init ] --START--
INFO: Run Behavior\BuildLiteBehavior [ RunTime:0.000976s ]
INFO: [ app_init ] --END-- [ RunTime:0.000976s ]
ERR: 无法加载模块:Vod-search-pg-235-starring-yuanyuan-classid-13.html

