[ 2017-04-30T14:14:15+08:00 ] 42.236.99.142 /index.php?m=vod-play-id-1565-src-1-num-1.html
INFO: [ app_init ] --START--
INFO: Run Behavior\BuildLiteBehavior [ RunTime:0.000014s ]
INFO: [ app_init ] --END-- [ RunTime:0.000313s ]
ERR: 无法加载模块:Vod-play-id-1565-src-1-num-1.html

[ 2017-04-30T14:14:15+08:00 ] 42.236.10.114 /index.php?s=vod-play-id-788-sid-0-pid-1.html
INFO: [ app_init ] --START--
INFO: Run Behavior\BuildLiteBehavior [ RunTime:0.000014s ]
INFO: [ app_init ] --END-- [ RunTime:0.000292s ]
ERR: 无法加载模块:Vod-play-id-788-sid-0-pid-1

[ 2017-04-30T14:14:15+08:00 ] 42.236.10.83 /index.php?m=vod-list-id-1-pg-1-order--by-time-class--year--letter--area--lang-.html
INFO: [ app_init ] --START--
INFO: Run Behavior\BuildLiteBehavior [ RunTime:0.000014s ]
INFO: [ app_init ] --END-- [ RunTime:0.000316s ]
ERR: 无法加载模块:Vod-list-id-1-pg-1-order--by-time-class--year--letter--area--lang-.html

[ 2017-04-30T14:14:15+08:00 ] 42.236.99.9 /index.php?s=gb-show-id-236.html
INFO: [ app_init ] --START--
INFO: Run Behavior\BuildLiteBehavior [ RunTime:0.000022s ]
INFO: [ app_init ] --END-- [ RunTime:0.000478s ]
ERR: 无法加载模块:Gb-show-id-236

[ 2017-04-30T14:14:15+08:00 ] 42.236.99.242 /index.php?m=vod-play-id-12-src-1-num-1.html
INFO: [ app_init ] --START--
INFO: Run Behavior\BuildLiteBehavior [ RunTime:0.000020s ]
INFO: [ app_init ] --END-- [ RunTime:0.000439s ]
ERR: 无法加载模块:Vod-play-id-12-src-1-num-1.html

[ 2017-04-30T14:14:15+08:00 ] 42.236.10.102 /index.php?s=vod-play-id-291-sid-0-pid-1.html
INFO: [ app_init ] --START--
INFO: Run Behavior\BuildLiteBehavior [ RunTime:0.000019s ]
INFO: [ app_init ] --END-- [ RunTime:0.000441s ]
ERR: 无法加载模块:Vod-play-id-291-sid-0-pid-1

[ 2017-04-30T14:14:16+08:00 ] 42.236.99.86 /index.php?s=vod-play-id-1820-sid-0-pid-1.html
INFO: [ app_init ] --START--
INFO: Run Behavior\BuildLiteBehavior [ RunTime:0.000020s ]
INFO: [ app_init ] --END-- [ RunTime:0.000454s ]
ERR: 无法加载模块:Vod-play-id-1820-sid-0-pid-1

[ 2017-04-30T14:14:16+08:00 ] 42.236.10.78 /index.php?m=vod-play-id-2283-src-1-num-1.html
INFO: [ app_init ] --START--
INFO: Run Behavior\BuildLiteBehavior [ RunTime:0.000014s ]
INFO: [ app_init ] --END-- [ RunTime:0.000302s ]
ERR: 无法加载模块:Vod-play-id-2283-src-1-num-1.html

[ 2017-04-30T14:14:16+08:00 ] 42.236.99.230 /index.php?s=gb-show-p-2066.html
INFO: [ app_init ] --START--
INFO: Run Behavior\BuildLiteBehavior [ RunTime:0.000020s ]
INFO: [ app_init ] --END-- [ RunTime:0.000390s ]
ERR: 无法加载模块:Gb-show-p-2066

[ 2017-04-30T14:14:16+08:00 ] 42.236.99.166 /index.php?m=vod-list-id-7-pg-1-order--by--class--year-2005-letter--area--lang-.html
INFO: [ app_init ] --START--
INFO: Run Behavior\BuildLiteBehavior [ RunTime:0.000016s ]
INFO: [ app_init ] --END-- [ RunTime:0.000391s ]
ERR: 无法加载模块:Vod-list-id-7-pg-1-order--by--class--year-2005-letter--area--lang-.html

[ 2017-04-30T14:14:16+08:00 ] 42.236.99.242 /index.php?m=vod-search-pg-1-starring-yuanyuan-letter-N.html
INFO: [ app_init ] --START--
INFO: Run Behavior\BuildLiteBehavior [ RunTime:0.000015s ]
INFO: [ app_init ] --END-- [ RunTime:0.000290s ]
ERR: 无法加载模块:Vod-search-pg-1-starring-yuanyuan-letter-N.html

[ 2017-04-30T14:14:16+08:00 ] 42.236.99.79 /index.php?m=vod-list-id-4-pg-1-order--by--class-0-year-2004-letter-Y-area--lang-.html
INFO: [ app_init ] --START--
INFO: Run Behavior\BuildLiteBehavior [ RunTime:0.000025s ]
INFO: [ app_init ] --END-- [ RunTime:0.000282s ]
ERR: 无法加载模块:Vod-list-id-4-pg-1-order--by--class-0-year-2004-letter-Y-area--lang-.html

[ 2017-04-30T14:14:16+08:00 ] 42.236.10.83 /index.php?s=gb-show-id-1306.html
INFO: [ app_init ] --START--
INFO: Run Behavior\BuildLiteBehavior [ RunTime:0.000016s ]
INFO: [ app_init ] --END-- [ RunTime:0.005662s ]
ERR: 无法加载模块:Gb-show-id-1306

[ 2017-04-30T14:14:16+08:00 ] 42.236.10.83 /index.php?m=vod-play-id-563-src-1-num-1.html
INFO: [ app_init ] --START--
INFO: Run Behavior\BuildLiteBehavior [ RunTime:0.000016s ]
INFO: [ app_init ] --END-- [ RunTime:0.000439s ]
ERR: 无法加载模块:Vod-play-id-563-src-1-num-1.html

[ 2017-04-30T14:14:16+08:00 ] 42.236.99.178 /index.php?m=vod-play-id-2035-src-1-num-1.html
INFO: [ app_init ] --START--
INFO: Run Behavior\BuildLiteBehavior [ RunTime:0.000012s ]
INFO: [ app_init ] --END-- [ RunTime:0.004345s ]
ERR: 无法加载模块:Vod-play-id-2035-src-1-num-1.html

[ 2017-04-30T14:14:16+08:00 ] 42.236.10.82 /index.php?s=vod-play-id-648-sid-0-pid-1.html
INFO: [ app_init ] --START--
INFO: Run Behavior\BuildLiteBehavior [ RunTime:0.000014s ]
INFO: [ app_init ] --END-- [ RunTime:0.000346s ]
ERR: 无法加载模块:Vod-play-id-648-sid-0-pid-1

[ 2017-04-30T14:14:17+08:00 ] 42.236.10.102 /index.php?m=vod-play-id-262-src-1-num-1.html
INFO: [ app_init ] --START--
INFO: Run Behavior\BuildLiteBehavior [ RunTime:0.000014s ]
INFO: [ app_init ] --END-- [ RunTime:0.000367s ]
ERR: 无法加载模块:Vod-play-id-262-src-1-num-1.html

[ 2017-04-30T14:14:17+08:00 ] 42.236.99.72 /index.php?m=vod-play-id-1707-src-1-num-1.html
INFO: [ app_init ] --START--
INFO: Run Behavior\BuildLiteBehavior [ RunTime:0.000018s ]
INFO: [ app_init ] --END-- [ RunTime:0.000538s ]
ERR: 无法加载模块:Vod-play-id-1707-src-1-num-1.html

[ 2017-04-30T14:14:17+08:00 ] 42.236.10.110 /index.php?m=vod-search-pg-2-starring-yuanyuan-classid-58.html
INFO: [ app_init ] --START--
INFO: Run Behavior\BuildLiteBehavior [ RunTime:0.000018s ]
INFO: [ app_init ] --END-- [ RunTime:0.000455s ]
ERR: 无法加载模块:Vod-search-pg-2-starring-yuanyuan-classid-58.html

[ 2017-04-30T14:14:17+08:00 ] 42.236.99.194 /index.php?m=vod-play-id-639-src-1-num-1.html
INFO: [ app_init ] --START--
INFO: Run Behavior\BuildLiteBehavior [ RunTime:0.000026s ]
INFO: [ app_init ] --END-- [ RunTime:0.000437s ]
ERR: 无法加载模块:Vod-play-id-639-src-1-num-1.html

[ 2017-04-30T14:14:17+08:00 ] 42.236.99.178 /index.php?s=vod-play-id-1377-sid-0-pid-1.html
INFO: [ app_init ] --START--
INFO: Run Behavior\BuildLiteBehavior [ RunTime:0.000020s ]
INFO: [ app_init ] --END-- [ RunTime:0.000375s ]
ERR: 无法加载模块:Vod-play-id-1377-sid-0-pid-1

[ 2017-04-30T14:14:18+08:00 ] 42.236.99.130 /index.php?m=vod-list-id-5-pg-1-order--by--class--year--letter--area-%E8%A5%BF%E7%8F%AD%E7%89%99-lang-.html
INFO: [ app_init ] --START--
INFO: Run Behavior\BuildLiteBehavior [ RunTime:0.000019s ]
INFO: [ app_init ] --END-- [ RunTime:0.000640s ]
ERR: 无法加载模块:Vod-list-id-5-pg-1-order--by--class--year--letter--area-西班牙-lang-.html

