[ 2017-06-28T17:38:38+08:00 ] 42.236.102.23 /index.php?m=vod-search-pg-2-year-2000-starring-yuanyuan.html
INFO: [ app_init ] --START--
INFO: Run Behavior\BuildLiteBehavior [ RunTime:0.000000s ]
INFO: [ app_init ] --END-- [ RunTime:0.000977s ]
ERR: 无法加载模块:Vod-search-pg-2-year-2000-starring-yuanyuan.html

[ 2017-06-28T17:38:38+08:00 ] 42.236.103.106 /index.php?m=vod-play-id-2410-src-1-num-1.html
INFO: [ app_init ] --START--
INFO: Run Behavior\BuildLiteBehavior [ RunTime:0.000000s ]
INFO: [ app_init ] --END-- [ RunTime:0.000000s ]
ERR: 无法加载模块:Vod-play-id-2410-src-1-num-1.html

[ 2017-06-28T17:38:39+08:00 ] 42.236.10.84 /index.php?m=vod-list-id-4-pg-1-order--by--class-0-year-2006-letter-U-area-%E6%B3%95%E5%9B%BD-lang-.html
INFO: [ app_init ] --START--
INFO: Run Behavior\BuildLiteBehavior [ RunTime:0.000000s ]
INFO: [ app_init ] --END-- [ RunTime:0.000000s ]
ERR: 无法加载模块:Vod-list-id-4-pg-1-order--by--class-0-year-2006-letter-U-area-法国-lang-.html

[ 2017-06-28T17:38:39+08:00 ] 42.236.10.76 /index.php?m=vod-search-pg-2-starring-yuanyuan-letter-X.html
INFO: [ app_init ] --START--
INFO: Run Behavior\BuildLiteBehavior [ RunTime:0.000000s ]
INFO: [ app_init ] --END-- [ RunTime:0.000976s ]
ERR: 无法加载模块:Vod-search-pg-2-starring-yuanyuan-letter-X.html

[ 2017-06-28T17:38:39+08:00 ] 42.236.103.106 /index.php?m=vod-list-id-2-pg-1-order--by--class--year-0-letter-O-area--lang-.html
INFO: [ app_init ] --START--
INFO: Run Behavior\BuildLiteBehavior [ RunTime:0.000000s ]
INFO: [ app_init ] --END-- [ RunTime:0.000000s ]
ERR: 无法加载模块:Vod-list-id-2-pg-1-order--by--class--year-0-letter-O-area--lang-.html

[ 2017-06-28T17:38:39+08:00 ] 42.236.103.106 /index.php?s=gb-show-id-1920.html
INFO: [ app_init ] --START--
INFO: Run Behavior\BuildLiteBehavior [ RunTime:0.000000s ]
INFO: [ app_init ] --END-- [ RunTime:0.000976s ]
ERR: 无法加载模块:Gb-show-id-1920

[ 2017-06-28T17:38:39+08:00 ] 180.153.236.51 /index.php?s=vod-play-id-1665-sid-0-pid-1.html
INFO: [ app_init ] --START--
INFO: Run Behavior\BuildLiteBehavior [ RunTime:0.000000s ]
INFO: [ app_init ] --END-- [ RunTime:0.000977s ]
ERR: 无法加载模块:Vod-play-id-1665-sid-0-pid-1

[ 2017-06-28T17:38:39+08:00 ] 42.236.102.23 /index.php?s=vod-play-id-1653-sid-0-pid-1.html
INFO: [ app_init ] --START--
INFO: Run Behavior\BuildLiteBehavior [ RunTime:0.000000s ]
INFO: [ app_init ] --END-- [ RunTime:0.000977s ]
ERR: 无法加载模块:Vod-play-id-1653-sid-0-pid-1

[ 2017-06-28T17:38:39+08:00 ] 42.236.10.74 /index.php?s=vod-play-id-497-sid-0-pid-1.html
INFO: [ app_init ] --START--
INFO: Run Behavior\BuildLiteBehavior [ RunTime:0.000000s ]
INFO: [ app_init ] --END-- [ RunTime:0.000977s ]
ERR: 无法加载模块:Vod-play-id-497-sid-0-pid-1

[ 2017-06-28T17:38:42+08:00 ] 180.153.232.170 /index.php?m=vod-list-id-2-pg-1-order--by--class--year-0-letter-I-area--lang-.html
INFO: [ app_init ] --START--
INFO: Run Behavior\BuildLiteBehavior [ RunTime:0.000000s ]
INFO: [ app_init ] --END-- [ RunTime:0.000976s ]
ERR: 无法加载模块:Vod-list-id-2-pg-1-order--by--class--year-0-letter-I-area--lang-.html

[ 2017-06-28T17:38:43+08:00 ] 42.236.54.42 /index.php?s=vod-play-id-896-sid-0-pid-1.html
INFO: [ app_init ] --START--
INFO: Run Behavior\BuildLiteBehavior [ RunTime:0.000000s ]
INFO: [ app_init ] --END-- [ RunTime:0.000976s ]
ERR: 无法加载模块:Vod-play-id-896-sid-0-pid-1

[ 2017-06-28T17:38:43+08:00 ] 42.236.10.71 /index.php?m=vod-list-id-6-pg-8-order--by-score-class-0-year-0-letter--area--lang-.html
INFO: [ app_init ] --START--
INFO: Run Behavior\BuildLiteBehavior [ RunTime:0.000000s ]
INFO: [ app_init ] --END-- [ RunTime:0.000977s ]
ERR: 无法加载模块:Vod-list-id-6-pg-8-order--by-score-class-0-year-0-letter--area--lang-.html

[ 2017-06-28T17:38:43+08:00 ] 42.236.99.72 /index.php?m=vod-play-id-2088-src-1-num-1.html
INFO: [ app_init ] --START--
INFO: Run Behavior\BuildLiteBehavior [ RunTime:0.000000s ]
INFO: [ app_init ] --END-- [ RunTime:0.000000s ]
ERR: 无法加载模块:Vod-play-id-2088-src-1-num-1.html

[ 2017-06-28T17:38:43+08:00 ] 42.236.10.108 /index.php?s=gb-show-id-177.html
INFO: [ app_init ] --START--
INFO: Run Behavior\BuildLiteBehavior [ RunTime:0.000000s ]
INFO: [ app_init ] --END-- [ RunTime:0.000976s ]
ERR: 无法加载模块:Gb-show-id-177

[ 2017-06-28T17:38:43+08:00 ] 42.236.99.51 /index.php?s=gb-show-id-1162.html
INFO: [ app_init ] --START--
INFO: Run Behavior\BuildLiteBehavior [ RunTime:0.000000s ]
INFO: [ app_init ] --END-- [ RunTime:0.000977s ]
ERR: 无法加载模块:Gb-show-id-1162

[ 2017-06-28T17:38:43+08:00 ] 42.236.99.23 /index.php?s=gb-show-id-265.html
INFO: [ app_init ] --START--
INFO: Run Behavior\BuildLiteBehavior [ RunTime:0.000000s ]
INFO: [ app_init ] --END-- [ RunTime:0.000977s ]
ERR: 无法加载模块:Gb-show-id-265

[ 2017-06-28T22:21:45+08:00 ] 140.205.201.31 /index.php?m=member&c=index&a=register&siteid=1
INFO: [ app_init ] --START--
INFO: Run Behavior\BuildLiteBehavior [ RunTime:0.000000s ]
INFO: [ app_init ] --END-- [ RunTime:0.001954s ]
ERR: 无法加载模块:Member

[ 2017-06-28T22:21:46+08:00 ] 140.205.201.31 /index.php?m=wap&a=index&siteid=1
INFO: [ app_init ] --START--
INFO: Run Behavior\BuildLiteBehavior [ RunTime:0.000000s ]
INFO: [ app_init ] --END-- [ RunTime:0.000000s ]
ERR: 无法加载模块:Wap

