[ 2017-05-05T02:08:00+08:00 ] 42.236.99.206 /index.php?m=vod-list-id-1-pg-1-order--by-time-class-0-year-0-letter--area-%E6%B3%B0%E5%9B%BD-lang-.html
INFO: [ app_init ] --START--
INFO: Run Behavior\BuildLiteBehavior [ RunTime:0.000000s ]
INFO: [ app_init ] --END-- [ RunTime:0.000977s ]
ERR: 无法加载模块:Vod-list-id-1-pg-1-order--by-time-class-0-year-0-letter--area-泰国-lang-.html

[ 2017-05-05T02:08:00+08:00 ] 42.236.10.113 /index.php?s=vod-play-id-1378-sid-0-pid-1.html
INFO: [ app_init ] --START--
INFO: Run Behavior\BuildLiteBehavior [ RunTime:0.000000s ]
INFO: [ app_init ] --END-- [ RunTime:0.000000s ]
ERR: 无法加载模块:Vod-play-id-1378-sid-0-pid-1

[ 2017-05-05T02:08:00+08:00 ] 42.236.10.100 /index.php?s=vod-play-id-792-sid-0-pid-1.html
INFO: [ app_init ] --START--
INFO: Run Behavior\BuildLiteBehavior [ RunTime:0.000000s ]
INFO: [ app_init ] --END-- [ RunTime:0.000977s ]
ERR: 无法加载模块:Vod-play-id-792-sid-0-pid-1

[ 2017-05-05T02:08:00+08:00 ] 42.236.99.51 /index.php?m=vod-list-id-4-pg-1-order--by--class-0-year-2004-letter-Z-area--lang-.html
INFO: [ app_init ] --START--
INFO: Run Behavior\BuildLiteBehavior [ RunTime:0.000000s ]
INFO: [ app_init ] --END-- [ RunTime:0.000976s ]
ERR: 无法加载模块:Vod-list-id-4-pg-1-order--by--class-0-year-2004-letter-Z-area--lang-.html

[ 2017-05-05T02:08:01+08:00 ] 42.236.99.218 /index.php?s=vod-play-id-295-sid-0-pid-1.html
INFO: [ app_init ] --START--
INFO: Run Behavior\BuildLiteBehavior [ RunTime:0.000000s ]
INFO: [ app_init ] --END-- [ RunTime:0.000976s ]
ERR: 无法加载模块:Vod-play-id-295-sid-0-pid-1

[ 2017-05-05T02:08:01+08:00 ] 42.236.99.142 /index.php?m=vod-play-id-567-src-1-num-1.html
INFO: [ app_init ] --START--
INFO: Run Behavior\BuildLiteBehavior [ RunTime:0.000000s ]
INFO: [ app_init ] --END-- [ RunTime:0.000977s ]
ERR: 无法加载模块:Vod-play-id-567-src-1-num-1.html

[ 2017-05-05T02:08:01+08:00 ] 42.236.99.58 /index.php?m=vod-play-id-171-src-1-num-1.html
INFO: [ app_init ] --START--
INFO: Run Behavior\BuildLiteBehavior [ RunTime:0.000000s ]
INFO: [ app_init ] --END-- [ RunTime:0.000976s ]
ERR: 无法加载模块:Vod-play-id-171-src-1-num-1.html

[ 2017-05-05T02:08:01+08:00 ] 42.236.99.51 /index.php?s=gb-show-id-1400.html
INFO: [ app_init ] --START--
INFO: Run Behavior\BuildLiteBehavior [ RunTime:0.000000s ]
INFO: [ app_init ] --END-- [ RunTime:0.000976s ]
ERR: 无法加载模块:Gb-show-id-1400

[ 2017-05-05T02:08:01+08:00 ] 42.236.10.84 /index.php?m=vod-list-id-2-pg-1-order--by--class--year--letter--area-%E9%9F%A9%E5%9B%BD-lang-.html
INFO: [ app_init ] --START--
INFO: Run Behavior\BuildLiteBehavior [ RunTime:0.000000s ]
INFO: [ app_init ] --END-- [ RunTime:0.000977s ]
ERR: 无法加载模块:Vod-list-id-2-pg-1-order--by--class--year--letter--area-韩国-lang-.html

[ 2017-05-05T03:11:45+08:00 ] 66.249.66.15 /index.php?s=vod-play-id-1700-sid-0-pid-1.html
INFO: [ app_init ] --START--
INFO: Run Behavior\BuildLiteBehavior [ RunTime:0.000000s ]
INFO: [ app_init ] --END-- [ RunTime:0.000977s ]
ERR: 无法加载模块:Vod-play-id-1700-sid-0-pid-1

[ 2017-05-05T21:58:25+08:00 ] 140.205.201.33 /index.php?m=member&c=index&a=register&siteid=1
INFO: [ app_init ] --START--
INFO: Run Behavior\BuildLiteBehavior [ RunTime:0.000000s ]
INFO: [ app_init ] --END-- [ RunTime:0.000977s ]
ERR: 无法加载模块:Member

[ 2017-05-05T21:58:27+08:00 ] 140.205.201.33 /index.php?m=wap&a=index&siteid=1
INFO: [ app_init ] --START--
INFO: Run Behavior\BuildLiteBehavior [ RunTime:0.000000s ]
INFO: [ app_init ] --END-- [ RunTime:0.000977s ]
ERR: 无法加载模块:Wap

