[ 2017-09-04T15:17:15+08:00 ] 42.236.99.242 /index.php?s=gb-show-id-409.html
INFO: [ app_init ] --START--
INFO: Run Behavior\BuildLiteBehavior [ RunTime:0.000000s ]
INFO: [ app_init ] --END-- [ RunTime:0.000000s ]
ERR: 无法加载模块:Gb-show-id-409

[ 2017-09-04T15:17:16+08:00 ] 42.236.101.194 /index.php?s=vod-play-id-275-sid-0-pid-1.html
INFO: [ app_init ] --START--
INFO: Run Behavior\BuildLiteBehavior [ RunTime:0.000000s ]
INFO: [ app_init ] --END-- [ RunTime:0.000977s ]
ERR: 无法加载模块:Vod-play-id-275-sid-0-pid-1

[ 2017-09-04T15:17:16+08:00 ] 42.236.55.41 /index.php?m=vod-list-id-4-pg-1-order--by--class-0-year-2008-letter-Q-area-%E5%8D%B0%E5%BA%A6-lang-.html
INFO: [ app_init ] --START--
INFO: Run Behavior\BuildLiteBehavior [ RunTime:0.000000s ]
INFO: [ app_init ] --END-- [ RunTime:0.000000s ]
ERR: 无法加载模块:Vod-list-id-4-pg-1-order--by--class-0-year-2008-letter-Q-area-印度-lang-.html

[ 2017-09-04T15:17:16+08:00 ] 42.236.101.234 /index.php?m=vod-play-id-138-src-1-num-1.html
INFO: [ app_init ] --START--
INFO: Run Behavior\BuildLiteBehavior [ RunTime:0.000000s ]
INFO: [ app_init ] --END-- [ RunTime:0.000977s ]
ERR: 无法加载模块:Vod-play-id-138-src-1-num-1.html

[ 2017-09-04T15:17:16+08:00 ] 42.236.99.9 /index.php?s=gb-show-id-762.html
INFO: [ app_init ] --START--
INFO: Run Behavior\BuildLiteBehavior [ RunTime:0.000000s ]
INFO: [ app_init ] --END-- [ RunTime:0.000977s ]
ERR: 无法加载模块:Gb-show-id-762

[ 2017-09-04T15:17:16+08:00 ] 42.236.99.16 /index.php?m=vod-play-id-2161-src-1-num-1.html
INFO: [ app_init ] --START--
INFO: Run Behavior\BuildLiteBehavior [ RunTime:0.000000s ]
INFO: [ app_init ] --END-- [ RunTime:0.000976s ]
ERR: 无法加载模块:Vod-play-id-2161-src-1-num-1.html

[ 2017-09-04T15:17:16+08:00 ] 42.236.55.41 /index.php?s=vod-play-id-1345-sid-0-pid-1.html
INFO: [ app_init ] --START--
INFO: Run Behavior\BuildLiteBehavior [ RunTime:0.000000s ]
INFO: [ app_init ] --END-- [ RunTime:0.000000s ]
ERR: 无法加载模块:Vod-play-id-1345-sid-0-pid-1

[ 2017-09-04T15:17:16+08:00 ] 42.236.54.62 /index.php?s=gb-show-id-1795.html
INFO: [ app_init ] --START--
INFO: Run Behavior\BuildLiteBehavior [ RunTime:0.000000s ]
INFO: [ app_init ] --END-- [ RunTime:0.000000s ]
ERR: 无法加载模块:Gb-show-id-1795

[ 2017-09-04T15:17:16+08:00 ] 42.236.99.30 /index.php?m=vod-search-pg-2-year-2003-starring-yuanyuan.html
INFO: [ app_init ] --START--
INFO: Run Behavior\BuildLiteBehavior [ RunTime:0.000000s ]
INFO: [ app_init ] --END-- [ RunTime:0.000000s ]
ERR: 无法加载模块:Vod-search-pg-2-year-2003-starring-yuanyuan.html

[ 2017-09-04T15:17:16+08:00 ] 42.236.99.206 /index.php?s=vod-play-id-119-sid-0-pid-1.html
INFO: [ app_init ] --START--
INFO: Run Behavior\BuildLiteBehavior [ RunTime:0.000000s ]
INFO: [ app_init ] --END-- [ RunTime:0.000000s ]
ERR: 无法加载模块:Vod-play-id-119-sid-0-pid-1

[ 2017-09-04T15:17:16+08:00 ] 42.236.103.106 /index.php?s=vod-play-id-862-sid-0-pid-1.html
INFO: [ app_init ] --START--
INFO: Run Behavior\BuildLiteBehavior [ RunTime:0.000000s ]
INFO: [ app_init ] --END-- [ RunTime:0.000976s ]
ERR: 无法加载模块:Vod-play-id-862-sid-0-pid-1

[ 2017-09-04T15:17:16+08:00 ] 42.236.101.194 /index.php?m=vod-play-id-288-src-1-num-1.html
INFO: [ app_init ] --START--
INFO: Run Behavior\BuildLiteBehavior [ RunTime:0.000000s ]
INFO: [ app_init ] --END-- [ RunTime:0.000977s ]
ERR: 无法加载模块:Vod-play-id-288-src-1-num-1.html

[ 2017-09-04T15:17:17+08:00 ] 180.153.236.133 /index.php?s=gb-show-p-1526.html
INFO: [ app_init ] --START--
INFO: Run Behavior\BuildLiteBehavior [ RunTime:0.000000s ]
INFO: [ app_init ] --END-- [ RunTime:0.000977s ]
ERR: 无法加载模块:Gb-show-p-1526

[ 2017-09-04T15:17:25+08:00 ] 180.153.236.67 /index.php?s=gb-show-id-1677.html
INFO: [ app_init ] --START--
INFO: Run Behavior\BuildLiteBehavior [ RunTime:0.000000s ]
INFO: [ app_init ] --END-- [ RunTime:0.000000s ]
ERR: 无法加载模块:Gb-show-id-1677

