[ 2017-09-14T23:30:43+08:00 ] 42.236.99.72 /index.php?s=vod-play-id-1411-sid-0-pid-1.html
INFO: [ app_init ] --START--
INFO: Run Behavior\BuildLiteBehavior [ RunTime:0.000000s ]
INFO: [ app_init ] --END-- [ RunTime:0.000000s ]
ERR: 无法加载模块:Vod-play-id-1411-sid-0-pid-1

[ 2017-09-14T23:30:43+08:00 ] 42.236.54.42 /index.php?m=vod-list-id-2-pg-1-order--by--class-0-year--letter-X-area-%E9%A9%AC%E6%9D%A5%E8%A5%BF%E4%BA%9A-lang-.html
INFO: [ app_init ] --START--
INFO: Run Behavior\BuildLiteBehavior [ RunTime:0.000000s ]
INFO: [ app_init ] --END-- [ RunTime:0.000976s ]
ERR: 无法加载模块:Vod-list-id-2-pg-1-order--by--class-0-year--letter-X-area-马来西亚-lang-.html

[ 2017-09-14T23:30:43+08:00 ] 42.236.54.42 /index.php?s=vod-play-id-344-sid-0-pid-1.html
INFO: [ app_init ] --START--
INFO: Run Behavior\BuildLiteBehavior [ RunTime:0.000000s ]
INFO: [ app_init ] --END-- [ RunTime:0.000977s ]
ERR: 无法加载模块:Vod-play-id-344-sid-0-pid-1

[ 2017-09-14T23:30:44+08:00 ] 42.236.99.23 /index.php?s=gb-show-id-1835.html
INFO: [ app_init ] --START--
INFO: Run Behavior\BuildLiteBehavior [ RunTime:0.000000s ]
INFO: [ app_init ] --END-- [ RunTime:0.000000s ]
ERR: 无法加载模块:Gb-show-id-1835

[ 2017-09-14T23:30:44+08:00 ] 42.236.12.130 /index.php?s=gb-show-id-441.html
INFO: [ app_init ] --START--
INFO: Run Behavior\BuildLiteBehavior [ RunTime:0.000000s ]
INFO: [ app_init ] --END-- [ RunTime:0.000000s ]
ERR: 无法加载模块:Gb-show-id-441

[ 2017-09-14T23:30:44+08:00 ] 42.236.99.242 /index.php?s=gb-show-id-1686.html
INFO: [ app_init ] --START--
INFO: Run Behavior\BuildLiteBehavior [ RunTime:0.000000s ]
INFO: [ app_init ] --END-- [ RunTime:0.000000s ]
ERR: 无法加载模块:Gb-show-id-1686

[ 2017-09-14T23:31:32+08:00 ] 180.153.236.109 /index.php?m=vod-play-id-299-src-1-num-1.html
INFO: [ app_init ] --START--
INFO: Run Behavior\BuildLiteBehavior [ RunTime:0.000000s ]
INFO: [ app_init ] --END-- [ RunTime:0.000976s ]
ERR: 无法加载模块:Vod-play-id-299-src-1-num-1.html

[ 2017-09-14T23:31:41+08:00 ] 180.153.236.117 /index.php?s=gb-show-p-1761.html
INFO: [ app_init ] --START--
INFO: Run Behavior\BuildLiteBehavior [ RunTime:0.000000s ]
INFO: [ app_init ] --END-- [ RunTime:0.000976s ]
ERR: 无法加载模块:Gb-show-p-1761

