[ 2017-12-31T00:51:54+08:00 ] 42.236.102.206 /index.php?s=gb-show-p-3266.html
INFO: [ app_init ] --START--
INFO: Run Behavior\BuildLiteBehavior [ RunTime:0.000000s ]
INFO: [ app_init ] --END-- [ RunTime:0.000977s ]
ERR: 无法加载模块:Gb-show-p-3266

[ 2017-12-31T00:51:54+08:00 ] 42.236.10.72 /index.php?m=vod-play-id-2207-src-1-num-1.html
INFO: [ app_init ] --START--
INFO: Run Behavior\BuildLiteBehavior [ RunTime:0.000000s ]
INFO: [ app_init ] --END-- [ RunTime:0.000000s ]
ERR: 无法加载模块:Vod-play-id-2207-src-1-num-1.html

[ 2017-12-31T00:51:54+08:00 ] 42.236.10.72 /index.php?m=vod-search-pg-235-starring-yuanyuan-classid-7.html
INFO: [ app_init ] --START--
INFO: Run Behavior\BuildLiteBehavior [ RunTime:0.000000s ]
INFO: [ app_init ] --END-- [ RunTime:0.000000s ]
ERR: 无法加载模块:Vod-search-pg-235-starring-yuanyuan-classid-7.html

[ 2017-12-31T00:51:54+08:00 ] 42.236.49.34 /index.php?m=vod-list-id-2-pg-1-order--by--class-0-year-0-letter-D-area-%E5%8D%B0%E5%BA%A6-lang-.html
INFO: [ app_init ] --START--
INFO: Run Behavior\BuildLiteBehavior [ RunTime:0.000000s ]
INFO: [ app_init ] --END-- [ RunTime:0.000977s ]
ERR: 无法加载模块:Vod-list-id-2-pg-1-order--by--class-0-year-0-letter-D-area-印度-lang-.html

[ 2017-12-31T00:51:54+08:00 ] 42.236.10.75 /index.php?m=vod-play-id-1677-src-1-num-1.html
INFO: [ app_init ] --START--
INFO: Run Behavior\BuildLiteBehavior [ RunTime:0.000000s ]
INFO: [ app_init ] --END-- [ RunTime:0.000000s ]
ERR: 无法加载模块:Vod-play-id-1677-src-1-num-1.html

[ 2017-12-31T00:51:54+08:00 ] 180.153.232.170 /index.php?s=vod-play-id-265-sid-0-pid-1.html
INFO: [ app_init ] --START--
INFO: Run Behavior\BuildLiteBehavior [ RunTime:0.000000s ]
INFO: [ app_init ] --END-- [ RunTime:0.000000s ]
ERR: 无法加载模块:Vod-play-id-265-sid-0-pid-1

[ 2017-12-31T00:51:54+08:00 ] 42.236.102.144 /index.php?s=gb-show-id-1866.html
INFO: [ app_init ] --START--
INFO: Run Behavior\BuildLiteBehavior [ RunTime:0.000000s ]
INFO: [ app_init ] --END-- [ RunTime:0.000976s ]
ERR: 无法加载模块:Gb-show-id-1866

[ 2017-12-31T00:51:54+08:00 ] 42.236.50.80 /index.php?m=vod-list-id-4-pg-1-order--by--class-0-year-2010-letter-O-area--lang-.html
INFO: [ app_init ] --START--
INFO: Run Behavior\BuildLiteBehavior [ RunTime:0.000000s ]
INFO: [ app_init ] --END-- [ RunTime:0.000977s ]
ERR: 无法加载模块:Vod-list-id-4-pg-1-order--by--class-0-year-2010-letter-O-area--lang-.html

[ 2017-12-31T00:51:54+08:00 ] 42.236.50.80 /index.php?s=gb-show-p-1759.html
INFO: [ app_init ] --START--
INFO: Run Behavior\BuildLiteBehavior [ RunTime:0.000000s ]
INFO: [ app_init ] --END-- [ RunTime:0.000977s ]
ERR: 无法加载模块:Gb-show-p-1759

[ 2017-12-31T00:51:55+08:00 ] 42.236.102.206 /index.php?m=vod-play-id-660-src-1-num-1.html
INFO: [ app_init ] --START--
INFO: Run Behavior\BuildLiteBehavior [ RunTime:0.000000s ]
INFO: [ app_init ] --END-- [ RunTime:0.000977s ]
ERR: 无法加载模块:Vod-play-id-660-src-1-num-1.html

[ 2017-12-31T00:51:55+08:00 ] 42.236.48.146 /index.php?s=gb-show-p-1772.html
INFO: [ app_init ] --START--
INFO: Run Behavior\BuildLiteBehavior [ RunTime:0.000977s ]
INFO: [ app_init ] --END-- [ RunTime:0.000977s ]
ERR: 无法加载模块:Gb-show-p-1772

[ 2017-12-31T00:51:56+08:00 ] 42.236.50.46 /index.php?s=vod-play-id-1338-sid-0-pid-1.html
INFO: [ app_init ] --START--
INFO: Run Behavior\BuildLiteBehavior [ RunTime:0.000000s ]
INFO: [ app_init ] --END-- [ RunTime:0.000976s ]
ERR: 无法加载模块:Vod-play-id-1338-sid-0-pid-1

[ 2017-12-31T00:51:56+08:00 ] 42.236.10.111 /index.php?s=gb-show-id-375.html
INFO: [ app_init ] --START--
INFO: Run Behavior\BuildLiteBehavior [ RunTime:0.000000s ]
INFO: [ app_init ] --END-- [ RunTime:0.000000s ]
ERR: 无法加载模块:Gb-show-id-375

[ 2017-12-31T00:51:56+08:00 ] 42.236.10.72 /index.php?s=vod-play-id-269-sid-0-pid-1.html
INFO: [ app_init ] --START--
INFO: Run Behavior\BuildLiteBehavior [ RunTime:0.000000s ]
INFO: [ app_init ] --END-- [ RunTime:0.000977s ]
ERR: 无法加载模块:Vod-play-id-269-sid-0-pid-1

