[ 2017-11-08T09:30:39+08:00 ] 42.236.102.172 /index.php?s=gb-show-p-365.html
INFO: [ app_init ] --START--
INFO: Run Behavior\BuildLiteBehavior [ RunTime:0.000000s ]
INFO: [ app_init ] --END-- [ RunTime:0.000977s ]
ERR: 无法加载模块:Gb-show-p-365

[ 2017-11-08T09:30:39+08:00 ] 42.236.99.30 /index.php?m=vod-play-id-719-src-1-num-1.html
INFO: [ app_init ] --START--
INFO: Run Behavior\BuildLiteBehavior [ RunTime:0.000000s ]
INFO: [ app_init ] --END-- [ RunTime:0.000000s ]
ERR: 无法加载模块:Vod-play-id-719-src-1-num-1.html

[ 2017-11-08T09:30:39+08:00 ] 42.236.102.162 /index.php?s=gb-show-id-897.html
INFO: [ app_init ] --START--
INFO: Run Behavior\BuildLiteBehavior [ RunTime:0.000000s ]
INFO: [ app_init ] --END-- [ RunTime:0.000977s ]
ERR: 无法加载模块:Gb-show-id-897

[ 2017-11-08T09:30:39+08:00 ] 42.236.31.146 /index.php?m=vod-play-id-1743-src-1-num-1.html
INFO: [ app_init ] --START--
INFO: Run Behavior\BuildLiteBehavior [ RunTime:0.000000s ]
INFO: [ app_init ] --END-- [ RunTime:0.000000s ]
ERR: 无法加载模块:Vod-play-id-1743-src-1-num-1.html

[ 2017-11-08T09:30:39+08:00 ] 180.153.236.157 /index.php?s=gb-show-id-391.html
INFO: [ app_init ] --START--
INFO: Run Behavior\BuildLiteBehavior [ RunTime:0.000000s ]
INFO: [ app_init ] --END-- [ RunTime:0.000976s ]
ERR: 无法加载模块:Gb-show-id-391

[ 2017-11-08T10:46:00+08:00 ] 42.236.12.150 /index.php?m=vod-list-id-4-pg-1-order--by--class-0-year-2009-letter-D-area--lang-.html
INFO: [ app_init ] --START--
INFO: Run Behavior\BuildLiteBehavior [ RunTime:0.000976s ]
INFO: [ app_init ] --END-- [ RunTime:0.000976s ]
ERR: 无法加载模块:Vod-list-id-4-pg-1-order--by--class-0-year-2009-letter-D-area--lang-.html

[ 2017-11-08T10:46:00+08:00 ] 42.236.49.228 /index.php?s=gb-show-id-1659.html
INFO: [ app_init ] --START--
INFO: Run Behavior\BuildLiteBehavior [ RunTime:0.000000s ]
INFO: [ app_init ] --END-- [ RunTime:0.000000s ]
ERR: 无法加载模块:Gb-show-id-1659

[ 2017-11-08T10:46:00+08:00 ] 42.236.49.228 /index.php?s=vod-play-id-1202-sid-0-pid-1.html
INFO: [ app_init ] --START--
INFO: Run Behavior\BuildLiteBehavior [ RunTime:0.000000s ]
INFO: [ app_init ] --END-- [ RunTime:0.000977s ]
ERR: 无法加载模块:Vod-play-id-1202-sid-0-pid-1

[ 2017-11-08T10:46:00+08:00 ] 42.236.49.228 /index.php?s=vod-play-id-1628-sid-0-pid-1.html
INFO: [ app_init ] --START--
INFO: Run Behavior\BuildLiteBehavior [ RunTime:0.000000s ]
INFO: [ app_init ] --END-- [ RunTime:0.000000s ]
ERR: 无法加载模块:Vod-play-id-1628-sid-0-pid-1

[ 2017-11-08T10:46:00+08:00 ] 180.153.236.35 /index.php?s=vod-play-id-519-sid-0-pid-1.html
INFO: [ app_init ] --START--
INFO: Run Behavior\BuildLiteBehavior [ RunTime:0.000000s ]
INFO: [ app_init ] --END-- [ RunTime:0.000000s ]
ERR: 无法加载模块:Vod-play-id-519-sid-0-pid-1

[ 2017-11-08T10:46:00+08:00 ] 180.153.236.11 /index.php?s=gb-show-id-685.html
INFO: [ app_init ] --START--
INFO: Run Behavior\BuildLiteBehavior [ RunTime:0.000000s ]
INFO: [ app_init ] --END-- [ RunTime:0.000000s ]
ERR: 无法加载模块:Gb-show-id-685

[ 2017-11-08T10:46:01+08:00 ] 180.153.236.181 /index.php?m=vod-search-pg-235-starring-yuanyuan-classid-27.html
INFO: [ app_init ] --START--
INFO: Run Behavior\BuildLiteBehavior [ RunTime:0.000000s ]
INFO: [ app_init ] --END-- [ RunTime:0.000000s ]
ERR: 无法加载模块:Vod-search-pg-235-starring-yuanyuan-classid-27.html

[ 2017-11-08T10:46:01+08:00 ] 180.153.236.125 /index.php?m=vod-play-id-2305-src-1-num-1.html
INFO: [ app_init ] --START--
INFO: Run Behavior\BuildLiteBehavior [ RunTime:0.000000s ]
INFO: [ app_init ] --END-- [ RunTime:0.000977s ]
ERR: 无法加载模块:Vod-play-id-2305-src-1-num-1.html

