[ 2017-12-27T01:30:45+08:00 ] 42.236.10.74 /index.php?s=vod-play-id-241-sid-0-pid-1.html
INFO: [ app_init ] --START--
INFO: Run Behavior\BuildLiteBehavior [ RunTime:0.000000s ]
INFO: [ app_init ] --END-- [ RunTime:0.000000s ]
ERR: 无法加载模块:Vod-play-id-241-sid-0-pid-1

[ 2017-12-27T01:30:45+08:00 ] 42.236.10.78 /index.php?m=vod-search-pg-235-starring-yuanyuan-classid-53.html
INFO: [ app_init ] --START--
INFO: Run Behavior\BuildLiteBehavior [ RunTime:0.000000s ]
INFO: [ app_init ] --END-- [ RunTime:0.000000s ]
ERR: 无法加载模块:Vod-search-pg-235-starring-yuanyuan-classid-53.html

[ 2017-12-27T01:30:45+08:00 ] 42.236.10.75 /index.php?m=vod-play-id-443-src-1-num-1.html
INFO: [ app_init ] --START--
INFO: Run Behavior\BuildLiteBehavior [ RunTime:0.000000s ]
INFO: [ app_init ] --END-- [ RunTime:0.000976s ]
ERR: 无法加载模块:Vod-play-id-443-src-1-num-1.html

[ 2017-12-27T01:30:45+08:00 ] 42.236.10.74 /index.php?m=vod-search-pg-235-starring-yuanyuan-classid-56.html
INFO: [ app_init ] --START--
INFO: Run Behavior\BuildLiteBehavior [ RunTime:0.000000s ]
INFO: [ app_init ] --END-- [ RunTime:0.000000s ]
ERR: 无法加载模块:Vod-search-pg-235-starring-yuanyuan-classid-56.html

[ 2017-12-27T01:30:45+08:00 ] 42.236.102.167 /index.php?s=gb-show-id-1848.html
INFO: [ app_init ] --START--
INFO: Run Behavior\BuildLiteBehavior [ RunTime:0.000000s ]
INFO: [ app_init ] --END-- [ RunTime:0.000976s ]
ERR: 无法加载模块:Gb-show-id-1848

[ 2017-12-27T01:30:45+08:00 ] 42.236.102.167 /index.php?m=vod-list-id-4-pg-1-order--by--class-0-year-2010-letter-B-area-%E6%B3%95%E5%9B%BD-lang-.html
INFO: [ app_init ] --START--
INFO: Run Behavior\BuildLiteBehavior [ RunTime:0.000000s ]
INFO: [ app_init ] --END-- [ RunTime:0.000000s ]
ERR: 无法加载模块:Vod-list-id-4-pg-1-order--by--class-0-year-2010-letter-B-area-法国-lang-.html

[ 2017-12-27T01:30:45+08:00 ] 180.153.236.101 /index.php?m=vod-list-id-2-pg-1-order--by--class-0-year-0-letter-D-area-%E4%BF%84%E7%BD%97%E6%96%AF-lang-.html
INFO: [ app_init ] --START--
INFO: Run Behavior\BuildLiteBehavior [ RunTime:0.000000s ]
INFO: [ app_init ] --END-- [ RunTime:0.000000s ]
ERR: 无法加载模块:Vod-list-id-2-pg-1-order--by--class-0-year-0-letter-D-area-俄罗斯-lang-.html

[ 2017-12-27T01:30:46+08:00 ] 42.236.10.102 /index.php?s=gb-show-p-1507.html
INFO: [ app_init ] --START--
INFO: Run Behavior\BuildLiteBehavior [ RunTime:0.000000s ]
INFO: [ app_init ] --END-- [ RunTime:0.000000s ]
ERR: 无法加载模块:Gb-show-p-1507

[ 2017-12-27T01:30:46+08:00 ] 42.236.49.84 /index.php?m=vod-play-id-2203-src-1-num-1.html
INFO: [ app_init ] --START--
INFO: Run Behavior\BuildLiteBehavior [ RunTime:0.000000s ]
INFO: [ app_init ] --END-- [ RunTime:0.000977s ]
ERR: 无法加载模块:Vod-play-id-2203-src-1-num-1.html

[ 2017-12-27T01:30:46+08:00 ] 42.236.31.140 /index.php?m=vod-play-id-1666-src-1-num-1.html
INFO: [ app_init ] --START--
INFO: Run Behavior\BuildLiteBehavior [ RunTime:0.000000s ]
INFO: [ app_init ] --END-- [ RunTime:0.000977s ]
ERR: 无法加载模块:Vod-play-id-1666-src-1-num-1.html

[ 2017-12-27T01:30:46+08:00 ] 42.236.10.77 /index.php?s=gb-show-id-1159.html
INFO: [ app_init ] --START--
INFO: Run Behavior\BuildLiteBehavior [ RunTime:0.000000s ]
INFO: [ app_init ] --END-- [ RunTime:0.000977s ]
ERR: 无法加载模块:Gb-show-id-1159

[ 2017-12-27T01:30:47+08:00 ] 180.153.232.170 /index.php?s=gb-show-id-358.html
INFO: [ app_init ] --START--
INFO: Run Behavior\BuildLiteBehavior [ RunTime:0.000000s ]
INFO: [ app_init ] --END-- [ RunTime:0.000976s ]
ERR: 无法加载模块:Gb-show-id-358

