[ 2017-11-14T01:01:22+08:00 ] 180.153.236.19 /index.php?m=vod-list-id-2-pg-2-order--by--class-0-year-0-letter--area-%E5%A4%A7%E9%99%86-lang-.html
INFO: [ app_init ] --START--
INFO: Run Behavior\BuildLiteBehavior [ RunTime:0.000000s ]
INFO: [ app_init ] --END-- [ RunTime:0.000000s ]
ERR: 无法加载模块:Vod-list-id-2-pg-2-order--by--class-0-year-0-letter--area-大陆-lang-.html

[ 2017-11-14T01:01:22+08:00 ] 180.153.236.101 /index.php?m=vod-list-id-2-pg-1-order--by--class-0-year-0-letter-A-area-%E9%A9%AC%E6%9D%A5%E8%A5%BF%E4%BA%9A-lang-.html
INFO: [ app_init ] --START--
INFO: Run Behavior\BuildLiteBehavior [ RunTime:0.000000s ]
INFO: [ app_init ] --END-- [ RunTime:0.000000s ]
ERR: 无法加载模块:Vod-list-id-2-pg-1-order--by--class-0-year-0-letter-A-area-马来西亚-lang-.html

[ 2017-11-14T01:01:22+08:00 ] 180.153.236.11 /index.php?s=vod-play-id-1895-sid-0-pid-1.html
INFO: [ app_init ] --START--
INFO: Run Behavior\BuildLiteBehavior [ RunTime:0.000000s ]
INFO: [ app_init ] --END-- [ RunTime:0.000000s ]
ERR: 无法加载模块:Vod-play-id-1895-sid-0-pid-1

[ 2017-11-14T01:01:22+08:00 ] 180.153.236.35 /index.php?m=vod-play-id-195-src-1-num-1.html
INFO: [ app_init ] --START--
INFO: Run Behavior\BuildLiteBehavior [ RunTime:0.000000s ]
INFO: [ app_init ] --END-- [ RunTime:0.000000s ]
ERR: 无法加载模块:Vod-play-id-195-src-1-num-1.html

[ 2017-11-14T01:01:22+08:00 ] 180.153.236.125 /index.php?s=vod-play-id-654-sid-0-pid-1.html
INFO: [ app_init ] --START--
INFO: Run Behavior\BuildLiteBehavior [ RunTime:0.000000s ]
INFO: [ app_init ] --END-- [ RunTime:0.000000s ]
ERR: 无法加载模块:Vod-play-id-654-sid-0-pid-1

[ 2017-11-14T01:01:22+08:00 ] 180.153.236.67 /index.php?s=vod-play-id-1176-sid-0-pid-1.html
INFO: [ app_init ] --START--
INFO: Run Behavior\BuildLiteBehavior [ RunTime:0.000000s ]
INFO: [ app_init ] --END-- [ RunTime:0.000000s ]
ERR: 无法加载模块:Vod-play-id-1176-sid-0-pid-1

[ 2017-11-14T06:13:22+08:00 ] 42.236.54.62 /index.php?m=vod-list-id-2-pg-1-order--by--class-0-year-0-letter-A-area-%E6%B3%95%E5%9B%BD-lang-.html
INFO: [ app_init ] --START--
INFO: Run Behavior\BuildLiteBehavior [ RunTime:0.000000s ]
INFO: [ app_init ] --END-- [ RunTime:0.000977s ]
ERR: 无法加载模块:Vod-list-id-2-pg-1-order--by--class-0-year-0-letter-A-area-法国-lang-.html

[ 2017-11-14T06:13:22+08:00 ] 42.236.48.57 /index.php?s=vod-play-id-1955-sid-0-pid-1.html
INFO: [ app_init ] --START--
INFO: Run Behavior\BuildLiteBehavior [ RunTime:0.000000s ]
INFO: [ app_init ] --END-- [ RunTime:0.000000s ]
ERR: 无法加载模块:Vod-play-id-1955-sid-0-pid-1

[ 2017-11-14T06:13:22+08:00 ] 42.236.99.44 /index.php?s=gb-show-id-926.html
INFO: [ app_init ] --START--
INFO: Run Behavior\BuildLiteBehavior [ RunTime:0.000000s ]
INFO: [ app_init ] --END-- [ RunTime:0.000977s ]
ERR: 无法加载模块:Gb-show-id-926

[ 2017-11-14T06:13:23+08:00 ] 42.236.101.214 /index.php?s=gb-show-id-937.html
INFO: [ app_init ] --START--
INFO: Run Behavior\BuildLiteBehavior [ RunTime:0.000000s ]
INFO: [ app_init ] --END-- [ RunTime:0.000000s ]
ERR: 无法加载模块:Gb-show-id-937

[ 2017-11-14T06:13:23+08:00 ] 42.236.99.142 /index.php?m=vod-search-pg-235-starring-yuanyuan-classid-3.html
INFO: [ app_init ] --START--
INFO: Run Behavior\BuildLiteBehavior [ RunTime:0.000000s ]
INFO: [ app_init ] --END-- [ RunTime:0.000977s ]
ERR: 无法加载模块:Vod-search-pg-235-starring-yuanyuan-classid-3.html

[ 2017-11-14T06:13:28+08:00 ] 42.236.99.218 /index.php?m=vod-play-id-2374-src-1-num-1.html
INFO: [ app_init ] --START--
INFO: Run Behavior\BuildLiteBehavior [ RunTime:0.000976s ]
INFO: [ app_init ] --END-- [ RunTime:0.000976s ]
ERR: 无法加载模块:Vod-play-id-2374-src-1-num-1.html

[ 2017-11-14T08:38:14+08:00 ] 180.153.236.157 /index.php?s=gb-show-id-1168.html
INFO: [ app_init ] --START--
INFO: Run Behavior\BuildLiteBehavior [ RunTime:0.000000s ]
INFO: [ app_init ] --END-- [ RunTime:0.000976s ]
ERR: 无法加载模块:Gb-show-id-1168

[ 2017-11-14T08:38:15+08:00 ] 180.153.236.149 /index.php?s=gb-show-id-2110.html
INFO: [ app_init ] --START--
INFO: Run Behavior\BuildLiteBehavior [ RunTime:0.000000s ]
INFO: [ app_init ] --END-- [ RunTime:0.000000s ]
ERR: 无法加载模块:Gb-show-id-2110

[ 2017-11-14T08:38:15+08:00 ] 180.153.236.67 /index.php?m=vod-list-id-4-pg-1-order--by--class-0-year-2009-letter-G-area--lang-.html
INFO: [ app_init ] --START--
INFO: Run Behavior\BuildLiteBehavior [ RunTime:0.000000s ]
INFO: [ app_init ] --END-- [ RunTime:0.000976s ]
ERR: 无法加载模块:Vod-list-id-4-pg-1-order--by--class-0-year-2009-letter-G-area--lang-.html

[ 2017-11-14T08:38:15+08:00 ] 180.153.236.149 /index.php?s=gb-show-id-693.html
INFO: [ app_init ] --START--
INFO: Run Behavior\BuildLiteBehavior [ RunTime:0.000000s ]
INFO: [ app_init ] --END-- [ RunTime:0.000000s ]
ERR: 无法加载模块:Gb-show-id-693

[ 2017-11-14T08:38:15+08:00 ] 180.153.236.157 /index.php?m=vod-play-id-1838-src-1-num-1.html
INFO: [ app_init ] --START--
INFO: Run Behavior\BuildLiteBehavior [ RunTime:0.000000s ]
INFO: [ app_init ] --END-- [ RunTime:0.000000s ]
ERR: 无法加载模块:Vod-play-id-1838-src-1-num-1.html

[ 2017-11-14T18:32:59+08:00 ] 180.153.236.109 /index.php?s=gb-show-id-2000.html
INFO: [ app_init ] --START--
INFO: Run Behavior\BuildLiteBehavior [ RunTime:0.000000s ]
INFO: [ app_init ] --END-- [ RunTime:0.000977s ]
ERR: 无法加载模块:Gb-show-id-2000

[ 2017-11-14T18:32:59+08:00 ] 42.236.102.145 /index.php?s=vod-play-id-1177-sid-0-pid-1.html
INFO: [ app_init ] --START--
INFO: Run Behavior\BuildLiteBehavior [ RunTime:0.000000s ]
INFO: [ app_init ] --END-- [ RunTime:0.000977s ]
ERR: 无法加载模块:Vod-play-id-1177-sid-0-pid-1

[ 2017-11-14T18:32:59+08:00 ] 180.153.236.51 /index.php?s=vod-play-id-1973-sid-0-pid-1.html
INFO: [ app_init ] --START--
INFO: Run Behavior\BuildLiteBehavior [ RunTime:0.000000s ]
INFO: [ app_init ] --END-- [ RunTime:0.000000s ]
ERR: 无法加载模块:Vod-play-id-1973-sid-0-pid-1

[ 2017-11-14T18:32:59+08:00 ] 180.153.236.109 /index.php?s=vod-play-id-190-sid-0-pid-1.html
INFO: [ app_init ] --START--
INFO: Run Behavior\BuildLiteBehavior [ RunTime:0.000000s ]
INFO: [ app_init ] --END-- [ RunTime:0.000976s ]
ERR: 无法加载模块:Vod-play-id-190-sid-0-pid-1

[ 2017-11-14T18:32:59+08:00 ] 42.236.102.224 /index.php?m=vod-list-id-4-pg-1-order--by--class-0-year-2009-letter-H-area--lang-.html
INFO: [ app_init ] --START--
INFO: Run Behavior\BuildLiteBehavior [ RunTime:0.000000s ]
INFO: [ app_init ] --END-- [ RunTime:0.000977s ]
ERR: 无法加载模块:Vod-list-id-4-pg-1-order--by--class-0-year-2009-letter-H-area--lang-.html

[ 2017-11-14T18:33:01+08:00 ] 42.236.99.23 /index.php?s=gb-show-id-1175.html
INFO: [ app_init ] --START--
INFO: Run Behavior\BuildLiteBehavior [ RunTime:0.000000s ]
INFO: [ app_init ] --END-- [ RunTime:0.000977s ]
ERR: 无法加载模块:Gb-show-id-1175

