[ 2017-12-23T03:51:37+08:00 ] 42.236.102.228 /index.php?m=vod-list-id-4-pg-1-order--by--class-0-year-2010-letter--area-%E5%8D%B0%E5%BA%A6-lang-.html
INFO: [ app_init ] --START--
INFO: Run Behavior\BuildLiteBehavior [ RunTime:0.000000s ]
INFO: [ app_init ] --END-- [ RunTime:0.000000s ]
ERR: 无法加载模块:Vod-list-id-4-pg-1-order--by--class-0-year-2010-letter--area-印度-lang-.html

[ 2017-12-23T03:51:37+08:00 ] 42.236.48.208 /index.php?s=gb-show-p-1679.html
INFO: [ app_init ] --START--
INFO: Run Behavior\BuildLiteBehavior [ RunTime:0.000000s ]
INFO: [ app_init ] --END-- [ RunTime:0.000976s ]
ERR: 无法加载模块:Gb-show-p-1679

[ 2017-12-23T03:51:37+08:00 ] 42.236.49.54 /index.php?m=vod-play-id-1503-src-1-num-1.html
INFO: [ app_init ] --START--
INFO: Run Behavior\BuildLiteBehavior [ RunTime:0.000000s ]
INFO: [ app_init ] --END-- [ RunTime:0.000000s ]
ERR: 无法加载模块:Vod-play-id-1503-src-1-num-1.html

[ 2017-12-23T03:51:37+08:00 ] 42.236.10.75 /index.php?m=vod-search-pg-235-starring-yuanyuan-classid-51.html
INFO: [ app_init ] --START--
INFO: Run Behavior\BuildLiteBehavior [ RunTime:0.000000s ]
INFO: [ app_init ] --END-- [ RunTime:0.000000s ]
ERR: 无法加载模块:Vod-search-pg-235-starring-yuanyuan-classid-51.html

[ 2017-12-23T03:51:37+08:00 ] 180.153.236.173 /index.php?m=vod-play-id-2193-src-1-num-1.html
INFO: [ app_init ] --START--
INFO: Run Behavior\BuildLiteBehavior [ RunTime:0.000000s ]
INFO: [ app_init ] --END-- [ RunTime:0.000976s ]
ERR: 无法加载模块:Vod-play-id-2193-src-1-num-1.html

[ 2017-12-23T03:51:38+08:00 ] 42.236.10.75 /index.php?m=vod-play-id-414-src-1-num-1.html
INFO: [ app_init ] --START--
INFO: Run Behavior\BuildLiteBehavior [ RunTime:0.000000s ]
INFO: [ app_init ] --END-- [ RunTime:0.000000s ]
ERR: 无法加载模块:Vod-play-id-414-src-1-num-1.html

[ 2017-12-23T03:51:38+08:00 ] 42.236.48.208 /index.php?s=vod-play-id-245-sid-0-pid-1.html
INFO: [ app_init ] --START--
INFO: Run Behavior\BuildLiteBehavior [ RunTime:0.000000s ]
INFO: [ app_init ] --END-- [ RunTime:0.000000s ]
ERR: 无法加载模块:Vod-play-id-245-sid-0-pid-1

[ 2017-12-23T03:51:38+08:00 ] 42.236.10.104 /index.php?s=gb-show-id-1072.html
INFO: [ app_init ] --START--
INFO: Run Behavior\BuildLiteBehavior [ RunTime:0.000000s ]
INFO: [ app_init ] --END-- [ RunTime:0.000000s ]
ERR: 无法加载模块:Gb-show-id-1072

