[ 2017-11-25T07:08:20+08:00 ] 42.236.10.115 /index.php?m=vod-list-id-1-pg-1-order--by--class--year-2002-letter--area--lang-.html
INFO: [ app_init ] --START--
INFO: Run Behavior\BuildLiteBehavior [ RunTime:0.000000s ]
INFO: [ app_init ] --END-- [ RunTime:0.000977s ]
ERR: 无法加载模块:Vod-list-id-1-pg-1-order--by--class--year-2002-letter--area--lang-.html

[ 2017-11-25T07:08:20+08:00 ] 42.236.10.105 /index.php?m=vod-search-pg-235-starring-yuanyuan-classid-33.html
INFO: [ app_init ] --START--
INFO: Run Behavior\BuildLiteBehavior [ RunTime:0.000000s ]
INFO: [ app_init ] --END-- [ RunTime:0.000000s ]
ERR: 无法加载模块:Vod-search-pg-235-starring-yuanyuan-classid-33.html

[ 2017-11-25T07:08:21+08:00 ] 42.236.10.105 /index.php?m=vod-list-id-5-pg-12-order--by-score-class-0-year-0-letter--area--lang-.html
INFO: [ app_init ] --START--
INFO: Run Behavior\BuildLiteBehavior [ RunTime:0.000000s ]
INFO: [ app_init ] --END-- [ RunTime:0.000976s ]
ERR: 无法加载模块:Vod-list-id-5-pg-12-order--by-score-class-0-year-0-letter--area--lang-.html

[ 2017-11-25T07:08:21+08:00 ] 42.236.102.173 /index.php?m=vod-list-id-2-pg-1-order--by--class-0-year-0-letter-B-area-%E5%8F%B0%E6%B9%BE-lang-.html
INFO: [ app_init ] --START--
INFO: Run Behavior\BuildLiteBehavior [ RunTime:0.000000s ]
INFO: [ app_init ] --END-- [ RunTime:0.000000s ]
ERR: 无法加载模块:Vod-list-id-2-pg-1-order--by--class-0-year-0-letter-B-area-台湾-lang-.html

[ 2017-11-25T07:08:21+08:00 ] 42.236.39.149 /index.php?s=gb-show-id-670.html
INFO: [ app_init ] --START--
INFO: Run Behavior\BuildLiteBehavior [ RunTime:0.000000s ]
INFO: [ app_init ] --END-- [ RunTime:0.000000s ]
ERR: 无法加载模块:Gb-show-id-670

[ 2017-11-25T07:08:21+08:00 ] 42.236.10.105 /index.php?m=vod-list-id-4-pg-1-order--by--class-0-year-2009-letter-K-area--lang-.html
INFO: [ app_init ] --START--
INFO: Run Behavior\BuildLiteBehavior [ RunTime:0.000000s ]
INFO: [ app_init ] --END-- [ RunTime:0.000000s ]
ERR: 无法加载模块:Vod-list-id-4-pg-1-order--by--class-0-year-2009-letter-K-area--lang-.html

[ 2017-11-25T07:08:23+08:00 ] 42.236.102.181 /index.php?s=gb-show-id-910.html
INFO: [ app_init ] --START--
INFO: Run Behavior\BuildLiteBehavior [ RunTime:0.000000s ]
INFO: [ app_init ] --END-- [ RunTime:0.000000s ]
ERR: 无法加载模块:Gb-show-id-910

[ 2017-11-25T07:08:23+08:00 ] 42.236.102.144 /index.php?s=vod-play-id-1889-sid-0-pid-1.html
INFO: [ app_init ] --START--
INFO: Run Behavior\BuildLiteBehavior [ RunTime:0.000000s ]
INFO: [ app_init ] --END-- [ RunTime:0.000000s ]
ERR: 无法加载模块:Vod-play-id-1889-sid-0-pid-1

[ 2017-11-25T07:08:23+08:00 ] 42.236.10.111 /index.php?s=gb-show-id-763.html
INFO: [ app_init ] --START--
INFO: Run Behavior\BuildLiteBehavior [ RunTime:0.000000s ]
INFO: [ app_init ] --END-- [ RunTime:0.000000s ]
ERR: 无法加载模块:Gb-show-id-763

[ 2017-11-25T07:08:23+08:00 ] 42.236.102.181 /index.php?s=vod-play-id-653-sid-0-pid-1.html
INFO: [ app_init ] --START--
INFO: Run Behavior\BuildLiteBehavior [ RunTime:0.000976s ]
INFO: [ app_init ] --END-- [ RunTime:0.000976s ]
ERR: 无法加载模块:Vod-play-id-653-sid-0-pid-1

[ 2017-11-25T07:08:23+08:00 ] 42.236.10.80 /index.php?s=vod-play-id-1101-sid-0-pid-1.html
INFO: [ app_init ] --START--
INFO: Run Behavior\BuildLiteBehavior [ RunTime:0.000000s ]
INFO: [ app_init ] --END-- [ RunTime:0.000977s ]
ERR: 无法加载模块:Vod-play-id-1101-sid-0-pid-1

[ 2017-11-25T07:08:24+08:00 ] 42.236.10.111 /index.php?s=gb-show-id-1985.html
INFO: [ app_init ] --START--
INFO: Run Behavior\BuildLiteBehavior [ RunTime:0.000000s ]
INFO: [ app_init ] --END-- [ RunTime:0.000000s ]
ERR: 无法加载模块:Gb-show-id-1985

[ 2017-11-25T07:08:24+08:00 ] 42.236.10.81 /index.php?m=vod-play-id-2398-src-1-num-1.html
INFO: [ app_init ] --START--
INFO: Run Behavior\BuildLiteBehavior [ RunTime:0.000000s ]
INFO: [ app_init ] --END-- [ RunTime:0.000000s ]
ERR: 无法加载模块:Vod-play-id-2398-src-1-num-1.html

[ 2017-11-25T07:08:24+08:00 ] 42.236.10.100 /index.php?m=vod-play-id-1925-src-1-num-1.html
INFO: [ app_init ] --START--
INFO: Run Behavior\BuildLiteBehavior [ RunTime:0.000000s ]
INFO: [ app_init ] --END-- [ RunTime:0.000000s ]
ERR: 无法加载模块:Vod-play-id-1925-src-1-num-1.html

[ 2017-11-25T13:48:22+08:00 ] 140.205.201.43 /index.php?m=member&c=index&a=register&siteid=1
INFO: [ app_init ] --START--
INFO: Run Behavior\BuildLiteBehavior [ RunTime:0.000000s ]
INFO: [ app_init ] --END-- [ RunTime:0.000976s ]
ERR: 无法加载模块:Member

[ 2017-11-25T13:48:23+08:00 ] 140.205.201.43 /index.php?m=wap&a=index&siteid=1
INFO: [ app_init ] --START--
INFO: Run Behavior\BuildLiteBehavior [ RunTime:0.000000s ]
INFO: [ app_init ] --END-- [ RunTime:0.000000s ]
ERR: 无法加载模块:Wap

[ 2017-11-25T19:03:49+08:00 ] 195.154.146.17 /index.php?m=vod-list-id-0-pg-1-order--by--class-0-year-0-letter--area-%E4%BF%84%E7%BD%97%E6%96%AF-lang-.html
INFO: [ app_init ] --START--
INFO: Run Behavior\BuildLiteBehavior [ RunTime:0.000000s ]
INFO: [ app_init ] --END-- [ RunTime:0.000000s ]
ERR: 无法加载模块:Vod-list-id-0-pg-1-order--by--class-0-year-0-letter--area-俄罗斯-lang-.html

