[ 2017-11-13T07:10:56+08:00 ] 42.236.54.2 /index.php?s=vod-play-id-1085-sid-0-pid-1.html
INFO: [ app_init ] --START--
INFO: Run Behavior\BuildLiteBehavior [ RunTime:0.000000s ]
INFO: [ app_init ] --END-- [ RunTime:0.000977s ]
ERR: 无法加载模块:Vod-play-id-1085-sid-0-pid-1

[ 2017-11-13T07:10:57+08:00 ] 42.236.48.213 /index.php?m=vod-list-id-2-pg-1-order--by--class-0-year--letter-C-area--lang-.html
INFO: [ app_init ] --START--
INFO: Run Behavior\BuildLiteBehavior [ RunTime:0.000000s ]
INFO: [ app_init ] --END-- [ RunTime:0.000000s ]
ERR: 无法加载模块:Vod-list-id-2-pg-1-order--by--class-0-year--letter-C-area--lang-.html

[ 2017-11-13T07:10:57+08:00 ] 42.236.102.141 /index.php?m=vod-play-id-190-src-1-num-1.html
INFO: [ app_init ] --START--
INFO: Run Behavior\BuildLiteBehavior [ RunTime:0.000000s ]
INFO: [ app_init ] --END-- [ RunTime:0.000000s ]
ERR: 无法加载模块:Vod-play-id-190-src-1-num-1.html

[ 2017-11-13T09:41:56+08:00 ] 42.236.99.58 /index.php?m=vod-search-pg-235-starring-yuanyuan-classid-25.html
INFO: [ app_init ] --START--
INFO: Run Behavior\BuildLiteBehavior [ RunTime:0.000000s ]
INFO: [ app_init ] --END-- [ RunTime:0.000000s ]
ERR: 无法加载模块:Vod-search-pg-235-starring-yuanyuan-classid-25.html

[ 2017-11-13T09:41:56+08:00 ] 42.236.39.164 /index.php?m=vod-list-id-2-pg-1-order--by--class-0-year-0-letter-A-area-%E4%BF%84%E7%BD%97%E6%96%AF-lang-.html
INFO: [ app_init ] --START--
INFO: Run Behavior\BuildLiteBehavior [ RunTime:0.000000s ]
INFO: [ app_init ] --END-- [ RunTime:0.000000s ]
ERR: 无法加载模块:Vod-list-id-2-pg-1-order--by--class-0-year-0-letter-A-area-俄罗斯-lang-.html

[ 2017-11-13T09:41:57+08:00 ] 42.236.49.103 /index.php?s=vod-play-id-1888-sid-0-pid-1.html
INFO: [ app_init ] --START--
INFO: Run Behavior\BuildLiteBehavior [ RunTime:0.000000s ]
INFO: [ app_init ] --END-- [ RunTime:0.000977s ]
ERR: 无法加载模块:Vod-play-id-1888-sid-0-pid-1

[ 2017-11-13T10:43:09+08:00 ] 42.236.99.194 /index.php?m=vod-play-id-2369-src-1-num-1.html
INFO: [ app_init ] --START--
INFO: Run Behavior\BuildLiteBehavior [ RunTime:0.000000s ]
INFO: [ app_init ] --END-- [ RunTime:0.000000s ]
ERR: 无法加载模块:Vod-play-id-2369-src-1-num-1.html

[ 2017-11-13T10:43:09+08:00 ] 180.153.232.170 /index.php?s=gb-show-id-1963.html
INFO: [ app_init ] --START--
INFO: Run Behavior\BuildLiteBehavior [ RunTime:0.000000s ]
INFO: [ app_init ] --END-- [ RunTime:0.000000s ]
ERR: 无法加载模块:Gb-show-id-1963

[ 2017-11-13T10:43:09+08:00 ] 180.153.236.173 /index.php?s=vod-play-id-1842-sid-0-pid-1.html
INFO: [ app_init ] --START--
INFO: Run Behavior\BuildLiteBehavior [ RunTime:0.000000s ]
INFO: [ app_init ] --END-- [ RunTime:0.000000s ]
ERR: 无法加载模块:Vod-play-id-1842-sid-0-pid-1

[ 2017-11-13T10:43:10+08:00 ] 42.236.101.234 /index.php?s=gb-show-id-761.html
INFO: [ app_init ] --START--
INFO: Run Behavior\BuildLiteBehavior [ RunTime:0.000000s ]
INFO: [ app_init ] --END-- [ RunTime:0.000976s ]
ERR: 无法加载模块:Gb-show-id-761

[ 2017-11-13T10:43:10+08:00 ] 42.236.39.167 /index.php?m=vod-list-id-4-pg-1-order--by--class-0-year-2009-letter-B-area-%E6%B3%95%E5%9B%BD-lang-.html
INFO: [ app_init ] --START--
INFO: Run Behavior\BuildLiteBehavior [ RunTime:0.000000s ]
INFO: [ app_init ] --END-- [ RunTime:0.000977s ]
ERR: 无法加载模块:Vod-list-id-4-pg-1-order--by--class-0-year-2009-letter-B-area-法国-lang-.html

[ 2017-11-13T11:21:50+08:00 ] 5.9.147.133 /index.php?m=vod-list-id-0-pg-1-order--by--class-0-year-0-letter--area-%E4%BF%84%E7%BD%97%E6%96%AF-lang-.html
INFO: [ app_init ] --START--
INFO: Run Behavior\BuildLiteBehavior [ RunTime:0.000000s ]
INFO: [ app_init ] --END-- [ RunTime:0.000977s ]
ERR: 无法加载模块:Vod-list-id-0-pg-1-order--by--class-0-year-0-letter--area-俄罗斯-lang-.html

[ 2017-11-13T12:04:39+08:00 ] 42.236.102.212 /index.php?s=vod-play-id-65-sid-0-pid-1.html
INFO: [ app_init ] --START--
INFO: Run Behavior\BuildLiteBehavior [ RunTime:0.000000s ]
INFO: [ app_init ] --END-- [ RunTime:0.000000s ]
ERR: 无法加载模块:Vod-play-id-65-sid-0-pid-1

[ 2017-11-13T12:04:39+08:00 ] 42.236.99.230 /index.php?s=gb-show-id-1127.html
INFO: [ app_init ] --START--
INFO: Run Behavior\BuildLiteBehavior [ RunTime:0.000000s ]
INFO: [ app_init ] --END-- [ RunTime:0.000000s ]
ERR: 无法加载模块:Gb-show-id-1127

[ 2017-11-13T12:04:39+08:00 ] 42.236.49.102 /index.php?s=gb-show-id-661.html
INFO: [ app_init ] --START--
INFO: Run Behavior\BuildLiteBehavior [ RunTime:0.000000s ]
INFO: [ app_init ] --END-- [ RunTime:0.000000s ]
ERR: 无法加载模块:Gb-show-id-661

[ 2017-11-13T13:04:55+08:00 ] 42.236.102.3 /index.php?s=gb-show-id-691.html
INFO: [ app_init ] --START--
INFO: Run Behavior\BuildLiteBehavior [ RunTime:0.000000s ]
INFO: [ app_init ] --END-- [ RunTime:0.000000s ]
ERR: 无法加载模块:Gb-show-id-691

