[ 2017-12-15T23:31:31+08:00 ] 42.236.10.76 /index.php?m=vod-play-id-1006-src-1-num-1.html
INFO: [ app_init ] --START--
INFO: Run Behavior\BuildLiteBehavior [ RunTime:0.000000s ]
INFO: [ app_init ] --END-- [ RunTime:0.000976s ]
ERR: 无法加载模块:Vod-play-id-1006-src-1-num-1.html

[ 2017-12-15T23:31:31+08:00 ] 42.236.48.246 /index.php?m=vod-play-id-2176-src-1-num-1.html
INFO: [ app_init ] --START--
INFO: Run Behavior\BuildLiteBehavior [ RunTime:0.000000s ]
INFO: [ app_init ] --END-- [ RunTime:0.000000s ]
ERR: 无法加载模块:Vod-play-id-2176-src-1-num-1.html

[ 2017-12-15T23:31:31+08:00 ] 42.236.10.74 /index.php?s=gb-show-id-633.html
INFO: [ app_init ] --START--
INFO: Run Behavior\BuildLiteBehavior [ RunTime:0.000000s ]
INFO: [ app_init ] --END-- [ RunTime:0.000000s ]
ERR: 无法加载模块:Gb-show-id-633

[ 2017-12-15T23:31:31+08:00 ] 42.236.10.113 /index.php?m=vod-play-id-146-src-1-num-1.html
INFO: [ app_init ] --START--
INFO: Run Behavior\BuildLiteBehavior [ RunTime:0.000000s ]
INFO: [ app_init ] --END-- [ RunTime:0.000000s ]
ERR: 无法加载模块:Vod-play-id-146-src-1-num-1.html

[ 2017-12-15T23:31:31+08:00 ] 42.236.10.104 /index.php?s=vod-play-id-100-sid-0-pid-1.html
INFO: [ app_init ] --START--
INFO: Run Behavior\BuildLiteBehavior [ RunTime:0.000000s ]
INFO: [ app_init ] --END-- [ RunTime:0.000000s ]
ERR: 无法加载模块:Vod-play-id-100-sid-0-pid-1

[ 2017-12-15T23:31:31+08:00 ] 42.236.10.107 /index.php?s=gb-show-id-1043.html
INFO: [ app_init ] --START--
INFO: Run Behavior\BuildLiteBehavior [ RunTime:0.000000s ]
INFO: [ app_init ] --END-- [ RunTime:0.000000s ]
ERR: 无法加载模块:Gb-show-id-1043

[ 2017-12-15T23:31:32+08:00 ] 42.236.48.162 /index.php?s=gb-show-id-977.html
INFO: [ app_init ] --START--
INFO: Run Behavior\BuildLiteBehavior [ RunTime:0.000000s ]
INFO: [ app_init ] --END-- [ RunTime:0.000000s ]
ERR: 无法加载模块:Gb-show-id-977

[ 2017-12-15T23:31:32+08:00 ] 42.236.10.76 /index.php?m=vod-list-id-2-pg-1-order--by--class-0-year-0-letter-C-area-%E6%B3%B0%E5%9B%BD-lang-.html
INFO: [ app_init ] --START--
INFO: Run Behavior\BuildLiteBehavior [ RunTime:0.000000s ]
INFO: [ app_init ] --END-- [ RunTime:0.000976s ]
ERR: 无法加载模块:Vod-list-id-2-pg-1-order--by--class-0-year-0-letter-C-area-泰国-lang-.html

[ 2017-12-15T23:31:32+08:00 ] 42.236.10.80 /index.php?s=vod-play-id-234-sid-0-pid-1.html
INFO: [ app_init ] --START--
INFO: Run Behavior\BuildLiteBehavior [ RunTime:0.000000s ]
INFO: [ app_init ] --END-- [ RunTime:0.000000s ]
ERR: 无法加载模块:Vod-play-id-234-sid-0-pid-1

[ 2017-12-15T23:31:32+08:00 ] 42.236.10.79 /index.php?s=vod-play-id-2116-sid-0-pid-1.html
INFO: [ app_init ] --START--
INFO: Run Behavior\BuildLiteBehavior [ RunTime:0.000000s ]
INFO: [ app_init ] --END-- [ RunTime:0.000000s ]
ERR: 无法加载模块:Vod-play-id-2116-sid-0-pid-1

[ 2017-12-15T23:31:32+08:00 ] 42.236.10.113 /index.php?s=vod-play-id-700-sid-0-pid-1.html
INFO: [ app_init ] --START--
INFO: Run Behavior\BuildLiteBehavior [ RunTime:0.000000s ]
INFO: [ app_init ] --END-- [ RunTime:0.000000s ]
ERR: 无法加载模块:Vod-play-id-700-sid-0-pid-1

[ 2017-12-15T23:31:32+08:00 ] 42.236.49.102 /index.php?m=vod-list-id-4-pg-1-order--by--class-0-year-2009-letter-W-area--lang-.html
INFO: [ app_init ] --START--
INFO: Run Behavior\BuildLiteBehavior [ RunTime:0.000000s ]
INFO: [ app_init ] --END-- [ RunTime:0.000977s ]
ERR: 无法加载模块:Vod-list-id-4-pg-1-order--by--class-0-year-2009-letter-W-area--lang-.html

