[ 2017-12-04T19:26:22+08:00 ] 42.236.48.149 /index.php?s=gb-show-id-2134.html
INFO: [ app_init ] --START--
INFO: Run Behavior\BuildLiteBehavior [ RunTime:0.000000s ]
INFO: [ app_init ] --END-- [ RunTime:0.000976s ]
ERR: 无法加载模块:Gb-show-id-2134

[ 2017-12-04T19:26:22+08:00 ] 42.236.102.162 /index.php?m=vod-list-id-5-pg-9-order--by--class-0-year-0-letter--area-%E5%A4%A7%E9%99%86-lang-.html
INFO: [ app_init ] --START--
INFO: Run Behavior\BuildLiteBehavior [ RunTime:0.000000s ]
INFO: [ app_init ] --END-- [ RunTime:0.000000s ]
ERR: 无法加载模块:Vod-list-id-5-pg-9-order--by--class-0-year-0-letter--area-大陆-lang-.html

[ 2017-12-04T19:26:22+08:00 ] 42.236.50.44 /index.php?m=vod-play-id-2476-src-1-num-1.html
INFO: [ app_init ] --START--
INFO: Run Behavior\BuildLiteBehavior [ RunTime:0.000000s ]
INFO: [ app_init ] --END-- [ RunTime:0.000977s ]
ERR: 无法加载模块:Vod-play-id-2476-src-1-num-1.html

[ 2017-12-04T19:26:22+08:00 ] 42.236.50.44 /index.php?s=vod-play-id-678-sid-0-pid-1.html
INFO: [ app_init ] --START--
INFO: Run Behavior\BuildLiteBehavior [ RunTime:0.000000s ]
INFO: [ app_init ] --END-- [ RunTime:0.000000s ]
ERR: 无法加载模块:Vod-play-id-678-sid-0-pid-1

[ 2017-12-04T19:26:22+08:00 ] 180.153.236.149 /index.php?s=vod-play-id-120-sid-0-pid-1.html
INFO: [ app_init ] --START--
INFO: Run Behavior\BuildLiteBehavior [ RunTime:0.000000s ]
INFO: [ app_init ] --END-- [ RunTime:0.000000s ]
ERR: 无法加载模块:Vod-play-id-120-sid-0-pid-1

[ 2017-12-04T19:26:22+08:00 ] 42.236.48.149 /index.php?s=gb-show-id-1357.html
INFO: [ app_init ] --START--
INFO: Run Behavior\BuildLiteBehavior [ RunTime:0.000000s ]
INFO: [ app_init ] --END-- [ RunTime:0.000976s ]
ERR: 无法加载模块:Gb-show-id-1357

[ 2017-12-04T19:26:22+08:00 ] 42.236.50.44 /index.php?m=vod-list-id-5-pg-1-order--by--class-0-year-0-letter-L-area-%E5%8F%B0%E6%B9%BE-lang-.html
INFO: [ app_init ] --START--
INFO: Run Behavior\BuildLiteBehavior [ RunTime:0.000000s ]
INFO: [ app_init ] --END-- [ RunTime:0.000976s ]
ERR: 无法加载模块:Vod-list-id-5-pg-1-order--by--class-0-year-0-letter-L-area-台湾-lang-.html

[ 2017-12-04T19:26:22+08:00 ] 180.153.236.117 /index.php?s=gb-show-id-811.html
INFO: [ app_init ] --START--
INFO: Run Behavior\BuildLiteBehavior [ RunTime:0.000000s ]
INFO: [ app_init ] --END-- [ RunTime:0.000000s ]
ERR: 无法加载模块:Gb-show-id-811

[ 2017-12-04T19:26:22+08:00 ] 42.236.48.149 /index.php?s=gb-show-p-1142.html
INFO: [ app_init ] --START--
INFO: Run Behavior\BuildLiteBehavior [ RunTime:0.000000s ]
INFO: [ app_init ] --END-- [ RunTime:0.000000s ]
ERR: 无法加载模块:Gb-show-p-1142

[ 2017-12-04T19:26:22+08:00 ] 180.153.232.170 /index.php?s=gb-show-id-959.html
INFO: [ app_init ] --START--
INFO: Run Behavior\BuildLiteBehavior [ RunTime:0.000000s ]
INFO: [ app_init ] --END-- [ RunTime:0.000977s ]
ERR: 无法加载模块:Gb-show-id-959

[ 2017-12-04T19:26:22+08:00 ] 42.236.10.78 /index.php?s=vod-play-id-1878-sid-0-pid-1.html
INFO: [ app_init ] --START--
INFO: Run Behavior\BuildLiteBehavior [ RunTime:0.000000s ]
INFO: [ app_init ] --END-- [ RunTime:0.000000s ]
ERR: 无法加载模块:Vod-play-id-1878-sid-0-pid-1

[ 2017-12-04T19:26:23+08:00 ] 42.236.102.162 /index.php?m=vod-play-id-2144-src-1-num-1.html
INFO: [ app_init ] --START--
INFO: Run Behavior\BuildLiteBehavior [ RunTime:0.000000s ]
INFO: [ app_init ] --END-- [ RunTime:0.000000s ]
ERR: 无法加载模块:Vod-play-id-2144-src-1-num-1.html

[ 2017-12-04T19:26:23+08:00 ] 42.236.10.80 /index.php?s=vod-play-id-1964-sid-0-pid-1.html
INFO: [ app_init ] --START--
INFO: Run Behavior\BuildLiteBehavior [ RunTime:0.000000s ]
INFO: [ app_init ] --END-- [ RunTime:0.000000s ]
ERR: 无法加载模块:Vod-play-id-1964-sid-0-pid-1

[ 2017-12-04T19:26:26+08:00 ] 42.236.10.82 /index.php?m=vod-list-id-5-pg-8-order--by-score-class-0-year-0-letter--area--lang-.html
INFO: [ app_init ] --START--
INFO: Run Behavior\BuildLiteBehavior [ RunTime:0.000000s ]
INFO: [ app_init ] --END-- [ RunTime:0.000976s ]
ERR: 无法加载模块:Vod-list-id-5-pg-8-order--by-score-class-0-year-0-letter--area--lang-.html

