[ 2017-12-14T21:12:28+08:00 ] 42.236.10.75 /index.php?s=gb-show-p-138.html
INFO: [ app_init ] --START--
INFO: Run Behavior\BuildLiteBehavior [ RunTime:0.000000s ]
INFO: [ app_init ] --END-- [ RunTime:0.000000s ]
ERR: 无法加载模块:Gb-show-p-138

[ 2017-12-14T21:12:28+08:00 ] 180.153.236.43 /index.php?m=vod-list-id-4-pg-1-order--by--class-0-year-2009-letter-V-area--lang-.html
INFO: [ app_init ] --START--
INFO: Run Behavior\BuildLiteBehavior [ RunTime:0.000000s ]
INFO: [ app_init ] --END-- [ RunTime:0.000000s ]
ERR: 无法加载模块:Vod-list-id-4-pg-1-order--by--class-0-year-2009-letter-V-area--lang-.html

[ 2017-12-14T21:12:28+08:00 ] 180.153.236.181 /index.php?m=vod-play-id-264-src-1-num-1.html
INFO: [ app_init ] --START--
INFO: Run Behavior\BuildLiteBehavior [ RunTime:0.000000s ]
INFO: [ app_init ] --END-- [ RunTime:0.000000s ]
ERR: 无法加载模块:Vod-play-id-264-src-1-num-1.html

[ 2017-12-14T21:12:28+08:00 ] 180.153.236.133 /index.php?s=gb-show-id-1496.html
INFO: [ app_init ] --START--
INFO: Run Behavior\BuildLiteBehavior [ RunTime:0.000000s ]
INFO: [ app_init ] --END-- [ RunTime:0.000977s ]
ERR: 无法加载模块:Gb-show-id-1496

[ 2017-12-14T21:12:28+08:00 ] 180.153.236.189 /index.php?s=vod-play-id-1258-sid-0-pid-1.html
INFO: [ app_init ] --START--
INFO: Run Behavior\BuildLiteBehavior [ RunTime:0.000000s ]
INFO: [ app_init ] --END-- [ RunTime:0.000976s ]
ERR: 无法加载模块:Vod-play-id-1258-sid-0-pid-1

[ 2017-12-14T21:12:28+08:00 ] 180.153.236.19 /index.php?m=vod-play-id-1846-src-1-num-1.html
INFO: [ app_init ] --START--
INFO: Run Behavior\BuildLiteBehavior [ RunTime:0.000000s ]
INFO: [ app_init ] --END-- [ RunTime:0.000977s ]
ERR: 无法加载模块:Vod-play-id-1846-src-1-num-1.html

[ 2017-12-14T21:12:28+08:00 ] 180.153.236.19 /index.php?m=vod-search-pg-235-starring-yuanyuan-classid-47.html
INFO: [ app_init ] --START--
INFO: Run Behavior\BuildLiteBehavior [ RunTime:0.000000s ]
INFO: [ app_init ] --END-- [ RunTime:0.000977s ]
ERR: 无法加载模块:Vod-search-pg-235-starring-yuanyuan-classid-47.html

[ 2017-12-14T21:12:28+08:00 ] 180.153.236.117 /index.php?s=gb-show-p-121.html
INFO: [ app_init ] --START--
INFO: Run Behavior\BuildLiteBehavior [ RunTime:0.000000s ]
INFO: [ app_init ] --END-- [ RunTime:0.000976s ]
ERR: 无法加载模块:Gb-show-p-121

[ 2017-12-14T21:12:28+08:00 ] 180.153.236.19 /index.php?s=gb-show-id-298.html
INFO: [ app_init ] --START--
INFO: Run Behavior\BuildLiteBehavior [ RunTime:0.000000s ]
INFO: [ app_init ] --END-- [ RunTime:0.000000s ]
ERR: 无法加载模块:Gb-show-id-298

[ 2017-12-14T21:12:28+08:00 ] 42.236.49.248 /index.php?m=vod-list-id-5-pg-10-order--by-score-class-0-year-0-letter--area--lang-.html
INFO: [ app_init ] --START--
INFO: Run Behavior\BuildLiteBehavior [ RunTime:0.000000s ]
INFO: [ app_init ] --END-- [ RunTime:0.000000s ]
ERR: 无法加载模块:Vod-list-id-5-pg-10-order--by-score-class-0-year-0-letter--area--lang-.html

[ 2017-12-14T21:12:28+08:00 ] 180.153.236.149 /index.php?s=vod-play-id-2109-sid-0-pid-1.html
INFO: [ app_init ] --START--
INFO: Run Behavior\BuildLiteBehavior [ RunTime:0.000000s ]
INFO: [ app_init ] --END-- [ RunTime:0.000977s ]
ERR: 无法加载模块:Vod-play-id-2109-sid-0-pid-1

[ 2017-12-14T21:12:28+08:00 ] 180.153.236.43 /index.php?m=vod-play-id-1002-src-1-num-1.html
INFO: [ app_init ] --START--
INFO: Run Behavior\BuildLiteBehavior [ RunTime:0.000000s ]
INFO: [ app_init ] --END-- [ RunTime:0.000000s ]
ERR: 无法加载模块:Vod-play-id-1002-src-1-num-1.html

[ 2017-12-14T21:12:28+08:00 ] 180.153.236.19 /index.php?s=vod-play-id-698-sid-0-pid-1.html
INFO: [ app_init ] --START--
INFO: Run Behavior\BuildLiteBehavior [ RunTime:0.000976s ]
INFO: [ app_init ] --END-- [ RunTime:0.000976s ]
ERR: 无法加载模块:Vod-play-id-698-sid-0-pid-1

[ 2017-12-14T21:12:29+08:00 ] 42.236.10.110 /index.php?s=vod-play-id-1773-sid-0-pid-1.html
INFO: [ app_init ] --START--
INFO: Run Behavior\BuildLiteBehavior [ RunTime:0.000000s ]
INFO: [ app_init ] --END-- [ RunTime:0.000000s ]
ERR: 无法加载模块:Vod-play-id-1773-sid-0-pid-1

[ 2017-12-14T21:12:29+08:00 ] 180.153.236.51 /index.php?s=gb-show-id-962.html
INFO: [ app_init ] --START--
INFO: Run Behavior\BuildLiteBehavior [ RunTime:0.000000s ]
INFO: [ app_init ] --END-- [ RunTime:0.000000s ]
ERR: 无法加载模块:Gb-show-id-962

[ 2017-12-14T21:12:29+08:00 ] 180.153.236.67 /index.php?m=vod-list-id-2-pg-1-order--by--class-0-year-0-letter-C-area-%E6%97%A5%E6%9C%AC-lang-.html
INFO: [ app_init ] --START--
INFO: Run Behavior\BuildLiteBehavior [ RunTime:0.000000s ]
INFO: [ app_init ] --END-- [ RunTime:0.000977s ]
ERR: 无法加载模块:Vod-list-id-2-pg-1-order--by--class-0-year-0-letter-C-area-日本-lang-.html

[ 2017-12-14T21:12:29+08:00 ] 180.153.236.189 /index.php?s=gb-show-id-1009.html
INFO: [ app_init ] --START--
INFO: Run Behavior\BuildLiteBehavior [ RunTime:0.000000s ]
INFO: [ app_init ] --END-- [ RunTime:0.000000s ]
ERR: 无法加载模块:Gb-show-id-1009

