[ 2017-11-05T06:47:29+08:00 ] 140.205.225.188 /index.php?m=member&c=index&a=register&siteid=1
INFO: [ app_init ] --START--
INFO: Run Behavior\BuildLiteBehavior [ RunTime:0.000000s ]
INFO: [ app_init ] --END-- [ RunTime:0.000977s ]
ERR: 无法加载模块:Member

[ 2017-11-05T06:47:29+08:00 ] 140.205.225.188 /index.php?m=wap&a=index&siteid=1
INFO: [ app_init ] --START--
INFO: Run Behavior\BuildLiteBehavior [ RunTime:0.000000s ]
INFO: [ app_init ] --END-- [ RunTime:0.000000s ]
ERR: 无法加载模块:Wap

[ 2017-11-05T21:17:05+08:00 ] 42.236.99.37 /index.php?m=vod-list-id-2-pg-1-order--by--class-0-year-0-letter-A-area-%E5%A4%A7%E9%99%86-lang-.html
INFO: [ app_init ] --START--
INFO: Run Behavior\BuildLiteBehavior [ RunTime:0.000000s ]
INFO: [ app_init ] --END-- [ RunTime:0.000000s ]
ERR: 无法加载模块:Vod-list-id-2-pg-1-order--by--class-0-year-0-letter-A-area-大陆-lang-.html

[ 2017-11-05T21:17:05+08:00 ] 180.153.236.19 /index.php?m=vod-play-id-1682-src-1-num-1.html
INFO: [ app_init ] --START--
INFO: Run Behavior\BuildLiteBehavior [ RunTime:0.000000s ]
INFO: [ app_init ] --END-- [ RunTime:0.000977s ]
ERR: 无法加载模块:Vod-play-id-1682-src-1-num-1.html

[ 2017-11-05T21:17:05+08:00 ] 42.236.99.37 /index.php?s=gb-show-p-359.html
INFO: [ app_init ] --START--
INFO: Run Behavior\BuildLiteBehavior [ RunTime:0.000000s ]
INFO: [ app_init ] --END-- [ RunTime:0.000000s ]
ERR: 无法加载模块:Gb-show-p-359

[ 2017-11-05T21:17:06+08:00 ] 42.236.103.66 /index.php?s=vod-play-id-877-sid-0-pid-1.html
INFO: [ app_init ] --START--
INFO: Run Behavior\BuildLiteBehavior [ RunTime:0.000000s ]
INFO: [ app_init ] --END-- [ RunTime:0.000000s ]
ERR: 无法加载模块:Vod-play-id-877-sid-0-pid-1

[ 2017-11-05T21:17:06+08:00 ] 42.236.102.205 /index.php?m=vod-list-id-2-pg-1-order--by--class-0-year-0-letter-A-area-%E5%85%B6%E5%AE%83-lang-.html
INFO: [ app_init ] --START--
INFO: Run Behavior\BuildLiteBehavior [ RunTime:0.000000s ]
INFO: [ app_init ] --END-- [ RunTime:0.000000s ]
ERR: 无法加载模块:Vod-list-id-2-pg-1-order--by--class-0-year-0-letter-A-area-其它-lang-.html

[ 2017-11-05T21:17:06+08:00 ] 180.153.236.133 /index.php?s=vod-play-id-1458-sid-0-pid-1.html
INFO: [ app_init ] --START--
INFO: Run Behavior\BuildLiteBehavior [ RunTime:0.000000s ]
INFO: [ app_init ] --END-- [ RunTime:0.000000s ]
ERR: 无法加载模块:Vod-play-id-1458-sid-0-pid-1

[ 2017-11-05T21:17:06+08:00 ] 42.236.99.65 /index.php?s=gb-show-id-1654.html
INFO: [ app_init ] --START--
INFO: Run Behavior\BuildLiteBehavior [ RunTime:0.000000s ]
INFO: [ app_init ] --END-- [ RunTime:0.000976s ]
ERR: 无法加载模块:Gb-show-id-1654

[ 2017-11-05T21:17:07+08:00 ] 42.236.103.66 /index.php?m=vod-search-pg-235-starring-yuanyuan-classid-24.html
INFO: [ app_init ] --START--
INFO: Run Behavior\BuildLiteBehavior [ RunTime:0.000000s ]
INFO: [ app_init ] --END-- [ RunTime:0.000976s ]
ERR: 无法加载模块:Vod-search-pg-235-starring-yuanyuan-classid-24.html

[ 2017-11-05T21:17:07+08:00 ] 180.153.236.11 /index.php?s=gb-show-id-791.html
INFO: [ app_init ] --START--
INFO: Run Behavior\BuildLiteBehavior [ RunTime:0.000000s ]
INFO: [ app_init ] --END-- [ RunTime:0.000976s ]
ERR: 无法加载模块:Gb-show-id-791

[ 2017-11-05T23:17:24+08:00 ] 42.236.102.164 /index.php?m=vod-play-id-2302-src-1-num-1.html
INFO: [ app_init ] --START--
INFO: Run Behavior\BuildLiteBehavior [ RunTime:0.000000s ]
INFO: [ app_init ] --END-- [ RunTime:0.000000s ]
ERR: 无法加载模块:Vod-play-id-2302-src-1-num-1.html

[ 2017-11-05T23:17:24+08:00 ] 42.236.99.44 /index.php?s=gb-show-id-68.html
INFO: [ app_init ] --START--
INFO: Run Behavior\BuildLiteBehavior [ RunTime:0.000000s ]
INFO: [ app_init ] --END-- [ RunTime:0.000977s ]
ERR: 无法加载模块:Gb-show-id-68

[ 2017-11-05T23:17:25+08:00 ] 42.236.49.210 /index.php?s=vod-play-id-1199-sid-0-pid-1.html
INFO: [ app_init ] --START--
INFO: Run Behavior\BuildLiteBehavior [ RunTime:0.000000s ]
INFO: [ app_init ] --END-- [ RunTime:0.000977s ]
ERR: 无法加载模块:Vod-play-id-1199-sid-0-pid-1

[ 2017-11-05T23:17:25+08:00 ] 42.236.12.130 /index.php?s=vod-play-id-500-sid-0-pid-1.html
INFO: [ app_init ] --START--
INFO: Run Behavior\BuildLiteBehavior [ RunTime:0.000000s ]
INFO: [ app_init ] --END-- [ RunTime:0.000000s ]
ERR: 无法加载模块:Vod-play-id-500-sid-0-pid-1

