[ 2017-10-09T22:03:43+08:00 ] 42.236.54.42 /index.php?s=vod-play-id-1890-sid-0-pid-1.html
INFO: [ app_init ] --START--
INFO: Run Behavior\BuildLiteBehavior [ RunTime:0.000000s ]
INFO: [ app_init ] --END-- [ RunTime:0.000000s ]
ERR: 无法加载模块:Vod-play-id-1890-sid-0-pid-1

[ 2017-10-09T22:03:43+08:00 ] 180.153.236.109 /index.php?m=vod-play-id-209-src-1-num-1.html
INFO: [ app_init ] --START--
INFO: Run Behavior\BuildLiteBehavior [ RunTime:0.000000s ]
INFO: [ app_init ] --END-- [ RunTime:0.000976s ]
ERR: 无法加载模块:Vod-play-id-209-src-1-num-1.html

[ 2017-10-09T22:03:43+08:00 ] 180.153.236.67 /index.php?m=vod-list-id-4-pg-1-order--by--class-0-year-2009-letter--area-%E9%A9%AC%E6%9D%A5%E8%A5%BF%E4%BA%9A-lang-.html
INFO: [ app_init ] --START--
INFO: Run Behavior\BuildLiteBehavior [ RunTime:0.000000s ]
INFO: [ app_init ] --END-- [ RunTime:0.000000s ]
ERR: 无法加载模块:Vod-list-id-4-pg-1-order--by--class-0-year-2009-letter--area-马来西亚-lang-.html

[ 2017-10-09T22:03:43+08:00 ] 180.153.236.43 /index.php?m=vod-list-id-4-pg-1-order--by--class-0-year-2009-letter--area-%E9%9F%A9%E5%9B%BD-lang-.html
INFO: [ app_init ] --START--
INFO: Run Behavior\BuildLiteBehavior [ RunTime:0.000000s ]
INFO: [ app_init ] --END-- [ RunTime:0.000000s ]
ERR: 无法加载模块:Vod-list-id-4-pg-1-order--by--class-0-year-2009-letter--area-韩国-lang-.html

[ 2017-10-09T22:03:43+08:00 ] 42.236.54.42 /index.php?m=vod-play-id-2134-src-1-num-1.html
INFO: [ app_init ] --START--
INFO: Run Behavior\BuildLiteBehavior [ RunTime:0.000000s ]
INFO: [ app_init ] --END-- [ RunTime:0.000000s ]
ERR: 无法加载模块:Vod-play-id-2134-src-1-num-1.html

[ 2017-10-09T22:03:43+08:00 ] 180.153.236.19 /index.php?s=vod-play-id-641-sid-0-pid-1.html
INFO: [ app_init ] --START--
INFO: Run Behavior\BuildLiteBehavior [ RunTime:0.000976s ]
INFO: [ app_init ] --END-- [ RunTime:0.000976s ]
ERR: 无法加载模块:Vod-play-id-641-sid-0-pid-1

[ 2017-10-09T22:03:43+08:00 ] 180.153.236.19 /index.php?m=vod-list-id-2-pg-1-order--by--class-0-year-0-letter--area-%E9%A9%AC%E6%9D%A5%E8%A5%BF%E4%BA%9A-lang-.html
INFO: [ app_init ] --START--
INFO: Run Behavior\BuildLiteBehavior [ RunTime:0.000000s ]
INFO: [ app_init ] --END-- [ RunTime:0.000000s ]
ERR: 无法加载模块:Vod-list-id-2-pg-1-order--by--class-0-year-0-letter--area-马来西亚-lang-.html

[ 2017-10-09T22:03:44+08:00 ] 42.236.54.42 /index.php?s=gb-show-id-1224.html
INFO: [ app_init ] --START--
INFO: Run Behavior\BuildLiteBehavior [ RunTime:0.000000s ]
INFO: [ app_init ] --END-- [ RunTime:0.000977s ]
ERR: 无法加载模块:Gb-show-id-1224

[ 2017-10-09T22:03:44+08:00 ] 180.153.236.125 /index.php?s=gb-show-id-2001.html
INFO: [ app_init ] --START--
INFO: Run Behavior\BuildLiteBehavior [ RunTime:0.000000s ]
INFO: [ app_init ] --END-- [ RunTime:0.000000s ]
ERR: 无法加载模块:Gb-show-id-2001

[ 2017-10-09T22:03:44+08:00 ] 180.153.236.109 /index.php?s=gb-show-id-430.html
INFO: [ app_init ] --START--
INFO: Run Behavior\BuildLiteBehavior [ RunTime:0.000000s ]
INFO: [ app_init ] --END-- [ RunTime:0.000000s ]
ERR: 无法加载模块:Gb-show-id-430

[ 2017-10-09T22:04:20+08:00 ] 42.236.55.41 /index.php?m=vod-search-pg-235-starring-yuanyuan-classid-23.html
INFO: [ app_init ] --START--
INFO: Run Behavior\BuildLiteBehavior [ RunTime:0.000000s ]
INFO: [ app_init ] --END-- [ RunTime:0.000977s ]
ERR: 无法加载模块:Vod-search-pg-235-starring-yuanyuan-classid-23.html

