[ 2017-11-26T01:06:45+08:00 ] 42.236.10.75 /index.php?s=gb-show-id-921.html
INFO: [ app_init ] --START--
INFO: Run Behavior\BuildLiteBehavior [ RunTime:0.000000s ]
INFO: [ app_init ] --END-- [ RunTime:0.000000s ]
ERR: 无法加载模块:Gb-show-id-921

[ 2017-11-26T01:06:45+08:00 ] 42.236.10.103 /index.php?m=vod-play-id-180-src-1-num-1.html
INFO: [ app_init ] --START--
INFO: Run Behavior\BuildLiteBehavior [ RunTime:0.000000s ]
INFO: [ app_init ] --END-- [ RunTime:0.000000s ]
ERR: 无法加载模块:Vod-play-id-180-src-1-num-1.html

[ 2017-11-26T01:06:45+08:00 ] 42.236.10.102 /index.php?m=vod-play-id-1926-src-1-num-1.html
INFO: [ app_init ] --START--
INFO: Run Behavior\BuildLiteBehavior [ RunTime:0.000000s ]
INFO: [ app_init ] --END-- [ RunTime:0.000000s ]
ERR: 无法加载模块:Vod-play-id-1926-src-1-num-1.html

[ 2017-11-26T01:06:46+08:00 ] 42.236.10.80 /index.php?m=vod-play-id-2408-src-1-num-1.html
INFO: [ app_init ] --START--
INFO: Run Behavior\BuildLiteBehavior [ RunTime:0.000000s ]
INFO: [ app_init ] --END-- [ RunTime:0.000000s ]
ERR: 无法加载模块:Vod-play-id-2408-src-1-num-1.html

[ 2017-11-26T01:06:46+08:00 ] 42.236.102.246 /index.php?s=vod-play-id-1193-sid-0-pid-1.html
INFO: [ app_init ] --START--
INFO: Run Behavior\BuildLiteBehavior [ RunTime:0.000000s ]
INFO: [ app_init ] --END-- [ RunTime:0.000977s ]
ERR: 无法加载模块:Vod-play-id-1193-sid-0-pid-1

[ 2017-11-26T01:06:46+08:00 ] 42.236.10.113 /index.php?s=gb-show-id-755.html
INFO: [ app_init ] --START--
INFO: Run Behavior\BuildLiteBehavior [ RunTime:0.000000s ]
INFO: [ app_init ] --END-- [ RunTime:0.000000s ]
ERR: 无法加载模块:Gb-show-id-755

[ 2017-11-26T01:06:46+08:00 ] 42.236.10.108 /index.php?m=vod-list-id-2-pg-1-order--by--class-0-year-0-letter-Z-area--lang-.html
INFO: [ app_init ] --START--
INFO: Run Behavior\BuildLiteBehavior [ RunTime:0.000000s ]
INFO: [ app_init ] --END-- [ RunTime:0.000000s ]
ERR: 无法加载模块:Vod-list-id-2-pg-1-order--by--class-0-year-0-letter-Z-area--lang-.html

[ 2017-11-26T01:06:46+08:00 ] 42.236.10.71 /index.php?s=vod-play-id-1940-sid-0-pid-1.html
INFO: [ app_init ] --START--
INFO: Run Behavior\BuildLiteBehavior [ RunTime:0.000000s ]
INFO: [ app_init ] --END-- [ RunTime:0.000000s ]
ERR: 无法加载模块:Vod-play-id-1940-sid-0-pid-1

[ 2017-11-26T01:06:46+08:00 ] 42.236.39.162 /index.php?s=vod-play-id-1909-sid-0-pid-1.html
INFO: [ app_init ] --START--
INFO: Run Behavior\BuildLiteBehavior [ RunTime:0.000000s ]
INFO: [ app_init ] --END-- [ RunTime:0.000977s ]
ERR: 无法加载模块:Vod-play-id-1909-sid-0-pid-1

[ 2017-11-26T01:06:46+08:00 ] 42.236.10.84 /index.php?m=vod-search-pg-235-starring-yuanyuan-classid-34.html
INFO: [ app_init ] --START--
INFO: Run Behavior\BuildLiteBehavior [ RunTime:0.000000s ]
INFO: [ app_init ] --END-- [ RunTime:0.000976s ]
ERR: 无法加载模块:Vod-search-pg-235-starring-yuanyuan-classid-34.html

