[ 2017-12-17T23:11:57+08:00 ] 42.236.10.76 /index.php?m=vod-list-id-4-pg-1-order--by--class-0-year-2009-letter-Y-area--lang-.html
INFO: [ app_init ] --START--
INFO: Run Behavior\BuildLiteBehavior [ RunTime:0.000000s ]
INFO: [ app_init ] --END-- [ RunTime:0.000000s ]
ERR: 无法加载模块:Vod-list-id-4-pg-1-order--by--class-0-year-2009-letter-Y-area--lang-.html

[ 2017-12-17T23:11:57+08:00 ] 42.236.10.103 /index.php?s=gb-show-id-308.html
INFO: [ app_init ] --START--
INFO: Run Behavior\BuildLiteBehavior [ RunTime:0.000000s ]
INFO: [ app_init ] --END-- [ RunTime:0.000976s ]
ERR: 无法加载模块:Gb-show-id-308

[ 2017-12-17T23:11:57+08:00 ] 42.236.48.182 /index.php?m=vod-list-id-2-pg-1-order--by--class-0-year-0-letter-C-area-%E7%BE%8E%E5%9B%BD-lang-.html
INFO: [ app_init ] --START--
INFO: Run Behavior\BuildLiteBehavior [ RunTime:0.000000s ]
INFO: [ app_init ] --END-- [ RunTime:0.000977s ]
ERR: 无法加载模块:Vod-list-id-2-pg-1-order--by--class-0-year-0-letter-C-area-美国-lang-.html

[ 2017-12-17T23:11:57+08:00 ] 42.236.48.182 /index.php?s=vod-play-id-704-sid-0-pid-1.html
INFO: [ app_init ] --START--
INFO: Run Behavior\BuildLiteBehavior [ RunTime:0.000000s ]
INFO: [ app_init ] --END-- [ RunTime:0.000976s ]
ERR: 无法加载模块:Vod-play-id-704-sid-0-pid-1

[ 2017-12-17T23:11:57+08:00 ] 42.236.10.111 /index.php?s=gb-show-p-129.html
INFO: [ app_init ] --START--
INFO: Run Behavior\BuildLiteBehavior [ RunTime:0.000000s ]
INFO: [ app_init ] --END-- [ RunTime:0.000000s ]
ERR: 无法加载模块:Gb-show-p-129

[ 2017-12-17T23:11:58+08:00 ] 42.236.48.182 /index.php?m=vod-search-pg-235-starring-yuanyuan-classid-5.html
INFO: [ app_init ] --START--
INFO: Run Behavior\BuildLiteBehavior [ RunTime:0.000000s ]
INFO: [ app_init ] --END-- [ RunTime:0.000000s ]
ERR: 无法加载模块:Vod-search-pg-235-starring-yuanyuan-classid-5.html

[ 2017-12-17T23:11:58+08:00 ] 42.236.10.106 /index.php?m=vod-play-id-1479-src-1-num-1.html
INFO: [ app_init ] --START--
INFO: Run Behavior\BuildLiteBehavior [ RunTime:0.000000s ]
INFO: [ app_init ] --END-- [ RunTime:0.000000s ]
ERR: 无法加载模块:Vod-play-id-1479-src-1-num-1.html

[ 2017-12-17T23:11:58+08:00 ] 42.236.48.182 /index.php?s=vod-play-id-239-sid-0-pid-1.html
INFO: [ app_init ] --START--
INFO: Run Behavior\BuildLiteBehavior [ RunTime:0.000000s ]
INFO: [ app_init ] --END-- [ RunTime:0.000000s ]
ERR: 无法加载模块:Vod-play-id-239-sid-0-pid-1

[ 2017-12-17T23:11:58+08:00 ] 42.236.49.212 /index.php?s=vod-play-id-127-sid-0-pid-1.html
INFO: [ app_init ] --START--
INFO: Run Behavior\BuildLiteBehavior [ RunTime:0.000000s ]
INFO: [ app_init ] --END-- [ RunTime:0.000000s ]
ERR: 无法加载模块:Vod-play-id-127-sid-0-pid-1

[ 2017-12-17T23:11:58+08:00 ] 42.236.49.20 /index.php?s=gb-show-p-1382.html
INFO: [ app_init ] --START--
INFO: Run Behavior\BuildLiteBehavior [ RunTime:0.000000s ]
INFO: [ app_init ] --END-- [ RunTime:0.000976s ]
ERR: 无法加载模块:Gb-show-p-1382

[ 2017-12-17T23:12:11+08:00 ] 42.236.10.110 /index.php?s=vod-play-id-2139-sid-0-pid-1.html
INFO: [ app_init ] --START--
INFO: Run Behavior\BuildLiteBehavior [ RunTime:0.000000s ]
INFO: [ app_init ] --END-- [ RunTime:0.000000s ]
ERR: 无法加载模块:Vod-play-id-2139-sid-0-pid-1

