[ 2017-12-05T20:18:00+08:00 ] 180.153.236.101 /index.php?m=vod-list-id-4-pg-1-order--by--class-0-year-2009-letter-P-area--lang-.html
INFO: [ app_init ] --START--
INFO: Run Behavior\BuildLiteBehavior [ RunTime:0.000000s ]
INFO: [ app_init ] --END-- [ RunTime:0.000977s ]
ERR: 无法加载模块:Vod-list-id-4-pg-1-order--by--class-0-year-2009-letter-P-area--lang-.html

[ 2017-12-05T20:18:00+08:00 ] 180.153.236.43 /index.php?s=vod-play-id-1200-sid-0-pid-1.html
INFO: [ app_init ] --START--
INFO: Run Behavior\BuildLiteBehavior [ RunTime:0.000000s ]
INFO: [ app_init ] --END-- [ RunTime:0.000000s ]
ERR: 无法加载模块:Vod-play-id-1200-sid-0-pid-1

[ 2017-12-05T20:18:01+08:00 ] 180.153.236.149 /index.php?s=gb-show-p-1144.html
INFO: [ app_init ] --START--
INFO: Run Behavior\BuildLiteBehavior [ RunTime:0.000000s ]
INFO: [ app_init ] --END-- [ RunTime:0.000000s ]
ERR: 无法加载模块:Gb-show-p-1144

[ 2017-12-05T20:18:13+08:00 ] 42.236.10.77 /index.php?m=vod-list-id-6-pg-1-order--by--class-0-year-0-letter-L-area-%E9%A6%99%E6%B8%AF-lang-.html
INFO: [ app_init ] --START--
INFO: Run Behavior\BuildLiteBehavior [ RunTime:0.000000s ]
INFO: [ app_init ] --END-- [ RunTime:0.000000s ]
ERR: 无法加载模块:Vod-list-id-6-pg-1-order--by--class-0-year-0-letter-L-area-香港-lang-.html

[ 2017-12-05T20:18:13+08:00 ] 42.236.10.83 /index.php?m=vod-list-id-6-pg-5-order--by-score-class-0-year-0-letter--area--lang-.html
INFO: [ app_init ] --START--
INFO: Run Behavior\BuildLiteBehavior [ RunTime:0.000000s ]
INFO: [ app_init ] --END-- [ RunTime:0.000977s ]
ERR: 无法加载模块:Vod-list-id-6-pg-5-order--by-score-class-0-year-0-letter--area--lang-.html

[ 2017-12-05T20:18:13+08:00 ] 42.236.10.111 /index.php?s=gb-show-id-1378.html
INFO: [ app_init ] --START--
INFO: Run Behavior\BuildLiteBehavior [ RunTime:0.000000s ]
INFO: [ app_init ] --END-- [ RunTime:0.000000s ]
ERR: 无法加载模块:Gb-show-id-1378

[ 2017-12-05T20:18:13+08:00 ] 42.236.10.75 /index.php?s=gb-show-id-2160.html
INFO: [ app_init ] --START--
INFO: Run Behavior\BuildLiteBehavior [ RunTime:0.000000s ]
INFO: [ app_init ] --END-- [ RunTime:0.000977s ]
ERR: 无法加载模块:Gb-show-id-2160

[ 2017-12-05T20:18:13+08:00 ] 42.236.10.109 /index.php?s=vod-play-id-680-sid-0-pid-1.html
INFO: [ app_init ] --START--
INFO: Run Behavior\BuildLiteBehavior [ RunTime:0.000000s ]
INFO: [ app_init ] --END-- [ RunTime:0.000000s ]
ERR: 无法加载模块:Vod-play-id-680-sid-0-pid-1

[ 2017-12-05T20:18:13+08:00 ] 42.236.10.107 /index.php?m=vod-play-id-2145-src-1-num-1.html
INFO: [ app_init ] --START--
INFO: Run Behavior\BuildLiteBehavior [ RunTime:0.000000s ]
INFO: [ app_init ] --END-- [ RunTime:0.000000s ]
ERR: 无法加载模块:Vod-play-id-2145-src-1-num-1.html

[ 2017-12-05T20:18:13+08:00 ] 42.236.10.111 /index.php?s=gb-show-id-963.html
INFO: [ app_init ] --START--
INFO: Run Behavior\BuildLiteBehavior [ RunTime:0.000000s ]
INFO: [ app_init ] --END-- [ RunTime:0.000000s ]
ERR: 无法加载模块:Gb-show-id-963

[ 2017-12-05T20:18:13+08:00 ] 42.236.10.113 /index.php?s=gb-show-id-812.html
INFO: [ app_init ] --START--
INFO: Run Behavior\BuildLiteBehavior [ RunTime:0.000000s ]
INFO: [ app_init ] --END-- [ RunTime:0.000976s ]
ERR: 无法加载模块:Gb-show-id-812

[ 2017-12-05T20:18:13+08:00 ] 180.153.232.170 /index.php?s=vod-play-id-1989-sid-0-pid-1.html
INFO: [ app_init ] --START--
INFO: Run Behavior\BuildLiteBehavior [ RunTime:0.000000s ]
INFO: [ app_init ] --END-- [ RunTime:0.000976s ]
ERR: 无法加载模块:Vod-play-id-1989-sid-0-pid-1

[ 2017-12-05T20:18:14+08:00 ] 42.236.10.100 /index.php?s=vod-play-id-1965-sid-0-pid-1.html
INFO: [ app_init ] --START--
INFO: Run Behavior\BuildLiteBehavior [ RunTime:0.000000s ]
INFO: [ app_init ] --END-- [ RunTime:0.000000s ]
ERR: 无法加载模块:Vod-play-id-1965-sid-0-pid-1

[ 2017-12-05T20:18:14+08:00 ] 42.236.10.103 /index.php?m=vod-play-id-2482-src-1-num-1.html
INFO: [ app_init ] --START--
INFO: Run Behavior\BuildLiteBehavior [ RunTime:0.000000s ]
INFO: [ app_init ] --END-- [ RunTime:0.000000s ]
ERR: 无法加载模块:Vod-play-id-2482-src-1-num-1.html

[ 2017-12-05T20:18:14+08:00 ] 42.236.10.110 /index.php?m=vod-list-id-2-pg-1-order--by--class-0-year-0-letter-B-area-%E9%A9%AC%E6%9D%A5%E8%A5%BF%E4%BA%9A-lang-.html
INFO: [ app_init ] --START--
INFO: Run Behavior\BuildLiteBehavior [ RunTime:0.000000s ]
INFO: [ app_init ] --END-- [ RunTime:0.000000s ]
ERR: 无法加载模块:Vod-list-id-2-pg-1-order--by--class-0-year-0-letter-B-area-马来西亚-lang-.html

[ 2017-12-05T20:18:14+08:00 ] 42.236.10.85 /index.php?m=vod-play-id-2560-src-1-num-1.html
INFO: [ app_init ] --START--
INFO: Run Behavior\BuildLiteBehavior [ RunTime:0.000000s ]
INFO: [ app_init ] --END-- [ RunTime:0.000000s ]
ERR: 无法加载模块:Vod-play-id-2560-src-1-num-1.html

