[ 2017-11-15T01:15:58+08:00 ] 42.236.99.72 /index.php?m=vod-play-id-1974-src-1-num-1.html
INFO: [ app_init ] --START--
INFO: Run Behavior\BuildLiteBehavior [ RunTime:0.000000s ]
INFO: [ app_init ] --END-- [ RunTime:0.000000s ]
ERR: 无法加载模块:Vod-play-id-1974-src-1-num-1.html

[ 2017-11-15T01:15:58+08:00 ] 42.236.102.230 /index.php?m=vod-search-pg-235-starring-yuanyuan-classid-30.html
INFO: [ app_init ] --START--
INFO: Run Behavior\BuildLiteBehavior [ RunTime:0.000000s ]
INFO: [ app_init ] --END-- [ RunTime:0.000000s ]
ERR: 无法加载模块:Vod-search-pg-235-starring-yuanyuan-classid-30.html

[ 2017-11-15T01:15:58+08:00 ] 42.236.39.182 /index.php?m=vod-list-id-5-pg-5-order--by-score-class-0-year-0-letter--area--lang-.html
INFO: [ app_init ] --START--
INFO: Run Behavior\BuildLiteBehavior [ RunTime:0.000000s ]
INFO: [ app_init ] --END-- [ RunTime:0.000000s ]
ERR: 无法加载模块:Vod-list-id-5-pg-5-order--by-score-class-0-year-0-letter--area--lang-.html

[ 2017-11-15T01:15:58+08:00 ] 42.236.101.234 /index.php?s=gb-show-id-94.html
INFO: [ app_init ] --START--
INFO: Run Behavior\BuildLiteBehavior [ RunTime:0.000000s ]
INFO: [ app_init ] --END-- [ RunTime:0.000000s ]
ERR: 无法加载模块:Gb-show-id-94

[ 2017-11-15T01:15:59+08:00 ] 42.236.102.161 /index.php?m=vod-list-id-2-pg-7-order--by--class-0-year-0-letter--area-%E5%A4%A7%E9%99%86-lang-.html
INFO: [ app_init ] --START--
INFO: Run Behavior\BuildLiteBehavior [ RunTime:0.000000s ]
INFO: [ app_init ] --END-- [ RunTime:0.000000s ]
ERR: 无法加载模块:Vod-list-id-2-pg-7-order--by--class-0-year-0-letter--area-大陆-lang-.html

[ 2017-11-15T01:16:00+08:00 ] 42.236.12.130 /index.php?m=vod-play-id-2395-src-1-num-1.html
INFO: [ app_init ] --START--
INFO: Run Behavior\BuildLiteBehavior [ RunTime:0.000000s ]
INFO: [ app_init ] --END-- [ RunTime:0.000000s ]
ERR: 无法加载模块:Vod-play-id-2395-src-1-num-1.html

[ 2017-11-15T06:27:50+08:00 ] 180.153.236.43 /index.php?s=vod-play-id-655-sid-0-pid-1.html
INFO: [ app_init ] --START--
INFO: Run Behavior\BuildLiteBehavior [ RunTime:0.000000s ]
INFO: [ app_init ] --END-- [ RunTime:0.000976s ]
ERR: 无法加载模块:Vod-play-id-655-sid-0-pid-1

[ 2017-11-15T06:27:50+08:00 ] 42.236.102.238 /index.php?m=vod-list-id-2-pg-1-order--by--class-0-year-0-letter-B-area-%E4%BF%84%E7%BD%97%E6%96%AF-lang-.html
INFO: [ app_init ] --START--
INFO: Run Behavior\BuildLiteBehavior [ RunTime:0.000000s ]
INFO: [ app_init ] --END-- [ RunTime:0.000977s ]
ERR: 无法加载模块:Vod-list-id-2-pg-1-order--by--class-0-year-0-letter-B-area-俄罗斯-lang-.html

[ 2017-11-15T06:27:51+08:00 ] 180.153.236.109 /index.php?s=gb-show-id-929.html
INFO: [ app_init ] --START--
INFO: Run Behavior\BuildLiteBehavior [ RunTime:0.000000s ]
INFO: [ app_init ] --END-- [ RunTime:0.000000s ]
ERR: 无法加载模块:Gb-show-id-929

[ 2017-11-15T06:27:51+08:00 ] 180.153.236.67 /index.php?m=vod-play-id-2540-src-1-num-1.html
INFO: [ app_init ] --START--
INFO: Run Behavior\BuildLiteBehavior [ RunTime:0.000000s ]
INFO: [ app_init ] --END-- [ RunTime:0.000000s ]
ERR: 无法加载模块:Vod-play-id-2540-src-1-num-1.html

