[ 2017-12-13T19:50:53+08:00 ] 140.205.225.194 /index.php?m=member&c=index&a=register&siteid=1
INFO: [ app_init ] --START--
INFO: Run Behavior\BuildLiteBehavior [ RunTime:0.000000s ]
INFO: [ app_init ] --END-- [ RunTime:0.000976s ]
ERR: 无法加载模块:Member

[ 2017-12-13T19:50:54+08:00 ] 140.205.225.194 /index.php?m=wap&a=index&siteid=1
INFO: [ app_init ] --START--
INFO: Run Behavior\BuildLiteBehavior [ RunTime:0.000000s ]
INFO: [ app_init ] --END-- [ RunTime:0.000977s ]
ERR: 无法加载模块:Wap

[ 2017-12-13T20:22:18+08:00 ] 42.236.39.146 /index.php?s=gb-show-p-120.html
INFO: [ app_init ] --START--
INFO: Run Behavior\BuildLiteBehavior [ RunTime:0.000000s ]
INFO: [ app_init ] --END-- [ RunTime:0.000000s ]
ERR: 无法加载模块:Gb-show-p-120

[ 2017-12-13T20:22:18+08:00 ] 42.236.10.107 /index.php?s=vod-play-id-697-sid-0-pid-1.html
INFO: [ app_init ] --START--
INFO: Run Behavior\BuildLiteBehavior [ RunTime:0.000000s ]
INFO: [ app_init ] --END-- [ RunTime:0.000000s ]
ERR: 无法加载模块:Vod-play-id-697-sid-0-pid-1

[ 2017-12-13T20:22:18+08:00 ] 42.236.10.84 /index.php?s=gb-show-id-1494.html
INFO: [ app_init ] --START--
INFO: Run Behavior\BuildLiteBehavior [ RunTime:0.000000s ]
INFO: [ app_init ] --END-- [ RunTime:0.000976s ]
ERR: 无法加载模块:Gb-show-id-1494

[ 2017-12-13T20:22:18+08:00 ] 42.236.10.102 /index.php?s=gb-show-id-961.html
INFO: [ app_init ] --START--
INFO: Run Behavior\BuildLiteBehavior [ RunTime:0.000000s ]
INFO: [ app_init ] --END-- [ RunTime:0.000976s ]
ERR: 无法加载模块:Gb-show-id-961

[ 2017-12-13T20:22:18+08:00 ] 180.153.236.149 /index.php?m=vod-play-id-369-src-1-num-1.html
INFO: [ app_init ] --START--
INFO: Run Behavior\BuildLiteBehavior [ RunTime:0.000000s ]
INFO: [ app_init ] --END-- [ RunTime:0.000000s ]
ERR: 无法加载模块:Vod-play-id-369-src-1-num-1.html

[ 2017-12-13T20:22:18+08:00 ] 42.236.10.82 /index.php?m=vod-list-id-4-pg-1-order--by--class-0-year-2009-letter-U-area--lang-.html
INFO: [ app_init ] --START--
INFO: Run Behavior\BuildLiteBehavior [ RunTime:0.000000s ]
INFO: [ app_init ] --END-- [ RunTime:0.000000s ]
ERR: 无法加载模块:Vod-list-id-4-pg-1-order--by--class-0-year-2009-letter-U-area--lang-.html

[ 2017-12-13T20:22:18+08:00 ] 180.153.236.189 /index.php?m=vod-play-id-217-src-1-num-1.html
INFO: [ app_init ] --START--
INFO: Run Behavior\BuildLiteBehavior [ RunTime:0.000000s ]
INFO: [ app_init ] --END-- [ RunTime:0.000000s ]
ERR: 无法加载模块:Vod-play-id-217-src-1-num-1.html

[ 2017-12-13T20:22:18+08:00 ] 42.236.102.163 /index.php?m=vod-search-pg-235-starring-yuanyuan-classid-46.html
INFO: [ app_init ] --START--
INFO: Run Behavior\BuildLiteBehavior [ RunTime:0.000000s ]
INFO: [ app_init ] --END-- [ RunTime:0.000000s ]
ERR: 无法加载模块:Vod-search-pg-235-starring-yuanyuan-classid-46.html

[ 2017-12-13T20:22:19+08:00 ] 42.236.39.146 /index.php?m=vod-play-id-1-src-2-num-1.html
INFO: [ app_init ] --START--
INFO: Run Behavior\BuildLiteBehavior [ RunTime:0.000000s ]
INFO: [ app_init ] --END-- [ RunTime:0.000977s ]
ERR: 无法加载模块:Vod-play-id-1-src-2-num-1.html

[ 2017-12-13T20:22:19+08:00 ] 42.236.10.115 /index.php?m=vod-list-id-2-pg-1-order--by--class-0-year-0-letter-C-area-%E6%96%B0%E5%8A%A0%E5%9D%A1-lang-.html
INFO: [ app_init ] --START--
INFO: Run Behavior\BuildLiteBehavior [ RunTime:0.000000s ]
INFO: [ app_init ] --END-- [ RunTime:0.000000s ]
ERR: 无法加载模块:Vod-list-id-2-pg-1-order--by--class-0-year-0-letter-C-area-新加坡-lang-.html

[ 2017-12-13T20:22:19+08:00 ] 42.236.10.103 /index.php?s=gb-show-p-1377.html
INFO: [ app_init ] --START--
INFO: Run Behavior\BuildLiteBehavior [ RunTime:0.000000s ]
INFO: [ app_init ] --END-- [ RunTime:0.000977s ]
ERR: 无法加载模块:Gb-show-p-1377

[ 2017-12-13T20:22:19+08:00 ] 180.153.236.109 /index.php?s=vod-play-id-232-sid-0-pid-1.html
INFO: [ app_init ] --START--
INFO: Run Behavior\BuildLiteBehavior [ RunTime:0.000000s ]
INFO: [ app_init ] --END-- [ RunTime:0.000000s ]
ERR: 无法加载模块:Vod-play-id-232-sid-0-pid-1

[ 2017-12-13T20:22:19+08:00 ] 42.236.49.18 /index.php?s=vod-play-id-1253-sid-0-pid-1.html
INFO: [ app_init ] --START--
INFO: Run Behavior\BuildLiteBehavior [ RunTime:0.000000s ]
INFO: [ app_init ] --END-- [ RunTime:0.000977s ]
ERR: 无法加载模块:Vod-play-id-1253-sid-0-pid-1

[ 2017-12-13T20:22:19+08:00 ] 42.236.10.112 /index.php?m=vod-play-id-1443-src-1-num-1.html
INFO: [ app_init ] --START--
INFO: Run Behavior\BuildLiteBehavior [ RunTime:0.000000s ]
INFO: [ app_init ] --END-- [ RunTime:0.000976s ]
ERR: 无法加载模块:Vod-play-id-1443-src-1-num-1.html

