[ 2017-10-10T23:02:41+08:00 ] 42.236.99.142 /index.php?m=vod-play-id-1706-src-1-num-1.html
INFO: [ app_init ] --START--
INFO: Run Behavior\BuildLiteBehavior [ RunTime:0.000000s ]
INFO: [ app_init ] --END-- [ RunTime:0.000976s ]
ERR: 无法加载模块:Vod-play-id-1706-src-1-num-1.html

[ 2017-10-10T23:04:00+08:00 ] 42.236.12.190 /index.php?s=gb-show-id-599.html
INFO: [ app_init ] --START--
INFO: Run Behavior\BuildLiteBehavior [ RunTime:0.000000s ]
INFO: [ app_init ] --END-- [ RunTime:0.000000s ]
ERR: 无法加载模块:Gb-show-id-599

[ 2017-10-10T23:15:02+08:00 ] 42.236.99.206 /index.php?s=gb-show-id-437.html
INFO: [ app_init ] --START--
INFO: Run Behavior\BuildLiteBehavior [ RunTime:0.000000s ]
INFO: [ app_init ] --END-- [ RunTime:0.000000s ]
ERR: 无法加载模块:Gb-show-id-437

[ 2017-10-10T23:17:47+08:00 ] 180.153.236.189 /index.php?m=vod-list-id-2-pg-1-order--by--class-0-year-0-letter--area-%E8%8B%B1%E5%9B%BD-lang-.html
INFO: [ app_init ] --START--
INFO: Run Behavior\BuildLiteBehavior [ RunTime:0.000000s ]
INFO: [ app_init ] --END-- [ RunTime:0.000000s ]
ERR: 无法加载模块:Vod-list-id-2-pg-1-order--by--class-0-year-0-letter--area-英国-lang-.html

[ 2017-10-10T23:23:09+08:00 ] 180.153.236.173 /index.php?s=vod-play-id-570-sid-0-pid-1.html
INFO: [ app_init ] --START--
INFO: Run Behavior\BuildLiteBehavior [ RunTime:0.000000s ]
INFO: [ app_init ] --END-- [ RunTime:0.000000s ]
ERR: 无法加载模块:Vod-play-id-570-sid-0-pid-1

[ 2017-10-10T23:26:01+08:00 ] 42.236.12.130 /index.php?s=gb-show-id-1181.html
INFO: [ app_init ] --START--
INFO: Run Behavior\BuildLiteBehavior [ RunTime:0.000000s ]
INFO: [ app_init ] --END-- [ RunTime:0.000000s ]
ERR: 无法加载模块:Gb-show-id-1181

[ 2017-10-10T23:29:03+08:00 ] 180.153.236.173 /index.php?m=vod-search-pg-2-year-2002-starring-yuanyuan.html
INFO: [ app_init ] --START--
INFO: Run Behavior\BuildLiteBehavior [ RunTime:0.000000s ]
INFO: [ app_init ] --END-- [ RunTime:0.000977s ]
ERR: 无法加载模块:Vod-search-pg-2-year-2002-starring-yuanyuan.html

[ 2017-10-10T23:38:14+08:00 ] 42.236.99.230 /index.php?m=vod-list-id-2-pg-1-order--by--class--year-0-letter-Z-area--lang-.html
INFO: [ app_init ] --START--
INFO: Run Behavior\BuildLiteBehavior [ RunTime:0.000000s ]
INFO: [ app_init ] --END-- [ RunTime:0.000000s ]
ERR: 无法加载模块:Vod-list-id-2-pg-1-order--by--class--year-0-letter-Z-area--lang-.html

[ 2017-10-10T23:41:52+08:00 ] 42.236.99.130 /index.php?s=vod-play-id-1880-sid-0-pid-1.html
INFO: [ app_init ] --START--
INFO: Run Behavior\BuildLiteBehavior [ RunTime:0.000000s ]
INFO: [ app_init ] --END-- [ RunTime:0.000000s ]
ERR: 无法加载模块:Vod-play-id-1880-sid-0-pid-1

[ 2017-10-10T23:44:40+08:00 ] 180.153.236.165 /index.php?m=vod-play-id-2065-src-1-num-1.html
INFO: [ app_init ] --START--
INFO: Run Behavior\BuildLiteBehavior [ RunTime:0.000000s ]
INFO: [ app_init ] --END-- [ RunTime:0.000000s ]
ERR: 无法加载模块:Vod-play-id-2065-src-1-num-1.html

[ 2017-10-10T23:52:39+08:00 ] 42.236.99.23 /index.php?m=vod-play-id-2396-src-1-num-1.html
INFO: [ app_init ] --START--
INFO: Run Behavior\BuildLiteBehavior [ RunTime:0.000000s ]
INFO: [ app_init ] --END-- [ RunTime:0.000977s ]
ERR: 无法加载模块:Vod-play-id-2396-src-1-num-1.html

[ 2017-10-10T23:59:59+08:00 ] 180.153.236.157 /index.php?m=vod-list-id-4-pg-1-order--by--class-0-year-2008-letter--area-%E5%8D%B0%E5%BA%A6-lang-.html
INFO: [ app_init ] --START--
INFO: Run Behavior\BuildLiteBehavior [ RunTime:0.000000s ]
INFO: [ app_init ] --END-- [ RunTime:0.000000s ]
ERR: 无法加载模块:Vod-list-id-4-pg-1-order--by--class-0-year-2008-letter--area-印度-lang-.html

