[ 2017-12-30T00:17:54+08:00 ] 180.153.236.35 /index.php?m=vod-play-id-657-src-1-num-1.html
INFO: [ app_init ] --START--
INFO: Run Behavior\BuildLiteBehavior [ RunTime:0.000000s ]
INFO: [ app_init ] --END-- [ RunTime:0.000000s ]
ERR: 无法加载模块:Vod-play-id-657-src-1-num-1.html

[ 2017-12-30T00:17:54+08:00 ] 42.236.10.108 /index.php?m=vod-play-id-2206-src-1-num-1.html
INFO: [ app_init ] --START--
INFO: Run Behavior\BuildLiteBehavior [ RunTime:0.000000s ]
INFO: [ app_init ] --END-- [ RunTime:0.000977s ]
ERR: 无法加载模块:Vod-play-id-2206-src-1-num-1.html

[ 2017-12-30T00:17:54+08:00 ] 42.236.10.75 /index.php?s=vod-play-id-749-sid-0-pid-1.html
INFO: [ app_init ] --START--
INFO: Run Behavior\BuildLiteBehavior [ RunTime:0.000000s ]
INFO: [ app_init ] --END-- [ RunTime:0.000000s ]
ERR: 无法加载模块:Vod-play-id-749-sid-0-pid-1

[ 2017-12-30T00:17:54+08:00 ] 42.236.10.109 /index.php?m=vod-list-id-4-pg-1-order--by--class-0-year-2010-letter-I-area--lang-.html
INFO: [ app_init ] --START--
INFO: Run Behavior\BuildLiteBehavior [ RunTime:0.000000s ]
INFO: [ app_init ] --END-- [ RunTime:0.000000s ]
ERR: 无法加载模块:Vod-list-id-4-pg-1-order--by--class-0-year-2010-letter-I-area--lang-.html

[ 2017-12-30T00:17:54+08:00 ] 42.236.10.102 /index.php?s=gb-show-p-3022.html
INFO: [ app_init ] --START--
INFO: Run Behavior\BuildLiteBehavior [ RunTime:0.000000s ]
INFO: [ app_init ] --END-- [ RunTime:0.000000s ]
ERR: 无法加载模块:Gb-show-p-3022

[ 2017-12-30T00:17:54+08:00 ] 42.236.10.74 /index.php?m=vod-list-id-2-pg-1-order--by--class-0-year-0-letter-C-area-%E9%9F%A9%E5%9B%BD-lang-.html
INFO: [ app_init ] --START--
INFO: Run Behavior\BuildLiteBehavior [ RunTime:0.000000s ]
INFO: [ app_init ] --END-- [ RunTime:0.000977s ]
ERR: 无法加载模块:Vod-list-id-2-pg-1-order--by--class-0-year-0-letter-C-area-韩国-lang-.html

[ 2017-12-30T00:17:54+08:00 ] 42.236.10.109 /index.php?m=vod-play-id-1676-src-1-num-1.html
INFO: [ app_init ] --START--
INFO: Run Behavior\BuildLiteBehavior [ RunTime:0.000000s ]
INFO: [ app_init ] --END-- [ RunTime:0.000977s ]
ERR: 无法加载模块:Vod-play-id-1676-src-1-num-1.html

[ 2017-12-30T00:17:54+08:00 ] 42.236.48.82 /index.php?s=gb-show-id-1170.html
INFO: [ app_init ] --START--
INFO: Run Behavior\BuildLiteBehavior [ RunTime:0.000000s ]
INFO: [ app_init ] --END-- [ RunTime:0.000976s ]
ERR: 无法加载模块:Gb-show-id-1170

[ 2017-12-30T00:17:55+08:00 ] 42.236.10.78 /index.php?s=vod-play-id-257-sid-0-pid-1.html
INFO: [ app_init ] --START--
INFO: Run Behavior\BuildLiteBehavior [ RunTime:0.000000s ]
INFO: [ app_init ] --END-- [ RunTime:0.000000s ]
ERR: 无法加载模块:Vod-play-id-257-sid-0-pid-1

[ 2017-12-30T00:17:55+08:00 ] 42.236.10.104 /index.php?s=gb-show-id-1865.html
INFO: [ app_init ] --START--
INFO: Run Behavior\BuildLiteBehavior [ RunTime:0.000000s ]
INFO: [ app_init ] --END-- [ RunTime:0.000976s ]
ERR: 无法加载模块:Gb-show-id-1865

[ 2017-12-30T00:17:55+08:00 ] 180.153.236.35 /index.php?s=vod-play-id-262-sid-0-pid-1.html
INFO: [ app_init ] --START--
INFO: Run Behavior\BuildLiteBehavior [ RunTime:0.000000s ]
INFO: [ app_init ] --END-- [ RunTime:0.000977s ]
ERR: 无法加载模块:Vod-play-id-262-sid-0-pid-1

[ 2017-12-30T00:17:55+08:00 ] 42.236.48.82 /index.php?s=gb-show-id-374.html
INFO: [ app_init ] --START--
INFO: Run Behavior\BuildLiteBehavior [ RunTime:0.000000s ]
INFO: [ app_init ] --END-- [ RunTime:0.000000s ]
ERR: 无法加载模块:Gb-show-id-374

[ 2017-12-30T00:17:55+08:00 ] 42.236.10.76 /index.php?m=vod-search-pg-235-starring-yuanyuan-classid-6.html
INFO: [ app_init ] --START--
INFO: Run Behavior\BuildLiteBehavior [ RunTime:0.000000s ]
INFO: [ app_init ] --END-- [ RunTime:0.000977s ]
ERR: 无法加载模块:Vod-search-pg-235-starring-yuanyuan-classid-6.html

[ 2017-12-30T00:17:55+08:00 ] 42.236.10.112 /index.php?m=vod-play-id-1066-src-1-num-1.html
INFO: [ app_init ] --START--
INFO: Run Behavior\BuildLiteBehavior [ RunTime:0.000000s ]
INFO: [ app_init ] --END-- [ RunTime:0.000000s ]
ERR: 无法加载模块:Vod-play-id-1066-src-1-num-1.html

[ 2017-12-30T00:17:55+08:00 ] 42.236.10.105 /index.php?s=vod-play-id-1326-sid-0-pid-1.html
INFO: [ app_init ] --START--
INFO: Run Behavior\BuildLiteBehavior [ RunTime:0.000000s ]
INFO: [ app_init ] --END-- [ RunTime:0.000977s ]
ERR: 无法加载模块:Vod-play-id-1326-sid-0-pid-1

