[ 2017-12-03T22:52:10+08:00 ] 42.236.102.238 /index.php?s=vod-play-id-676-sid-0-pid-1.html
INFO: [ app_init ] --START--
INFO: Run Behavior\BuildLiteBehavior [ RunTime:0.000000s ]
INFO: [ app_init ] --END-- [ RunTime:0.000000s ]
ERR: 无法加载模块:Vod-play-id-676-sid-0-pid-1

[ 2017-12-03T22:52:10+08:00 ] 42.236.102.238 /index.php?m=vod-play-id-2370-src-1-num-1.html
INFO: [ app_init ] --START--
INFO: Run Behavior\BuildLiteBehavior [ RunTime:0.000000s ]
INFO: [ app_init ] --END-- [ RunTime:0.000000s ]
ERR: 无法加载模块:Vod-play-id-2370-src-1-num-1.html

[ 2017-12-03T22:52:10+08:00 ] 42.236.102.238 /index.php?s=gb-show-id-1961.html
INFO: [ app_init ] --START--
INFO: Run Behavior\BuildLiteBehavior [ RunTime:0.000000s ]
INFO: [ app_init ] --END-- [ RunTime:0.000977s ]
ERR: 无法加载模块:Gb-show-id-1961

[ 2017-12-03T22:52:10+08:00 ] 42.236.10.114 /index.php?s=gb-show-id-643.html
INFO: [ app_init ] --START--
INFO: Run Behavior\BuildLiteBehavior [ RunTime:0.000000s ]
INFO: [ app_init ] --END-- [ RunTime:0.000000s ]
ERR: 无法加载模块:Gb-show-id-643

[ 2017-12-03T22:52:10+08:00 ] 42.236.10.104 /index.php?m=vod-list-id-2-pg-1-order--by--class-18-year-0-letter-L-area-%E5%8F%B0%E6%B9%BE-lang-.html
INFO: [ app_init ] --START--
INFO: Run Behavior\BuildLiteBehavior [ RunTime:0.000000s ]
INFO: [ app_init ] --END-- [ RunTime:0.000000s ]
ERR: 无法加载模块:Vod-list-id-2-pg-1-order--by--class-18-year-0-letter-L-area-台湾-lang-.html

[ 2017-12-03T22:52:10+08:00 ] 180.153.236.149 /index.php?m=vod-search-pg-238-year-2013-starring-yuanyuan.html
INFO: [ app_init ] --START--
INFO: Run Behavior\BuildLiteBehavior [ RunTime:0.000000s ]
INFO: [ app_init ] --END-- [ RunTime:0.000976s ]
ERR: 无法加载模块:Vod-search-pg-238-year-2013-starring-yuanyuan.html

[ 2017-12-03T22:52:10+08:00 ] 42.236.102.139 /index.php?s=gb-show-id-810.html
INFO: [ app_init ] --START--
INFO: Run Behavior\BuildLiteBehavior [ RunTime:0.000000s ]
INFO: [ app_init ] --END-- [ RunTime:0.000000s ]
ERR: 无法加载模块:Gb-show-id-810

[ 2017-12-03T22:52:10+08:00 ] 180.153.236.189 /index.php?s=gb-show-id-1130.html
INFO: [ app_init ] --START--
INFO: Run Behavior\BuildLiteBehavior [ RunTime:0.000000s ]
INFO: [ app_init ] --END-- [ RunTime:0.000000s ]
ERR: 无法加载模块:Gb-show-id-1130

[ 2017-12-03T22:52:10+08:00 ] 42.236.102.139 /index.php?s=vod-play-id-1718-sid-0-pid-1.html
INFO: [ app_init ] --START--
INFO: Run Behavior\BuildLiteBehavior [ RunTime:0.000000s ]
INFO: [ app_init ] --END-- [ RunTime:0.000977s ]
ERR: 无法加载模块:Vod-play-id-1718-sid-0-pid-1

[ 2017-12-03T22:52:10+08:00 ] 180.153.236.67 /index.php?s=vod-play-id-1004-sid-0-pid-1.html
INFO: [ app_init ] --START--
INFO: Run Behavior\BuildLiteBehavior [ RunTime:0.000000s ]
INFO: [ app_init ] --END-- [ RunTime:0.000000s ]
ERR: 无法加载模块:Vod-play-id-1004-sid-0-pid-1

[ 2017-12-03T22:52:10+08:00 ] 42.236.49.55 /index.php?m=vod-list-id-5-pg-5-order--by--class-0-year-0-letter--area--lang-.html
INFO: [ app_init ] --START--
INFO: Run Behavior\BuildLiteBehavior [ RunTime:0.000000s ]
INFO: [ app_init ] --END-- [ RunTime:0.000000s ]
ERR: 无法加载模块:Vod-list-id-5-pg-5-order--by--class-0-year-0-letter--area--lang-.html

[ 2017-12-03T22:52:10+08:00 ] 42.236.10.106 /index.php?m=vod-list-id-5-pg-4-order--by--class-0-year-0-letter--area--lang-.html
INFO: [ app_init ] --START--
INFO: Run Behavior\BuildLiteBehavior [ RunTime:0.000000s ]
INFO: [ app_init ] --END-- [ RunTime:0.000977s ]
ERR: 无法加载模块:Vod-list-id-5-pg-4-order--by--class-0-year-0-letter--area--lang-.html

[ 2017-12-03T22:52:10+08:00 ] 42.236.49.55 /index.php?m=vod-list-id-5-pg-1-order--by--class-0-year-0-letter-L-area-%E5%8D%B0%E5%BA%A6-lang-.html
INFO: [ app_init ] --START--
INFO: Run Behavior\BuildLiteBehavior [ RunTime:0.000000s ]
INFO: [ app_init ] --END-- [ RunTime:0.000000s ]
ERR: 无法加载模块:Vod-list-id-5-pg-1-order--by--class-0-year-0-letter-L-area-印度-lang-.html

[ 2017-12-03T22:52:11+08:00 ] 180.153.236.19 /index.php?m=vod-play-id-2077-src-1-num-1.html
INFO: [ app_init ] --START--
INFO: Run Behavior\BuildLiteBehavior [ RunTime:0.000000s ]
INFO: [ app_init ] --END-- [ RunTime:0.000000s ]
ERR: 无法加载模块:Vod-play-id-2077-src-1-num-1.html

[ 2017-12-03T22:52:11+08:00 ] 42.236.10.102 /index.php?s=gb-show-p-1135.html
INFO: [ app_init ] --START--
INFO: Run Behavior\BuildLiteBehavior [ RunTime:0.000000s ]
INFO: [ app_init ] --END-- [ RunTime:0.000976s ]
ERR: 无法加载模块:Gb-show-p-1135

[ 2017-12-03T22:52:11+08:00 ] 42.236.10.75 /index.php?m=vod-search-pg-235-starring-yuanyuan-classid-37.html
INFO: [ app_init ] --START--
INFO: Run Behavior\BuildLiteBehavior [ RunTime:0.000000s ]
INFO: [ app_init ] --END-- [ RunTime:0.000000s ]
ERR: 无法加载模块:Vod-search-pg-235-starring-yuanyuan-classid-37.html

[ 2017-12-03T22:52:16+08:00 ] 42.236.10.76 /index.php?s=vod-play-id-1961-sid-0-pid-1.html
INFO: [ app_init ] --START--
INFO: Run Behavior\BuildLiteBehavior [ RunTime:0.000000s ]
INFO: [ app_init ] --END-- [ RunTime:0.000976s ]
ERR: 无法加载模块:Vod-play-id-1961-sid-0-pid-1

