[ 2017-12-18T23:29:50+08:00 ] 42.236.10.113 /index.php?s=gb-show-id-988.html
INFO: [ app_init ] --START--
INFO: Run Behavior\BuildLiteBehavior [ RunTime:0.000000s ]
INFO: [ app_init ] --END-- [ RunTime:0.000976s ]
ERR: 无法加载模块:Gb-show-id-988

[ 2017-12-18T23:29:50+08:00 ] 180.153.236.43 /index.php?m=vod-play-id-2186-src-1-num-1.html
INFO: [ app_init ] --START--
INFO: Run Behavior\BuildLiteBehavior [ RunTime:0.000000s ]
INFO: [ app_init ] --END-- [ RunTime:0.000000s ]
ERR: 无法加载模块:Vod-play-id-2186-src-1-num-1.html

[ 2017-12-18T23:29:50+08:00 ] 42.236.48.226 /index.php?s=gb-show-p-1384.html
INFO: [ app_init ] --START--
INFO: Run Behavior\BuildLiteBehavior [ RunTime:0.000000s ]
INFO: [ app_init ] --END-- [ RunTime:0.000000s ]
ERR: 无法加载模块:Gb-show-p-1384

[ 2017-12-18T23:29:51+08:00 ] 42.236.102.217 /index.php?m=vod-play-id-40-src-1-num-1.html
INFO: [ app_init ] --START--
INFO: Run Behavior\BuildLiteBehavior [ RunTime:0.000000s ]
INFO: [ app_init ] --END-- [ RunTime:0.000977s ]
ERR: 无法加载模块:Vod-play-id-40-src-1-num-1.html

[ 2017-12-18T23:29:51+08:00 ] 42.236.10.82 /index.php?m=vod-search-pg-235-starring-yuanyuan-classid-48.html
INFO: [ app_init ] --START--
INFO: Run Behavior\BuildLiteBehavior [ RunTime:0.000000s ]
INFO: [ app_init ] --END-- [ RunTime:0.000977s ]
ERR: 无法加载模块:Vod-search-pg-235-starring-yuanyuan-classid-48.html

[ 2017-12-18T23:29:51+08:00 ] 42.236.10.81 /index.php?m=vod-search-pg-235-starring-yuanyuan-classid-50.html
INFO: [ app_init ] --START--
INFO: Run Behavior\BuildLiteBehavior [ RunTime:0.000000s ]
INFO: [ app_init ] --END-- [ RunTime:0.000976s ]
ERR: 无法加载模块:Vod-search-pg-235-starring-yuanyuan-classid-50.html

[ 2017-12-18T23:29:51+08:00 ] 42.236.39.142 /index.php?m=vod-list-id-2-pg-1-order--by--class-0-year-0-letter-C-area-%E8%A5%BF%E7%8F%AD%E7%89%99-lang-.html
INFO: [ app_init ] --START--
INFO: Run Behavior\BuildLiteBehavior [ RunTime:0.000000s ]
INFO: [ app_init ] --END-- [ RunTime:0.000000s ]
ERR: 无法加载模块:Vod-list-id-2-pg-1-order--by--class-0-year-0-letter-C-area-西班牙-lang-.html

[ 2017-12-18T23:29:51+08:00 ] 42.236.10.103 /index.php?m=vod-list-id-4-pg-1-order--by--class-0-year-2009-letter-Z-area--lang-.html
INFO: [ app_init ] --START--
INFO: Run Behavior\BuildLiteBehavior [ RunTime:0.000000s ]
INFO: [ app_init ] --END-- [ RunTime:0.000977s ]
ERR: 无法加载模块:Vod-list-id-4-pg-1-order--by--class-0-year-2009-letter-Z-area--lang-.html

[ 2017-12-18T23:29:51+08:00 ] 42.236.102.156 /index.php?s=vod-play-id-2184-sid-0-pid-1.html
INFO: [ app_init ] --START--
INFO: Run Behavior\BuildLiteBehavior [ RunTime:0.000000s ]
INFO: [ app_init ] --END-- [ RunTime:0.000000s ]
ERR: 无法加载模块:Vod-play-id-2184-sid-0-pid-1

[ 2017-12-18T23:29:51+08:00 ] 42.236.10.112 /index.php?s=gb-show-id-312.html
INFO: [ app_init ] --START--
INFO: Run Behavior\BuildLiteBehavior [ RunTime:0.000000s ]
INFO: [ app_init ] --END-- [ RunTime:0.000976s ]
ERR: 无法加载模块:Gb-show-id-312

[ 2017-12-18T23:29:51+08:00 ] 42.236.10.85 /index.php?s=vod-play-id-129-sid-0-pid-1.html
INFO: [ app_init ] --START--
INFO: Run Behavior\BuildLiteBehavior [ RunTime:0.000000s ]
INFO: [ app_init ] --END-- [ RunTime:0.000000s ]
ERR: 无法加载模块:Vod-play-id-129-sid-0-pid-1

[ 2017-12-18T23:29:51+08:00 ] 42.236.10.71 /index.php?s=vod-play-id-240-sid-0-pid-1.html
INFO: [ app_init ] --START--
INFO: Run Behavior\BuildLiteBehavior [ RunTime:0.000000s ]
INFO: [ app_init ] --END-- [ RunTime:0.000977s ]
ERR: 无法加载模块:Vod-play-id-240-sid-0-pid-1

[ 2017-12-18T23:29:51+08:00 ] 42.236.39.149 /index.php?s=vod-play-id-732-sid-0-pid-1.html
INFO: [ app_init ] --START--
INFO: Run Behavior\BuildLiteBehavior [ RunTime:0.000000s ]
INFO: [ app_init ] --END-- [ RunTime:0.000000s ]
ERR: 无法加载模块:Vod-play-id-732-sid-0-pid-1

[ 2017-12-18T23:29:51+08:00 ] 180.153.236.101 /index.php?m=vod-play-id-1025-src-1-num-1.html
INFO: [ app_init ] --START--
INFO: Run Behavior\BuildLiteBehavior [ RunTime:0.000000s ]
INFO: [ app_init ] --END-- [ RunTime:0.000000s ]
ERR: 无法加载模块:Vod-play-id-1025-src-1-num-1.html

[ 2017-12-18T23:29:52+08:00 ] 42.236.102.217 /index.php?m=vod-play-id-148-src-1-num-1.html
INFO: [ app_init ] --START--
INFO: Run Behavior\BuildLiteBehavior [ RunTime:0.000000s ]
INFO: [ app_init ] --END-- [ RunTime:0.000000s ]
ERR: 无法加载模块:Vod-play-id-148-src-1-num-1.html

