[ 2017-10-07T06:51:38+08:00 ] 180.153.236.125 /index.php?s=vod-play-id-1896-sid-0-pid-1.html
INFO: [ app_init ] --START--
INFO: Run Behavior\BuildLiteBehavior [ RunTime:0.000000s ]
INFO: [ app_init ] --END-- [ RunTime:0.000976s ]
ERR: 无法加载模块:Vod-play-id-1896-sid-0-pid-1

[ 2017-10-07T22:41:07+08:00 ] 42.236.99.72 /index.php?s=gb-show-id-1291.html
INFO: [ app_init ] --START--
INFO: Run Behavior\BuildLiteBehavior [ RunTime:0.000000s ]
INFO: [ app_init ] --END-- [ RunTime:0.000977s ]
ERR: 无法加载模块:Gb-show-id-1291

[ 2017-10-07T22:41:07+08:00 ] 180.153.236.125 /index.php?m=vod-play-id-2465-src-1-num-1.html
INFO: [ app_init ] --START--
INFO: Run Behavior\BuildLiteBehavior [ RunTime:0.000000s ]
INFO: [ app_init ] --END-- [ RunTime:0.000976s ]
ERR: 无法加载模块:Vod-play-id-2465-src-1-num-1.html

[ 2017-10-07T22:41:07+08:00 ] 180.153.236.189 /index.php?s=vod-play-id-188-sid-0-pid-1.html
INFO: [ app_init ] --START--
INFO: Run Behavior\BuildLiteBehavior [ RunTime:0.000000s ]
INFO: [ app_init ] --END-- [ RunTime:0.000000s ]
ERR: 无法加载模块:Vod-play-id-188-sid-0-pid-1

[ 2017-10-07T22:41:08+08:00 ] 42.236.99.142 /index.php?m=vod-search-pg-235-starring-yuanyuan-classid-21.html
INFO: [ app_init ] --START--
INFO: Run Behavior\BuildLiteBehavior [ RunTime:0.000000s ]
INFO: [ app_init ] --END-- [ RunTime:0.000977s ]
ERR: 无法加载模块:Vod-search-pg-235-starring-yuanyuan-classid-21.html

[ 2017-10-07T22:41:08+08:00 ] 180.153.236.157 /index.php?s=gb-show-id-899.html
INFO: [ app_init ] --START--
INFO: Run Behavior\BuildLiteBehavior [ RunTime:0.000000s ]
INFO: [ app_init ] --END-- [ RunTime:0.000000s ]
ERR: 无法加载模块:Gb-show-id-899

[ 2017-10-07T22:41:08+08:00 ] 180.153.236.117 /index.php?s=vod-play-id-1938-sid-0-pid-1.html
INFO: [ app_init ] --START--
INFO: Run Behavior\BuildLiteBehavior [ RunTime:0.000000s ]
INFO: [ app_init ] --END-- [ RunTime:0.000000s ]
ERR: 无法加载模块:Vod-play-id-1938-sid-0-pid-1

[ 2017-10-07T22:41:08+08:00 ] 180.153.236.117 /index.php?m=vod-list-id-4-pg-1-order--by--class-0-year-2009-letter--area-%E5%A4%A7%E9%99%86-lang-.html
INFO: [ app_init ] --START--
INFO: Run Behavior\BuildLiteBehavior [ RunTime:0.000000s ]
INFO: [ app_init ] --END-- [ RunTime:0.000000s ]
ERR: 无法加载模块:Vod-list-id-4-pg-1-order--by--class-0-year-2009-letter--area-大陆-lang-.html

