[ 2017-12-24T07:23:40+08:00 ] 42.236.39.173 /index.php?m=vod-play-id-1535-src-1-num-1.html
INFO: [ app_init ] --START--
INFO: Run Behavior\BuildLiteBehavior [ RunTime:0.000000s ]
INFO: [ app_init ] --END-- [ RunTime:0.000000s ]
ERR: 无法加载模块:Vod-play-id-1535-src-1-num-1.html

[ 2017-12-24T07:23:40+08:00 ] 42.236.49.245 /index.php?m=vod-list-id-2-pg-1-order--by--class-0-year-0-letter-C-area-%E9%A9%AC%E6%9D%A5%E8%A5%BF%E4%BA%9A-lang-.html
INFO: [ app_init ] --START--
INFO: Run Behavior\BuildLiteBehavior [ RunTime:0.000000s ]
INFO: [ app_init ] --END-- [ RunTime:0.000000s ]
ERR: 无法加载模块:Vod-list-id-2-pg-1-order--by--class-0-year-0-letter-C-area-马来西亚-lang-.html

[ 2017-12-24T07:23:40+08:00 ] 42.236.10.78 /index.php?s=vod-play-id-25-sid-0-pid-1.html
INFO: [ app_init ] --START--
INFO: Run Behavior\BuildLiteBehavior [ RunTime:0.000000s ]
INFO: [ app_init ] --END-- [ RunTime:0.000977s ]
ERR: 无法加载模块:Vod-play-id-25-sid-0-pid-1

[ 2017-12-24T07:23:40+08:00 ] 42.236.10.103 /index.php?s=vod-play-id-221-sid-0-pid-1.html
INFO: [ app_init ] --START--
INFO: Run Behavior\BuildLiteBehavior [ RunTime:0.000000s ]
INFO: [ app_init ] --END-- [ RunTime:0.000000s ]
ERR: 无法加载模块:Vod-play-id-221-sid-0-pid-1

[ 2017-12-24T07:23:40+08:00 ] 42.236.10.85 /index.php?m=vod-list-id-4-pg-1-order--by--class-0-year-2010-letter--area-%E6%B3%95%E5%9B%BD-lang-.html
INFO: [ app_init ] --START--
INFO: Run Behavior\BuildLiteBehavior [ RunTime:0.000000s ]
INFO: [ app_init ] --END-- [ RunTime:0.000000s ]
ERR: 无法加载模块:Vod-list-id-4-pg-1-order--by--class-0-year-2010-letter--area-法国-lang-.html

[ 2017-12-24T07:23:40+08:00 ] 42.236.102.173 /index.php?s=gb-show-id-1695.html
INFO: [ app_init ] --START--
INFO: Run Behavior\BuildLiteBehavior [ RunTime:0.000000s ]
INFO: [ app_init ] --END-- [ RunTime:0.000000s ]
ERR: 无法加载模块:Gb-show-id-1695

[ 2017-12-24T07:23:41+08:00 ] 180.153.236.19 /index.php?s=gb-show-p-1431.html
INFO: [ app_init ] --START--
INFO: Run Behavior\BuildLiteBehavior [ RunTime:0.000000s ]
INFO: [ app_init ] --END-- [ RunTime:0.000000s ]
ERR: 无法加载模块:Gb-show-p-1431

[ 2017-12-24T07:23:41+08:00 ] 42.236.10.103 /index.php?s=gb-show-id-318.html
INFO: [ app_init ] --START--
INFO: Run Behavior\BuildLiteBehavior [ RunTime:0.000000s ]
INFO: [ app_init ] --END-- [ RunTime:0.000000s ]
ERR: 无法加载模块:Gb-show-id-318

[ 2017-12-24T07:23:41+08:00 ] 42.236.50.15 /index.php?m=vod-play-id-2195-src-1-num-1.html
INFO: [ app_init ] --START--
INFO: Run Behavior\BuildLiteBehavior [ RunTime:0.000000s ]
INFO: [ app_init ] --END-- [ RunTime:0.000000s ]
ERR: 无法加载模块:Vod-play-id-2195-src-1-num-1.html

[ 2017-12-24T07:23:41+08:00 ] 42.236.49.52 /index.php?s=gb-show-p-1672.html
INFO: [ app_init ] --START--
INFO: Run Behavior\BuildLiteBehavior [ RunTime:0.000000s ]
INFO: [ app_init ] --END-- [ RunTime:0.000000s ]
ERR: 无法加载模块:Gb-show-p-1672

[ 2017-12-24T07:23:41+08:00 ] 42.236.48.144 /index.php?m=vod-play-id-425-src-1-num-1.html
INFO: [ app_init ] --START--
INFO: Run Behavior\BuildLiteBehavior [ RunTime:0.000000s ]
INFO: [ app_init ] --END-- [ RunTime:0.000976s ]
ERR: 无法加载模块:Vod-play-id-425-src-1-num-1.html

[ 2017-12-24T07:23:41+08:00 ] 42.236.10.102 /index.php?s=vod-play-id-741-sid-0-pid-1.html
INFO: [ app_init ] --START--
INFO: Run Behavior\BuildLiteBehavior [ RunTime:0.000000s ]
INFO: [ app_init ] --END-- [ RunTime:0.000977s ]
ERR: 无法加载模块:Vod-play-id-741-sid-0-pid-1

[ 2017-12-24T07:23:42+08:00 ] 180.153.234.145 /index.php?s=gb-show-id-1137.html
INFO: [ app_init ] --START--
INFO: Run Behavior\BuildLiteBehavior [ RunTime:0.000000s ]
INFO: [ app_init ] --END-- [ RunTime:0.000000s ]
ERR: 无法加载模块:Gb-show-id-1137

[ 2017-12-24T07:23:42+08:00 ] 42.236.10.82 /index.php?s=gb-show-p-1960.html
INFO: [ app_init ] --START--
INFO: Run Behavior\BuildLiteBehavior [ RunTime:0.000000s ]
INFO: [ app_init ] --END-- [ RunTime:0.000000s ]
ERR: 无法加载模块:Gb-show-p-1960

