[ 2017-10-01T00:45:19+08:00 ] 42.236.99.242 /index.php?s=vod-play-id-1934-sid-0-pid-1.html
INFO: [ app_init ] --START--
INFO: Run Behavior\BuildLiteBehavior [ RunTime:0.000000s ]
INFO: [ app_init ] --END-- [ RunTime:0.000976s ]
ERR: 无法加载模块:Vod-play-id-1934-sid-0-pid-1

[ 2017-10-01T00:45:28+08:00 ] 42.236.99.154 /index.php?s=vod-play-id-1130-sid-0-pid-1.html
INFO: [ app_init ] --START--
INFO: Run Behavior\BuildLiteBehavior [ RunTime:0.000000s ]
INFO: [ app_init ] --END-- [ RunTime:0.000000s ]
ERR: 无法加载模块:Vod-play-id-1130-sid-0-pid-1

[ 2017-10-01T00:45:30+08:00 ] 42.236.101.194 /index.php?m=vod-list-id-4-pg-1-order--by--class-0-year-2009-letter--area-%E7%BE%8E%E5%9B%BD-lang-.html
INFO: [ app_init ] --START--
INFO: Run Behavior\BuildLiteBehavior [ RunTime:0.000000s ]
INFO: [ app_init ] --END-- [ RunTime:0.000000s ]
ERR: 无法加载模块:Vod-list-id-4-pg-1-order--by--class-0-year-2009-letter--area-美国-lang-.html

[ 2017-10-01T00:45:37+08:00 ] 42.236.102.23 /index.php?s=gb-show-id-1255.html
INFO: [ app_init ] --START--
INFO: Run Behavior\BuildLiteBehavior [ RunTime:0.000976s ]
INFO: [ app_init ] --END-- [ RunTime:0.000976s ]
ERR: 无法加载模块:Gb-show-id-1255

[ 2017-10-01T00:45:38+08:00 ] 42.236.99.154 /index.php?m=vod-play-id-2510-src-1-num-1.html
INFO: [ app_init ] --START--
INFO: Run Behavior\BuildLiteBehavior [ RunTime:0.000000s ]
INFO: [ app_init ] --END-- [ RunTime:0.000977s ]
ERR: 无法加载模块:Vod-play-id-2510-src-1-num-1.html

[ 2017-10-01T00:45:41+08:00 ] 42.236.99.166 /index.php?m=vod-play-id-2416-src-1-num-1.html
INFO: [ app_init ] --START--
INFO: Run Behavior\BuildLiteBehavior [ RunTime:0.000000s ]
INFO: [ app_init ] --END-- [ RunTime:0.000977s ]
ERR: 无法加载模块:Vod-play-id-2416-src-1-num-1.html

[ 2017-10-01T00:45:42+08:00 ] 42.236.55.21 /index.php?s=vod-play-id-1868-sid-0-pid-1.html
INFO: [ app_init ] --START--
INFO: Run Behavior\BuildLiteBehavior [ RunTime:0.000000s ]
INFO: [ app_init ] --END-- [ RunTime:0.000000s ]
ERR: 无法加载模块:Vod-play-id-1868-sid-0-pid-1

[ 2017-10-01T00:45:45+08:00 ] 42.236.99.218 /index.php?m=vod-list-id-2-pg-1-order--by--class-0-year-0-letter--area-%E6%B3%B0%E5%9B%BD-lang-.html
INFO: [ app_init ] --START--
INFO: Run Behavior\BuildLiteBehavior [ RunTime:0.000000s ]
INFO: [ app_init ] --END-- [ RunTime:0.000000s ]
ERR: 无法加载模块:Vod-list-id-2-pg-1-order--by--class-0-year-0-letter--area-泰国-lang-.html

