[ 2017-10-04T21:24:58+08:00 ] 42.236.55.41 /index.php?s=vod-play-id-1877-sid-0-pid-1.html
INFO: [ app_init ] --START--
INFO: Run Behavior\BuildLiteBehavior [ RunTime:0.000976s ]
INFO: [ app_init ] --END-- [ RunTime:0.000976s ]
ERR: 无法加载模块:Vod-play-id-1877-sid-0-pid-1

[ 2017-10-04T21:25:06+08:00 ] 42.236.99.72 /index.php?m=vod-play-id-2100-src-1-num-1.html
INFO: [ app_init ] --START--
INFO: Run Behavior\BuildLiteBehavior [ RunTime:0.000000s ]
INFO: [ app_init ] --END-- [ RunTime:0.000000s ]
ERR: 无法加载模块:Vod-play-id-2100-src-1-num-1.html

[ 2017-10-04T21:25:10+08:00 ] 42.236.99.72 /index.php?m=vod-search-pg-235-starring-yuanyuan-classid-19.html
INFO: [ app_init ] --START--
INFO: Run Behavior\BuildLiteBehavior [ RunTime:0.000000s ]
INFO: [ app_init ] --END-- [ RunTime:0.000977s ]
ERR: 无法加载模块:Vod-search-pg-235-starring-yuanyuan-classid-19.html

[ 2017-10-04T21:25:11+08:00 ] 180.153.236.173 /index.php?s=vod-play-id-1133-sid-0-pid-1.html
INFO: [ app_init ] --START--
INFO: Run Behavior\BuildLiteBehavior [ RunTime:0.000000s ]
INFO: [ app_init ] --END-- [ RunTime:0.000000s ]
ERR: 无法加载模块:Vod-play-id-1133-sid-0-pid-1

[ 2017-10-04T21:25:18+08:00 ] 180.153.236.19 /index.php?m=vod-list-id-4-pg-1-order--by--class-0-year-2009-letter--area-%E8%8B%B1%E5%9B%BD-lang-.html
INFO: [ app_init ] --START--
INFO: Run Behavior\BuildLiteBehavior [ RunTime:0.000000s ]
INFO: [ app_init ] --END-- [ RunTime:0.000000s ]
ERR: 无法加载模块:Vod-list-id-4-pg-1-order--by--class-0-year-2009-letter--area-英国-lang-.html

[ 2017-10-04T21:25:21+08:00 ] 42.236.46.85 /index.php?s=vod-play-id-1935-sid-0-pid-1.html
INFO: [ app_init ] --START--
INFO: Run Behavior\BuildLiteBehavior [ RunTime:0.000000s ]
INFO: [ app_init ] --END-- [ RunTime:0.000000s ]
ERR: 无法加载模块:Vod-play-id-1935-sid-0-pid-1

[ 2017-10-04T21:25:22+08:00 ] 42.236.54.2 /index.php?s=gb-show-id-498.html
INFO: [ app_init ] --START--
INFO: Run Behavior\BuildLiteBehavior [ RunTime:0.000000s ]
INFO: [ app_init ] --END-- [ RunTime:0.000000s ]
ERR: 无法加载模块:Gb-show-id-498

