[ 2017-11-28T08:09:53+08:00 ] 180.153.236.19 /index.php?s=gb-show-id-948.html
INFO: [ app_init ] --START--
INFO: Run Behavior\BuildLiteBehavior [ RunTime:0.000000s ]
INFO: [ app_init ] --END-- [ RunTime:0.000976s ]
ERR: 无法加载模块:Gb-show-id-948

[ 2017-11-28T08:09:53+08:00 ] 180.153.236.109 /index.php?m=vod-list-id-4-pg-1-order--by--class-0-year-2004-letter-E-area--lang-.html
INFO: [ app_init ] --START--
INFO: Run Behavior\BuildLiteBehavior [ RunTime:0.000000s ]
INFO: [ app_init ] --END-- [ RunTime:0.000000s ]
ERR: 无法加载模块:Vod-list-id-4-pg-1-order--by--class-0-year-2004-letter-E-area--lang-.html

[ 2017-11-28T08:09:53+08:00 ] 180.153.236.35 /index.php?m=vod-play-id-2086-src-1-num-1.html
INFO: [ app_init ] --START--
INFO: Run Behavior\BuildLiteBehavior [ RunTime:0.000000s ]
INFO: [ app_init ] --END-- [ RunTime:0.000000s ]
ERR: 无法加载模块:Vod-play-id-2086-src-1-num-1.html

[ 2017-11-28T08:09:53+08:00 ] 180.153.236.109 /index.php?s=vod-play-id-1906-sid-0-pid-1.html
INFO: [ app_init ] --START--
INFO: Run Behavior\BuildLiteBehavior [ RunTime:0.000000s ]
INFO: [ app_init ] --END-- [ RunTime:0.000976s ]
ERR: 无法加载模块:Vod-play-id-1906-sid-0-pid-1

[ 2017-11-28T08:09:53+08:00 ] 180.153.236.117 /index.php?m=vod-list-id-6-pg-1-order--by--class--year--letter-F-area--lang-.html
INFO: [ app_init ] --START--
INFO: Run Behavior\BuildLiteBehavior [ RunTime:0.000000s ]
INFO: [ app_init ] --END-- [ RunTime:0.000000s ]
ERR: 无法加载模块:Vod-list-id-6-pg-1-order--by--class--year--letter-F-area--lang-.html

[ 2017-11-28T08:09:53+08:00 ] 180.153.236.43 /index.php?s=vod-play-id-1995-sid-0-pid-1.html
INFO: [ app_init ] --START--
INFO: Run Behavior\BuildLiteBehavior [ RunTime:0.000000s ]
INFO: [ app_init ] --END-- [ RunTime:0.000976s ]
ERR: 无法加载模块:Vod-play-id-1995-sid-0-pid-1

[ 2017-11-28T08:09:53+08:00 ] 180.153.236.181 /index.php?s=gb-show-id-231.html
INFO: [ app_init ] --START--
INFO: Run Behavior\BuildLiteBehavior [ RunTime:0.000000s ]
INFO: [ app_init ] --END-- [ RunTime:0.000000s ]
ERR: 无法加载模块:Gb-show-id-231

[ 2017-11-28T08:09:53+08:00 ] 180.153.236.59 /index.php?m=vod-play-id-2474-src-1-num-1.html
INFO: [ app_init ] --START--
INFO: Run Behavior\BuildLiteBehavior [ RunTime:0.000000s ]
INFO: [ app_init ] --END-- [ RunTime:0.000000s ]
ERR: 无法加载模块:Vod-play-id-2474-src-1-num-1.html

[ 2017-11-28T08:09:53+08:00 ] 180.153.236.35 /index.php?s=vod-play-id-1187-sid-0-pid-1.html
INFO: [ app_init ] --START--
INFO: Run Behavior\BuildLiteBehavior [ RunTime:0.000000s ]
INFO: [ app_init ] --END-- [ RunTime:0.000000s ]
ERR: 无法加载模块:Vod-play-id-1187-sid-0-pid-1

[ 2017-11-28T08:09:53+08:00 ] 180.153.232.170 /index.php?s=gb-show-id-970.html
INFO: [ app_init ] --START--
INFO: Run Behavior\BuildLiteBehavior [ RunTime:0.000000s ]
INFO: [ app_init ] --END-- [ RunTime:0.000000s ]
ERR: 无法加载模块:Gb-show-id-970

[ 2017-11-28T08:09:53+08:00 ] 180.153.236.109 /index.php?m=vod-list-id-2-pg-1-order--by--class-0-year-0-letter-B-area-%E5%8D%B0%E5%BA%A6-lang-.html
INFO: [ app_init ] --START--
INFO: Run Behavior\BuildLiteBehavior [ RunTime:0.000000s ]
INFO: [ app_init ] --END-- [ RunTime:0.000000s ]
ERR: 无法加载模块:Vod-list-id-2-pg-1-order--by--class-0-year-0-letter-B-area-印度-lang-.html

[ 2017-11-28T08:09:53+08:00 ] 42.236.31.138 /index.php?m=vod-list-id-4-pg-1-order--by--class-0-year-2009-letter-M-area--lang-.html
INFO: [ app_init ] --START--
INFO: Run Behavior\BuildLiteBehavior [ RunTime:0.000000s ]
INFO: [ app_init ] --END-- [ RunTime:0.000976s ]
ERR: 无法加载模块:Vod-list-id-4-pg-1-order--by--class-0-year-2009-letter-M-area--lang-.html

[ 2017-11-28T08:09:53+08:00 ] 180.153.236.101 /index.php?s=gb-show-id-1346.html
INFO: [ app_init ] --START--
INFO: Run Behavior\BuildLiteBehavior [ RunTime:0.000000s ]
INFO: [ app_init ] --END-- [ RunTime:0.000000s ]
ERR: 无法加载模块:Gb-show-id-1346

[ 2017-11-28T08:09:53+08:00 ] 180.153.236.165 /index.php?m=vod-play-id-2586-src-1-num-1.html
INFO: [ app_init ] --START--
INFO: Run Behavior\BuildLiteBehavior [ RunTime:0.000000s ]
INFO: [ app_init ] --END-- [ RunTime:0.000977s ]
ERR: 无法加载模块:Vod-play-id-2586-src-1-num-1.html

[ 2017-11-28T08:09:54+08:00 ] 180.153.236.19 /index.php?m=vod-search-pg-235-starring-yuanyuan-classid-35.html
INFO: [ app_init ] --START--
INFO: Run Behavior\BuildLiteBehavior [ RunTime:0.000000s ]
INFO: [ app_init ] --END-- [ RunTime:0.000976s ]
ERR: 无法加载模块:Vod-search-pg-235-starring-yuanyuan-classid-35.html

[ 2017-11-28T08:09:54+08:00 ] 180.153.236.133 /index.php?s=vod-play-id-647-sid-0-pid-1.html
INFO: [ app_init ] --START--
INFO: Run Behavior\BuildLiteBehavior [ RunTime:0.000000s ]
INFO: [ app_init ] --END-- [ RunTime:0.000977s ]
ERR: 无法加载模块:Vod-play-id-647-sid-0-pid-1

[ 2017-11-28T20:12:00+08:00 ] 140.205.201.33 /index.php?m=member&c=index&a=register&siteid=1
INFO: [ app_init ] --START--
INFO: Run Behavior\BuildLiteBehavior [ RunTime:0.000000s ]
INFO: [ app_init ] --END-- [ RunTime:0.000977s ]
ERR: 无法加载模块:Member

[ 2017-11-28T20:12:01+08:00 ] 140.205.201.33 /index.php?m=wap&a=index&siteid=1
INFO: [ app_init ] --START--
INFO: Run Behavior\BuildLiteBehavior [ RunTime:0.000000s ]
INFO: [ app_init ] --END-- [ RunTime:0.000000s ]
ERR: 无法加载模块:Wap

