[ 2017-12-07T00:41:18+08:00 ] 42.236.49.165 /index.php?s=vod-play-id-685-sid-0-pid-1.html
INFO: [ app_init ] --START--
INFO: Run Behavior\BuildLiteBehavior [ RunTime:0.000000s ]
INFO: [ app_init ] --END-- [ RunTime:0.000977s ]
ERR: 无法加载模块:Vod-play-id-685-sid-0-pid-1

[ 2017-12-07T00:41:18+08:00 ] 42.236.10.114 /index.php?m=vod-play-id-2151-src-1-num-1.html
INFO: [ app_init ] --START--
INFO: Run Behavior\BuildLiteBehavior [ RunTime:0.000000s ]
INFO: [ app_init ] --END-- [ RunTime:0.000977s ]
ERR: 无法加载模块:Vod-play-id-2151-src-1-num-1.html

[ 2017-12-07T00:41:18+08:00 ] 42.236.10.78 /index.php?m=vod-list-id-4-pg-1-order--by--class-0-year-2009-letter-Q-area-%E5%8D%B0%E5%BA%A6-lang-.html
INFO: [ app_init ] --START--
INFO: Run Behavior\BuildLiteBehavior [ RunTime:0.000000s ]
INFO: [ app_init ] --END-- [ RunTime:0.000976s ]
ERR: 无法加载模块:Vod-list-id-4-pg-1-order--by--class-0-year-2009-letter-Q-area-印度-lang-.html

[ 2017-12-07T00:41:19+08:00 ] 42.236.49.165 /index.php?s=gb-show-id-1389.html
INFO: [ app_init ] --START--
INFO: Run Behavior\BuildLiteBehavior [ RunTime:0.000000s ]
INFO: [ app_init ] --END-- [ RunTime:0.000977s ]
ERR: 无法加载模块:Gb-show-id-1389

[ 2017-12-07T00:41:19+08:00 ] 42.236.49.165 /index.php?s=gb-show-p-1147.html
INFO: [ app_init ] --START--
INFO: Run Behavior\BuildLiteBehavior [ RunTime:0.000000s ]
INFO: [ app_init ] --END-- [ RunTime:0.000977s ]
ERR: 无法加载模块:Gb-show-p-1147

[ 2017-12-07T00:41:19+08:00 ] 42.236.48.146 /index.php?s=gb-show-id-815.html
INFO: [ app_init ] --START--
INFO: Run Behavior\BuildLiteBehavior [ RunTime:0.000000s ]
INFO: [ app_init ] --END-- [ RunTime:0.000000s ]
ERR: 无法加载模块:Gb-show-id-815

[ 2017-12-07T22:26:20+08:00 ] 42.236.10.74 /index.php?m=vod-play-id-25-src-1-num-1.html
INFO: [ app_init ] --START--
INFO: Run Behavior\BuildLiteBehavior [ RunTime:0.000000s ]
INFO: [ app_init ] --END-- [ RunTime:0.000977s ]
ERR: 无法加载模块:Vod-play-id-25-src-1-num-1.html

[ 2017-12-07T22:26:20+08:00 ] 180.153.236.149 /index.php?m=vod-search-pg-235-starring-yuanyuan-classid-40.html
INFO: [ app_init ] --START--
INFO: Run Behavior\BuildLiteBehavior [ RunTime:0.000000s ]
INFO: [ app_init ] --END-- [ RunTime:0.000976s ]
ERR: 无法加载模块:Vod-search-pg-235-starring-yuanyuan-classid-40.html

[ 2017-12-07T22:26:20+08:00 ] 180.153.236.101 /index.php?m=vod-list-id-4-pg-1-order--by--class-0-year-2009-letter-Q-area--lang-.html
INFO: [ app_init ] --START--
INFO: Run Behavior\BuildLiteBehavior [ RunTime:0.000000s ]
INFO: [ app_init ] --END-- [ RunTime:0.000000s ]
ERR: 无法加载模块:Vod-list-id-4-pg-1-order--by--class-0-year-2009-letter-Q-area--lang-.html

[ 2017-12-07T22:26:20+08:00 ] 42.236.10.81 /index.php?s=vod-play-id-20-sid-0-pid-1.html
INFO: [ app_init ] --START--
INFO: Run Behavior\BuildLiteBehavior [ RunTime:0.000000s ]
INFO: [ app_init ] --END-- [ RunTime:0.000000s ]
ERR: 无法加载模块:Vod-play-id-20-sid-0-pid-1

[ 2017-12-07T22:26:20+08:00 ] 42.236.10.113 /index.php?s=vod-play-id-199-sid-0-pid-1.html
INFO: [ app_init ] --START--
INFO: Run Behavior\BuildLiteBehavior [ RunTime:0.000000s ]
INFO: [ app_init ] --END-- [ RunTime:0.000977s ]
ERR: 无法加载模块:Vod-play-id-199-sid-0-pid-1

[ 2017-12-07T22:26:21+08:00 ] 42.236.10.72 /index.php?s=gb-show-p-1243.html
INFO: [ app_init ] --START--
INFO: Run Behavior\BuildLiteBehavior [ RunTime:0.000000s ]
INFO: [ app_init ] --END-- [ RunTime:0.000976s ]
ERR: 无法加载模块:Gb-show-p-1243

[ 2017-12-07T22:26:21+08:00 ] 42.236.10.110 /index.php?s=gb-show-id-1391.html
INFO: [ app_init ] --START--
INFO: Run Behavior\BuildLiteBehavior [ RunTime:0.000000s ]
INFO: [ app_init ] --END-- [ RunTime:0.000977s ]
ERR: 无法加载模块:Gb-show-id-1391

[ 2017-12-07T22:26:21+08:00 ] 42.236.10.78 /index.php?s=vod-play-id-121-sid-0-pid-1.html
INFO: [ app_init ] --START--
INFO: Run Behavior\BuildLiteBehavior [ RunTime:0.000000s ]
INFO: [ app_init ] --END-- [ RunTime:0.000977s ]
ERR: 无法加载模块:Vod-play-id-121-sid-0-pid-1

[ 2017-12-07T22:26:21+08:00 ] 180.153.236.149 /index.php?m=vod-play-id-2152-src-1-num-1.html
INFO: [ app_init ] --START--
INFO: Run Behavior\BuildLiteBehavior [ RunTime:0.000000s ]
INFO: [ app_init ] --END-- [ RunTime:0.000000s ]
ERR: 无法加载模块:Vod-play-id-2152-src-1-num-1.html

[ 2017-12-07T22:26:21+08:00 ] 42.236.10.112 /index.php?m=vod-search-pg-238-year-2014-starring-yuanyuan.html
INFO: [ app_init ] --START--
INFO: Run Behavior\BuildLiteBehavior [ RunTime:0.000000s ]
INFO: [ app_init ] --END-- [ RunTime:0.000976s ]
ERR: 无法加载模块:Vod-search-pg-238-year-2014-starring-yuanyuan.html

[ 2017-12-07T22:26:21+08:00 ] 42.236.48.80 /index.php?m=vod-list-id-2-pg-1-order--by--class-0-year-0-letter-C-area-%E4%BF%84%E7%BD%97%E6%96%AF-lang-.html
INFO: [ app_init ] --START--
INFO: Run Behavior\BuildLiteBehavior [ RunTime:0.000000s ]
INFO: [ app_init ] --END-- [ RunTime:0.000000s ]
ERR: 无法加载模块:Vod-list-id-2-pg-1-order--by--class-0-year-0-letter-C-area-俄罗斯-lang-.html

[ 2017-12-07T22:26:21+08:00 ] 42.236.49.80 /index.php?s=gb-show-id-248.html
INFO: [ app_init ] --START--
INFO: Run Behavior\BuildLiteBehavior [ RunTime:0.000000s ]
INFO: [ app_init ] --END-- [ RunTime:0.000000s ]
ERR: 无法加载模块:Gb-show-id-248

[ 2017-12-07T22:26:21+08:00 ] 42.236.10.84 /index.php?s=gb-show-id-84.html
INFO: [ app_init ] --START--
INFO: Run Behavior\BuildLiteBehavior [ RunTime:0.000000s ]
INFO: [ app_init ] --END-- [ RunTime:0.000000s ]
ERR: 无法加载模块:Gb-show-id-84

[ 2017-12-07T22:26:21+08:00 ] 42.236.10.76 /index.php?s=gb-show-id-365.html
INFO: [ app_init ] --START--
INFO: Run Behavior\BuildLiteBehavior [ RunTime:0.000000s ]
INFO: [ app_init ] --END-- [ RunTime:0.000977s ]
ERR: 无法加载模块:Gb-show-id-365

[ 2017-12-07T22:26:21+08:00 ] 42.236.10.84 /index.php?m=vod-play-id-111-src-1-num-1.html
INFO: [ app_init ] --START--
INFO: Run Behavior\BuildLiteBehavior [ RunTime:0.000000s ]
INFO: [ app_init ] --END-- [ RunTime:0.000976s ]
ERR: 无法加载模块:Vod-play-id-111-src-1-num-1.html

[ 2017-12-07T22:26:21+08:00 ] 42.236.10.77 /index.php?s=vod-play-id-688-sid-0-pid-1.html
INFO: [ app_init ] --START--
INFO: Run Behavior\BuildLiteBehavior [ RunTime:0.000000s ]
INFO: [ app_init ] --END-- [ RunTime:0.000000s ]
ERR: 无法加载模块:Vod-play-id-688-sid-0-pid-1

[ 2017-12-07T22:26:21+08:00 ] 42.236.49.102 /index.php?m=vod-play-id-361-src-1-num-1.html
INFO: [ app_init ] --START--
INFO: Run Behavior\BuildLiteBehavior [ RunTime:0.000000s ]
INFO: [ app_init ] --END-- [ RunTime:0.000000s ]
ERR: 无法加载模块:Vod-play-id-361-src-1-num-1.html

[ 2017-12-07T22:26:21+08:00 ] 42.236.10.74 /index.php?m=vod-list-id-2-pg-1-order--by--class-18-year-0-letter-L-area-%E5%A4%A7%E9%99%86-lang-.html
INFO: [ app_init ] --START--
INFO: Run Behavior\BuildLiteBehavior [ RunTime:0.000000s ]
INFO: [ app_init ] --END-- [ RunTime:0.000000s ]
ERR: 无法加载模块:Vod-list-id-2-pg-1-order--by--class-18-year-0-letter-L-area-大陆-lang-.html

[ 2017-12-07T23:23:28+08:00 ] 140.205.201.44 /index.php?m=member&c=index&a=register&siteid=1
INFO: [ app_init ] --START--
INFO: Run Behavior\BuildLiteBehavior [ RunTime:0.000000s ]
INFO: [ app_init ] --END-- [ RunTime:0.000000s ]
ERR: 无法加载模块:Member

[ 2017-12-07T23:24:17+08:00 ] 140.205.201.44 /index.php?m=wap&a=index&siteid=1
INFO: [ app_init ] --START--
INFO: Run Behavior\BuildLiteBehavior [ RunTime:0.000000s ]
INFO: [ app_init ] --END-- [ RunTime:0.000976s ]
ERR: 无法加载模块:Wap

