[ 2017-12-16T15:40:13+08:00 ] 140.205.201.34 /index.php?m=member&c=index&a=register&siteid=1
INFO: [ app_init ] --START--
INFO: Run Behavior\BuildLiteBehavior [ RunTime:0.000000s ]
INFO: [ app_init ] --END-- [ RunTime:0.000976s ]
ERR: 无法加载模块:Member

[ 2017-12-16T15:40:14+08:00 ] 140.205.201.34 /index.php?m=wap&a=index&siteid=1
INFO: [ app_init ] --START--
INFO: Run Behavior\BuildLiteBehavior [ RunTime:0.000000s ]
INFO: [ app_init ] --END-- [ RunTime:0.000977s ]
ERR: 无法加载模块:Wap

[ 2017-12-16T20:22:59+08:00 ] 42.236.10.113 /index.php?m=vod-search-pg-235-starring-yuanyuan-classid-49.html
INFO: [ app_init ] --START--
INFO: Run Behavior\BuildLiteBehavior [ RunTime:0.000000s ]
INFO: [ app_init ] --END-- [ RunTime:0.000000s ]
ERR: 无法加载模块:Vod-search-pg-235-starring-yuanyuan-classid-49.html

[ 2017-12-16T20:22:59+08:00 ] 42.236.10.71 /index.php?m=vod-play-id-2178-src-1-num-1.html
INFO: [ app_init ] --START--
INFO: Run Behavior\BuildLiteBehavior [ RunTime:0.000000s ]
INFO: [ app_init ] --END-- [ RunTime:0.000000s ]
ERR: 无法加载模块:Vod-play-id-2178-src-1-num-1.html

[ 2017-12-16T20:22:59+08:00 ] 42.236.10.81 /index.php?s=gb-show-p-1235.html
INFO: [ app_init ] --START--
INFO: Run Behavior\BuildLiteBehavior [ RunTime:0.000000s ]
INFO: [ app_init ] --END-- [ RunTime:0.000977s ]
ERR: 无法加载模块:Gb-show-p-1235

[ 2017-12-16T20:22:59+08:00 ] 42.236.10.72 /index.php?s=gb-show-p-1381.html
INFO: [ app_init ] --START--
INFO: Run Behavior\BuildLiteBehavior [ RunTime:0.000000s ]
INFO: [ app_init ] --END-- [ RunTime:0.000000s ]
ERR: 无法加载模块:Gb-show-p-1381

[ 2017-12-16T20:22:59+08:00 ] 42.236.10.109 /index.php?s=gb-show-id-1498.html
INFO: [ app_init ] --START--
INFO: Run Behavior\BuildLiteBehavior [ RunTime:0.000000s ]
INFO: [ app_init ] --END-- [ RunTime:0.000000s ]
ERR: 无法加载模块:Gb-show-id-1498

[ 2017-12-16T20:22:59+08:00 ] 42.236.10.71 /index.php?m=vod-list-id-2-pg-1-order--by--class-0-year-0-letter-C-area-%E8%8B%B1%E5%9B%BD-lang-.html
INFO: [ app_init ] --START--
INFO: Run Behavior\BuildLiteBehavior [ RunTime:0.000000s ]
INFO: [ app_init ] --END-- [ RunTime:0.000000s ]
ERR: 无法加载模块:Vod-list-id-2-pg-1-order--by--class-0-year-0-letter-C-area-英国-lang-.html

[ 2017-12-16T20:22:59+08:00 ] 42.236.49.226 /index.php?s=gb-show-id-305.html
INFO: [ app_init ] --START--
INFO: Run Behavior\BuildLiteBehavior [ RunTime:0.000000s ]
INFO: [ app_init ] --END-- [ RunTime:0.000000s ]
ERR: 无法加载模块:Gb-show-id-305

[ 2017-12-16T20:23:00+08:00 ] 42.236.10.103 /index.php?m=vod-play-id-147-src-1-num-1.html
INFO: [ app_init ] --START--
INFO: Run Behavior\BuildLiteBehavior [ RunTime:0.000000s ]
INFO: [ app_init ] --END-- [ RunTime:0.000977s ]
ERR: 无法加载模块:Vod-play-id-147-src-1-num-1.html

[ 2017-12-16T20:23:00+08:00 ] 42.236.10.72 /index.php?s=vod-play-id-213-sid-0-pid-1.html
INFO: [ app_init ] --START--
INFO: Run Behavior\BuildLiteBehavior [ RunTime:0.000000s ]
INFO: [ app_init ] --END-- [ RunTime:0.000977s ]
ERR: 无法加载模块:Vod-play-id-213-sid-0-pid-1

[ 2017-12-16T20:23:00+08:00 ] 42.236.10.103 /index.php?s=vod-play-id-703-sid-0-pid-1.html
INFO: [ app_init ] --START--
INFO: Run Behavior\BuildLiteBehavior [ RunTime:0.000000s ]
INFO: [ app_init ] --END-- [ RunTime:0.000000s ]
ERR: 无法加载模块:Vod-play-id-703-sid-0-pid-1

[ 2017-12-16T20:23:00+08:00 ] 42.236.10.84 /index.php?s=vod-play-id-1268-sid-0-pid-1.html
INFO: [ app_init ] --START--
INFO: Run Behavior\BuildLiteBehavior [ RunTime:0.000000s ]
INFO: [ app_init ] --END-- [ RunTime:0.000977s ]
ERR: 无法加载模块:Vod-play-id-1268-sid-0-pid-1

[ 2017-12-16T20:23:00+08:00 ] 42.236.10.79 /index.php?s=gb-show-id-986.html
INFO: [ app_init ] --START--
INFO: Run Behavior\BuildLiteBehavior [ RunTime:0.000000s ]
INFO: [ app_init ] --END-- [ RunTime:0.000000s ]
ERR: 无法加载模块:Gb-show-id-986

[ 2017-12-16T20:23:00+08:00 ] 42.236.10.108 /index.php?m=vod-play-id-1019-src-1-num-1.html
INFO: [ app_init ] --START--
INFO: Run Behavior\BuildLiteBehavior [ RunTime:0.000000s ]
INFO: [ app_init ] --END-- [ RunTime:0.000976s ]
ERR: 无法加载模块:Vod-play-id-1019-src-1-num-1.html

[ 2017-12-16T20:23:00+08:00 ] 42.236.10.80 /index.php?m=vod-play-id-374-src-1-num-1.html
INFO: [ app_init ] --START--
INFO: Run Behavior\BuildLiteBehavior [ RunTime:0.000000s ]
INFO: [ app_init ] --END-- [ RunTime:0.000000s ]
ERR: 无法加载模块:Vod-play-id-374-src-1-num-1.html

[ 2017-12-16T20:23:00+08:00 ] 42.236.10.81 /index.php?s=gb-show-id-1044.html
INFO: [ app_init ] --START--
INFO: Run Behavior\BuildLiteBehavior [ RunTime:0.000000s ]
INFO: [ app_init ] --END-- [ RunTime:0.000976s ]
ERR: 无法加载模块:Gb-show-id-1044

[ 2017-12-16T20:23:00+08:00 ] 42.236.102.226 /index.php?s=vod-play-id-238-sid-0-pid-1.html
INFO: [ app_init ] --START--
INFO: Run Behavior\BuildLiteBehavior [ RunTime:0.000000s ]
INFO: [ app_init ] --END-- [ RunTime:0.000000s ]
ERR: 无法加载模块:Vod-play-id-238-sid-0-pid-1

