[ 2017-11-06T00:17:23+08:00 ] 42.236.99.206 /index.php?s=gb-show-id-369.html
INFO: [ app_init ] --START--
INFO: Run Behavior\BuildLiteBehavior [ RunTime:0.000000s ]
INFO: [ app_init ] --END-- [ RunTime:0.000000s ]
ERR: 无法加载模块:Gb-show-id-369

[ 2017-11-06T00:17:23+08:00 ] 42.236.102.247 /index.php?m=vod-play-id-710-src-1-num-1.html
INFO: [ app_init ] --START--
INFO: Run Behavior\BuildLiteBehavior [ RunTime:0.000976s ]
INFO: [ app_init ] --END-- [ RunTime:0.000976s ]
ERR: 无法加载模块:Vod-play-id-710-src-1-num-1.html

[ 2017-11-06T00:17:24+08:00 ] 42.236.12.170 /index.php?m=vod-list-id-4-pg-1-order--by--class-0-year-2009-letter-B-area--lang-.html
INFO: [ app_init ] --START--
INFO: Run Behavior\BuildLiteBehavior [ RunTime:0.000000s ]
INFO: [ app_init ] --END-- [ RunTime:0.000000s ]
ERR: 无法加载模块:Vod-list-id-4-pg-1-order--by--class-0-year-2009-letter-B-area--lang-.html

[ 2017-11-06T01:15:35+08:00 ] 42.236.99.242 /index.php?s=gb-show-id-378.html
INFO: [ app_init ] --START--
INFO: Run Behavior\BuildLiteBehavior [ RunTime:0.000000s ]
INFO: [ app_init ] --END-- [ RunTime:0.000000s ]
ERR: 无法加载模块:Gb-show-id-378

[ 2017-11-06T01:15:36+08:00 ] 180.153.236.189 /index.php?s=vod-play-id-505-sid-0-pid-1.html
INFO: [ app_init ] --START--
INFO: Run Behavior\BuildLiteBehavior [ RunTime:0.000000s ]
INFO: [ app_init ] --END-- [ RunTime:0.000976s ]
ERR: 无法加载模块:Vod-play-id-505-sid-0-pid-1

[ 2017-11-06T01:15:38+08:00 ] 42.236.39.156 /index.php?m=vod-list-id-2-pg-1-order--by--class-0-year-0-letter-A-area-%E6%96%B0%E5%8A%A0%E5%9D%A1-lang-.html
INFO: [ app_init ] --START--
INFO: Run Behavior\BuildLiteBehavior [ RunTime:0.000000s ]
INFO: [ app_init ] --END-- [ RunTime:0.000000s ]
ERR: 无法加载模块:Vod-list-id-2-pg-1-order--by--class-0-year-0-letter-A-area-新加坡-lang-.html

[ 2017-11-06T01:15:38+08:00 ] 42.236.49.54 /index.php?m=vod-play-id-2304-src-1-num-1.html
INFO: [ app_init ] --START--
INFO: Run Behavior\BuildLiteBehavior [ RunTime:0.000000s ]
INFO: [ app_init ] --END-- [ RunTime:0.000000s ]
ERR: 无法加载模块:Vod-play-id-2304-src-1-num-1.html

[ 2017-11-06T01:15:38+08:00 ] 180.153.236.11 /index.php?s=vod-play-id-1613-sid-0-pid-1.html
INFO: [ app_init ] --START--
INFO: Run Behavior\BuildLiteBehavior [ RunTime:0.000000s ]
INFO: [ app_init ] --END-- [ RunTime:0.000977s ]
ERR: 无法加载模块:Vod-play-id-1613-sid-0-pid-1

[ 2017-11-06T01:15:41+08:00 ] 42.236.39.159 /index.php?s=gb-show-p-360.html
INFO: [ app_init ] --START--
INFO: Run Behavior\BuildLiteBehavior [ RunTime:0.000000s ]
INFO: [ app_init ] --END-- [ RunTime:0.000000s ]
ERR: 无法加载模块:Gb-show-p-360

[ 2017-11-06T01:15:41+08:00 ] 180.153.236.11 /index.php?s=gb-show-id-790.html
INFO: [ app_init ] --START--
INFO: Run Behavior\BuildLiteBehavior [ RunTime:0.000000s ]
INFO: [ app_init ] --END-- [ RunTime:0.000000s ]
ERR: 无法加载模块:Gb-show-id-790

[ 2017-11-06T22:00:17+08:00 ] 62.210.251.247 /index.php?s=vod-search-area-%E5%8A%A0%E6%8B%BF%E5%A4%A7.html
INFO: [ app_init ] --START--
INFO: Run Behavior\BuildLiteBehavior [ RunTime:0.000000s ]
INFO: [ app_init ] --END-- [ RunTime:0.000000s ]
ERR: 无法加载模块:Vod-search-area-加拿大

