[ 2017-12-20T00:11:35+08:00 ] 42.236.102.144 /index.php?m=vod-play-id-1037-src-1-num-1.html
INFO: [ app_init ] --START--
INFO: Run Behavior\BuildLiteBehavior [ RunTime:0.000977s ]
INFO: [ app_init ] --END-- [ RunTime:0.000977s ]
ERR: 无法加载模块:Vod-play-id-1037-src-1-num-1.html

[ 2017-12-20T00:11:35+08:00 ] 42.236.102.209 /index.php?s=gb-show-p-1502.html
INFO: [ app_init ] --START--
INFO: Run Behavior\BuildLiteBehavior [ RunTime:0.000000s ]
INFO: [ app_init ] --END-- [ RunTime:0.000000s ]
ERR: 无法加载模块:Gb-show-p-1502

[ 2017-12-20T00:11:35+08:00 ] 180.153.236.43 /index.php?s=vod-play-id-245-sid-0-pid-1.html
INFO: [ app_init ] --START--
INFO: Run Behavior\BuildLiteBehavior [ RunTime:0.000000s ]
INFO: [ app_init ] --END-- [ RunTime:0.000976s ]
ERR: 无法加载模块:Vod-play-id-245-sid-0-pid-1

[ 2017-12-20T00:11:36+08:00 ] 42.236.10.77 /index.php?m=vod-list-id-4-pg-1-order--by--class-0-year-2009-letter-X-area--lang-.html
INFO: [ app_init ] --START--
INFO: Run Behavior\BuildLiteBehavior [ RunTime:0.000000s ]
INFO: [ app_init ] --END-- [ RunTime:0.000976s ]
ERR: 无法加载模块:Vod-list-id-4-pg-1-order--by--class-0-year-2009-letter-X-area--lang-.html

