[ 2017-11-12T00:35:11+08:00 ] 42.236.102.138 /index.php?m=vod-play-id-2299-src-1-num-1.html
INFO: [ app_init ] --START--
INFO: Run Behavior\BuildLiteBehavior [ RunTime:0.000000s ]
INFO: [ app_init ] --END-- [ RunTime:0.000000s ]
ERR: 无法加载模块:Vod-play-id-2299-src-1-num-1.html

[ 2017-11-12T00:35:11+08:00 ] 42.236.39.182 /index.php?s=vod-play-id-1455-sid-0-pid-1.html
INFO: [ app_init ] --START--
INFO: Run Behavior\BuildLiteBehavior [ RunTime:0.000000s ]
INFO: [ app_init ] --END-- [ RunTime:0.000976s ]
ERR: 无法加载模块:Vod-play-id-1455-sid-0-pid-1

[ 2017-11-12T00:35:11+08:00 ] 180.153.232.170 /index.php?m=vod-search-pg-235-starring-yuanyuan-classid-29.html
INFO: [ app_init ] --START--
INFO: Run Behavior\BuildLiteBehavior [ RunTime:0.000000s ]
INFO: [ app_init ] --END-- [ RunTime:0.000000s ]
ERR: 无法加载模块:Vod-search-pg-235-starring-yuanyuan-classid-29.html

[ 2017-11-12T00:35:12+08:00 ] 42.236.48.231 /index.php?s=gb-show-p-353.html
INFO: [ app_init ] --START--
INFO: Run Behavior\BuildLiteBehavior [ RunTime:0.000000s ]
INFO: [ app_init ] --END-- [ RunTime:0.000976s ]
ERR: 无法加载模块:Gb-show-p-353

[ 2017-11-12T08:24:08+08:00 ] 42.236.54.2 /index.php?s=gb-show-id-325.html
INFO: [ app_init ] --START--
INFO: Run Behavior\BuildLiteBehavior [ RunTime:0.000000s ]
INFO: [ app_init ] --END-- [ RunTime:0.000000s ]
ERR: 无法加载模块:Gb-show-id-325

[ 2017-11-12T08:24:09+08:00 ] 42.236.103.66 /index.php?m=vod-play-id-687-src-1-num-1.html
INFO: [ app_init ] --START--
INFO: Run Behavior\BuildLiteBehavior [ RunTime:0.000000s ]
INFO: [ app_init ] --END-- [ RunTime:0.000000s ]
ERR: 无法加载模块:Vod-play-id-687-src-1-num-1.html

[ 2017-11-12T08:24:09+08:00 ] 42.236.12.130 /index.php?s=vod-play-id-552-sid-0-pid-1.html
INFO: [ app_init ] --START--
INFO: Run Behavior\BuildLiteBehavior [ RunTime:0.000000s ]
INFO: [ app_init ] --END-- [ RunTime:0.000000s ]
ERR: 无法加载模块:Vod-play-id-552-sid-0-pid-1

[ 2017-11-12T08:24:09+08:00 ] 42.236.101.194 /index.php?s=gb-show-id-687.html
INFO: [ app_init ] --START--
INFO: Run Behavior\BuildLiteBehavior [ RunTime:0.000000s ]
INFO: [ app_init ] --END-- [ RunTime:0.000976s ]
ERR: 无法加载模块:Gb-show-id-687

[ 2017-11-12T08:24:09+08:00 ] 180.153.236.11 /index.php?s=vod-play-id-1201-sid-0-pid-1.html
INFO: [ app_init ] --START--
INFO: Run Behavior\BuildLiteBehavior [ RunTime:0.000000s ]
INFO: [ app_init ] --END-- [ RunTime:0.000000s ]
ERR: 无法加载模块:Vod-play-id-1201-sid-0-pid-1

[ 2017-11-12T08:24:10+08:00 ] 42.236.99.206 /index.php?m=vod-play-id-1681-src-1-num-1.html
INFO: [ app_init ] --START--
INFO: Run Behavior\BuildLiteBehavior [ RunTime:0.000000s ]
INFO: [ app_init ] --END-- [ RunTime:0.000000s ]
ERR: 无法加载模块:Vod-play-id-1681-src-1-num-1.html

[ 2017-11-12T12:26:28+08:00 ] 180.153.236.117 /index.php?m=vod-list-id-2-pg-1-order--by--class-0-year-0-letter-A-area-%E6%B3%B0%E5%9B%BD-lang-.html
INFO: [ app_init ] --START--
INFO: Run Behavior\BuildLiteBehavior [ RunTime:0.000000s ]
INFO: [ app_init ] --END-- [ RunTime:0.000977s ]
ERR: 无法加载模块:Vod-list-id-2-pg-1-order--by--class-0-year-0-letter-A-area-泰国-lang-.html

[ 2017-11-12T12:26:28+08:00 ] 42.236.99.242 /index.php?m=vod-list-id-2-pg-1-order--by--class-0-year-0-letter-A-area-%E6%B3%95%E5%9B%BD-lang-.html
INFO: [ app_init ] --START--
INFO: Run Behavior\BuildLiteBehavior [ RunTime:0.000000s ]
INFO: [ app_init ] --END-- [ RunTime:0.000000s ]
ERR: 无法加载模块:Vod-list-id-2-pg-1-order--by--class-0-year-0-letter-A-area-法国-lang-.html

[ 2017-11-12T12:26:28+08:00 ] 42.236.50.15 /index.php?s=gb-show-id-1999.html
INFO: [ app_init ] --START--
INFO: Run Behavior\BuildLiteBehavior [ RunTime:0.000000s ]
INFO: [ app_init ] --END-- [ RunTime:0.000000s ]
ERR: 无法加载模块:Gb-show-id-1999

[ 2017-11-12T12:26:28+08:00 ] 42.236.49.244 /index.php?s=vod-play-id-652-sid-0-pid-1.html
INFO: [ app_init ] --START--
INFO: Run Behavior\BuildLiteBehavior [ RunTime:0.000000s ]
INFO: [ app_init ] --END-- [ RunTime:0.000000s ]
ERR: 无法加载模块:Vod-play-id-652-sid-0-pid-1

[ 2017-11-12T12:26:29+08:00 ] 42.236.99.72 /index.php?s=gb-show-id-683.html
INFO: [ app_init ] --START--
INFO: Run Behavior\BuildLiteBehavior [ RunTime:0.000000s ]
INFO: [ app_init ] --END-- [ RunTime:0.000000s ]
ERR: 无法加载模块:Gb-show-id-683

[ 2017-11-12T13:26:56+08:00 ] 42.236.102.224 /index.php?s=gb-show-id-694.html
INFO: [ app_init ] --START--
INFO: Run Behavior\BuildLiteBehavior [ RunTime:0.000000s ]
INFO: [ app_init ] --END-- [ RunTime:0.000000s ]
ERR: 无法加载模块:Gb-show-id-694

[ 2017-11-12T13:26:57+08:00 ] 42.236.46.105 /index.php?m=vod-list-id-5-pg-2-order--by--class-0-year-0-letter--area--lang-.html
INFO: [ app_init ] --START--
INFO: Run Behavior\BuildLiteBehavior [ RunTime:0.000000s ]
INFO: [ app_init ] --END-- [ RunTime:0.000000s ]
ERR: 无法加载模块:Vod-list-id-5-pg-2-order--by--class-0-year-0-letter--area--lang-.html

[ 2017-11-12T13:26:57+08:00 ] 42.236.54.62 /index.php?s=gb-show-id-1154.html
INFO: [ app_init ] --START--
INFO: Run Behavior\BuildLiteBehavior [ RunTime:0.000000s ]
INFO: [ app_init ] --END-- [ RunTime:0.000000s ]
ERR: 无法加载模块:Gb-show-id-1154

[ 2017-11-12T13:26:57+08:00 ] 42.236.99.72 /index.php?s=gb-show-id-437.html
INFO: [ app_init ] --START--
INFO: Run Behavior\BuildLiteBehavior [ RunTime:0.000000s ]
INFO: [ app_init ] --END-- [ RunTime:0.000977s ]
ERR: 无法加载模块:Gb-show-id-437

[ 2017-11-12T13:26:57+08:00 ] 42.236.99.9 /index.php?m=vod-search-pg-235-starring-yuanyuan-classid-26.html
INFO: [ app_init ] --START--
INFO: Run Behavior\BuildLiteBehavior [ RunTime:0.000000s ]
INFO: [ app_init ] --END-- [ RunTime:0.000976s ]
ERR: 无法加载模块:Vod-search-pg-235-starring-yuanyuan-classid-26.html

[ 2017-11-12T14:28:47+08:00 ] 42.236.102.241 /index.php?m=vod-list-id-2-pg-1-order--by--class-0-year-0-letter-A-area-%E5%8F%B0%E6%B9%BE-lang-.html
INFO: [ app_init ] --START--
INFO: Run Behavior\BuildLiteBehavior [ RunTime:0.000000s ]
INFO: [ app_init ] --END-- [ RunTime:0.000976s ]
ERR: 无法加载模块:Vod-list-id-2-pg-1-order--by--class-0-year-0-letter-A-area-台湾-lang-.html

[ 2017-11-12T14:28:47+08:00 ] 42.236.99.9 /index.php?s=vod-play-id-1880-sid-0-pid-1.html
INFO: [ app_init ] --START--
INFO: Run Behavior\BuildLiteBehavior [ RunTime:0.000000s ]
INFO: [ app_init ] --END-- [ RunTime:0.000000s ]
ERR: 无法加载模块:Vod-play-id-1880-sid-0-pid-1

[ 2017-11-12T14:28:47+08:00 ] 42.236.48.52 /index.php?m=vod-list-id-4-pg-1-order--by--class-0-year-2009-letter-C-area--lang-.html
INFO: [ app_init ] --START--
INFO: Run Behavior\BuildLiteBehavior [ RunTime:0.000000s ]
INFO: [ app_init ] --END-- [ RunTime:0.000000s ]
ERR: 无法加载模块:Vod-list-id-4-pg-1-order--by--class-0-year-2009-letter-C-area--lang-.html

[ 2017-11-12T14:28:47+08:00 ] 42.236.99.230 /index.php?m=vod-play-id-1706-src-1-num-1.html
INFO: [ app_init ] --START--
INFO: Run Behavior\BuildLiteBehavior [ RunTime:0.000000s ]
INFO: [ app_init ] --END-- [ RunTime:0.000977s ]
ERR: 无法加载模块:Vod-play-id-1706-src-1-num-1.html

[ 2017-11-12T14:28:48+08:00 ] 42.236.102.166 /index.php?s=vod-play-id-636-sid-0-pid-1.html
INFO: [ app_init ] --START--
INFO: Run Behavior\BuildLiteBehavior [ RunTime:0.000000s ]
INFO: [ app_init ] --END-- [ RunTime:0.000977s ]
ERR: 无法加载模块:Vod-play-id-636-sid-0-pid-1

[ 2017-11-12T14:28:48+08:00 ] 42.236.48.230 /index.php?m=vod-play-id-194-src-1-num-1.html
INFO: [ app_init ] --START--
INFO: Run Behavior\BuildLiteBehavior [ RunTime:0.000000s ]
INFO: [ app_init ] --END-- [ RunTime:0.000976s ]
ERR: 无法加载模块:Vod-play-id-194-src-1-num-1.html

[ 2017-11-12T14:28:48+08:00 ] 42.236.102.23 /index.php?m=vod-play-id-2373-src-1-num-1.html
INFO: [ app_init ] --START--
INFO: Run Behavior\BuildLiteBehavior [ RunTime:0.000000s ]
INFO: [ app_init ] --END-- [ RunTime:0.000977s ]
ERR: 无法加载模块:Vod-play-id-2373-src-1-num-1.html

[ 2017-11-12T14:28:48+08:00 ] 42.236.54.22 /index.php?s=vod-play-id-1154-sid-0-pid-1.html
INFO: [ app_init ] --START--
INFO: Run Behavior\BuildLiteBehavior [ RunTime:0.000000s ]
INFO: [ app_init ] --END-- [ RunTime:0.000000s ]
ERR: 无法加载模块:Vod-play-id-1154-sid-0-pid-1

[ 2017-11-12T14:28:48+08:00 ] 180.153.236.109 /index.php?s=vod-play-id-1892-sid-0-pid-1.html
INFO: [ app_init ] --START--
INFO: Run Behavior\BuildLiteBehavior [ RunTime:0.000000s ]
INFO: [ app_init ] --END-- [ RunTime:0.000000s ]
ERR: 无法加载模块:Vod-play-id-1892-sid-0-pid-1

