[ 2017-11-30T22:11:54+08:00 ] 42.236.49.99 /index.php?s=gb-show-id-915.html
INFO: [ app_init ] --START--
INFO: Run Behavior\BuildLiteBehavior [ RunTime:0.000000s ]
INFO: [ app_init ] --END-- [ RunTime:0.000000s ]
ERR: 无法加载模块:Gb-show-id-915

[ 2017-11-30T22:11:54+08:00 ] 42.236.102.248 /index.php?s=gb-show-id-1965.html
INFO: [ app_init ] --START--
INFO: Run Behavior\BuildLiteBehavior [ RunTime:0.000000s ]
INFO: [ app_init ] --END-- [ RunTime:0.000976s ]
ERR: 无法加载模块:Gb-show-id-1965

[ 2017-11-30T22:11:54+08:00 ] 42.236.10.103 /index.php?s=vod-play-id-675-sid-0-pid-1.html
INFO: [ app_init ] --START--
INFO: Run Behavior\BuildLiteBehavior [ RunTime:0.000000s ]
INFO: [ app_init ] --END-- [ RunTime:0.000976s ]
ERR: 无法加载模块:Vod-play-id-675-sid-0-pid-1

[ 2017-11-30T22:11:54+08:00 ] 42.236.10.77 /index.php?m=vod-list-id-5-pg-12-order--by--class-0-year-0-letter--area--lang-.html
INFO: [ app_init ] --START--
INFO: Run Behavior\BuildLiteBehavior [ RunTime:0.000000s ]
INFO: [ app_init ] --END-- [ RunTime:0.000976s ]
ERR: 无法加载模块:Vod-list-id-5-pg-12-order--by--class-0-year-0-letter--area--lang-.html

[ 2017-11-30T22:11:54+08:00 ] 42.236.10.74 /index.php?s=gb-show-id-80.html
INFO: [ app_init ] --START--
INFO: Run Behavior\BuildLiteBehavior [ RunTime:0.000000s ]
INFO: [ app_init ] --END-- [ RunTime:0.000000s ]
ERR: 无法加载模块:Gb-show-id-80

[ 2017-11-30T22:11:54+08:00 ] 42.236.49.35 /index.php?m=vod-list-id-2-pg-1-order--by--class-0-year-0-letter-B-area-%E6%B3%B0%E5%9B%BD-lang-.html
INFO: [ app_init ] --START--
INFO: Run Behavior\BuildLiteBehavior [ RunTime:0.000000s ]
INFO: [ app_init ] --END-- [ RunTime:0.000000s ]
ERR: 无法加载模块:Vod-list-id-2-pg-1-order--by--class-0-year-0-letter-B-area-泰国-lang-.html

[ 2017-11-30T22:11:54+08:00 ] 42.236.10.82 /index.php?s=vod-play-id-1719-sid-0-pid-1.html
INFO: [ app_init ] --START--
INFO: Run Behavior\BuildLiteBehavior [ RunTime:0.000000s ]
INFO: [ app_init ] --END-- [ RunTime:0.000977s ]
ERR: 无法加载模块:Vod-play-id-1719-sid-0-pid-1

[ 2017-11-30T22:11:54+08:00 ] 42.236.10.71 /index.php?s=gb-show-id-667.html
INFO: [ app_init ] --START--
INFO: Run Behavior\BuildLiteBehavior [ RunTime:0.000000s ]
INFO: [ app_init ] --END-- [ RunTime:0.000977s ]
ERR: 无法加载模块:Gb-show-id-667

[ 2017-11-30T22:11:54+08:00 ] 42.236.10.74 /index.php?m=vod-list-id-4-pg-1-order--by--class-50-year-2005-letter--area--lang-.html
INFO: [ app_init ] --START--
INFO: Run Behavior\BuildLiteBehavior [ RunTime:0.000000s ]
INFO: [ app_init ] --END-- [ RunTime:0.000976s ]
ERR: 无法加载模块:Vod-list-id-4-pg-1-order--by--class-50-year-2005-letter--area--lang-.html

[ 2017-11-30T22:11:55+08:00 ] 42.236.49.99 /index.php?m=vod-play-id-2475-src-1-num-1.html
INFO: [ app_init ] --START--
INFO: Run Behavior\BuildLiteBehavior [ RunTime:0.000000s ]
INFO: [ app_init ] --END-- [ RunTime:0.000000s ]
ERR: 无法加载模块:Vod-play-id-2475-src-1-num-1.html

[ 2017-11-30T22:11:55+08:00 ] 42.236.102.248 /index.php?s=gb-show-id-1317.html
INFO: [ app_init ] --START--
INFO: Run Behavior\BuildLiteBehavior [ RunTime:0.000000s ]
INFO: [ app_init ] --END-- [ RunTime:0.000000s ]
ERR: 无法加载模块:Gb-show-id-1317

[ 2017-11-30T22:11:55+08:00 ] 42.236.102.229 /index.php?m=vod-play-id-191-src-1-num-1.html
INFO: [ app_init ] --START--
INFO: Run Behavior\BuildLiteBehavior [ RunTime:0.000000s ]
INFO: [ app_init ] --END-- [ RunTime:0.000977s ]
ERR: 无法加载模块:Vod-play-id-191-src-1-num-1.html

[ 2017-11-30T22:11:55+08:00 ] 42.236.48.165 /index.php?m=vod-list-id-4-pg-1-order--by--class-0-year-2009-letter-N-area--lang-.html
INFO: [ app_init ] --START--
INFO: Run Behavior\BuildLiteBehavior [ RunTime:0.000000s ]
INFO: [ app_init ] --END-- [ RunTime:0.000976s ]
ERR: 无法加载模块:Vod-list-id-4-pg-1-order--by--class-0-year-2009-letter-N-area--lang-.html

