[ 2017-12-28T01:46:49+08:00 ] 42.236.10.110 /index.php?s=vod-play-id-1317-sid-0-pid-1.html
INFO: [ app_init ] --START--
INFO: Run Behavior\BuildLiteBehavior [ RunTime:0.000976s ]
INFO: [ app_init ] --END-- [ RunTime:0.000976s ]
ERR: 无法加载模块:Vod-play-id-1317-sid-0-pid-1

[ 2017-12-28T01:46:49+08:00 ] 42.236.48.247 /index.php?m=vod-play-id-2204-src-1-num-1.html
INFO: [ app_init ] --START--
INFO: Run Behavior\BuildLiteBehavior [ RunTime:0.000000s ]
INFO: [ app_init ] --END-- [ RunTime:0.000977s ]
ERR: 无法加载模块:Vod-play-id-2204-src-1-num-1.html

[ 2017-12-28T01:46:49+08:00 ] 42.236.10.102 /index.php?m=vod-play-id-1667-src-1-num-1.html
INFO: [ app_init ] --START--
INFO: Run Behavior\BuildLiteBehavior [ RunTime:0.000000s ]
INFO: [ app_init ] --END-- [ RunTime:0.000977s ]
ERR: 无法加载模块:Vod-play-id-1667-src-1-num-1.html

[ 2017-12-28T01:46:49+08:00 ] 42.236.102.144 /index.php?s=gb-show-id-1853.html
INFO: [ app_init ] --START--
INFO: Run Behavior\BuildLiteBehavior [ RunTime:0.000000s ]
INFO: [ app_init ] --END-- [ RunTime:0.000977s ]
ERR: 无法加载模块:Gb-show-id-1853

[ 2017-12-28T01:46:49+08:00 ] 42.236.10.81 /index.php?m=vod-search-pg-235-starring-yuanyuan-classid-57.html
INFO: [ app_init ] --START--
INFO: Run Behavior\BuildLiteBehavior [ RunTime:0.000000s ]
INFO: [ app_init ] --END-- [ RunTime:0.000000s ]
ERR: 无法加载模块:Vod-search-pg-235-starring-yuanyuan-classid-57.html

[ 2017-12-28T01:46:49+08:00 ] 42.236.10.109 /index.php?s=gb-show-id-360.html
INFO: [ app_init ] --START--
INFO: Run Behavior\BuildLiteBehavior [ RunTime:0.000000s ]
INFO: [ app_init ] --END-- [ RunTime:0.000000s ]
ERR: 无法加载模块:Gb-show-id-360

[ 2017-12-28T01:46:49+08:00 ] 42.236.31.137 /index.php?s=gb-show-p-1691.html
INFO: [ app_init ] --START--
INFO: Run Behavior\BuildLiteBehavior [ RunTime:0.000000s ]
INFO: [ app_init ] --END-- [ RunTime:0.000000s ]
ERR: 无法加载模块:Gb-show-p-1691

[ 2017-12-28T01:46:49+08:00 ] 42.236.10.111 /index.php?m=vod-list-id-4-pg-1-order--by--class-0-year-2010-letter-E-area--lang-.html
INFO: [ app_init ] --START--
INFO: Run Behavior\BuildLiteBehavior [ RunTime:0.000000s ]
INFO: [ app_init ] --END-- [ RunTime:0.000000s ]
ERR: 无法加载模块:Vod-list-id-4-pg-1-order--by--class-0-year-2010-letter-E-area--lang-.html

[ 2017-12-28T01:46:49+08:00 ] 42.236.10.110 /index.php?s=gb-show-id-1164.html
INFO: [ app_init ] --START--
INFO: Run Behavior\BuildLiteBehavior [ RunTime:0.000000s ]
INFO: [ app_init ] --END-- [ RunTime:0.000000s ]
ERR: 无法加载模块:Gb-show-id-1164

[ 2017-12-28T01:46:50+08:00 ] 180.153.236.101 /index.php?s=gb-show-p-2048.html
INFO: [ app_init ] --START--
INFO: Run Behavior\BuildLiteBehavior [ RunTime:0.000000s ]
INFO: [ app_init ] --END-- [ RunTime:0.000000s ]
ERR: 无法加载模块:Gb-show-p-2048

[ 2017-12-28T01:46:50+08:00 ] 42.236.10.83 /index.php?s=vod-play-id-746-sid-0-pid-1.html
INFO: [ app_init ] --START--
INFO: Run Behavior\BuildLiteBehavior [ RunTime:0.000000s ]
INFO: [ app_init ] --END-- [ RunTime:0.000000s ]
ERR: 无法加载模块:Vod-play-id-746-sid-0-pid-1

[ 2017-12-28T01:46:50+08:00 ] 180.153.232.170 /index.php?s=vod-play-id-242-sid-0-pid-1.html
INFO: [ app_init ] --START--
INFO: Run Behavior\BuildLiteBehavior [ RunTime:0.000000s ]
INFO: [ app_init ] --END-- [ RunTime:0.000000s ]
ERR: 无法加载模块:Vod-play-id-242-sid-0-pid-1

[ 2017-12-28T01:46:50+08:00 ] 42.236.48.166 /index.php?m=vod-search-pg-235-starring-yuanyuan-classid-54.html
INFO: [ app_init ] --START--
INFO: Run Behavior\BuildLiteBehavior [ RunTime:0.000000s ]
INFO: [ app_init ] --END-- [ RunTime:0.000976s ]
ERR: 无法加载模块:Vod-search-pg-235-starring-yuanyuan-classid-54.html

[ 2017-12-28T01:46:50+08:00 ] 180.153.236.149 /index.php?s=vod-play-id-259-sid-0-pid-1.html
INFO: [ app_init ] --START--
INFO: Run Behavior\BuildLiteBehavior [ RunTime:0.000000s ]
INFO: [ app_init ] --END-- [ RunTime:0.000000s ]
ERR: 无法加载模块:Vod-play-id-259-sid-0-pid-1

[ 2017-12-28T01:46:50+08:00 ] 180.153.234.145 /index.php?m=vod-play-id-45-src-1-num-1.html
INFO: [ app_init ] --START--
INFO: Run Behavior\BuildLiteBehavior [ RunTime:0.000000s ]
INFO: [ app_init ] --END-- [ RunTime:0.000000s ]
ERR: 无法加载模块:Vod-play-id-45-src-1-num-1.html

[ 2017-12-28T01:46:50+08:00 ] 42.236.48.167 /index.php?s=gb-show-p-1515.html
INFO: [ app_init ] --START--
INFO: Run Behavior\BuildLiteBehavior [ RunTime:0.000000s ]
INFO: [ app_init ] --END-- [ RunTime:0.000000s ]
ERR: 无法加载模块:Gb-show-p-1515

