[ 2017-12-02T01:46:04+08:00 ] 42.236.10.100 /index.php?s=vod-play-id-672-sid-0-pid-1.html
INFO: [ app_init ] --START--
INFO: Run Behavior\BuildLiteBehavior [ RunTime:0.000000s ]
INFO: [ app_init ] --END-- [ RunTime:0.000977s ]
ERR: 无法加载模块:Vod-play-id-672-sid-0-pid-1

[ 2017-12-02T01:46:04+08:00 ] 180.153.236.157 /index.php?m=vod-list-id-2-pg-1-order--by--class--year-0-letter-Z-area--lang-.html
INFO: [ app_init ] --START--
INFO: Run Behavior\BuildLiteBehavior [ RunTime:0.000000s ]
INFO: [ app_init ] --END-- [ RunTime:0.000000s ]
ERR: 无法加载模块:Vod-list-id-2-pg-1-order--by--class--year-0-letter-Z-area--lang-.html

[ 2017-12-02T01:46:04+08:00 ] 42.236.10.82 /index.php?m=vod-list-id-5-pg-11-order--by-score-class-0-year-0-letter--area--lang-.html
INFO: [ app_init ] --START--
INFO: Run Behavior\BuildLiteBehavior [ RunTime:0.000000s ]
INFO: [ app_init ] --END-- [ RunTime:0.000000s ]
ERR: 无法加载模块:Vod-list-id-5-pg-11-order--by-score-class-0-year-0-letter--area--lang-.html

[ 2017-12-02T01:46:04+08:00 ] 42.236.10.71 /index.php?m=vod-list-id-5-pg-12-order--by--class-0-year-0-letter--area-%E5%A4%A7%E9%99%86-lang-.html
INFO: [ app_init ] --START--
INFO: Run Behavior\BuildLiteBehavior [ RunTime:0.000000s ]
INFO: [ app_init ] --END-- [ RunTime:0.000000s ]
ERR: 无法加载模块:Vod-list-id-5-pg-12-order--by--class-0-year-0-letter--area-大陆-lang-.html

[ 2017-12-02T01:46:04+08:00 ] 42.236.10.85 /index.php?s=gb-show-p-10.html
INFO: [ app_init ] --START--
INFO: Run Behavior\BuildLiteBehavior [ RunTime:0.000000s ]
INFO: [ app_init ] --END-- [ RunTime:0.000000s ]
ERR: 无法加载模块:Gb-show-p-10

[ 2017-12-02T01:46:04+08:00 ] 42.236.49.182 /index.php?m=vod-play-id-2372-src-1-num-1.html
INFO: [ app_init ] --START--
INFO: Run Behavior\BuildLiteBehavior [ RunTime:0.000000s ]
INFO: [ app_init ] --END-- [ RunTime:0.000000s ]
ERR: 无法加载模块:Vod-play-id-2372-src-1-num-1.html

[ 2017-12-02T01:46:04+08:00 ] 42.236.10.76 /index.php?s=gb-show-id-957.html
INFO: [ app_init ] --START--
INFO: Run Behavior\BuildLiteBehavior [ RunTime:0.000000s ]
INFO: [ app_init ] --END-- [ RunTime:0.000977s ]
ERR: 无法加载模块:Gb-show-id-957

[ 2017-12-02T01:46:04+08:00 ] 42.236.39.144 /index.php?m=vod-play-id-189-src-1-num-1.html
INFO: [ app_init ] --START--
INFO: Run Behavior\BuildLiteBehavior [ RunTime:0.000000s ]
INFO: [ app_init ] --END-- [ RunTime:0.000000s ]
ERR: 无法加载模块:Vod-play-id-189-src-1-num-1.html

[ 2017-12-02T01:46:05+08:00 ] 42.236.10.109 /index.php?s=vod-play-id-12-sid-0-pid-1.html
INFO: [ app_init ] --START--
INFO: Run Behavior\BuildLiteBehavior [ RunTime:0.000000s ]
INFO: [ app_init ] --END-- [ RunTime:0.000000s ]
ERR: 无法加载模块:Vod-play-id-12-sid-0-pid-1

[ 2017-12-02T01:46:05+08:00 ] 42.236.10.106 /index.php?m=vod-list-id-4-pg-1-order--by--class-0-year-2009-letter-O-area--lang-.html
INFO: [ app_init ] --START--
INFO: Run Behavior\BuildLiteBehavior [ RunTime:0.000000s ]
INFO: [ app_init ] --END-- [ RunTime:0.000977s ]
ERR: 无法加载模块:Vod-list-id-4-pg-1-order--by--class-0-year-2009-letter-O-area--lang-.html

[ 2017-12-02T01:46:05+08:00 ] 42.236.10.105 /index.php?s=vod-play-id-1783-sid-0-pid-1.html
INFO: [ app_init ] --START--
INFO: Run Behavior\BuildLiteBehavior [ RunTime:0.000000s ]
INFO: [ app_init ] --END-- [ RunTime:0.000976s ]
ERR: 无法加载模块:Vod-play-id-1783-sid-0-pid-1

[ 2017-12-02T01:46:05+08:00 ] 42.236.10.71 /index.php?m=vod-search-pg-235-starring-yuanyuan-classid-38.html
INFO: [ app_init ] --START--
INFO: Run Behavior\BuildLiteBehavior [ RunTime:0.000000s ]
INFO: [ app_init ] --END-- [ RunTime:0.000977s ]
ERR: 无法加载模块:Vod-search-pg-235-starring-yuanyuan-classid-38.html

[ 2017-12-02T01:46:05+08:00 ] 42.236.50.17 /index.php?s=gb-show-id-806.html
INFO: [ app_init ] --START--
INFO: Run Behavior\BuildLiteBehavior [ RunTime:0.000000s ]
INFO: [ app_init ] --END-- [ RunTime:0.000977s ]
ERR: 无法加载模块:Gb-show-id-806

[ 2017-12-02T01:46:05+08:00 ] 42.236.39.144 /index.php?s=vod-play-id-18-sid-0-pid-1.html
INFO: [ app_init ] --START--
INFO: Run Behavior\BuildLiteBehavior [ RunTime:0.000000s ]
INFO: [ app_init ] --END-- [ RunTime:0.000977s ]
ERR: 无法加载模块:Vod-play-id-18-sid-0-pid-1

[ 2017-12-02T01:46:06+08:00 ] 42.236.10.76 /index.php?m=vod-list-id-2-pg-1-order--by--class-0-year-0-letter-B-area-%E6%96%B0%E5%8A%A0%E5%9D%A1-lang-.html
INFO: [ app_init ] --START--
INFO: Run Behavior\BuildLiteBehavior [ RunTime:0.000000s ]
INFO: [ app_init ] --END-- [ RunTime:0.000000s ]
ERR: 无法加载模块:Vod-list-id-2-pg-1-order--by--class-0-year-0-letter-B-area-新加坡-lang-.html

[ 2017-12-02T06:18:59+08:00 ] 69.30.213.202 /index.php?m=vod-list-id-0-pg-1-order--by--class-0-year-0-letter--area-%E4%BF%84%E7%BD%97%E6%96%AF-lang-.html
INFO: [ app_init ] --START--
INFO: Run Behavior\BuildLiteBehavior [ RunTime:0.000000s ]
INFO: [ app_init ] --END-- [ RunTime:0.000000s ]
ERR: 无法加载模块:Vod-list-id-0-pg-1-order--by--class-0-year-0-letter--area-俄罗斯-lang-.html

[ 2017-12-02T18:32:09+08:00 ] 180.153.236.125 /index.php?s=vod-play-id-1717-sid-0-pid-1.html
INFO: [ app_init ] --START--
INFO: Run Behavior\BuildLiteBehavior [ RunTime:0.000000s ]
INFO: [ app_init ] --END-- [ RunTime:0.000000s ]
ERR: 无法加载模块:Vod-play-id-1717-sid-0-pid-1

[ 2017-12-02T18:32:09+08:00 ] 180.153.236.133 /index.php?s=vod-play-id-1777-sid-0-pid-1.html
INFO: [ app_init ] --START--
INFO: Run Behavior\BuildLiteBehavior [ RunTime:0.000000s ]
INFO: [ app_init ] --END-- [ RunTime:0.000000s ]
ERR: 无法加载模块:Vod-play-id-1777-sid-0-pid-1

[ 2017-12-02T18:32:09+08:00 ] 180.153.236.11 /index.php?m=vod-list-id-5-pg-11-order--by--class-0-year-0-letter--area-%E5%A4%A7%E9%99%86-lang-.html
INFO: [ app_init ] --START--
INFO: Run Behavior\BuildLiteBehavior [ RunTime:0.000000s ]
INFO: [ app_init ] --END-- [ RunTime:0.000000s ]
ERR: 无法加载模块:Vod-list-id-5-pg-11-order--by--class-0-year-0-letter--area-大陆-lang-.html

[ 2017-12-02T18:32:09+08:00 ] 180.153.234.145 /index.php?s=gb-show-id-79.html
INFO: [ app_init ] --START--
INFO: Run Behavior\BuildLiteBehavior [ RunTime:0.000000s ]
INFO: [ app_init ] --END-- [ RunTime:0.000976s ]
ERR: 无法加载模块:Gb-show-id-79

[ 2017-12-02T18:32:09+08:00 ] 180.153.236.117 /index.php?m=vod-play-id-1865-src-1-num-1.html
INFO: [ app_init ] --START--
INFO: Run Behavior\BuildLiteBehavior [ RunTime:0.000000s ]
INFO: [ app_init ] --END-- [ RunTime:0.000000s ]
ERR: 无法加载模块:Vod-play-id-1865-src-1-num-1.html

[ 2017-12-02T18:32:09+08:00 ] 180.153.236.181 /index.php?s=gb-show-id-1960.html
INFO: [ app_init ] --START--
INFO: Run Behavior\BuildLiteBehavior [ RunTime:0.000000s ]
INFO: [ app_init ] --END-- [ RunTime:0.000976s ]
ERR: 无法加载模块:Gb-show-id-1960

[ 2017-12-02T18:32:09+08:00 ] 42.236.10.106 /index.php?m=vod-list-id-1-pg-1-order--by--class--year--letter--area-%E9%9F%A9%E5%9B%BD-lang-.html
INFO: [ app_init ] --START--
INFO: Run Behavior\BuildLiteBehavior [ RunTime:0.000000s ]
INFO: [ app_init ] --END-- [ RunTime:0.000976s ]
ERR: 无法加载模块:Vod-list-id-1-pg-1-order--by--class--year--letter--area-韩国-lang-.html

[ 2017-12-02T18:32:09+08:00 ] 180.153.234.145 /index.php?s=gb-show-id-641.html
INFO: [ app_init ] --START--
INFO: Run Behavior\BuildLiteBehavior [ RunTime:0.000000s ]
INFO: [ app_init ] --END-- [ RunTime:0.000976s ]
ERR: 无法加载模块:Gb-show-id-641

[ 2017-12-02T18:32:09+08:00 ] 180.153.236.101 /index.php?m=vod-list-id-4-pg-1-order--by--class-0-year-2009-letter-L-area--lang-.html
INFO: [ app_init ] --START--
INFO: Run Behavior\BuildLiteBehavior [ RunTime:0.000000s ]
INFO: [ app_init ] --END-- [ RunTime:0.000000s ]
ERR: 无法加载模块:Vod-list-id-4-pg-1-order--by--class-0-year-2009-letter-L-area--lang-.html

[ 2017-12-02T18:32:09+08:00 ] 42.236.49.116 /index.php?m=vod-play-id-2368-src-1-num-1.html
INFO: [ app_init ] --START--
INFO: Run Behavior\BuildLiteBehavior [ RunTime:0.000000s ]
INFO: [ app_init ] --END-- [ RunTime:0.000976s ]
ERR: 无法加载模块:Vod-play-id-2368-src-1-num-1.html

[ 2017-12-02T18:32:09+08:00 ] 42.236.10.81 /index.php?s=gb-show-id-1129.html
INFO: [ app_init ] --START--
INFO: Run Behavior\BuildLiteBehavior [ RunTime:0.000000s ]
INFO: [ app_init ] --END-- [ RunTime:0.000977s ]
ERR: 无法加载模块:Gb-show-id-1129

[ 2017-12-02T18:32:09+08:00 ] 180.153.236.165 /index.php?s=vod-play-id-1002-sid-0-pid-1.html
INFO: [ app_init ] --START--
INFO: Run Behavior\BuildLiteBehavior [ RunTime:0.000000s ]
INFO: [ app_init ] --END-- [ RunTime:0.000000s ]
ERR: 无法加载模块:Vod-play-id-1002-sid-0-pid-1

[ 2017-12-02T18:32:10+08:00 ] 180.153.236.109 /index.php?m=vod-list-id-2-pg-1-order--by--class-0-year-0-letter-B-area-%E6%B3%95%E5%9B%BD-lang-.html
INFO: [ app_init ] --START--
INFO: Run Behavior\BuildLiteBehavior [ RunTime:0.000000s ]
INFO: [ app_init ] --END-- [ RunTime:0.000000s ]
ERR: 无法加载模块:Vod-list-id-2-pg-1-order--by--class-0-year-0-letter-B-area-法国-lang-.html

[ 2017-12-02T18:32:10+08:00 ] 42.236.10.74 /index.php?m=vod-search-pg-235-starring-yuanyuan-classid-36.html
INFO: [ app_init ] --START--
INFO: Run Behavior\BuildLiteBehavior [ RunTime:0.000000s ]
INFO: [ app_init ] --END-- [ RunTime:0.000977s ]
ERR: 无法加载模块:Vod-search-pg-235-starring-yuanyuan-classid-36.html

[ 2017-12-02T18:32:12+08:00 ] 42.236.10.109 /index.php?s=vod-play-id-570-sid-0-pid-1.html
INFO: [ app_init ] --START--
INFO: Run Behavior\BuildLiteBehavior [ RunTime:0.000000s ]
INFO: [ app_init ] --END-- [ RunTime:0.000977s ]
ERR: 无法加载模块:Vod-play-id-570-sid-0-pid-1

