[ 2017-12-12T03:30:42+08:00 ] 140.205.201.41 /index.php?m=member&c=index&a=register&siteid=1
INFO: [ app_init ] --START--
INFO: Run Behavior\BuildLiteBehavior [ RunTime:0.000000s ]
INFO: [ app_init ] --END-- [ RunTime:0.000977s ]
ERR: 无法加载模块:Member

[ 2017-12-12T03:30:43+08:00 ] 140.205.201.41 /index.php?m=wap&a=index&siteid=1
INFO: [ app_init ] --START--
INFO: Run Behavior\BuildLiteBehavior [ RunTime:0.000000s ]
INFO: [ app_init ] --END-- [ RunTime:0.000000s ]
ERR: 无法加载模块:Wap

[ 2017-12-12T18:27:36+08:00 ] 42.236.57.71 /index.php?m=vod-play-id-144-src-1-num-1.html
INFO: [ app_init ] --START--
INFO: Run Behavior\BuildLiteBehavior [ RunTime:0.000000s ]
INFO: [ app_init ] --END-- [ RunTime:0.000976s ]
ERR: 无法加载模块:Vod-play-id-144-src-1-num-1.html

[ 2017-12-12T18:27:36+08:00 ] 180.153.236.59 /index.php?s=gb-show-id-1000.html
INFO: [ app_init ] --START--
INFO: Run Behavior\BuildLiteBehavior [ RunTime:0.000000s ]
INFO: [ app_init ] --END-- [ RunTime:0.000000s ]
ERR: 无法加载模块:Gb-show-id-1000

[ 2017-12-12T18:27:36+08:00 ] 42.236.10.72 /index.php?s=gb-show-id-1487.html
INFO: [ app_init ] --START--
INFO: Run Behavior\BuildLiteBehavior [ RunTime:0.000000s ]
INFO: [ app_init ] --END-- [ RunTime:0.000000s ]
ERR: 无法加载模块:Gb-show-id-1487

[ 2017-12-12T18:27:36+08:00 ] 42.236.10.74 /index.php?s=vod-play-id-1252-sid-0-pid-1.html
INFO: [ app_init ] --START--
INFO: Run Behavior\BuildLiteBehavior [ RunTime:0.000000s ]
INFO: [ app_init ] --END-- [ RunTime:0.000000s ]
ERR: 无法加载模块:Vod-play-id-1252-sid-0-pid-1

[ 2017-12-12T18:27:36+08:00 ] 42.236.10.80 /index.php?s=vod-play-id-696-sid-0-pid-1.html
INFO: [ app_init ] --START--
INFO: Run Behavior\BuildLiteBehavior [ RunTime:0.000000s ]
INFO: [ app_init ] --END-- [ RunTime:0.000000s ]
ERR: 无法加载模块:Vod-play-id-696-sid-0-pid-1

[ 2017-12-12T18:27:36+08:00 ] 180.153.236.165 /index.php?m=vod-play-id-2169-src-1-num-1.html
INFO: [ app_init ] --START--
INFO: Run Behavior\BuildLiteBehavior [ RunTime:0.000000s ]
INFO: [ app_init ] --END-- [ RunTime:0.000000s ]
ERR: 无法加载模块:Vod-play-id-2169-src-1-num-1.html

[ 2017-12-12T18:27:36+08:00 ] 180.153.232.170 /index.php?s=gb-show-id-951.html
INFO: [ app_init ] --START--
INFO: Run Behavior\BuildLiteBehavior [ RunTime:0.000000s ]
INFO: [ app_init ] --END-- [ RunTime:0.000000s ]
ERR: 无法加载模块:Gb-show-id-951

[ 2017-12-12T18:27:36+08:00 ] 180.153.236.157 /index.php?m=vod-list-id-2-pg-1-order--by--class-0-year-0-letter-C-area-%E5%8A%A0%E6%8B%BF%E5%A4%A7-lang-.html
INFO: [ app_init ] --START--
INFO: Run Behavior\BuildLiteBehavior [ RunTime:0.000000s ]
INFO: [ app_init ] --END-- [ RunTime:0.000000s ]
ERR: 无法加载模块:Vod-list-id-2-pg-1-order--by--class-0-year-0-letter-C-area-加拿大-lang-.html

[ 2017-12-12T18:27:36+08:00 ] 42.236.10.113 /index.php?m=vod-list-id-2-pg-1-order--by--class-0-year-0-letter-C-area-%E5%A4%A7%E9%99%86-lang-.html
INFO: [ app_init ] --START--
INFO: Run Behavior\BuildLiteBehavior [ RunTime:0.000000s ]
INFO: [ app_init ] --END-- [ RunTime:0.000977s ]
ERR: 无法加载模块:Vod-list-id-2-pg-1-order--by--class-0-year-0-letter-C-area-大陆-lang-.html

[ 2017-12-12T18:27:36+08:00 ] 180.153.236.165 /index.php?m=vod-list-id-4-pg-1-order--by--class-0-year-2009-letter-U-area-%E6%B3%95%E5%9B%BD-lang-.html
INFO: [ app_init ] --START--
INFO: Run Behavior\BuildLiteBehavior [ RunTime:0.000000s ]
INFO: [ app_init ] --END-- [ RunTime:0.000000s ]
ERR: 无法加载模块:Vod-list-id-4-pg-1-order--by--class-0-year-2009-letter-U-area-法国-lang-.html

[ 2017-12-12T18:27:36+08:00 ] 42.236.10.108 /index.php?s=gb-show-id-296.html
INFO: [ app_init ] --START--
INFO: Run Behavior\BuildLiteBehavior [ RunTime:0.000000s ]
INFO: [ app_init ] --END-- [ RunTime:0.000000s ]
ERR: 无法加载模块:Gb-show-id-296

[ 2017-12-12T18:27:36+08:00 ] 42.236.10.76 /index.php?m=vod-search-pg-235-starring-yuanyuan-classid-45.html
INFO: [ app_init ] --START--
INFO: Run Behavior\BuildLiteBehavior [ RunTime:0.000000s ]
INFO: [ app_init ] --END-- [ RunTime:0.000000s ]
ERR: 无法加载模块:Vod-search-pg-235-starring-yuanyuan-classid-45.html

[ 2017-12-12T18:27:37+08:00 ] 180.153.236.173 /index.php?s=gb-show-p-1376.html
INFO: [ app_init ] --START--
INFO: Run Behavior\BuildLiteBehavior [ RunTime:0.000000s ]
INFO: [ app_init ] --END-- [ RunTime:0.000000s ]
ERR: 无法加载模块:Gb-show-p-1376

[ 2017-12-12T18:27:37+08:00 ] 42.236.10.72 /index.php?m=vod-play-id-256-src-1-num-1.html
INFO: [ app_init ] --START--
INFO: Run Behavior\BuildLiteBehavior [ RunTime:0.000000s ]
INFO: [ app_init ] --END-- [ RunTime:0.000977s ]
ERR: 无法加载模块:Vod-play-id-256-src-1-num-1.html

[ 2017-12-12T18:27:37+08:00 ] 180.153.236.157 /index.php?s=vod-play-id-2035-sid-0-pid-1.html
INFO: [ app_init ] --START--
INFO: Run Behavior\BuildLiteBehavior [ RunTime:0.000000s ]
INFO: [ app_init ] --END-- [ RunTime:0.000977s ]
ERR: 无法加载模块:Vod-play-id-2035-sid-0-pid-1

[ 2017-12-12T18:27:37+08:00 ] 42.236.10.84 /index.php?s=gb-show-p-119.html
INFO: [ app_init ] --START--
INFO: Run Behavior\BuildLiteBehavior [ RunTime:0.000000s ]
INFO: [ app_init ] --END-- [ RunTime:0.000000s ]
ERR: 无法加载模块:Gb-show-p-119

[ 2017-12-12T18:27:37+08:00 ] 42.236.49.244 /index.php?m=vod-play-id-1-src-1-num-1.html
INFO: [ app_init ] --START--
INFO: Run Behavior\BuildLiteBehavior [ RunTime:0.000000s ]
INFO: [ app_init ] --END-- [ RunTime:0.000000s ]
ERR: 无法加载模块:Vod-play-id-1-src-1-num-1.html

[ 2017-12-12T18:27:37+08:00 ] 42.236.10.114 /index.php?s=vod-play-id-2065-sid-0-pid-1.html
INFO: [ app_init ] --START--
INFO: Run Behavior\BuildLiteBehavior [ RunTime:0.000000s ]
INFO: [ app_init ] --END-- [ RunTime:0.000976s ]
ERR: 无法加载模块:Vod-play-id-2065-sid-0-pid-1

[ 2017-12-12T23:05:03+08:00 ] 140.205.225.200 /index.php?m=member&c=index&a=register&siteid=1
INFO: [ app_init ] --START--
INFO: Run Behavior\BuildLiteBehavior [ RunTime:0.000000s ]
INFO: [ app_init ] --END-- [ RunTime:0.000977s ]
ERR: 无法加载模块:Member

[ 2017-12-12T23:05:04+08:00 ] 140.205.225.200 /index.php?m=wap&a=index&siteid=1
INFO: [ app_init ] --START--
INFO: Run Behavior\BuildLiteBehavior [ RunTime:0.000000s ]
INFO: [ app_init ] --END-- [ RunTime:0.000000s ]
ERR: 无法加载模块:Wap

