[ 2017-11-11T02:20:33+08:00 ] 42.236.39.179 /index.php?s=gb-show-p-767.html
INFO: [ app_init ] --START--
INFO: Run Behavior\BuildLiteBehavior [ RunTime:0.000000s ]
INFO: [ app_init ] --END-- [ RunTime:0.000000s ]
ERR: 无法加载模块:Gb-show-p-767

[ 2017-11-11T02:20:33+08:00 ] 42.236.99.23 /index.php?s=gb-show-id-467.html
INFO: [ app_init ] --START--
INFO: Run Behavior\BuildLiteBehavior [ RunTime:0.000000s ]
INFO: [ app_init ] --END-- [ RunTime:0.000000s ]
ERR: 无法加载模块:Gb-show-id-467

[ 2017-11-11T02:20:33+08:00 ] 42.236.39.179 /index.php?m=vod-list-id-2-pg-1-order--by--class--year--letter--area-%E5%A4%A7%E9%99%86-lang-.html
INFO: [ app_init ] --START--
INFO: Run Behavior\BuildLiteBehavior [ RunTime:0.000000s ]
INFO: [ app_init ] --END-- [ RunTime:0.000000s ]
ERR: 无法加载模块:Vod-list-id-2-pg-1-order--by--class--year--letter--area-大陆-lang-.html

[ 2017-11-11T02:20:33+08:00 ] 42.236.46.85 /index.php?m=vod-list-id-2-pg-1-order--by--class-0-year-0-letter-A-area--lang-.html
INFO: [ app_init ] --START--
INFO: Run Behavior\BuildLiteBehavior [ RunTime:0.000000s ]
INFO: [ app_init ] --END-- [ RunTime:0.000000s ]
ERR: 无法加载模块:Vod-list-id-2-pg-1-order--by--class-0-year-0-letter-A-area--lang-.html

[ 2017-11-11T02:20:33+08:00 ] 42.236.99.206 /index.php?s=gb-show-id-678.html
INFO: [ app_init ] --START--
INFO: Run Behavior\BuildLiteBehavior [ RunTime:0.000000s ]
INFO: [ app_init ] --END-- [ RunTime:0.000000s ]
ERR: 无法加载模块:Gb-show-id-678

[ 2017-11-11T02:20:33+08:00 ] 42.236.12.150 /index.php?s=vod-play-id-1643-sid-0-pid-1.html
INFO: [ app_init ] --START--
INFO: Run Behavior\BuildLiteBehavior [ RunTime:0.000000s ]
INFO: [ app_init ] --END-- [ RunTime:0.000976s ]
ERR: 无法加载模块:Vod-play-id-1643-sid-0-pid-1

[ 2017-11-11T02:20:34+08:00 ] 42.236.99.206 /index.php?s=vod-play-id-556-sid-0-pid-1.html
INFO: [ app_init ] --START--
INFO: Run Behavior\BuildLiteBehavior [ RunTime:0.000000s ]
INFO: [ app_init ] --END-- [ RunTime:0.000977s ]
ERR: 无法加载模块:Vod-play-id-556-sid-0-pid-1

[ 2017-11-11T02:20:34+08:00 ] 42.236.12.150 /index.php?s=vod-play-id-1211-sid-0-pid-1.html
INFO: [ app_init ] --START--
INFO: Run Behavior\BuildLiteBehavior [ RunTime:0.000000s ]
INFO: [ app_init ] --END-- [ RunTime:0.000977s ]
ERR: 无法加载模块:Vod-play-id-1211-sid-0-pid-1

[ 2017-11-11T02:20:34+08:00 ] 180.153.236.181 /index.php?m=vod-list-id-2-pg-1-order--by--class-0-year-0-letter--area-%E8%8B%B1%E5%9B%BD-lang-.html
INFO: [ app_init ] --START--
INFO: Run Behavior\BuildLiteBehavior [ RunTime:0.000000s ]
INFO: [ app_init ] --END-- [ RunTime:0.000977s ]
ERR: 无法加载模块:Vod-list-id-2-pg-1-order--by--class-0-year-0-letter--area-英国-lang-.html

[ 2017-11-11T07:27:01+08:00 ] 42.236.102.23 /index.php?s=gb-show-id-1688.html
INFO: [ app_init ] --START--
INFO: Run Behavior\BuildLiteBehavior [ RunTime:0.000000s ]
INFO: [ app_init ] --END-- [ RunTime:0.000000s ]
ERR: 无法加载模块:Gb-show-id-1688

[ 2017-11-11T07:27:01+08:00 ] 42.236.49.248 /index.php?m=vod-list-id-2-pg-1-order--by--class-0-year-0-letter--area--lang-.html
INFO: [ app_init ] --START--
INFO: Run Behavior\BuildLiteBehavior [ RunTime:0.000000s ]
INFO: [ app_init ] --END-- [ RunTime:0.000976s ]
ERR: 无法加载模块:Vod-list-id-2-pg-1-order--by--class-0-year-0-letter--area--lang-.html

[ 2017-11-11T07:27:01+08:00 ] 42.236.48.39 /index.php?m=vod-search-pg-235-starring-yuanyuan-classid-28.html
INFO: [ app_init ] --START--
INFO: Run Behavior\BuildLiteBehavior [ RunTime:0.000000s ]
INFO: [ app_init ] --END-- [ RunTime:0.000976s ]
ERR: 无法加载模块:Vod-search-pg-235-starring-yuanyuan-classid-28.html

[ 2017-11-11T07:27:02+08:00 ] 180.153.236.125 /index.php?s=gb-show-id-780.html
INFO: [ app_init ] --START--
INFO: Run Behavior\BuildLiteBehavior [ RunTime:0.000000s ]
INFO: [ app_init ] --END-- [ RunTime:0.000976s ]
ERR: 无法加载模块:Gb-show-id-780

[ 2017-11-11T07:27:02+08:00 ] 42.236.48.117 /index.php?m=vod-list-id-4-pg-1-order--by--class-0-year-2009-letter-F-area--lang-.html
INFO: [ app_init ] --START--
INFO: Run Behavior\BuildLiteBehavior [ RunTime:0.000000s ]
INFO: [ app_init ] --END-- [ RunTime:0.000000s ]
ERR: 无法加载模块:Vod-list-id-4-pg-1-order--by--class-0-year-2009-letter-F-area--lang-.html

[ 2017-11-11T15:19:15+08:00 ] 180.153.236.149 /index.php?s=gb-show-id-1660.html
INFO: [ app_init ] --START--
INFO: Run Behavior\BuildLiteBehavior [ RunTime:0.000000s ]
INFO: [ app_init ] --END-- [ RunTime:0.000976s ]
ERR: 无法加载模块:Gb-show-id-1660

[ 2017-11-11T15:19:16+08:00 ] 180.153.236.67 /index.php?m=vod-list-id-4-pg-1-order--by--class-0-year-2009-letter-E-area--lang-.html
INFO: [ app_init ] --START--
INFO: Run Behavior\BuildLiteBehavior [ RunTime:0.000000s ]
INFO: [ app_init ] --END-- [ RunTime:0.000976s ]
ERR: 无法加载模块:Vod-list-id-4-pg-1-order--by--class-0-year-2009-letter-E-area--lang-.html

[ 2017-11-11T15:19:16+08:00 ] 180.153.236.149 /index.php?s=gb-show-id-69.html
INFO: [ app_init ] --START--
INFO: Run Behavior\BuildLiteBehavior [ RunTime:0.000000s ]
INFO: [ app_init ] --END-- [ RunTime:0.000976s ]
ERR: 无法加载模块:Gb-show-id-69

