[ 2017-12-25T12:44:00+08:00 ] 180.153.236.165 /index.php?s=gb-show-id-32.html
INFO: [ app_init ] --START--
INFO: Run Behavior\BuildLiteBehavior [ RunTime:0.000000s ]
INFO: [ app_init ] --END-- [ RunTime:0.000976s ]
ERR: 无法加载模块:Gb-show-id-32

[ 2017-12-25T12:44:01+08:00 ] 42.236.10.74 /index.php?m=vod-list-id-2-pg-1-order--by--class-0-year-0-letter-C-area--lang-.html
INFO: [ app_init ] --START--
INFO: Run Behavior\BuildLiteBehavior [ RunTime:0.000000s ]
INFO: [ app_init ] --END-- [ RunTime:0.000000s ]
ERR: 无法加载模块:Vod-list-id-2-pg-1-order--by--class-0-year-0-letter-C-area--lang-.html

[ 2017-12-25T12:44:01+08:00 ] 42.236.10.102 /index.php?s=vod-play-id-742-sid-0-pid-1.html
INFO: [ app_init ] --START--
INFO: Run Behavior\BuildLiteBehavior [ RunTime:0.000000s ]
INFO: [ app_init ] --END-- [ RunTime:0.000000s ]
ERR: 无法加载模块:Vod-play-id-742-sid-0-pid-1

[ 2017-12-25T12:44:02+08:00 ] 42.236.102.217 /index.php?s=vod-play-id-251-sid-0-pid-1.html
INFO: [ app_init ] --START--
INFO: Run Behavior\BuildLiteBehavior [ RunTime:0.000000s ]
INFO: [ app_init ] --END-- [ RunTime:0.000000s ]
ERR: 无法加载模块:Vod-play-id-251-sid-0-pid-1

[ 2017-12-25T12:44:02+08:00 ] 42.236.102.173 /index.php?s=gb-show-p-1498.html
INFO: [ app_init ] --START--
INFO: Run Behavior\BuildLiteBehavior [ RunTime:0.000000s ]
INFO: [ app_init ] --END-- [ RunTime:0.000000s ]
ERR: 无法加载模块:Gb-show-p-1498

[ 2017-12-25T12:44:03+08:00 ] 42.236.49.20 /index.php?m=vod-play-id-2196-src-1-num-1.html
INFO: [ app_init ] --START--
INFO: Run Behavior\BuildLiteBehavior [ RunTime:0.000000s ]
INFO: [ app_init ] --END-- [ RunTime:0.000977s ]
ERR: 无法加载模块:Vod-play-id-2196-src-1-num-1.html

[ 2017-12-25T12:44:03+08:00 ] 42.236.10.84 /index.php?s=vod-play-id-226-sid-0-pid-1.html
INFO: [ app_init ] --START--
INFO: Run Behavior\BuildLiteBehavior [ RunTime:0.000000s ]
INFO: [ app_init ] --END-- [ RunTime:0.000000s ]
ERR: 无法加载模块:Vod-play-id-226-sid-0-pid-1

[ 2017-12-25T12:44:04+08:00 ] 180.153.236.157 /index.php?s=gb-show-p-1674.html
INFO: [ app_init ] --START--
INFO: Run Behavior\BuildLiteBehavior [ RunTime:0.000000s ]
INFO: [ app_init ] --END-- [ RunTime:0.000000s ]
ERR: 无法加载模块:Gb-show-p-1674

[ 2017-12-25T12:44:04+08:00 ] 42.236.39.157 /index.php?m=vod-play-id-1539-src-1-num-1.html
INFO: [ app_init ] --START--
INFO: Run Behavior\BuildLiteBehavior [ RunTime:0.000000s ]
INFO: [ app_init ] --END-- [ RunTime:0.000977s ]
ERR: 无法加载模块:Vod-play-id-1539-src-1-num-1.html

[ 2017-12-25T12:44:04+08:00 ] 42.236.50.180 /index.php?m=vod-list-id-4-pg-1-order--by--class-0-year-2010-letter--area-%E8%A5%BF%E7%8F%AD%E7%89%99-lang-.html
INFO: [ app_init ] --START--
INFO: Run Behavior\BuildLiteBehavior [ RunTime:0.000000s ]
INFO: [ app_init ] --END-- [ RunTime:0.000000s ]
ERR: 无法加载模块:Vod-list-id-4-pg-1-order--by--class-0-year-2010-letter--area-西班牙-lang-.html

[ 2017-12-25T12:44:05+08:00 ] 42.236.10.85 /index.php?m=vod-play-id-1060-src-1-num-1.html
INFO: [ app_init ] --START--
INFO: Run Behavior\BuildLiteBehavior [ RunTime:0.000000s ]
INFO: [ app_init ] --END-- [ RunTime:0.000000s ]
ERR: 无法加载模块:Vod-play-id-1060-src-1-num-1.html

[ 2017-12-25T23:42:09+08:00 ] 42.236.49.38 /index.php?s=vod-play-id-252-sid-0-pid-1.html
INFO: [ app_init ] --START--
INFO: Run Behavior\BuildLiteBehavior [ RunTime:0.000000s ]
INFO: [ app_init ] --END-- [ RunTime:0.000977s ]
ERR: 无法加载模块:Vod-play-id-252-sid-0-pid-1

[ 2017-12-25T23:42:09+08:00 ] 42.236.10.74 /index.php?s=gb-show-p-2045.html
INFO: [ app_init ] --START--
INFO: Run Behavior\BuildLiteBehavior [ RunTime:0.000000s ]
INFO: [ app_init ] --END-- [ RunTime:0.000976s ]
ERR: 无法加载模块:Gb-show-p-2045

[ 2017-12-25T23:42:09+08:00 ] 42.236.10.71 /index.php?m=vod-play-id-1646-src-1-num-1.html
INFO: [ app_init ] --START--
INFO: Run Behavior\BuildLiteBehavior [ RunTime:0.000000s ]
INFO: [ app_init ] --END-- [ RunTime:0.000000s ]
ERR: 无法加载模块:Vod-play-id-1646-src-1-num-1.html

[ 2017-12-25T23:42:10+08:00 ] 180.153.236.157 /index.php?s=vod-play-id-24-sid-0-pid-1.html
INFO: [ app_init ] --START--
INFO: Run Behavior\BuildLiteBehavior [ RunTime:0.000000s ]
INFO: [ app_init ] --END-- [ RunTime:0.000976s ]
ERR: 无法加载模块:Vod-play-id-24-sid-0-pid-1

[ 2017-12-25T23:42:10+08:00 ] 42.236.102.219 /index.php?m=vod-list-id-2-pg-1-order--by--class-0-year-0-letter-C-area-%E9%A6%99%E6%B8%AF-lang-.html
INFO: [ app_init ] --START--
INFO: Run Behavior\BuildLiteBehavior [ RunTime:0.000000s ]
INFO: [ app_init ] --END-- [ RunTime:0.000000s ]
ERR: 无法加载模块:Vod-list-id-2-pg-1-order--by--class-0-year-0-letter-C-area-香港-lang-.html

[ 2017-12-25T23:42:10+08:00 ] 42.236.10.113 /index.php?m=vod-play-id-435-src-1-num-1.html
INFO: [ app_init ] --START--
INFO: Run Behavior\BuildLiteBehavior [ RunTime:0.000000s ]
INFO: [ app_init ] --END-- [ RunTime:0.000000s ]
ERR: 无法加载模块:Vod-play-id-435-src-1-num-1.html

[ 2017-12-25T23:42:10+08:00 ] 42.236.10.102 /index.php?s=vod-play-id-1301-sid-0-pid-1.html
INFO: [ app_init ] --START--
INFO: Run Behavior\BuildLiteBehavior [ RunTime:0.000000s ]
INFO: [ app_init ] --END-- [ RunTime:0.000977s ]
ERR: 无法加载模块:Vod-play-id-1301-sid-0-pid-1

[ 2017-12-25T23:42:10+08:00 ] 42.236.10.105 /index.php?s=gb-show-id-1846.html
INFO: [ app_init ] --START--
INFO: Run Behavior\BuildLiteBehavior [ RunTime:0.000000s ]
INFO: [ app_init ] --END-- [ RunTime:0.000000s ]
ERR: 无法加载模块:Gb-show-id-1846

[ 2017-12-25T23:42:10+08:00 ] 42.236.102.213 /index.php?s=gb-show-id-326.html
INFO: [ app_init ] --START--
INFO: Run Behavior\BuildLiteBehavior [ RunTime:0.000000s ]
INFO: [ app_init ] --END-- [ RunTime:0.000000s ]
ERR: 无法加载模块:Gb-show-id-326

[ 2017-12-25T23:42:10+08:00 ] 42.236.39.139 /index.php?s=gb-show-p-1682.html
INFO: [ app_init ] --START--
INFO: Run Behavior\BuildLiteBehavior [ RunTime:0.000000s ]
INFO: [ app_init ] --END-- [ RunTime:0.000000s ]
ERR: 无法加载模块:Gb-show-p-1682

[ 2017-12-25T23:42:10+08:00 ] 42.236.48.180 /index.php?m=vod-list-id-4-pg-1-order--by--class-0-year-2010-letter--area--lang-.html
INFO: [ app_init ] --START--
INFO: Run Behavior\BuildLiteBehavior [ RunTime:0.000000s ]
INFO: [ app_init ] --END-- [ RunTime:0.000977s ]
ERR: 无法加载模块:Vod-list-id-4-pg-1-order--by--class-0-year-2010-letter--area--lang-.html

[ 2017-12-25T23:42:10+08:00 ] 42.236.49.146 /index.php?m=vod-search-pg-235-starring-yuanyuan-classid-55.html
INFO: [ app_init ] --START--
INFO: Run Behavior\BuildLiteBehavior [ RunTime:0.000000s ]
INFO: [ app_init ] --END-- [ RunTime:0.000976s ]
ERR: 无法加载模块:Vod-search-pg-235-starring-yuanyuan-classid-55.html

