[ 2018-01-06T21:53:40+08:00 ] 42.236.50.82 /index.php?s=gb-show-id-438.html
INFO: [ app_init ] --START--
INFO: Run Behavior\BuildLiteBehavior [ RunTime:0.000000s ]
INFO: [ app_init ] --END-- [ RunTime:0.000976s ]
ERR: 无法加载模块:Gb-show-id-438

[ 2018-01-06T21:53:40+08:00 ] 42.236.10.72 /index.php?m=vod-play-id-1115-src-1-num-1.html
INFO: [ app_init ] --START--
INFO: Run Behavior\BuildLiteBehavior [ RunTime:0.000000s ]
INFO: [ app_init ] --END-- [ RunTime:0.000000s ]
ERR: 无法加载模块:Vod-play-id-1115-src-1-num-1.html

[ 2018-01-06T21:53:40+08:00 ] 42.236.39.140 /index.php?s=gb-show-id-319.html
INFO: [ app_init ] --START--
INFO: Run Behavior\BuildLiteBehavior [ RunTime:0.000000s ]
INFO: [ app_init ] --END-- [ RunTime:0.000000s ]
ERR: 无法加载模块:Gb-show-id-319

[ 2018-01-06T21:53:40+08:00 ] 42.236.48.39 /index.php?m=vod-search-pg-235-starring-yuanyuan-letter-D.html
INFO: [ app_init ] --START--
INFO: Run Behavior\BuildLiteBehavior [ RunTime:0.000000s ]
INFO: [ app_init ] --END-- [ RunTime:0.000000s ]
ERR: 无法加载模块:Vod-search-pg-235-starring-yuanyuan-letter-D.html

[ 2018-01-06T21:53:40+08:00 ] 180.153.236.149 /index.php?m=vod-play-id-737-src-1-num-1.html
INFO: [ app_init ] --START--
INFO: Run Behavior\BuildLiteBehavior [ RunTime:0.000000s ]
INFO: [ app_init ] --END-- [ RunTime:0.000000s ]
ERR: 无法加载模块:Vod-play-id-737-src-1-num-1.html

[ 2018-01-06T21:53:40+08:00 ] 42.236.10.104 /index.php?m=vod-play-id-2312-src-1-num-1.html
INFO: [ app_init ] --START--
INFO: Run Behavior\BuildLiteBehavior [ RunTime:0.000000s ]
INFO: [ app_init ] --END-- [ RunTime:0.000000s ]
ERR: 无法加载模块:Vod-play-id-2312-src-1-num-1.html

[ 2018-01-06T21:53:41+08:00 ] 42.236.10.79 /index.php?m=vod-list-id-4-pg-1-order--by--class-0-year-2010-letter-X-area--lang-.html
INFO: [ app_init ] --START--
INFO: Run Behavior\BuildLiteBehavior [ RunTime:0.000000s ]
INFO: [ app_init ] --END-- [ RunTime:0.000977s ]
ERR: 无法加载模块:Vod-list-id-4-pg-1-order--by--class-0-year-2010-letter-X-area--lang-.html

[ 2018-01-06T21:53:41+08:00 ] 42.236.39.140 /index.php?m=vod-list-id-3-pg-1-order--by--class-49-year--letter--area--lang-.html
INFO: [ app_init ] --START--
INFO: Run Behavior\BuildLiteBehavior [ RunTime:0.000000s ]
INFO: [ app_init ] --END-- [ RunTime:0.000976s ]
ERR: 无法加载模块:Vod-list-id-3-pg-1-order--by--class-49-year--letter--area--lang-.html

[ 2018-01-06T21:53:41+08:00 ] 42.236.39.140 /index.php?m=vod-list-id-2-pg-1-order--by--class-0-year-0-letter-E-area-%E4%BF%84%E7%BD%97%E6%96%AF-lang-.html
INFO: [ app_init ] --START--
INFO: Run Behavior\BuildLiteBehavior [ RunTime:0.000000s ]
INFO: [ app_init ] --END-- [ RunTime:0.000977s ]
ERR: 无法加载模块:Vod-list-id-2-pg-1-order--by--class-0-year-0-letter-E-area-俄罗斯-lang-.html

[ 2018-01-06T21:53:41+08:00 ] 42.236.10.79 /index.php?m=vod-play-id-1745-src-1-num-1.html
INFO: [ app_init ] --START--
INFO: Run Behavior\BuildLiteBehavior [ RunTime:0.000000s ]
INFO: [ app_init ] --END-- [ RunTime:0.000976s ]
ERR: 无法加载模块:Vod-play-id-1745-src-1-num-1.html

[ 2018-01-06T21:53:41+08:00 ] 42.236.10.102 /index.php?s=vod-play-id-333-sid-0-pid-1.html
INFO: [ app_init ] --START--
INFO: Run Behavior\BuildLiteBehavior [ RunTime:0.000000s ]
INFO: [ app_init ] --END-- [ RunTime:0.000000s ]
ERR: 无法加载模块:Vod-play-id-333-sid-0-pid-1

[ 2018-01-06T21:53:41+08:00 ] 42.236.10.115 /index.php?s=vod-play-id-1431-sid-0-pid-1.html
INFO: [ app_init ] --START--
INFO: Run Behavior\BuildLiteBehavior [ RunTime:0.000000s ]
INFO: [ app_init ] --END-- [ RunTime:0.000976s ]
ERR: 无法加载模块:Vod-play-id-1431-sid-0-pid-1

[ 2018-01-06T21:53:41+08:00 ] 180.153.236.59 /index.php?s=vod-play-id-96-sid-0-pid-1.html
INFO: [ app_init ] --START--
INFO: Run Behavior\BuildLiteBehavior [ RunTime:0.000000s ]
INFO: [ app_init ] --END-- [ RunTime:0.000976s ]
ERR: 无法加载模块:Vod-play-id-96-sid-0-pid-1

[ 2018-01-06T21:53:41+08:00 ] 42.236.10.77 /index.php?s=gb-show-id-1217.html
INFO: [ app_init ] --START--
INFO: Run Behavior\BuildLiteBehavior [ RunTime:0.000000s ]
INFO: [ app_init ] --END-- [ RunTime:0.000977s ]
ERR: 无法加载模块:Gb-show-id-1217

