[ 2018-01-22T10:44:39+08:00 ] 42.236.10.74 /index.php?s=gb-show-id-477.html
INFO: [ app_init ] --START--
INFO: Run Behavior\BuildLiteBehavior [ RunTime:0.000000s ]
INFO: [ app_init ] --END-- [ RunTime:0.000000s ]
ERR: 无法加载模块:Gb-show-id-477

[ 2018-01-22T10:44:39+08:00 ] 42.236.104.26 /index.php?s=vod-play-id-562-sid-0-pid-1.html
INFO: [ app_init ] --START--
INFO: Run Behavior\BuildLiteBehavior [ RunTime:0.000000s ]
INFO: [ app_init ] --END-- [ RunTime:0.000976s ]
ERR: 无法加载模块:Vod-play-id-562-sid-0-pid-1

[ 2018-01-22T10:44:40+08:00 ] 42.236.10.83 /index.php?s=vod-play-id-391-sid-0-pid-1.html
INFO: [ app_init ] --START--
INFO: Run Behavior\BuildLiteBehavior [ RunTime:0.000000s ]
INFO: [ app_init ] --END-- [ RunTime:0.000000s ]
ERR: 无法加载模块:Vod-play-id-391-sid-0-pid-1

[ 2018-01-22T10:44:40+08:00 ] 180.153.234.145 /index.php?s=vod-play-id-122-sid-0-pid-1.html
INFO: [ app_init ] --START--
INFO: Run Behavior\BuildLiteBehavior [ RunTime:0.000000s ]
INFO: [ app_init ] --END-- [ RunTime:0.000000s ]
ERR: 无法加载模块:Vod-play-id-122-sid-0-pid-1

[ 2018-01-22T10:44:40+08:00 ] 42.236.102.185 /index.php?m=vod-list-id-4-pg-1-order--by--class-0-year-2011-letter-O-area--lang-.html
INFO: [ app_init ] --START--
INFO: Run Behavior\BuildLiteBehavior [ RunTime:0.000000s ]
INFO: [ app_init ] --END-- [ RunTime:0.000000s ]
ERR: 无法加载模块:Vod-list-id-4-pg-1-order--by--class-0-year-2011-letter-O-area--lang-.html

[ 2018-01-22T10:44:40+08:00 ] 180.153.236.67 /index.php?m=vod-list-id-2-pg-1-order--by--class-0-year-0-letter-E-area-%E9%9F%A9%E5%9B%BD-lang-.html
INFO: [ app_init ] --START--
INFO: Run Behavior\BuildLiteBehavior [ RunTime:0.000000s ]
INFO: [ app_init ] --END-- [ RunTime:0.000000s ]
ERR: 无法加载模块:Vod-list-id-2-pg-1-order--by--class-0-year-0-letter-E-area-韩国-lang-.html

[ 2018-01-22T10:44:40+08:00 ] 42.236.49.99 /index.php?s=vod-play-id-1682-sid-0-pid-1.html
INFO: [ app_init ] --START--
INFO: Run Behavior\BuildLiteBehavior [ RunTime:0.000000s ]
INFO: [ app_init ] --END-- [ RunTime:0.000976s ]
ERR: 无法加载模块:Vod-play-id-1682-sid-0-pid-1

[ 2018-01-22T10:44:41+08:00 ] 180.153.236.133 /index.php?m=vod-list-id-4-pg-1-order--by--class--year-2002-letter--area--lang-.html
INFO: [ app_init ] --START--
INFO: Run Behavior\BuildLiteBehavior [ RunTime:0.000000s ]
INFO: [ app_init ] --END-- [ RunTime:0.000976s ]
ERR: 无法加载模块:Vod-list-id-4-pg-1-order--by--class--year-2002-letter--area--lang-.html

[ 2018-01-22T10:44:41+08:00 ] 180.153.236.157 /index.php?s=gb-show-p-1241.html
INFO: [ app_init ] --START--
INFO: Run Behavior\BuildLiteBehavior [ RunTime:0.000000s ]
INFO: [ app_init ] --END-- [ RunTime:0.000977s ]
ERR: 无法加载模块:Gb-show-p-1241

[ 2018-01-22T10:44:41+08:00 ] 42.236.102.138 /index.php?s=gb-show-id-1250.html
INFO: [ app_init ] --START--
INFO: Run Behavior\BuildLiteBehavior [ RunTime:0.000000s ]
INFO: [ app_init ] --END-- [ RunTime:0.000000s ]
ERR: 无法加载模块:Gb-show-id-1250

[ 2018-01-22T10:44:42+08:00 ] 42.236.48.97 /index.php?s=gb-show-id-630.html
INFO: [ app_init ] --START--
INFO: Run Behavior\BuildLiteBehavior [ RunTime:0.000000s ]
INFO: [ app_init ] --END-- [ RunTime:0.000977s ]
ERR: 无法加载模块:Gb-show-id-630

[ 2018-01-22T10:44:43+08:00 ] 42.236.49.92 /index.php?m=vod-play-id-2345-src-1-num-1.html
INFO: [ app_init ] --START--
INFO: Run Behavior\BuildLiteBehavior [ RunTime:0.000000s ]
INFO: [ app_init ] --END-- [ RunTime:0.000000s ]
ERR: 无法加载模块:Vod-play-id-2345-src-1-num-1.html

[ 2018-01-22T10:44:43+08:00 ] 180.153.236.117 /index.php?m=vod-play-id-1159-src-1-num-1.html
INFO: [ app_init ] --START--
INFO: Run Behavior\BuildLiteBehavior [ RunTime:0.000000s ]
INFO: [ app_init ] --END-- [ RunTime:0.000976s ]
ERR: 无法加载模块:Vod-play-id-1159-src-1-num-1.html

[ 2018-01-22T10:44:43+08:00 ] 42.236.39.153 /index.php?m=vod-play-id-895-src-1-num-1.html
INFO: [ app_init ] --START--
INFO: Run Behavior\BuildLiteBehavior [ RunTime:0.000000s ]
INFO: [ app_init ] --END-- [ RunTime:0.000977s ]
ERR: 无法加载模块:Vod-play-id-895-src-1-num-1.html

[ 2018-01-22T10:44:43+08:00 ] 42.236.50.11 /index.php?m=vod-search-pg-235-starring-yuanyuan-letter-K.html
INFO: [ app_init ] --START--
INFO: Run Behavior\BuildLiteBehavior [ RunTime:0.000977s ]
INFO: [ app_init ] --END-- [ RunTime:0.000977s ]
ERR: 无法加载模块:Vod-search-pg-235-starring-yuanyuan-letter-K.html

[ 2018-01-22T10:44:43+08:00 ] 42.236.39.174 /index.php?s=gb-show-id-406.html
INFO: [ app_init ] --START--
INFO: Run Behavior\BuildLiteBehavior [ RunTime:0.000000s ]
INFO: [ app_init ] --END-- [ RunTime:0.000000s ]
ERR: 无法加载模块:Gb-show-id-406

[ 2018-01-22T10:44:43+08:00 ] 42.236.10.102 /index.php?s=gb-show-p-952.html
INFO: [ app_init ] --START--
INFO: Run Behavior\BuildLiteBehavior [ RunTime:0.000000s ]
INFO: [ app_init ] --END-- [ RunTime:0.000000s ]
ERR: 无法加载模块:Gb-show-p-952

[ 2018-01-22T10:44:43+08:00 ] 180.153.236.133 /index.php?m=vod-play-id-1825-src-1-num-1.html
INFO: [ app_init ] --START--
INFO: Run Behavior\BuildLiteBehavior [ RunTime:0.000000s ]
INFO: [ app_init ] --END-- [ RunTime:0.000976s ]
ERR: 无法加载模块:Vod-play-id-1825-src-1-num-1.html

