[ 2018-02-17T16:39:14+08:00 ] 42.236.10.115 /index.php?m=vod-search-pg-235-year-2007-starring-yuanyuan.html
INFO: [ app_init ] --START--
INFO: Run Behavior\BuildLiteBehavior [ RunTime:0.000000s ]
INFO: [ app_init ] --END-- [ RunTime:0.000000s ]
ERR: 无法加载模块:Vod-search-pg-235-year-2007-starring-yuanyuan.html

[ 2018-02-17T16:39:14+08:00 ] 42.236.50.47 /index.php?m=vod-play-id-60-src-1-num-1.html
INFO: [ app_init ] --START--
INFO: Run Behavior\BuildLiteBehavior [ RunTime:0.000000s ]
INFO: [ app_init ] --END-- [ RunTime:0.000977s ]
ERR: 无法加载模块:Vod-play-id-60-src-1-num-1.html

[ 2018-02-17T16:39:14+08:00 ] 42.236.102.210 /index.php?s=vod-play-id-375-sid-0-pid-1.html
INFO: [ app_init ] --START--
INFO: Run Behavior\BuildLiteBehavior [ RunTime:0.000000s ]
INFO: [ app_init ] --END-- [ RunTime:0.000000s ]
ERR: 无法加载模块:Vod-play-id-375-sid-0-pid-1

[ 2018-02-17T16:39:14+08:00 ] 42.236.102.166 /index.php?s=gb-show-id-1606.html
INFO: [ app_init ] --START--
INFO: Run Behavior\BuildLiteBehavior [ RunTime:0.000977s ]
INFO: [ app_init ] --END-- [ RunTime:0.000977s ]
ERR: 无法加载模块:Gb-show-id-1606

[ 2018-02-17T16:39:14+08:00 ] 42.236.10.111 /index.php?s=gb-show-p-2831.html
INFO: [ app_init ] --START--
INFO: Run Behavior\BuildLiteBehavior [ RunTime:0.000000s ]
INFO: [ app_init ] --END-- [ RunTime:0.000000s ]
ERR: 无法加载模块:Gb-show-p-2831

[ 2018-02-17T16:39:14+08:00 ] 42.236.49.90 /index.php?s=gb-show-id-636.html
INFO: [ app_init ] --START--
INFO: Run Behavior\BuildLiteBehavior [ RunTime:0.000000s ]
INFO: [ app_init ] --END-- [ RunTime:0.000977s ]
ERR: 无法加载模块:Gb-show-id-636

[ 2018-02-17T16:39:14+08:00 ] 42.236.102.221 /index.php?s=gb-show-id-1382.html
INFO: [ app_init ] --START--
INFO: Run Behavior\BuildLiteBehavior [ RunTime:0.000000s ]
INFO: [ app_init ] --END-- [ RunTime:0.000000s ]
ERR: 无法加载模块:Gb-show-id-1382

[ 2018-02-17T16:39:15+08:00 ] 42.236.49.175 /index.php?s=vod-play-id-824-sid-0-pid-1.html
INFO: [ app_init ] --START--
INFO: Run Behavior\BuildLiteBehavior [ RunTime:0.000000s ]
INFO: [ app_init ] --END-- [ RunTime:0.000000s ]
ERR: 无法加载模块:Vod-play-id-824-sid-0-pid-1

[ 2018-02-17T16:39:15+08:00 ] 42.236.102.240 /index.php?m=vod-list-id-2-pg-1-order--by--class-0-year-0-letter-G-area-%E8%A5%BF%E7%8F%AD%E7%89%99-lang-.html
INFO: [ app_init ] --START--
INFO: Run Behavior\BuildLiteBehavior [ RunTime:0.000000s ]
INFO: [ app_init ] --END-- [ RunTime:0.000000s ]
ERR: 无法加载模块:Vod-list-id-2-pg-1-order--by--class-0-year-0-letter-G-area-西班牙-lang-.html

[ 2018-02-17T16:39:15+08:00 ] 42.236.49.161 /index.php?m=vod-search-pg-235-starring-yuanyuan-letter-S.html
INFO: [ app_init ] --START--
INFO: Run Behavior\BuildLiteBehavior [ RunTime:0.000000s ]
INFO: [ app_init ] --END-- [ RunTime:0.000000s ]
ERR: 无法加载模块:Vod-search-pg-235-starring-yuanyuan-letter-S.html

[ 2018-02-17T16:39:15+08:00 ] 42.236.104.31 /index.php?m=vod-play-id-2209-src-1-num-1.html
INFO: [ app_init ] --START--
INFO: Run Behavior\BuildLiteBehavior [ RunTime:0.000000s ]
INFO: [ app_init ] --END-- [ RunTime:0.000976s ]
ERR: 无法加载模块:Vod-play-id-2209-src-1-num-1.html

[ 2018-02-17T16:39:15+08:00 ] 42.236.49.90 /index.php?s=vod-play-id-1429-sid-0-pid-1.html
INFO: [ app_init ] --START--
INFO: Run Behavior\BuildLiteBehavior [ RunTime:0.000000s ]
INFO: [ app_init ] --END-- [ RunTime:0.000000s ]
ERR: 无法加载模块:Vod-play-id-1429-sid-0-pid-1

[ 2018-02-17T16:39:15+08:00 ] 42.236.10.83 /index.php?m=vod-play-id-2420-src-1-num-1.html
INFO: [ app_init ] --START--
INFO: Run Behavior\BuildLiteBehavior [ RunTime:0.000000s ]
INFO: [ app_init ] --END-- [ RunTime:0.000977s ]
ERR: 无法加载模块:Vod-play-id-2420-src-1-num-1.html

[ 2018-02-17T16:39:15+08:00 ] 180.153.236.11 /index.php?m=vod-list-id-4-pg-1-order--by--class-0-year-2012-letter-X-area--lang-.html
INFO: [ app_init ] --START--
INFO: Run Behavior\BuildLiteBehavior [ RunTime:0.000000s ]
INFO: [ app_init ] --END-- [ RunTime:0.000977s ]
ERR: 无法加载模块:Vod-list-id-4-pg-1-order--by--class-0-year-2012-letter-X-area--lang-.html

[ 2018-02-17T16:39:15+08:00 ] 42.236.102.221 /index.php?m=vod-play-id-177-src-1-num-1.html
INFO: [ app_init ] --START--
INFO: Run Behavior\BuildLiteBehavior [ RunTime:0.000000s ]
INFO: [ app_init ] --END-- [ RunTime:0.000000s ]
ERR: 无法加载模块:Vod-play-id-177-src-1-num-1.html

