[ 2018-01-30T11:22:38+08:00 ] 180.153.236.165 /index.php?m=vod-list-id-4-pg-1-order--by--class-0-year-2011-letter-U-area-%E6%B3%95%E5%9B%BD-lang-.html
INFO: [ app_init ] --START--
INFO: Run Behavior\BuildLiteBehavior [ RunTime:0.000000s ]
INFO: [ app_init ] --END-- [ RunTime:0.000977s ]
ERR: 无法加载模块:Vod-list-id-4-pg-1-order--by--class-0-year-2011-letter-U-area-法国-lang-.html

[ 2018-01-30T11:22:38+08:00 ] 180.153.236.133 /index.php?m=vod-play-id-894-src-1-num-1.html
INFO: [ app_init ] --START--
INFO: Run Behavior\BuildLiteBehavior [ RunTime:0.000000s ]
INFO: [ app_init ] --END-- [ RunTime:0.000000s ]
ERR: 无法加载模块:Vod-play-id-894-src-1-num-1.html

[ 2018-01-30T11:22:38+08:00 ] 42.236.10.105 /index.php?s=vod-play-id-371-sid-0-pid-1.html
INFO: [ app_init ] --START--
INFO: Run Behavior\BuildLiteBehavior [ RunTime:0.000000s ]
INFO: [ app_init ] --END-- [ RunTime:0.000000s ]
ERR: 无法加载模块:Vod-play-id-371-sid-0-pid-1

[ 2018-01-30T11:22:39+08:00 ] 180.153.236.133 /index.php?m=vod-search-pg-235-starring-yuanyuan-letter-P.html
INFO: [ app_init ] --START--
INFO: Run Behavior\BuildLiteBehavior [ RunTime:0.000000s ]
INFO: [ app_init ] --END-- [ RunTime:0.000000s ]
ERR: 无法加载模块:Vod-search-pg-235-starring-yuanyuan-letter-P.html

[ 2018-01-30T11:22:39+08:00 ] 42.236.50.35 /index.php?s=vod-play-id-444-sid-0-pid-1.html
INFO: [ app_init ] --START--
INFO: Run Behavior\BuildLiteBehavior [ RunTime:0.000000s ]
INFO: [ app_init ] --END-- [ RunTime:0.000000s ]
ERR: 无法加载模块:Vod-play-id-444-sid-0-pid-1

[ 2018-01-30T11:22:39+08:00 ] 42.236.50.35 /index.php?s=vod-play-id-1671-sid-0-pid-1.html
INFO: [ app_init ] --START--
INFO: Run Behavior\BuildLiteBehavior [ RunTime:0.000000s ]
INFO: [ app_init ] --END-- [ RunTime:0.000977s ]
ERR: 无法加载模块:Vod-play-id-1671-sid-0-pid-1

[ 2018-01-30T11:22:39+08:00 ] 42.236.48.46 /index.php?m=vod-play-id-2346-src-1-num-1.html
INFO: [ app_init ] --START--
INFO: Run Behavior\BuildLiteBehavior [ RunTime:0.000000s ]
INFO: [ app_init ] --END-- [ RunTime:0.000000s ]
ERR: 无法加载模块:Vod-play-id-2346-src-1-num-1.html

[ 2018-01-30T11:22:39+08:00 ] 42.236.50.35 /index.php?s=vod-play-id-1270-sid-0-pid-1.html
INFO: [ app_init ] --START--
INFO: Run Behavior\BuildLiteBehavior [ RunTime:0.000000s ]
INFO: [ app_init ] --END-- [ RunTime:0.000000s ]
ERR: 无法加载模块:Vod-play-id-1270-sid-0-pid-1

[ 2018-01-30T11:22:39+08:00 ] 42.236.50.35 /index.php?m=vod-play-id-1826-src-1-num-1.html
INFO: [ app_init ] --START--
INFO: Run Behavior\BuildLiteBehavior [ RunTime:0.000000s ]
INFO: [ app_init ] --END-- [ RunTime:0.000000s ]
ERR: 无法加载模块:Vod-play-id-1826-src-1-num-1.html

[ 2018-01-30T11:22:41+08:00 ] 180.153.236.43 /index.php?s=gb-show-id-562.html
INFO: [ app_init ] --START--
INFO: Run Behavior\BuildLiteBehavior [ RunTime:0.000000s ]
INFO: [ app_init ] --END-- [ RunTime:0.000000s ]
ERR: 无法加载模块:Gb-show-id-562

[ 2018-01-30T14:11:14+08:00 ] 42.236.102.175 /index.php?s=vod-play-id-371-sid-0-pid-1.html
INFO: [ app_init ] --START--
INFO: Run Behavior\BuildLiteBehavior [ RunTime:0.000000s ]
INFO: [ app_init ] --END-- [ RunTime:0.000000s ]
ERR: 无法加载模块:Vod-play-id-371-sid-0-pid-1

[ 2018-01-30T14:11:14+08:00 ] 42.236.31.138 /index.php?s=gb-show-id-549.html
INFO: [ app_init ] --START--
INFO: Run Behavior\BuildLiteBehavior [ RunTime:0.000000s ]
INFO: [ app_init ] --END-- [ RunTime:0.000000s ]
ERR: 无法加载模块:Gb-show-id-549

[ 2018-01-30T14:11:14+08:00 ] 42.236.10.110 /index.php?s=gb-show-id-1289.html
INFO: [ app_init ] --START--
INFO: Run Behavior\BuildLiteBehavior [ RunTime:0.000000s ]
INFO: [ app_init ] --END-- [ RunTime:0.000000s ]
ERR: 无法加载模块:Gb-show-id-1289

[ 2018-01-30T20:01:56+08:00 ] 42.236.50.102 /index.php?m=vod-list-id-2-pg-1-order--by--class-0-year-0-letter-F-area-%E6%96%B0%E5%8A%A0%E5%9D%A1-lang-.html
INFO: [ app_init ] --START--
INFO: Run Behavior\BuildLiteBehavior [ RunTime:0.000000s ]
INFO: [ app_init ] --END-- [ RunTime:0.000977s ]
ERR: 无法加载模块:Vod-list-id-2-pg-1-order--by--class-0-year-0-letter-F-area-新加坡-lang-.html

[ 2018-01-30T20:01:56+08:00 ] 180.153.236.181 /index.php?s=gb-show-id-556.html
INFO: [ app_init ] --START--
INFO: Run Behavior\BuildLiteBehavior [ RunTime:0.000000s ]
INFO: [ app_init ] --END-- [ RunTime:0.000000s ]
ERR: 无法加载模块:Gb-show-id-556

[ 2018-01-30T20:01:56+08:00 ] 42.236.48.103 /index.php?m=vod-play-id-892-src-1-num-1.html
INFO: [ app_init ] --START--
INFO: Run Behavior\BuildLiteBehavior [ RunTime:0.000000s ]
INFO: [ app_init ] --END-- [ RunTime:0.000000s ]
ERR: 无法加载模块:Vod-play-id-892-src-1-num-1.html

[ 2018-01-30T20:01:56+08:00 ] 42.236.50.13 /index.php?m=vod-play-id-110-src-1-num-1.html
INFO: [ app_init ] --START--
INFO: Run Behavior\BuildLiteBehavior [ RunTime:0.000000s ]
INFO: [ app_init ] --END-- [ RunTime:0.000000s ]
ERR: 无法加载模块:Vod-play-id-110-src-1-num-1.html

[ 2018-01-30T20:01:56+08:00 ] 42.236.49.27 /index.php?s=gb-show-id-1296.html
INFO: [ app_init ] --START--
INFO: Run Behavior\BuildLiteBehavior [ RunTime:0.000000s ]
INFO: [ app_init ] --END-- [ RunTime:0.000977s ]
ERR: 无法加载模块:Gb-show-id-1296

[ 2018-01-30T20:01:56+08:00 ] 42.236.31.146 /index.php?s=vod-play-id-558-sid-0-pid-1.html
INFO: [ app_init ] --START--
INFO: Run Behavior\BuildLiteBehavior [ RunTime:0.000000s ]
INFO: [ app_init ] --END-- [ RunTime:0.000000s ]
ERR: 无法加载模块:Vod-play-id-558-sid-0-pid-1

[ 2018-01-30T20:01:56+08:00 ] 42.236.50.138 /index.php?m=vod-play-id-2355-src-1-num-1.html
INFO: [ app_init ] --START--
INFO: Run Behavior\BuildLiteBehavior [ RunTime:0.000000s ]
INFO: [ app_init ] --END-- [ RunTime:0.000977s ]
ERR: 无法加载模块:Vod-play-id-2355-src-1-num-1.html

[ 2018-01-30T20:01:56+08:00 ] 42.236.10.85 /index.php?s=gb-show-id-565.html
INFO: [ app_init ] --START--
INFO: Run Behavior\BuildLiteBehavior [ RunTime:0.000000s ]
INFO: [ app_init ] --END-- [ RunTime:0.000000s ]
ERR: 无法加载模块:Gb-show-id-565

[ 2018-01-30T20:01:56+08:00 ] 42.236.102.201 /index.php?s=gb-show-p-33.html
INFO: [ app_init ] --START--
INFO: Run Behavior\BuildLiteBehavior [ RunTime:0.000000s ]
INFO: [ app_init ] --END-- [ RunTime:0.000000s ]
ERR: 无法加载模块:Gb-show-p-33

[ 2018-01-30T20:01:56+08:00 ] 42.236.48.37 /index.php?s=vod-play-id-563-sid-0-pid-1.html
INFO: [ app_init ] --START--
INFO: Run Behavior\BuildLiteBehavior [ RunTime:0.000000s ]
INFO: [ app_init ] --END-- [ RunTime:0.000000s ]
ERR: 无法加载模块:Vod-play-id-563-sid-0-pid-1

[ 2018-01-30T20:01:56+08:00 ] 42.236.49.176 /index.php?s=vod-play-id-366-sid-0-pid-1.html
INFO: [ app_init ] --START--
INFO: Run Behavior\BuildLiteBehavior [ RunTime:0.000000s ]
INFO: [ app_init ] --END-- [ RunTime:0.000977s ]
ERR: 无法加载模块:Vod-play-id-366-sid-0-pid-1

[ 2018-01-30T20:01:57+08:00 ] 42.236.102.143 /index.php?s=vod-play-id-1442-sid-0-pid-1.html
INFO: [ app_init ] --START--
INFO: Run Behavior\BuildLiteBehavior [ RunTime:0.000000s ]
INFO: [ app_init ] --END-- [ RunTime:0.000976s ]
ERR: 无法加载模块:Vod-play-id-1442-sid-0-pid-1

[ 2018-01-30T20:01:57+08:00 ] 42.236.39.144 /index.php?s=vod-play-id-1276-sid-0-pid-1.html
INFO: [ app_init ] --START--
INFO: Run Behavior\BuildLiteBehavior [ RunTime:0.000000s ]
INFO: [ app_init ] --END-- [ RunTime:0.000000s ]
ERR: 无法加载模块:Vod-play-id-1276-sid-0-pid-1

[ 2018-01-30T20:01:57+08:00 ] 42.236.50.38 /index.php?m=vod-search-pg-235-starring-yuanyuan-letter-R.html
INFO: [ app_init ] --START--
INFO: Run Behavior\BuildLiteBehavior [ RunTime:0.000000s ]
INFO: [ app_init ] --END-- [ RunTime:0.000000s ]
ERR: 无法加载模块:Vod-search-pg-235-starring-yuanyuan-letter-R.html

[ 2018-01-30T20:01:57+08:00 ] 42.236.10.77 /index.php?m=vod-search-pg-3-starring-yuanyuan.html
INFO: [ app_init ] --START--
INFO: Run Behavior\BuildLiteBehavior [ RunTime:0.000000s ]
INFO: [ app_init ] --END-- [ RunTime:0.000976s ]
ERR: 无法加载模块:Vod-search-pg-3-starring-yuanyuan.html

[ 2018-01-30T20:01:57+08:00 ] 42.236.10.85 /index.php?m=vod-list-id-5-pg-1-order--by--class--year--letter--area-%E5%A4%A7%E9%99%86-lang-.html
INFO: [ app_init ] --START--
INFO: Run Behavior\BuildLiteBehavior [ RunTime:0.000000s ]
INFO: [ app_init ] --END-- [ RunTime:0.000000s ]
ERR: 无法加载模块:Vod-list-id-5-pg-1-order--by--class--year--letter--area-大陆-lang-.html

[ 2018-01-30T20:01:57+08:00 ] 42.236.10.108 /index.php?m=vod-play-id-2315-src-1-num-1.html
INFO: [ app_init ] --START--
INFO: Run Behavior\BuildLiteBehavior [ RunTime:0.000000s ]
INFO: [ app_init ] --END-- [ RunTime:0.000000s ]
ERR: 无法加载模块:Vod-play-id-2315-src-1-num-1.html

[ 2018-01-30T20:01:57+08:00 ] 180.153.236.149 /index.php?s=gb-show-p-2389.html
INFO: [ app_init ] --START--
INFO: Run Behavior\BuildLiteBehavior [ RunTime:0.000000s ]
INFO: [ app_init ] --END-- [ RunTime:0.000976s ]
ERR: 无法加载模块:Gb-show-p-2389

[ 2018-01-30T20:01:58+08:00 ] 42.236.48.175 /index.php?s=vod-play-id-54-sid-0-pid-1.html
INFO: [ app_init ] --START--
INFO: Run Behavior\BuildLiteBehavior [ RunTime:0.000000s ]
INFO: [ app_init ] --END-- [ RunTime:0.000000s ]
ERR: 无法加载模块:Vod-play-id-54-sid-0-pid-1

[ 2018-01-30T21:22:49+08:00 ] 106.11.224.176 /index.php?m=member&c=index&a=register&siteid=1
INFO: [ app_init ] --START--
INFO: Run Behavior\BuildLiteBehavior [ RunTime:0.000000s ]
INFO: [ app_init ] --END-- [ RunTime:0.000000s ]
ERR: 无法加载模块:Member

[ 2018-01-30T21:22:50+08:00 ] 106.11.224.215 /index.php?m=wap&a=index&siteid=1
INFO: [ app_init ] --START--
INFO: Run Behavior\BuildLiteBehavior [ RunTime:0.000000s ]
INFO: [ app_init ] --END-- [ RunTime:0.000000s ]
ERR: 无法加载模块:Wap

