[ 2018-09-27T14:32:04+08:00 ] 42.236.10.98 /index.php?s=gb-show-p-366.html
INFO: [ app_init ] --START--
INFO: Run Behavior\BuildLiteBehavior [ RunTime:0.000000s ]
INFO: [ app_init ] --END-- [ RunTime:0.000000s ]
ERR: 无法加载模块:Gb-show-p-366

[ 2018-09-27T14:32:04+08:00 ] 42.236.10.98 /index.php?m=vod-search-pg-1-starring-yuanyuan-classid-42.html
INFO: [ app_init ] --START--
INFO: Run Behavior\BuildLiteBehavior [ RunTime:0.000000s ]
INFO: [ app_init ] --END-- [ RunTime:0.000000s ]
ERR: 无法加载模块:Vod-search-pg-1-starring-yuanyuan-classid-42.html

[ 2018-09-27T14:32:05+08:00 ] 42.236.10.83 /index.php?s=vod-play-id-1839-sid-0-pid-1.html
INFO: [ app_init ] --START--
INFO: Run Behavior\BuildLiteBehavior [ RunTime:0.000000s ]
INFO: [ app_init ] --END-- [ RunTime:0.000000s ]
ERR: 无法加载模块:Vod-play-id-1839-sid-0-pid-1

[ 2018-09-27T14:32:05+08:00 ] 42.236.10.100 /index.php?s=gb-show-id-1859.html
INFO: [ app_init ] --START--
INFO: Run Behavior\BuildLiteBehavior [ RunTime:0.000000s ]
INFO: [ app_init ] --END-- [ RunTime:0.000000s ]
ERR: 无法加载模块:Gb-show-id-1859

[ 2018-09-27T14:32:05+08:00 ] 42.236.50.14 /index.php?s=vod-play-id-1224-sid-0-pid-1.html
INFO: [ app_init ] --START--
INFO: Run Behavior\BuildLiteBehavior [ RunTime:0.000000s ]
INFO: [ app_init ] --END-- [ RunTime:0.000000s ]
ERR: 无法加载模块:Vod-play-id-1224-sid-0-pid-1

[ 2018-09-27T14:32:05+08:00 ] 42.236.10.74 /index.php?s=vod-play-id-1636-sid-0-pid-1.html
INFO: [ app_init ] --START--
INFO: Run Behavior\BuildLiteBehavior [ RunTime:0.000000s ]
INFO: [ app_init ] --END-- [ RunTime:0.000000s ]
ERR: 无法加载模块:Vod-play-id-1636-sid-0-pid-1

[ 2018-09-27T14:32:05+08:00 ] 42.236.10.122 /index.php?s=vod-play-id-1691-sid-0-pid-1.html
INFO: [ app_init ] --START--
INFO: Run Behavior\BuildLiteBehavior [ RunTime:0.000000s ]
INFO: [ app_init ] --END-- [ RunTime:0.000000s ]
ERR: 无法加载模块:Vod-play-id-1691-sid-0-pid-1

[ 2018-09-27T14:32:05+08:00 ] 42.236.10.76 /index.php?s=vod-play-id-314-sid-0-pid-1.html
INFO: [ app_init ] --START--
INFO: Run Behavior\BuildLiteBehavior [ RunTime:0.000000s ]
INFO: [ app_init ] --END-- [ RunTime:0.000000s ]
ERR: 无法加载模块:Vod-play-id-314-sid-0-pid-1

