[ 2018-02-09T01:25:55+08:00 ] 42.236.10.74 /index.php?m=vod-search-pg-235-starring-yuanyuan-letter-Y.html
INFO: [ app_init ] --START--
INFO: Run Behavior\BuildLiteBehavior [ RunTime:0.000000s ]
INFO: [ app_init ] --END-- [ RunTime:0.000000s ]
ERR: 无法加载模块:Vod-search-pg-235-starring-yuanyuan-letter-Y.html

[ 2018-02-09T01:25:55+08:00 ] 42.236.10.82 /index.php?s=vod-play-id-1356-sid-0-pid-1.html
INFO: [ app_init ] --START--
INFO: Run Behavior\BuildLiteBehavior [ RunTime:0.000000s ]
INFO: [ app_init ] --END-- [ RunTime:0.000976s ]
ERR: 无法加载模块:Vod-play-id-1356-sid-0-pid-1

[ 2018-02-09T01:25:55+08:00 ] 42.236.48.114 /index.php?s=gb-show-id-1326.html
INFO: [ app_init ] --START--
INFO: Run Behavior\BuildLiteBehavior [ RunTime:0.000000s ]
INFO: [ app_init ] --END-- [ RunTime:0.000000s ]
ERR: 无法加载模块:Gb-show-id-1326

[ 2018-02-09T01:25:55+08:00 ] 42.236.48.109 /index.php?s=vod-play-id-963-sid-0-pid-1.html
INFO: [ app_init ] --START--
INFO: Run Behavior\BuildLiteBehavior [ RunTime:0.000000s ]
INFO: [ app_init ] --END-- [ RunTime:0.000000s ]
ERR: 无法加载模块:Vod-play-id-963-sid-0-pid-1

[ 2018-02-09T01:25:55+08:00 ] 42.236.102.157 /index.php?m=vod-play-id-2371-src-1-num-1.html
INFO: [ app_init ] --START--
INFO: Run Behavior\BuildLiteBehavior [ RunTime:0.000000s ]
INFO: [ app_init ] --END-- [ RunTime:0.000000s ]
ERR: 无法加载模块:Vod-play-id-2371-src-1-num-1.html

[ 2018-02-09T01:25:55+08:00 ] 42.236.102.199 /index.php?m=vod-list-id-2-pg-1-order--by--class-0-year-0-letter-G-area-%E5%8D%B0%E5%BA%A6-lang-.html
INFO: [ app_init ] --START--
INFO: Run Behavior\BuildLiteBehavior [ RunTime:0.000000s ]
INFO: [ app_init ] --END-- [ RunTime:0.000000s ]
ERR: 无法加载模块:Vod-list-id-2-pg-1-order--by--class-0-year-0-letter-G-area-印度-lang-.html

[ 2018-02-09T01:25:56+08:00 ] 42.236.48.31 /index.php?s=gb-show-id-1532.html
INFO: [ app_init ] --START--
INFO: Run Behavior\BuildLiteBehavior [ RunTime:0.000000s ]
INFO: [ app_init ] --END-- [ RunTime:0.000000s ]
ERR: 无法加载模块:Gb-show-id-1532

[ 2018-02-09T01:25:56+08:00 ] 180.153.236.165 /index.php?m=vod-list-id-4-pg-1-order--by--class-0-year-2012-letter-H-area--lang-.html
INFO: [ app_init ] --START--
INFO: Run Behavior\BuildLiteBehavior [ RunTime:0.000000s ]
INFO: [ app_init ] --END-- [ RunTime:0.000000s ]
ERR: 无法加载模块:Vod-list-id-4-pg-1-order--by--class-0-year-2012-letter-H-area--lang-.html

[ 2018-02-09T01:25:56+08:00 ] 42.236.48.94 /index.php?m=vod-play-id-1717-src-1-num-1.html
INFO: [ app_init ] --START--
INFO: Run Behavior\BuildLiteBehavior [ RunTime:0.000000s ]
INFO: [ app_init ] --END-- [ RunTime:0.000977s ]
ERR: 无法加载模块:Vod-play-id-1717-src-1-num-1.html

[ 2018-02-09T01:25:56+08:00 ] 42.236.102.237 /index.php?s=vod-play-id-716-sid-0-pid-1.html
INFO: [ app_init ] --START--
INFO: Run Behavior\BuildLiteBehavior [ RunTime:0.000000s ]
INFO: [ app_init ] --END-- [ RunTime:0.000976s ]
ERR: 无法加载模块:Vod-play-id-716-sid-0-pid-1

[ 2018-02-09T01:25:56+08:00 ] 42.236.10.76 /index.php?s=vod-play-id-293-sid-0-pid-1.html
INFO: [ app_init ] --START--
INFO: Run Behavior\BuildLiteBehavior [ RunTime:0.000000s ]
INFO: [ app_init ] --END-- [ RunTime:0.000000s ]
ERR: 无法加载模块:Vod-play-id-293-sid-0-pid-1

[ 2018-02-09T01:25:56+08:00 ] 42.236.10.114 /index.php?s=vod-play-id-1727-sid-0-pid-1.html
INFO: [ app_init ] --START--
INFO: Run Behavior\BuildLiteBehavior [ RunTime:0.000000s ]
INFO: [ app_init ] --END-- [ RunTime:0.000000s ]
ERR: 无法加载模块:Vod-play-id-1727-sid-0-pid-1

[ 2018-02-09T01:25:56+08:00 ] 42.236.31.147 /index.php?m=vod-play-id-2140-src-1-num-1.html
INFO: [ app_init ] --START--
INFO: Run Behavior\BuildLiteBehavior [ RunTime:0.000000s ]
INFO: [ app_init ] --END-- [ RunTime:0.000977s ]
ERR: 无法加载模块:Vod-play-id-2140-src-1-num-1.html

[ 2018-02-09T01:25:56+08:00 ] 42.236.49.245 /index.php?s=vod-play-id-1302-sid-0-pid-1.html
INFO: [ app_init ] --START--
INFO: Run Behavior\BuildLiteBehavior [ RunTime:0.000000s ]
INFO: [ app_init ] --END-- [ RunTime:0.000000s ]
ERR: 无法加载模块:Vod-play-id-1302-sid-0-pid-1

[ 2018-02-09T01:25:56+08:00 ] 42.236.48.32 /index.php?s=vod-play-id-1013-sid-0-pid-1.html
INFO: [ app_init ] --START--
INFO: Run Behavior\BuildLiteBehavior [ RunTime:0.000000s ]
INFO: [ app_init ] --END-- [ RunTime:0.000000s ]
ERR: 无法加载模块:Vod-play-id-1013-sid-0-pid-1

[ 2018-02-09T01:25:56+08:00 ] 180.153.236.165 /index.php?m=vod-play-id-388-src-1-num-1.html
INFO: [ app_init ] --START--
INFO: Run Behavior\BuildLiteBehavior [ RunTime:0.000000s ]
INFO: [ app_init ] --END-- [ RunTime:0.000000s ]
ERR: 无法加载模块:Vod-play-id-388-src-1-num-1.html

[ 2018-02-09T01:25:57+08:00 ] 42.236.49.118 /index.php?s=gb-show-id-1502.html
INFO: [ app_init ] --START--
INFO: Run Behavior\BuildLiteBehavior [ RunTime:0.000000s ]
INFO: [ app_init ] --END-- [ RunTime:0.000977s ]
ERR: 无法加载模块:Gb-show-id-1502

[ 2018-02-09T01:25:57+08:00 ] 42.236.10.81 /index.php?s=gb-show-id-587.html
INFO: [ app_init ] --START--
INFO: Run Behavior\BuildLiteBehavior [ RunTime:0.000000s ]
INFO: [ app_init ] --END-- [ RunTime:0.000000s ]
ERR: 无法加载模块:Gb-show-id-587

[ 2018-02-09T18:37:17+08:00 ] 140.205.225.201 /index.php?m=member&c=index&a=register&siteid=1
INFO: [ app_init ] --START--
INFO: Run Behavior\BuildLiteBehavior [ RunTime:0.000000s ]
INFO: [ app_init ] --END-- [ RunTime:0.000977s ]
ERR: 无法加载模块:Member

[ 2018-02-09T18:37:18+08:00 ] 140.205.225.201 /index.php?m=wap&a=index&siteid=1
INFO: [ app_init ] --START--
INFO: Run Behavior\BuildLiteBehavior [ RunTime:0.000000s ]
INFO: [ app_init ] --END-- [ RunTime:0.000000s ]
ERR: 无法加载模块:Wap

