[ 2018-01-23T11:27:26+08:00 ] 42.236.50.207 /index.php?m=vod-list-id-4-pg-1-order--by--class--year-2004-letter--area--lang-.html
INFO: [ app_init ] --START--
INFO: Run Behavior\BuildLiteBehavior [ RunTime:0.000000s ]
INFO: [ app_init ] --END-- [ RunTime:0.000976s ]
ERR: 无法加载模块:Vod-list-id-4-pg-1-order--by--class--year-2004-letter--area--lang-.html

[ 2018-01-23T11:27:26+08:00 ] 180.153.236.35 /index.php?s=vod-play-id-163-sid-0-pid-1.html
INFO: [ app_init ] --START--
INFO: Run Behavior\BuildLiteBehavior [ RunTime:0.000000s ]
INFO: [ app_init ] --END-- [ RunTime:0.000976s ]
ERR: 无法加载模块:Vod-play-id-163-sid-0-pid-1

[ 2018-01-23T11:27:26+08:00 ] 42.236.10.109 /index.php?s=vod-play-id-370-sid-0-pid-1.html
INFO: [ app_init ] --START--
INFO: Run Behavior\BuildLiteBehavior [ RunTime:0.000000s ]
INFO: [ app_init ] --END-- [ RunTime:0.000000s ]
ERR: 无法加载模块:Vod-play-id-370-sid-0-pid-1

[ 2018-01-23T11:27:27+08:00 ] 42.236.50.207 /index.php?m=vod-search-pg-4-starring-yuanyuan.html
INFO: [ app_init ] --START--
INFO: Run Behavior\BuildLiteBehavior [ RunTime:0.000000s ]
INFO: [ app_init ] --END-- [ RunTime:0.000977s ]
ERR: 无法加载模块:Vod-search-pg-4-starring-yuanyuan.html

[ 2018-01-23T11:27:27+08:00 ] 42.236.48.164 /index.php?s=gb-show-p-2352.html
INFO: [ app_init ] --START--
INFO: Run Behavior\BuildLiteBehavior [ RunTime:0.000000s ]
INFO: [ app_init ] --END-- [ RunTime:0.000000s ]
ERR: 无法加载模块:Gb-show-p-2352

[ 2018-01-23T11:27:27+08:00 ] 42.236.48.164 /index.php?s=gb-show-id-590.html
INFO: [ app_init ] --START--
INFO: Run Behavior\BuildLiteBehavior [ RunTime:0.000000s ]
INFO: [ app_init ] --END-- [ RunTime:0.000000s ]
ERR: 无法加载模块:Gb-show-id-590

[ 2018-01-23T11:27:27+08:00 ] 42.236.10.113 /index.php?s=gb-show-p-736.html
INFO: [ app_init ] --START--
INFO: Run Behavior\BuildLiteBehavior [ RunTime:0.000000s ]
INFO: [ app_init ] --END-- [ RunTime:0.000000s ]
ERR: 无法加载模块:Gb-show-p-736

[ 2018-01-23T11:27:27+08:00 ] 42.236.50.207 /index.php?m=vod-list-id-2-pg-1-order--by--class-0-year-0-letter-E-area-%E9%A9%AC%E6%9D%A5%E8%A5%BF%E4%BA%9A-lang-.html
INFO: [ app_init ] --START--
INFO: Run Behavior\BuildLiteBehavior [ RunTime:0.000000s ]
INFO: [ app_init ] --END-- [ RunTime:0.000976s ]
ERR: 无法加载模块:Vod-list-id-2-pg-1-order--by--class-0-year-0-letter-E-area-马来西亚-lang-.html

[ 2018-01-23T17:38:29+08:00 ] 42.236.48.179 /index.php?s=vod-play-id-399-sid-0-pid-1.html
INFO: [ app_init ] --START--
INFO: Run Behavior\BuildLiteBehavior [ RunTime:0.000000s ]
INFO: [ app_init ] --END-- [ RunTime:0.000977s ]
ERR: 无法加载模块:Vod-play-id-399-sid-0-pid-1

[ 2018-01-23T17:38:29+08:00 ] 42.236.48.73 /index.php?m=vod-play-id-1824-src-1-num-1.html
INFO: [ app_init ] --START--
INFO: Run Behavior\BuildLiteBehavior [ RunTime:0.000977s ]
INFO: [ app_init ] --END-- [ RunTime:0.000977s ]
ERR: 无法加载模块:Vod-play-id-1824-src-1-num-1.html

[ 2018-01-23T17:38:29+08:00 ] 42.236.48.179 /index.php?m=vod-list-id-2-pg-1-order--by--class-0-year-0-letter-E-area-%E9%A9%AC%E6%9D%A5%E8%A5%BF%E4%BA%9A-lang-.html
INFO: [ app_init ] --START--
INFO: Run Behavior\BuildLiteBehavior [ RunTime:0.000000s ]
INFO: [ app_init ] --END-- [ RunTime:0.000977s ]
ERR: 无法加载模块:Vod-list-id-2-pg-1-order--by--class-0-year-0-letter-E-area-马来西亚-lang-.html

[ 2018-01-23T17:38:29+08:00 ] 42.236.10.78 /index.php?s=vod-play-id-370-sid-0-pid-1.html
INFO: [ app_init ] --START--
INFO: Run Behavior\BuildLiteBehavior [ RunTime:0.000000s ]
INFO: [ app_init ] --END-- [ RunTime:0.000000s ]
ERR: 无法加载模块:Vod-play-id-370-sid-0-pid-1

[ 2018-01-23T17:38:29+08:00 ] 42.236.50.177 /index.php?s=gb-show-p-736.html
INFO: [ app_init ] --START--
INFO: Run Behavior\BuildLiteBehavior [ RunTime:0.000000s ]
INFO: [ app_init ] --END-- [ RunTime:0.000000s ]
ERR: 无法加载模块:Gb-show-p-736

[ 2018-01-23T17:38:29+08:00 ] 42.236.50.241 /index.php?s=gb-show-id-590.html
INFO: [ app_init ] --START--
INFO: Run Behavior\BuildLiteBehavior [ RunTime:0.000000s ]
INFO: [ app_init ] --END-- [ RunTime:0.000977s ]
ERR: 无法加载模块:Gb-show-id-590

[ 2018-01-23T17:38:29+08:00 ] 180.153.236.35 /index.php?m=vod-play-id-2356-src-1-num-1.html
INFO: [ app_init ] --START--
INFO: Run Behavior\BuildLiteBehavior [ RunTime:0.000000s ]
INFO: [ app_init ] --END-- [ RunTime:0.000976s ]
ERR: 无法加载模块:Vod-play-id-2356-src-1-num-1.html

[ 2018-01-23T17:38:29+08:00 ] 180.153.232.170 /index.php?m=vod-list-id-2-pg-1-order--by--class-0-year-0-letter-E-area-%E5%8D%B0%E5%BA%A6-lang-.html
INFO: [ app_init ] --START--
INFO: Run Behavior\BuildLiteBehavior [ RunTime:0.000000s ]
INFO: [ app_init ] --END-- [ RunTime:0.000977s ]
ERR: 无法加载模块:Vod-list-id-2-pg-1-order--by--class-0-year-0-letter-E-area-印度-lang-.html

[ 2018-01-23T17:38:29+08:00 ] 42.236.102.235 /index.php?s=vod-play-id-126-sid-0-pid-1.html
INFO: [ app_init ] --START--
INFO: Run Behavior\BuildLiteBehavior [ RunTime:0.000000s ]
INFO: [ app_init ] --END-- [ RunTime:0.000976s ]
ERR: 无法加载模块:Vod-play-id-126-sid-0-pid-1

[ 2018-01-23T17:38:30+08:00 ] 180.153.236.165 /index.php?s=gb-show-p-2352.html
INFO: [ app_init ] --START--
INFO: Run Behavior\BuildLiteBehavior [ RunTime:0.000000s ]
INFO: [ app_init ] --END-- [ RunTime:0.000000s ]
ERR: 无法加载模块:Gb-show-p-2352

[ 2018-01-23T17:38:30+08:00 ] 180.153.236.165 /index.php?s=gb-show-id-1261.html
INFO: [ app_init ] --START--
INFO: Run Behavior\BuildLiteBehavior [ RunTime:0.000000s ]
INFO: [ app_init ] --END-- [ RunTime:0.000000s ]
ERR: 无法加载模块:Gb-show-id-1261

[ 2018-01-23T17:38:30+08:00 ] 42.236.50.177 /index.php?m=vod-search-pg-4-starring-yuanyuan.html
INFO: [ app_init ] --START--
INFO: Run Behavior\BuildLiteBehavior [ RunTime:0.000000s ]
INFO: [ app_init ] --END-- [ RunTime:0.000000s ]
ERR: 无法加载模块:Vod-search-pg-4-starring-yuanyuan.html

[ 2018-01-23T17:38:30+08:00 ] 180.153.236.157 /index.php?m=vod-list-id-4-pg-1-order--by--class-0-year-2011-letter-Q-area--lang-.html
INFO: [ app_init ] --START--
INFO: Run Behavior\BuildLiteBehavior [ RunTime:0.000000s ]
INFO: [ app_init ] --END-- [ RunTime:0.000000s ]
ERR: 无法加载模块:Vod-list-id-4-pg-1-order--by--class-0-year-2011-letter-Q-area--lang-.html

[ 2018-01-23T17:38:30+08:00 ] 42.236.50.175 /index.php?s=vod-play-id-163-sid-0-pid-1.html
INFO: [ app_init ] --START--
INFO: Run Behavior\BuildLiteBehavior [ RunTime:0.000000s ]
INFO: [ app_init ] --END-- [ RunTime:0.000000s ]
ERR: 无法加载模块:Vod-play-id-163-sid-0-pid-1

[ 2018-01-23T17:38:30+08:00 ] 42.236.49.146 /index.php?m=vod-play-id-2316-src-1-num-1.html
INFO: [ app_init ] --START--
INFO: Run Behavior\BuildLiteBehavior [ RunTime:0.000000s ]
INFO: [ app_init ] --END-- [ RunTime:0.000000s ]
ERR: 无法加载模块:Vod-play-id-2316-src-1-num-1.html

[ 2018-01-23T17:38:30+08:00 ] 42.236.31.136 /index.php?m=vod-search-pg-235-starring-yuanyuan-letter-N.html
INFO: [ app_init ] --START--
INFO: Run Behavior\BuildLiteBehavior [ RunTime:0.000000s ]
INFO: [ app_init ] --END-- [ RunTime:0.000976s ]
ERR: 无法加载模块:Vod-search-pg-235-starring-yuanyuan-letter-N.html

[ 2018-01-23T17:38:30+08:00 ] 42.236.31.136 /index.php?s=gb-show-id-511.html
INFO: [ app_init ] --START--
INFO: Run Behavior\BuildLiteBehavior [ RunTime:0.000000s ]
INFO: [ app_init ] --END-- [ RunTime:0.000000s ]
ERR: 无法加载模块:Gb-show-id-511

[ 2018-01-23T17:38:30+08:00 ] 42.236.48.45 /index.php?m=vod-play-id-1181-src-1-num-1.html
INFO: [ app_init ] --START--
INFO: Run Behavior\BuildLiteBehavior [ RunTime:0.000000s ]
INFO: [ app_init ] --END-- [ RunTime:0.000000s ]
ERR: 无法加载模块:Vod-play-id-1181-src-1-num-1.html

[ 2018-01-23T17:38:30+08:00 ] 42.236.48.179 /index.php?m=vod-list-id-4-pg-1-order--by--class--year-2004-letter--area--lang-.html
INFO: [ app_init ] --START--
INFO: Run Behavior\BuildLiteBehavior [ RunTime:0.000000s ]
INFO: [ app_init ] --END-- [ RunTime:0.000977s ]
ERR: 无法加载模块:Vod-list-id-4-pg-1-order--by--class--year-2004-letter--area--lang-.html

