[ 2018-01-09T23:10:24+08:00 ] 42.236.102.228 /index.php?s=gb-show-id-1223.html
INFO: [ app_init ] --START--
INFO: Run Behavior\BuildLiteBehavior [ RunTime:0.000000s ]
INFO: [ app_init ] --END-- [ RunTime:0.000000s ]
ERR: 无法加载模块:Gb-show-id-1223

[ 2018-01-09T23:10:24+08:00 ] 42.236.102.230 /index.php?s=gb-show-id-457.html
INFO: [ app_init ] --START--
INFO: Run Behavior\BuildLiteBehavior [ RunTime:0.000000s ]
INFO: [ app_init ] --END-- [ RunTime:0.000977s ]
ERR: 无法加载模块:Gb-show-id-457

[ 2018-01-09T23:10:24+08:00 ] 42.236.10.103 /index.php?s=vod-play-id-343-sid-0-pid-1.html
INFO: [ app_init ] --START--
INFO: Run Behavior\BuildLiteBehavior [ RunTime:0.000000s ]
INFO: [ app_init ] --END-- [ RunTime:0.000000s ]
ERR: 无法加载模块:Vod-play-id-343-sid-0-pid-1

[ 2018-01-09T23:10:24+08:00 ] 42.236.102.156 /index.php?m=vod-list-id-4-pg-1-order--by--class-0-year-2011-letter--area-%E6%B3%95%E5%9B%BD-lang-.html
INFO: [ app_init ] --START--
INFO: Run Behavior\BuildLiteBehavior [ RunTime:0.000000s ]
INFO: [ app_init ] --END-- [ RunTime:0.000000s ]
ERR: 无法加载模块:Vod-list-id-4-pg-1-order--by--class-0-year-2011-letter--area-法国-lang-.html

[ 2018-01-09T23:10:24+08:00 ] 180.153.236.109 /index.php?m=vod-play-id-1766-src-1-num-1.html
INFO: [ app_init ] --START--
INFO: Run Behavior\BuildLiteBehavior [ RunTime:0.000000s ]
INFO: [ app_init ] --END-- [ RunTime:0.000977s ]
ERR: 无法加载模块:Vod-play-id-1766-src-1-num-1.html

[ 2018-01-09T23:10:24+08:00 ] 180.153.236.109 /index.php?m=vod-play-id-884-src-1-num-1.html
INFO: [ app_init ] --START--
INFO: Run Behavior\BuildLiteBehavior [ RunTime:0.000000s ]
INFO: [ app_init ] --END-- [ RunTime:0.000000s ]
ERR: 无法加载模块:Vod-play-id-884-src-1-num-1.html

[ 2018-01-09T23:10:25+08:00 ] 180.153.234.145 /index.php?m=vod-search-pg-235-starring-yuanyuan-letter-G.html
INFO: [ app_init ] --START--
INFO: Run Behavior\BuildLiteBehavior [ RunTime:0.000000s ]
INFO: [ app_init ] --END-- [ RunTime:0.000977s ]
ERR: 无法加载模块:Vod-search-pg-235-starring-yuanyuan-letter-G.html

[ 2018-01-09T23:10:25+08:00 ] 180.153.236.117 /index.php?s=vod-play-id-968-sid-0-pid-1.html
INFO: [ app_init ] --START--
INFO: Run Behavior\BuildLiteBehavior [ RunTime:0.000000s ]
INFO: [ app_init ] --END-- [ RunTime:0.000000s ]
ERR: 无法加载模块:Vod-play-id-968-sid-0-pid-1

[ 2018-01-09T23:10:25+08:00 ] 42.236.49.228 /index.php?s=vod-play-id-363-sid-0-pid-1.html
INFO: [ app_init ] --START--
INFO: Run Behavior\BuildLiteBehavior [ RunTime:0.000000s ]
INFO: [ app_init ] --END-- [ RunTime:0.000977s ]
ERR: 无法加载模块:Vod-play-id-363-sid-0-pid-1

[ 2018-01-09T23:10:25+08:00 ] 42.236.57.71 /index.php?m=vod-list-id-2-pg-1-order--by--class-0-year-0-letter-E-area-%E6%97%A5%E6%9C%AC-lang-.html
INFO: [ app_init ] --START--
INFO: Run Behavior\BuildLiteBehavior [ RunTime:0.000000s ]
INFO: [ app_init ] --END-- [ RunTime:0.000977s ]
ERR: 无法加载模块:Vod-list-id-2-pg-1-order--by--class-0-year-0-letter-E-area-日本-lang-.html

[ 2018-01-09T23:10:25+08:00 ] 180.153.236.133 /index.php?s=gb-show-p-2061.html
INFO: [ app_init ] --START--
INFO: Run Behavior\BuildLiteBehavior [ RunTime:0.000000s ]
INFO: [ app_init ] --END-- [ RunTime:0.000000s ]
ERR: 无法加载模块:Gb-show-p-2061

[ 2018-01-09T23:10:25+08:00 ] 180.153.236.165 /index.php?m=vod-list-id-2-pg-1-order--by--class-0-year-0-letter-E-area-%E5%8F%B0%E6%B9%BE-lang-.html
INFO: [ app_init ] --START--
INFO: Run Behavior\BuildLiteBehavior [ RunTime:0.000000s ]
INFO: [ app_init ] --END-- [ RunTime:0.000000s ]
ERR: 无法加载模块:Vod-list-id-2-pg-1-order--by--class-0-year-0-letter-E-area-台湾-lang-.html

[ 2018-01-09T23:10:25+08:00 ] 180.153.236.19 /index.php?s=vod-play-id-1118-sid-0-pid-1.html
INFO: [ app_init ] --START--
INFO: Run Behavior\BuildLiteBehavior [ RunTime:0.000000s ]
INFO: [ app_init ] --END-- [ RunTime:0.000976s ]
ERR: 无法加载模块:Vod-play-id-1118-sid-0-pid-1

[ 2018-01-09T23:10:26+08:00 ] 42.236.10.71 /index.php?m=vod-list-id-4-pg-1-order--by--class--year--letter-H-area--lang-.html
INFO: [ app_init ] --START--
INFO: Run Behavior\BuildLiteBehavior [ RunTime:0.000000s ]
INFO: [ app_init ] --END-- [ RunTime:0.000977s ]
ERR: 无法加载模块:Vod-list-id-4-pg-1-order--by--class--year--letter-H-area--lang-.html

