[ 2018-02-16T01:36:39+08:00 ] 42.236.48.82 /index.php?m=vod-play-id-2363-src-1-num-1.html
INFO: [ app_init ] --START--
INFO: Run Behavior\BuildLiteBehavior [ RunTime:0.000000s ]
INFO: [ app_init ] --END-- [ RunTime:0.000977s ]
ERR: 无法加载模块:Vod-play-id-2363-src-1-num-1.html

[ 2018-02-16T01:36:40+08:00 ] 42.236.39.173 /index.php?s=gb-show-id-1534.html
INFO: [ app_init ] --START--
INFO: Run Behavior\BuildLiteBehavior [ RunTime:0.000000s ]
INFO: [ app_init ] --END-- [ RunTime:0.000000s ]
ERR: 无法加载模块:Gb-show-id-1534

[ 2018-02-16T01:36:40+08:00 ] 42.236.50.239 /index.php?m=vod-play-id-384-src-1-num-1.html
INFO: [ app_init ] --START--
INFO: Run Behavior\BuildLiteBehavior [ RunTime:0.000000s ]
INFO: [ app_init ] --END-- [ RunTime:0.000000s ]
ERR: 无法加载模块:Vod-play-id-384-src-1-num-1.html

[ 2018-02-16T01:36:40+08:00 ] 42.236.104.43 /index.php?m=vod-search-pg-237-starring-yuanyuan-area-%E8%A5%BF%E7%8F%AD%E7%89%99.html
INFO: [ app_init ] --START--
INFO: Run Behavior\BuildLiteBehavior [ RunTime:0.000000s ]
INFO: [ app_init ] --END-- [ RunTime:0.000000s ]
ERR: 无法加载模块:Vod-search-pg-237-starring-yuanyuan-area-西班牙.html

[ 2018-02-16T01:36:40+08:00 ] 180.153.236.181 /index.php?m=vod-list-id-5-pg-11-order--by--class-0-year-0-letter--area-%E5%A4%A7%E9%99%86-lang-.html
INFO: [ app_init ] --START--
INFO: Run Behavior\BuildLiteBehavior [ RunTime:0.000000s ]
INFO: [ app_init ] --END-- [ RunTime:0.000000s ]
ERR: 无法加载模块:Vod-list-id-5-pg-11-order--by--class-0-year-0-letter--area-大陆-lang-.html

[ 2018-02-16T01:36:40+08:00 ] 180.153.236.181 /index.php?s=vod-play-id-209-sid-0-pid-1.html
INFO: [ app_init ] --START--
INFO: Run Behavior\BuildLiteBehavior [ RunTime:0.000000s ]
INFO: [ app_init ] --END-- [ RunTime:0.000976s ]
ERR: 无法加载模块:Vod-play-id-209-sid-0-pid-1

[ 2018-02-16T01:36:40+08:00 ] 42.236.10.108 /index.php?s=vod-play-id-211-sid-0-pid-1.html
INFO: [ app_init ] --START--
INFO: Run Behavior\BuildLiteBehavior [ RunTime:0.000000s ]
INFO: [ app_init ] --END-- [ RunTime:0.000000s ]
ERR: 无法加载模块:Vod-play-id-211-sid-0-pid-1

[ 2018-02-16T01:36:40+08:00 ] 42.236.10.74 /index.php?m=vod-list-id-3-pg-1-order--by--class-0-year-2005-letter--area--lang-.html
INFO: [ app_init ] --START--
INFO: Run Behavior\BuildLiteBehavior [ RunTime:0.000000s ]
INFO: [ app_init ] --END-- [ RunTime:0.000977s ]
ERR: 无法加载模块:Vod-list-id-3-pg-1-order--by--class-0-year-2005-letter--area--lang-.html

[ 2018-02-16T01:36:40+08:00 ] 42.236.10.111 /index.php?s=vod-play-id-972-sid-0-pid-1.html
INFO: [ app_init ] --START--
INFO: Run Behavior\BuildLiteBehavior [ RunTime:0.000000s ]
INFO: [ app_init ] --END-- [ RunTime:0.000000s ]
ERR: 无法加载模块:Vod-play-id-972-sid-0-pid-1

[ 2018-02-16T01:36:40+08:00 ] 42.236.49.176 /index.php?s=gb-show-p-3027.html
INFO: [ app_init ] --START--
INFO: Run Behavior\BuildLiteBehavior [ RunTime:0.000976s ]
INFO: [ app_init ] --END-- [ RunTime:0.000976s ]
ERR: 无法加载模块:Gb-show-p-3027

[ 2018-02-16T01:36:40+08:00 ] 42.236.102.162 /index.php?m=vod-play-id-2226-src-1-num-1.html
INFO: [ app_init ] --START--
INFO: Run Behavior\BuildLiteBehavior [ RunTime:0.000000s ]
INFO: [ app_init ] --END-- [ RunTime:0.000976s ]
ERR: 无法加载模块:Vod-play-id-2226-src-1-num-1.html

[ 2018-02-16T01:36:40+08:00 ] 42.236.102.221 /index.php?s=gb-show-id-1699.html
INFO: [ app_init ] --START--
INFO: Run Behavior\BuildLiteBehavior [ RunTime:0.000000s ]
INFO: [ app_init ] --END-- [ RunTime:0.000000s ]
ERR: 无法加载模块:Gb-show-id-1699

[ 2018-02-16T01:36:40+08:00 ] 42.236.48.92 /index.php?m=vod-play-id-1694-src-1-num-1.html
INFO: [ app_init ] --START--
INFO: Run Behavior\BuildLiteBehavior [ RunTime:0.000000s ]
INFO: [ app_init ] --END-- [ RunTime:0.000000s ]
ERR: 无法加载模块:Vod-play-id-1694-src-1-num-1.html

[ 2018-02-16T01:36:41+08:00 ] 180.153.236.117 /index.php?m=vod-list-id-2-pg-1-order--by--class-0-year-2003-letter-W-area--lang-.html
INFO: [ app_init ] --START--
INFO: Run Behavior\BuildLiteBehavior [ RunTime:0.000000s ]
INFO: [ app_init ] --END-- [ RunTime:0.000977s ]
ERR: 无法加载模块:Vod-list-id-2-pg-1-order--by--class-0-year-2003-letter-W-area--lang-.html

[ 2018-02-16T01:36:41+08:00 ] 42.236.39.164 /index.php?s=gb-show-id-1892.html
INFO: [ app_init ] --START--
INFO: Run Behavior\BuildLiteBehavior [ RunTime:0.000000s ]
INFO: [ app_init ] --END-- [ RunTime:0.000977s ]
ERR: 无法加载模块:Gb-show-id-1892

[ 2018-02-16T01:36:41+08:00 ] 42.236.50.239 /index.php?s=vod-play-id-1102-sid-0-pid-1.html
INFO: [ app_init ] --START--
INFO: Run Behavior\BuildLiteBehavior [ RunTime:0.000000s ]
INFO: [ app_init ] --END-- [ RunTime:0.000977s ]
ERR: 无法加载模块:Vod-play-id-1102-sid-0-pid-1

[ 2018-02-16T01:36:41+08:00 ] 42.236.31.142 /index.php?m=vod-play-id-746-src-1-num-1.html
INFO: [ app_init ] --START--
INFO: Run Behavior\BuildLiteBehavior [ RunTime:0.000000s ]
INFO: [ app_init ] --END-- [ RunTime:0.000000s ]
ERR: 无法加载模块:Vod-play-id-746-src-1-num-1.html

[ 2018-02-16T01:36:41+08:00 ] 42.236.102.246 /index.php?m=vod-play-id-1471-src-1-num-1.html
INFO: [ app_init ] --START--
INFO: Run Behavior\BuildLiteBehavior [ RunTime:0.000000s ]
INFO: [ app_init ] --END-- [ RunTime:0.000000s ]
ERR: 无法加载模块:Vod-play-id-1471-src-1-num-1.html

[ 2018-02-16T01:36:41+08:00 ] 42.236.50.42 /index.php?s=vod-play-id-1134-sid-0-pid-1.html
INFO: [ app_init ] --START--
INFO: Run Behavior\BuildLiteBehavior [ RunTime:0.000000s ]
INFO: [ app_init ] --END-- [ RunTime:0.000000s ]
ERR: 无法加载模块:Vod-play-id-1134-sid-0-pid-1

[ 2018-02-16T01:36:41+08:00 ] 180.153.236.67 /index.php?m=vod-play-id-1219-src-1-num-1.html
INFO: [ app_init ] --START--
INFO: Run Behavior\BuildLiteBehavior [ RunTime:0.000000s ]
INFO: [ app_init ] --END-- [ RunTime:0.000976s ]
ERR: 无法加载模块:Vod-play-id-1219-src-1-num-1.html

[ 2018-02-16T01:36:41+08:00 ] 42.236.50.82 /index.php?s=vod-play-id-1438-sid-0-pid-1.html
INFO: [ app_init ] --START--
INFO: Run Behavior\BuildLiteBehavior [ RunTime:0.000000s ]
INFO: [ app_init ] --END-- [ RunTime:0.000000s ]
ERR: 无法加载模块:Vod-play-id-1438-sid-0-pid-1

[ 2018-02-16T01:36:41+08:00 ] 42.236.49.248 /index.php?m=vod-list-id-1-pg-1-order--by--class-0-year-2001-letter--area-%E6%B3%95%E5%9B%BD-lang-.html
INFO: [ app_init ] --START--
INFO: Run Behavior\BuildLiteBehavior [ RunTime:0.000000s ]
INFO: [ app_init ] --END-- [ RunTime:0.000977s ]
ERR: 无法加载模块:Vod-list-id-1-pg-1-order--by--class-0-year-2001-letter--area-法国-lang-.html

[ 2018-02-16T01:36:41+08:00 ] 42.236.102.201 /index.php?m=vod-play-id-18-src-1-num-1.html
INFO: [ app_init ] --START--
INFO: Run Behavior\BuildLiteBehavior [ RunTime:0.000000s ]
INFO: [ app_init ] --END-- [ RunTime:0.000977s ]
ERR: 无法加载模块:Vod-play-id-18-src-1-num-1.html

[ 2018-02-16T01:36:41+08:00 ] 42.236.50.176 /index.php?s=vod-play-id-1214-sid-0-pid-1.html
INFO: [ app_init ] --START--
INFO: Run Behavior\BuildLiteBehavior [ RunTime:0.000000s ]
INFO: [ app_init ] --END-- [ RunTime:0.000977s ]
ERR: 无法加载模块:Vod-play-id-1214-sid-0-pid-1

[ 2018-02-16T01:36:41+08:00 ] 42.236.48.159 /index.php?s=vod-play-id-510-sid-0-pid-1.html
INFO: [ app_init ] --START--
INFO: Run Behavior\BuildLiteBehavior [ RunTime:0.000000s ]
INFO: [ app_init ] --END-- [ RunTime:0.000000s ]
ERR: 无法加载模块:Vod-play-id-510-sid-0-pid-1

[ 2018-02-16T01:36:41+08:00 ] 42.236.10.102 /index.php?m=vod-play-id-255-src-1-num-1.html
INFO: [ app_init ] --START--
INFO: Run Behavior\BuildLiteBehavior [ RunTime:0.000000s ]
INFO: [ app_init ] --END-- [ RunTime:0.000000s ]
ERR: 无法加载模块:Vod-play-id-255-src-1-num-1.html

[ 2018-02-16T01:36:41+08:00 ] 180.153.236.11 /index.php?s=gb-show-id-979.html
INFO: [ app_init ] --START--
INFO: Run Behavior\BuildLiteBehavior [ RunTime:0.000000s ]
INFO: [ app_init ] --END-- [ RunTime:0.000000s ]
ERR: 无法加载模块:Gb-show-id-979

[ 2018-02-16T01:36:41+08:00 ] 42.236.50.239 /index.php?m=vod-search-pg-5-starring-yuanyuan-letter-Y.html
INFO: [ app_init ] --START--
INFO: Run Behavior\BuildLiteBehavior [ RunTime:0.000000s ]
INFO: [ app_init ] --END-- [ RunTime:0.000976s ]
ERR: 无法加载模块:Vod-search-pg-5-starring-yuanyuan-letter-Y.html

[ 2018-02-16T01:36:42+08:00 ] 42.236.104.31 /index.php?m=vod-play-id-2306-src-1-num-1.html
INFO: [ app_init ] --START--
INFO: Run Behavior\BuildLiteBehavior [ RunTime:0.000000s ]
INFO: [ app_init ] --END-- [ RunTime:0.000977s ]
ERR: 无法加载模块:Vod-play-id-2306-src-1-num-1.html

[ 2018-02-16T01:36:42+08:00 ] 180.153.236.109 /index.php?m=vod-list-id-2-pg-1-order--by--class-26-year-0-letter-L-area--lang-.html
INFO: [ app_init ] --START--
INFO: Run Behavior\BuildLiteBehavior [ RunTime:0.000000s ]
INFO: [ app_init ] --END-- [ RunTime:0.000000s ]
ERR: 无法加载模块:Vod-list-id-2-pg-1-order--by--class-26-year-0-letter-L-area--lang-.html

[ 2018-02-16T01:36:42+08:00 ] 42.236.10.84 /index.php?m=vod-play-id-634-src-1-num-1.html
INFO: [ app_init ] --START--
INFO: Run Behavior\BuildLiteBehavior [ RunTime:0.000000s ]
INFO: [ app_init ] --END-- [ RunTime:0.000000s ]
ERR: 无法加载模块:Vod-play-id-634-src-1-num-1.html

[ 2018-02-16T01:36:42+08:00 ] 42.236.49.176 /index.php?m=vod-play-id-2136-src-1-num-1.html
INFO: [ app_init ] --START--
INFO: Run Behavior\BuildLiteBehavior [ RunTime:0.000000s ]
INFO: [ app_init ] --END-- [ RunTime:0.000000s ]
ERR: 无法加载模块:Vod-play-id-2136-src-1-num-1.html

[ 2018-02-16T01:36:42+08:00 ] 42.236.49.219 /index.php?s=gb-show-id-1561.html
INFO: [ app_init ] --START--
INFO: Run Behavior\BuildLiteBehavior [ RunTime:0.000000s ]
INFO: [ app_init ] --END-- [ RunTime:0.000000s ]
ERR: 无法加载模块:Gb-show-id-1561

[ 2018-02-16T19:21:05+08:00 ] 42.236.48.114 /index.php?s=vod-play-id-1988-sid-0-pid-1.html
INFO: [ app_init ] --START--
INFO: Run Behavior\BuildLiteBehavior [ RunTime:0.000977s ]
INFO: [ app_init ] --END-- [ RunTime:0.000977s ]
ERR: 无法加载模块:Vod-play-id-1988-sid-0-pid-1

[ 2018-02-16T21:56:05+08:00 ] 140.205.225.185 /index.php?m=member&c=index&a=register&siteid=1
INFO: [ app_init ] --START--
INFO: Run Behavior\BuildLiteBehavior [ RunTime:0.000000s ]
INFO: [ app_init ] --END-- [ RunTime:0.000000s ]
ERR: 无法加载模块:Member

[ 2018-02-16T22:24:42+08:00 ] 140.205.225.185 /index.php?m=wap&a=index&siteid=1
INFO: [ app_init ] --START--
INFO: Run Behavior\BuildLiteBehavior [ RunTime:0.000000s ]
INFO: [ app_init ] --END-- [ RunTime:0.000000s ]
ERR: 无法加载模块:Wap

