[ 2018-06-18T06:51:53+08:00 ] 192.151.145.178 /index.php?m=vod-play-id-139-src-1-num-1.html
INFO: [ app_init ] --START--
INFO: Run Behavior\BuildLiteBehavior [ RunTime:0.000000s ]
INFO: [ app_init ] --END-- [ RunTime:0.000000s ]
ERR: 无法加载模块:Vod-play-id-139-src-1-num-1.html

[ 2018-06-18T06:52:05+08:00 ] 192.151.145.178 /index.php?m=vod-play-id-140-src-1-num-1.html
INFO: [ app_init ] --START--
INFO: Run Behavior\BuildLiteBehavior [ RunTime:0.000000s ]
INFO: [ app_init ] --END-- [ RunTime:0.000000s ]
ERR: 无法加载模块:Vod-play-id-140-src-1-num-1.html

[ 2018-06-18T06:52:15+08:00 ] 192.151.145.178 /index.php?m=vod-play-id-141-src-1-num-1.html
INFO: [ app_init ] --START--
INFO: Run Behavior\BuildLiteBehavior [ RunTime:0.000000s ]
INFO: [ app_init ] --END-- [ RunTime:0.000000s ]
ERR: 无法加载模块:Vod-play-id-141-src-1-num-1.html

[ 2018-06-18T06:52:21+08:00 ] 192.151.145.178 /index.php?m=vod-play-id-142-src-1-num-1.html
INFO: [ app_init ] --START--
INFO: Run Behavior\BuildLiteBehavior [ RunTime:0.000000s ]
INFO: [ app_init ] --END-- [ RunTime:0.000000s ]
ERR: 无法加载模块:Vod-play-id-142-src-1-num-1.html

[ 2018-06-18T06:52:32+08:00 ] 192.151.145.178 /index.php?m=vod-play-id-143-src-1-num-1.html
INFO: [ app_init ] --START--
INFO: Run Behavior\BuildLiteBehavior [ RunTime:0.000000s ]
INFO: [ app_init ] --END-- [ RunTime:0.000000s ]
ERR: 无法加载模块:Vod-play-id-143-src-1-num-1.html

[ 2018-06-18T06:52:46+08:00 ] 192.151.145.178 /index.php?m=vod-play-id-144-src-1-num-1.html
INFO: [ app_init ] --START--
INFO: Run Behavior\BuildLiteBehavior [ RunTime:0.000000s ]
INFO: [ app_init ] --END-- [ RunTime:0.000000s ]
ERR: 无法加载模块:Vod-play-id-144-src-1-num-1.html

[ 2018-06-18T06:52:56+08:00 ] 192.151.145.178 /index.php?m=vod-play-id-145-src-1-num-1.html
INFO: [ app_init ] --START--
INFO: Run Behavior\BuildLiteBehavior [ RunTime:0.000000s ]
INFO: [ app_init ] --END-- [ RunTime:0.000000s ]
ERR: 无法加载模块:Vod-play-id-145-src-1-num-1.html

[ 2018-06-18T06:53:06+08:00 ] 192.151.145.178 /index.php?m=vod-play-id-146-src-1-num-1.html
INFO: [ app_init ] --START--
INFO: Run Behavior\BuildLiteBehavior [ RunTime:0.000000s ]
INFO: [ app_init ] --END-- [ RunTime:0.000000s ]
ERR: 无法加载模块:Vod-play-id-146-src-1-num-1.html

[ 2018-06-18T06:53:17+08:00 ] 192.151.145.178 /index.php?m=vod-play-id-1468-src-1-num-1.html
INFO: [ app_init ] --START--
INFO: Run Behavior\BuildLiteBehavior [ RunTime:0.000000s ]
INFO: [ app_init ] --END-- [ RunTime:0.000000s ]
ERR: 无法加载模块:Vod-play-id-1468-src-1-num-1.html

[ 2018-06-18T06:53:25+08:00 ] 192.151.145.178 /index.php?m=vod-play-id-147-src-1-num-1.html
INFO: [ app_init ] --START--
INFO: Run Behavior\BuildLiteBehavior [ RunTime:0.000000s ]
INFO: [ app_init ] --END-- [ RunTime:0.000000s ]
ERR: 无法加载模块:Vod-play-id-147-src-1-num-1.html

[ 2018-06-18T06:53:34+08:00 ] 192.151.145.178 /index.php?m=vod-play-id-1470-src-1-num-1.html
INFO: [ app_init ] --START--
INFO: Run Behavior\BuildLiteBehavior [ RunTime:0.000000s ]
INFO: [ app_init ] --END-- [ RunTime:0.000000s ]
ERR: 无法加载模块:Vod-play-id-1470-src-1-num-1.html

[ 2018-06-18T06:53:41+08:00 ] 192.151.145.178 /index.php?m=vod-play-id-1479-src-1-num-1.html
INFO: [ app_init ] --START--
INFO: Run Behavior\BuildLiteBehavior [ RunTime:0.000000s ]
INFO: [ app_init ] --END-- [ RunTime:0.000000s ]
ERR: 无法加载模块:Vod-play-id-1479-src-1-num-1.html

[ 2018-06-18T06:53:53+08:00 ] 192.151.145.178 /index.php?m=vod-play-id-148-src-1-num-1.html
INFO: [ app_init ] --START--
INFO: Run Behavior\BuildLiteBehavior [ RunTime:0.000000s ]
INFO: [ app_init ] --END-- [ RunTime:0.000000s ]
ERR: 无法加载模块:Vod-play-id-148-src-1-num-1.html

[ 2018-06-18T06:54:03+08:00 ] 192.151.145.178 /index.php?m=vod-play-id-149-src-1-num-1.html
INFO: [ app_init ] --START--
INFO: Run Behavior\BuildLiteBehavior [ RunTime:0.000000s ]
INFO: [ app_init ] --END-- [ RunTime:0.000000s ]
ERR: 无法加载模块:Vod-play-id-149-src-1-num-1.html

[ 2018-06-18T06:54:16+08:00 ] 192.151.145.178 /index.php?m=vod-play-id-150-src-1-num-1.html
INFO: [ app_init ] --START--
INFO: Run Behavior\BuildLiteBehavior [ RunTime:0.000000s ]
INFO: [ app_init ] --END-- [ RunTime:0.000000s ]
ERR: 无法加载模块:Vod-play-id-150-src-1-num-1.html

[ 2018-06-18T06:54:25+08:00 ] 192.151.145.178 /index.php?s=vod-search-actor-%E5%B0%BC%E5%8F%A4%E6%8B%89%E6%96%AF%C2%B7%E5%87%AF%E5%A5%87.html
INFO: [ app_init ] --START--
INFO: Run Behavior\BuildLiteBehavior [ RunTime:0.000000s ]
INFO: [ app_init ] --END-- [ RunTime:0.000000s ]
ERR: 无法加载模块:Vod-search-actor-尼古拉斯·凯奇

[ 2018-06-18T06:54:35+08:00 ] 192.151.145.178 /index.php?s=vod-search-actor-%E5%B8%83%E6%8B%89%E5%BE%B7%C2%B7%E7%9A%AE%E7%89%B9.html
INFO: [ app_init ] --START--
INFO: Run Behavior\BuildLiteBehavior [ RunTime:0.000000s ]
INFO: [ app_init ] --END-- [ RunTime:0.000000s ]
ERR: 无法加载模块:Vod-search-actor-布拉德·皮特

[ 2018-06-18T06:54:40+08:00 ] 192.151.145.178 /index.php?s=vod-search-actor-%E5%BC%A0%E5%AE%B6%E8%BE%89.html
INFO: [ app_init ] --START--
INFO: Run Behavior\BuildLiteBehavior [ RunTime:0.000000s ]
INFO: [ app_init ] --END-- [ RunTime:0.000000s ]
ERR: 无法加载模块:Vod-search-actor-张家辉

[ 2018-06-18T06:54:51+08:00 ] 192.151.145.178 /index.php?s=vod-search-actor-%E5%BC%A0%E6%9F%8F%E8%8A%9D.html
INFO: [ app_init ] --START--
INFO: Run Behavior\BuildLiteBehavior [ RunTime:0.000000s ]
INFO: [ app_init ] --END-- [ RunTime:0.000000s ]
ERR: 无法加载模块:Vod-search-actor-张柏芝

[ 2018-06-18T06:54:56+08:00 ] 192.151.145.178 /index.php?s=vod-search-actor-%E6%88%90%E9%BE%99.html
INFO: [ app_init ] --START--
INFO: Run Behavior\BuildLiteBehavior [ RunTime:0.000000s ]
INFO: [ app_init ] --END-- [ RunTime:0.000000s ]
ERR: 无法加载模块:Vod-search-actor-成龙

[ 2018-06-18T06:55:06+08:00 ] 192.151.145.178 /index.php?s=vod-search-actor-%E6%9D%8E%E8%BF%9E%E6%9D%B0.html
INFO: [ app_init ] --START--
INFO: Run Behavior\BuildLiteBehavior [ RunTime:0.000000s ]
INFO: [ app_init ] --END-- [ RunTime:0.000000s ]
ERR: 无法加载模块:Vod-search-actor-李连杰

[ 2018-06-18T06:55:14+08:00 ] 192.151.145.178 /index.php?s=vod-search-actor-%E7%94%84%E5%AD%90%E4%B8%B9.html
INFO: [ app_init ] --START--
INFO: Run Behavior\BuildLiteBehavior [ RunTime:0.000000s ]
INFO: [ app_init ] --END-- [ RunTime:0.000000s ]
ERR: 无法加载模块:Vod-search-actor-甄子丹

[ 2018-06-18T06:55:24+08:00 ] 192.151.145.178 /index.php?s=vod-search-actor-%E8%88%92%E6%B7%87.html
INFO: [ app_init ] --START--
INFO: Run Behavior\BuildLiteBehavior [ RunTime:0.000000s ]
INFO: [ app_init ] --END-- [ RunTime:0.000000s ]
ERR: 无法加载模块:Vod-search-actor-舒淇

[ 2018-06-18T06:55:33+08:00 ] 192.151.145.178 /index.php?s=vod-search-actor-%E8%91%9B%E4%BC%98.html
INFO: [ app_init ] --START--
INFO: Run Behavior\BuildLiteBehavior [ RunTime:0.000000s ]
INFO: [ app_init ] --END-- [ RunTime:0.000000s ]
ERR: 无法加载模块:Vod-search-actor-葛优

[ 2018-06-18T06:55:40+08:00 ] 192.151.145.178 /index.php?s=vod-search-actor-%E8%B0%A2%E9%9C%86%E9%94%8B.html
INFO: [ app_init ] --START--
INFO: Run Behavior\BuildLiteBehavior [ RunTime:0.000000s ]
INFO: [ app_init ] --END-- [ RunTime:0.000000s ]
ERR: 无法加载模块:Vod-search-actor-谢霆锋

[ 2018-06-18T06:55:55+08:00 ] 192.151.145.178 /index.php?s=vod-search-actor-.html
INFO: [ app_init ] --START--
INFO: Run Behavior\BuildLiteBehavior [ RunTime:0.000000s ]
INFO: [ app_init ] --END-- [ RunTime:0.000000s ]
ERR: 无法加载模块:Vod-search-actor-

[ 2018-06-18T06:56:07+08:00 ] 192.151.145.178 /index.php?s=vod-search-area-%E5%8F%B0%E6%B9%BE.html
INFO: [ app_init ] --START--
INFO: Run Behavior\BuildLiteBehavior [ RunTime:0.000000s ]
INFO: [ app_init ] --END-- [ RunTime:0.000000s ]
ERR: 无法加载模块:Vod-search-area-台湾

[ 2018-06-18T06:56:19+08:00 ] 192.151.145.178 /index.php?s=vod-search-area-%E5%A4%A7%E9%99%86.html
INFO: [ app_init ] --START--
INFO: Run Behavior\BuildLiteBehavior [ RunTime:0.000000s ]
INFO: [ app_init ] --END-- [ RunTime:0.000000s ]
ERR: 无法加载模块:Vod-search-area-大陆

[ 2018-06-18T06:56:26+08:00 ] 192.151.145.178 /index.php?s=vod-search-area-%E5%BE%B7%E5%9B%BD.html
INFO: [ app_init ] --START--
INFO: Run Behavior\BuildLiteBehavior [ RunTime:0.000000s ]
INFO: [ app_init ] --END-- [ RunTime:0.000000s ]
ERR: 无法加载模块:Vod-search-area-德国

[ 2018-06-18T06:56:33+08:00 ] 192.151.145.178 /index.php?s=vod-search-area-%E6%96%B0%E5%8A%A0%E5%9D%A1.html
INFO: [ app_init ] --START--
INFO: Run Behavior\BuildLiteBehavior [ RunTime:0.000000s ]
INFO: [ app_init ] --END-- [ RunTime:0.000000s ]
ERR: 无法加载模块:Vod-search-area-新加坡

