[ 2018-02-10T23:06:59+08:00 ] 42.236.10.85 /index.php?s=gb-show-id-1496.html
INFO: [ app_init ] --START--
INFO: Run Behavior\BuildLiteBehavior [ RunTime:0.000000s ]
INFO: [ app_init ] --END-- [ RunTime:0.000977s ]
ERR: 无法加载模块:Gb-show-id-1496

[ 2018-02-10T23:06:59+08:00 ] 180.153.236.173 /index.php?m=vod-list-id-4-pg-1-order--by--class--year-2009-letter--area--lang-.html
INFO: [ app_init ] --START--
INFO: Run Behavior\BuildLiteBehavior [ RunTime:0.000000s ]
INFO: [ app_init ] --END-- [ RunTime:0.000000s ]
ERR: 无法加载模块:Vod-list-id-4-pg-1-order--by--class--year-2009-letter--area--lang-.html

[ 2018-02-10T23:06:59+08:00 ] 42.236.48.112 /index.php?s=gb-show-id-1528.html
INFO: [ app_init ] --START--
INFO: Run Behavior\BuildLiteBehavior [ RunTime:0.000000s ]
INFO: [ app_init ] --END-- [ RunTime:0.000976s ]
ERR: 无法加载模块:Gb-show-id-1528

[ 2018-02-10T23:06:59+08:00 ] 180.153.236.109 /index.php?m=vod-search-pg-235-starring-yuanyuan-letter-X.html
INFO: [ app_init ] --START--
INFO: Run Behavior\BuildLiteBehavior [ RunTime:0.000000s ]
INFO: [ app_init ] --END-- [ RunTime:0.000000s ]
ERR: 无法加载模块:Vod-search-pg-235-starring-yuanyuan-letter-X.html

[ 2018-02-10T23:06:59+08:00 ] 42.236.48.112 /index.php?s=vod-play-id-14-sid-0-pid-1.html
INFO: [ app_init ] --START--
INFO: Run Behavior\BuildLiteBehavior [ RunTime:0.000000s ]
INFO: [ app_init ] --END-- [ RunTime:0.000000s ]
ERR: 无法加载模块:Vod-play-id-14-sid-0-pid-1

[ 2018-02-10T23:07:00+08:00 ] 42.236.50.101 /index.php?m=vod-play-id-137-src-1-num-1.html
INFO: [ app_init ] --START--
INFO: Run Behavior\BuildLiteBehavior [ RunTime:0.000000s ]
INFO: [ app_init ] --END-- [ RunTime:0.000976s ]
ERR: 无法加载模块:Vod-play-id-137-src-1-num-1.html

[ 2018-02-10T23:07:00+08:00 ] 42.236.49.49 /index.php?s=vod-play-id-1819-sid-0-pid-1.html
INFO: [ app_init ] --START--
INFO: Run Behavior\BuildLiteBehavior [ RunTime:0.000000s ]
INFO: [ app_init ] --END-- [ RunTime:0.000000s ]
ERR: 无法加载模块:Vod-play-id-1819-sid-0-pid-1

[ 2018-02-10T23:07:00+08:00 ] 42.236.39.165 /index.php?m=vod-list-id-4-pg-1-order--by--class-0-year-2012-letter-E-area--lang-.html
INFO: [ app_init ] --START--
INFO: Run Behavior\BuildLiteBehavior [ RunTime:0.000000s ]
INFO: [ app_init ] --END-- [ RunTime:0.000000s ]
ERR: 无法加载模块:Vod-list-id-4-pg-1-order--by--class-0-year-2012-letter-E-area--lang-.html

[ 2018-02-10T23:07:00+08:00 ] 42.236.10.71 /index.php?m=vod-play-id-2320-src-1-num-1.html
INFO: [ app_init ] --START--
INFO: Run Behavior\BuildLiteBehavior [ RunTime:0.000000s ]
INFO: [ app_init ] --END-- [ RunTime:0.000976s ]
ERR: 无法加载模块:Vod-play-id-2320-src-1-num-1.html

[ 2018-02-10T23:07:00+08:00 ] 42.236.10.111 /index.php?m=vod-play-id-356-src-1-num-1.html
INFO: [ app_init ] --START--
INFO: Run Behavior\BuildLiteBehavior [ RunTime:0.000000s ]
INFO: [ app_init ] --END-- [ RunTime:0.000000s ]
ERR: 无法加载模块:Vod-play-id-356-src-1-num-1.html

[ 2018-02-10T23:07:00+08:00 ] 42.236.48.140 /index.php?m=vod-list-id-2-pg-1-order--by--class-0-year-0-letter-G-area-%E5%8F%B0%E6%B9%BE-lang-.html
INFO: [ app_init ] --START--
INFO: Run Behavior\BuildLiteBehavior [ RunTime:0.000000s ]
INFO: [ app_init ] --END-- [ RunTime:0.000000s ]
ERR: 无法加载模块:Vod-list-id-2-pg-1-order--by--class-0-year-0-letter-G-area-台湾-lang-.html

[ 2018-02-10T23:07:00+08:00 ] 42.236.50.38 /index.php?s=vod-play-id-692-sid-0-pid-1.html
INFO: [ app_init ] --START--
INFO: Run Behavior\BuildLiteBehavior [ RunTime:0.000000s ]
INFO: [ app_init ] --END-- [ RunTime:0.000000s ]
ERR: 无法加载模块:Vod-play-id-692-sid-0-pid-1

[ 2018-02-10T23:07:54+08:00 ] 180.153.236.67 /index.php?s=vod-play-id-1050-sid-0-pid-1.html
INFO: [ app_init ] --START--
INFO: Run Behavior\BuildLiteBehavior [ RunTime:0.000000s ]
INFO: [ app_init ] --END-- [ RunTime:0.000977s ]
ERR: 无法加载模块:Vod-play-id-1050-sid-0-pid-1

