[ 2018-04-23T08:16:26+08:00 ] 42.236.49.116 /index.php?s=gb-show-id-1544.html
INFO: [ app_init ] --START--
INFO: Run Behavior\BuildLiteBehavior [ RunTime:0.000000s ]
INFO: [ app_init ] --END-- [ RunTime:0.000000s ]
ERR: 无法加载模块:Gb-show-id-1544

[ 2018-04-23T08:16:26+08:00 ] 42.236.102.201 /index.php?s=gb-show-p-902.html
INFO: [ app_init ] --START--
INFO: Run Behavior\BuildLiteBehavior [ RunTime:0.000000s ]
INFO: [ app_init ] --END-- [ RunTime:0.000000s ]
ERR: 无法加载模块:Gb-show-p-902

[ 2018-04-23T08:16:26+08:00 ] 42.236.49.116 /index.php?s=vod-play-id-1518-sid-0-pid-1.html
INFO: [ app_init ] --START--
INFO: Run Behavior\BuildLiteBehavior [ RunTime:0.000000s ]
INFO: [ app_init ] --END-- [ RunTime:0.000000s ]
ERR: 无法加载模块:Vod-play-id-1518-sid-0-pid-1

[ 2018-04-23T08:16:27+08:00 ] 42.236.39.181 /index.php?s=vod-play-id-432-sid-0-pid-1.html
INFO: [ app_init ] --START--
INFO: Run Behavior\BuildLiteBehavior [ RunTime:0.000000s ]
INFO: [ app_init ] --END-- [ RunTime:0.000000s ]
ERR: 无法加载模块:Vod-play-id-432-sid-0-pid-1

[ 2018-04-23T08:16:27+08:00 ] 42.236.39.181 /index.php?m=vod-search-pg-235-year-2011-starring-yuanyuan.html
INFO: [ app_init ] --START--
INFO: Run Behavior\BuildLiteBehavior [ RunTime:0.000000s ]
INFO: [ app_init ] --END-- [ RunTime:0.000000s ]
ERR: 无法加载模块:Vod-search-pg-235-year-2011-starring-yuanyuan.html

[ 2018-04-23T08:16:27+08:00 ] 42.236.39.181 /index.php?s=gb-show-id-1790.html
INFO: [ app_init ] --START--
INFO: Run Behavior\BuildLiteBehavior [ RunTime:0.000000s ]
INFO: [ app_init ] --END-- [ RunTime:0.000000s ]
ERR: 无法加载模块:Gb-show-id-1790

[ 2018-04-23T08:16:27+08:00 ] 42.236.102.201 /index.php?s=vod-play-id-1929-sid-0-pid-1.html
INFO: [ app_init ] --START--
INFO: Run Behavior\BuildLiteBehavior [ RunTime:0.000000s ]
INFO: [ app_init ] --END-- [ RunTime:0.000000s ]
ERR: 无法加载模块:Vod-play-id-1929-sid-0-pid-1

[ 2018-04-23T08:16:27+08:00 ] 42.236.102.201 /index.php?s=vod-play-id-1392-sid-0-pid-1.html
INFO: [ app_init ] --START--
INFO: Run Behavior\BuildLiteBehavior [ RunTime:0.000000s ]
INFO: [ app_init ] --END-- [ RunTime:0.000000s ]
ERR: 无法加载模块:Vod-play-id-1392-sid-0-pid-1

[ 2018-04-23T08:16:27+08:00 ] 42.236.49.116 /index.php?s=vod-play-id-1833-sid-0-pid-1.html
INFO: [ app_init ] --START--
INFO: Run Behavior\BuildLiteBehavior [ RunTime:0.000000s ]
INFO: [ app_init ] --END-- [ RunTime:0.000000s ]
ERR: 无法加载模块:Vod-play-id-1833-sid-0-pid-1

