[ 2018-01-26T15:55:03+08:00 ] 42.236.50.19 /index.php?m=vod-search-pg-235-starring-yuanyuan-letter-N.html
INFO: [ app_init ] --START--
INFO: Run Behavior\BuildLiteBehavior [ RunTime:0.000000s ]
INFO: [ app_init ] --END-- [ RunTime:0.000977s ]
ERR: 无法加载模块:Vod-search-pg-235-starring-yuanyuan-letter-N.html

[ 2018-01-26T15:55:03+08:00 ] 42.236.49.95 /index.php?s=gb-show-id-1265.html
INFO: [ app_init ] --START--
INFO: Run Behavior\BuildLiteBehavior [ RunTime:0.000000s ]
INFO: [ app_init ] --END-- [ RunTime:0.000000s ]
ERR: 无法加载模块:Gb-show-id-1265

[ 2018-01-26T15:55:03+08:00 ] 42.236.49.118 /index.php?s=vod-play-id-553-sid-0-pid-1.html
INFO: [ app_init ] --START--
INFO: Run Behavior\BuildLiteBehavior [ RunTime:0.000000s ]
INFO: [ app_init ] --END-- [ RunTime:0.000000s ]
ERR: 无法加载模块:Vod-play-id-553-sid-0-pid-1

[ 2018-01-26T15:55:03+08:00 ] 42.236.50.43 /index.php?s=gb-show-p-3277.html
INFO: [ app_init ] --START--
INFO: Run Behavior\BuildLiteBehavior [ RunTime:0.000977s ]
INFO: [ app_init ] --END-- [ RunTime:0.000977s ]
ERR: 无法加载模块:Gb-show-p-3277

[ 2018-01-26T15:55:03+08:00 ] 42.236.10.85 /index.php?m=vod-list-id-2-pg-1-order--by--class-0-year-0-letter-E-area--lang-.html
INFO: [ app_init ] --START--
INFO: Run Behavior\BuildLiteBehavior [ RunTime:0.000000s ]
INFO: [ app_init ] --END-- [ RunTime:0.000976s ]
ERR: 无法加载模块:Vod-list-id-2-pg-1-order--by--class-0-year-0-letter-E-area--lang-.html

[ 2018-01-26T15:55:03+08:00 ] 180.153.236.109 /index.php?m=vod-play-id-106-src-1-num-1.html
INFO: [ app_init ] --START--
INFO: Run Behavior\BuildLiteBehavior [ RunTime:0.000000s ]
INFO: [ app_init ] --END-- [ RunTime:0.000000s ]
ERR: 无法加载模块:Vod-play-id-106-src-1-num-1.html

[ 2018-01-26T15:55:03+08:00 ] 42.236.102.203 /index.php?m=vod-list-id-4-pg-1-order--by--class-0-year-2011-letter-Q-area--lang-.html
INFO: [ app_init ] --START--
INFO: Run Behavior\BuildLiteBehavior [ RunTime:0.000000s ]
INFO: [ app_init ] --END-- [ RunTime:0.000000s ]
ERR: 无法加载模块:Vod-list-id-4-pg-1-order--by--class-0-year-2011-letter-Q-area--lang-.html

[ 2018-01-26T15:55:04+08:00 ] 42.236.39.164 /index.php?s=vod-play-id-1230-sid-0-pid-1.html
INFO: [ app_init ] --START--
INFO: Run Behavior\BuildLiteBehavior [ RunTime:0.000000s ]
INFO: [ app_init ] --END-- [ RunTime:0.000000s ]
ERR: 无法加载模块:Vod-play-id-1230-sid-0-pid-1

