[ 2018-02-19T17:02:09+08:00 ] 64.120.56.210 /index.php?m=vod-list-id-0-pg-1-order--by--class-0-year-0-letter--area-%E4%BF%84%E7%BD%97%E6%96%AF-lang-.html
INFO: [ app_init ] --START--
INFO: Run Behavior\BuildLiteBehavior [ RunTime:0.000000s ]
INFO: [ app_init ] --END-- [ RunTime:0.000000s ]
ERR: 无法加载模块:Vod-list-id-0-pg-1-order--by--class-0-year-0-letter--area-俄罗斯-lang-.html

[ 2018-02-19T21:01:34+08:00 ] 42.236.50.206 /index.php?m=vod-play-id-2416-src-1-num-1.html
INFO: [ app_init ] --START--
INFO: Run Behavior\BuildLiteBehavior [ RunTime:0.000000s ]
INFO: [ app_init ] --END-- [ RunTime:0.000976s ]
ERR: 无法加载模块:Vod-play-id-2416-src-1-num-1.html

[ 2018-02-19T21:01:34+08:00 ] 42.236.102.135 /index.php?s=gb-show-id-634.html
INFO: [ app_init ] --START--
INFO: Run Behavior\BuildLiteBehavior [ RunTime:0.000000s ]
INFO: [ app_init ] --END-- [ RunTime:0.000977s ]
ERR: 无法加载模块:Gb-show-id-634

[ 2018-02-19T21:01:34+08:00 ] 42.236.102.237 /index.php?m=vod-list-id-2-pg-1-order--by--class-0-year-0-letter-G-area-%E9%9F%A9%E5%9B%BD-lang-.html
INFO: [ app_init ] --START--
INFO: Run Behavior\BuildLiteBehavior [ RunTime:0.000000s ]
INFO: [ app_init ] --END-- [ RunTime:0.000977s ]
ERR: 无法加载模块:Vod-list-id-2-pg-1-order--by--class-0-year-0-letter-G-area-韩国-lang-.html

[ 2018-02-19T21:01:34+08:00 ] 42.236.104.46 /index.php?m=vod-list-id-4-pg-1-order--by--class-0-year-2013-letter--area-%E6%96%B0%E5%8A%A0%E5%9D%A1-lang-.html
INFO: [ app_init ] --START--
INFO: Run Behavior\BuildLiteBehavior [ RunTime:0.000000s ]
INFO: [ app_init ] --END-- [ RunTime:0.000976s ]
ERR: 无法加载模块:Vod-list-id-4-pg-1-order--by--class-0-year-2013-letter--area-新加坡-lang-.html

[ 2018-02-19T21:01:34+08:00 ] 42.236.102.180 /index.php?s=vod-play-id-142-sid-0-pid-1.html
INFO: [ app_init ] --START--
INFO: Run Behavior\BuildLiteBehavior [ RunTime:0.000000s ]
INFO: [ app_init ] --END-- [ RunTime:0.000976s ]
ERR: 无法加载模块:Vod-play-id-142-sid-0-pid-1

[ 2018-02-19T21:01:34+08:00 ] 42.236.48.111 /index.php?s=vod-play-id-1769-sid-0-pid-1.html
INFO: [ app_init ] --START--
INFO: Run Behavior\BuildLiteBehavior [ RunTime:0.000000s ]
INFO: [ app_init ] --END-- [ RunTime:0.000000s ]
ERR: 无法加载模块:Vod-play-id-1769-sid-0-pid-1

[ 2018-02-19T21:01:34+08:00 ] 42.236.102.207 /index.php?m=vod-play-id-176-src-1-num-1.html
INFO: [ app_init ] --START--
INFO: Run Behavior\BuildLiteBehavior [ RunTime:0.000000s ]
INFO: [ app_init ] --END-- [ RunTime:0.000000s ]
ERR: 无法加载模块:Vod-play-id-176-src-1-num-1.html

[ 2018-02-19T21:01:34+08:00 ] 42.236.10.100 /index.php?s=gb-show-p-2734.html
INFO: [ app_init ] --START--
INFO: Run Behavior\BuildLiteBehavior [ RunTime:0.000000s ]
INFO: [ app_init ] --END-- [ RunTime:0.000000s ]
ERR: 无法加载模块:Gb-show-p-2734

[ 2018-02-19T21:01:34+08:00 ] 42.236.102.207 /index.php?m=vod-search-pg-235-year-2008-starring-yuanyuan.html
INFO: [ app_init ] --START--
INFO: Run Behavior\BuildLiteBehavior [ RunTime:0.000000s ]
INFO: [ app_init ] --END-- [ RunTime:0.000000s ]
ERR: 无法加载模块:Vod-search-pg-235-year-2008-starring-yuanyuan.html

[ 2018-02-19T21:01:34+08:00 ] 42.236.102.167 /index.php?s=gb-show-id-1439.html
INFO: [ app_init ] --START--
INFO: Run Behavior\BuildLiteBehavior [ RunTime:0.000000s ]
INFO: [ app_init ] --END-- [ RunTime:0.000976s ]
ERR: 无法加载模块:Gb-show-id-1439

[ 2018-02-19T21:01:35+08:00 ] 42.236.102.180 /index.php?s=vod-play-id-1823-sid-0-pid-1.html
INFO: [ app_init ] --START--
INFO: Run Behavior\BuildLiteBehavior [ RunTime:0.000977s ]
INFO: [ app_init ] --END-- [ RunTime:0.000977s ]
ERR: 无法加载模块:Vod-play-id-1823-sid-0-pid-1

[ 2018-02-19T21:01:35+08:00 ] 42.236.49.161 /index.php?s=vod-play-id-1110-sid-0-pid-1.html
INFO: [ app_init ] --START--
INFO: Run Behavior\BuildLiteBehavior [ RunTime:0.000000s ]
INFO: [ app_init ] --END-- [ RunTime:0.000000s ]
ERR: 无法加载模块:Vod-play-id-1110-sid-0-pid-1

