[ 2018-01-02T03:02:43+08:00 ] 180.153.236.35 /index.php?s=gb-show-p-370.html
INFO: [ app_init ] --START--
INFO: Run Behavior\BuildLiteBehavior [ RunTime:0.000000s ]
INFO: [ app_init ] --END-- [ RunTime:0.000000s ]
ERR: 无法加载模块:Gb-show-p-370

[ 2018-01-02T03:02:43+08:00 ] 180.153.236.109 /index.php?m=vod-list-id-1-pg-1-order--by--class-8-year--letter--area--lang-.html
INFO: [ app_init ] --START--
INFO: Run Behavior\BuildLiteBehavior [ RunTime:0.000000s ]
INFO: [ app_init ] --END-- [ RunTime:0.000000s ]
ERR: 无法加载模块:Vod-list-id-1-pg-1-order--by--class-8-year--letter--area--lang-.html

[ 2018-01-02T03:02:46+08:00 ] 42.236.10.83 /index.php?m=vod-play-id-1679-src-1-num-1.html
INFO: [ app_init ] --START--
INFO: Run Behavior\BuildLiteBehavior [ RunTime:0.000000s ]
INFO: [ app_init ] --END-- [ RunTime:0.000000s ]
ERR: 无法加载模块:Vod-play-id-1679-src-1-num-1.html

[ 2018-01-02T03:02:46+08:00 ] 42.236.10.107 /index.php?m=vod-search-pg-235-starring-yuanyuan-classid-9.html
INFO: [ app_init ] --START--
INFO: Run Behavior\BuildLiteBehavior [ RunTime:0.000000s ]
INFO: [ app_init ] --END-- [ RunTime:0.000976s ]
ERR: 无法加载模块:Vod-search-pg-235-starring-yuanyuan-classid-9.html

[ 2018-01-02T03:02:46+08:00 ] 42.236.50.46 /index.php?s=vod-play-id-758-sid-0-pid-1.html
INFO: [ app_init ] --START--
INFO: Run Behavior\BuildLiteBehavior [ RunTime:0.000000s ]
INFO: [ app_init ] --END-- [ RunTime:0.000000s ]
ERR: 无法加载模块:Vod-play-id-758-sid-0-pid-1

[ 2018-01-02T03:02:46+08:00 ] 42.236.57.244 /index.php?m=vod-play-id-1031-src-1-num-1.html
INFO: [ app_init ] --START--
INFO: Run Behavior\BuildLiteBehavior [ RunTime:0.000000s ]
INFO: [ app_init ] --END-- [ RunTime:0.000000s ]
ERR: 无法加载模块:Vod-play-id-1031-src-1-num-1.html

[ 2018-01-02T03:02:46+08:00 ] 42.236.10.112 /index.php?s=gb-show-p-1426.html
INFO: [ app_init ] --START--
INFO: Run Behavior\BuildLiteBehavior [ RunTime:0.000000s ]
INFO: [ app_init ] --END-- [ RunTime:0.000000s ]
ERR: 无法加载模块:Gb-show-p-1426

[ 2018-01-02T03:02:47+08:00 ] 180.153.236.109 /index.php?s=gb-show-id-383.html
INFO: [ app_init ] --START--
INFO: Run Behavior\BuildLiteBehavior [ RunTime:0.000000s ]
INFO: [ app_init ] --END-- [ RunTime:0.000000s ]
ERR: 无法加载模块:Gb-show-id-383

[ 2018-01-02T03:02:47+08:00 ] 42.236.39.177 /index.php?s=vod-play-id-268-sid-0-pid-1.html
INFO: [ app_init ] --START--
INFO: Run Behavior\BuildLiteBehavior [ RunTime:0.000000s ]
INFO: [ app_init ] --END-- [ RunTime:0.000000s ]
ERR: 无法加载模块:Vod-play-id-268-sid-0-pid-1

[ 2018-01-02T03:02:47+08:00 ] 42.236.10.78 /index.php?s=gb-show-id-190.html
INFO: [ app_init ] --START--
INFO: Run Behavior\BuildLiteBehavior [ RunTime:0.000000s ]
INFO: [ app_init ] --END-- [ RunTime:0.000000s ]
ERR: 无法加载模块:Gb-show-id-190

[ 2018-01-02T03:02:47+08:00 ] 42.236.10.75 /index.php?s=vod-play-id-290-sid-0-pid-1.html
INFO: [ app_init ] --START--
INFO: Run Behavior\BuildLiteBehavior [ RunTime:0.000000s ]
INFO: [ app_init ] --END-- [ RunTime:0.000000s ]
ERR: 无法加载模块:Vod-play-id-290-sid-0-pid-1

[ 2018-01-02T03:02:47+08:00 ] 42.236.10.72 /index.php?m=vod-play-id-664-src-1-num-1.html
INFO: [ app_init ] --START--
INFO: Run Behavior\BuildLiteBehavior [ RunTime:0.000000s ]
INFO: [ app_init ] --END-- [ RunTime:0.000000s ]
ERR: 无法加载模块:Vod-play-id-664-src-1-num-1.html

[ 2018-01-02T03:02:47+08:00 ] 42.236.102.222 /index.php?m=vod-list-id-2-pg-1-order--by--class-0-year-0-letter-D-area-%E5%A4%A7%E9%99%86-lang-.html
INFO: [ app_init ] --START--
INFO: Run Behavior\BuildLiteBehavior [ RunTime:0.000000s ]
INFO: [ app_init ] --END-- [ RunTime:0.000000s ]
ERR: 无法加载模块:Vod-list-id-2-pg-1-order--by--class-0-year-0-letter-D-area-大陆-lang-.html

[ 2018-01-02T05:16:31+08:00 ] 173.249.2.90 /index.php?m=vod-list-id-0-pg-1-order--by--class-0-year-0-letter--area-%E4%BF%84%E7%BD%97%E6%96%AF-lang-.html
INFO: [ app_init ] --START--
INFO: Run Behavior\BuildLiteBehavior [ RunTime:0.000000s ]
INFO: [ app_init ] --END-- [ RunTime:0.000000s ]
ERR: 无法加载模块:Vod-list-id-0-pg-1-order--by--class-0-year-0-letter--area-俄罗斯-lang-.html

