[ 2018-02-08T16:14:30+08:00 ] 42.236.10.111 /index.php?s=vod-play-id-381-sid-0-pid-1.html
INFO: [ app_init ] --START--
INFO: Run Behavior\BuildLiteBehavior [ RunTime:0.000000s ]
INFO: [ app_init ] --END-- [ RunTime:0.000000s ]
ERR: 无法加载模块:Vod-play-id-381-sid-0-pid-1

[ 2018-02-08T16:14:30+08:00 ] 42.236.31.137 /index.php?s=gb-show-id-1496.html
INFO: [ app_init ] --START--
INFO: Run Behavior\BuildLiteBehavior [ RunTime:0.000000s ]
INFO: [ app_init ] --END-- [ RunTime:0.000976s ]
ERR: 无法加载模块:Gb-show-id-1496

[ 2018-02-08T16:14:30+08:00 ] 180.153.236.109 /index.php?m=vod-list-id-4-pg-1-order--by--class-0-year-2012-letter-E-area--lang-.html
INFO: [ app_init ] --START--
INFO: Run Behavior\BuildLiteBehavior [ RunTime:0.000000s ]
INFO: [ app_init ] --END-- [ RunTime:0.000000s ]
ERR: 无法加载模块:Vod-list-id-4-pg-1-order--by--class-0-year-2012-letter-E-area--lang-.html

[ 2018-02-08T16:14:30+08:00 ] 42.236.39.173 /index.php?m=vod-play-id-2318-src-1-num-1.html
INFO: [ app_init ] --START--
INFO: Run Behavior\BuildLiteBehavior [ RunTime:0.000000s ]
INFO: [ app_init ] --END-- [ RunTime:0.000977s ]
ERR: 无法加载模块:Vod-play-id-2318-src-1-num-1.html

[ 2018-02-08T16:14:30+08:00 ] 42.236.49.223 /index.php?s=vod-play-id-1818-sid-0-pid-1.html
INFO: [ app_init ] --START--
INFO: Run Behavior\BuildLiteBehavior [ RunTime:0.000000s ]
INFO: [ app_init ] --END-- [ RunTime:0.000976s ]
ERR: 无法加载模块:Vod-play-id-1818-sid-0-pid-1

[ 2018-02-08T16:14:30+08:00 ] 42.236.49.245 /index.php?s=gb-show-id-575.html
INFO: [ app_init ] --START--
INFO: Run Behavior\BuildLiteBehavior [ RunTime:0.000000s ]
INFO: [ app_init ] --END-- [ RunTime:0.000000s ]
ERR: 无法加载模块:Gb-show-id-575

[ 2018-02-08T16:14:30+08:00 ] 42.236.31.142 /index.php?m=vod-list-id-2-pg-1-order--by--class-0-year-0-letter-G-area-%E5%85%B6%E5%AE%83-lang-.html
INFO: [ app_init ] --START--
INFO: Run Behavior\BuildLiteBehavior [ RunTime:0.000000s ]
INFO: [ app_init ] --END-- [ RunTime:0.000000s ]
ERR: 无法加载模块:Vod-list-id-2-pg-1-order--by--class-0-year-0-letter-G-area-其它-lang-.html

[ 2018-02-08T16:14:30+08:00 ] 42.236.102.240 /index.php?m=vod-search-pg-235-starring-yuanyuan-letter-S.html
INFO: [ app_init ] --START--
INFO: Run Behavior\BuildLiteBehavior [ RunTime:0.000000s ]
INFO: [ app_init ] --END-- [ RunTime:0.000000s ]
ERR: 无法加载模块:Vod-search-pg-235-starring-yuanyuan-letter-S.html

[ 2018-02-08T16:14:30+08:00 ] 42.236.10.75 /index.php?m=vod-play-id-742-src-1-num-1.html
INFO: [ app_init ] --START--
INFO: Run Behavior\BuildLiteBehavior [ RunTime:0.000000s ]
INFO: [ app_init ] --END-- [ RunTime:0.000000s ]
ERR: 无法加载模块:Vod-play-id-742-src-1-num-1.html

[ 2018-02-08T16:14:31+08:00 ] 42.236.102.221 /index.php?m=vod-play-id-1971-src-1-num-1.html
INFO: [ app_init ] --START--
INFO: Run Behavior\BuildLiteBehavior [ RunTime:0.000000s ]
INFO: [ app_init ] --END-- [ RunTime:0.000976s ]
ERR: 无法加载模块:Vod-play-id-1971-src-1-num-1.html

[ 2018-02-08T16:14:31+08:00 ] 180.153.236.51 /index.php?s=gb-show-p-4927.html
INFO: [ app_init ] --START--
INFO: Run Behavior\BuildLiteBehavior [ RunTime:0.000000s ]
INFO: [ app_init ] --END-- [ RunTime:0.000000s ]
ERR: 无法加载模块:Gb-show-p-4927

[ 2018-02-08T16:14:31+08:00 ] 42.236.48.33 /index.php?m=vod-list-id-2-pg-1-order--by--class-0-year-0-letter-F-area-%E5%8D%B0%E5%BA%A6-lang-.html
INFO: [ app_init ] --START--
INFO: Run Behavior\BuildLiteBehavior [ RunTime:0.000000s ]
INFO: [ app_init ] --END-- [ RunTime:0.000000s ]
ERR: 无法加载模块:Vod-list-id-2-pg-1-order--by--class-0-year-0-letter-F-area-印度-lang-.html

[ 2018-02-08T16:14:31+08:00 ] 42.236.49.38 /index.php?s=vod-play-id-70-sid-0-pid-1.html
INFO: [ app_init ] --START--
INFO: Run Behavior\BuildLiteBehavior [ RunTime:0.000000s ]
INFO: [ app_init ] --END-- [ RunTime:0.000977s ]
ERR: 无法加载模块:Vod-play-id-70-sid-0-pid-1

[ 2018-02-08T16:14:31+08:00 ] 180.153.236.35 /index.php?m=vod-play-id-1321-src-1-num-1.html
INFO: [ app_init ] --START--
INFO: Run Behavior\BuildLiteBehavior [ RunTime:0.000000s ]
INFO: [ app_init ] --END-- [ RunTime:0.000000s ]
ERR: 无法加载模块:Vod-play-id-1321-src-1-num-1.html

[ 2018-02-08T16:14:31+08:00 ] 42.236.10.106 /index.php?m=vod-search-pg-235-starring-yuanyuan-letter-W.html
INFO: [ app_init ] --START--
INFO: Run Behavior\BuildLiteBehavior [ RunTime:0.000000s ]
INFO: [ app_init ] --END-- [ RunTime:0.000977s ]
ERR: 无法加载模块:Vod-search-pg-235-starring-yuanyuan-letter-W.html

[ 2018-02-08T16:14:31+08:00 ] 42.236.49.72 /index.php?s=gb-show-id-1418.html
INFO: [ app_init ] --START--
INFO: Run Behavior\BuildLiteBehavior [ RunTime:0.000000s ]
INFO: [ app_init ] --END-- [ RunTime:0.000977s ]
ERR: 无法加载模块:Gb-show-id-1418

[ 2018-02-08T16:14:31+08:00 ] 180.153.236.117 /index.php?m=vod-play-id-329-src-1-num-1.html
INFO: [ app_init ] --START--
INFO: Run Behavior\BuildLiteBehavior [ RunTime:0.000000s ]
INFO: [ app_init ] --END-- [ RunTime:0.000000s ]
ERR: 无法加载模块:Vod-play-id-329-src-1-num-1.html

[ 2018-02-08T16:14:31+08:00 ] 42.236.31.137 /index.php?m=vod-list-id-4-pg-1-order--by--class--year-2009-letter--area--lang-.html
INFO: [ app_init ] --START--
INFO: Run Behavior\BuildLiteBehavior [ RunTime:0.000000s ]
INFO: [ app_init ] --END-- [ RunTime:0.000977s ]
ERR: 无法加载模块:Vod-list-id-4-pg-1-order--by--class--year-2009-letter--area--lang-.html

[ 2018-02-08T16:14:31+08:00 ] 42.236.10.107 /index.php?s=vod-play-id-1050-sid-0-pid-1.html
INFO: [ app_init ] --START--
INFO: Run Behavior\BuildLiteBehavior [ RunTime:0.000000s ]
INFO: [ app_init ] --END-- [ RunTime:0.000977s ]
ERR: 无法加载模块:Vod-play-id-1050-sid-0-pid-1

[ 2018-02-08T16:14:31+08:00 ] 180.153.236.67 /index.php?m=vod-play-id-2054-src-1-num-1.html
INFO: [ app_init ] --START--
INFO: Run Behavior\BuildLiteBehavior [ RunTime:0.000000s ]
INFO: [ app_init ] --END-- [ RunTime:0.000976s ]
ERR: 无法加载模块:Vod-play-id-2054-src-1-num-1.html

[ 2018-02-08T16:14:31+08:00 ] 42.236.31.137 /index.php?m=vod-play-id-136-src-1-num-1.html
INFO: [ app_init ] --START--
INFO: Run Behavior\BuildLiteBehavior [ RunTime:0.000000s ]
INFO: [ app_init ] --END-- [ RunTime:0.000977s ]
ERR: 无法加载模块:Vod-play-id-136-src-1-num-1.html

[ 2018-02-08T16:14:31+08:00 ] 180.153.236.11 /index.php?s=vod-play-id-1519-sid-0-pid-1.html
INFO: [ app_init ] --START--
INFO: Run Behavior\BuildLiteBehavior [ RunTime:0.000977s ]
INFO: [ app_init ] --END-- [ RunTime:0.000977s ]
ERR: 无法加载模块:Vod-play-id-1519-sid-0-pid-1

[ 2018-02-08T16:14:31+08:00 ] 180.153.236.117 /index.php?s=vod-play-id-692-sid-0-pid-1.html
INFO: [ app_init ] --START--
INFO: Run Behavior\BuildLiteBehavior [ RunTime:0.000000s ]
INFO: [ app_init ] --END-- [ RunTime:0.000976s ]
ERR: 无法加载模块:Vod-play-id-692-sid-0-pid-1

[ 2018-02-08T16:14:31+08:00 ] 180.153.236.51 /index.php?m=vod-list-id-4-pg-1-order--by--class-0-year-2012-letter--area-%E8%A5%BF%E7%8F%AD%E7%89%99-lang-.html
INFO: [ app_init ] --START--
INFO: Run Behavior\BuildLiteBehavior [ RunTime:0.000000s ]
INFO: [ app_init ] --END-- [ RunTime:0.000000s ]
ERR: 无法加载模块:Vod-list-id-4-pg-1-order--by--class-0-year-2012-letter--area-西班牙-lang-.html

[ 2018-02-08T16:14:31+08:00 ] 42.236.10.112 /index.php?m=vod-play-id-252-src-1-num-1.html
INFO: [ app_init ] --START--
INFO: Run Behavior\BuildLiteBehavior [ RunTime:0.000000s ]
INFO: [ app_init ] --END-- [ RunTime:0.000000s ]
ERR: 无法加载模块:Vod-play-id-252-src-1-num-1.html

[ 2018-02-08T16:14:32+08:00 ] 42.236.31.149 /index.php?m=vod-play-id-2297-src-1-num-1.html
INFO: [ app_init ] --START--
INFO: Run Behavior\BuildLiteBehavior [ RunTime:0.000000s ]
INFO: [ app_init ] --END-- [ RunTime:0.000000s ]
ERR: 无法加载模块:Vod-play-id-2297-src-1-num-1.html

[ 2018-02-08T18:39:49+08:00 ] 140.205.225.190 /index.php?m=member&c=index&a=register&siteid=1
INFO: [ app_init ] --START--
INFO: Run Behavior\BuildLiteBehavior [ RunTime:0.000000s ]
INFO: [ app_init ] --END-- [ RunTime:0.000977s ]
ERR: 无法加载模块:Member

[ 2018-02-08T18:42:44+08:00 ] 140.205.225.190 /index.php?m=wap&a=index&siteid=1
INFO: [ app_init ] --START--
INFO: Run Behavior\BuildLiteBehavior [ RunTime:0.000000s ]
INFO: [ app_init ] --END-- [ RunTime:0.000976s ]
ERR: 无法加载模块:Wap

