[ 2018-05-06T20:01:25+08:00 ] 42.236.10.81 /index.php?s=vod-play-id-1433-sid-0-pid-1.html
INFO: [ app_init ] --START--
INFO: Run Behavior\BuildLiteBehavior [ RunTime:0.000000s ]
INFO: [ app_init ] --END-- [ RunTime:0.000000s ]
ERR: 无法加载模块:Vod-play-id-1433-sid-0-pid-1

[ 2018-05-06T20:01:26+08:00 ] 42.236.49.94 /index.php?s=gb-show-id-1742.html
INFO: [ app_init ] --START--
INFO: Run Behavior\BuildLiteBehavior [ RunTime:0.000000s ]
INFO: [ app_init ] --END-- [ RunTime:0.000000s ]
ERR: 无法加载模块:Gb-show-id-1742

[ 2018-05-06T20:01:26+08:00 ] 42.236.10.109 /index.php?s=vod-play-id-1095-sid-0-pid-1.html
INFO: [ app_init ] --START--
INFO: Run Behavior\BuildLiteBehavior [ RunTime:0.000000s ]
INFO: [ app_init ] --END-- [ RunTime:0.000000s ]
ERR: 无法加载模块:Vod-play-id-1095-sid-0-pid-1

[ 2018-05-06T20:01:26+08:00 ] 42.236.10.81 /index.php?s=gb-show-id-310.html
INFO: [ app_init ] --START--
INFO: Run Behavior\BuildLiteBehavior [ RunTime:0.000000s ]
INFO: [ app_init ] --END-- [ RunTime:0.000000s ]
ERR: 无法加载模块:Gb-show-id-310

[ 2018-05-06T20:01:27+08:00 ] 42.236.10.109 /index.php?s=vod-play-id-1703-sid-0-pid-1.html
INFO: [ app_init ] --START--
INFO: Run Behavior\BuildLiteBehavior [ RunTime:0.000000s ]
INFO: [ app_init ] --END-- [ RunTime:0.000000s ]
ERR: 无法加载模块:Vod-play-id-1703-sid-0-pid-1

