[ 2018-01-04T21:56:22+08:00 ] 42.236.10.112 /index.php?s=gb-show-p-4754.html
INFO: [ app_init ] --START--
INFO: Run Behavior\BuildLiteBehavior [ RunTime:0.000000s ]
INFO: [ app_init ] --END-- [ RunTime:0.000000s ]
ERR: 无法加载模块:Gb-show-p-4754

[ 2018-01-04T21:56:22+08:00 ] 42.236.10.109 /index.php?m=vod-list-id-4-pg-1-order--by--class-0-year-2010-letter-U-area-%E6%B3%95%E5%9B%BD-lang-.html
INFO: [ app_init ] --START--
INFO: Run Behavior\BuildLiteBehavior [ RunTime:0.000000s ]
INFO: [ app_init ] --END-- [ RunTime:0.000000s ]
ERR: 无法加载模块:Vod-list-id-4-pg-1-order--by--class-0-year-2010-letter-U-area-法国-lang-.html

[ 2018-01-04T21:56:22+08:00 ] 180.153.236.101 /index.php?s=vod-play-id-35-sid-0-pid-1.html
INFO: [ app_init ] --START--
INFO: Run Behavior\BuildLiteBehavior [ RunTime:0.000000s ]
INFO: [ app_init ] --END-- [ RunTime:0.000000s ]
ERR: 无法加载模块:Vod-play-id-35-sid-0-pid-1

[ 2018-01-04T21:56:22+08:00 ] 42.236.10.109 /index.php?m=vod-list-id-5-pg-10-order--by--class-0-year-0-letter--area-%E5%A4%A7%E9%99%86-lang-.html
INFO: [ app_init ] --START--
INFO: Run Behavior\BuildLiteBehavior [ RunTime:0.000977s ]
INFO: [ app_init ] --END-- [ RunTime:0.000977s ]
ERR: 无法加载模块:Vod-list-id-5-pg-10-order--by--class-0-year-0-letter--area-大陆-lang-.html

[ 2018-01-04T21:56:22+08:00 ] 180.153.236.125 /index.php?m=vod-list-id-2-pg-1-order--by--class-0-year-0-letter-D-area-%E6%B3%B0%E5%9B%BD-lang-.html
INFO: [ app_init ] --START--
INFO: Run Behavior\BuildLiteBehavior [ RunTime:0.000000s ]
INFO: [ app_init ] --END-- [ RunTime:0.000976s ]
ERR: 无法加载模块:Vod-list-id-2-pg-1-order--by--class-0-year-0-letter-D-area-泰国-lang-.html

[ 2018-01-04T21:56:22+08:00 ] 42.236.10.107 /index.php?m=vod-play-id-1843-src-1-num-1.html
INFO: [ app_init ] --START--
INFO: Run Behavior\BuildLiteBehavior [ RunTime:0.000000s ]
INFO: [ app_init ] --END-- [ RunTime:0.000000s ]
ERR: 无法加载模块:Vod-play-id-1843-src-1-num-1.html

[ 2018-01-04T21:56:22+08:00 ] 42.236.10.75 /index.php?m=vod-list-id-6-pg-6-order--by-score-class-0-year-0-letter--area--lang-.html
INFO: [ app_init ] --START--
INFO: Run Behavior\BuildLiteBehavior [ RunTime:0.000000s ]
INFO: [ app_init ] --END-- [ RunTime:0.000000s ]
ERR: 无法加载模块:Vod-list-id-6-pg-6-order--by-score-class-0-year-0-letter--area--lang-.html

[ 2018-01-04T21:56:22+08:00 ] 42.236.102.138 /index.php?s=gb-show-id-1063.html
INFO: [ app_init ] --START--
INFO: Run Behavior\BuildLiteBehavior [ RunTime:0.000000s ]
INFO: [ app_init ] --END-- [ RunTime:0.000977s ]
ERR: 无法加载模块:Gb-show-id-1063

[ 2018-01-04T21:56:23+08:00 ] 42.236.10.107 /index.php?m=vod-play-id-2367-src-1-num-1.html
INFO: [ app_init ] --START--
INFO: Run Behavior\BuildLiteBehavior [ RunTime:0.000000s ]
INFO: [ app_init ] --END-- [ RunTime:0.000977s ]
ERR: 无法加载模块:Vod-play-id-2367-src-1-num-1.html

[ 2018-01-04T21:56:23+08:00 ] 42.236.102.185 /index.php?s=gb-show-p-30.html
INFO: [ app_init ] --START--
INFO: Run Behavior\BuildLiteBehavior [ RunTime:0.000000s ]
INFO: [ app_init ] --END-- [ RunTime:0.000000s ]
ERR: 无法加载模块:Gb-show-p-30

[ 2018-01-04T21:56:23+08:00 ] 42.236.102.244 /index.php?s=gb-show-id-427.html
INFO: [ app_init ] --START--
INFO: Run Behavior\BuildLiteBehavior [ RunTime:0.000000s ]
INFO: [ app_init ] --END-- [ RunTime:0.000000s ]
ERR: 无法加载模块:Gb-show-id-427

[ 2018-01-04T21:56:23+08:00 ] 42.236.10.77 /index.php?s=vod-play-id-878-sid-0-pid-1.html
INFO: [ app_init ] --START--
INFO: Run Behavior\BuildLiteBehavior [ RunTime:0.000000s ]
INFO: [ app_init ] --END-- [ RunTime:0.000000s ]
ERR: 无法加载模块:Vod-play-id-878-sid-0-pid-1

[ 2018-01-04T21:56:23+08:00 ] 42.236.10.115 /index.php?m=vod-list-id-4-pg-1-order--by--class-0-year-2010-letter-Q-area--lang-.html
INFO: [ app_init ] --START--
INFO: Run Behavior\BuildLiteBehavior [ RunTime:0.000000s ]
INFO: [ app_init ] --END-- [ RunTime:0.000000s ]
ERR: 无法加载模块:Vod-list-id-4-pg-1-order--by--class-0-year-2010-letter-Q-area--lang-.html

[ 2018-01-04T21:56:23+08:00 ] 180.153.236.117 /index.php?m=vod-search-pg-235-starring-yuanyuan-letter-C.html
INFO: [ app_init ] --START--
INFO: Run Behavior\BuildLiteBehavior [ RunTime:0.000000s ]
INFO: [ app_init ] --END-- [ RunTime:0.000977s ]
ERR: 无法加载模块:Vod-search-pg-235-starring-yuanyuan-letter-C.html

[ 2018-01-04T21:56:23+08:00 ] 42.236.10.71 /index.php?s=gb-show-id-1214.html
INFO: [ app_init ] --START--
INFO: Run Behavior\BuildLiteBehavior [ RunTime:0.000000s ]
INFO: [ app_init ] --END-- [ RunTime:0.000000s ]
ERR: 无法加载模块:Gb-show-id-1214

