[ 2018-01-05T21:35:09+08:00 ] 42.236.10.103 /index.php?m=vod-play-id-1744-src-1-num-1.html
INFO: [ app_init ] --START--
INFO: Run Behavior\BuildLiteBehavior [ RunTime:0.000000s ]
INFO: [ app_init ] --END-- [ RunTime:0.000977s ]
ERR: 无法加载模块:Vod-play-id-1744-src-1-num-1.html

[ 2018-01-05T21:35:09+08:00 ] 42.236.10.107 /index.php?m=vod-list-id-4-pg-1-order--by--class-0-year-2010-letter-S-area-%E8%A5%BF%E7%8F%AD%E7%89%99-lang-.html
INFO: [ app_init ] --START--
INFO: Run Behavior\BuildLiteBehavior [ RunTime:0.000000s ]
INFO: [ app_init ] --END-- [ RunTime:0.000000s ]
ERR: 无法加载模块:Vod-list-id-4-pg-1-order--by--class-0-year-2010-letter-S-area-西班牙-lang-.html

[ 2018-01-05T21:35:09+08:00 ] 42.236.10.80 /index.php?m=vod-list-id-2-pg-1-order--by--class-0-year-0-letter-D-area-%E9%A9%AC%E6%9D%A5%E8%A5%BF%E4%BA%9A-lang-.html
INFO: [ app_init ] --START--
INFO: Run Behavior\BuildLiteBehavior [ RunTime:0.000000s ]
INFO: [ app_init ] --END-- [ RunTime:0.000976s ]
ERR: 无法加载模块:Vod-list-id-2-pg-1-order--by--class-0-year-0-letter-D-area-马来西亚-lang-.html

[ 2018-01-05T21:35:09+08:00 ] 42.236.10.105 /index.php?s=vod-play-id-352-sid-0-pid-1.html
INFO: [ app_init ] --START--
INFO: Run Behavior\BuildLiteBehavior [ RunTime:0.000000s ]
INFO: [ app_init ] --END-- [ RunTime:0.000000s ]
ERR: 无法加载模块:Vod-play-id-352-sid-0-pid-1

[ 2018-01-05T21:35:09+08:00 ] 180.153.236.43 /index.php?s=gb-show-p-719.html
INFO: [ app_init ] --START--
INFO: Run Behavior\BuildLiteBehavior [ RunTime:0.000000s ]
INFO: [ app_init ] --END-- [ RunTime:0.000000s ]
ERR: 无法加载模块:Gb-show-p-719

[ 2018-01-05T21:35:09+08:00 ] 42.236.49.36 /index.php?m=vod-play-id-1107-src-1-num-1.html
INFO: [ app_init ] --START--
INFO: Run Behavior\BuildLiteBehavior [ RunTime:0.000000s ]
INFO: [ app_init ] --END-- [ RunTime:0.000000s ]
ERR: 无法加载模块:Vod-play-id-1107-src-1-num-1.html

[ 2018-01-05T21:35:09+08:00 ] 42.236.10.83 /index.php?s=vod-play-id-1420-sid-0-pid-1.html
INFO: [ app_init ] --START--
INFO: Run Behavior\BuildLiteBehavior [ RunTime:0.000000s ]
INFO: [ app_init ] --END-- [ RunTime:0.000000s ]
ERR: 无法加载模块:Vod-play-id-1420-sid-0-pid-1

[ 2018-01-05T21:35:09+08:00 ] 42.236.10.72 /index.php?s=gb-show-id-436.html
INFO: [ app_init ] --START--
INFO: Run Behavior\BuildLiteBehavior [ RunTime:0.000000s ]
INFO: [ app_init ] --END-- [ RunTime:0.000000s ]
ERR: 无法加载模块:Gb-show-id-436

[ 2018-01-05T21:35:09+08:00 ] 42.236.10.109 /index.php?s=gb-show-id-316.html
INFO: [ app_init ] --START--
INFO: Run Behavior\BuildLiteBehavior [ RunTime:0.000000s ]
INFO: [ app_init ] --END-- [ RunTime:0.000976s ]
ERR: 无法加载模块:Gb-show-id-316

[ 2018-01-05T21:35:09+08:00 ] 42.236.102.161 /index.php?s=gb-show-id-1216.html
INFO: [ app_init ] --START--
INFO: Run Behavior\BuildLiteBehavior [ RunTime:0.000000s ]
INFO: [ app_init ] --END-- [ RunTime:0.000000s ]
ERR: 无法加载模块:Gb-show-id-1216

[ 2018-01-05T21:35:09+08:00 ] 180.153.236.67 /index.php?m=vod-list-id-2-pg-1-order--by--class-0-year-0-letter-E-area-%E5%8A%A0%E6%8B%BF%E5%A4%A7-lang-.html
INFO: [ app_init ] --START--
INFO: Run Behavior\BuildLiteBehavior [ RunTime:0.000976s ]
INFO: [ app_init ] --END-- [ RunTime:0.000976s ]
ERR: 无法加载模块:Vod-list-id-2-pg-1-order--by--class-0-year-0-letter-E-area-加拿大-lang-.html

[ 2018-01-05T21:35:10+08:00 ] 42.236.10.112 /index.php?s=gb-show-p-3020.html
INFO: [ app_init ] --START--
INFO: Run Behavior\BuildLiteBehavior [ RunTime:0.000000s ]
INFO: [ app_init ] --END-- [ RunTime:0.000000s ]
ERR: 无法加载模块:Gb-show-p-3020

[ 2018-01-05T21:35:10+08:00 ] 42.236.10.104 /index.php?s=vod-play-id-330-sid-0-pid-1.html
INFO: [ app_init ] --START--
INFO: Run Behavior\BuildLiteBehavior [ RunTime:0.000000s ]
INFO: [ app_init ] --END-- [ RunTime:0.000000s ]
ERR: 无法加载模块:Vod-play-id-330-sid-0-pid-1

[ 2018-01-05T21:35:11+08:00 ] 42.236.10.78 /index.php?s=vod-play-id-953-sid-0-pid-1.html
INFO: [ app_init ] --START--
INFO: Run Behavior\BuildLiteBehavior [ RunTime:0.000000s ]
INFO: [ app_init ] --END-- [ RunTime:0.000977s ]
ERR: 无法加载模块:Vod-play-id-953-sid-0-pid-1

