[ 2018-02-14T17:19:32+08:00 ] 42.236.49.10 /index.php?s=vod-play-id-67-sid-0-pid-1.html
INFO: [ app_init ] --START--
INFO: Run Behavior\BuildLiteBehavior [ RunTime:0.000000s ]
INFO: [ app_init ] --END-- [ RunTime:0.000000s ]
ERR: 无法加载模块:Vod-play-id-67-sid-0-pid-1

[ 2018-02-14T17:19:32+08:00 ] 42.236.39.167 /index.php?s=vod-play-id-1570-sid-0-pid-1.html
INFO: [ app_init ] --START--
INFO: Run Behavior\BuildLiteBehavior [ RunTime:0.000000s ]
INFO: [ app_init ] --END-- [ RunTime:0.000000s ]
ERR: 无法加载模块:Vod-play-id-1570-sid-0-pid-1

[ 2018-02-14T17:19:32+08:00 ] 42.236.49.142 /index.php?s=gb-show-id-1555.html
INFO: [ app_init ] --START--
INFO: Run Behavior\BuildLiteBehavior [ RunTime:0.000000s ]
INFO: [ app_init ] --END-- [ RunTime:0.000976s ]
ERR: 无法加载模块:Gb-show-id-1555

[ 2018-02-14T17:19:32+08:00 ] 42.236.49.101 /index.php?m=vod-play-id-2386-src-1-num-1.html
INFO: [ app_init ] --START--
INFO: Run Behavior\BuildLiteBehavior [ RunTime:0.000000s ]
INFO: [ app_init ] --END-- [ RunTime:0.000000s ]
ERR: 无法加载模块:Vod-play-id-2386-src-1-num-1.html

[ 2018-02-14T17:19:32+08:00 ] 42.236.49.225 /index.php?m=vod-play-id-406-src-1-num-1.html
INFO: [ app_init ] --START--
INFO: Run Behavior\BuildLiteBehavior [ RunTime:0.000977s ]
INFO: [ app_init ] --END-- [ RunTime:0.000977s ]
ERR: 无法加载模块:Vod-play-id-406-src-1-num-1.html

[ 2018-02-14T17:19:32+08:00 ] 42.236.10.72 /index.php?s=gb-show-id-574.html
INFO: [ app_init ] --START--
INFO: Run Behavior\BuildLiteBehavior [ RunTime:0.000000s ]
INFO: [ app_init ] --END-- [ RunTime:0.000976s ]
ERR: 无法加载模块:Gb-show-id-574

[ 2018-02-14T17:19:32+08:00 ] 42.236.49.155 /index.php?m=vod-list-id-4-pg-1-order--by--class-0-year-2012-letter--area-%E8%A5%BF%E7%8F%AD%E7%89%99-lang-.html
INFO: [ app_init ] --START--
INFO: Run Behavior\BuildLiteBehavior [ RunTime:0.000000s ]
INFO: [ app_init ] --END-- [ RunTime:0.000000s ]
ERR: 无法加载模块:Vod-list-id-4-pg-1-order--by--class-0-year-2012-letter--area-西班牙-lang-.html

[ 2018-02-14T17:19:32+08:00 ] 180.153.236.11 /index.php?s=vod-play-id-1021-sid-0-pid-1.html
INFO: [ app_init ] --START--
INFO: Run Behavior\BuildLiteBehavior [ RunTime:0.000000s ]
INFO: [ app_init ] --END-- [ RunTime:0.000000s ]
ERR: 无法加载模块:Vod-play-id-1021-sid-0-pid-1

[ 2018-02-14T17:19:33+08:00 ] 42.236.10.77 /index.php?s=vod-play-id-132-sid-0-pid-1.html
INFO: [ app_init ] --START--
INFO: Run Behavior\BuildLiteBehavior [ RunTime:0.000000s ]
INFO: [ app_init ] --END-- [ RunTime:0.000977s ]
ERR: 无法加载模块:Vod-play-id-132-sid-0-pid-1

[ 2018-02-14T17:19:33+08:00 ] 42.236.39.176 /index.php?s=gb-show-id-1514.html
INFO: [ app_init ] --START--
INFO: Run Behavior\BuildLiteBehavior [ RunTime:0.000000s ]
INFO: [ app_init ] --END-- [ RunTime:0.000000s ]
ERR: 无法加载模块:Gb-show-id-1514

[ 2018-02-14T17:19:33+08:00 ] 42.236.48.28 /index.php?s=gb-show-id-1324.html
INFO: [ app_init ] --START--
INFO: Run Behavior\BuildLiteBehavior [ RunTime:0.000000s ]
INFO: [ app_init ] --END-- [ RunTime:0.000977s ]
ERR: 无法加载模块:Gb-show-id-1324

[ 2018-02-14T17:19:33+08:00 ] 42.236.10.100 /index.php?m=vod-play-id-1721-src-1-num-1.html
INFO: [ app_init ] --START--
INFO: Run Behavior\BuildLiteBehavior [ RunTime:0.000000s ]
INFO: [ app_init ] --END-- [ RunTime:0.000000s ]
ERR: 无法加载模块:Vod-play-id-1721-src-1-num-1.html

[ 2018-02-14T17:19:33+08:00 ] 42.236.10.102 /index.php?m=vod-list-id-2-pg-1-order--by--class-0-year-0-letter-G-area-%E5%A4%A7%E9%99%86-lang-.html
INFO: [ app_init ] --START--
INFO: Run Behavior\BuildLiteBehavior [ RunTime:0.000000s ]
INFO: [ app_init ] --END-- [ RunTime:0.000000s ]
ERR: 无法加载模块:Vod-list-id-2-pg-1-order--by--class-0-year-0-letter-G-area-大陆-lang-.html

[ 2018-02-14T19:46:22+08:00 ] 140.205.201.45 /index.php?m=wap&a=index&siteid=1
INFO: [ app_init ] --START--
INFO: Run Behavior\BuildLiteBehavior [ RunTime:0.000000s ]
INFO: [ app_init ] --END-- [ RunTime:0.000000s ]
ERR: 无法加载模块:Wap

