[ 2018-02-06T11:16:10+08:00 ] 42.236.50.171 /index.php?m=vod-play-id-2399-src-1-num-1.html
INFO: [ app_init ] --START--
INFO: Run Behavior\BuildLiteBehavior [ RunTime:0.000000s ]
INFO: [ app_init ] --END-- [ RunTime:0.000000s ]
ERR: 无法加载模块:Vod-play-id-2399-src-1-num-1.html

[ 2018-02-06T11:16:10+08:00 ] 42.236.48.224 /index.php?s=vod-play-id-441-sid-0-pid-1.html
INFO: [ app_init ] --START--
INFO: Run Behavior\BuildLiteBehavior [ RunTime:0.000000s ]
INFO: [ app_init ] --END-- [ RunTime:0.000000s ]
ERR: 无法加载模块:Vod-play-id-441-sid-0-pid-1

[ 2018-02-06T11:16:10+08:00 ] 42.236.48.180 /index.php?s=vod-play-id-626-sid-0-pid-1.html
INFO: [ app_init ] --START--
INFO: Run Behavior\BuildLiteBehavior [ RunTime:0.000000s ]
INFO: [ app_init ] --END-- [ RunTime:0.000977s ]
ERR: 无法加载模块:Vod-play-id-626-sid-0-pid-1

[ 2018-02-06T11:16:10+08:00 ] 42.236.10.114 /index.php?s=vod-play-id-1485-sid-0-pid-1.html
INFO: [ app_init ] --START--
INFO: Run Behavior\BuildLiteBehavior [ RunTime:0.000000s ]
INFO: [ app_init ] --END-- [ RunTime:0.000976s ]
ERR: 无法加载模块:Vod-play-id-1485-sid-0-pid-1

[ 2018-02-06T11:16:11+08:00 ] 42.236.10.85 /index.php?s=vod-play-id-1136-sid-0-pid-1.html
INFO: [ app_init ] --START--
INFO: Run Behavior\BuildLiteBehavior [ RunTime:0.000000s ]
INFO: [ app_init ] --END-- [ RunTime:0.000977s ]
ERR: 无法加载模块:Vod-play-id-1136-sid-0-pid-1

[ 2018-02-06T11:16:13+08:00 ] 42.236.50.217 /index.php?s=vod-play-id-1852-sid-0-pid-1.html
INFO: [ app_init ] --START--
INFO: Run Behavior\BuildLiteBehavior [ RunTime:0.000000s ]
INFO: [ app_init ] --END-- [ RunTime:0.000977s ]
ERR: 无法加载模块:Vod-play-id-1852-sid-0-pid-1

[ 2018-02-06T11:16:13+08:00 ] 42.236.48.97 /index.php?s=vod-play-id-1517-sid-0-pid-1.html
INFO: [ app_init ] --START--
INFO: Run Behavior\BuildLiteBehavior [ RunTime:0.000000s ]
INFO: [ app_init ] --END-- [ RunTime:0.000000s ]
ERR: 无法加载模块:Vod-play-id-1517-sid-0-pid-1

[ 2018-02-06T11:16:14+08:00 ] 42.236.50.180 /index.php?s=gb-show-id-1307.html
INFO: [ app_init ] --START--
INFO: Run Behavior\BuildLiteBehavior [ RunTime:0.000000s ]
INFO: [ app_init ] --END-- [ RunTime:0.000000s ]
ERR: 无法加载模块:Gb-show-id-1307

[ 2018-02-06T11:16:14+08:00 ] 42.236.10.110 /index.php?m=vod-list-id-2-pg-1-order--by--class-0-year-0-letter-G-area-%E4%BF%84%E7%BD%97%E6%96%AF-lang-.html
INFO: [ app_init ] --START--
INFO: Run Behavior\BuildLiteBehavior [ RunTime:0.000000s ]
INFO: [ app_init ] --END-- [ RunTime:0.000976s ]
ERR: 无法加载模块:Vod-list-id-2-pg-1-order--by--class-0-year-0-letter-G-area-俄罗斯-lang-.html

[ 2018-02-06T11:16:14+08:00 ] 42.236.49.55 /index.php?s=gb-show-id-1494.html
INFO: [ app_init ] --START--
INFO: Run Behavior\BuildLiteBehavior [ RunTime:0.000000s ]
INFO: [ app_init ] --END-- [ RunTime:0.000000s ]
ERR: 无法加载模块:Gb-show-id-1494

[ 2018-02-06T11:16:14+08:00 ] 42.236.10.76 /index.php?m=vod-list-id-4-pg-1-order--by--class-0-year-2012-letter--area-%E6%B3%95%E5%9B%BD-lang-.html
INFO: [ app_init ] --START--
INFO: Run Behavior\BuildLiteBehavior [ RunTime:0.000000s ]
INFO: [ app_init ] --END-- [ RunTime:0.000000s ]
ERR: 无法加载模块:Vod-list-id-4-pg-1-order--by--class-0-year-2012-letter--area-法国-lang-.html

[ 2018-02-06T12:43:26+08:00 ] 42.236.50.171 /index.php?m=vod-play-id-2147-src-1-num-1.html
INFO: [ app_init ] --START--
INFO: Run Behavior\BuildLiteBehavior [ RunTime:0.000000s ]
INFO: [ app_init ] --END-- [ RunTime:0.000000s ]
ERR: 无法加载模块:Vod-play-id-2147-src-1-num-1.html

[ 2018-02-06T12:43:26+08:00 ] 42.236.48.72 /index.php?m=vod-play-id-1700-src-1-num-1.html
INFO: [ app_init ] --START--
INFO: Run Behavior\BuildLiteBehavior [ RunTime:0.000000s ]
INFO: [ app_init ] --END-- [ RunTime:0.000000s ]
ERR: 无法加载模块:Vod-play-id-1700-src-1-num-1.html

[ 2018-02-06T12:43:26+08:00 ] 180.153.236.173 /index.php?m=vod-search-pg-235-starring-yuanyuan-letter-O.html
INFO: [ app_init ] --START--
INFO: Run Behavior\BuildLiteBehavior [ RunTime:0.000000s ]
INFO: [ app_init ] --END-- [ RunTime:0.000976s ]
ERR: 无法加载模块:Vod-search-pg-235-starring-yuanyuan-letter-O.html

[ 2018-02-06T12:43:27+08:00 ] 42.236.48.101 /index.php?m=vod-play-id-561-src-1-num-1.html
INFO: [ app_init ] --START--
INFO: Run Behavior\BuildLiteBehavior [ RunTime:0.000000s ]
INFO: [ app_init ] --END-- [ RunTime:0.000977s ]
ERR: 无法加载模块:Vod-play-id-561-src-1-num-1.html

[ 2018-02-06T20:21:27+08:00 ] 42.236.10.109 /index.php?s=gb-show-id-1485.html
INFO: [ app_init ] --START--
INFO: Run Behavior\BuildLiteBehavior [ RunTime:0.000000s ]
INFO: [ app_init ] --END-- [ RunTime:0.000000s ]
ERR: 无法加载模块:Gb-show-id-1485

[ 2018-02-06T20:21:28+08:00 ] 42.236.104.29 /index.php?s=vod-play-id-447-sid-0-pid-1.html
INFO: [ app_init ] --START--
INFO: Run Behavior\BuildLiteBehavior [ RunTime:0.000000s ]
INFO: [ app_init ] --END-- [ RunTime:0.000976s ]
ERR: 无法加载模块:Vod-play-id-447-sid-0-pid-1

[ 2018-02-06T23:51:17+08:00 ] 144.76.30.241 /index.php?m=vod-list-id-0-pg-1-order--by--class-0-year-0-letter--area-%E4%BF%84%E7%BD%97%E6%96%AF-lang-.html
INFO: [ app_init ] --START--
INFO: Run Behavior\BuildLiteBehavior [ RunTime:0.000000s ]
INFO: [ app_init ] --END-- [ RunTime:0.000977s ]
ERR: 无法加载模块:Vod-list-id-0-pg-1-order--by--class-0-year-0-letter--area-俄罗斯-lang-.html

