[ 2018-02-18T20:36:58+08:00 ] 42.236.50.153 /index.php?s=vod-play-id-1296-sid-0-pid-1.html
INFO: [ app_init ] --START--
INFO: Run Behavior\BuildLiteBehavior [ RunTime:0.000976s ]
INFO: [ app_init ] --END-- [ RunTime:0.000976s ]
ERR: 无法加载模块:Vod-play-id-1296-sid-0-pid-1

[ 2018-02-18T20:36:58+08:00 ] 42.236.48.56 /index.php?s=gb-show-id-572.html
INFO: [ app_init ] --START--
INFO: Run Behavior\BuildLiteBehavior [ RunTime:0.000000s ]
INFO: [ app_init ] --END-- [ RunTime:0.000000s ]
ERR: 无法加载模块:Gb-show-id-572

[ 2018-02-18T20:36:58+08:00 ] 42.236.48.56 /index.php?s=gb-show-id-1313.html
INFO: [ app_init ] --START--
INFO: Run Behavior\BuildLiteBehavior [ RunTime:0.000000s ]
INFO: [ app_init ] --END-- [ RunTime:0.000976s ]
ERR: 无法加载模块:Gb-show-id-1313

[ 2018-02-18T20:36:58+08:00 ] 42.236.49.29 /index.php?m=vod-play-id-2364-src-1-num-1.html
INFO: [ app_init ] --START--
INFO: Run Behavior\BuildLiteBehavior [ RunTime:0.000000s ]
INFO: [ app_init ] --END-- [ RunTime:0.000000s ]
ERR: 无法加载模块:Vod-play-id-2364-src-1-num-1.html

[ 2018-02-18T20:36:58+08:00 ] 42.236.10.84 /index.php?m=vod-search-pg-235-starring-yuanyuan-letter-S.html
INFO: [ app_init ] --START--
INFO: Run Behavior\BuildLiteBehavior [ RunTime:0.000000s ]
INFO: [ app_init ] --END-- [ RunTime:0.000000s ]
ERR: 无法加载模块:Vod-search-pg-235-starring-yuanyuan-letter-S.html

[ 2018-02-18T20:36:59+08:00 ] 42.236.10.77 /index.php?s=gb-show-p-982.html
INFO: [ app_init ] --START--
INFO: Run Behavior\BuildLiteBehavior [ RunTime:0.000000s ]
INFO: [ app_init ] --END-- [ RunTime:0.000000s ]
ERR: 无法加载模块:Gb-show-p-982

[ 2018-02-18T20:36:59+08:00 ] 42.236.102.220 /index.php?s=vod-play-id-282-sid-0-pid-1.html
INFO: [ app_init ] --START--
INFO: Run Behavior\BuildLiteBehavior [ RunTime:0.000000s ]
INFO: [ app_init ] --END-- [ RunTime:0.000000s ]
ERR: 无法加载模块:Vod-play-id-282-sid-0-pid-1

[ 2018-02-18T20:36:59+08:00 ] 42.236.10.104 /index.php?m=vod-list-id-4-pg-1-order--by--class-0-year-2012-letter-I-area--lang-.html
INFO: [ app_init ] --START--
INFO: Run Behavior\BuildLiteBehavior [ RunTime:0.000000s ]
INFO: [ app_init ] --END-- [ RunTime:0.000976s ]
ERR: 无法加载模块:Vod-list-id-4-pg-1-order--by--class-0-year-2012-letter-I-area--lang-.html

[ 2018-02-18T20:36:59+08:00 ] 42.236.50.153 /index.php?s=vod-play-id-753-sid-0-pid-1.html
INFO: [ app_init ] --START--
INFO: Run Behavior\BuildLiteBehavior [ RunTime:0.000000s ]
INFO: [ app_init ] --END-- [ RunTime:0.000000s ]
ERR: 无法加载模块:Vod-play-id-753-sid-0-pid-1

[ 2018-02-18T20:36:59+08:00 ] 42.236.50.35 /index.php?s=gb-show-id-1430.html
INFO: [ app_init ] --START--
INFO: Run Behavior\BuildLiteBehavior [ RunTime:0.000000s ]
INFO: [ app_init ] --END-- [ RunTime:0.000000s ]
ERR: 无法加载模块:Gb-show-id-1430

[ 2018-02-18T20:36:59+08:00 ] 42.236.10.107 /index.php?s=vod-play-id-1705-sid-0-pid-1.html
INFO: [ app_init ] --START--
INFO: Run Behavior\BuildLiteBehavior [ RunTime:0.000000s ]
INFO: [ app_init ] --END-- [ RunTime:0.000976s ]
ERR: 无法加载模块:Vod-play-id-1705-sid-0-pid-1

[ 2018-02-18T20:36:59+08:00 ] 42.236.49.33 /index.php?m=vod-play-id-213-src-1-num-1.html
INFO: [ app_init ] --START--
INFO: Run Behavior\BuildLiteBehavior [ RunTime:0.000977s ]
INFO: [ app_init ] --END-- [ RunTime:0.000977s ]
ERR: 无法加载模块:Vod-play-id-213-src-1-num-1.html

[ 2018-02-18T20:36:59+08:00 ] 42.236.10.74 /index.php?m=vod-play-id-1699-src-1-num-1.html
INFO: [ app_init ] --START--
INFO: Run Behavior\BuildLiteBehavior [ RunTime:0.000000s ]
INFO: [ app_init ] --END-- [ RunTime:0.000976s ]
ERR: 无法加载模块:Vod-play-id-1699-src-1-num-1.html

[ 2018-02-18T20:36:59+08:00 ] 42.236.10.77 /index.php?m=vod-search-pg-235-starring-yuanyuan-letter-Z.html
INFO: [ app_init ] --START--
INFO: Run Behavior\BuildLiteBehavior [ RunTime:0.000000s ]
INFO: [ app_init ] --END-- [ RunTime:0.000000s ]
ERR: 无法加载模块:Vod-search-pg-235-starring-yuanyuan-letter-Z.html

[ 2018-02-18T20:36:59+08:00 ] 42.236.48.161 /index.php?s=gb-show-id-1544.html
INFO: [ app_init ] --START--
INFO: Run Behavior\BuildLiteBehavior [ RunTime:0.000000s ]
INFO: [ app_init ] --END-- [ RunTime:0.000000s ]
ERR: 无法加载模块:Gb-show-id-1544

[ 2018-02-18T20:36:59+08:00 ] 42.236.10.110 /index.php?s=vod-play-id-1637-sid-0-pid-1.html
INFO: [ app_init ] --START--
INFO: Run Behavior\BuildLiteBehavior [ RunTime:0.000000s ]
INFO: [ app_init ] --END-- [ RunTime:0.000976s ]
ERR: 无法加载模块:Vod-play-id-1637-sid-0-pid-1

[ 2018-02-18T20:36:59+08:00 ] 42.236.49.79 /index.php?m=vod-list-id-2-pg-1-order--by--class-0-year-0-letter-G-area-%E6%96%B0%E5%8A%A0%E5%9D%A1-lang-.html
INFO: [ app_init ] --START--
INFO: Run Behavior\BuildLiteBehavior [ RunTime:0.000000s ]
INFO: [ app_init ] --END-- [ RunTime:0.000977s ]
ERR: 无法加载模块:Vod-list-id-2-pg-1-order--by--class-0-year-0-letter-G-area-新加坡-lang-.html

