[ 2018-01-18T17:24:50+08:00 ] 140.205.201.45 /index.php?m=wap&a=index&siteid=1
INFO: [ app_init ] --START--
INFO: Run Behavior\BuildLiteBehavior [ RunTime:0.000000s ]
INFO: [ app_init ] --END-- [ RunTime:0.000000s ]
ERR: 无法加载模块:Wap

[ 2018-01-18T17:43:23+08:00 ] 180.153.236.101 /index.php?m=vod-play-id-1842-src-1-num-1.html
INFO: [ app_init ] --START--
INFO: Run Behavior\BuildLiteBehavior [ RunTime:0.000000s ]
INFO: [ app_init ] --END-- [ RunTime:0.000000s ]
ERR: 无法加载模块:Vod-play-id-1842-src-1-num-1.html

[ 2018-01-18T17:43:23+08:00 ] 180.153.236.125 /index.php?m=vod-list-id-2-pg-1-order--by--class-0-year-0-letter-E-area-%E6%B3%95%E5%9B%BD-lang-.html
INFO: [ app_init ] --START--
INFO: Run Behavior\BuildLiteBehavior [ RunTime:0.000000s ]
INFO: [ app_init ] --END-- [ RunTime:0.000000s ]
ERR: 无法加载模块:Vod-list-id-2-pg-1-order--by--class-0-year-0-letter-E-area-法国-lang-.html

[ 2018-01-18T17:43:23+08:00 ] 42.236.48.52 /index.php?m=vod-list-id-4-pg-1-order--by--class-0-year-2011-letter--area-%E8%A5%BF%E7%8F%AD%E7%89%99-lang-.html
INFO: [ app_init ] --START--
INFO: Run Behavior\BuildLiteBehavior [ RunTime:0.000000s ]
INFO: [ app_init ] --END-- [ RunTime:0.000000s ]
ERR: 无法加载模块:Vod-list-id-4-pg-1-order--by--class-0-year-2011-letter--area-西班牙-lang-.html

[ 2018-01-18T17:43:23+08:00 ] 42.236.102.218 /index.php?s=vod-play-id-97-sid-0-pid-1.html
INFO: [ app_init ] --START--
INFO: Run Behavior\BuildLiteBehavior [ RunTime:0.000000s ]
INFO: [ app_init ] --END-- [ RunTime:0.000000s ]
ERR: 无法加载模块:Vod-play-id-97-sid-0-pid-1

[ 2018-01-18T17:43:24+08:00 ] 180.153.236.125 /index.php?s=vod-play-id-1441-sid-0-pid-1.html
INFO: [ app_init ] --START--
INFO: Run Behavior\BuildLiteBehavior [ RunTime:0.000000s ]
INFO: [ app_init ] --END-- [ RunTime:0.000000s ]
ERR: 无法加载模块:Vod-play-id-1441-sid-0-pid-1

[ 2018-01-18T17:43:24+08:00 ] 42.236.49.107 /index.php?m=vod-list-id-5-pg-1-order--by-score-class--year--letter--area--lang-.html
INFO: [ app_init ] --START--
INFO: Run Behavior\BuildLiteBehavior [ RunTime:0.000000s ]
INFO: [ app_init ] --END-- [ RunTime:0.000000s ]
ERR: 无法加载模块:Vod-list-id-5-pg-1-order--by-score-class--year--letter--area--lang-.html

[ 2018-01-18T17:43:24+08:00 ] 180.153.236.149 /index.php?m=vod-play-id-2366-src-1-num-1.html
INFO: [ app_init ] --START--
INFO: Run Behavior\BuildLiteBehavior [ RunTime:0.000000s ]
INFO: [ app_init ] --END-- [ RunTime:0.000000s ]
ERR: 无法加载模块:Vod-play-id-2366-src-1-num-1.html

[ 2018-01-18T17:43:25+08:00 ] 180.153.236.59 /index.php?s=gb-show-id-362.html
INFO: [ app_init ] --START--
INFO: Run Behavior\BuildLiteBehavior [ RunTime:0.000000s ]
INFO: [ app_init ] --END-- [ RunTime:0.000000s ]
ERR: 无法加载模块:Gb-show-id-362

