[ 2018-02-05T18:23:34+08:00 ] 42.236.102.167 /index.php?s=gb-show-id-591.html
INFO: [ app_init ] --START--
INFO: Run Behavior\BuildLiteBehavior [ RunTime:0.000000s ]
INFO: [ app_init ] --END-- [ RunTime:0.000000s ]
ERR: 无法加载模块:Gb-show-id-591

[ 2018-02-05T18:23:34+08:00 ] 42.236.48.120 /index.php?m=vod-play-id-563-src-1-num-1.html
INFO: [ app_init ] --START--
INFO: Run Behavior\BuildLiteBehavior [ RunTime:0.000000s ]
INFO: [ app_init ] --END-- [ RunTime:0.000000s ]
ERR: 无法加载模块:Vod-play-id-563-src-1-num-1.html

[ 2018-02-05T18:23:34+08:00 ] 42.236.10.71 /index.php?m=vod-list-id-2-pg-1-order--by--class-0-year-0-letter-G-area-%E5%8A%A0%E6%8B%BF%E5%A4%A7-lang-.html
INFO: [ app_init ] --START--
INFO: Run Behavior\BuildLiteBehavior [ RunTime:0.000000s ]
INFO: [ app_init ] --END-- [ RunTime:0.000977s ]
ERR: 无法加载模块:Vod-list-id-2-pg-1-order--by--class-0-year-0-letter-G-area-加拿大-lang-.html

[ 2018-02-05T18:23:34+08:00 ] 42.236.49.76 /index.php?m=vod-list-id-4-pg-1-order--by--class-0-year-2012-letter-B-area-%E6%B3%95%E5%9B%BD-lang-.html
INFO: [ app_init ] --START--
INFO: Run Behavior\BuildLiteBehavior [ RunTime:0.000976s ]
INFO: [ app_init ] --END-- [ RunTime:0.000976s ]
ERR: 无法加载模块:Vod-list-id-4-pg-1-order--by--class-0-year-2012-letter-B-area-法国-lang-.html

[ 2018-02-05T18:23:34+08:00 ] 42.236.10.100 /index.php?s=vod-play-id-1140-sid-0-pid-1.html
INFO: [ app_init ] --START--
INFO: Run Behavior\BuildLiteBehavior [ RunTime:0.000000s ]
INFO: [ app_init ] --END-- [ RunTime:0.000976s ]
ERR: 无法加载模块:Vod-play-id-1140-sid-0-pid-1

[ 2018-02-05T18:23:34+08:00 ] 42.236.50.241 /index.php?m=vod-search-pg-235-starring-yuanyuan-letter-V.html
INFO: [ app_init ] --START--
INFO: Run Behavior\BuildLiteBehavior [ RunTime:0.000000s ]
INFO: [ app_init ] --END-- [ RunTime:0.000000s ]
ERR: 无法加载模块:Vod-search-pg-235-starring-yuanyuan-letter-V.html

[ 2018-02-05T18:23:35+08:00 ] 42.236.50.99 /index.php?m=vod-play-id-1715-src-1-num-1.html
INFO: [ app_init ] --START--
INFO: Run Behavior\BuildLiteBehavior [ RunTime:0.000000s ]
INFO: [ app_init ] --END-- [ RunTime:0.000000s ]
ERR: 无法加载模块:Vod-play-id-1715-src-1-num-1.html

[ 2018-02-05T18:23:35+08:00 ] 42.236.10.103 /index.php?m=vod-play-id-2405-src-1-num-1.html
INFO: [ app_init ] --START--
INFO: Run Behavior\BuildLiteBehavior [ RunTime:0.000000s ]
INFO: [ app_init ] --END-- [ RunTime:0.000976s ]
ERR: 无法加载模块:Vod-play-id-2405-src-1-num-1.html

[ 2018-02-05T18:23:35+08:00 ] 42.236.10.103 /index.php?s=vod-play-id-663-sid-0-pid-1.html
INFO: [ app_init ] --START--
INFO: Run Behavior\BuildLiteBehavior [ RunTime:0.000000s ]
INFO: [ app_init ] --END-- [ RunTime:0.000000s ]
ERR: 无法加载模块:Vod-play-id-663-sid-0-pid-1

[ 2018-02-05T18:23:35+08:00 ] 42.236.10.102 /index.php?s=vod-play-id-1494-sid-0-pid-1.html
INFO: [ app_init ] --START--
INFO: Run Behavior\BuildLiteBehavior [ RunTime:0.000000s ]
INFO: [ app_init ] --END-- [ RunTime:0.000000s ]
ERR: 无法加载模块:Vod-play-id-1494-sid-0-pid-1

[ 2018-02-05T18:23:36+08:00 ] 42.236.102.243 /index.php?m=vod-play-id-216-src-1-num-1.html
INFO: [ app_init ] --START--
INFO: Run Behavior\BuildLiteBehavior [ RunTime:0.000000s ]
INFO: [ app_init ] --END-- [ RunTime:0.000000s ]
ERR: 无法加载模块:Vod-play-id-216-src-1-num-1.html

