[ 2018-01-27T20:06:25+08:00 ] 42.236.49.156 /index.php?m=vod-list-id-4-pg-1-order--by--class-52-year--letter--area--lang-.html
INFO: [ app_init ] --START--
INFO: Run Behavior\BuildLiteBehavior [ RunTime:0.000000s ]
INFO: [ app_init ] --END-- [ RunTime:0.000976s ]
ERR: 无法加载模块:Vod-list-id-4-pg-1-order--by--class-52-year--letter--area--lang-.html

[ 2018-01-27T20:06:25+08:00 ] 42.236.10.74 /index.php?s=vod-play-id-1647-sid-0-pid-1.html
INFO: [ app_init ] --START--
INFO: Run Behavior\BuildLiteBehavior [ RunTime:0.000000s ]
INFO: [ app_init ] --END-- [ RunTime:0.000000s ]
ERR: 无法加载模块:Vod-play-id-1647-sid-0-pid-1

[ 2018-01-27T20:06:25+08:00 ] 42.236.49.207 /index.php?s=gb-show-p-9.html
INFO: [ app_init ] --START--
INFO: Run Behavior\BuildLiteBehavior [ RunTime:0.000000s ]
INFO: [ app_init ] --END-- [ RunTime:0.000000s ]
ERR: 无法加载模块:Gb-show-p-9

[ 2018-01-27T20:06:26+08:00 ] 42.236.39.136 /index.php?s=gb-show-p-15.html
INFO: [ app_init ] --START--
INFO: Run Behavior\BuildLiteBehavior [ RunTime:0.000000s ]
INFO: [ app_init ] --END-- [ RunTime:0.000976s ]
ERR: 无法加载模块:Gb-show-p-15

[ 2018-01-27T20:06:28+08:00 ] 180.153.236.19 /index.php?s=vod-play-id-123-sid-0-pid-1.html
INFO: [ app_init ] --START--
INFO: Run Behavior\BuildLiteBehavior [ RunTime:0.000000s ]
INFO: [ app_init ] --END-- [ RunTime:0.000000s ]
ERR: 无法加载模块:Vod-play-id-123-sid-0-pid-1

