[ 2018-01-08T00:41:51+08:00 ] 42.236.10.114 /index.php?s=vod-play-id-356-sid-0-pid-1.html
INFO: [ app_init ] --START--
INFO: Run Behavior\BuildLiteBehavior [ RunTime:0.000000s ]
INFO: [ app_init ] --END-- [ RunTime:0.000000s ]
ERR: 无法加载模块:Vod-play-id-356-sid-0-pid-1

[ 2018-01-08T00:41:51+08:00 ] 42.236.10.115 /index.php?s=vod-play-id-1042-sid-0-pid-1.html
INFO: [ app_init ] --START--
INFO: Run Behavior\BuildLiteBehavior [ RunTime:0.000000s ]
INFO: [ app_init ] --END-- [ RunTime:0.000977s ]
ERR: 无法加载模块:Vod-play-id-1042-sid-0-pid-1

[ 2018-01-08T00:41:51+08:00 ] 180.153.236.125 /index.php?s=gb-show-p-1957.html
INFO: [ app_init ] --START--
INFO: Run Behavior\BuildLiteBehavior [ RunTime:0.000000s ]
INFO: [ app_init ] --END-- [ RunTime:0.000976s ]
ERR: 无法加载模块:Gb-show-p-1957

[ 2018-01-08T00:41:51+08:00 ] 42.236.10.106 /index.php?s=gb-show-id-321.html
INFO: [ app_init ] --START--
INFO: Run Behavior\BuildLiteBehavior [ RunTime:0.000000s ]
INFO: [ app_init ] --END-- [ RunTime:0.000000s ]
ERR: 无法加载模块:Gb-show-id-321

[ 2018-01-08T00:41:51+08:00 ] 42.236.10.102 /index.php?m=vod-play-id-745-src-1-num-1.html
INFO: [ app_init ] --START--
INFO: Run Behavior\BuildLiteBehavior [ RunTime:0.000000s ]
INFO: [ app_init ] --END-- [ RunTime:0.000000s ]
ERR: 无法加载模块:Vod-play-id-745-src-1-num-1.html

[ 2018-01-08T00:41:51+08:00 ] 42.236.10.85 /index.php?m=vod-list-id-2-pg-1-order--by--class-0-year-0-letter-E-area-%E5%A4%A7%E9%99%86-lang-.html
INFO: [ app_init ] --START--
INFO: Run Behavior\BuildLiteBehavior [ RunTime:0.000000s ]
INFO: [ app_init ] --END-- [ RunTime:0.000000s ]
ERR: 无法加载模块:Vod-list-id-2-pg-1-order--by--class-0-year-0-letter-E-area-大陆-lang-.html

[ 2018-01-08T00:41:51+08:00 ] 42.236.10.77 /index.php?s=vod-play-id-962-sid-0-pid-1.html
INFO: [ app_init ] --START--
INFO: Run Behavior\BuildLiteBehavior [ RunTime:0.000000s ]
INFO: [ app_init ] --END-- [ RunTime:0.000976s ]
ERR: 无法加载模块:Vod-play-id-962-sid-0-pid-1

[ 2018-01-08T00:41:51+08:00 ] 42.236.10.79 /index.php?s=vod-play-id-1436-sid-0-pid-1.html
INFO: [ app_init ] --START--
INFO: Run Behavior\BuildLiteBehavior [ RunTime:0.000000s ]
INFO: [ app_init ] --END-- [ RunTime:0.000000s ]
ERR: 无法加载模块:Vod-play-id-1436-sid-0-pid-1

[ 2018-01-08T00:41:51+08:00 ] 42.236.10.71 /index.php?s=gb-show-id-1218.html
INFO: [ app_init ] --START--
INFO: Run Behavior\BuildLiteBehavior [ RunTime:0.000000s ]
INFO: [ app_init ] --END-- [ RunTime:0.000000s ]
ERR: 无法加载模块:Gb-show-id-1218

[ 2018-01-08T00:41:51+08:00 ] 180.153.236.117 /index.php?m=vod-play-id-113-src-1-num-1.html
INFO: [ app_init ] --START--
INFO: Run Behavior\BuildLiteBehavior [ RunTime:0.000000s ]
INFO: [ app_init ] --END-- [ RunTime:0.000000s ]
ERR: 无法加载模块:Vod-play-id-113-src-1-num-1.html

[ 2018-01-08T00:41:51+08:00 ] 42.236.10.72 /index.php?m=vod-play-id-1763-src-1-num-1.html
INFO: [ app_init ] --START--
INFO: Run Behavior\BuildLiteBehavior [ RunTime:0.000977s ]
INFO: [ app_init ] --END-- [ RunTime:0.000977s ]
ERR: 无法加载模块:Vod-play-id-1763-src-1-num-1.html

[ 2018-01-08T00:41:51+08:00 ] 42.236.31.146 /index.php?s=vod-play-id-335-sid-0-pid-1.html
INFO: [ app_init ] --START--
INFO: Run Behavior\BuildLiteBehavior [ RunTime:0.000000s ]
INFO: [ app_init ] --END-- [ RunTime:0.000000s ]
ERR: 无法加载模块:Vod-play-id-335-sid-0-pid-1

[ 2018-01-08T00:41:51+08:00 ] 42.236.10.85 /index.php?m=vod-search-pg-235-starring-yuanyuan-letter-E.html
INFO: [ app_init ] --START--
INFO: Run Behavior\BuildLiteBehavior [ RunTime:0.000000s ]
INFO: [ app_init ] --END-- [ RunTime:0.000000s ]
ERR: 无法加载模块:Vod-search-pg-235-starring-yuanyuan-letter-E.html

[ 2018-01-08T00:41:52+08:00 ] 180.153.234.145 /index.php?m=vod-list-id-4-pg-1-order--by--class-0-year-2011-letter--area-%E5%8D%B0%E5%BA%A6-lang-.html
INFO: [ app_init ] --START--
INFO: Run Behavior\BuildLiteBehavior [ RunTime:0.000000s ]
INFO: [ app_init ] --END-- [ RunTime:0.000000s ]
ERR: 无法加载模块:Vod-list-id-4-pg-1-order--by--class-0-year-2011-letter--area-印度-lang-.html

[ 2018-01-08T00:41:52+08:00 ] 42.236.102.213 /index.php?s=gb-show-id-459.html
INFO: [ app_init ] --START--
INFO: Run Behavior\BuildLiteBehavior [ RunTime:0.000000s ]
INFO: [ app_init ] --END-- [ RunTime:0.000000s ]
ERR: 无法加载模块:Gb-show-id-459

[ 2018-01-08T00:41:52+08:00 ] 180.153.236.51 /index.php?m=vod-list-id-4-pg-1-order--by--class--year--letter--area-%E6%96%B0%E5%8A%A0%E5%9D%A1-lang-.html
INFO: [ app_init ] --START--
INFO: Run Behavior\BuildLiteBehavior [ RunTime:0.000000s ]
INFO: [ app_init ] --END-- [ RunTime:0.000000s ]
ERR: 无法加载模块:Vod-list-id-4-pg-1-order--by--class--year--letter--area-新加坡-lang-.html

[ 2018-01-08T00:41:52+08:00 ] 42.236.10.78 /index.php?m=vod-list-id-2-pg-1-order--by--class-0-year-0-letter-E-area-%E5%85%B6%E5%AE%83-lang-.html
INFO: [ app_init ] --START--
INFO: Run Behavior\BuildLiteBehavior [ RunTime:0.000000s ]
INFO: [ app_init ] --END-- [ RunTime:0.000976s ]
ERR: 无法加载模块:Vod-list-id-2-pg-1-order--by--class-0-year-0-letter-E-area-其它-lang-.html

[ 2018-01-08T10:26:02+08:00 ] 69.30.198.202 /index.php?m=vod-list-id-0-pg-1-order--by--class-0-year-0-letter--area-%E4%BF%84%E7%BD%97%E6%96%AF-lang-.html
INFO: [ app_init ] --START--
INFO: Run Behavior\BuildLiteBehavior [ RunTime:0.000000s ]
INFO: [ app_init ] --END-- [ RunTime:0.000000s ]
ERR: 无法加载模块:Vod-list-id-0-pg-1-order--by--class-0-year-0-letter--area-俄罗斯-lang-.html

[ 2018-01-08T22:50:29+08:00 ] 42.236.10.75 /index.php?m=vod-play-id-882-src-1-num-1.html
INFO: [ app_init ] --START--
INFO: Run Behavior\BuildLiteBehavior [ RunTime:0.000000s ]
INFO: [ app_init ] --END-- [ RunTime:0.000000s ]
ERR: 无法加载模块:Vod-play-id-882-src-1-num-1.html

[ 2018-01-08T22:50:29+08:00 ] 42.236.10.109 /index.php?m=vod-list-id-4-pg-1-order--by--class--year--letter--area-%E6%B3%95%E5%9B%BD-lang-.html
INFO: [ app_init ] --START--
INFO: Run Behavior\BuildLiteBehavior [ RunTime:0.000000s ]
INFO: [ app_init ] --END-- [ RunTime:0.000000s ]
ERR: 无法加载模块:Vod-list-id-4-pg-1-order--by--class--year--letter--area-法国-lang-.html

[ 2018-01-08T22:50:29+08:00 ] 42.236.10.102 /index.php?m=vod-search-pg-235-starring-yuanyuan-letter-F.html
INFO: [ app_init ] --START--
INFO: Run Behavior\BuildLiteBehavior [ RunTime:0.000000s ]
INFO: [ app_init ] --END-- [ RunTime:0.000977s ]
ERR: 无法加载模块:Vod-search-pg-235-starring-yuanyuan-letter-F.html

[ 2018-01-08T22:50:29+08:00 ] 42.236.10.82 /index.php?s=gb-show-p-319.html
INFO: [ app_init ] --START--
INFO: Run Behavior\BuildLiteBehavior [ RunTime:0.000000s ]
INFO: [ app_init ] --END-- [ RunTime:0.000000s ]
ERR: 无法加载模块:Gb-show-p-319

[ 2018-01-08T22:50:29+08:00 ] 42.236.10.112 /index.php?m=vod-list-id-4-pg-1-order--by--class-0-year-2011-letter--area-%E6%96%B0%E5%8A%A0%E5%9D%A1-lang-.html
INFO: [ app_init ] --START--
INFO: Run Behavior\BuildLiteBehavior [ RunTime:0.000000s ]
INFO: [ app_init ] --END-- [ RunTime:0.000977s ]
ERR: 无法加载模块:Vod-list-id-4-pg-1-order--by--class-0-year-2011-letter--area-新加坡-lang-.html

[ 2018-01-08T22:50:29+08:00 ] 42.236.49.180 /index.php?s=gb-show-id-1221.html
INFO: [ app_init ] --START--
INFO: Run Behavior\BuildLiteBehavior [ RunTime:0.000000s ]
INFO: [ app_init ] --END-- [ RunTime:0.000000s ]
ERR: 无法加载模块:Gb-show-id-1221

[ 2018-01-08T22:50:29+08:00 ] 42.236.50.80 /index.php?s=gb-show-id-322.html
INFO: [ app_init ] --START--
INFO: Run Behavior\BuildLiteBehavior [ RunTime:0.000000s ]
INFO: [ app_init ] --END-- [ RunTime:0.000000s ]
ERR: 无法加载模块:Gb-show-id-322

[ 2018-01-08T22:50:29+08:00 ] 42.236.10.105 /index.php?s=vod-play-id-1437-sid-0-pid-1.html
INFO: [ app_init ] --START--
INFO: Run Behavior\BuildLiteBehavior [ RunTime:0.000000s ]
INFO: [ app_init ] --END-- [ RunTime:0.000000s ]
ERR: 无法加载模块:Vod-play-id-1437-sid-0-pid-1

[ 2018-01-08T22:50:29+08:00 ] 42.236.50.180 /index.php?s=gb-show-id-460.html
INFO: [ app_init ] --START--
INFO: Run Behavior\BuildLiteBehavior [ RunTime:0.000000s ]
INFO: [ app_init ] --END-- [ RunTime:0.000000s ]
ERR: 无法加载模块:Gb-show-id-460

[ 2018-01-08T22:50:29+08:00 ] 42.236.10.107 /index.php?s=vod-play-id-341-sid-0-pid-1.html
INFO: [ app_init ] --START--
INFO: Run Behavior\BuildLiteBehavior [ RunTime:0.000000s ]
INFO: [ app_init ] --END-- [ RunTime:0.000000s ]
ERR: 无法加载模块:Vod-play-id-341-sid-0-pid-1

[ 2018-01-08T22:50:29+08:00 ] 42.236.31.139 /index.php?m=vod-search-pg-235-starring-yuanyuan-classid-32.html
INFO: [ app_init ] --START--
INFO: Run Behavior\BuildLiteBehavior [ RunTime:0.000000s ]
INFO: [ app_init ] --END-- [ RunTime:0.000977s ]
ERR: 无法加载模块:Vod-search-pg-235-starring-yuanyuan-classid-32.html

[ 2018-01-08T22:50:29+08:00 ] 42.236.39.182 /index.php?s=vod-play-id-360-sid-0-pid-1.html
INFO: [ app_init ] --START--
INFO: Run Behavior\BuildLiteBehavior [ RunTime:0.000000s ]
INFO: [ app_init ] --END-- [ RunTime:0.000000s ]
ERR: 无法加载模块:Vod-play-id-360-sid-0-pid-1

[ 2018-01-08T22:50:30+08:00 ] 42.236.48.163 /index.php?m=vod-play-id-2314-src-1-num-1.html
INFO: [ app_init ] --START--
INFO: Run Behavior\BuildLiteBehavior [ RunTime:0.000000s ]
INFO: [ app_init ] --END-- [ RunTime:0.000000s ]
ERR: 无法加载模块:Vod-play-id-2314-src-1-num-1.html

[ 2018-01-08T22:50:30+08:00 ] 180.153.236.189 /index.php?s=vod-play-id-1055-sid-0-pid-1.html
INFO: [ app_init ] --START--
INFO: Run Behavior\BuildLiteBehavior [ RunTime:0.000000s ]
INFO: [ app_init ] --END-- [ RunTime:0.000000s ]
ERR: 无法加载模块:Vod-play-id-1055-sid-0-pid-1

[ 2018-01-08T22:50:30+08:00 ] 42.236.102.179 /index.php?m=vod-list-id-2-pg-1-order--by--class-0-year-0-letter-E-area-%E6%96%B0%E5%8A%A0%E5%9D%A1-lang-.html
INFO: [ app_init ] --START--
INFO: Run Behavior\BuildLiteBehavior [ RunTime:0.000000s ]
INFO: [ app_init ] --END-- [ RunTime:0.000000s ]
ERR: 无法加载模块:Vod-list-id-2-pg-1-order--by--class-0-year-0-letter-E-area-新加坡-lang-.html

[ 2018-01-08T22:50:30+08:00 ] 42.236.10.110 /index.php?s=gb-show-p-2063.html
INFO: [ app_init ] --START--
INFO: Run Behavior\BuildLiteBehavior [ RunTime:0.000000s ]
INFO: [ app_init ] --END-- [ RunTime:0.000976s ]
ERR: 无法加载模块:Gb-show-p-2063

[ 2018-01-08T22:50:30+08:00 ] 180.153.236.133 /index.php?m=vod-play-id-1133-src-1-num-1.html
INFO: [ app_init ] --START--
INFO: Run Behavior\BuildLiteBehavior [ RunTime:0.000000s ]
INFO: [ app_init ] --END-- [ RunTime:0.000976s ]
ERR: 无法加载模块:Vod-play-id-1133-src-1-num-1.html

