[ 2018-02-03T02:11:28+08:00 ] 42.236.10.105 /index.php?m=vod-search-pg-235-starring-yuanyuan-letter-U.html
INFO: [ app_init ] --START--
INFO: Run Behavior\BuildLiteBehavior [ RunTime:0.000000s ]
INFO: [ app_init ] --END-- [ RunTime:0.000000s ]
ERR: 无法加载模块:Vod-search-pg-235-starring-yuanyuan-letter-U.html

[ 2018-02-03T02:11:29+08:00 ] 42.236.48.223 /index.php?s=gb-show-id-1481.html
INFO: [ app_init ] --START--
INFO: Run Behavior\BuildLiteBehavior [ RunTime:0.000000s ]
INFO: [ app_init ] --END-- [ RunTime:0.000000s ]
ERR: 无法加载模块:Gb-show-id-1481

[ 2018-02-03T02:11:29+08:00 ] 42.236.102.213 /index.php?s=vod-play-id-1475-sid-0-pid-1.html
INFO: [ app_init ] --START--
INFO: Run Behavior\BuildLiteBehavior [ RunTime:0.000000s ]
INFO: [ app_init ] --END-- [ RunTime:0.000000s ]
ERR: 无法加载模块:Vod-play-id-1475-sid-0-pid-1

[ 2018-02-03T02:11:29+08:00 ] 42.236.102.213 /index.php?m=vod-list-id-2-pg-1-order--by--class-0-year-0-letter-F-area--lang-.html
INFO: [ app_init ] --START--
INFO: Run Behavior\BuildLiteBehavior [ RunTime:0.000000s ]
INFO: [ app_init ] --END-- [ RunTime:0.000977s ]
ERR: 无法加载模块:Vod-list-id-2-pg-1-order--by--class-0-year-0-letter-F-area--lang-.html

[ 2018-02-03T02:11:29+08:00 ] 42.236.49.239 /index.php?m=vod-play-id-2385-src-1-num-1.html
INFO: [ app_init ] --START--
INFO: Run Behavior\BuildLiteBehavior [ RunTime:0.000000s ]
INFO: [ app_init ] --END-- [ RunTime:0.000000s ]
ERR: 无法加载模块:Vod-play-id-2385-src-1-num-1.html

[ 2018-02-03T02:11:29+08:00 ] 42.236.10.115 /index.php?m=vod-play-id-1685-src-1-num-1.html
INFO: [ app_init ] --START--
INFO: Run Behavior\BuildLiteBehavior [ RunTime:0.000000s ]
INFO: [ app_init ] --END-- [ RunTime:0.000976s ]
ERR: 无法加载模块:Vod-play-id-1685-src-1-num-1.html

[ 2018-02-03T23:12:56+08:00 ] 180.153.236.173 /index.php?m=vod-play-id-2300-src-1-num-1.html
INFO: [ app_init ] --START--
INFO: Run Behavior\BuildLiteBehavior [ RunTime:0.000000s ]
INFO: [ app_init ] --END-- [ RunTime:0.000977s ]
ERR: 无法加载模块:Vod-play-id-2300-src-1-num-1.html

