[ 2018-01-31T21:31:21+08:00 ] 42.236.10.105 /index.php?s=vod-play-id-320-sid-0-pid-1.html
INFO: [ app_init ] --START--
INFO: Run Behavior\BuildLiteBehavior [ RunTime:0.000000s ]
INFO: [ app_init ] --END-- [ RunTime:0.000000s ]
ERR: 无法加载模块:Vod-play-id-320-sid-0-pid-1

[ 2018-01-31T21:31:21+08:00 ] 42.236.10.85 /index.php?m=vod-play-id-1190-src-1-num-1.html
INFO: [ app_init ] --START--
INFO: Run Behavior\BuildLiteBehavior [ RunTime:0.000000s ]
INFO: [ app_init ] --END-- [ RunTime:0.000000s ]
ERR: 无法加载模块:Vod-play-id-1190-src-1-num-1.html

[ 2018-01-31T21:31:21+08:00 ] 42.236.49.136 /index.php?s=gb-show-p-954.html
INFO: [ app_init ] --START--
INFO: Run Behavior\BuildLiteBehavior [ RunTime:0.000000s ]
INFO: [ app_init ] --END-- [ RunTime:0.000000s ]
ERR: 无法加载模块:Gb-show-p-954

[ 2018-01-31T21:31:21+08:00 ] 42.236.39.179 /index.php?m=vod-list-id-2-pg-1-order--by--class-0-year-0-letter-F-area-%E6%B3%95%E5%9B%BD-lang-.html
INFO: [ app_init ] --START--
INFO: Run Behavior\BuildLiteBehavior [ RunTime:0.000000s ]
INFO: [ app_init ] --END-- [ RunTime:0.000000s ]
ERR: 无法加载模块:Vod-list-id-2-pg-1-order--by--class-0-year-0-letter-F-area-法国-lang-.html

[ 2018-01-31T21:31:21+08:00 ] 42.236.102.244 /index.php?m=vod-play-id-903-src-1-num-1.html
INFO: [ app_init ] --START--
INFO: Run Behavior\BuildLiteBehavior [ RunTime:0.000000s ]
INFO: [ app_init ] --END-- [ RunTime:0.000000s ]
ERR: 无法加载模块:Vod-play-id-903-src-1-num-1.html

[ 2018-01-31T21:31:21+08:00 ] 180.153.232.170 /index.php?m=vod-play-id-2343-src-1-num-1.html
INFO: [ app_init ] --START--
INFO: Run Behavior\BuildLiteBehavior [ RunTime:0.000000s ]
INFO: [ app_init ] --END-- [ RunTime:0.000000s ]
ERR: 无法加载模块:Vod-play-id-2343-src-1-num-1.html

[ 2018-01-31T21:31:21+08:00 ] 42.236.10.103 /index.php?s=vod-play-id-1460-sid-0-pid-1.html
INFO: [ app_init ] --START--
INFO: Run Behavior\BuildLiteBehavior [ RunTime:0.000000s ]
INFO: [ app_init ] --END-- [ RunTime:0.000000s ]
ERR: 无法加载模块:Vod-play-id-1460-sid-0-pid-1

[ 2018-01-31T21:31:21+08:00 ] 42.236.102.243 /index.php?s=vod-play-id-541-sid-0-pid-1.html
INFO: [ app_init ] --START--
INFO: Run Behavior\BuildLiteBehavior [ RunTime:0.000000s ]
INFO: [ app_init ] --END-- [ RunTime:0.000000s ]
ERR: 无法加载模块:Vod-play-id-541-sid-0-pid-1

[ 2018-01-31T21:31:21+08:00 ] 42.236.10.104 /index.php?m=vod-play-id-1833-src-1-num-1.html
INFO: [ app_init ] --START--
INFO: Run Behavior\BuildLiteBehavior [ RunTime:0.000000s ]
INFO: [ app_init ] --END-- [ RunTime:0.000000s ]
ERR: 无法加载模块:Vod-play-id-1833-src-1-num-1.html

[ 2018-01-31T21:31:21+08:00 ] 180.153.236.101 /index.php?s=vod-play-id-560-sid-0-pid-1.html
INFO: [ app_init ] --START--
INFO: Run Behavior\BuildLiteBehavior [ RunTime:0.000000s ]
INFO: [ app_init ] --END-- [ RunTime:0.000977s ]
ERR: 无法加载模块:Vod-play-id-560-sid-0-pid-1

[ 2018-01-31T21:31:22+08:00 ] 42.236.102.211 /index.php?s=gb-show-id-1062.html
INFO: [ app_init ] --START--
INFO: Run Behavior\BuildLiteBehavior [ RunTime:0.000000s ]
INFO: [ app_init ] --END-- [ RunTime:0.000976s ]
ERR: 无法加载模块:Gb-show-id-1062

[ 2018-01-31T21:31:22+08:00 ] 42.236.39.173 /index.php?s=gb-show-id-1299.html
INFO: [ app_init ] --START--
INFO: Run Behavior\BuildLiteBehavior [ RunTime:0.000000s ]
INFO: [ app_init ] --END-- [ RunTime:0.000000s ]
ERR: 无法加载模块:Gb-show-id-1299

[ 2018-01-31T21:31:22+08:00 ] 42.236.49.20 /index.php?s=gb-show-id-557.html
INFO: [ app_init ] --START--
INFO: Run Behavior\BuildLiteBehavior [ RunTime:0.000000s ]
INFO: [ app_init ] --END-- [ RunTime:0.000976s ]
ERR: 无法加载模块:Gb-show-id-557

[ 2018-01-31T21:31:22+08:00 ] 42.236.10.82 /index.php?s=gb-show-id-582.html
INFO: [ app_init ] --START--
INFO: Run Behavior\BuildLiteBehavior [ RunTime:0.000000s ]
INFO: [ app_init ] --END-- [ RunTime:0.000000s ]
ERR: 无法加载模块:Gb-show-id-582

