[ 2018-02-13T00:40:57+08:00 ] 42.236.10.115 /index.php?m=vod-search-pg-235-starring-yuanyuan-letter-W.html
INFO: [ app_init ] --START--
INFO: Run Behavior\BuildLiteBehavior [ RunTime:0.000000s ]
INFO: [ app_init ] --END-- [ RunTime:0.000976s ]
ERR: 无法加载模块:Vod-search-pg-235-starring-yuanyuan-letter-W.html

[ 2018-02-13T00:40:57+08:00 ] 42.236.48.90 /index.php?s=vod-play-id-70-sid-0-pid-1.html
INFO: [ app_init ] --START--
INFO: Run Behavior\BuildLiteBehavior [ RunTime:0.000000s ]
INFO: [ app_init ] --END-- [ RunTime:0.000977s ]
ERR: 无法加载模块:Vod-play-id-70-sid-0-pid-1

[ 2018-02-13T00:40:57+08:00 ] 42.236.49.98 /index.php?m=vod-play-id-1368-src-1-num-1.html
INFO: [ app_init ] --START--
INFO: Run Behavior\BuildLiteBehavior [ RunTime:0.000000s ]
INFO: [ app_init ] --END-- [ RunTime:0.000000s ]
ERR: 无法加载模块:Vod-play-id-1368-src-1-num-1.html

[ 2018-02-13T00:40:58+08:00 ] 42.236.48.140 /index.php?s=vod-play-id-225-sid-0-pid-1.html
INFO: [ app_init ] --START--
INFO: Run Behavior\BuildLiteBehavior [ RunTime:0.000000s ]
INFO: [ app_init ] --END-- [ RunTime:0.000977s ]
ERR: 无法加载模块:Vod-play-id-225-sid-0-pid-1

[ 2018-02-13T00:40:58+08:00 ] 42.236.10.84 /index.php?s=gb-show-id-1316.html
INFO: [ app_init ] --START--
INFO: Run Behavior\BuildLiteBehavior [ RunTime:0.000000s ]
INFO: [ app_init ] --END-- [ RunTime:0.000000s ]
ERR: 无法加载模块:Gb-show-id-1316

[ 2018-02-13T00:40:58+08:00 ] 42.236.10.84 /index.php?m=vod-play-id-254-src-1-num-1.html
INFO: [ app_init ] --START--
INFO: Run Behavior\BuildLiteBehavior [ RunTime:0.000000s ]
INFO: [ app_init ] --END-- [ RunTime:0.000000s ]
ERR: 无法加载模块:Vod-play-id-254-src-1-num-1.html

[ 2018-02-13T00:40:58+08:00 ] 42.236.10.82 /index.php?m=vod-play-id-2000-src-1-num-1.html
INFO: [ app_init ] --START--
INFO: Run Behavior\BuildLiteBehavior [ RunTime:0.000000s ]
INFO: [ app_init ] --END-- [ RunTime:0.000000s ]
ERR: 无法加载模块:Vod-play-id-2000-src-1-num-1.html

[ 2018-02-13T00:40:58+08:00 ] 42.236.10.75 /index.php?m=vod-list-id-4-pg-1-order--by--class-0-year-2012-letter--area--lang-.html
INFO: [ app_init ] --START--
INFO: Run Behavior\BuildLiteBehavior [ RunTime:0.000000s ]
INFO: [ app_init ] --END-- [ RunTime:0.000977s ]
ERR: 无法加载模块:Vod-list-id-4-pg-1-order--by--class-0-year-2012-letter--area--lang-.html

[ 2018-02-13T00:40:58+08:00 ] 42.236.10.113 /index.php?s=gb-show-id-575.html
INFO: [ app_init ] --START--
INFO: Run Behavior\BuildLiteBehavior [ RunTime:0.000000s ]
INFO: [ app_init ] --END-- [ RunTime:0.000000s ]
ERR: 无法加载模块:Gb-show-id-575

[ 2018-02-13T00:40:58+08:00 ] 42.236.39.167 /index.php?s=vod-play-id-620-sid-0-pid-1.html
INFO: [ app_init ] --START--
INFO: Run Behavior\BuildLiteBehavior [ RunTime:0.000000s ]
INFO: [ app_init ] --END-- [ RunTime:0.000000s ]
ERR: 无法加载模块:Vod-play-id-620-sid-0-pid-1

[ 2018-02-13T00:40:58+08:00 ] 42.236.10.78 /index.php?m=vod-list-id-2-pg-1-order--by--class-0-year-0-letter-F-area-%E5%8D%B0%E5%BA%A6-lang-.html
INFO: [ app_init ] --START--
INFO: Run Behavior\BuildLiteBehavior [ RunTime:0.000000s ]
INFO: [ app_init ] --END-- [ RunTime:0.000000s ]
ERR: 无法加载模块:Vod-list-id-2-pg-1-order--by--class-0-year-0-letter-F-area-印度-lang-.html

[ 2018-02-13T00:40:58+08:00 ] 180.153.236.149 /index.php?s=vod-play-id-1666-sid-0-pid-1.html
INFO: [ app_init ] --START--
INFO: Run Behavior\BuildLiteBehavior [ RunTime:0.000000s ]
INFO: [ app_init ] --END-- [ RunTime:0.000976s ]
ERR: 无法加载模块:Vod-play-id-1666-sid-0-pid-1

[ 2018-02-13T00:40:58+08:00 ] 180.153.236.165 /index.php?s=gb-show-id-1498.html
INFO: [ app_init ] --START--
INFO: Run Behavior\BuildLiteBehavior [ RunTime:0.000000s ]
INFO: [ app_init ] --END-- [ RunTime:0.000976s ]
ERR: 无法加载模块:Gb-show-id-1498

[ 2018-02-13T00:40:58+08:00 ] 42.236.10.110 /index.php?m=vod-play-id-75-src-1-num-1.html
INFO: [ app_init ] --START--
INFO: Run Behavior\BuildLiteBehavior [ RunTime:0.000000s ]
INFO: [ app_init ] --END-- [ RunTime:0.000000s ]
ERR: 无法加载模块:Vod-play-id-75-src-1-num-1.html

[ 2018-02-13T00:40:58+08:00 ] 180.153.236.125 /index.php?s=vod-play-id-1523-sid-0-pid-1.html
INFO: [ app_init ] --START--
INFO: Run Behavior\BuildLiteBehavior [ RunTime:0.000000s ]
INFO: [ app_init ] --END-- [ RunTime:0.000000s ]
ERR: 无法加载模块:Vod-play-id-1523-sid-0-pid-1

[ 2018-02-13T00:40:59+08:00 ] 42.236.10.104 /index.php?s=gb-show-p-4928.html
INFO: [ app_init ] --START--
INFO: Run Behavior\BuildLiteBehavior [ RunTime:0.000000s ]
INFO: [ app_init ] --END-- [ RunTime:0.000977s ]
ERR: 无法加载模块:Gb-show-p-4928

[ 2018-02-13T00:40:59+08:00 ] 42.236.48.90 /index.php?s=vod-play-id-1220-sid-0-pid-1.html
INFO: [ app_init ] --START--
INFO: Run Behavior\BuildLiteBehavior [ RunTime:0.000000s ]
INFO: [ app_init ] --END-- [ RunTime:0.000000s ]
ERR: 无法加载模块:Vod-play-id-1220-sid-0-pid-1

[ 2018-02-13T00:40:59+08:00 ] 180.153.236.173 /index.php?m=vod-play-id-23-src-1-num-1.html
INFO: [ app_init ] --START--
INFO: Run Behavior\BuildLiteBehavior [ RunTime:0.000000s ]
INFO: [ app_init ] --END-- [ RunTime:0.000977s ]
ERR: 无法加载模块:Vod-play-id-23-src-1-num-1.html

[ 2018-02-13T11:07:30+08:00 ] 91.121.211.59 /index.php?m=vod-list-id-0-pg-1-order--by--class-0-year-0-letter--area-%E4%BF%84%E7%BD%97%E6%96%AF-lang-.html
INFO: [ app_init ] --START--
INFO: Run Behavior\BuildLiteBehavior [ RunTime:0.000000s ]
INFO: [ app_init ] --END-- [ RunTime:0.000000s ]
ERR: 无法加载模块:Vod-list-id-0-pg-1-order--by--class-0-year-0-letter--area-俄罗斯-lang-.html

