[ 2018-01-16T12:15:14+08:00 ] 42.236.10.72 /index.php?s=vod-play-id-1709-sid-0-pid-1.html
INFO: [ app_init ] --START--
INFO: Run Behavior\BuildLiteBehavior [ RunTime:0.000000s ]
INFO: [ app_init ] --END-- [ RunTime:0.000000s ]
ERR: 无法加载模块:Vod-play-id-1709-sid-0-pid-1

[ 2018-01-16T12:15:14+08:00 ] 42.236.102.174 /index.php?s=gb-show-p-1223.html
INFO: [ app_init ] --START--
INFO: Run Behavior\BuildLiteBehavior [ RunTime:0.000000s ]
INFO: [ app_init ] --END-- [ RunTime:0.000977s ]
ERR: 无法加载模块:Gb-show-p-1223

[ 2018-01-16T12:15:14+08:00 ] 42.236.48.163 /index.php?m=vod-list-id-5-pg-1-order--by--class-0-year-0-letter--area-%E5%A4%A7%E9%99%86-lang-.html
INFO: [ app_init ] --START--
INFO: Run Behavior\BuildLiteBehavior [ RunTime:0.000000s ]
INFO: [ app_init ] --END-- [ RunTime:0.000977s ]
ERR: 无法加载模块:Vod-list-id-5-pg-1-order--by--class-0-year-0-letter--area-大陆-lang-.html

[ 2018-01-16T12:15:15+08:00 ] 42.236.10.110 /index.php?s=gb-show-id-1957.html
INFO: [ app_init ] --START--
INFO: Run Behavior\BuildLiteBehavior [ RunTime:0.000000s ]
INFO: [ app_init ] --END-- [ RunTime:0.000976s ]
ERR: 无法加载模块:Gb-show-id-1957

[ 2018-01-16T12:15:15+08:00 ] 180.153.236.35 /index.php?s=vod-play-id-565-sid-0-pid-1.html
INFO: [ app_init ] --START--
INFO: Run Behavior\BuildLiteBehavior [ RunTime:0.000000s ]
INFO: [ app_init ] --END-- [ RunTime:0.000976s ]
ERR: 无法加载模块:Vod-play-id-565-sid-0-pid-1

[ 2018-01-16T12:15:15+08:00 ] 42.236.48.210 /index.php?m=vod-list-id-4-pg-1-order--by--class-0-year-2011-letter--area--lang-.html
INFO: [ app_init ] --START--
INFO: Run Behavior\BuildLiteBehavior [ RunTime:0.000000s ]
INFO: [ app_init ] --END-- [ RunTime:0.000977s ]
ERR: 无法加载模块:Vod-list-id-4-pg-1-order--by--class-0-year-2011-letter--area--lang-.html

[ 2018-01-16T12:15:15+08:00 ] 42.236.48.79 /index.php?m=vod-search-pg-6-starring-yuanyuan.html
INFO: [ app_init ] --START--
INFO: Run Behavior\BuildLiteBehavior [ RunTime:0.000000s ]
INFO: [ app_init ] --END-- [ RunTime:0.000976s ]
ERR: 无法加载模块:Vod-search-pg-6-starring-yuanyuan.html

[ 2018-01-16T12:15:15+08:00 ] 42.236.48.164 /index.php?m=vod-list-id-2-pg-1-order--by--class-0-year-0-letter-E-area-%E6%B3%B0%E5%9B%BD-lang-.html
INFO: [ app_init ] --START--
INFO: Run Behavior\BuildLiteBehavior [ RunTime:0.000000s ]
INFO: [ app_init ] --END-- [ RunTime:0.000000s ]
ERR: 无法加载模块:Vod-list-id-2-pg-1-order--by--class-0-year-0-letter-E-area-泰国-lang-.html

[ 2018-01-16T12:15:15+08:00 ] 42.236.50.237 /index.php?s=gb-show-id-616.html
INFO: [ app_init ] --START--
INFO: Run Behavior\BuildLiteBehavior [ RunTime:0.000000s ]
INFO: [ app_init ] --END-- [ RunTime:0.000000s ]
ERR: 无法加载模块:Gb-show-id-616

[ 2018-01-16T12:15:15+08:00 ] 42.236.102.229 /index.php?s=vod-play-id-1173-sid-0-pid-1.html
INFO: [ app_init ] --START--
INFO: Run Behavior\BuildLiteBehavior [ RunTime:0.000000s ]
INFO: [ app_init ] --END-- [ RunTime:0.000000s ]
ERR: 无法加载模块:Vod-play-id-1173-sid-0-pid-1

[ 2018-01-16T12:15:15+08:00 ] 42.236.10.72 /index.php?s=vod-play-id-176-sid-0-pid-1.html
INFO: [ app_init ] --START--
INFO: Run Behavior\BuildLiteBehavior [ RunTime:0.000000s ]
INFO: [ app_init ] --END-- [ RunTime:0.000976s ]
ERR: 无法加载模块:Vod-play-id-176-sid-0-pid-1

[ 2018-01-16T12:15:15+08:00 ] 180.153.232.170 /index.php?m=vod-play-id-1837-src-1-num-1.html
INFO: [ app_init ] --START--
INFO: Run Behavior\BuildLiteBehavior [ RunTime:0.000000s ]
INFO: [ app_init ] --END-- [ RunTime:0.000000s ]
ERR: 无法加载模块:Vod-play-id-1837-src-1-num-1.html

[ 2018-01-16T12:15:16+08:00 ] 42.236.50.140 /index.php?m=vod-search-pg-235-starring-yuanyuan-letter-I.html
INFO: [ app_init ] --START--
INFO: Run Behavior\BuildLiteBehavior [ RunTime:0.000000s ]
INFO: [ app_init ] --END-- [ RunTime:0.000977s ]
ERR: 无法加载模块:Vod-search-pg-235-starring-yuanyuan-letter-I.html

[ 2018-01-16T12:15:16+08:00 ] 180.153.236.117 /index.php?m=vod-play-id-2357-src-1-num-1.html
INFO: [ app_init ] --START--
INFO: Run Behavior\BuildLiteBehavior [ RunTime:0.000000s ]
INFO: [ app_init ] --END-- [ RunTime:0.000000s ]
ERR: 无法加载模块:Vod-play-id-2357-src-1-num-1.html

[ 2018-01-16T12:15:16+08:00 ] 42.236.49.13 /index.php?s=gb-show-p-972.html
INFO: [ app_init ] --START--
INFO: Run Behavior\BuildLiteBehavior [ RunTime:0.000000s ]
INFO: [ app_init ] --END-- [ RunTime:0.000977s ]
ERR: 无法加载模块:Gb-show-p-972

[ 2018-01-16T23:50:02+08:00 ] 42.236.10.105 /index.php?s=gb-show-id-1211.html
INFO: [ app_init ] --START--
INFO: Run Behavior\BuildLiteBehavior [ RunTime:0.000000s ]
INFO: [ app_init ] --END-- [ RunTime:0.000000s ]
ERR: 无法加载模块:Gb-show-id-1211

[ 2018-01-16T23:50:02+08:00 ] 42.236.102.181 /index.php?m=vod-search-pg-235-starring-yuanyuan-letter-J.html
INFO: [ app_init ] --START--
INFO: Run Behavior\BuildLiteBehavior [ RunTime:0.000000s ]
INFO: [ app_init ] --END-- [ RunTime:0.000977s ]
ERR: 无法加载模块:Vod-search-pg-235-starring-yuanyuan-letter-J.html

[ 2018-01-16T23:50:02+08:00 ] 42.236.10.110 /index.php?s=gb-show-id-461.html
INFO: [ app_init ] --START--
INFO: Run Behavior\BuildLiteBehavior [ RunTime:0.000000s ]
INFO: [ app_init ] --END-- [ RunTime:0.000000s ]
ERR: 无法加载模块:Gb-show-id-461

[ 2018-01-16T23:50:03+08:00 ] 42.236.10.82 /index.php?m=vod-search-pg-5-starring-yuanyuan.html
INFO: [ app_init ] --START--
INFO: Run Behavior\BuildLiteBehavior [ RunTime:0.000000s ]
INFO: [ app_init ] --END-- [ RunTime:0.000976s ]
ERR: 无法加载模块:Vod-search-pg-5-starring-yuanyuan.html

[ 2018-01-16T23:50:03+08:00 ] 42.236.10.108 /index.php?s=vod-play-id-1689-sid-0-pid-1.html
INFO: [ app_init ] --START--
INFO: Run Behavior\BuildLiteBehavior [ RunTime:0.000000s ]
INFO: [ app_init ] --END-- [ RunTime:0.000000s ]
ERR: 无法加载模块:Vod-play-id-1689-sid-0-pid-1

[ 2018-01-16T23:50:04+08:00 ] 42.236.102.135 /index.php?s=vod-play-id-348-sid-0-pid-1.html
INFO: [ app_init ] --START--
INFO: Run Behavior\BuildLiteBehavior [ RunTime:0.000000s ]
INFO: [ app_init ] --END-- [ RunTime:0.000000s ]
ERR: 无法加载模块:Vod-play-id-348-sid-0-pid-1

[ 2018-01-16T23:50:06+08:00 ] 42.236.10.75 /index.php?s=vod-play-id-1191-sid-0-pid-1.html
INFO: [ app_init ] --START--
INFO: Run Behavior\BuildLiteBehavior [ RunTime:0.000000s ]
INFO: [ app_init ] --END-- [ RunTime:0.000000s ]
ERR: 无法加载模块:Vod-play-id-1191-sid-0-pid-1

[ 2018-01-16T23:50:07+08:00 ] 42.236.50.142 /index.php?s=gb-show-p-2070.html
INFO: [ app_init ] --START--
INFO: Run Behavior\BuildLiteBehavior [ RunTime:0.000000s ]
INFO: [ app_init ] --END-- [ RunTime:0.000976s ]
ERR: 无法加载模块:Gb-show-p-2070

[ 2018-01-16T23:50:07+08:00 ] 42.236.10.79 /index.php?m=vod-list-id-4-pg-1-order--by--class-0-year-2011-letter-B-area-%E6%B3%95%E5%9B%BD-lang-.html
INFO: [ app_init ] --START--
INFO: Run Behavior\BuildLiteBehavior [ RunTime:0.000000s ]
INFO: [ app_init ] --END-- [ RunTime:0.000000s ]
ERR: 无法加载模块:Vod-list-id-4-pg-1-order--by--class-0-year-2011-letter-B-area-法国-lang-.html

[ 2018-01-16T23:50:08+08:00 ] 42.236.48.44 /index.php?m=vod-play-id-1836-src-1-num-1.html
INFO: [ app_init ] --START--
INFO: Run Behavior\BuildLiteBehavior [ RunTime:0.000000s ]
INFO: [ app_init ] --END-- [ RunTime:0.000000s ]
ERR: 无法加载模块:Vod-play-id-1836-src-1-num-1.html

[ 2018-01-16T23:50:09+08:00 ] 42.236.50.103 /index.php?s=gb-show-p-995.html
INFO: [ app_init ] --START--
INFO: Run Behavior\BuildLiteBehavior [ RunTime:0.000000s ]
INFO: [ app_init ] --END-- [ RunTime:0.000000s ]
ERR: 无法加载模块:Gb-show-p-995

[ 2018-01-16T23:50:09+08:00 ] 42.236.10.113 /index.php?s=gb-show-id-613.html
INFO: [ app_init ] --START--
INFO: Run Behavior\BuildLiteBehavior [ RunTime:0.000000s ]
INFO: [ app_init ] --END-- [ RunTime:0.000000s ]
ERR: 无法加载模块:Gb-show-id-613

[ 2018-01-16T23:50:10+08:00 ] 42.236.10.105 /index.php?m=vod-list-id-5-pg-1-order--by--class-0-year--letter--area--lang-.html
INFO: [ app_init ] --START--
INFO: Run Behavior\BuildLiteBehavior [ RunTime:0.000000s ]
INFO: [ app_init ] --END-- [ RunTime:0.000000s ]
ERR: 无法加载模块:Vod-list-id-5-pg-1-order--by--class-0-year--letter--area--lang-.html

[ 2018-01-16T23:50:11+08:00 ] 42.236.50.16 /index.php?m=vod-play-id-236-src-1-num-1.html
INFO: [ app_init ] --START--
INFO: Run Behavior\BuildLiteBehavior [ RunTime:0.000000s ]
INFO: [ app_init ] --END-- [ RunTime:0.000000s ]
ERR: 无法加载模块:Vod-play-id-236-src-1-num-1.html

