[ 2018-01-03T01:58:12+08:00 ] 42.236.102.242 /index.php?s=vod-play-id-759-sid-0-pid-1.html
INFO: [ app_init ] --START--
INFO: Run Behavior\BuildLiteBehavior [ RunTime:0.000000s ]
INFO: [ app_init ] --END-- [ RunTime:0.000977s ]
ERR: 无法加载模块:Vod-play-id-759-sid-0-pid-1

[ 2018-01-03T01:58:12+08:00 ] 180.153.236.157 /index.php?m=vod-play-id-667-src-1-num-1.html
INFO: [ app_init ] --START--
INFO: Run Behavior\BuildLiteBehavior [ RunTime:0.000000s ]
INFO: [ app_init ] --END-- [ RunTime:0.000976s ]
ERR: 无法加载模块:Vod-play-id-667-src-1-num-1.html

[ 2018-01-03T01:58:12+08:00 ] 42.236.102.242 /index.php?m=vod-play-id-2292-src-1-num-1.html
INFO: [ app_init ] --START--
INFO: Run Behavior\BuildLiteBehavior [ RunTime:0.000000s ]
INFO: [ app_init ] --END-- [ RunTime:0.000977s ]
ERR: 无法加载模块:Vod-play-id-2292-src-1-num-1.html

[ 2018-01-03T01:58:13+08:00 ] 42.236.10.79 /index.php?s=gb-show-id-1207.html
INFO: [ app_init ] --START--
INFO: Run Behavior\BuildLiteBehavior [ RunTime:0.000000s ]
INFO: [ app_init ] --END-- [ RunTime:0.000000s ]
ERR: 无法加载模块:Gb-show-id-1207

[ 2018-01-03T01:58:13+08:00 ] 42.236.10.105 /index.php?m=vod-list-id-2-pg-1-order--by--class-0-year-0-letter-D-area-%E6%96%B0%E5%8A%A0%E5%9D%A1-lang-.html
INFO: [ app_init ] --START--
INFO: Run Behavior\BuildLiteBehavior [ RunTime:0.000000s ]
INFO: [ app_init ] --END-- [ RunTime:0.000000s ]
ERR: 无法加载模块:Vod-list-id-2-pg-1-order--by--class-0-year-0-letter-D-area-新加坡-lang-.html

[ 2018-01-03T01:58:13+08:00 ] 42.236.10.111 /index.php?s=vod-play-id-27-sid-0-pid-1.html
INFO: [ app_init ] --START--
INFO: Run Behavior\BuildLiteBehavior [ RunTime:0.000000s ]
INFO: [ app_init ] --END-- [ RunTime:0.000000s ]
ERR: 无法加载模块:Vod-play-id-27-sid-0-pid-1

[ 2018-01-03T01:58:13+08:00 ] 42.236.10.106 /index.php?s=gb-show-p-128.html
INFO: [ app_init ] --START--
INFO: Run Behavior\BuildLiteBehavior [ RunTime:0.000977s ]
INFO: [ app_init ] --END-- [ RunTime:0.000977s ]
ERR: 无法加载模块:Gb-show-p-128

[ 2018-01-03T01:58:13+08:00 ] 180.153.236.43 /index.php?s=gb-show-id-384.html
INFO: [ app_init ] --START--
INFO: Run Behavior\BuildLiteBehavior [ RunTime:0.000000s ]
INFO: [ app_init ] --END-- [ RunTime:0.000000s ]
ERR: 无法加载模块:Gb-show-id-384

[ 2018-01-03T01:58:13+08:00 ] 42.236.10.106 /index.php?s=gb-show-p-3440.html
INFO: [ app_init ] --START--
INFO: Run Behavior\BuildLiteBehavior [ RunTime:0.000000s ]
INFO: [ app_init ] --END-- [ RunTime:0.000000s ]
ERR: 无法加载模块:Gb-show-p-3440

[ 2018-01-03T01:58:13+08:00 ] 180.153.236.173 /index.php?m=vod-list-id-2-pg-5-order--by--class-0-year-0-letter--area-%E5%A4%A7%E9%99%86-lang-.html
INFO: [ app_init ] --START--
INFO: Run Behavior\BuildLiteBehavior [ RunTime:0.000000s ]
INFO: [ app_init ] --END-- [ RunTime:0.000000s ]
ERR: 无法加载模块:Vod-list-id-2-pg-5-order--by--class-0-year-0-letter--area-大陆-lang-.html

[ 2018-01-03T01:58:13+08:00 ] 42.236.10.109 /index.php?s=vod-play-id-1416-sid-0-pid-1.html
INFO: [ app_init ] --START--
INFO: Run Behavior\BuildLiteBehavior [ RunTime:0.000000s ]
INFO: [ app_init ] --END-- [ RunTime:0.000976s ]
ERR: 无法加载模块:Vod-play-id-1416-sid-0-pid-1

[ 2018-01-03T01:58:13+08:00 ] 42.236.10.105 /index.php?m=vod-play-id-168-src-1-num-1.html
INFO: [ app_init ] --START--
INFO: Run Behavior\BuildLiteBehavior [ RunTime:0.000000s ]
INFO: [ app_init ] --END-- [ RunTime:0.000976s ]
ERR: 无法加载模块:Vod-play-id-168-src-1-num-1.html

[ 2018-01-03T01:58:13+08:00 ] 180.153.236.35 /index.php?m=vod-search-pg-235-starring-yuanyuan-letter-A.html
INFO: [ app_init ] --START--
INFO: Run Behavior\BuildLiteBehavior [ RunTime:0.000000s ]
INFO: [ app_init ] --END-- [ RunTime:0.000000s ]
ERR: 无法加载模块:Vod-search-pg-235-starring-yuanyuan-letter-A.html

[ 2018-01-03T01:58:13+08:00 ] 42.236.10.102 /index.php?s=gb-show-p-2724.html
INFO: [ app_init ] --START--
INFO: Run Behavior\BuildLiteBehavior [ RunTime:0.000000s ]
INFO: [ app_init ] --END-- [ RunTime:0.000000s ]
ERR: 无法加载模块:Gb-show-p-2724

[ 2018-01-03T17:17:31+08:00 ] 140.205.225.195 /index.php?m=member&c=index&a=register&siteid=1
INFO: [ app_init ] --START--
INFO: Run Behavior\BuildLiteBehavior [ RunTime:0.000000s ]
INFO: [ app_init ] --END-- [ RunTime:0.000000s ]
ERR: 无法加载模块:Member

[ 2018-01-03T17:17:31+08:00 ] 140.205.225.195 /index.php?m=wap&a=index&siteid=1
INFO: [ app_init ] --START--
INFO: Run Behavior\BuildLiteBehavior [ RunTime:0.000000s ]
INFO: [ app_init ] --END-- [ RunTime:0.000977s ]
ERR: 无法加载模块:Wap

[ 2018-01-03T22:02:49+08:00 ] 42.236.39.165 /index.php?m=vod-search-pg-235-starring-yuanyuan-letter-B.html
INFO: [ app_init ] --START--
INFO: Run Behavior\BuildLiteBehavior [ RunTime:0.000000s ]
INFO: [ app_init ] --END-- [ RunTime:0.000977s ]
ERR: 无法加载模块:Vod-search-pg-235-starring-yuanyuan-letter-B.html

[ 2018-01-03T22:02:49+08:00 ] 42.236.48.230 /index.php?s=gb-show-p-2830.html
INFO: [ app_init ] --START--
INFO: Run Behavior\BuildLiteBehavior [ RunTime:0.000000s ]
INFO: [ app_init ] --END-- [ RunTime:0.000000s ]
ERR: 无法加载模块:Gb-show-p-2830

[ 2018-01-03T22:02:49+08:00 ] 42.236.48.230 /index.php?s=vod-play-id-349-sid-0-pid-1.html
INFO: [ app_init ] --START--
INFO: Run Behavior\BuildLiteBehavior [ RunTime:0.000000s ]
INFO: [ app_init ] --END-- [ RunTime:0.000977s ]
ERR: 无法加载模块:Vod-play-id-349-sid-0-pid-1

[ 2018-01-03T22:02:49+08:00 ] 42.236.102.248 /index.php?m=vod-list-id-3-pg-1-order--by--class-43-year-0-letter--area-%E6%B3%95%E5%9B%BD-lang-.html
INFO: [ app_init ] --START--
INFO: Run Behavior\BuildLiteBehavior [ RunTime:0.000000s ]
INFO: [ app_init ] --END-- [ RunTime:0.000976s ]
ERR: 无法加载模块:Vod-list-id-3-pg-1-order--by--class-43-year-0-letter--area-法国-lang-.html

[ 2018-01-03T22:02:49+08:00 ] 180.153.236.35 /index.php?s=gb-show-p-4065.html
INFO: [ app_init ] --START--
INFO: Run Behavior\BuildLiteBehavior [ RunTime:0.000000s ]
INFO: [ app_init ] --END-- [ RunTime:0.000000s ]
ERR: 无法加载模块:Gb-show-p-4065

[ 2018-01-03T22:02:49+08:00 ] 180.153.236.109 /index.php?s=gb-show-id-314.html
INFO: [ app_init ] --START--
INFO: Run Behavior\BuildLiteBehavior [ RunTime:0.000000s ]
INFO: [ app_init ] --END-- [ RunTime:0.000000s ]
ERR: 无法加载模块:Gb-show-id-314

[ 2018-01-03T22:02:50+08:00 ] 42.236.10.106 /index.php?m=vod-play-id-1032-src-1-num-1.html
INFO: [ app_init ] --START--
INFO: Run Behavior\BuildLiteBehavior [ RunTime:0.000000s ]
INFO: [ app_init ] --END-- [ RunTime:0.000000s ]
ERR: 无法加载模块:Vod-play-id-1032-src-1-num-1.html

