[ 2018-02-20T16:16:07+08:00 ] 42.236.48.95 /index.php?m=vod-play-id-606-src-1-num-1.html
INFO: [ app_init ] --START--
INFO: Run Behavior\BuildLiteBehavior [ RunTime:0.000000s ]
INFO: [ app_init ] --END-- [ RunTime:0.000976s ]
ERR: 无法加载模块:Vod-play-id-606-src-1-num-1.html

[ 2018-02-20T16:16:07+08:00 ] 42.236.102.221 /index.php?m=vod-play-id-2423-src-1-num-1.html
INFO: [ app_init ] --START--
INFO: Run Behavior\BuildLiteBehavior [ RunTime:0.000000s ]
INFO: [ app_init ] --END-- [ RunTime:0.000977s ]
ERR: 无法加载模块:Vod-play-id-2423-src-1-num-1.html

[ 2018-02-20T16:16:07+08:00 ] 42.236.48.221 /index.php?m=vod-play-id-2214-src-1-num-1.html
INFO: [ app_init ] --START--
INFO: Run Behavior\BuildLiteBehavior [ RunTime:0.000000s ]
INFO: [ app_init ] --END-- [ RunTime:0.000000s ]
ERR: 无法加载模块:Vod-play-id-2214-src-1-num-1.html

[ 2018-02-20T16:16:07+08:00 ] 42.236.48.30 /index.php?m=vod-list-id-4-pg-1-order--by--class-0-year-2013-letter--area--lang-.html
INFO: [ app_init ] --START--
INFO: Run Behavior\BuildLiteBehavior [ RunTime:0.000000s ]
INFO: [ app_init ] --END-- [ RunTime:0.000000s ]
ERR: 无法加载模块:Vod-list-id-4-pg-1-order--by--class-0-year-2013-letter--area--lang-.html

[ 2018-02-20T16:16:08+08:00 ] 42.236.48.72 /index.php?m=vod-play-id-178-src-1-num-1.html
INFO: [ app_init ] --START--
INFO: Run Behavior\BuildLiteBehavior [ RunTime:0.000000s ]
INFO: [ app_init ] --END-- [ RunTime:0.000000s ]
ERR: 无法加载模块:Vod-play-id-178-src-1-num-1.html

[ 2018-02-20T16:16:08+08:00 ] 42.236.49.227 /index.php?s=gb-show-id-637.html
INFO: [ app_init ] --START--
INFO: Run Behavior\BuildLiteBehavior [ RunTime:0.000000s ]
INFO: [ app_init ] --END-- [ RunTime:0.000000s ]
ERR: 无法加载模块:Gb-show-id-637

