[ 2018-01-29T00:50:58+08:00 ] 42.236.39.173 /index.php?m=vod-play-id-2353-src-1-num-1.html
INFO: [ app_init ] --START--
INFO: Run Behavior\BuildLiteBehavior [ RunTime:0.000000s ]
INFO: [ app_init ] --END-- [ RunTime:0.000000s ]
ERR: 无法加载模块:Vod-play-id-2353-src-1-num-1.html

[ 2018-01-29T14:03:40+08:00 ] 42.236.102.207 /index.php?s=vod-play-id-1271-sid-0-pid-1.html
INFO: [ app_init ] --START--
INFO: Run Behavior\BuildLiteBehavior [ RunTime:0.000000s ]
INFO: [ app_init ] --END-- [ RunTime:0.000000s ]
ERR: 无法加载模块:Vod-play-id-1271-sid-0-pid-1

[ 2018-01-29T14:03:40+08:00 ] 42.236.10.74 /index.php?m=vod-list-id-2-pg-1-order--by--class-0-year-0-letter-F-area-%E5%8F%B0%E6%B9%BE-lang-.html
INFO: [ app_init ] --START--
INFO: Run Behavior\BuildLiteBehavior [ RunTime:0.000000s ]
INFO: [ app_init ] --END-- [ RunTime:0.000000s ]
ERR: 无法加载模块:Vod-list-id-2-pg-1-order--by--class-0-year-0-letter-F-area-台湾-lang-.html

[ 2018-01-29T14:03:40+08:00 ] 42.236.49.100 /index.php?s=vod-play-id-446-sid-0-pid-1.html
INFO: [ app_init ] --START--
INFO: Run Behavior\BuildLiteBehavior [ RunTime:0.000000s ]
INFO: [ app_init ] --END-- [ RunTime:0.000000s ]
ERR: 无法加载模块:Vod-play-id-446-sid-0-pid-1

[ 2018-01-29T14:03:41+08:00 ] 42.236.10.80 /index.php?m=vod-play-id-907-src-1-num-1.html
INFO: [ app_init ] --START--
INFO: Run Behavior\BuildLiteBehavior [ RunTime:0.000000s ]
INFO: [ app_init ] --END-- [ RunTime:0.000000s ]
ERR: 无法加载模块:Vod-play-id-907-src-1-num-1.html

[ 2018-01-29T14:03:41+08:00 ] 42.236.10.71 /index.php?m=vod-search-pg-235-starring-yuanyuan-letter-Q.html
INFO: [ app_init ] --START--
INFO: Run Behavior\BuildLiteBehavior [ RunTime:0.000000s ]
INFO: [ app_init ] --END-- [ RunTime:0.000000s ]
ERR: 无法加载模块:Vod-search-pg-235-starring-yuanyuan-letter-Q.html

[ 2018-01-29T14:03:42+08:00 ] 42.236.49.29 /index.php?s=vod-play-id-1683-sid-0-pid-1.html
INFO: [ app_init ] --START--
INFO: Run Behavior\BuildLiteBehavior [ RunTime:0.000000s ]
INFO: [ app_init ] --END-- [ RunTime:0.000976s ]
ERR: 无法加载模块:Vod-play-id-1683-sid-0-pid-1

[ 2018-01-29T14:03:42+08:00 ] 42.236.10.75 /index.php?m=vod-play-id-1187-src-1-num-1.html
INFO: [ app_init ] --START--
INFO: Run Behavior\BuildLiteBehavior [ RunTime:0.000000s ]
INFO: [ app_init ] --END-- [ RunTime:0.000000s ]
ERR: 无法加载模块:Vod-play-id-1187-src-1-num-1.html

[ 2018-01-29T14:03:42+08:00 ] 42.236.49.136 /index.php?s=gb-show-id-1856.html
INFO: [ app_init ] --START--
INFO: Run Behavior\BuildLiteBehavior [ RunTime:0.000000s ]
INFO: [ app_init ] --END-- [ RunTime:0.000000s ]
ERR: 无法加载模块:Gb-show-id-1856

[ 2018-01-29T14:03:43+08:00 ] 42.236.48.110 /index.php?m=vod-list-id-4-pg-1-order--by--class-58-year-0-letter-E-area--lang-.html
INFO: [ app_init ] --START--
INFO: Run Behavior\BuildLiteBehavior [ RunTime:0.000000s ]
INFO: [ app_init ] --END-- [ RunTime:0.000000s ]
ERR: 无法加载模块:Vod-list-id-4-pg-1-order--by--class-58-year-0-letter-E-area--lang-.html

[ 2018-01-29T14:03:43+08:00 ] 42.236.48.241 /index.php?s=gb-show-id-1286.html
INFO: [ app_init ] --START--
INFO: Run Behavior\BuildLiteBehavior [ RunTime:0.000000s ]
INFO: [ app_init ] --END-- [ RunTime:0.000000s ]
ERR: 无法加载模块:Gb-show-id-1286

[ 2018-01-29T14:03:43+08:00 ] 180.153.236.19 /index.php?m=vod-list-id-4-pg-1-order--by--class-0-year-2011-letter-X-area--lang-.html
INFO: [ app_init ] --START--
INFO: Run Behavior\BuildLiteBehavior [ RunTime:0.000000s ]
INFO: [ app_init ] --END-- [ RunTime:0.000000s ]
ERR: 无法加载模块:Vod-list-id-4-pg-1-order--by--class-0-year-2011-letter-X-area--lang-.html

[ 2018-01-29T14:03:43+08:00 ] 42.236.10.108 /index.php?s=gb-show-p-711.html
INFO: [ app_init ] --START--
INFO: Run Behavior\BuildLiteBehavior [ RunTime:0.000000s ]
INFO: [ app_init ] --END-- [ RunTime:0.000000s ]
ERR: 无法加载模块:Gb-show-p-711

[ 2018-01-29T14:03:43+08:00 ] 42.236.48.158 /index.php?s=gb-show-id-548.html
INFO: [ app_init ] --START--
INFO: Run Behavior\BuildLiteBehavior [ RunTime:0.000000s ]
INFO: [ app_init ] --END-- [ RunTime:0.000000s ]
ERR: 无法加载模块:Gb-show-id-548

[ 2018-01-29T14:03:44+08:00 ] 42.236.102.210 /index.php?s=vod-play-id-1445-sid-0-pid-1.html
INFO: [ app_init ] --START--
INFO: Run Behavior\BuildLiteBehavior [ RunTime:0.000000s ]
INFO: [ app_init ] --END-- [ RunTime:0.000000s ]
ERR: 无法加载模块:Vod-play-id-1445-sid-0-pid-1

[ 2018-01-29T14:03:44+08:00 ] 42.236.10.84 /index.php?m=vod-play-id-2353-src-1-num-1.html
INFO: [ app_init ] --START--
INFO: Run Behavior\BuildLiteBehavior [ RunTime:0.000000s ]
INFO: [ app_init ] --END-- [ RunTime:0.000976s ]
ERR: 无法加载模块:Vod-play-id-2353-src-1-num-1.html

[ 2018-01-29T14:03:44+08:00 ] 42.236.10.74 /index.php?m=vod-list-id-4-pg-1-order--by--class--year--letter-Q-area--lang-.html
INFO: [ app_init ] --START--
INFO: Run Behavior\BuildLiteBehavior [ RunTime:0.000000s ]
INFO: [ app_init ] --END-- [ RunTime:0.000977s ]
ERR: 无法加载模块:Vod-list-id-4-pg-1-order--by--class--year--letter-Q-area--lang-.html

[ 2018-01-29T14:03:44+08:00 ] 42.236.10.100 /index.php?m=vod-play-id-1835-src-1-num-1.html
INFO: [ app_init ] --START--
INFO: Run Behavior\BuildLiteBehavior [ RunTime:0.000000s ]
INFO: [ app_init ] --END-- [ RunTime:0.000000s ]
ERR: 无法加载模块:Vod-play-id-1835-src-1-num-1.html

[ 2018-01-29T21:10:03+08:00 ] 42.236.10.110 /index.php?m=vod-play-id-2346-src-1-num-1.html
INFO: [ app_init ] --START--
INFO: Run Behavior\BuildLiteBehavior [ RunTime:0.000000s ]
INFO: [ app_init ] --END-- [ RunTime:0.000977s ]
ERR: 无法加载模块:Vod-play-id-2346-src-1-num-1.html

[ 2018-01-29T21:10:03+08:00 ] 42.236.48.181 /index.php?m=vod-play-id-1826-src-1-num-1.html
INFO: [ app_init ] --START--
INFO: Run Behavior\BuildLiteBehavior [ RunTime:0.000000s ]
INFO: [ app_init ] --END-- [ RunTime:0.000000s ]
ERR: 无法加载模块:Vod-play-id-1826-src-1-num-1.html

[ 2018-01-29T21:10:03+08:00 ] 180.153.236.11 /index.php?m=vod-search-pg-235-starring-yuanyuan-letter-P.html
INFO: [ app_init ] --START--
INFO: Run Behavior\BuildLiteBehavior [ RunTime:0.000000s ]
INFO: [ app_init ] --END-- [ RunTime:0.000976s ]
ERR: 无法加载模块:Vod-search-pg-235-starring-yuanyuan-letter-P.html

[ 2018-01-29T21:10:03+08:00 ] 42.236.10.114 /index.php?s=vod-play-id-1270-sid-0-pid-1.html
INFO: [ app_init ] --START--
INFO: Run Behavior\BuildLiteBehavior [ RunTime:0.000000s ]
INFO: [ app_init ] --END-- [ RunTime:0.000000s ]
ERR: 无法加载模块:Vod-play-id-1270-sid-0-pid-1

[ 2018-01-29T21:10:04+08:00 ] 42.236.10.100 /index.php?m=vod-list-id-2-pg-1-order--by--class-0-year-0-letter-F-area-%E5%8D%B0%E5%BA%A6-lang-.html
INFO: [ app_init ] --START--
INFO: Run Behavior\BuildLiteBehavior [ RunTime:0.000000s ]
INFO: [ app_init ] --END-- [ RunTime:0.000977s ]
ERR: 无法加载模块:Vod-list-id-2-pg-1-order--by--class-0-year-0-letter-F-area-印度-lang-.html

[ 2018-01-29T21:10:04+08:00 ] 42.236.10.85 /index.php?s=vod-play-id-1671-sid-0-pid-1.html
INFO: [ app_init ] --START--
INFO: Run Behavior\BuildLiteBehavior [ RunTime:0.000000s ]
INFO: [ app_init ] --END-- [ RunTime:0.000000s ]
ERR: 无法加载模块:Vod-play-id-1671-sid-0-pid-1

[ 2018-01-29T21:10:04+08:00 ] 42.236.10.71 /index.php?s=vod-play-id-444-sid-0-pid-1.html
INFO: [ app_init ] --START--
INFO: Run Behavior\BuildLiteBehavior [ RunTime:0.000000s ]
INFO: [ app_init ] --END-- [ RunTime:0.000976s ]
ERR: 无法加载模块:Vod-play-id-444-sid-0-pid-1

