[ 2018-01-01T00:06:57+08:00 ] 42.236.48.146 /index.php?s=gb-show-p-2719.html
INFO: [ app_init ] --START--
INFO: Run Behavior\BuildLiteBehavior [ RunTime:0.000000s ]
INFO: [ app_init ] --END-- [ RunTime:0.000976s ]
ERR: 无法加载模块:Gb-show-p-2719

[ 2018-01-01T00:06:57+08:00 ] 180.153.236.59 /index.php?m=vod-search-pg-235-starring-yuanyuan-classid-8.html
INFO: [ app_init ] --START--
INFO: Run Behavior\BuildLiteBehavior [ RunTime:0.000000s ]
INFO: [ app_init ] --END-- [ RunTime:0.000000s ]
ERR: 无法加载模块:Vod-search-pg-235-starring-yuanyuan-classid-8.html

[ 2018-01-01T00:06:57+08:00 ] 180.153.236.67 /index.php?m=vod-play-id-2269-src-1-num-1.html
INFO: [ app_init ] --START--
INFO: Run Behavior\BuildLiteBehavior [ RunTime:0.000000s ]
INFO: [ app_init ] --END-- [ RunTime:0.000976s ]
ERR: 无法加载模块:Vod-play-id-2269-src-1-num-1.html

[ 2018-01-01T00:06:57+08:00 ] 180.153.236.59 /index.php?s=gb-show-p-1775.html
INFO: [ app_init ] --START--
INFO: Run Behavior\BuildLiteBehavior [ RunTime:0.000000s ]
INFO: [ app_init ] --END-- [ RunTime:0.000000s ]
ERR: 无法加载模块:Gb-show-p-1775

[ 2018-01-01T00:06:57+08:00 ] 180.153.236.125 /index.php?s=gb-show-p-3269.html
INFO: [ app_init ] --START--
INFO: Run Behavior\BuildLiteBehavior [ RunTime:0.000000s ]
INFO: [ app_init ] --END-- [ RunTime:0.000976s ]
ERR: 无法加载模块:Gb-show-p-3269

[ 2018-01-01T00:06:57+08:00 ] 180.153.236.67 /index.php?s=vod-play-id-1340-sid-0-pid-1.html
INFO: [ app_init ] --START--
INFO: Run Behavior\BuildLiteBehavior [ RunTime:0.000000s ]
INFO: [ app_init ] --END-- [ RunTime:0.000000s ]
ERR: 无法加载模块:Vod-play-id-1340-sid-0-pid-1

[ 2018-01-01T00:06:57+08:00 ] 42.236.10.111 /index.php?m=vod-list-id-2-pg-1-order--by--class-0-year-0-letter-D-area-%E6%B3%95%E5%9B%BD-lang-.html
INFO: [ app_init ] --START--
INFO: Run Behavior\BuildLiteBehavior [ RunTime:0.000000s ]
INFO: [ app_init ] --END-- [ RunTime:0.000000s ]
ERR: 无法加载模块:Vod-list-id-2-pg-1-order--by--class-0-year-0-letter-D-area-法国-lang-.html

[ 2018-01-01T00:06:57+08:00 ] 180.153.236.157 /index.php?s=vod-play-id-274-sid-0-pid-1.html
INFO: [ app_init ] --START--
INFO: Run Behavior\BuildLiteBehavior [ RunTime:0.000000s ]
INFO: [ app_init ] --END-- [ RunTime:0.000976s ]
ERR: 无法加载模块:Vod-play-id-274-sid-0-pid-1

[ 2018-01-01T00:06:58+08:00 ] 180.153.236.101 /index.php?s=vod-play-id-266-sid-0-pid-1.html
INFO: [ app_init ] --START--
INFO: Run Behavior\BuildLiteBehavior [ RunTime:0.000000s ]
INFO: [ app_init ] --END-- [ RunTime:0.000976s ]
ERR: 无法加载模块:Vod-play-id-266-sid-0-pid-1

[ 2018-01-01T00:06:58+08:00 ] 42.236.102.209 /index.php?s=gb-show-id-380.html
INFO: [ app_init ] --START--
INFO: Run Behavior\BuildLiteBehavior [ RunTime:0.000000s ]
INFO: [ app_init ] --END-- [ RunTime:0.000977s ]
ERR: 无法加载模块:Gb-show-id-380

[ 2018-01-01T00:06:58+08:00 ] 180.153.236.181 /index.php?m=vod-list-id-2-pg-1-order--by--class-0-year-0-letter-D-area-%E5%85%B6%E5%AE%83-lang-.html
INFO: [ app_init ] --START--
INFO: Run Behavior\BuildLiteBehavior [ RunTime:0.000000s ]
INFO: [ app_init ] --END-- [ RunTime:0.000977s ]
ERR: 无法加载模块:Vod-list-id-2-pg-1-order--by--class-0-year-0-letter-D-area-其它-lang-.html

[ 2018-01-01T00:06:58+08:00 ] 180.153.236.181 /index.php?s=gb-show-id-1868.html
INFO: [ app_init ] --START--
INFO: Run Behavior\BuildLiteBehavior [ RunTime:0.000000s ]
INFO: [ app_init ] --END-- [ RunTime:0.000000s ]
ERR: 无法加载模块:Gb-show-id-1868

[ 2018-01-01T00:06:58+08:00 ] 180.153.236.67 /index.php?m=vod-play-id-662-src-1-num-1.html
INFO: [ app_init ] --START--
INFO: Run Behavior\BuildLiteBehavior [ RunTime:0.000000s ]
INFO: [ app_init ] --END-- [ RunTime:0.000976s ]
ERR: 无法加载模块:Vod-play-id-662-src-1-num-1.html

[ 2018-01-01T00:06:58+08:00 ] 42.236.10.108 /index.php?s=vod-play-id-756-sid-0-pid-1.html
INFO: [ app_init ] --START--
INFO: Run Behavior\BuildLiteBehavior [ RunTime:0.000000s ]
INFO: [ app_init ] --END-- [ RunTime:0.000976s ]
ERR: 无法加载模块:Vod-play-id-756-sid-0-pid-1

[ 2018-01-01T00:06:58+08:00 ] 42.236.10.115 /index.php?m=vod-play-id-1126-src-1-num-1.html
INFO: [ app_init ] --START--
INFO: Run Behavior\BuildLiteBehavior [ RunTime:0.000000s ]
INFO: [ app_init ] --END-- [ RunTime:0.000000s ]
ERR: 无法加载模块:Vod-play-id-1126-src-1-num-1.html

[ 2018-01-01T15:58:52+08:00 ] 140.205.201.40 /index.php?m=member&c=index&a=register&siteid=1
INFO: [ app_init ] --START--
INFO: Run Behavior\BuildLiteBehavior [ RunTime:0.000000s ]
INFO: [ app_init ] --END-- [ RunTime:0.000976s ]
ERR: 无法加载模块:Member

[ 2018-01-01T15:58:53+08:00 ] 140.205.201.40 /index.php?m=wap&a=index&siteid=1
INFO: [ app_init ] --START--
INFO: Run Behavior\BuildLiteBehavior [ RunTime:0.000000s ]
INFO: [ app_init ] --END-- [ RunTime:0.000000s ]
ERR: 无法加载模块:Wap

