[ 2018-04-26T04:41:40+08:00 ] 151.80.41.169 /index.php?s=vod-search-area-%E5%8F%B0%E6%B9%BE.html
INFO: [ app_init ] --START--
INFO: Run Behavior\BuildLiteBehavior [ RunTime:0.000000s ]
INFO: [ app_init ] --END-- [ RunTime:0.000000s ]
ERR: 无法加载模块:Vod-search-area-台湾

[ 2018-04-26T04:41:42+08:00 ] 151.80.41.169 /index.php?s=vod-search-area-%E5%A4%A7%E9%99%86.html
INFO: [ app_init ] --START--
INFO: Run Behavior\BuildLiteBehavior [ RunTime:0.000000s ]
INFO: [ app_init ] --END-- [ RunTime:0.000000s ]
ERR: 无法加载模块:Vod-search-area-大陆

[ 2018-04-26T04:41:44+08:00 ] 151.80.41.169 /index.php?s=vod-search-area-%E5%BE%B7%E5%9B%BD.html
INFO: [ app_init ] --START--
INFO: Run Behavior\BuildLiteBehavior [ RunTime:0.000000s ]
INFO: [ app_init ] --END-- [ RunTime:0.000000s ]
ERR: 无法加载模块:Vod-search-area-德国

[ 2018-04-26T04:41:46+08:00 ] 151.80.41.169 /index.php?s=vod-search-area-%E6%96%B0%E5%8A%A0%E5%9D%A1.html
INFO: [ app_init ] --START--
INFO: Run Behavior\BuildLiteBehavior [ RunTime:0.000000s ]
INFO: [ app_init ] --END-- [ RunTime:0.000000s ]
ERR: 无法加载模块:Vod-search-area-新加坡

[ 2018-04-26T07:26:51+08:00 ] 88.198.19.164 /index.php?m=vod-play-id-139-src-1-num-1.html
INFO: [ app_init ] --START--
INFO: Run Behavior\BuildLiteBehavior [ RunTime:0.000000s ]
INFO: [ app_init ] --END-- [ RunTime:0.000000s ]
ERR: 无法加载模块:Vod-play-id-139-src-1-num-1.html

[ 2018-04-26T07:26:53+08:00 ] 88.198.19.164 /index.php?m=vod-play-id-140-src-1-num-1.html
INFO: [ app_init ] --START--
INFO: Run Behavior\BuildLiteBehavior [ RunTime:0.000000s ]
INFO: [ app_init ] --END-- [ RunTime:0.000000s ]
ERR: 无法加载模块:Vod-play-id-140-src-1-num-1.html

[ 2018-04-26T07:26:55+08:00 ] 88.198.19.164 /index.php?m=vod-play-id-141-src-1-num-1.html
INFO: [ app_init ] --START--
INFO: Run Behavior\BuildLiteBehavior [ RunTime:0.000000s ]
INFO: [ app_init ] --END-- [ RunTime:0.000000s ]
ERR: 无法加载模块:Vod-play-id-141-src-1-num-1.html

[ 2018-04-26T07:26:56+08:00 ] 88.198.19.164 /index.php?m=vod-play-id-142-src-1-num-1.html
INFO: [ app_init ] --START--
INFO: Run Behavior\BuildLiteBehavior [ RunTime:0.000000s ]
INFO: [ app_init ] --END-- [ RunTime:0.000000s ]
ERR: 无法加载模块:Vod-play-id-142-src-1-num-1.html

[ 2018-04-26T07:26:58+08:00 ] 88.198.19.164 /index.php?m=vod-play-id-143-src-1-num-1.html
INFO: [ app_init ] --START--
INFO: Run Behavior\BuildLiteBehavior [ RunTime:0.000000s ]
INFO: [ app_init ] --END-- [ RunTime:0.000000s ]
ERR: 无法加载模块:Vod-play-id-143-src-1-num-1.html

[ 2018-04-26T07:27:00+08:00 ] 88.198.19.164 /index.php?m=vod-play-id-144-src-1-num-1.html
INFO: [ app_init ] --START--
INFO: Run Behavior\BuildLiteBehavior [ RunTime:0.000000s ]
INFO: [ app_init ] --END-- [ RunTime:0.000000s ]
ERR: 无法加载模块:Vod-play-id-144-src-1-num-1.html

[ 2018-04-26T07:27:02+08:00 ] 88.198.19.164 /index.php?m=vod-play-id-145-src-1-num-1.html
INFO: [ app_init ] --START--
INFO: Run Behavior\BuildLiteBehavior [ RunTime:0.000000s ]
INFO: [ app_init ] --END-- [ RunTime:0.000000s ]
ERR: 无法加载模块:Vod-play-id-145-src-1-num-1.html

[ 2018-04-26T07:27:04+08:00 ] 88.198.19.164 /index.php?m=vod-play-id-146-src-1-num-1.html
INFO: [ app_init ] --START--
INFO: Run Behavior\BuildLiteBehavior [ RunTime:0.000000s ]
INFO: [ app_init ] --END-- [ RunTime:0.000000s ]
ERR: 无法加载模块:Vod-play-id-146-src-1-num-1.html

[ 2018-04-26T07:27:05+08:00 ] 88.198.19.164 /index.php?m=vod-play-id-1468-src-1-num-1.html
INFO: [ app_init ] --START--
INFO: Run Behavior\BuildLiteBehavior [ RunTime:0.000000s ]
INFO: [ app_init ] --END-- [ RunTime:0.000000s ]
ERR: 无法加载模块:Vod-play-id-1468-src-1-num-1.html

[ 2018-04-26T07:27:07+08:00 ] 88.198.19.164 /index.php?m=vod-play-id-147-src-1-num-1.html
INFO: [ app_init ] --START--
INFO: Run Behavior\BuildLiteBehavior [ RunTime:0.000000s ]
INFO: [ app_init ] --END-- [ RunTime:0.000000s ]
ERR: 无法加载模块:Vod-play-id-147-src-1-num-1.html

[ 2018-04-26T07:27:09+08:00 ] 88.198.19.164 /index.php?m=vod-play-id-1470-src-1-num-1.html
INFO: [ app_init ] --START--
INFO: Run Behavior\BuildLiteBehavior [ RunTime:0.000000s ]
INFO: [ app_init ] --END-- [ RunTime:0.000000s ]
ERR: 无法加载模块:Vod-play-id-1470-src-1-num-1.html

[ 2018-04-26T07:27:11+08:00 ] 88.198.19.164 /index.php?m=vod-play-id-1479-src-1-num-1.html
INFO: [ app_init ] --START--
INFO: Run Behavior\BuildLiteBehavior [ RunTime:0.000000s ]
INFO: [ app_init ] --END-- [ RunTime:0.000000s ]
ERR: 无法加载模块:Vod-play-id-1479-src-1-num-1.html

[ 2018-04-26T07:27:12+08:00 ] 88.198.19.164 /index.php?m=vod-play-id-148-src-1-num-1.html
INFO: [ app_init ] --START--
INFO: Run Behavior\BuildLiteBehavior [ RunTime:0.000000s ]
INFO: [ app_init ] --END-- [ RunTime:0.000000s ]
ERR: 无法加载模块:Vod-play-id-148-src-1-num-1.html

[ 2018-04-26T07:27:14+08:00 ] 88.198.19.164 /index.php?m=vod-play-id-149-src-1-num-1.html
INFO: [ app_init ] --START--
INFO: Run Behavior\BuildLiteBehavior [ RunTime:0.000000s ]
INFO: [ app_init ] --END-- [ RunTime:0.000000s ]
ERR: 无法加载模块:Vod-play-id-149-src-1-num-1.html

[ 2018-04-26T07:27:16+08:00 ] 88.198.19.164 /index.php?m=vod-play-id-150-src-1-num-1.html
INFO: [ app_init ] --START--
INFO: Run Behavior\BuildLiteBehavior [ RunTime:0.000000s ]
INFO: [ app_init ] --END-- [ RunTime:0.000000s ]
ERR: 无法加载模块:Vod-play-id-150-src-1-num-1.html

[ 2018-04-26T07:27:18+08:00 ] 88.198.19.164 /index.php?s=vod-search-actor-%E5%B0%BC%E5%8F%A4%E6%8B%89%E6%96%AF%C2%B7%E5%87%AF%E5%A5%87.html
INFO: [ app_init ] --START--
INFO: Run Behavior\BuildLiteBehavior [ RunTime:0.000000s ]
INFO: [ app_init ] --END-- [ RunTime:0.000000s ]
ERR: 无法加载模块:Vod-search-actor-尼古拉斯·凯奇

[ 2018-04-26T07:27:20+08:00 ] 88.198.19.164 /index.php?s=vod-search-actor-%E5%B8%83%E6%8B%89%E5%BE%B7%C2%B7%E7%9A%AE%E7%89%B9.html
INFO: [ app_init ] --START--
INFO: Run Behavior\BuildLiteBehavior [ RunTime:0.000000s ]
INFO: [ app_init ] --END-- [ RunTime:0.000000s ]
ERR: 无法加载模块:Vod-search-actor-布拉德·皮特

[ 2018-04-26T07:27:21+08:00 ] 88.198.19.164 /index.php?s=vod-search-actor-%E5%BC%A0%E5%AE%B6%E8%BE%89.html
INFO: [ app_init ] --START--
INFO: Run Behavior\BuildLiteBehavior [ RunTime:0.000000s ]
INFO: [ app_init ] --END-- [ RunTime:0.000000s ]
ERR: 无法加载模块:Vod-search-actor-张家辉

[ 2018-04-26T07:27:23+08:00 ] 88.198.19.164 /index.php?s=vod-search-actor-%E5%BC%A0%E6%9F%8F%E8%8A%9D.html
INFO: [ app_init ] --START--
INFO: Run Behavior\BuildLiteBehavior [ RunTime:0.000000s ]
INFO: [ app_init ] --END-- [ RunTime:0.000000s ]
ERR: 无法加载模块:Vod-search-actor-张柏芝

[ 2018-04-26T07:27:25+08:00 ] 88.198.19.164 /index.php?s=vod-search-actor-%E6%88%90%E9%BE%99.html
INFO: [ app_init ] --START--
INFO: Run Behavior\BuildLiteBehavior [ RunTime:0.000000s ]
INFO: [ app_init ] --END-- [ RunTime:0.000000s ]
ERR: 无法加载模块:Vod-search-actor-成龙

[ 2018-04-26T07:27:27+08:00 ] 88.198.19.164 /index.php?s=vod-search-actor-%E6%9D%8E%E8%BF%9E%E6%9D%B0.html
INFO: [ app_init ] --START--
INFO: Run Behavior\BuildLiteBehavior [ RunTime:0.000000s ]
INFO: [ app_init ] --END-- [ RunTime:0.000000s ]
ERR: 无法加载模块:Vod-search-actor-李连杰

[ 2018-04-26T07:27:29+08:00 ] 88.198.19.164 /index.php?s=vod-search-actor-%E7%94%84%E5%AD%90%E4%B8%B9.html
INFO: [ app_init ] --START--
INFO: Run Behavior\BuildLiteBehavior [ RunTime:0.000000s ]
INFO: [ app_init ] --END-- [ RunTime:0.000000s ]
ERR: 无法加载模块:Vod-search-actor-甄子丹

[ 2018-04-26T07:27:30+08:00 ] 88.198.19.164 /index.php?s=vod-search-actor-%E8%88%92%E6%B7%87.html
INFO: [ app_init ] --START--
INFO: Run Behavior\BuildLiteBehavior [ RunTime:0.000000s ]
INFO: [ app_init ] --END-- [ RunTime:0.000000s ]
ERR: 无法加载模块:Vod-search-actor-舒淇

[ 2018-04-26T07:27:32+08:00 ] 88.198.19.164 /index.php?s=vod-search-actor-%E8%91%9B%E4%BC%98.html
INFO: [ app_init ] --START--
INFO: Run Behavior\BuildLiteBehavior [ RunTime:0.000000s ]
INFO: [ app_init ] --END-- [ RunTime:0.000000s ]
ERR: 无法加载模块:Vod-search-actor-葛优

[ 2018-04-26T07:27:34+08:00 ] 88.198.19.164 /index.php?s=vod-search-actor-%E8%B0%A2%E9%9C%86%E9%94%8B.html
INFO: [ app_init ] --START--
INFO: Run Behavior\BuildLiteBehavior [ RunTime:0.000000s ]
INFO: [ app_init ] --END-- [ RunTime:0.000000s ]
ERR: 无法加载模块:Vod-search-actor-谢霆锋

[ 2018-04-26T07:27:36+08:00 ] 88.198.19.164 /index.php?s=vod-search-actor-.html
INFO: [ app_init ] --START--
INFO: Run Behavior\BuildLiteBehavior [ RunTime:0.000000s ]
INFO: [ app_init ] --END-- [ RunTime:0.000000s ]
ERR: 无法加载模块:Vod-search-actor-

