181112 22:31:22 [Note] Plugin 'FEDERATED' is disabled.
181112 22:31:22 InnoDB: The InnoDB memory heap is disabled
181112 22:31:22 InnoDB: Mutexes and rw_locks use Windows interlocked functions
181112 22:31:22 InnoDB: Compressed tables use zlib 1.2.3
181112 22:31:22 InnoDB: Initializing buffer pool, size = 47.0M
181112 22:31:22 InnoDB: Completed initialization of buffer pool
181112 22:31:23 InnoDB: highest supported file format is Barracuda.
InnoDB: The log sequence number in ibdata files does not match
InnoDB: the log sequence number in the ib_logfiles!
181112 22:31:23  InnoDB: Database was not shut down normally!
InnoDB: Starting crash recovery.
InnoDB: Reading tablespace information from the .ibd files...
InnoDB: Restoring possible half-written data pages from the doublewrite
InnoDB: buffer...
181112 22:31:25  InnoDB: Waiting for the background threads to start
181112 22:31:26 InnoDB: 5.5.53 started; log sequence number 1595685
181112 22:31:26 [Note] Server hostname (bind-address): '0.0.0.0'; port: 3306
181112 22:31:26 [Note]   - '0.0.0.0' resolves to '0.0.0.0';
181112 22:31:26 [Note] Server socket created on IP: '0.0.0.0'.
181112 22:31:26 [Note] Event Scheduler: Loaded 0 events
181112 22:31:26 [Note] C:\phpStudy\PHPTutorial\MySQL\bin\mysqld.exe: ready for connections.
Version: '5.5.53'  socket: ''  port: 3306  MySQL Community Server (GPL)
181112 23:45:29 [Note] Plugin 'FEDERATED' is disabled.
181112 23:45:29 InnoDB: The InnoDB memory heap is disabled
181112 23:45:29 InnoDB: Mutexes and rw_locks use Windows interlocked functions
181112 23:45:29 InnoDB: Compressed tables use zlib 1.2.3
181112 23:45:29 InnoDB: Initializing buffer pool, size = 47.0M
181112 23:45:29 InnoDB: Completed initialization of buffer pool
181112 23:45:29 InnoDB: highest supported file format is Barracuda.
InnoDB: The log sequence number in ibdata files does not match
InnoDB: the log sequence number in the ib_logfiles!
181112 23:45:29  InnoDB: Database was not shut down normally!
InnoDB: Starting crash recovery.
InnoDB: Reading tablespace information from the .ibd files...
InnoDB: Restoring possible half-written data pages from the doublewrite
InnoDB: buffer...
181112 23:45:30  InnoDB: Waiting for the background threads to start
181112 23:45:31 InnoDB: 5.5.53 started; log sequence number 1595685
181112 23:45:31 [Note] Server hostname (bind-address): '0.0.0.0'; port: 3306
181112 23:45:31 [Note]   - '0.0.0.0' resolves to '0.0.0.0';
181112 23:45:31 [Note] Server socket created on IP: '0.0.0.0'.
181112 23:45:31 [Note] Event Scheduler: Loaded 0 events
181112 23:45:31 [Note] C:\phpStudy\PHPTutorial\MySQL\bin\mysqld.exe: ready for connections.
Version: '5.5.53'  socket: ''  port: 3306  MySQL Community Server (GPL)
