[ 2018-11-24T00:30:31+08:00 ] 87.107.73.5 /
INFO: [ app_init ] --START--
INFO: Run Behavior\BuildLiteBehavior [ RunTime:0.000000s ]
INFO: [ app_init ] --END-- [ RunTime:0.015627s ]
INFO: [ app_begin ] --START--
INFO: Run Behavior\ReadHtmlCacheBehavior [ RunTime:0.000000s ]
INFO: [ app_begin ] --END-- [ RunTime:0.000000s ]
NOTIC: [8] Undefined index: code C:\phpStudy\PHPTutorial\WWW\App\Qwadmin\Controller\ComController.class.php 第 23 行.
SQL: SHOW COLUMNS FROM `qw_setting` [ RunTime:0.0625s ]
SQL: SELECT `k`,`v` FROM `qw_setting`  [ RunTime:0.0000s ]
NOTIC: [8] Undefined offset: 1 C:\phpStudy\PHPTutorial\WWW\App\Qwadmin\Controller\ComController.class.php 第 54 行.

[ 2018-11-24T00:33:16+08:00 ] 209.225.103.87 /
INFO: [ app_init ] --START--
INFO: Run Behavior\BuildLiteBehavior [ RunTime:0.000000s ]
INFO: [ app_init ] --END-- [ RunTime:0.000000s ]
INFO: [ app_begin ] --START--
INFO: Run Behavior\ReadHtmlCacheBehavior [ RunTime:0.000000s ]
INFO: [ app_begin ] --END-- [ RunTime:0.000000s ]
NOTIC: [8] Undefined index: code C:\phpStudy\PHPTutorial\WWW\App\Qwadmin\Controller\ComController.class.php 第 23 行.
SQL: SHOW COLUMNS FROM `qw_setting` [ RunTime:0.0000s ]
SQL: SELECT `k`,`v` FROM `qw_setting`  [ RunTime:0.0000s ]
NOTIC: [8] Undefined offset: 1 C:\phpStudy\PHPTutorial\WWW\App\Qwadmin\Controller\ComController.class.php 第 54 行.

[ 2018-11-24T00:58:00+08:00 ] 42.2.22.6 /
INFO: [ app_init ] --START--
INFO: Run Behavior\BuildLiteBehavior [ RunTime:0.000000s ]
INFO: [ app_init ] --END-- [ RunTime:0.000000s ]
INFO: [ app_begin ] --START--
INFO: Run Behavior\ReadHtmlCacheBehavior [ RunTime:0.000000s ]
INFO: [ app_begin ] --END-- [ RunTime:0.000000s ]
NOTIC: [8] Undefined index: code C:\phpStudy\PHPTutorial\WWW\App\Qwadmin\Controller\ComController.class.php 第 23 行.
SQL: SHOW COLUMNS FROM `qw_setting` [ RunTime:0.0000s ]
SQL: SELECT `k`,`v` FROM `qw_setting`  [ RunTime:0.0000s ]
NOTIC: [8] Undefined offset: 1 C:\phpStudy\PHPTutorial\WWW\App\Qwadmin\Controller\ComController.class.php 第 54 行.

[ 2018-11-24T01:23:25+08:00 ] 82.199.118.92 /
INFO: [ app_init ] --START--
INFO: Run Behavior\BuildLiteBehavior [ RunTime:0.000000s ]
INFO: [ app_init ] --END-- [ RunTime:0.000000s ]
INFO: [ app_begin ] --START--
INFO: Run Behavior\ReadHtmlCacheBehavior [ RunTime:0.000000s ]
INFO: [ app_begin ] --END-- [ RunTime:0.000000s ]
NOTIC: [8] Undefined index: code C:\phpStudy\PHPTutorial\WWW\App\Qwadmin\Controller\ComController.class.php 第 23 行.
SQL: SHOW COLUMNS FROM `qw_setting` [ RunTime:0.0156s ]
SQL: SELECT `k`,`v` FROM `qw_setting`  [ RunTime:0.0000s ]
NOTIC: [8] Undefined offset: 1 C:\phpStudy\PHPTutorial\WWW\App\Qwadmin\Controller\ComController.class.php 第 54 行.

[ 2018-11-24T01:40:34+08:00 ] 71.6.202.204 /
INFO: [ app_init ] --START--
INFO: Run Behavior\BuildLiteBehavior [ RunTime:0.000000s ]
INFO: [ app_init ] --END-- [ RunTime:0.000000s ]
INFO: [ app_begin ] --START--
INFO: Run Behavior\ReadHtmlCacheBehavior [ RunTime:0.000000s ]
INFO: [ app_begin ] --END-- [ RunTime:0.000000s ]
NOTIC: [8] Undefined index: code C:\phpStudy\PHPTutorial\WWW\App\Qwadmin\Controller\ComController.class.php 第 23 行.
SQL: SHOW COLUMNS FROM `qw_setting` [ RunTime:0.0156s ]
SQL: SELECT `k`,`v` FROM `qw_setting`  [ RunTime:0.0000s ]
NOTIC: [8] Undefined offset: 1 C:\phpStudy\PHPTutorial\WWW\App\Qwadmin\Controller\ComController.class.php 第 54 行.

[ 2018-11-24T01:40:35+08:00 ] 71.6.202.204 /index.php/Qwadmin/login/index.html?Req_URL=/
INFO: [ app_init ] --START--
INFO: Run Behavior\BuildLiteBehavior [ RunTime:0.000000s ]
INFO: [ app_init ] --END-- [ RunTime:0.000000s ]
INFO: [ app_begin ] --START--
INFO: Run Behavior\ReadHtmlCacheBehavior [ RunTime:0.000000s ]
INFO: [ app_begin ] --END-- [ RunTime:0.000000s ]
SQL: SHOW COLUMNS FROM `qw_setting` [ RunTime:0.0000s ]
SQL: SELECT `k`,`v` FROM `qw_setting`  [ RunTime:0.0000s ]
NOTIC: [8] Undefined offset: 1 C:\phpStudy\PHPTutorial\WWW\App\Qwadmin\Controller\LoginController.class.php 第 23 行.
INFO: [ view_parse ] --START--
INFO: [ template_filter ] --START--
INFO: Run Behavior\ContentReplaceBehavior [ RunTime:0.000000s ]
INFO: [ template_filter ] --END-- [ RunTime:0.000000s ]
INFO: Run Behavior\ParseTemplateBehavior [ RunTime:0.171885s ]
INFO: [ view_parse ] --END-- [ RunTime:0.171885s ]
INFO: [ view_filter ] --START--
INFO: Run Behavior\WriteHtmlCacheBehavior [ RunTime:0.031251s ]
INFO: [ view_filter ] --END-- [ RunTime:0.031251s ]
INFO: [ app_end ] --START--
INFO: Run Behavior\ShowPageTraceBehavior [ RunTime:0.031252s ]
INFO: [ app_end ] --END-- [ RunTime:0.031252s ]

[ 2018-11-24T02:53:01+08:00 ] 211.110.82.22 /
INFO: [ app_init ] --START--
INFO: Run Behavior\BuildLiteBehavior [ RunTime:0.000000s ]
INFO: [ app_init ] --END-- [ RunTime:0.000000s ]
INFO: [ app_begin ] --START--
INFO: Run Behavior\ReadHtmlCacheBehavior [ RunTime:0.000000s ]
INFO: [ app_begin ] --END-- [ RunTime:0.000000s ]
NOTIC: [8] Undefined index: code C:\phpStudy\PHPTutorial\WWW\App\Qwadmin\Controller\ComController.class.php 第 23 行.
SQL: SHOW COLUMNS FROM `qw_setting` [ RunTime:0.0000s ]
SQL: SELECT `k`,`v` FROM `qw_setting`  [ RunTime:0.0000s ]
NOTIC: [8] Undefined offset: 1 C:\phpStudy\PHPTutorial\WWW\App\Qwadmin\Controller\ComController.class.php 第 54 行.

[ 2018-11-24T02:53:01+08:00 ] 211.110.82.22 /index.php/Qwadmin/login/index.html?Req_URL=/
INFO: [ app_init ] --START--
INFO: Run Behavior\BuildLiteBehavior [ RunTime:0.000000s ]
INFO: [ app_init ] --END-- [ RunTime:0.000000s ]
INFO: [ app_begin ] --START--
INFO: Run Behavior\ReadHtmlCacheBehavior [ RunTime:0.000000s ]
INFO: [ app_begin ] --END-- [ RunTime:0.000000s ]
SQL: SHOW COLUMNS FROM `qw_setting` [ RunTime:0.0000s ]
SQL: SELECT `k`,`v` FROM `qw_setting`  [ RunTime:0.0000s ]
NOTIC: [8] Undefined offset: 1 C:\phpStudy\PHPTutorial\WWW\App\Qwadmin\Controller\LoginController.class.php 第 23 行.
INFO: [ view_parse ] --START--
INFO: [ template_filter ] --START--
INFO: Run Behavior\ContentReplaceBehavior [ RunTime:0.000000s ]
INFO: [ template_filter ] --END-- [ RunTime:0.000000s ]
INFO: Run Behavior\ParseTemplateBehavior [ RunTime:0.000000s ]
INFO: [ view_parse ] --END-- [ RunTime:0.000000s ]
INFO: [ view_filter ] --START--
INFO: Run Behavior\WriteHtmlCacheBehavior [ RunTime:0.000000s ]
INFO: [ view_filter ] --END-- [ RunTime:0.000000s ]
INFO: [ app_end ] --START--
INFO: Run Behavior\ShowPageTraceBehavior [ RunTime:0.000000s ]
INFO: [ app_end ] --END-- [ RunTime:0.000000s ]

[ 2018-11-24T02:54:31+08:00 ] 183.61.152.34 /
INFO: [ app_init ] --START--
INFO: Run Behavior\BuildLiteBehavior [ RunTime:0.000000s ]
INFO: [ app_init ] --END-- [ RunTime:0.000000s ]
INFO: [ app_begin ] --START--
INFO: Run Behavior\ReadHtmlCacheBehavior [ RunTime:0.000000s ]
INFO: [ app_begin ] --END-- [ RunTime:0.000000s ]
NOTIC: [8] Undefined index: code C:\phpStudy\PHPTutorial\WWW\App\Qwadmin\Controller\ComController.class.php 第 23 行.
SQL: SHOW COLUMNS FROM `qw_setting` [ RunTime:0.0000s ]
SQL: SELECT `k`,`v` FROM `qw_setting`  [ RunTime:0.0000s ]
NOTIC: [8] Undefined offset: 1 C:\phpStudy\PHPTutorial\WWW\App\Qwadmin\Controller\ComController.class.php 第 54 行.

[ 2018-11-24T02:54:31+08:00 ] 183.61.152.34 /index.php/Qwadmin/login/index.html?Req_URL=/
INFO: [ app_init ] --START--
INFO: Run Behavior\BuildLiteBehavior [ RunTime:0.000000s ]
INFO: [ app_init ] --END-- [ RunTime:0.000000s ]
INFO: [ app_begin ] --START--
INFO: Run Behavior\ReadHtmlCacheBehavior [ RunTime:0.000000s ]
INFO: [ app_begin ] --END-- [ RunTime:0.000000s ]
SQL: SHOW COLUMNS FROM `qw_setting` [ RunTime:0.0156s ]
SQL: SELECT `k`,`v` FROM `qw_setting`  [ RunTime:0.0000s ]
NOTIC: [8] Undefined offset: 1 C:\phpStudy\PHPTutorial\WWW\App\Qwadmin\Controller\LoginController.class.php 第 23 行.
INFO: [ view_parse ] --START--
INFO: [ template_filter ] --START--
INFO: Run Behavior\ContentReplaceBehavior [ RunTime:0.000000s ]
INFO: [ template_filter ] --END-- [ RunTime:0.000000s ]
INFO: Run Behavior\ParseTemplateBehavior [ RunTime:0.000000s ]
INFO: [ view_parse ] --END-- [ RunTime:0.000000s ]
INFO: [ view_filter ] --START--
INFO: Run Behavior\WriteHtmlCacheBehavior [ RunTime:0.000000s ]
INFO: [ view_filter ] --END-- [ RunTime:0.000000s ]
INFO: [ app_end ] --START--
INFO: Run Behavior\ShowPageTraceBehavior [ RunTime:0.000000s ]
INFO: [ app_end ] --END-- [ RunTime:0.000000s ]

[ 2018-11-24T03:22:34+08:00 ] 60.191.38.77 /
INFO: [ app_init ] --START--
INFO: Run Behavior\BuildLiteBehavior [ RunTime:0.000000s ]
INFO: [ app_init ] --END-- [ RunTime:0.000000s ]
INFO: [ app_begin ] --START--
INFO: Run Behavior\ReadHtmlCacheBehavior [ RunTime:0.000000s ]
INFO: [ app_begin ] --END-- [ RunTime:0.000000s ]
NOTIC: [8] Undefined index: code C:\phpStudy\PHPTutorial\WWW\App\Qwadmin\Controller\ComController.class.php 第 23 行.
SQL: SHOW COLUMNS FROM `qw_setting` [ RunTime:0.0000s ]
SQL: SELECT `k`,`v` FROM `qw_setting`  [ RunTime:0.0000s ]
NOTIC: [8] Undefined offset: 1 C:\phpStudy\PHPTutorial\WWW\App\Qwadmin\Controller\ComController.class.php 第 54 行.

[ 2018-11-24T03:22:35+08:00 ] 60.191.38.77 /index.php/Qwadmin/login/index.html?Req_URL=/
INFO: [ app_init ] --START--
INFO: Run Behavior\BuildLiteBehavior [ RunTime:0.000000s ]
INFO: [ app_init ] --END-- [ RunTime:0.000000s ]
INFO: [ app_begin ] --START--
INFO: Run Behavior\ReadHtmlCacheBehavior [ RunTime:0.000000s ]
INFO: [ app_begin ] --END-- [ RunTime:0.000000s ]
SQL: SHOW COLUMNS FROM `qw_setting` [ RunTime:0.0000s ]
SQL: SELECT `k`,`v` FROM `qw_setting`  [ RunTime:0.0000s ]
NOTIC: [8] Undefined offset: 1 C:\phpStudy\PHPTutorial\WWW\App\Qwadmin\Controller\LoginController.class.php 第 23 行.
INFO: [ view_parse ] --START--
INFO: [ template_filter ] --START--
INFO: Run Behavior\ContentReplaceBehavior [ RunTime:0.000000s ]
INFO: [ template_filter ] --END-- [ RunTime:0.000000s ]
INFO: Run Behavior\ParseTemplateBehavior [ RunTime:0.000000s ]
INFO: [ view_parse ] --END-- [ RunTime:0.000000s ]
INFO: [ view_filter ] --START--
INFO: Run Behavior\WriteHtmlCacheBehavior [ RunTime:0.000000s ]
INFO: [ view_filter ] --END-- [ RunTime:0.000000s ]
INFO: [ app_end ] --START--
INFO: Run Behavior\ShowPageTraceBehavior [ RunTime:0.000000s ]
INFO: [ app_end ] --END-- [ RunTime:0.000000s ]

[ 2018-11-24T07:30:35+08:00 ] 47.101.164.36 /
INFO: [ app_init ] --START--
INFO: Run Behavior\BuildLiteBehavior [ RunTime:0.000000s ]
INFO: [ app_init ] --END-- [ RunTime:0.000000s ]
INFO: [ app_begin ] --START--
INFO: Run Behavior\ReadHtmlCacheBehavior [ RunTime:0.000000s ]
INFO: [ app_begin ] --END-- [ RunTime:0.000000s ]
NOTIC: [8] Undefined index: code C:\phpStudy\PHPTutorial\WWW\App\Qwadmin\Controller\ComController.class.php 第 23 行.
SQL: SHOW COLUMNS FROM `qw_setting` [ RunTime:0.0000s ]
SQL: SELECT `k`,`v` FROM `qw_setting`  [ RunTime:0.0000s ]
NOTIC: [8] Undefined offset: 1 C:\phpStudy\PHPTutorial\WWW\App\Qwadmin\Controller\ComController.class.php 第 54 行.

[ 2018-11-24T07:30:35+08:00 ] 47.101.164.36 /index.php/Qwadmin/login/index.html?Req_URL=/
INFO: [ app_init ] --START--
INFO: Run Behavior\BuildLiteBehavior [ RunTime:0.000000s ]
INFO: [ app_init ] --END-- [ RunTime:0.000000s ]
INFO: [ app_begin ] --START--
INFO: Run Behavior\ReadHtmlCacheBehavior [ RunTime:0.015625s ]
INFO: [ app_begin ] --END-- [ RunTime:0.015625s ]
SQL: SHOW COLUMNS FROM `qw_setting` [ RunTime:0.0000s ]
SQL: SELECT `k`,`v` FROM `qw_setting`  [ RunTime:0.0000s ]
NOTIC: [8] Undefined offset: 1 C:\phpStudy\PHPTutorial\WWW\App\Qwadmin\Controller\LoginController.class.php 第 23 行.
INFO: [ view_parse ] --START--
INFO: [ template_filter ] --START--
INFO: Run Behavior\ContentReplaceBehavior [ RunTime:0.000000s ]
INFO: [ template_filter ] --END-- [ RunTime:0.000000s ]
INFO: Run Behavior\ParseTemplateBehavior [ RunTime:0.015625s ]
INFO: [ view_parse ] --END-- [ RunTime:0.015625s ]
INFO: [ view_filter ] --START--
INFO: Run Behavior\WriteHtmlCacheBehavior [ RunTime:0.000000s ]
INFO: [ view_filter ] --END-- [ RunTime:0.000000s ]
INFO: [ app_end ] --START--
INFO: Run Behavior\ShowPageTraceBehavior [ RunTime:0.000000s ]
INFO: [ app_end ] --END-- [ RunTime:0.000000s ]

[ 2018-11-24T07:58:55+08:00 ] 187.35.244.207 /
INFO: [ app_init ] --START--
INFO: Run Behavior\BuildLiteBehavior [ RunTime:0.000000s ]
INFO: [ app_init ] --END-- [ RunTime:0.000000s ]
INFO: [ app_begin ] --START--
INFO: Run Behavior\ReadHtmlCacheBehavior [ RunTime:0.000000s ]
INFO: [ app_begin ] --END-- [ RunTime:0.000000s ]
NOTIC: [8] Undefined index: code C:\phpStudy\PHPTutorial\WWW\App\Qwadmin\Controller\ComController.class.php 第 23 行.
SQL: SHOW COLUMNS FROM `qw_setting` [ RunTime:0.0000s ]
SQL: SELECT `k`,`v` FROM `qw_setting`  [ RunTime:0.0000s ]
NOTIC: [8] Undefined offset: 1 C:\phpStudy\PHPTutorial\WWW\App\Qwadmin\Controller\ComController.class.php 第 54 行.

[ 2018-11-24T07:58:56+08:00 ] 187.35.244.207 /
INFO: [ app_init ] --START--
INFO: Run Behavior\BuildLiteBehavior [ RunTime:0.000000s ]
INFO: [ app_init ] --END-- [ RunTime:0.000000s ]
INFO: [ app_begin ] --START--
INFO: Run Behavior\ReadHtmlCacheBehavior [ RunTime:0.000000s ]
INFO: [ app_begin ] --END-- [ RunTime:0.000000s ]
NOTIC: [8] Undefined index: code C:\phpStudy\PHPTutorial\WWW\App\Qwadmin\Controller\ComController.class.php 第 23 行.
SQL: SHOW COLUMNS FROM `qw_setting` [ RunTime:0.0156s ]
SQL: SELECT `k`,`v` FROM `qw_setting`  [ RunTime:0.0000s ]
NOTIC: [8] Undefined offset: 1 C:\phpStudy\PHPTutorial\WWW\App\Qwadmin\Controller\ComController.class.php 第 54 行.

[ 2018-11-24T07:58:56+08:00 ] 187.35.244.207 /
INFO: [ app_init ] --START--
INFO: Run Behavior\BuildLiteBehavior [ RunTime:0.000000s ]
INFO: [ app_init ] --END-- [ RunTime:0.000000s ]
INFO: [ app_begin ] --START--
INFO: Run Behavior\ReadHtmlCacheBehavior [ RunTime:0.000000s ]
INFO: [ app_begin ] --END-- [ RunTime:0.000000s ]
NOTIC: [8] Undefined index: code C:\phpStudy\PHPTutorial\WWW\App\Qwadmin\Controller\ComController.class.php 第 23 行.
SQL: SHOW COLUMNS FROM `qw_setting` [ RunTime:0.0000s ]
SQL: SELECT `k`,`v` FROM `qw_setting`  [ RunTime:0.0000s ]
NOTIC: [8] Undefined offset: 1 C:\phpStudy\PHPTutorial\WWW\App\Qwadmin\Controller\ComController.class.php 第 54 行.

[ 2018-11-24T08:21:37+08:00 ] 198.20.99.130 /
INFO: [ app_init ] --START--
INFO: Run Behavior\BuildLiteBehavior [ RunTime:0.000000s ]
INFO: [ app_init ] --END-- [ RunTime:0.000000s ]
INFO: [ app_begin ] --START--
INFO: Run Behavior\ReadHtmlCacheBehavior [ RunTime:0.000000s ]
INFO: [ app_begin ] --END-- [ RunTime:0.000000s ]
NOTIC: [8] Undefined index: code C:\phpStudy\PHPTutorial\WWW\App\Qwadmin\Controller\ComController.class.php 第 23 行.
SQL: SHOW COLUMNS FROM `qw_setting` [ RunTime:0.0000s ]
SQL: SELECT `k`,`v` FROM `qw_setting`  [ RunTime:0.0000s ]
NOTIC: [8] Undefined offset: 1 C:\phpStudy\PHPTutorial\WWW\App\Qwadmin\Controller\ComController.class.php 第 54 行.

[ 2018-11-24T08:21:37+08:00 ] 198.20.99.130 /index.php/Qwadmin/login/index.html?Req_URL=/
INFO: [ app_init ] --START--
INFO: Run Behavior\BuildLiteBehavior [ RunTime:0.000000s ]
INFO: [ app_init ] --END-- [ RunTime:0.000000s ]
INFO: [ app_begin ] --START--
INFO: Run Behavior\ReadHtmlCacheBehavior [ RunTime:0.000000s ]
INFO: [ app_begin ] --END-- [ RunTime:0.000000s ]
SQL: SHOW COLUMNS FROM `qw_setting` [ RunTime:0.0156s ]
SQL: SELECT `k`,`v` FROM `qw_setting`  [ RunTime:0.0000s ]
NOTIC: [8] Undefined offset: 1 C:\phpStudy\PHPTutorial\WWW\App\Qwadmin\Controller\LoginController.class.php 第 23 行.
INFO: [ view_parse ] --START--
INFO: [ template_filter ] --START--
INFO: Run Behavior\ContentReplaceBehavior [ RunTime:0.000000s ]
INFO: [ template_filter ] --END-- [ RunTime:0.000000s ]
INFO: Run Behavior\ParseTemplateBehavior [ RunTime:0.015625s ]
INFO: [ view_parse ] --END-- [ RunTime:0.015625s ]
INFO: [ view_filter ] --START--
INFO: Run Behavior\WriteHtmlCacheBehavior [ RunTime:0.000000s ]
INFO: [ view_filter ] --END-- [ RunTime:0.000000s ]
INFO: [ app_end ] --START--
INFO: Run Behavior\ShowPageTraceBehavior [ RunTime:0.000000s ]
INFO: [ app_end ] --END-- [ RunTime:0.000000s ]

[ 2018-11-24T11:11:02+08:00 ] 205.205.150.16 /
INFO: [ app_init ] --START--
INFO: Run Behavior\BuildLiteBehavior [ RunTime:0.000000s ]
INFO: [ app_init ] --END-- [ RunTime:0.000000s ]
INFO: [ app_begin ] --START--
INFO: Run Behavior\ReadHtmlCacheBehavior [ RunTime:0.000000s ]
INFO: [ app_begin ] --END-- [ RunTime:0.000000s ]
NOTIC: [8] Undefined index: code C:\phpStudy\PHPTutorial\WWW\App\Qwadmin\Controller\ComController.class.php 第 23 行.
SQL: SHOW COLUMNS FROM `qw_setting` [ RunTime:0.0000s ]
SQL: SELECT `k`,`v` FROM `qw_setting`  [ RunTime:0.0000s ]
NOTIC: [8] Undefined offset: 1 C:\phpStudy\PHPTutorial\WWW\App\Qwadmin\Controller\ComController.class.php 第 54 行.

[ 2018-11-24T11:11:02+08:00 ] 205.205.150.16 /index.php/Qwadmin/login/index.html?Req_URL=/
INFO: [ app_init ] --START--
INFO: Run Behavior\BuildLiteBehavior [ RunTime:0.000000s ]
INFO: [ app_init ] --END-- [ RunTime:0.000000s ]
INFO: [ app_begin ] --START--
INFO: Run Behavior\ReadHtmlCacheBehavior [ RunTime:0.000000s ]
INFO: [ app_begin ] --END-- [ RunTime:0.000000s ]
SQL: SHOW COLUMNS FROM `qw_setting` [ RunTime:0.0000s ]
SQL: SELECT `k`,`v` FROM `qw_setting`  [ RunTime:0.0000s ]
NOTIC: [8] Undefined offset: 1 C:\phpStudy\PHPTutorial\WWW\App\Qwadmin\Controller\LoginController.class.php 第 23 行.
INFO: [ view_parse ] --START--
INFO: [ template_filter ] --START--
INFO: Run Behavior\ContentReplaceBehavior [ RunTime:0.000000s ]
INFO: [ template_filter ] --END-- [ RunTime:0.000000s ]
INFO: Run Behavior\ParseTemplateBehavior [ RunTime:0.015625s ]
INFO: [ view_parse ] --END-- [ RunTime:0.015625s ]
INFO: [ view_filter ] --START--
INFO: Run Behavior\WriteHtmlCacheBehavior [ RunTime:0.000000s ]
INFO: [ view_filter ] --END-- [ RunTime:0.000000s ]
INFO: [ app_end ] --START--
INFO: Run Behavior\ShowPageTraceBehavior [ RunTime:0.000000s ]
INFO: [ app_end ] --END-- [ RunTime:0.000000s ]

[ 2018-11-24T11:33:13+08:00 ] 73.228.43.17 /
INFO: [ app_init ] --START--
INFO: Run Behavior\BuildLiteBehavior [ RunTime:0.000000s ]
INFO: [ app_init ] --END-- [ RunTime:0.000000s ]
INFO: [ app_begin ] --START--
INFO: Run Behavior\ReadHtmlCacheBehavior [ RunTime:0.000000s ]
INFO: [ app_begin ] --END-- [ RunTime:0.000000s ]
NOTIC: [8] Undefined index: code C:\phpStudy\PHPTutorial\WWW\App\Qwadmin\Controller\ComController.class.php 第 23 行.
SQL: SHOW COLUMNS FROM `qw_setting` [ RunTime:0.0000s ]
SQL: SELECT `k`,`v` FROM `qw_setting`  [ RunTime:0.0000s ]
NOTIC: [8] Undefined offset: 1 C:\phpStudy\PHPTutorial\WWW\App\Qwadmin\Controller\ComController.class.php 第 54 行.

[ 2018-11-24T11:33:14+08:00 ] 73.228.43.17 /index.php/Qwadmin/login/index.html?Req_URL=/
INFO: [ app_init ] --START--
INFO: Run Behavior\BuildLiteBehavior [ RunTime:0.000000s ]
INFO: [ app_init ] --END-- [ RunTime:0.000000s ]
INFO: [ app_begin ] --START--
INFO: Run Behavior\ReadHtmlCacheBehavior [ RunTime:0.000000s ]
INFO: [ app_begin ] --END-- [ RunTime:0.000000s ]
SQL: SHOW COLUMNS FROM `qw_setting` [ RunTime:0.0000s ]
SQL: SELECT `k`,`v` FROM `qw_setting`  [ RunTime:0.0000s ]
NOTIC: [8] Undefined offset: 1 C:\phpStudy\PHPTutorial\WWW\App\Qwadmin\Controller\LoginController.class.php 第 23 行.
INFO: [ view_parse ] --START--
INFO: [ template_filter ] --START--
INFO: Run Behavior\ContentReplaceBehavior [ RunTime:0.000000s ]
INFO: [ template_filter ] --END-- [ RunTime:0.000000s ]
INFO: Run Behavior\ParseTemplateBehavior [ RunTime:0.015625s ]
INFO: [ view_parse ] --END-- [ RunTime:0.015625s ]
INFO: [ view_filter ] --START--
INFO: Run Behavior\WriteHtmlCacheBehavior [ RunTime:0.000000s ]
INFO: [ view_filter ] --END-- [ RunTime:0.000000s ]
INFO: [ app_end ] --START--
INFO: Run Behavior\ShowPageTraceBehavior [ RunTime:0.000000s ]
INFO: [ app_end ] --END-- [ RunTime:0.000000s ]

[ 2018-11-24T12:02:02+08:00 ] 205.205.150.16 /
INFO: [ app_init ] --START--
INFO: Run Behavior\BuildLiteBehavior [ RunTime:0.000000s ]
INFO: [ app_init ] --END-- [ RunTime:0.000000s ]
INFO: [ app_begin ] --START--
INFO: Run Behavior\ReadHtmlCacheBehavior [ RunTime:0.000000s ]
INFO: [ app_begin ] --END-- [ RunTime:0.000000s ]
NOTIC: [8] Undefined index: code C:\phpStudy\PHPTutorial\WWW\App\Qwadmin\Controller\ComController.class.php 第 23 行.
SQL: SHOW COLUMNS FROM `qw_setting` [ RunTime:0.0000s ]
SQL: SELECT `k`,`v` FROM `qw_setting`  [ RunTime:0.0000s ]
NOTIC: [8] Undefined offset: 1 C:\phpStudy\PHPTutorial\WWW\App\Qwadmin\Controller\ComController.class.php 第 54 行.

[ 2018-11-24T12:02:02+08:00 ] 205.205.150.16 /index.php/Qwadmin/login/index.html?Req_URL=/
INFO: [ app_init ] --START--
INFO: Run Behavior\BuildLiteBehavior [ RunTime:0.000000s ]
INFO: [ app_init ] --END-- [ RunTime:0.000000s ]
INFO: [ app_begin ] --START--
INFO: Run Behavior\ReadHtmlCacheBehavior [ RunTime:0.015625s ]
INFO: [ app_begin ] --END-- [ RunTime:0.015625s ]
SQL: SHOW COLUMNS FROM `qw_setting` [ RunTime:0.0000s ]
SQL: SELECT `k`,`v` FROM `qw_setting`  [ RunTime:0.0000s ]
NOTIC: [8] Undefined offset: 1 C:\phpStudy\PHPTutorial\WWW\App\Qwadmin\Controller\LoginController.class.php 第 23 行.
INFO: [ view_parse ] --START--
INFO: [ template_filter ] --START--
INFO: Run Behavior\ContentReplaceBehavior [ RunTime:0.000000s ]
INFO: [ template_filter ] --END-- [ RunTime:0.000000s ]
INFO: Run Behavior\ParseTemplateBehavior [ RunTime:0.015625s ]
INFO: [ view_parse ] --END-- [ RunTime:0.015625s ]
INFO: [ view_filter ] --START--
INFO: Run Behavior\WriteHtmlCacheBehavior [ RunTime:0.000000s ]
INFO: [ view_filter ] --END-- [ RunTime:0.000000s ]
INFO: [ app_end ] --START--
INFO: Run Behavior\ShowPageTraceBehavior [ RunTime:0.000000s ]
INFO: [ app_end ] --END-- [ RunTime:0.000000s ]

[ 2018-11-24T12:13:47+08:00 ] 183.87.70.186 /
INFO: [ app_init ] --START--
INFO: Run Behavior\BuildLiteBehavior [ RunTime:0.000000s ]
INFO: [ app_init ] --END-- [ RunTime:0.000000s ]
INFO: [ app_begin ] --START--
INFO: Run Behavior\ReadHtmlCacheBehavior [ RunTime:0.000000s ]
INFO: [ app_begin ] --END-- [ RunTime:0.000000s ]
NOTIC: [8] Undefined index: code C:\phpStudy\PHPTutorial\WWW\App\Qwadmin\Controller\ComController.class.php 第 23 行.
SQL: SHOW COLUMNS FROM `qw_setting` [ RunTime:0.0000s ]
SQL: SELECT `k`,`v` FROM `qw_setting`  [ RunTime:0.0000s ]
NOTIC: [8] Undefined offset: 1 C:\phpStudy\PHPTutorial\WWW\App\Qwadmin\Controller\ComController.class.php 第 54 行.

[ 2018-11-24T13:35:41+08:00 ] 58.251.121.185 /
INFO: [ app_init ] --START--
INFO: Run Behavior\BuildLiteBehavior [ RunTime:0.000000s ]
INFO: [ app_init ] --END-- [ RunTime:0.000000s ]
INFO: [ app_begin ] --START--
INFO: Run Behavior\ReadHtmlCacheBehavior [ RunTime:0.000000s ]
INFO: [ app_begin ] --END-- [ RunTime:0.000000s ]
NOTIC: [8] Undefined index: code C:\phpStudy\PHPTutorial\WWW\App\Qwadmin\Controller\ComController.class.php 第 23 行.
SQL: SHOW COLUMNS FROM `qw_setting` [ RunTime:0.0000s ]
SQL: SELECT `k`,`v` FROM `qw_setting`  [ RunTime:0.0000s ]
NOTIC: [8] Undefined offset: 1 C:\phpStudy\PHPTutorial\WWW\App\Qwadmin\Controller\ComController.class.php 第 54 行.

[ 2018-11-24T13:35:41+08:00 ] 58.251.121.185 /index.php/Qwadmin/login/index.html?Req_URL=/
INFO: [ app_init ] --START--
INFO: Run Behavior\BuildLiteBehavior [ RunTime:0.000000s ]
INFO: [ app_init ] --END-- [ RunTime:0.000000s ]
INFO: [ app_begin ] --START--
INFO: Run Behavior\ReadHtmlCacheBehavior [ RunTime:0.000000s ]
INFO: [ app_begin ] --END-- [ RunTime:0.000000s ]
SQL: SHOW COLUMNS FROM `qw_setting` [ RunTime:0.0156s ]
SQL: SELECT `k`,`v` FROM `qw_setting`  [ RunTime:0.0000s ]
NOTIC: [8] Undefined offset: 1 C:\phpStudy\PHPTutorial\WWW\App\Qwadmin\Controller\LoginController.class.php 第 23 行.
INFO: [ view_parse ] --START--
INFO: [ template_filter ] --START--
INFO: Run Behavior\ContentReplaceBehavior [ RunTime:0.000000s ]
INFO: [ template_filter ] --END-- [ RunTime:0.000000s ]
INFO: Run Behavior\ParseTemplateBehavior [ RunTime:0.000000s ]
INFO: [ view_parse ] --END-- [ RunTime:0.000000s ]
INFO: [ view_filter ] --START--
INFO: Run Behavior\WriteHtmlCacheBehavior [ RunTime:0.000000s ]
INFO: [ view_filter ] --END-- [ RunTime:0.000000s ]
INFO: [ app_end ] --START--
INFO: Run Behavior\ShowPageTraceBehavior [ RunTime:0.000000s ]
INFO: [ app_end ] --END-- [ RunTime:0.000000s ]

[ 2018-11-24T15:52:03+08:00 ] 180.241.6.127 /
INFO: [ app_init ] --START--
INFO: Run Behavior\BuildLiteBehavior [ RunTime:0.000000s ]
INFO: [ app_init ] --END-- [ RunTime:0.000000s ]
INFO: [ app_begin ] --START--
INFO: Run Behavior\ReadHtmlCacheBehavior [ RunTime:0.000000s ]
INFO: [ app_begin ] --END-- [ RunTime:0.000000s ]
NOTIC: [8] Undefined index: code C:\phpStudy\PHPTutorial\WWW\App\Qwadmin\Controller\ComController.class.php 第 23 行.
SQL: SHOW COLUMNS FROM `qw_setting` [ RunTime:0.0000s ]
SQL: SELECT `k`,`v` FROM `qw_setting`  [ RunTime:0.0000s ]
NOTIC: [8] Undefined offset: 1 C:\phpStudy\PHPTutorial\WWW\App\Qwadmin\Controller\ComController.class.php 第 54 行.

[ 2018-11-24T16:08:19+08:00 ] 88.238.179.136 /
INFO: [ app_init ] --START--
INFO: Run Behavior\BuildLiteBehavior [ RunTime:0.000000s ]
INFO: [ app_init ] --END-- [ RunTime:0.000000s ]
INFO: [ app_begin ] --START--
INFO: Run Behavior\ReadHtmlCacheBehavior [ RunTime:0.000000s ]
INFO: [ app_begin ] --END-- [ RunTime:0.000000s ]
NOTIC: [8] Undefined index: code C:\phpStudy\PHPTutorial\WWW\App\Qwadmin\Controller\ComController.class.php 第 23 行.
SQL: SHOW COLUMNS FROM `qw_setting` [ RunTime:0.0156s ]
SQL: SELECT `k`,`v` FROM `qw_setting`  [ RunTime:0.0000s ]
NOTIC: [8] Undefined offset: 1 C:\phpStudy\PHPTutorial\WWW\App\Qwadmin\Controller\ComController.class.php 第 54 行.

[ 2018-11-24T16:16:19+08:00 ] 216.150.149.68 /
INFO: [ app_init ] --START--
INFO: Run Behavior\BuildLiteBehavior [ RunTime:0.000000s ]
INFO: [ app_init ] --END-- [ RunTime:0.000000s ]
INFO: [ app_begin ] --START--
INFO: Run Behavior\ReadHtmlCacheBehavior [ RunTime:0.000000s ]
INFO: [ app_begin ] --END-- [ RunTime:0.000000s ]
NOTIC: [8] Undefined index: code C:\phpStudy\PHPTutorial\WWW\App\Qwadmin\Controller\ComController.class.php 第 23 行.
SQL: SHOW COLUMNS FROM `qw_setting` [ RunTime:0.0000s ]
SQL: SELECT `k`,`v` FROM `qw_setting`  [ RunTime:0.0000s ]
NOTIC: [8] Undefined offset: 1 C:\phpStudy\PHPTutorial\WWW\App\Qwadmin\Controller\ComController.class.php 第 54 行.

[ 2018-11-24T16:16:19+08:00 ] 216.150.149.68 /index.php/Qwadmin/login/index.html?Req_URL=/
INFO: [ app_init ] --START--
INFO: Run Behavior\BuildLiteBehavior [ RunTime:0.000000s ]
INFO: [ app_init ] --END-- [ RunTime:0.000000s ]
INFO: [ app_begin ] --START--
INFO: Run Behavior\ReadHtmlCacheBehavior [ RunTime:0.015625s ]
INFO: [ app_begin ] --END-- [ RunTime:0.015625s ]
SQL: SHOW COLUMNS FROM `qw_setting` [ RunTime:0.0000s ]
SQL: SELECT `k`,`v` FROM `qw_setting`  [ RunTime:0.0000s ]
NOTIC: [8] Undefined offset: 1 C:\phpStudy\PHPTutorial\WWW\App\Qwadmin\Controller\LoginController.class.php 第 23 行.
INFO: [ view_parse ] --START--
INFO: [ template_filter ] --START--
INFO: Run Behavior\ContentReplaceBehavior [ RunTime:0.000000s ]
INFO: [ template_filter ] --END-- [ RunTime:0.000000s ]
INFO: Run Behavior\ParseTemplateBehavior [ RunTime:0.015625s ]
INFO: [ view_parse ] --END-- [ RunTime:0.015625s ]
INFO: [ view_filter ] --START--
INFO: Run Behavior\WriteHtmlCacheBehavior [ RunTime:0.000000s ]
INFO: [ view_filter ] --END-- [ RunTime:0.000000s ]
INFO: [ app_end ] --START--
INFO: Run Behavior\ShowPageTraceBehavior [ RunTime:0.000000s ]
INFO: [ app_end ] --END-- [ RunTime:0.000000s ]

[ 2018-11-24T16:29:21+08:00 ] 154.119.81.9 /
INFO: [ app_init ] --START--
INFO: Run Behavior\BuildLiteBehavior [ RunTime:0.000000s ]
INFO: [ app_init ] --END-- [ RunTime:0.000000s ]
INFO: [ app_begin ] --START--
INFO: Run Behavior\ReadHtmlCacheBehavior [ RunTime:0.000000s ]
INFO: [ app_begin ] --END-- [ RunTime:0.000000s ]
NOTIC: [8] Undefined index: code C:\phpStudy\PHPTutorial\WWW\App\Qwadmin\Controller\ComController.class.php 第 23 行.
SQL: SHOW COLUMNS FROM `qw_setting` [ RunTime:0.0000s ]
SQL: SELECT `k`,`v` FROM `qw_setting`  [ RunTime:0.0000s ]
NOTIC: [8] Undefined offset: 1 C:\phpStudy\PHPTutorial\WWW\App\Qwadmin\Controller\ComController.class.php 第 54 行.

[ 2018-11-24T16:53:30+08:00 ] 222.164.43.126 /
INFO: [ app_init ] --START--
INFO: Run Behavior\BuildLiteBehavior [ RunTime:0.000000s ]
INFO: [ app_init ] --END-- [ RunTime:0.000000s ]
INFO: [ app_begin ] --START--
INFO: Run Behavior\ReadHtmlCacheBehavior [ RunTime:0.000000s ]
INFO: [ app_begin ] --END-- [ RunTime:0.000000s ]
NOTIC: [8] Undefined index: code C:\phpStudy\PHPTutorial\WWW\App\Qwadmin\Controller\ComController.class.php 第 23 行.
SQL: SHOW COLUMNS FROM `qw_setting` [ RunTime:0.0000s ]
SQL: SELECT `k`,`v` FROM `qw_setting`  [ RunTime:0.0000s ]
NOTIC: [8] Undefined offset: 1 C:\phpStudy\PHPTutorial\WWW\App\Qwadmin\Controller\ComController.class.php 第 54 行.

[ 2018-11-24T16:56:57+08:00 ] 119.28.85.203 /
INFO: [ app_init ] --START--
INFO: Run Behavior\BuildLiteBehavior [ RunTime:0.000000s ]
INFO: [ app_init ] --END-- [ RunTime:0.000000s ]
INFO: [ app_begin ] --START--
INFO: Run Behavior\ReadHtmlCacheBehavior [ RunTime:0.000000s ]
INFO: [ app_begin ] --END-- [ RunTime:0.000000s ]
NOTIC: [8] Undefined index: code C:\phpStudy\PHPTutorial\WWW\App\Qwadmin\Controller\ComController.class.php 第 23 行.
SQL: SHOW COLUMNS FROM `qw_setting` [ RunTime:0.0000s ]
SQL: SELECT `k`,`v` FROM `qw_setting`  [ RunTime:0.0000s ]
NOTIC: [8] Undefined offset: 1 C:\phpStudy\PHPTutorial\WWW\App\Qwadmin\Controller\ComController.class.php 第 54 行.

[ 2018-11-24T16:57:18+08:00 ] 119.28.85.203 /index.php
INFO: [ app_init ] --START--
INFO: Run Behavior\BuildLiteBehavior [ RunTime:0.000000s ]
INFO: [ app_init ] --END-- [ RunTime:0.000000s ]
INFO: [ app_begin ] --START--
INFO: Run Behavior\ReadHtmlCacheBehavior [ RunTime:0.000000s ]
INFO: [ app_begin ] --END-- [ RunTime:0.000000s ]
NOTIC: [8] Undefined index: code C:\phpStudy\PHPTutorial\WWW\App\Qwadmin\Controller\ComController.class.php 第 23 行.
SQL: SHOW COLUMNS FROM `qw_setting` [ RunTime:0.0000s ]
SQL: SELECT `k`,`v` FROM `qw_setting`  [ RunTime:0.0000s ]
NOTIC: [8] Undefined offset: 1 C:\phpStudy\PHPTutorial\WWW\App\Qwadmin\Controller\ComController.class.php 第 54 行.

[ 2018-11-24T16:58:07+08:00 ] 125.127.78.73 /
INFO: [ app_init ] --START--
INFO: Run Behavior\BuildLiteBehavior [ RunTime:0.000000s ]
INFO: [ app_init ] --END-- [ RunTime:0.000000s ]
INFO: [ app_begin ] --START--
INFO: Run Behavior\ReadHtmlCacheBehavior [ RunTime:0.015625s ]
INFO: [ app_begin ] --END-- [ RunTime:0.015625s ]
NOTIC: [8] Undefined index: code C:\phpStudy\PHPTutorial\WWW\App\Qwadmin\Controller\ComController.class.php 第 23 行.
SQL: SHOW COLUMNS FROM `qw_setting` [ RunTime:0.0000s ]
SQL: SELECT `k`,`v` FROM `qw_setting`  [ RunTime:0.0000s ]
NOTIC: [8] Undefined offset: 1 C:\phpStudy\PHPTutorial\WWW\App\Qwadmin\Controller\ComController.class.php 第 54 行.

[ 2018-11-24T16:58:07+08:00 ] 125.127.78.73 /index.php/Qwadmin/login/index.html?Req_URL=/
INFO: [ app_init ] --START--
INFO: Run Behavior\BuildLiteBehavior [ RunTime:0.000000s ]
INFO: [ app_init ] --END-- [ RunTime:0.000000s ]
INFO: [ app_begin ] --START--
INFO: Run Behavior\ReadHtmlCacheBehavior [ RunTime:0.000000s ]
INFO: [ app_begin ] --END-- [ RunTime:0.000000s ]
SQL: SHOW COLUMNS FROM `qw_setting` [ RunTime:0.0000s ]
SQL: SELECT `k`,`v` FROM `qw_setting`  [ RunTime:0.0000s ]
NOTIC: [8] Undefined offset: 1 C:\phpStudy\PHPTutorial\WWW\App\Qwadmin\Controller\LoginController.class.php 第 23 行.
INFO: [ view_parse ] --START--
INFO: [ template_filter ] --START--
INFO: Run Behavior\ContentReplaceBehavior [ RunTime:0.000000s ]
INFO: [ template_filter ] --END-- [ RunTime:0.000000s ]
INFO: Run Behavior\ParseTemplateBehavior [ RunTime:0.015625s ]
INFO: [ view_parse ] --END-- [ RunTime:0.015625s ]
INFO: [ view_filter ] --START--
INFO: Run Behavior\WriteHtmlCacheBehavior [ RunTime:0.000000s ]
INFO: [ view_filter ] --END-- [ RunTime:0.000000s ]
INFO: [ app_end ] --START--
INFO: Run Behavior\ShowPageTraceBehavior [ RunTime:0.000000s ]
INFO: [ app_end ] --END-- [ RunTime:0.000000s ]

[ 2018-11-24T16:58:08+08:00 ] 125.127.78.73 /index.php/Qwadmin/login/login.html
INFO: [ app_init ] --START--
INFO: Run Behavior\BuildLiteBehavior [ RunTime:0.000000s ]
INFO: [ app_init ] --END-- [ RunTime:0.000000s ]
INFO: [ app_begin ] --START--
INFO: Run Behavior\ReadHtmlCacheBehavior [ RunTime:0.000000s ]
INFO: [ app_begin ] --END-- [ RunTime:0.000000s ]
SQL: SHOW COLUMNS FROM `qw_setting` [ RunTime:0.0156s ]
SQL: SELECT `k`,`v` FROM `qw_setting`  [ RunTime:0.0000s ]
SQL: SHOW COLUMNS FROM `qw_member` [ RunTime:0.0000s ]
SQL: SELECT `uid`,`user` FROM `qw_member` WHERE `user` = 'admin' AND `password` = '3a80fb428e1b8f7f37d9e4baa96a9567' LIMIT 1   [ RunTime:0.0000s ]
SQL: SHOW COLUMNS FROM `qw_member` [ RunTime:0.0000s ]
SQL: UPDATE `qw_member` SET `identifier`='0367e0d2db1daeff54d9627f24292085',`token`='f2317f6b5b925dd39acdd1e024b023cf',`salt`='2USd32d6eP' WHERE `uid` = 1 [ RunTime:0.0000s ]
SQL: SHOW COLUMNS FROM `qw_log` [ RunTime:0.0000s ]
SQL: INSERT INTO `qw_log` (`name`,`t`,`ip`,`log`) VALUES ('AdminUser','1543049888','125.127.78.73','登录成功。jumpurl=/index.php/Qwadmin/index/index.html$Req_URL/') [ RunTime:0.0000s ]

[ 2018-11-24T16:58:08+08:00 ] 125.127.78.73 /index.php/Qwadmin/index/index.html
INFO: [ app_init ] --START--
INFO: Run Behavior\BuildLiteBehavior [ RunTime:0.000000s ]
INFO: [ app_init ] --END-- [ RunTime:0.015625s ]
INFO: [ app_begin ] --START--
INFO: Run Behavior\ReadHtmlCacheBehavior [ RunTime:0.000000s ]
INFO: [ app_begin ] --END-- [ RunTime:0.000000s ]
NOTIC: [8] Undefined index: code C:\phpStudy\PHPTutorial\WWW\App\Qwadmin\Controller\ComController.class.php 第 23 行.
SQL: SHOW COLUMNS FROM `qw_setting` [ RunTime:0.0000s ]
SQL: SELECT `k`,`v` FROM `qw_setting`  [ RunTime:0.0000s ]
SQL: SHOW COLUMNS FROM `qw_member` [ RunTime:0.0000s ]
SQL: SELECT * FROM `qw_member` WHERE `identifier` = '0367e0d2db1daeff54d9627f24292085' LIMIT 1   [ RunTime:0.0000s ]
SQL: SELECT * FROM qw_auth_group g left join qw_auth_group_access a on g.id=a.group_id where a.uid=1 [ RunTime:0.0000s ]
SQL: SHOW COLUMNS FROM `qw_member` [ RunTime:0.0156s ]
SQL: SELECT * FROM `qw_member` WHERE `uid` = 1 LIMIT 1   [ RunTime:0.0000s ]
SQL: SELECT s.id,s.title,s.name,s.tips,s.pid,p.pid as ppid,p.title as ptitle FROM qw_auth_rule s left join qw_auth_rule p on p.id=s.pid where s.name='Index/index' [ RunTime:0.0000s ]
SQL: SHOW COLUMNS FROM `qw_auth_rule` [ RunTime:0.0000s ]
SQL: SELECT `id`,`title`,`pid`,`name`,`icon` FROM `qw_auth_rule` WHERE ( islink=1   ) ORDER BY o ASC  [ RunTime:0.0000s ]
INFO: [ app_end ] --START--
INFO: Run Behavior\ShowPageTraceBehavior [ RunTime:0.000000s ]
INFO: [ app_end ] --END-- [ RunTime:0.000000s ]

[ 2018-11-24T16:58:09+08:00 ] 125.127.78.73 /index.php/Qwadmin/RwxyCom/uniquerydata.html
INFO: [ app_init ] --START--
INFO: Run Behavior\BuildLiteBehavior [ RunTime:0.000000s ]
INFO: [ app_init ] --END-- [ RunTime:0.000000s ]
INFO: [ app_begin ] --START--
INFO: Run Behavior\ReadHtmlCacheBehavior [ RunTime:0.000000s ]
INFO: [ app_begin ] --END-- [ RunTime:0.000000s ]
NOTIC: [8] Undefined index: code C:\phpStudy\PHPTutorial\WWW\App\Qwadmin\Controller\ComController.class.php 第 23 行.
SQL: SHOW COLUMNS FROM `qw_setting` [ RunTime:0.0000s ]
SQL: SELECT `k`,`v` FROM `qw_setting`  [ RunTime:0.0000s ]
SQL: SHOW COLUMNS FROM `qw_member` [ RunTime:0.0000s ]
SQL: SELECT * FROM `qw_member` WHERE `identifier` = '0367e0d2db1daeff54d9627f24292085' LIMIT 1   [ RunTime:0.0000s ]
SQL: SELECT * FROM qw_auth_group g left join qw_auth_group_access a on g.id=a.group_id where a.uid=1 [ RunTime:0.0000s ]
SQL: SHOW COLUMNS FROM `qw_member` [ RunTime:0.0000s ]
SQL: SELECT * FROM `qw_member` WHERE `uid` = 1 LIMIT 1   [ RunTime:0.0000s ]
SQL: SELECT s.id,s.title,s.name,s.tips,s.pid,p.pid as ppid,p.title as ptitle FROM qw_auth_rule s left join qw_auth_rule p on p.id=s.pid where s.name='RwxyCom/uniquerydata' [ RunTime:0.0000s ]
SQL: SHOW COLUMNS FROM `qw_auth_rule` [ RunTime:0.0000s ]
SQL: SELECT `id`,`title`,`pid`,`name`,`icon` FROM `qw_auth_rule` WHERE ( islink=1   ) ORDER BY o ASC  [ RunTime:0.0000s ]
SQL: SHOW COLUMNS FROM `qw_unisecret` [ RunTime:0.0000s ]
NOTIC: [8] Undefined variable: newarr C:\phpStudy\PHPTutorial\WWW\App\Common\Common\function.php 第 202 行.
SQL: SELECT DISTINCT  `sheetname` FROM `qw_unisecret` WHERE `rpw` IN ('admin','6622') ORDER BY id  [ RunTime:0.0000s ]
SQL: SELECT DISTINCT  `name` FROM `qw_unisecret` WHERE `rpw` IN ('admin','6622') ORDER BY id  [ RunTime:0.0000s ]
NOTIC: [8] Undefined variable: sheetarr C:\phpStudy\PHPTutorial\WWW\App\Qwadmin\Controller\RwxyComController.class.php 第 195 行.
INFO: [ view_parse ] --START--
INFO: [ template_filter ] --START--
INFO: Run Behavior\ContentReplaceBehavior [ RunTime:0.000000s ]
INFO: [ template_filter ] --END-- [ RunTime:0.000000s ]
INFO: Run Behavior\ParseTemplateBehavior [ RunTime:0.000000s ]
INFO: [ view_parse ] --END-- [ RunTime:0.000000s ]
INFO: [ view_filter ] --START--
INFO: Run Behavior\WriteHtmlCacheBehavior [ RunTime:0.000000s ]
INFO: [ view_filter ] --END-- [ RunTime:0.000000s ]
INFO: [ app_end ] --START--
INFO: Run Behavior\ShowPageTraceBehavior [ RunTime:0.015625s ]
INFO: [ app_end ] --END-- [ RunTime:0.015625s ]

[ 2018-11-24T16:58:15+08:00 ] 125.127.78.73 /index.php/Qwadmin/RwxyCom/uniquerydata.html?sheetname=&name=%E4%BA%BA%E6%96%87%E5%AD%A6%E9%99%A2
INFO: [ app_init ] --START--
INFO: Run Behavior\BuildLiteBehavior [ RunTime:0.000000s ]
INFO: [ app_init ] --END-- [ RunTime:0.000000s ]
INFO: [ app_begin ] --START--
INFO: Run Behavior\ReadHtmlCacheBehavior [ RunTime:0.000000s ]
INFO: [ app_begin ] --END-- [ RunTime:0.000000s ]
NOTIC: [8] Undefined index: code C:\phpStudy\PHPTutorial\WWW\App\Qwadmin\Controller\ComController.class.php 第 23 行.
SQL: SHOW COLUMNS FROM `qw_setting` [ RunTime:0.0000s ]
SQL: SELECT `k`,`v` FROM `qw_setting`  [ RunTime:0.0000s ]
SQL: SHOW COLUMNS FROM `qw_member` [ RunTime:0.0000s ]
SQL: SELECT * FROM `qw_member` WHERE `identifier` = '0367e0d2db1daeff54d9627f24292085' LIMIT 1   [ RunTime:0.0000s ]
SQL: SELECT * FROM qw_auth_group g left join qw_auth_group_access a on g.id=a.group_id where a.uid=1 [ RunTime:0.0000s ]
SQL: SHOW COLUMNS FROM `qw_member` [ RunTime:0.0000s ]
SQL: SELECT * FROM `qw_member` WHERE `uid` = 1 LIMIT 1   [ RunTime:0.0000s ]
SQL: SELECT s.id,s.title,s.name,s.tips,s.pid,p.pid as ppid,p.title as ptitle FROM qw_auth_rule s left join qw_auth_rule p on p.id=s.pid where s.name='RwxyCom/uniquerydata' [ RunTime:0.0000s ]
SQL: SHOW COLUMNS FROM `qw_auth_rule` [ RunTime:0.0000s ]
SQL: SELECT `id`,`title`,`pid`,`name`,`icon` FROM `qw_auth_rule` WHERE ( islink=1   ) ORDER BY o ASC  [ RunTime:0.0000s ]
SQL: SHOW COLUMNS FROM `qw_unisecret` [ RunTime:0.0000s ]
SQL: SELECT DISTINCT  `sheetname` FROM `qw_unisecret` WHERE `name` = '人文学院' AND `rpw` IN ('admin','6622') ORDER BY id  [ RunTime:0.0000s ]
SQL: SELECT DISTINCT  `name` FROM `qw_unisecret` WHERE `name` = '人文学院' AND `rpw` IN ('admin','6622') ORDER BY id  [ RunTime:0.0000s ]
SQL: SELECT * FROM `qw_unisecret` WHERE `rpw` IN ('admin','6622') AND ( `name` = '人文学院' OR `pid` = '人文学院' ) LIMIT 50   [ RunTime:0.0156s ]
SQL: SELECT COUNT(*) AS tp_count FROM `qw_unisecret` WHERE `rpw` IN ('admin','6622') AND ( `name` = '人文学院' OR `pid` = '人文学院' ) LIMIT 1   [ RunTime:0.0000s ]
NOTIC: [8] Undefined variable: sheetarr C:\phpStudy\PHPTutorial\WWW\App\Qwadmin\Controller\RwxyComController.class.php 第 195 行.
INFO: [ view_parse ] --START--
INFO: [ template_filter ] --START--
INFO: Run Behavior\ContentReplaceBehavior [ RunTime:0.000000s ]
INFO: [ template_filter ] --END-- [ RunTime:0.000000s ]
INFO: Run Behavior\ParseTemplateBehavior [ RunTime:0.000000s ]
INFO: [ view_parse ] --END-- [ RunTime:0.000000s ]
INFO: [ view_filter ] --START--
INFO: Run Behavior\WriteHtmlCacheBehavior [ RunTime:0.000000s ]
INFO: [ view_filter ] --END-- [ RunTime:0.000000s ]
INFO: [ app_end ] --START--
INFO: Run Behavior\ShowPageTraceBehavior [ RunTime:0.000000s ]
INFO: [ app_end ] --END-- [ RunTime:0.000000s ]

[ 2018-11-24T16:58:36+08:00 ] 125.127.78.73 /index.php/Qwadmin/RwxyCom/uniquerydata.html?sheetname=&name=%E5%BC%A0%E4%BA%9A%E6%9F%90
INFO: [ app_init ] --START--
INFO: Run Behavior\BuildLiteBehavior [ RunTime:0.000000s ]
INFO: [ app_init ] --END-- [ RunTime:0.000000s ]
INFO: [ app_begin ] --START--
INFO: Run Behavior\ReadHtmlCacheBehavior [ RunTime:0.015625s ]
INFO: [ app_begin ] --END-- [ RunTime:0.015625s ]
NOTIC: [8] Undefined index: code C:\phpStudy\PHPTutorial\WWW\App\Qwadmin\Controller\ComController.class.php 第 23 行.
SQL: SHOW COLUMNS FROM `qw_setting` [ RunTime:0.0000s ]
SQL: SELECT `k`,`v` FROM `qw_setting`  [ RunTime:0.0000s ]
SQL: SHOW COLUMNS FROM `qw_member` [ RunTime:0.0000s ]
SQL: SELECT * FROM `qw_member` WHERE `identifier` = '0367e0d2db1daeff54d9627f24292085' LIMIT 1   [ RunTime:0.0000s ]
SQL: SELECT * FROM qw_auth_group g left join qw_auth_group_access a on g.id=a.group_id where a.uid=1 [ RunTime:0.0000s ]
SQL: SHOW COLUMNS FROM `qw_member` [ RunTime:0.0000s ]
SQL: SELECT * FROM `qw_member` WHERE `uid` = 1 LIMIT 1   [ RunTime:0.0000s ]
SQL: SELECT s.id,s.title,s.name,s.tips,s.pid,p.pid as ppid,p.title as ptitle FROM qw_auth_rule s left join qw_auth_rule p on p.id=s.pid where s.name='RwxyCom/uniquerydata' [ RunTime:0.0000s ]
SQL: SHOW COLUMNS FROM `qw_auth_rule` [ RunTime:0.0156s ]
SQL: SELECT `id`,`title`,`pid`,`name`,`icon` FROM `qw_auth_rule` WHERE ( islink=1   ) ORDER BY o ASC  [ RunTime:0.0000s ]
SQL: SHOW COLUMNS FROM `qw_unisecret` [ RunTime:0.0000s ]
SQL: SELECT DISTINCT  `sheetname` FROM `qw_unisecret` WHERE `name` = '张亚某' AND `rpw` IN ('admin','6622') ORDER BY id  [ RunTime:0.0000s ]
SQL: SELECT DISTINCT  `name` FROM `qw_unisecret` WHERE `name` = '张亚某' AND `rpw` IN ('admin','6622') ORDER BY id  [ RunTime:0.0000s ]
SQL: SELECT * FROM `qw_unisecret` WHERE `rpw` IN ('admin','6622') AND ( `name` = '张亚某' OR `pid` = '张亚某' ) LIMIT 50   [ RunTime:0.0000s ]
SQL: SELECT COUNT(*) AS tp_count FROM `qw_unisecret` WHERE `rpw` IN ('admin','6622') AND ( `name` = '张亚某' OR `pid` = '张亚某' ) LIMIT 1   [ RunTime:0.0000s ]
NOTIC: [8] Undefined variable: temp2 C:\phpStudy\PHPTutorial\WWW\App\Qwadmin\Controller\RwxyComController.class.php 第 53 行.
NOTIC: [2] Invalid argument supplied for foreach() C:\phpStudy\PHPTutorial\WWW\App\Qwadmin\Controller\TaskController.class.php 第 899 行.
NOTIC: [2] Invalid argument supplied for foreach() C:\phpStudy\PHPTutorial\WWW\App\Qwadmin\Controller\TaskController.class.php 第 909 行.
NOTIC: [8] Undefined variable: sheetarr C:\phpStudy\PHPTutorial\WWW\App\Qwadmin\Controller\RwxyComController.class.php 第 195 行.
INFO: [ view_parse ] --START--
INFO: [ template_filter ] --START--
INFO: Run Behavior\ContentReplaceBehavior [ RunTime:0.000000s ]
INFO: [ template_filter ] --END-- [ RunTime:0.000000s ]
INFO: Run Behavior\ParseTemplateBehavior [ RunTime:0.015625s ]
INFO: [ view_parse ] --END-- [ RunTime:0.015625s ]
INFO: [ view_filter ] --START--
INFO: Run Behavior\WriteHtmlCacheBehavior [ RunTime:0.000000s ]
INFO: [ view_filter ] --END-- [ RunTime:0.000000s ]
INFO: [ app_end ] --START--
INFO: Run Behavior\ShowPageTraceBehavior [ RunTime:0.000000s ]
INFO: [ app_end ] --END-- [ RunTime:0.000000s ]

[ 2018-11-24T16:58:39+08:00 ] 125.127.78.73 /index.php/Qwadmin/RwxyCom/uniquerydata.html
INFO: [ app_init ] --START--
INFO: Run Behavior\BuildLiteBehavior [ RunTime:0.000000s ]
INFO: [ app_init ] --END-- [ RunTime:0.000000s ]
INFO: [ app_begin ] --START--
INFO: Run Behavior\ReadHtmlCacheBehavior [ RunTime:0.000000s ]
INFO: [ app_begin ] --END-- [ RunTime:0.000000s ]
NOTIC: [8] Undefined index: code C:\phpStudy\PHPTutorial\WWW\App\Qwadmin\Controller\ComController.class.php 第 23 行.
SQL: SHOW COLUMNS FROM `qw_setting` [ RunTime:0.0000s ]
SQL: SELECT `k`,`v` FROM `qw_setting`  [ RunTime:0.0000s ]
SQL: SHOW COLUMNS FROM `qw_member` [ RunTime:0.0000s ]
SQL: SELECT * FROM `qw_member` WHERE `identifier` = '0367e0d2db1daeff54d9627f24292085' LIMIT 1   [ RunTime:0.0000s ]
SQL: SELECT * FROM qw_auth_group g left join qw_auth_group_access a on g.id=a.group_id where a.uid=1 [ RunTime:0.0000s ]
SQL: SHOW COLUMNS FROM `qw_member` [ RunTime:0.0000s ]
SQL: SELECT * FROM `qw_member` WHERE `uid` = 1 LIMIT 1   [ RunTime:0.0000s ]
SQL: SELECT s.id,s.title,s.name,s.tips,s.pid,p.pid as ppid,p.title as ptitle FROM qw_auth_rule s left join qw_auth_rule p on p.id=s.pid where s.name='RwxyCom/uniquerydata' [ RunTime:0.0000s ]
SQL: SHOW COLUMNS FROM `qw_auth_rule` [ RunTime:0.0000s ]
SQL: SELECT `id`,`title`,`pid`,`name`,`icon` FROM `qw_auth_rule` WHERE ( islink=1   ) ORDER BY o ASC  [ RunTime:0.0000s ]
SQL: SHOW COLUMNS FROM `qw_unisecret` [ RunTime:0.0000s ]
NOTIC: [8] Undefined variable: newarr C:\phpStudy\PHPTutorial\WWW\App\Common\Common\function.php 第 202 行.
SQL: SELECT DISTINCT  `sheetname` FROM `qw_unisecret` WHERE `rpw` IN ('admin','6622') ORDER BY id  [ RunTime:0.0000s ]
SQL: SELECT DISTINCT  `name` FROM `qw_unisecret` WHERE `rpw` IN ('admin','6622') ORDER BY id  [ RunTime:0.0000s ]
NOTIC: [8] Undefined variable: sheetarr C:\phpStudy\PHPTutorial\WWW\App\Qwadmin\Controller\RwxyComController.class.php 第 195 行.
INFO: [ view_parse ] --START--
INFO: [ template_filter ] --START--
INFO: Run Behavior\ContentReplaceBehavior [ RunTime:0.000000s ]
INFO: [ template_filter ] --END-- [ RunTime:0.000000s ]
INFO: Run Behavior\ParseTemplateBehavior [ RunTime:0.000000s ]
INFO: [ view_parse ] --END-- [ RunTime:0.000000s ]
INFO: [ view_filter ] --START--
INFO: Run Behavior\WriteHtmlCacheBehavior [ RunTime:0.015625s ]
INFO: [ view_filter ] --END-- [ RunTime:0.015625s ]
INFO: [ app_end ] --START--
INFO: Run Behavior\ShowPageTraceBehavior [ RunTime:0.000000s ]
INFO: [ app_end ] --END-- [ RunTime:0.000000s ]

[ 2018-11-24T16:58:46+08:00 ] 125.127.78.73 /index.php/Qwadmin/RwxyCom/uniquerydata.html?sheetname=&name=%E4%BA%BA%E6%96%87%E5%AD%A6%E9%99%A2
INFO: [ app_init ] --START--
INFO: Run Behavior\BuildLiteBehavior [ RunTime:0.000000s ]
INFO: [ app_init ] --END-- [ RunTime:0.000000s ]
INFO: [ app_begin ] --START--
INFO: Run Behavior\ReadHtmlCacheBehavior [ RunTime:0.000000s ]
INFO: [ app_begin ] --END-- [ RunTime:0.000000s ]
NOTIC: [8] Undefined index: code C:\phpStudy\PHPTutorial\WWW\App\Qwadmin\Controller\ComController.class.php 第 23 行.
SQL: SHOW COLUMNS FROM `qw_setting` [ RunTime:0.0000s ]
SQL: SELECT `k`,`v` FROM `qw_setting`  [ RunTime:0.0000s ]
SQL: SHOW COLUMNS FROM `qw_member` [ RunTime:0.0000s ]
SQL: SELECT * FROM `qw_member` WHERE `identifier` = '0367e0d2db1daeff54d9627f24292085' LIMIT 1   [ RunTime:0.0000s ]
SQL: SELECT * FROM qw_auth_group g left join qw_auth_group_access a on g.id=a.group_id where a.uid=1 [ RunTime:0.0000s ]
SQL: SHOW COLUMNS FROM `qw_member` [ RunTime:0.0000s ]
SQL: SELECT * FROM `qw_member` WHERE `uid` = 1 LIMIT 1   [ RunTime:0.0000s ]
SQL: SELECT s.id,s.title,s.name,s.tips,s.pid,p.pid as ppid,p.title as ptitle FROM qw_auth_rule s left join qw_auth_rule p on p.id=s.pid where s.name='RwxyCom/uniquerydata' [ RunTime:0.0000s ]
SQL: SHOW COLUMNS FROM `qw_auth_rule` [ RunTime:0.0000s ]
SQL: SELECT `id`,`title`,`pid`,`name`,`icon` FROM `qw_auth_rule` WHERE ( islink=1   ) ORDER BY o ASC  [ RunTime:0.0000s ]
SQL: SHOW COLUMNS FROM `qw_unisecret` [ RunTime:0.0000s ]
SQL: SELECT DISTINCT  `sheetname` FROM `qw_unisecret` WHERE `name` = '人文学院' AND `rpw` IN ('admin','6622') ORDER BY id  [ RunTime:0.0000s ]
SQL: SELECT DISTINCT  `name` FROM `qw_unisecret` WHERE `name` = '人文学院' AND `rpw` IN ('admin','6622') ORDER BY id  [ RunTime:0.0000s ]
SQL: SELECT * FROM `qw_unisecret` WHERE `rpw` IN ('admin','6622') AND ( `name` = '人文学院' OR `pid` = '人文学院' ) LIMIT 50   [ RunTime:0.0000s ]
SQL: SELECT COUNT(*) AS tp_count FROM `qw_unisecret` WHERE `rpw` IN ('admin','6622') AND ( `name` = '人文学院' OR `pid` = '人文学院' ) LIMIT 1   [ RunTime:0.0000s ]
NOTIC: [8] Undefined variable: sheetarr C:\phpStudy\PHPTutorial\WWW\App\Qwadmin\Controller\RwxyComController.class.php 第 195 行.
INFO: [ view_parse ] --START--
INFO: [ template_filter ] --START--
INFO: Run Behavior\ContentReplaceBehavior [ RunTime:0.000000s ]
INFO: [ template_filter ] --END-- [ RunTime:0.000000s ]
INFO: Run Behavior\ParseTemplateBehavior [ RunTime:0.015625s ]
INFO: [ view_parse ] --END-- [ RunTime:0.015625s ]
INFO: [ view_filter ] --START--
INFO: Run Behavior\WriteHtmlCacheBehavior [ RunTime:0.000000s ]
INFO: [ view_filter ] --END-- [ RunTime:0.000000s ]
INFO: [ app_end ] --START--
INFO: Run Behavior\ShowPageTraceBehavior [ RunTime:0.000000s ]
INFO: [ app_end ] --END-- [ RunTime:0.000000s ]

[ 2018-11-24T16:58:51+08:00 ] 125.127.78.73 /index.php/Qwadmin/RwxyCom/uniquerydata.html?sheetname=&name=%E6%9D%8E%E5%B0%8F%E5%9B%9B
INFO: [ app_init ] --START--
INFO: Run Behavior\BuildLiteBehavior [ RunTime:0.000000s ]
INFO: [ app_init ] --END-- [ RunTime:0.000000s ]
INFO: [ app_begin ] --START--
INFO: Run Behavior\ReadHtmlCacheBehavior [ RunTime:0.000000s ]
INFO: [ app_begin ] --END-- [ RunTime:0.000000s ]
NOTIC: [8] Undefined index: code C:\phpStudy\PHPTutorial\WWW\App\Qwadmin\Controller\ComController.class.php 第 23 行.
SQL: SHOW COLUMNS FROM `qw_setting` [ RunTime:0.0156s ]
SQL: SELECT `k`,`v` FROM `qw_setting`  [ RunTime:0.0000s ]
SQL: SHOW COLUMNS FROM `qw_member` [ RunTime:0.0000s ]
SQL: SELECT * FROM `qw_member` WHERE `identifier` = '0367e0d2db1daeff54d9627f24292085' LIMIT 1   [ RunTime:0.0000s ]
SQL: SELECT * FROM qw_auth_group g left join qw_auth_group_access a on g.id=a.group_id where a.uid=1 [ RunTime:0.0000s ]
SQL: SHOW COLUMNS FROM `qw_member` [ RunTime:0.0000s ]
SQL: SELECT * FROM `qw_member` WHERE `uid` = 1 LIMIT 1   [ RunTime:0.0000s ]
SQL: SELECT s.id,s.title,s.name,s.tips,s.pid,p.pid as ppid,p.title as ptitle FROM qw_auth_rule s left join qw_auth_rule p on p.id=s.pid where s.name='RwxyCom/uniquerydata' [ RunTime:0.0000s ]
SQL: SHOW COLUMNS FROM `qw_auth_rule` [ RunTime:0.0000s ]
SQL: SELECT `id`,`title`,`pid`,`name`,`icon` FROM `qw_auth_rule` WHERE ( islink=1   ) ORDER BY o ASC  [ RunTime:0.0000s ]
SQL: SHOW COLUMNS FROM `qw_unisecret` [ RunTime:0.0000s ]
SQL: SELECT DISTINCT  `sheetname` FROM `qw_unisecret` WHERE `name` = '李小四' AND `rpw` IN ('admin','6622') ORDER BY id  [ RunTime:0.0000s ]
SQL: SELECT DISTINCT  `name` FROM `qw_unisecret` WHERE `name` = '李小四' AND `rpw` IN ('admin','6622') ORDER BY id  [ RunTime:0.0000s ]
SQL: SELECT * FROM `qw_unisecret` WHERE `rpw` IN ('admin','6622') AND ( `name` = '李小四' OR `pid` = '李小四' ) LIMIT 50   [ RunTime:0.0000s ]
SQL: SELECT COUNT(*) AS tp_count FROM `qw_unisecret` WHERE `rpw` IN ('admin','6622') AND ( `name` = '李小四' OR `pid` = '李小四' ) LIMIT 1   [ RunTime:0.0000s ]
NOTIC: [8] Undefined index: code C:\phpStudy\PHPTutorial\WWW\App\Qwadmin\Controller\ComController.class.php 第 23 行.
SQL: SELECT `k`,`v` FROM `qw_setting`  [ RunTime:0.0000s ]
SQL: SELECT * FROM `qw_member` WHERE `identifier` = '0367e0d2db1daeff54d9627f24292085' LIMIT 1   [ RunTime:0.0000s ]
SQL: SELECT * FROM qw_auth_group g left join qw_auth_group_access a on g.id=a.group_id where a.uid=1 [ RunTime:0.0156s ]
SQL: SELECT * FROM `qw_member` WHERE `uid` = 1 LIMIT 1   [ RunTime:0.0000s ]
SQL: SELECT s.id,s.title,s.name,s.tips,s.pid,p.pid as ppid,p.title as ptitle FROM qw_auth_rule s left join qw_auth_rule p on p.id=s.pid where s.name='RwxyCom/uniquerydata' [ RunTime:0.0000s ]
SQL: SELECT `id`,`title`,`pid`,`name`,`icon` FROM `qw_auth_rule` WHERE ( islink=1   ) ORDER BY o ASC  [ RunTime:0.0000s ]
SQL: SELECT * FROM `qw_unisecret` WHERE `id` = 197825 LIMIT 1   [ RunTime:0.0000s ]
SQL: SELECT * FROM `qw_unisecret` WHERE `sheetname` = '户籍信息' ORDER BY id LIMIT 1   [ RunTime:0.0000s ]
SQL: SELECT `sheetname`,`name`,`d1`,`d2`,`d3`,`d4`,`d5`,`d6`,`d7`,`d8`,`d9`,`d10`,`d11`,`d12`,`d13`,`d14`,`d15`,`d16`,`d17`,`d18`,`d19`,`d20`,`d21`,`d22`,`d23`,`d24`,`d25`,`d26`,`d27`,`d28`,`d29`,`d30`,`d31`,`d32`,`d33`,`d34`,`d35`,`d36`,`d37`,`d38`,`d39`,`d40`,`d41`,`d42`,`d43`,`d44`,`d45`,`d46`,`d47`,`d48`,`d49`,`d50` FROM `qw_unisecret` WHERE ( `id` = 197816 OR `id` = '197817' ) AND `ord` = 0 LIMIT 1   [ RunTime:0.0000s ]
NOTIC: [8] Undefined index: id C:\phpStudy\PHPTutorial\WWW\App\Qwadmin\Controller\RwxyComController.class.php 第 101 行.
NOTIC: [8] Undefined index: id C:\phpStudy\PHPTutorial\WWW\App\Qwadmin\Controller\RwxyComController.class.php 第 105 行.
NOTIC: [8] Undefined index: ord C:\phpStudy\PHPTutorial\WWW\App\Qwadmin\Controller\RwxyComController.class.php 第 105 行.
NOTIC: [8] Undefined index: wrpw C:\phpStudy\PHPTutorial\WWW\App\Qwadmin\Controller\RwxyComController.class.php 第 105 行.
NOTIC: [8] Undefined index: rpw C:\phpStudy\PHPTutorial\WWW\App\Qwadmin\Controller\RwxyComController.class.php 第 105 行.
NOTIC: [8] Undefined variable: sheetarr C:\phpStudy\PHPTutorial\WWW\App\Qwadmin\Controller\RwxyComController.class.php 第 195 行.
INFO: [ view_parse ] --START--
INFO: [ template_filter ] --START--
INFO: Run Behavior\ContentReplaceBehavior [ RunTime:0.000000s ]
INFO: [ template_filter ] --END-- [ RunTime:0.000000s ]
INFO: Run Behavior\ParseTemplateBehavior [ RunTime:0.000000s ]
INFO: [ view_parse ] --END-- [ RunTime:0.000000s ]
INFO: [ view_filter ] --START--
INFO: Run Behavior\WriteHtmlCacheBehavior [ RunTime:0.000000s ]
INFO: [ view_filter ] --END-- [ RunTime:0.000000s ]
INFO: [ app_end ] --START--
INFO: Run Behavior\ShowPageTraceBehavior [ RunTime:0.000000s ]
INFO: [ app_end ] --END-- [ RunTime:0.000000s ]

[ 2018-11-24T17:01:10+08:00 ] 201.43.199.206 /
INFO: [ app_init ] --START--
INFO: Run Behavior\BuildLiteBehavior [ RunTime:0.000000s ]
INFO: [ app_init ] --END-- [ RunTime:0.000000s ]
INFO: [ app_begin ] --START--
INFO: Run Behavior\ReadHtmlCacheBehavior [ RunTime:0.000000s ]
INFO: [ app_begin ] --END-- [ RunTime:0.000000s ]
NOTIC: [8] Undefined index: code C:\phpStudy\PHPTutorial\WWW\App\Qwadmin\Controller\ComController.class.php 第 23 行.
SQL: SHOW COLUMNS FROM `qw_setting` [ RunTime:0.0000s ]
SQL: SELECT `k`,`v` FROM `qw_setting`  [ RunTime:0.0000s ]
NOTIC: [8] Undefined offset: 1 C:\phpStudy\PHPTutorial\WWW\App\Qwadmin\Controller\ComController.class.php 第 54 行.

[ 2018-11-24T17:16:14+08:00 ] 180.163.220.5 /index.php/Qwadmin/RwxyCom/uniquerydata.html?sheetname=&name=%E6%9D%8E%E5%B0%8F%E5%9B%9B
INFO: [ app_init ] --START--
INFO: Run Behavior\BuildLiteBehavior [ RunTime:0.000000s ]
INFO: [ app_init ] --END-- [ RunTime:0.000000s ]
INFO: [ app_begin ] --START--
INFO: Run Behavior\ReadHtmlCacheBehavior [ RunTime:0.000000s ]
INFO: [ app_begin ] --END-- [ RunTime:0.000000s ]
NOTIC: [8] Undefined index: code C:\phpStudy\PHPTutorial\WWW\App\Qwadmin\Controller\ComController.class.php 第 23 行.
SQL: SHOW COLUMNS FROM `qw_setting` [ RunTime:0.0156s ]
SQL: SELECT `k`,`v` FROM `qw_setting`  [ RunTime:0.0000s ]
NOTIC: [8] Undefined offset: 1 C:\phpStudy\PHPTutorial\WWW\App\Qwadmin\Controller\ComController.class.php 第 54 行.

[ 2018-11-24T17:16:17+08:00 ] 180.163.220.3 /
INFO: [ app_init ] --START--
INFO: Run Behavior\BuildLiteBehavior [ RunTime:0.000000s ]
INFO: [ app_init ] --END-- [ RunTime:0.000000s ]
INFO: [ app_begin ] --START--
INFO: Run Behavior\ReadHtmlCacheBehavior [ RunTime:0.000000s ]
INFO: [ app_begin ] --END-- [ RunTime:0.000000s ]
NOTIC: [8] Undefined index: code C:\phpStudy\PHPTutorial\WWW\App\Qwadmin\Controller\ComController.class.php 第 23 行.
SQL: SHOW COLUMNS FROM `qw_setting` [ RunTime:0.0000s ]
SQL: SELECT `k`,`v` FROM `qw_setting`  [ RunTime:0.0000s ]
NOTIC: [8] Undefined offset: 1 C:\phpStudy\PHPTutorial\WWW\App\Qwadmin\Controller\ComController.class.php 第 54 行.

[ 2018-11-24T17:16:34+08:00 ] 180.163.220.68 /
INFO: [ app_init ] --START--
INFO: Run Behavior\BuildLiteBehavior [ RunTime:0.000000s ]
INFO: [ app_init ] --END-- [ RunTime:0.000000s ]
INFO: [ app_begin ] --START--
INFO: Run Behavior\ReadHtmlCacheBehavior [ RunTime:0.000000s ]
INFO: [ app_begin ] --END-- [ RunTime:0.000000s ]
NOTIC: [8] Undefined index: code C:\phpStudy\PHPTutorial\WWW\App\Qwadmin\Controller\ComController.class.php 第 23 行.
SQL: SHOW COLUMNS FROM `qw_setting` [ RunTime:0.0000s ]
SQL: SELECT `k`,`v` FROM `qw_setting`  [ RunTime:0.0000s ]
NOTIC: [8] Undefined offset: 1 C:\phpStudy\PHPTutorial\WWW\App\Qwadmin\Controller\ComController.class.php 第 54 行.

[ 2018-11-24T17:16:34+08:00 ] 180.163.220.68 http://api.r34.cc/index.php/Qwadmin/login/index.html?Req_URL=/
INFO: [ app_init ] --START--
INFO: Run Behavior\BuildLiteBehavior [ RunTime:0.000000s ]
INFO: [ app_init ] --END-- [ RunTime:0.000000s ]
INFO: [ app_begin ] --START--
INFO: Run Behavior\ReadHtmlCacheBehavior [ RunTime:0.000000s ]
INFO: [ app_begin ] --END-- [ RunTime:0.000000s ]
SQL: SHOW COLUMNS FROM `qw_setting` [ RunTime:0.0000s ]
SQL: SELECT `k`,`v` FROM `qw_setting`  [ RunTime:0.0000s ]
NOTIC: [8] Undefined offset: 1 C:\phpStudy\PHPTutorial\WWW\App\Qwadmin\Controller\LoginController.class.php 第 23 行.
INFO: [ view_parse ] --START--
INFO: [ template_filter ] --START--
INFO: Run Behavior\ContentReplaceBehavior [ RunTime:0.000000s ]
INFO: [ template_filter ] --END-- [ RunTime:0.000000s ]
INFO: Run Behavior\ParseTemplateBehavior [ RunTime:0.015625s ]
INFO: [ view_parse ] --END-- [ RunTime:0.015625s ]
INFO: [ view_filter ] --START--
INFO: Run Behavior\WriteHtmlCacheBehavior [ RunTime:0.000000s ]
INFO: [ view_filter ] --END-- [ RunTime:0.000000s ]
INFO: [ app_end ] --START--
INFO: Run Behavior\ShowPageTraceBehavior [ RunTime:0.000000s ]
INFO: [ app_end ] --END-- [ RunTime:0.000000s ]

[ 2018-11-24T17:16:39+08:00 ] 113.10.156.104 /
INFO: [ app_init ] --START--
INFO: Run Behavior\BuildLiteBehavior [ RunTime:0.000000s ]
INFO: [ app_init ] --END-- [ RunTime:0.000000s ]
INFO: [ app_begin ] --START--
INFO: Run Behavior\ReadHtmlCacheBehavior [ RunTime:0.000000s ]
INFO: [ app_begin ] --END-- [ RunTime:0.000000s ]
NOTIC: [8] Undefined index: code C:\phpStudy\PHPTutorial\WWW\App\Qwadmin\Controller\ComController.class.php 第 23 行.
SQL: SHOW COLUMNS FROM `qw_setting` [ RunTime:0.0000s ]
SQL: SELECT `k`,`v` FROM `qw_setting`  [ RunTime:0.0000s ]
NOTIC: [8] Undefined offset: 1 C:\phpStudy\PHPTutorial\WWW\App\Qwadmin\Controller\ComController.class.php 第 54 行.

[ 2018-11-24T17:18:37+08:00 ] 42.236.10.75 /index.php/Qwadmin/index/index.html
INFO: [ app_init ] --START--
INFO: Run Behavior\BuildLiteBehavior [ RunTime:0.000000s ]
INFO: [ app_init ] --END-- [ RunTime:0.000000s ]
INFO: [ app_begin ] --START--
INFO: Run Behavior\ReadHtmlCacheBehavior [ RunTime:0.000000s ]
INFO: [ app_begin ] --END-- [ RunTime:0.000000s ]
NOTIC: [8] Undefined index: code C:\phpStudy\PHPTutorial\WWW\App\Qwadmin\Controller\ComController.class.php 第 23 行.
SQL: SHOW COLUMNS FROM `qw_setting` [ RunTime:0.0000s ]
SQL: SELECT `k`,`v` FROM `qw_setting`  [ RunTime:0.0000s ]
NOTIC: [8] Undefined offset: 1 C:\phpStudy\PHPTutorial\WWW\App\Qwadmin\Controller\ComController.class.php 第 54 行.

[ 2018-11-24T17:21:13+08:00 ] 180.163.220.5 /index.php/Qwadmin/RwxyCom/uniquerydata.html
INFO: [ app_init ] --START--
INFO: Run Behavior\BuildLiteBehavior [ RunTime:0.000000s ]
INFO: [ app_init ] --END-- [ RunTime:0.000000s ]
INFO: [ app_begin ] --START--
INFO: Run Behavior\ReadHtmlCacheBehavior [ RunTime:0.000000s ]
INFO: [ app_begin ] --END-- [ RunTime:0.000000s ]
NOTIC: [8] Undefined index: code C:\phpStudy\PHPTutorial\WWW\App\Qwadmin\Controller\ComController.class.php 第 23 行.
SQL: SHOW COLUMNS FROM `qw_setting` [ RunTime:0.0156s ]
SQL: SELECT `k`,`v` FROM `qw_setting`  [ RunTime:0.0000s ]
NOTIC: [8] Undefined offset: 1 C:\phpStudy\PHPTutorial\WWW\App\Qwadmin\Controller\ComController.class.php 第 54 行.

[ 2018-11-24T17:21:14+08:00 ] 180.163.220.5 http://api.r34.cc/index.php/Qwadmin/login/index.html?Req_URL=/index.php/Qwadmin/RwxyCom/uniquerydata.html
INFO: [ app_init ] --START--
INFO: Run Behavior\BuildLiteBehavior [ RunTime:0.000000s ]
INFO: [ app_init ] --END-- [ RunTime:0.000000s ]
INFO: [ app_begin ] --START--
INFO: Run Behavior\ReadHtmlCacheBehavior [ RunTime:0.000000s ]
INFO: [ app_begin ] --END-- [ RunTime:0.000000s ]
SQL: SHOW COLUMNS FROM `qw_setting` [ RunTime:0.0000s ]
SQL: SELECT `k`,`v` FROM `qw_setting`  [ RunTime:0.0000s ]
NOTIC: [8] Undefined offset: 1 C:\phpStudy\PHPTutorial\WWW\App\Qwadmin\Controller\LoginController.class.php 第 23 行.
INFO: [ view_parse ] --START--
INFO: [ template_filter ] --START--
INFO: Run Behavior\ContentReplaceBehavior [ RunTime:0.000000s ]
INFO: [ template_filter ] --END-- [ RunTime:0.000000s ]
INFO: Run Behavior\ParseTemplateBehavior [ RunTime:0.015625s ]
INFO: [ view_parse ] --END-- [ RunTime:0.015625s ]
INFO: [ view_filter ] --START--
INFO: Run Behavior\WriteHtmlCacheBehavior [ RunTime:0.000000s ]
INFO: [ view_filter ] --END-- [ RunTime:0.000000s ]
INFO: [ app_end ] --START--
INFO: Run Behavior\ShowPageTraceBehavior [ RunTime:0.000000s ]
INFO: [ app_end ] --END-- [ RunTime:0.000000s ]

[ 2018-11-24T17:22:14+08:00 ] 180.163.220.95 /
INFO: [ app_init ] --START--
INFO: Run Behavior\BuildLiteBehavior [ RunTime:0.000000s ]
INFO: [ app_init ] --END-- [ RunTime:0.000000s ]
INFO: [ app_begin ] --START--
INFO: Run Behavior\ReadHtmlCacheBehavior [ RunTime:0.000000s ]
INFO: [ app_begin ] --END-- [ RunTime:0.000000s ]
NOTIC: [8] Undefined index: code C:\phpStudy\PHPTutorial\WWW\App\Qwadmin\Controller\ComController.class.php 第 23 行.
SQL: SHOW COLUMNS FROM `qw_setting` [ RunTime:0.0000s ]
SQL: SELECT `k`,`v` FROM `qw_setting`  [ RunTime:0.0000s ]
NOTIC: [8] Undefined offset: 1 C:\phpStudy\PHPTutorial\WWW\App\Qwadmin\Controller\ComController.class.php 第 54 行.

[ 2018-11-24T17:22:14+08:00 ] 180.163.220.95 /index.php/Qwadmin/login/index.html?Req_URL=/
INFO: [ app_init ] --START--
INFO: Run Behavior\BuildLiteBehavior [ RunTime:0.000000s ]
INFO: [ app_init ] --END-- [ RunTime:0.000000s ]
INFO: [ app_begin ] --START--
INFO: Run Behavior\ReadHtmlCacheBehavior [ RunTime:0.000000s ]
INFO: [ app_begin ] --END-- [ RunTime:0.000000s ]
SQL: SHOW COLUMNS FROM `qw_setting` [ RunTime:0.0000s ]
SQL: SELECT `k`,`v` FROM `qw_setting`  [ RunTime:0.0000s ]
NOTIC: [8] Undefined offset: 1 C:\phpStudy\PHPTutorial\WWW\App\Qwadmin\Controller\LoginController.class.php 第 23 行.
INFO: [ view_parse ] --START--
INFO: [ template_filter ] --START--
INFO: Run Behavior\ContentReplaceBehavior [ RunTime:0.000000s ]
INFO: [ template_filter ] --END-- [ RunTime:0.000000s ]
INFO: Run Behavior\ParseTemplateBehavior [ RunTime:0.015625s ]
INFO: [ view_parse ] --END-- [ RunTime:0.015625s ]
INFO: [ view_filter ] --START--
INFO: Run Behavior\WriteHtmlCacheBehavior [ RunTime:0.000000s ]
INFO: [ view_filter ] --END-- [ RunTime:0.000000s ]
INFO: [ app_end ] --START--
INFO: Run Behavior\ShowPageTraceBehavior [ RunTime:0.000000s ]
INFO: [ app_end ] --END-- [ RunTime:0.000000s ]

[ 2018-11-24T17:23:11+08:00 ] 180.163.220.43 /
INFO: [ app_init ] --START--
INFO: Run Behavior\BuildLiteBehavior [ RunTime:0.000000s ]
INFO: [ app_init ] --END-- [ RunTime:0.000000s ]
INFO: [ app_begin ] --START--
INFO: Run Behavior\ReadHtmlCacheBehavior [ RunTime:0.000000s ]
INFO: [ app_begin ] --END-- [ RunTime:0.000000s ]
NOTIC: [8] Undefined index: code C:\phpStudy\PHPTutorial\WWW\App\Qwadmin\Controller\ComController.class.php 第 23 行.
SQL: SHOW COLUMNS FROM `qw_setting` [ RunTime:0.0000s ]
SQL: SELECT `k`,`v` FROM `qw_setting`  [ RunTime:0.0000s ]
NOTIC: [8] Undefined offset: 1 C:\phpStudy\PHPTutorial\WWW\App\Qwadmin\Controller\ComController.class.php 第 54 行.

[ 2018-11-24T17:23:11+08:00 ] 180.163.220.43 /index.php/Qwadmin/login/index.html?Req_URL=/
INFO: [ app_init ] --START--
INFO: Run Behavior\BuildLiteBehavior [ RunTime:0.000000s ]
INFO: [ app_init ] --END-- [ RunTime:0.000000s ]
INFO: [ app_begin ] --START--
INFO: Run Behavior\ReadHtmlCacheBehavior [ RunTime:0.000000s ]
INFO: [ app_begin ] --END-- [ RunTime:0.000000s ]
SQL: SHOW COLUMNS FROM `qw_setting` [ RunTime:0.0156s ]
SQL: SELECT `k`,`v` FROM `qw_setting`  [ RunTime:0.0000s ]
NOTIC: [8] Undefined offset: 1 C:\phpStudy\PHPTutorial\WWW\App\Qwadmin\Controller\LoginController.class.php 第 23 行.
INFO: [ view_parse ] --START--
INFO: [ template_filter ] --START--
INFO: Run Behavior\ContentReplaceBehavior [ RunTime:0.000000s ]
INFO: [ template_filter ] --END-- [ RunTime:0.000000s ]
INFO: Run Behavior\ParseTemplateBehavior [ RunTime:0.000000s ]
INFO: [ view_parse ] --END-- [ RunTime:0.000000s ]
INFO: [ view_filter ] --START--
INFO: Run Behavior\WriteHtmlCacheBehavior [ RunTime:0.000000s ]
INFO: [ view_filter ] --END-- [ RunTime:0.000000s ]
INFO: [ app_end ] --START--
INFO: Run Behavior\ShowPageTraceBehavior [ RunTime:0.000000s ]
INFO: [ app_end ] --END-- [ RunTime:0.000000s ]

[ 2018-11-24T17:51:22+08:00 ] 106.39.191.33 /
INFO: [ app_init ] --START--
INFO: Run Behavior\BuildLiteBehavior [ RunTime:0.000000s ]
INFO: [ app_init ] --END-- [ RunTime:0.000000s ]
INFO: [ app_begin ] --START--
INFO: Run Behavior\ReadHtmlCacheBehavior [ RunTime:0.000000s ]
INFO: [ app_begin ] --END-- [ RunTime:0.000000s ]
NOTIC: [8] Undefined index: code C:\phpStudy\PHPTutorial\WWW\App\Qwadmin\Controller\ComController.class.php 第 23 行.
SQL: SHOW COLUMNS FROM `qw_setting` [ RunTime:0.0000s ]
SQL: SELECT `k`,`v` FROM `qw_setting`  [ RunTime:0.0000s ]
NOTIC: [8] Undefined offset: 1 C:\phpStudy\PHPTutorial\WWW\App\Qwadmin\Controller\ComController.class.php 第 54 行.

[ 2018-11-24T17:51:22+08:00 ] 106.39.191.33 /index.php/Qwadmin/login/index.html?Req_URL=/
INFO: [ app_init ] --START--
INFO: Run Behavior\BuildLiteBehavior [ RunTime:0.000000s ]
INFO: [ app_init ] --END-- [ RunTime:0.000000s ]
INFO: [ app_begin ] --START--
INFO: Run Behavior\ReadHtmlCacheBehavior [ RunTime:0.000000s ]
INFO: [ app_begin ] --END-- [ RunTime:0.000000s ]
SQL: SHOW COLUMNS FROM `qw_setting` [ RunTime:0.0000s ]
SQL: SELECT `k`,`v` FROM `qw_setting`  [ RunTime:0.0000s ]
NOTIC: [8] Undefined offset: 1 C:\phpStudy\PHPTutorial\WWW\App\Qwadmin\Controller\LoginController.class.php 第 23 行.
INFO: [ view_parse ] --START--
INFO: [ template_filter ] --START--
INFO: Run Behavior\ContentReplaceBehavior [ RunTime:0.000000s ]
INFO: [ template_filter ] --END-- [ RunTime:0.000000s ]
INFO: Run Behavior\ParseTemplateBehavior [ RunTime:0.015625s ]
INFO: [ view_parse ] --END-- [ RunTime:0.015625s ]
INFO: [ view_filter ] --START--
INFO: Run Behavior\WriteHtmlCacheBehavior [ RunTime:0.000000s ]
INFO: [ view_filter ] --END-- [ RunTime:0.000000s ]
INFO: [ app_end ] --START--
INFO: Run Behavior\ShowPageTraceBehavior [ RunTime:0.000000s ]
INFO: [ app_end ] --END-- [ RunTime:0.000000s ]

[ 2018-11-24T18:37:49+08:00 ] 205.205.150.16 /
INFO: [ app_init ] --START--
INFO: Run Behavior\BuildLiteBehavior [ RunTime:0.000000s ]
INFO: [ app_init ] --END-- [ RunTime:0.000000s ]
INFO: [ app_begin ] --START--
INFO: Run Behavior\ReadHtmlCacheBehavior [ RunTime:0.015625s ]
INFO: [ app_begin ] --END-- [ RunTime:0.015625s ]
NOTIC: [8] Undefined index: code C:\phpStudy\PHPTutorial\WWW\App\Qwadmin\Controller\ComController.class.php 第 23 行.
SQL: SHOW COLUMNS FROM `qw_setting` [ RunTime:0.0000s ]
SQL: SELECT `k`,`v` FROM `qw_setting`  [ RunTime:0.0000s ]
NOTIC: [8] Undefined offset: 1 C:\phpStudy\PHPTutorial\WWW\App\Qwadmin\Controller\ComController.class.php 第 54 行.

[ 2018-11-24T18:37:50+08:00 ] 205.205.150.16 /index.php/Qwadmin/login/index.html?Req_URL=/
INFO: [ app_init ] --START--
INFO: Run Behavior\BuildLiteBehavior [ RunTime:0.000000s ]
INFO: [ app_init ] --END-- [ RunTime:0.000000s ]
INFO: [ app_begin ] --START--
INFO: Run Behavior\ReadHtmlCacheBehavior [ RunTime:0.000000s ]
INFO: [ app_begin ] --END-- [ RunTime:0.000000s ]
SQL: SHOW COLUMNS FROM `qw_setting` [ RunTime:0.0000s ]
SQL: SELECT `k`,`v` FROM `qw_setting`  [ RunTime:0.0000s ]
NOTIC: [8] Undefined offset: 1 C:\phpStudy\PHPTutorial\WWW\App\Qwadmin\Controller\LoginController.class.php 第 23 行.
INFO: [ view_parse ] --START--
INFO: [ template_filter ] --START--
INFO: Run Behavior\ContentReplaceBehavior [ RunTime:0.000000s ]
INFO: [ template_filter ] --END-- [ RunTime:0.000000s ]
INFO: Run Behavior\ParseTemplateBehavior [ RunTime:0.015625s ]
INFO: [ view_parse ] --END-- [ RunTime:0.015625s ]
INFO: [ view_filter ] --START--
INFO: Run Behavior\WriteHtmlCacheBehavior [ RunTime:0.000000s ]
INFO: [ view_filter ] --END-- [ RunTime:0.000000s ]
INFO: 
INFO: 
INFO: 

[ 2018-11-24T19:10:10+08:00 ] 94.102.57.141 /
INFO: [ app_init ] --START--
INFO: Run Behavior\BuildLiteBehavior [ RunTime:0.000000s ]
INFO: [ app_init ] --END-- [ RunTime:0.000000s ]
INFO: [ app_begin ] --START--
INFO: Run Behavior\ReadHtmlCacheBehavior [ RunTime:0.000000s ]
INFO: [ app_begin ] --END-- [ RunTime:0.000000s ]
NOTIC: [8] Undefined index: code C:\phpStudy\PHPTutorial\WWW\App\Qwadmin\Controller\ComController.class.php 第 23 行.
SQL: SHOW COLUMNS FROM `qw_setting` [ RunTime:0.0156s ]
SQL: SELECT `k`,`v` FROM `qw_setting`  [ RunTime:0.0000s ]
NOTIC: [8] Undefined offset: 1 C:\phpStudy\PHPTutorial\WWW\App\Qwadmin\Controller\ComController.class.php 第 54 行.

[ 2018-11-24T19:16:15+08:00 ] 194.27.38.109 /
INFO: [ app_init ] --START--
INFO: Run Behavior\BuildLiteBehavior [ RunTime:0.000000s ]
INFO: [ app_init ] --END-- [ RunTime:0.000000s ]
INFO: [ app_begin ] --START--
INFO: Run Behavior\ReadHtmlCacheBehavior [ RunTime:0.000000s ]
INFO: [ app_begin ] --END-- [ RunTime:0.000000s ]
NOTIC: [8] Undefined index: code C:\phpStudy\PHPTutorial\WWW\App\Qwadmin\Controller\ComController.class.php 第 23 行.
SQL: SHOW COLUMNS FROM `qw_setting` [ RunTime:0.0000s ]
SQL: SELECT `k`,`v` FROM `qw_setting`  [ RunTime:0.0000s ]
NOTIC: [8] Undefined offset: 1 C:\phpStudy\PHPTutorial\WWW\App\Qwadmin\Controller\ComController.class.php 第 54 行.

[ 2018-11-24T20:50:16+08:00 ] 177.21.7.124 /
INFO: [ app_init ] --START--
INFO: Run Behavior\BuildLiteBehavior [ RunTime:0.000000s ]
INFO: [ app_init ] --END-- [ RunTime:0.000000s ]
INFO: [ app_begin ] --START--
INFO: Run Behavior\ReadHtmlCacheBehavior [ RunTime:0.000000s ]
INFO: [ app_begin ] --END-- [ RunTime:0.000000s ]
NOTIC: [8] Undefined index: code C:\phpStudy\PHPTutorial\WWW\App\Qwadmin\Controller\ComController.class.php 第 23 行.
SQL: SHOW COLUMNS FROM `qw_setting` [ RunTime:0.0000s ]
SQL: SELECT `k`,`v` FROM `qw_setting`  [ RunTime:0.0000s ]
NOTIC: [8] Undefined offset: 1 C:\phpStudy\PHPTutorial\WWW\App\Qwadmin\Controller\ComController.class.php 第 54 行.

[ 2018-11-24T21:05:06+08:00 ] 106.39.191.30 /
INFO: [ app_init ] --START--
INFO: Run Behavior\BuildLiteBehavior [ RunTime:0.000000s ]
INFO: [ app_init ] --END-- [ RunTime:0.000000s ]
INFO: [ app_begin ] --START--
INFO: Run Behavior\ReadHtmlCacheBehavior [ RunTime:0.000000s ]
INFO: [ app_begin ] --END-- [ RunTime:0.000000s ]
NOTIC: [8] Undefined index: code C:\phpStudy\PHPTutorial\WWW\App\Qwadmin\Controller\ComController.class.php 第 23 行.
SQL: SHOW COLUMNS FROM `qw_setting` [ RunTime:0.0000s ]
SQL: SELECT `k`,`v` FROM `qw_setting`  [ RunTime:0.0000s ]
NOTIC: [8] Undefined offset: 1 C:\phpStudy\PHPTutorial\WWW\App\Qwadmin\Controller\ComController.class.php 第 54 行.

[ 2018-11-24T21:05:06+08:00 ] 106.39.191.30 /index.php/Qwadmin/login/index.html?Req_URL=/
INFO: [ app_init ] --START--
INFO: Run Behavior\BuildLiteBehavior [ RunTime:0.000000s ]
INFO: [ app_init ] --END-- [ RunTime:0.000000s ]
INFO: [ app_begin ] --START--
INFO: Run Behavior\ReadHtmlCacheBehavior [ RunTime:0.000000s ]
INFO: [ app_begin ] --END-- [ RunTime:0.000000s ]
SQL: SHOW COLUMNS FROM `qw_setting` [ RunTime:0.0156s ]
SQL: SELECT `k`,`v` FROM `qw_setting`  [ RunTime:0.0000s ]
NOTIC: [8] Undefined offset: 1 C:\phpStudy\PHPTutorial\WWW\App\Qwadmin\Controller\LoginController.class.php 第 23 行.
INFO: [ view_parse ] --START--
INFO: [ template_filter ] --START--
INFO: Run Behavior\ContentReplaceBehavior [ RunTime:0.000000s ]
INFO: [ template_filter ] --END-- [ RunTime:0.000000s ]
INFO: Run Behavior\ParseTemplateBehavior [ RunTime:0.000000s ]
INFO: [ view_parse ] --END-- [ RunTime:0.000000s ]
INFO: [ view_filter ] --START--
INFO: Run Behavior\WriteHtmlCacheBehavior [ RunTime:0.000000s ]
INFO: [ view_filter ] --END-- [ RunTime:0.000000s ]
INFO: [ app_end ] --START--
INFO: Run Behavior\ShowPageTraceBehavior [ RunTime:0.000000s ]
INFO: [ app_end ] --END-- [ RunTime:0.015625s ]

[ 2018-11-24T21:23:01+08:00 ] 205.205.150.16 /
INFO: [ app_init ] --START--
INFO: Run Behavior\BuildLiteBehavior [ RunTime:0.000000s ]
INFO: [ app_init ] --END-- [ RunTime:0.000000s ]
INFO: [ app_begin ] --START--
INFO: Run Behavior\ReadHtmlCacheBehavior [ RunTime:0.000000s ]
INFO: [ app_begin ] --END-- [ RunTime:0.000000s ]
NOTIC: [8] Undefined index: code C:\phpStudy\PHPTutorial\WWW\App\Qwadmin\Controller\ComController.class.php 第 23 行.
SQL: SHOW COLUMNS FROM `qw_setting` [ RunTime:0.0000s ]
SQL: SELECT `k`,`v` FROM `qw_setting`  [ RunTime:0.0000s ]
NOTIC: [8] Undefined offset: 1 C:\phpStudy\PHPTutorial\WWW\App\Qwadmin\Controller\ComController.class.php 第 54 行.

[ 2018-11-24T21:23:01+08:00 ] 205.205.150.16 /index.php/Qwadmin/login/index.html?Req_URL=/
INFO: [ app_init ] --START--
INFO: Run Behavior\BuildLiteBehavior [ RunTime:0.000000s ]
INFO: [ app_init ] --END-- [ RunTime:0.000000s ]
INFO: [ app_begin ] --START--
INFO: Run Behavior\ReadHtmlCacheBehavior [ RunTime:0.000000s ]
INFO: [ app_begin ] --END-- [ RunTime:0.000000s ]
SQL: SHOW COLUMNS FROM `qw_setting` [ RunTime:0.0156s ]
SQL: SELECT `k`,`v` FROM `qw_setting`  [ RunTime:0.0000s ]
NOTIC: [8] Undefined offset: 1 C:\phpStudy\PHPTutorial\WWW\App\Qwadmin\Controller\LoginController.class.php 第 23 行.
INFO: [ view_parse ] --START--
INFO: [ template_filter ] --START--
INFO: Run Behavior\ContentReplaceBehavior [ RunTime:0.000000s ]
INFO: [ template_filter ] --END-- [ RunTime:0.000000s ]
INFO: Run Behavior\ParseTemplateBehavior [ RunTime:0.000000s ]
INFO: [ view_parse ] --END-- [ RunTime:0.000000s ]
INFO: [ view_filter ] --START--
INFO: Run Behavior\WriteHtmlCacheBehavior [ RunTime:0.000000s ]
INFO: [ view_filter ] --END-- [ RunTime:0.000000s ]
INFO: 
INFO: 
INFO: 

[ 2018-11-24T21:42:03+08:00 ] 80.240.50.142 /
INFO: [ app_init ] --START--
INFO: Run Behavior\BuildLiteBehavior [ RunTime:0.000000s ]
INFO: [ app_init ] --END-- [ RunTime:0.000000s ]
INFO: [ app_begin ] --START--
INFO: Run Behavior\ReadHtmlCacheBehavior [ RunTime:0.000000s ]
INFO: [ app_begin ] --END-- [ RunTime:0.000000s ]
NOTIC: [8] Undefined index: code C:\phpStudy\PHPTutorial\WWW\App\Qwadmin\Controller\ComController.class.php 第 23 行.
SQL: SHOW COLUMNS FROM `qw_setting` [ RunTime:0.0000s ]
SQL: SELECT `k`,`v` FROM `qw_setting`  [ RunTime:0.0000s ]
NOTIC: [8] Undefined offset: 1 C:\phpStudy\PHPTutorial\WWW\App\Qwadmin\Controller\ComController.class.php 第 54 行.

[ 2018-11-24T21:55:52+08:00 ] 67.43.97.242 /
INFO: [ app_init ] --START--
INFO: Run Behavior\BuildLiteBehavior [ RunTime:0.000000s ]
INFO: [ app_init ] --END-- [ RunTime:0.000000s ]
INFO: [ app_begin ] --START--
INFO: Run Behavior\ReadHtmlCacheBehavior [ RunTime:0.000000s ]
INFO: [ app_begin ] --END-- [ RunTime:0.000000s ]
NOTIC: [8] Undefined index: code C:\phpStudy\PHPTutorial\WWW\App\Qwadmin\Controller\ComController.class.php 第 23 行.
SQL: SHOW COLUMNS FROM `qw_setting` [ RunTime:0.0000s ]
SQL: SELECT `k`,`v` FROM `qw_setting`  [ RunTime:0.0000s ]
NOTIC: [8] Undefined offset: 1 C:\phpStudy\PHPTutorial\WWW\App\Qwadmin\Controller\ComController.class.php 第 54 行.

[ 2018-11-24T22:08:09+08:00 ] 179.97.143.77 /
INFO: [ app_init ] --START--
INFO: Run Behavior\BuildLiteBehavior [ RunTime:0.000000s ]
INFO: [ app_init ] --END-- [ RunTime:0.000000s ]
INFO: [ app_begin ] --START--
INFO: Run Behavior\ReadHtmlCacheBehavior [ RunTime:0.000000s ]
INFO: [ app_begin ] --END-- [ RunTime:0.000000s ]
NOTIC: [8] Undefined index: code C:\phpStudy\PHPTutorial\WWW\App\Qwadmin\Controller\ComController.class.php 第 23 行.
SQL: SHOW COLUMNS FROM `qw_setting` [ RunTime:0.0000s ]
SQL: SELECT `k`,`v` FROM `qw_setting`  [ RunTime:0.0000s ]
NOTIC: [8] Undefined offset: 1 C:\phpStudy\PHPTutorial\WWW\App\Qwadmin\Controller\ComController.class.php 第 54 行.

[ 2018-11-24T22:35:54+08:00 ] 101.91.62.109 /
INFO: [ app_init ] --START--
INFO: Run Behavior\BuildLiteBehavior [ RunTime:0.000000s ]
INFO: [ app_init ] --END-- [ RunTime:0.000000s ]
INFO: [ app_begin ] --START--
INFO: Run Behavior\ReadHtmlCacheBehavior [ RunTime:0.000000s ]
INFO: [ app_begin ] --END-- [ RunTime:0.000000s ]
NOTIC: [8] Undefined index: code C:\phpStudy\PHPTutorial\WWW\App\Qwadmin\Controller\ComController.class.php 第 23 行.
SQL: SHOW COLUMNS FROM `qw_setting` [ RunTime:0.0000s ]
SQL: SELECT `k`,`v` FROM `qw_setting`  [ RunTime:0.0000s ]
NOTIC: [8] Undefined offset: 1 C:\phpStudy\PHPTutorial\WWW\App\Qwadmin\Controller\ComController.class.php 第 54 行.

[ 2018-11-24T22:35:54+08:00 ] 101.91.62.109 /index.php/Qwadmin/login/index.html?Req_URL=/
INFO: [ app_init ] --START--
INFO: Run Behavior\BuildLiteBehavior [ RunTime:0.000000s ]
INFO: [ app_init ] --END-- [ RunTime:0.000000s ]
INFO: [ app_begin ] --START--
INFO: Run Behavior\ReadHtmlCacheBehavior [ RunTime:0.000000s ]
INFO: [ app_begin ] --END-- [ RunTime:0.000000s ]
SQL: SHOW COLUMNS FROM `qw_setting` [ RunTime:0.0000s ]
SQL: SELECT `k`,`v` FROM `qw_setting`  [ RunTime:0.0000s ]
NOTIC: [8] Undefined offset: 1 C:\phpStudy\PHPTutorial\WWW\App\Qwadmin\Controller\LoginController.class.php 第 23 行.
INFO: [ view_parse ] --START--
INFO: [ template_filter ] --START--
INFO: Run Behavior\ContentReplaceBehavior [ RunTime:0.000000s ]
INFO: [ template_filter ] --END-- [ RunTime:0.000000s ]
INFO: Run Behavior\ParseTemplateBehavior [ RunTime:0.015625s ]
INFO: [ view_parse ] --END-- [ RunTime:0.015625s ]
INFO: [ view_filter ] --START--
INFO: Run Behavior\WriteHtmlCacheBehavior [ RunTime:0.000000s ]
INFO: [ view_filter ] --END-- [ RunTime:0.000000s ]
INFO: [ app_end ] --START--
INFO: Run Behavior\ShowPageTraceBehavior [ RunTime:0.000000s ]
INFO: [ app_end ] --END-- [ RunTime:0.000000s ]

[ 2018-11-24T23:06:38+08:00 ] 219.140.11.98 /
INFO: [ app_init ] --START--
INFO: Run Behavior\BuildLiteBehavior [ RunTime:0.000000s ]
INFO: [ app_init ] --END-- [ RunTime:0.000000s ]
INFO: [ app_begin ] --START--
INFO: Run Behavior\ReadHtmlCacheBehavior [ RunTime:0.015625s ]
INFO: [ app_begin ] --END-- [ RunTime:0.015625s ]
NOTIC: [8] Undefined index: code C:\phpStudy\PHPTutorial\WWW\App\Qwadmin\Controller\ComController.class.php 第 23 行.
SQL: SHOW COLUMNS FROM `qw_setting` [ RunTime:0.0000s ]
SQL: SELECT `k`,`v` FROM `qw_setting`  [ RunTime:0.0000s ]
NOTIC: [8] Undefined offset: 1 C:\phpStudy\PHPTutorial\WWW\App\Qwadmin\Controller\ComController.class.php 第 54 行.

[ 2018-11-24T23:06:39+08:00 ] 219.140.11.98 /
INFO: [ app_init ] --START--
INFO: Run Behavior\BuildLiteBehavior [ RunTime:0.000000s ]
INFO: [ app_init ] --END-- [ RunTime:0.000000s ]
INFO: [ app_begin ] --START--
INFO: Run Behavior\ReadHtmlCacheBehavior [ RunTime:0.000000s ]
INFO: [ app_begin ] --END-- [ RunTime:0.000000s ]
NOTIC: [8] Undefined index: code C:\phpStudy\PHPTutorial\WWW\App\Qwadmin\Controller\ComController.class.php 第 23 行.
SQL: SHOW COLUMNS FROM `qw_setting` [ RunTime:0.0000s ]
SQL: SELECT `k`,`v` FROM `qw_setting`  [ RunTime:0.0000s ]
NOTIC: [8] Undefined offset: 1 C:\phpStudy\PHPTutorial\WWW\App\Qwadmin\Controller\ComController.class.php 第 54 行.

[ 2018-11-24T23:06:46+08:00 ] 219.140.11.98 /
INFO: [ app_init ] --START--
INFO: Run Behavior\BuildLiteBehavior [ RunTime:0.000000s ]
INFO: [ app_init ] --END-- [ RunTime:0.000000s ]
INFO: [ app_begin ] --START--
INFO: Run Behavior\ReadHtmlCacheBehavior [ RunTime:0.000000s ]
INFO: [ app_begin ] --END-- [ RunTime:0.000000s ]
NOTIC: [8] Undefined index: code C:\phpStudy\PHPTutorial\WWW\App\Qwadmin\Controller\ComController.class.php 第 23 行.
SQL: SHOW COLUMNS FROM `qw_setting` [ RunTime:0.0000s ]
SQL: SELECT `k`,`v` FROM `qw_setting`  [ RunTime:0.0000s ]
NOTIC: [8] Undefined offset: 1 C:\phpStudy\PHPTutorial\WWW\App\Qwadmin\Controller\ComController.class.php 第 54 行.

[ 2018-11-24T23:06:53+08:00 ] 219.140.11.98 /
INFO: [ app_init ] --START--
INFO: Run Behavior\BuildLiteBehavior [ RunTime:0.000000s ]
INFO: [ app_init ] --END-- [ RunTime:0.000000s ]
INFO: [ app_begin ] --START--
INFO: Run Behavior\ReadHtmlCacheBehavior [ RunTime:0.000000s ]
INFO: [ app_begin ] --END-- [ RunTime:0.000000s ]
NOTIC: [8] Undefined index: code C:\phpStudy\PHPTutorial\WWW\App\Qwadmin\Controller\ComController.class.php 第 23 行.
SQL: SHOW COLUMNS FROM `qw_setting` [ RunTime:0.0000s ]
SQL: SELECT `k`,`v` FROM `qw_setting`  [ RunTime:0.0000s ]
NOTIC: [8] Undefined offset: 1 C:\phpStudy\PHPTutorial\WWW\App\Qwadmin\Controller\ComController.class.php 第 54 行.

[ 2018-11-24T23:06:54+08:00 ] 219.140.11.98 /
INFO: [ app_init ] --START--
INFO: Run Behavior\BuildLiteBehavior [ RunTime:0.000000s ]
INFO: [ app_init ] --END-- [ RunTime:0.000000s ]
INFO: [ app_begin ] --START--
INFO: Run Behavior\ReadHtmlCacheBehavior [ RunTime:0.000000s ]
INFO: [ app_begin ] --END-- [ RunTime:0.000000s ]
NOTIC: [8] Undefined index: code C:\phpStudy\PHPTutorial\WWW\App\Qwadmin\Controller\ComController.class.php 第 23 行.
SQL: SHOW COLUMNS FROM `qw_setting` [ RunTime:0.0000s ]
SQL: SELECT `k`,`v` FROM `qw_setting`  [ RunTime:0.0000s ]
NOTIC: [8] Undefined offset: 1 C:\phpStudy\PHPTutorial\WWW\App\Qwadmin\Controller\ComController.class.php 第 54 行.

[ 2018-11-24T23:06:54+08:00 ] 219.140.11.98 /
INFO: [ app_init ] --START--
INFO: Run Behavior\BuildLiteBehavior [ RunTime:0.000000s ]
INFO: [ app_init ] --END-- [ RunTime:0.000000s ]
INFO: [ app_begin ] --START--
INFO: Run Behavior\ReadHtmlCacheBehavior [ RunTime:0.000000s ]
INFO: [ app_begin ] --END-- [ RunTime:0.000000s ]
NOTIC: [8] Undefined index: code C:\phpStudy\PHPTutorial\WWW\App\Qwadmin\Controller\ComController.class.php 第 23 行.
SQL: SHOW COLUMNS FROM `qw_setting` [ RunTime:0.0000s ]
SQL: SELECT `k`,`v` FROM `qw_setting`  [ RunTime:0.0000s ]
NOTIC: [8] Undefined offset: 1 C:\phpStudy\PHPTutorial\WWW\App\Qwadmin\Controller\ComController.class.php 第 54 行.

[ 2018-11-24T23:53:54+08:00 ] 101.91.62.109 /index.php/Qwadmin/login/index.html?Req_URL%3D
INFO: [ app_init ] --START--
INFO: Run Behavior\BuildLiteBehavior [ RunTime:0.000000s ]
INFO: [ app_init ] --END-- [ RunTime:0.000000s ]
INFO: [ app_begin ] --START--
INFO: Run Behavior\ReadHtmlCacheBehavior [ RunTime:0.000000s ]
INFO: [ app_begin ] --END-- [ RunTime:0.000000s ]
SQL: SHOW COLUMNS FROM `qw_setting` [ RunTime:0.0156s ]
SQL: SELECT `k`,`v` FROM `qw_setting`  [ RunTime:0.0000s ]
NOTIC: [8] Undefined index: Req_URL C:\phpStudy\PHPTutorial\WWW\App\Qwadmin\Controller\LoginController.class.php 第 17 行.
NOTIC: [8] Undefined offset: 1 C:\phpStudy\PHPTutorial\WWW\App\Qwadmin\Controller\LoginController.class.php 第 23 行.
INFO: [ view_parse ] --START--
INFO: [ template_filter ] --START--
INFO: Run Behavior\ContentReplaceBehavior [ RunTime:0.000000s ]
INFO: [ template_filter ] --END-- [ RunTime:0.000000s ]
INFO: Run Behavior\ParseTemplateBehavior [ RunTime:0.000000s ]
INFO: [ view_parse ] --END-- [ RunTime:0.000000s ]
INFO: [ view_filter ] --START--
INFO: Run Behavior\WriteHtmlCacheBehavior [ RunTime:0.000000s ]
INFO: [ view_filter ] --END-- [ RunTime:0.000000s ]
INFO: [ app_end ] --START--
INFO: Run Behavior\ShowPageTraceBehavior [ RunTime:0.000000s ]
INFO: [ app_end ] --END-- [ RunTime:0.000000s ]

