[ 2018-11-30T23:09:54+08:00 ] 115.227.94.173 /index.php/Qwadmin/Rwxy/uniquerydata/rpw/dd.html
INFO: [ app_init ] --START--
INFO: Run Behavior\BuildLiteBehavior [ RunTime:0.000000s ]
INFO: [ app_init ] --END-- [ RunTime:0.000000s ]
INFO: [ app_begin ] --START--
INFO: Run Behavior\ReadHtmlCacheBehavior [ RunTime:0.015625s ]
INFO: [ app_begin ] --END-- [ RunTime:0.015625s ]
SQL: SHOW COLUMNS FROM `qw_unisecret` [ RunTime:0.0000s ]
SQL: SELECT DISTINCT  `sheetname` FROM `qw_unisecret` WHERE `rpw` = 'dd' ORDER BY id  [ RunTime:0.0156s ]
SQL: SELECT DISTINCT  `name` FROM `qw_unisecret` WHERE `rpw` = 'dd' ORDER BY id  [ RunTime:0.0156s ]
NOTIC: [8] Undefined variable: Think C:\phpStudy\PHPTutorial\WWW\App\Qwadmin\Controller\RwxyController.class.php 第 214 行.
NOTIC: [8] Undefined variable: Think C:\phpStudy\PHPTutorial\WWW\App\Qwadmin\Controller\RwxyController.class.php 第 214 行.
NOTIC: [8] Undefined variable: Think C:\phpStudy\PHPTutorial\WWW\App\Qwadmin\Controller\RwxyController.class.php 第 214 行.
NOTIC: [8] Undefined variable: sheetarr C:\phpStudy\PHPTutorial\WWW\App\Qwadmin\Controller\RwxyController.class.php 第 231 行.
NOTIC: [8] Undefined variable: Think C:\phpStudy\PHPTutorial\WWW\App\Qwadmin\Controller\RwxyController.class.php 第 240 行.
NOTIC: [8] Undefined variable: Think C:\phpStudy\PHPTutorial\WWW\App\Qwadmin\Controller\RwxyController.class.php 第 248 行.
INFO: [ view_parse ] --START--
INFO: [ template_filter ] --START--
INFO: Run Behavior\ContentReplaceBehavior [ RunTime:0.000000s ]
INFO: [ template_filter ] --END-- [ RunTime:0.000000s ]
NOTIC: [8] Undefined variable: user C:\phpStudy\PHPTutorial\WWW\App\Runtime\Cache\Qwadmin\d7de931549735967ffcf11db6c89903a.php 第 117 行.
NOTIC: [8] Undefined variable: user C:\phpStudy\PHPTutorial\WWW\App\Runtime\Cache\Qwadmin\d7de931549735967ffcf11db6c89903a.php 第 117 行.
NOTIC: [8] Undefined variable: user C:\phpStudy\PHPTutorial\WWW\App\Runtime\Cache\Qwadmin\d7de931549735967ffcf11db6c89903a.php 第 120 行.
NOTIC: [8] Undefined variable: datalistarr C:\phpStudy\PHPTutorial\WWW\App\Runtime\Cache\Qwadmin\d7de931549735967ffcf11db6c89903a.php 第 196 行.
NOTIC: [8] Undefined variable: dataliststr C:\phpStudy\PHPTutorial\WWW\App\Runtime\Cache\Qwadmin\d7de931549735967ffcf11db6c89903a.php 第 330 行.
NOTIC: [8] Undefined variable: dataliststr C:\phpStudy\PHPTutorial\WWW\App\Runtime\Cache\Qwadmin\d7de931549735967ffcf11db6c89903a.php 第 349 行.
INFO: Run Behavior\ParseTemplateBehavior [ RunTime:0.015625s ]
INFO: [ view_parse ] --END-- [ RunTime:0.015625s ]
INFO: [ view_filter ] --START--
INFO: Run Behavior\WriteHtmlCacheBehavior [ RunTime:0.000000s ]
INFO: [ view_filter ] --END-- [ RunTime:0.000000s ]
INFO: [ app_end ] --START--
INFO: Run Behavior\ShowPageTraceBehavior [ RunTime:0.000000s ]
INFO: [ app_end ] --END-- [ RunTime:0.000000s ]

[ 2018-11-30T23:10:02+08:00 ] 115.227.94.173 /index.php/Qwadmin/Rwxy/uniquerydata/sheetname/%E6%9C%AC%E5%AD%A6%E6%9C%9F%E5%85%AC%E5%BC%80%E8%AF%BE.html
INFO: [ app_init ] --START--
INFO: Run Behavior\BuildLiteBehavior [ RunTime:0.000000s ]
INFO: [ app_init ] --END-- [ RunTime:0.000000s ]
INFO: [ app_begin ] --START--
INFO: Run Behavior\ReadHtmlCacheBehavior [ RunTime:0.000000s ]
INFO: [ app_begin ] --END-- [ RunTime:0.000000s ]
SQL: SHOW COLUMNS FROM `qw_unisecret` [ RunTime:0.0000s ]
SQL: SELECT DISTINCT  `sheetname` FROM `qw_unisecret` WHERE `sheetname` = '本学期公开课' AND `rpw` = 'dd' ORDER BY id  [ RunTime:0.0000s ]
SQL: SELECT DISTINCT  `name` FROM `qw_unisecret` WHERE `sheetname` = '本学期公开课' AND `rpw` = 'dd' ORDER BY id  [ RunTime:0.0156s ]
SQL: SELECT * FROM `qw_unisecret` WHERE `sheetname` = '本学期公开课' AND `rpw` = 'dd' LIMIT 1   [ RunTime:0.0000s ]
SQL: SELECT DISTINCT  `d1` FROM `qw_unisecret` WHERE `sheetname` = '本学期公开课' AND `rpw` = 'dd' ORDER BY id asc  [ RunTime:0.0156s ]
SQL: SELECT DISTINCT  `d5` FROM `qw_unisecret` WHERE `sheetname` = '本学期公开课' AND `rpw` = 'dd' ORDER BY id asc  [ RunTime:0.0156s ]
SQL: SELECT DISTINCT  `d8` FROM `qw_unisecret` WHERE `sheetname` = '本学期公开课' AND `rpw` = 'dd' ORDER BY id asc  [ RunTime:0.0000s ]
NOTIC: [8] Undefined variable: echohtml C:\phpStudy\PHPTutorial\WWW\App\Qwadmin\Controller\RwxyController.class.php 第 282 行.
NOTIC: [8] Undefined variable: Think C:\phpStudy\PHPTutorial\WWW\App\Qwadmin\Controller\RwxyController.class.php 第 294 行.
NOTIC: [8] Undefined variable: Think C:\phpStudy\PHPTutorial\WWW\App\Qwadmin\Controller\RwxyController.class.php 第 294 行.
NOTIC: [8] Undefined variable: Think C:\phpStudy\PHPTutorial\WWW\App\Qwadmin\Controller\RwxyController.class.php 第 294 行.
NOTIC: [8] Undefined variable: Think C:\phpStudy\PHPTutorial\WWW\App\Qwadmin\Controller\RwxyController.class.php 第 294 行.
NOTIC: [8] Undefined variable: Think C:\phpStudy\PHPTutorial\WWW\App\Qwadmin\Controller\RwxyController.class.php 第 294 行.
NOTIC: [8] Undefined variable: Think C:\phpStudy\PHPTutorial\WWW\App\Qwadmin\Controller\RwxyController.class.php 第 294 行.
NOTIC: [8] Undefined variable: Think C:\phpStudy\PHPTutorial\WWW\App\Qwadmin\Controller\RwxyController.class.php 第 294 行.
NOTIC: [8] Undefined variable: Think C:\phpStudy\PHPTutorial\WWW\App\Qwadmin\Controller\RwxyController.class.php 第 294 行.
NOTIC: [8] Undefined variable: Think C:\phpStudy\PHPTutorial\WWW\App\Qwadmin\Controller\RwxyController.class.php 第 294 行.
NOTIC: [8] Undefined variable: Think C:\phpStudy\PHPTutorial\WWW\App\Qwadmin\Controller\RwxyController.class.php 第 294 行.
NOTIC: [8] Undefined variable: Think C:\phpStudy\PHPTutorial\WWW\App\Qwadmin\Controller\RwxyController.class.php 第 294 行.
NOTIC: [8] Undefined variable: Think C:\phpStudy\PHPTutorial\WWW\App\Qwadmin\Controller\RwxyController.class.php 第 294 行.
NOTIC: [8] Undefined variable: Think C:\phpStudy\PHPTutorial\WWW\App\Qwadmin\Controller\RwxyController.class.php 第 294 行.
NOTIC: [8] Undefined variable: Think C:\phpStudy\PHPTutorial\WWW\App\Qwadmin\Controller\RwxyController.class.php 第 294 行.
NOTIC: [8] Undefined variable: Think C:\phpStudy\PHPTutorial\WWW\App\Qwadmin\Controller\RwxyController.class.php 第 294 行.
NOTIC: [8] Undefined variable: Think C:\phpStudy\PHPTutorial\WWW\App\Qwadmin\Controller\RwxyController.class.php 第 294 行.
NOTIC: [8] Undefined variable: Think C:\phpStudy\PHPTutorial\WWW\App\Qwadmin\Controller\RwxyController.class.php 第 294 行.
NOTIC: [8] Undefined variable: Think C:\phpStudy\PHPTutorial\WWW\App\Qwadmin\Controller\RwxyController.class.php 第 294 行.
NOTIC: [8] Undefined variable: Think C:\phpStudy\PHPTutorial\WWW\App\Qwadmin\Controller\RwxyController.class.php 第 294 行.
NOTIC: [8] Undefined variable: Think C:\phpStudy\PHPTutorial\WWW\App\Qwadmin\Controller\RwxyController.class.php 第 294 行.
NOTIC: [8] Undefined variable: Think C:\phpStudy\PHPTutorial\WWW\App\Qwadmin\Controller\RwxyController.class.php 第 294 行.
NOTIC: [8] Undefined variable: Think C:\phpStudy\PHPTutorial\WWW\App\Qwadmin\Controller\RwxyController.class.php 第 294 行.
SQL: SELECT * FROM `qw_unisecret` WHERE `sheetname` = '本学期公开课' AND `rpw` = 'dd' LIMIT 1   [ RunTime:0.0000s ]
SQL: SELECT * FROM `qw_unisecret` WHERE `sheetname` = '本学期公开课' AND `rpw` = 'dd' LIMIT 50   [ RunTime:0.0156s ]
SQL: SELECT COUNT(*) AS tp_count FROM `qw_unisecret` WHERE `sheetname` = '本学期公开课' AND `rpw` = 'dd' LIMIT 1   [ RunTime:0.0000s ]
NOTIC: [8] Undefined variable: Think C:\phpStudy\PHPTutorial\WWW\App\Qwadmin\Controller\RwxyController.class.php 第 46 行.
NOTIC: [8] Undefined variable: Think C:\phpStudy\PHPTutorial\WWW\App\Qwadmin\Controller\RwxyController.class.php 第 46 行.
NOTIC: [8] Undefined variable: Think C:\phpStudy\PHPTutorial\WWW\App\Qwadmin\Controller\RwxyController.class.php 第 46 行.
NOTIC: [8] Undefined variable: Think C:\phpStudy\PHPTutorial\WWW\App\Qwadmin\Controller\RwxyController.class.php 第 46 行.
NOTIC: [8] Undefined variable: Think C:\phpStudy\PHPTutorial\WWW\App\Qwadmin\Controller\RwxyController.class.php 第 46 行.
NOTIC: [8] Undefined variable: Think C:\phpStudy\PHPTutorial\WWW\App\Qwadmin\Controller\RwxyController.class.php 第 46 行.
NOTIC: [8] Undefined variable: Think C:\phpStudy\PHPTutorial\WWW\App\Qwadmin\Controller\RwxyController.class.php 第 46 行.
NOTIC: [8] Undefined variable: Think C:\phpStudy\PHPTutorial\WWW\App\Qwadmin\Controller\RwxyController.class.php 第 46 行.
NOTIC: [8] Undefined variable: Think C:\phpStudy\PHPTutorial\WWW\App\Qwadmin\Controller\RwxyController.class.php 第 46 行.
NOTIC: [8] Undefined variable: Think C:\phpStudy\PHPTutorial\WWW\App\Qwadmin\Controller\RwxyController.class.php 第 46 行.
NOTIC: [8] Undefined variable: Think C:\phpStudy\PHPTutorial\WWW\App\Qwadmin\Controller\RwxyController.class.php 第 46 行.
NOTIC: [8] Undefined variable: Think C:\phpStudy\PHPTutorial\WWW\App\Qwadmin\Controller\RwxyController.class.php 第 46 行.
NOTIC: [8] Undefined variable: Think C:\phpStudy\PHPTutorial\WWW\App\Qwadmin\Controller\RwxyController.class.php 第 46 行.
NOTIC: [8] Undefined variable: Think C:\phpStudy\PHPTutorial\WWW\App\Qwadmin\Controller\RwxyController.class.php 第 46 行.
NOTIC: [8] Undefined variable: Think C:\phpStudy\PHPTutorial\WWW\App\Qwadmin\Controller\RwxyController.class.php 第 46 行.
NOTIC: [8] Undefined variable: Think C:\phpStudy\PHPTutorial\WWW\App\Qwadmin\Controller\RwxyController.class.php 第 46 行.
NOTIC: [8] Undefined variable: Think C:\phpStudy\PHPTutorial\WWW\App\Qwadmin\Controller\RwxyController.class.php 第 46 行.
NOTIC: [8] Undefined variable: Think C:\phpStudy\PHPTutorial\WWW\App\Qwadmin\Controller\RwxyController.class.php 第 46 行.
NOTIC: [8] Undefined variable: Think C:\phpStudy\PHPTutorial\WWW\App\Qwadmin\Controller\RwxyController.class.php 第 46 行.
NOTIC: [8] Undefined variable: Think C:\phpStudy\PHPTutorial\WWW\App\Qwadmin\Controller\RwxyController.class.php 第 46 行.
NOTIC: [8] Undefined variable: Think C:\phpStudy\PHPTutorial\WWW\App\Qwadmin\Controller\RwxyController.class.php 第 46 行.
NOTIC: [8] Undefined variable: Think C:\phpStudy\PHPTutorial\WWW\App\Qwadmin\Controller\RwxyController.class.php 第 46 行.
NOTIC: [8] Undefined variable: Think C:\phpStudy\PHPTutorial\WWW\App\Qwadmin\Controller\RwxyController.class.php 第 46 行.
NOTIC: [8] Undefined variable: Think C:\phpStudy\PHPTutorial\WWW\App\Qwadmin\Controller\RwxyController.class.php 第 46 行.
NOTIC: [8] Undefined variable: Think C:\phpStudy\PHPTutorial\WWW\App\Qwadmin\Controller\RwxyController.class.php 第 46 行.
NOTIC: [8] Undefined variable: Think C:\phpStudy\PHPTutorial\WWW\App\Qwadmin\Controller\RwxyController.class.php 第 46 行.
NOTIC: [8] Undefined variable: Think C:\phpStudy\PHPTutorial\WWW\App\Qwadmin\Controller\RwxyController.class.php 第 46 行.
NOTIC: [8] Undefined variable: Think C:\phpStudy\PHPTutorial\WWW\App\Qwadmin\Controller\RwxyController.class.php 第 46 行.
NOTIC: [8] Undefined variable: Think C:\phpStudy\PHPTutorial\WWW\App\Qwadmin\Controller\RwxyController.class.php 第 46 行.
NOTIC: [8] Undefined variable: Think C:\phpStudy\PHPTutorial\WWW\App\Qwadmin\Controller\RwxyController.class.php 第 46 行.
NOTIC: [8] Undefined variable: Think C:\phpStudy\PHPTutorial\WWW\App\Qwadmin\Controller\RwxyController.class.php 第 46 行.
NOTIC: [8] Undefined variable: Think C:\phpStudy\PHPTutorial\WWW\App\Qwadmin\Controller\RwxyController.class.php 第 46 行.
NOTIC: [8] Undefined variable: Think C:\phpStudy\PHPTutorial\WWW\App\Qwadmin\Controller\RwxyController.class.php 第 46 行.
NOTIC: [8] Undefined variable: Think C:\phpStudy\PHPTutorial\WWW\App\Qwadmin\Controller\RwxyController.class.php 第 46 行.
NOTIC: [8] Undefined variable: Think C:\phpStudy\PHPTutorial\WWW\App\Qwadmin\Controller\RwxyController.class.php 第 46 行.
NOTIC: [8] Undefined variable: Think C:\phpStudy\PHPTutorial\WWW\App\Qwadmin\Controller\RwxyController.class.php 第 46 行.
NOTIC: [8] Undefined variable: Think C:\phpStudy\PHPTutorial\WWW\App\Qwadmin\Controller\RwxyController.class.php 第 46 行.
NOTIC: [8] Undefined variable: Think C:\phpStudy\PHPTutorial\WWW\App\Qwadmin\Controller\RwxyController.class.php 第 46 行.
NOTIC: [8] Undefined variable: Think C:\phpStudy\PHPTutorial\WWW\App\Qwadmin\Controller\RwxyController.class.php 第 46 行.
NOTIC: [8] Undefined variable: Think C:\phpStudy\PHPTutorial\WWW\App\Qwadmin\Controller\RwxyController.class.php 第 46 行.
NOTIC: [8] Undefined variable: Think C:\phpStudy\PHPTutorial\WWW\App\Qwadmin\Controller\RwxyController.class.php 第 46 行.
NOTIC: [8] Undefined variable: Think C:\phpStudy\PHPTutorial\WWW\App\Qwadmin\Controller\RwxyController.class.php 第 46 行.
NOTIC: [8] Undefined variable: Think C:\phpStudy\PHPTutorial\WWW\App\Qwadmin\Controller\RwxyController.class.php 第 46 行.
NOTIC: [8] Undefined variable: Think C:\phpStudy\PHPTutorial\WWW\App\Qwadmin\Controller\RwxyController.class.php 第 46 行.
NOTIC: [8] Undefined variable: Think C:\phpStudy\PHPTutorial\WWW\App\Qwadmin\Controller\RwxyController.class.php 第 46 行.
NOTIC: [8] Undefined variable: Think C:\phpStudy\PHPTutorial\WWW\App\Qwadmin\Controller\RwxyController.class.php 第 46 行.
NOTIC: [8] Undefined variable: Think C:\phpStudy\PHPTutorial\WWW\App\Qwadmin\Controller\RwxyController.class.php 第 46 行.
NOTIC: [8] Undefined variable: Think C:\phpStudy\PHPTutorial\WWW\App\Qwadmin\Controller\RwxyController.class.php 第 46 行.
NOTIC: [8] Undefined variable: Think C:\phpStudy\PHPTutorial\WWW\App\Qwadmin\Controller\RwxyController.class.php 第 46 行.
NOTIC: [8] Undefined variable: Think C:\phpStudy\PHPTutorial\WWW\App\Qwadmin\Controller\RwxyController.class.php 第 46 行.
NOTIC: [8] Undefined variable: sheetarr C:\phpStudy\PHPTutorial\WWW\App\Qwadmin\Controller\RwxyController.class.php 第 231 行.
NOTIC: [8] Undefined variable: Think C:\phpStudy\PHPTutorial\WWW\App\Qwadmin\Controller\RwxyController.class.php 第 240 行.
NOTIC: [8] Undefined variable: Think C:\phpStudy\PHPTutorial\WWW\App\Qwadmin\Controller\RwxyController.class.php 第 248 行.
INFO: [ view_parse ] --START--
INFO: [ template_filter ] --START--
INFO: Run Behavior\ContentReplaceBehavior [ RunTime:0.000000s ]
INFO: [ template_filter ] --END-- [ RunTime:0.000000s ]
NOTIC: [8] Undefined variable: user C:\phpStudy\PHPTutorial\WWW\App\Runtime\Cache\Qwadmin\d7de931549735967ffcf11db6c89903a.php 第 117 行.
NOTIC: [8] Undefined variable: user C:\phpStudy\PHPTutorial\WWW\App\Runtime\Cache\Qwadmin\d7de931549735967ffcf11db6c89903a.php 第 117 行.
NOTIC: [8] Undefined variable: user C:\phpStudy\PHPTutorial\WWW\App\Runtime\Cache\Qwadmin\d7de931549735967ffcf11db6c89903a.php 第 120 行.
NOTIC: [8] Undefined variable: datalistarr C:\phpStudy\PHPTutorial\WWW\App\Runtime\Cache\Qwadmin\d7de931549735967ffcf11db6c89903a.php 第 196 行.
NOTIC: [8] Undefined variable: dataliststr C:\phpStudy\PHPTutorial\WWW\App\Runtime\Cache\Qwadmin\d7de931549735967ffcf11db6c89903a.php 第 330 行.
NOTIC: [8] Undefined variable: dataliststr C:\phpStudy\PHPTutorial\WWW\App\Runtime\Cache\Qwadmin\d7de931549735967ffcf11db6c89903a.php 第 349 行.
INFO: Run Behavior\ParseTemplateBehavior [ RunTime:0.015625s ]
INFO: [ view_parse ] --END-- [ RunTime:0.015625s ]
INFO: [ view_filter ] --START--
INFO: Run Behavior\WriteHtmlCacheBehavior [ RunTime:0.000000s ]
INFO: [ view_filter ] --END-- [ RunTime:0.000000s ]
INFO: [ app_end ] --START--
INFO: Run Behavior\ShowPageTraceBehavior [ RunTime:0.000000s ]
INFO: [ app_end ] --END-- [ RunTime:0.000000s ]

[ 2018-11-30T23:10:08+08:00 ] 115.227.94.173 /index.php/Qwadmin/Rwxy/uniquerydata.html?sheetname=%E6%9C%AC%E5%91%A8%E5%85%A8%E6%A0%A1%E8%AF%BE%E8%A1%A8&name=%E4%B8%81%E5%B0%8F%E5%AE%9D
INFO: [ app_init ] --START--
INFO: Run Behavior\BuildLiteBehavior [ RunTime:0.000000s ]
INFO: [ app_init ] --END-- [ RunTime:0.000000s ]
INFO: [ app_begin ] --START--
INFO: Run Behavior\ReadHtmlCacheBehavior [ RunTime:0.000000s ]
INFO: [ app_begin ] --END-- [ RunTime:0.000000s ]
SQL: SHOW COLUMNS FROM `qw_unisecret` [ RunTime:0.0000s ]
SQL: SELECT DISTINCT  `sheetname` FROM `qw_unisecret` WHERE `sheetname` = '本周全校课表' AND `name` = '丁小宝' AND `rpw` = 'dd' ORDER BY id  [ RunTime:0.0000s ]
SQL: SELECT DISTINCT  `name` FROM `qw_unisecret` WHERE `sheetname` = '本周全校课表' AND `name` = '丁小宝' AND `rpw` = 'dd' ORDER BY id  [ RunTime:0.0156s ]
SQL: SELECT * FROM `qw_unisecret` WHERE `sheetname` = '本周全校课表' AND `rpw` = 'dd' AND ( `name` = '丁小宝' OR `pid` = '丁小宝' ) LIMIT 1   [ RunTime:0.0000s ]
SQL: SELECT DISTINCT  `d10` FROM `qw_unisecret` WHERE `sheetname` = '本周全校课表' AND `rpw` = 'dd' AND ( `name` = '丁小宝' OR `pid` = '丁小宝' ) ORDER BY id asc  [ RunTime:0.0156s ]
SQL: SELECT DISTINCT  `d14` FROM `qw_unisecret` WHERE `sheetname` = '本周全校课表' AND `rpw` = 'dd' AND ( `name` = '丁小宝' OR `pid` = '丁小宝' ) ORDER BY id asc  [ RunTime:0.0000s ]
SQL: SELECT DISTINCT  `d2` FROM `qw_unisecret` WHERE `sheetname` = '本周全校课表' AND `rpw` = 'dd' AND ( `name` = '丁小宝' OR `pid` = '丁小宝' ) ORDER BY id asc  [ RunTime:0.0156s ]
NOTIC: [8] Undefined variable: echohtml C:\phpStudy\PHPTutorial\WWW\App\Qwadmin\Controller\RwxyController.class.php 第 282 行.
NOTIC: [8] Undefined variable: Think C:\phpStudy\PHPTutorial\WWW\App\Qwadmin\Controller\RwxyController.class.php 第 294 行.
NOTIC: [8] Undefined variable: Think C:\phpStudy\PHPTutorial\WWW\App\Qwadmin\Controller\RwxyController.class.php 第 294 行.
NOTIC: [8] Undefined variable: Think C:\phpStudy\PHPTutorial\WWW\App\Qwadmin\Controller\RwxyController.class.php 第 294 行.
NOTIC: [8] Undefined variable: Think C:\phpStudy\PHPTutorial\WWW\App\Qwadmin\Controller\RwxyController.class.php 第 294 行.
SQL: SELECT * FROM `qw_unisecret` WHERE `sheetname` = '本周全校课表' AND `rpw` = 'dd' AND ( `name` = '丁小宝' OR `pid` = '丁小宝' ) LIMIT 1   [ RunTime:0.0000s ]
SQL: SELECT * FROM `qw_unisecret` WHERE `sheetname` = '本周全校课表' AND `rpw` = 'dd' AND ( `name` = '丁小宝' OR `pid` = '丁小宝' ) LIMIT 50   [ RunTime:0.0156s ]
SQL: SELECT COUNT(*) AS tp_count FROM `qw_unisecret` WHERE `sheetname` = '本周全校课表' AND `rpw` = 'dd' AND ( `name` = '丁小宝' OR `pid` = '丁小宝' ) LIMIT 1   [ RunTime:0.0000s ]
NOTIC: [8] Undefined variable: Think C:\phpStudy\PHPTutorial\WWW\App\Qwadmin\Controller\RwxyController.class.php 第 46 行.
NOTIC: [8] Undefined variable: Think C:\phpStudy\PHPTutorial\WWW\App\Qwadmin\Controller\RwxyController.class.php 第 46 行.
NOTIC: [8] Undefined variable: Think C:\phpStudy\PHPTutorial\WWW\App\Qwadmin\Controller\RwxyController.class.php 第 46 行.
NOTIC: [8] Undefined variable: Think C:\phpStudy\PHPTutorial\WWW\App\Qwadmin\Controller\RwxyController.class.php 第 46 行.
NOTIC: [8] Undefined variable: sheetarr C:\phpStudy\PHPTutorial\WWW\App\Qwadmin\Controller\RwxyController.class.php 第 231 行.
NOTIC: [8] Undefined variable: Think C:\phpStudy\PHPTutorial\WWW\App\Qwadmin\Controller\RwxyController.class.php 第 240 行.
NOTIC: [8] Undefined variable: Think C:\phpStudy\PHPTutorial\WWW\App\Qwadmin\Controller\RwxyController.class.php 第 248 行.
INFO: [ view_parse ] --START--
INFO: [ template_filter ] --START--
INFO: Run Behavior\ContentReplaceBehavior [ RunTime:0.000000s ]
INFO: [ template_filter ] --END-- [ RunTime:0.000000s ]
NOTIC: [8] Undefined variable: user C:\phpStudy\PHPTutorial\WWW\App\Runtime\Cache\Qwadmin\d7de931549735967ffcf11db6c89903a.php 第 117 行.
NOTIC: [8] Undefined variable: user C:\phpStudy\PHPTutorial\WWW\App\Runtime\Cache\Qwadmin\d7de931549735967ffcf11db6c89903a.php 第 117 行.
NOTIC: [8] Undefined variable: user C:\phpStudy\PHPTutorial\WWW\App\Runtime\Cache\Qwadmin\d7de931549735967ffcf11db6c89903a.php 第 120 行.
NOTIC: [8] Undefined variable: datalistarr C:\phpStudy\PHPTutorial\WWW\App\Runtime\Cache\Qwadmin\d7de931549735967ffcf11db6c89903a.php 第 196 行.
NOTIC: [8] Undefined variable: dataliststr C:\phpStudy\PHPTutorial\WWW\App\Runtime\Cache\Qwadmin\d7de931549735967ffcf11db6c89903a.php 第 330 行.
NOTIC: [8] Undefined variable: dataliststr C:\phpStudy\PHPTutorial\WWW\App\Runtime\Cache\Qwadmin\d7de931549735967ffcf11db6c89903a.php 第 349 行.
INFO: Run Behavior\ParseTemplateBehavior [ RunTime:0.015625s ]
INFO: [ view_parse ] --END-- [ RunTime:0.015625s ]
INFO: [ view_filter ] --START--
INFO: Run Behavior\WriteHtmlCacheBehavior [ RunTime:0.000000s ]
INFO: [ view_filter ] --END-- [ RunTime:0.000000s ]
INFO: [ app_end ] --START--
INFO: Run Behavior\ShowPageTraceBehavior [ RunTime:0.000000s ]
INFO: [ app_end ] --END-- [ RunTime:0.000000s ]

[ 2018-11-30T23:10:35+08:00 ] 115.227.94.173 /index.php/Qwadmin/Rwxy/uniquerydata/rpw/dd.html
INFO: [ app_init ] --START--
INFO: Run Behavior\BuildLiteBehavior [ RunTime:0.000000s ]
INFO: [ app_init ] --END-- [ RunTime:0.000000s ]
INFO: [ app_begin ] --START--
INFO: Run Behavior\ReadHtmlCacheBehavior [ RunTime:0.000000s ]
INFO: [ app_begin ] --END-- [ RunTime:0.000000s ]
SQL: SHOW COLUMNS FROM `qw_unisecret` [ RunTime:0.0156s ]
SQL: SELECT DISTINCT  `sheetname` FROM `qw_unisecret` WHERE `rpw` = 'dd' ORDER BY id  [ RunTime:0.0156s ]
SQL: SELECT DISTINCT  `name` FROM `qw_unisecret` WHERE `rpw` = 'dd' ORDER BY id  [ RunTime:0.0000s ]
NOTIC: [8] Undefined variable: Think C:\phpStudy\PHPTutorial\WWW\App\Qwadmin\Controller\RwxyController.class.php 第 214 行.
NOTIC: [8] Undefined variable: Think C:\phpStudy\PHPTutorial\WWW\App\Qwadmin\Controller\RwxyController.class.php 第 214 行.
NOTIC: [8] Undefined variable: Think C:\phpStudy\PHPTutorial\WWW\App\Qwadmin\Controller\RwxyController.class.php 第 214 行.
NOTIC: [8] Undefined variable: sheetarr C:\phpStudy\PHPTutorial\WWW\App\Qwadmin\Controller\RwxyController.class.php 第 231 行.
NOTIC: [8] Undefined variable: Think C:\phpStudy\PHPTutorial\WWW\App\Qwadmin\Controller\RwxyController.class.php 第 240 行.
NOTIC: [8] Undefined variable: Think C:\phpStudy\PHPTutorial\WWW\App\Qwadmin\Controller\RwxyController.class.php 第 248 行.
INFO: [ view_parse ] --START--
INFO: [ template_filter ] --START--
INFO: Run Behavior\ContentReplaceBehavior [ RunTime:0.000000s ]
INFO: [ template_filter ] --END-- [ RunTime:0.000000s ]
NOTIC: [8] Undefined variable: user C:\phpStudy\PHPTutorial\WWW\App\Runtime\Cache\Qwadmin\d7de931549735967ffcf11db6c89903a.php 第 117 行.
NOTIC: [8] Undefined variable: user C:\phpStudy\PHPTutorial\WWW\App\Runtime\Cache\Qwadmin\d7de931549735967ffcf11db6c89903a.php 第 117 行.
NOTIC: [8] Undefined variable: user C:\phpStudy\PHPTutorial\WWW\App\Runtime\Cache\Qwadmin\d7de931549735967ffcf11db6c89903a.php 第 120 行.
NOTIC: [8] Undefined variable: datalistarr C:\phpStudy\PHPTutorial\WWW\App\Runtime\Cache\Qwadmin\d7de931549735967ffcf11db6c89903a.php 第 196 行.
NOTIC: [8] Undefined variable: dataliststr C:\phpStudy\PHPTutorial\WWW\App\Runtime\Cache\Qwadmin\d7de931549735967ffcf11db6c89903a.php 第 330 行.
NOTIC: [8] Undefined variable: dataliststr C:\phpStudy\PHPTutorial\WWW\App\Runtime\Cache\Qwadmin\d7de931549735967ffcf11db6c89903a.php 第 349 行.
INFO: Run Behavior\ParseTemplateBehavior [ RunTime:0.000000s ]
INFO: [ view_parse ] --END-- [ RunTime:0.000000s ]
INFO: [ view_filter ] --START--
INFO: Run Behavior\WriteHtmlCacheBehavior [ RunTime:0.000000s ]
INFO: [ view_filter ] --END-- [ RunTime:0.000000s ]
INFO: [ app_end ] --START--
INFO: Run Behavior\ShowPageTraceBehavior [ RunTime:0.000000s ]
INFO: [ app_end ] --END-- [ RunTime:0.000000s ]

[ 2018-11-30T23:10:43+08:00 ] 115.227.94.173 /index.php/Qwadmin/Rwxy/uniquerydata/sheetname/%E8%AF%BE%E6%94%B9%E9%A1%B9%E7%9B%AE%E8%AF%BE%E8%A1%A8.html
INFO: [ app_init ] --START--
INFO: Run Behavior\BuildLiteBehavior [ RunTime:0.000000s ]
INFO: [ app_init ] --END-- [ RunTime:0.000000s ]
INFO: [ app_begin ] --START--
INFO: Run Behavior\ReadHtmlCacheBehavior [ RunTime:0.000000s ]
INFO: [ app_begin ] --END-- [ RunTime:0.000000s ]
SQL: SHOW COLUMNS FROM `qw_unisecret` [ RunTime:0.0000s ]
SQL: SELECT DISTINCT  `sheetname` FROM `qw_unisecret` WHERE `sheetname` = '课改项目课表' AND `rpw` = 'dd' ORDER BY id  [ RunTime:0.0000s ]
SQL: SELECT DISTINCT  `name` FROM `qw_unisecret` WHERE `sheetname` = '课改项目课表' AND `rpw` = 'dd' ORDER BY id  [ RunTime:0.0156s ]
SQL: SELECT * FROM `qw_unisecret` WHERE `sheetname` = '课改项目课表' AND `rpw` = 'dd' LIMIT 1   [ RunTime:0.0000s ]
SQL: SELECT DISTINCT  `d1` FROM `qw_unisecret` WHERE `sheetname` = '课改项目课表' AND `rpw` = 'dd' ORDER BY id asc  [ RunTime:0.0000s ]
SQL: SELECT DISTINCT  `d2` FROM `qw_unisecret` WHERE `sheetname` = '课改项目课表' AND `rpw` = 'dd' ORDER BY id asc  [ RunTime:0.0156s ]
SQL: SELECT DISTINCT  `d4` FROM `qw_unisecret` WHERE `sheetname` = '课改项目课表' AND `rpw` = 'dd' ORDER BY id asc  [ RunTime:0.0000s ]
NOTIC: [8] Undefined variable: echohtml C:\phpStudy\PHPTutorial\WWW\App\Qwadmin\Controller\RwxyController.class.php 第 282 行.
NOTIC: [8] Undefined variable: Think C:\phpStudy\PHPTutorial\WWW\App\Qwadmin\Controller\RwxyController.class.php 第 294 行.
NOTIC: [8] Undefined variable: Think C:\phpStudy\PHPTutorial\WWW\App\Qwadmin\Controller\RwxyController.class.php 第 294 行.
NOTIC: [8] Undefined variable: Think C:\phpStudy\PHPTutorial\WWW\App\Qwadmin\Controller\RwxyController.class.php 第 294 行.
NOTIC: [8] Undefined variable: Think C:\phpStudy\PHPTutorial\WWW\App\Qwadmin\Controller\RwxyController.class.php 第 294 行.
NOTIC: [8] Undefined variable: Think C:\phpStudy\PHPTutorial\WWW\App\Qwadmin\Controller\RwxyController.class.php 第 294 行.
NOTIC: [8] Undefined variable: Think C:\phpStudy\PHPTutorial\WWW\App\Qwadmin\Controller\RwxyController.class.php 第 294 行.
NOTIC: [8] Undefined variable: Think C:\phpStudy\PHPTutorial\WWW\App\Qwadmin\Controller\RwxyController.class.php 第 294 行.
NOTIC: [8] Undefined variable: Think C:\phpStudy\PHPTutorial\WWW\App\Qwadmin\Controller\RwxyController.class.php 第 294 行.
NOTIC: [8] Undefined variable: Think C:\phpStudy\PHPTutorial\WWW\App\Qwadmin\Controller\RwxyController.class.php 第 294 行.
NOTIC: [8] Undefined variable: Think C:\phpStudy\PHPTutorial\WWW\App\Qwadmin\Controller\RwxyController.class.php 第 294 行.
NOTIC: [8] Undefined variable: Think C:\phpStudy\PHPTutorial\WWW\App\Qwadmin\Controller\RwxyController.class.php 第 294 行.
NOTIC: [8] Undefined variable: Think C:\phpStudy\PHPTutorial\WWW\App\Qwadmin\Controller\RwxyController.class.php 第 294 行.
NOTIC: [8] Undefined variable: Think C:\phpStudy\PHPTutorial\WWW\App\Qwadmin\Controller\RwxyController.class.php 第 294 行.
NOTIC: [8] Undefined variable: Think C:\phpStudy\PHPTutorial\WWW\App\Qwadmin\Controller\RwxyController.class.php 第 294 行.
NOTIC: [8] Undefined variable: Think C:\phpStudy\PHPTutorial\WWW\App\Qwadmin\Controller\RwxyController.class.php 第 294 行.
NOTIC: [8] Undefined variable: Think C:\phpStudy\PHPTutorial\WWW\App\Qwadmin\Controller\RwxyController.class.php 第 294 行.
NOTIC: [8] Undefined variable: Think C:\phpStudy\PHPTutorial\WWW\App\Qwadmin\Controller\RwxyController.class.php 第 294 行.
NOTIC: [8] Undefined variable: Think C:\phpStudy\PHPTutorial\WWW\App\Qwadmin\Controller\RwxyController.class.php 第 294 行.
NOTIC: [8] Undefined variable: Think C:\phpStudy\PHPTutorial\WWW\App\Qwadmin\Controller\RwxyController.class.php 第 294 行.
NOTIC: [8] Undefined variable: Think C:\phpStudy\PHPTutorial\WWW\App\Qwadmin\Controller\RwxyController.class.php 第 294 行.
NOTIC: [8] Undefined variable: Think C:\phpStudy\PHPTutorial\WWW\App\Qwadmin\Controller\RwxyController.class.php 第 294 行.
NOTIC: [8] Undefined variable: Think C:\phpStudy\PHPTutorial\WWW\App\Qwadmin\Controller\RwxyController.class.php 第 294 行.
NOTIC: [8] Undefined variable: Think C:\phpStudy\PHPTutorial\WWW\App\Qwadmin\Controller\RwxyController.class.php 第 294 行.
NOTIC: [8] Undefined variable: Think C:\phpStudy\PHPTutorial\WWW\App\Qwadmin\Controller\RwxyController.class.php 第 294 行.
NOTIC: [8] Undefined variable: Think C:\phpStudy\PHPTutorial\WWW\App\Qwadmin\Controller\RwxyController.class.php 第 294 行.
NOTIC: [8] Undefined variable: Think C:\phpStudy\PHPTutorial\WWW\App\Qwadmin\Controller\RwxyController.class.php 第 294 行.
NOTIC: [8] Undefined variable: Think C:\phpStudy\PHPTutorial\WWW\App\Qwadmin\Controller\RwxyController.class.php 第 294 行.
NOTIC: [8] Undefined variable: Think C:\phpStudy\PHPTutorial\WWW\App\Qwadmin\Controller\RwxyController.class.php 第 294 行.
NOTIC: [8] Undefined variable: Think C:\phpStudy\PHPTutorial\WWW\App\Qwadmin\Controller\RwxyController.class.php 第 294 行.
NOTIC: [8] Undefined variable: Think C:\phpStudy\PHPTutorial\WWW\App\Qwadmin\Controller\RwxyController.class.php 第 294 行.
NOTIC: [8] Undefined variable: Think C:\phpStudy\PHPTutorial\WWW\App\Qwadmin\Controller\RwxyController.class.php 第 294 行.
NOTIC: [8] Undefined variable: Think C:\phpStudy\PHPTutorial\WWW\App\Qwadmin\Controller\RwxyController.class.php 第 294 行.
NOTIC: [8] Undefined variable: Think C:\phpStudy\PHPTutorial\WWW\App\Qwadmin\Controller\RwxyController.class.php 第 294 行.
NOTIC: [8] Undefined variable: Think C:\phpStudy\PHPTutorial\WWW\App\Qwadmin\Controller\RwxyController.class.php 第 294 行.
NOTIC: [8] Undefined variable: Think C:\phpStudy\PHPTutorial\WWW\App\Qwadmin\Controller\RwxyController.class.php 第 294 行.
NOTIC: [8] Undefined variable: Think C:\phpStudy\PHPTutorial\WWW\App\Qwadmin\Controller\RwxyController.class.php 第 294 行.
NOTIC: [8] Undefined variable: Think C:\phpStudy\PHPTutorial\WWW\App\Qwadmin\Controller\RwxyController.class.php 第 294 行.
NOTIC: [8] Undefined variable: Think C:\phpStudy\PHPTutorial\WWW\App\Qwadmin\Controller\RwxyController.class.php 第 294 行.
NOTIC: [8] Undefined variable: Think C:\phpStudy\PHPTutorial\WWW\App\Qwadmin\Controller\RwxyController.class.php 第 294 行.
NOTIC: [8] Undefined variable: Think C:\phpStudy\PHPTutorial\WWW\App\Qwadmin\Controller\RwxyController.class.php 第 294 行.
NOTIC: [8] Undefined variable: Think C:\phpStudy\PHPTutorial\WWW\App\Qwadmin\Controller\RwxyController.class.php 第 294 行.
NOTIC: [8] Undefined variable: Think C:\phpStudy\PHPTutorial\WWW\App\Qwadmin\Controller\RwxyController.class.php 第 294 行.
NOTIC: [8] Undefined variable: Think C:\phpStudy\PHPTutorial\WWW\App\Qwadmin\Controller\RwxyController.class.php 第 294 行.
NOTIC: [8] Undefined variable: Think C:\phpStudy\PHPTutorial\WWW\App\Qwadmin\Controller\RwxyController.class.php 第 294 行.
NOTIC: [8] Undefined variable: Think C:\phpStudy\PHPTutorial\WWW\App\Qwadmin\Controller\RwxyController.class.php 第 294 行.
NOTIC: [8] Undefined variable: Think C:\phpStudy\PHPTutorial\WWW\App\Qwadmin\Controller\RwxyController.class.php 第 294 行.
NOTIC: [8] Undefined variable: Think C:\phpStudy\PHPTutorial\WWW\App\Qwadmin\Controller\RwxyController.class.php 第 294 行.
NOTIC: [8] Undefined variable: Think C:\phpStudy\PHPTutorial\WWW\App\Qwadmin\Controller\RwxyController.class.php 第 294 行.
NOTIC: [8] Undefined variable: Think C:\phpStudy\PHPTutorial\WWW\App\Qwadmin\Controller\RwxyController.class.php 第 294 行.
NOTIC: [8] Undefined variable: Think C:\phpStudy\PHPTutorial\WWW\App\Qwadmin\Controller\RwxyController.class.php 第 294 行.
NOTIC: [8] Undefined variable: Think C:\phpStudy\PHPTutorial\WWW\App\Qwadmin\Controller\RwxyController.class.php 第 294 行.
NOTIC: [8] Undefined variable: Think C:\phpStudy\PHPTutorial\WWW\App\Qwadmin\Controller\RwxyController.class.php 第 294 行.
NOTIC: [8] Undefined variable: Think C:\phpStudy\PHPTutorial\WWW\App\Qwadmin\Controller\RwxyController.class.php 第 294 行.
NOTIC: [8] Undefined variable: Think C:\phpStudy\PHPTutorial\WWW\App\Qwadmin\Controller\RwxyController.class.php 第 294 行.
NOTIC: [8] Undefined variable: Think C:\phpStudy\PHPTutorial\WWW\App\Qwadmin\Controller\RwxyController.class.php 第 294 行.
NOTIC: [8] Undefined variable: Think C:\phpStudy\PHPTutorial\WWW\App\Qwadmin\Controller\RwxyController.class.php 第 294 行.
NOTIC: [8] Undefined variable: Think C:\phpStudy\PHPTutorial\WWW\App\Qwadmin\Controller\RwxyController.class.php 第 294 行.
NOTIC: [8] Undefined variable: Think C:\phpStudy\PHPTutorial\WWW\App\Qwadmin\Controller\RwxyController.class.php 第 294 行.
NOTIC: [8] Undefined variable: Think C:\phpStudy\PHPTutorial\WWW\App\Qwadmin\Controller\RwxyController.class.php 第 294 行.
NOTIC: [8] Undefined variable: Think C:\phpStudy\PHPTutorial\WWW\App\Qwadmin\Controller\RwxyController.class.php 第 294 行.
NOTIC: [8] Undefined variable: Think C:\phpStudy\PHPTutorial\WWW\App\Qwadmin\Controller\RwxyController.class.php 第 294 行.
NOTIC: [8] Undefined variable: Think C:\phpStudy\PHPTutorial\WWW\App\Qwadmin\Controller\RwxyController.class.php 第 294 行.
NOTIC: [8] Undefined variable: Think C:\phpStudy\PHPTutorial\WWW\App\Qwadmin\Controller\RwxyController.class.php 第 294 行.
NOTIC: [8] Undefined variable: Think C:\phpStudy\PHPTutorial\WWW\App\Qwadmin\Controller\RwxyController.class.php 第 294 行.
NOTIC: [8] Undefined variable: Think C:\phpStudy\PHPTutorial\WWW\App\Qwadmin\Controller\RwxyController.class.php 第 294 行.
NOTIC: [8] Undefined variable: Think C:\phpStudy\PHPTutorial\WWW\App\Qwadmin\Controller\RwxyController.class.php 第 294 行.
NOTIC: [8] Undefined variable: Think C:\phpStudy\PHPTutorial\WWW\App\Qwadmin\Controller\RwxyController.class.php 第 294 行.
NOTIC: [8] Undefined variable: Think C:\phpStudy\PHPTutorial\WWW\App\Qwadmin\Controller\RwxyController.class.php 第 294 行.
NOTIC: [8] Undefined variable: Think C:\phpStudy\PHPTutorial\WWW\App\Qwadmin\Controller\RwxyController.class.php 第 294 行.
NOTIC: [8] Undefined variable: Think C:\phpStudy\PHPTutorial\WWW\App\Qwadmin\Controller\RwxyController.class.php 第 294 行.
NOTIC: [8] Undefined variable: Think C:\phpStudy\PHPTutorial\WWW\App\Qwadmin\Controller\RwxyController.class.php 第 294 行.
NOTIC: [8] Undefined variable: Think C:\phpStudy\PHPTutorial\WWW\App\Qwadmin\Controller\RwxyController.class.php 第 294 行.
NOTIC: [8] Undefined variable: Think C:\phpStudy\PHPTutorial\WWW\App\Qwadmin\Controller\RwxyController.class.php 第 294 行.
NOTIC: [8] Undefined variable: Think C:\phpStudy\PHPTutorial\WWW\App\Qwadmin\Controller\RwxyController.class.php 第 294 行.
NOTIC: [8] Undefined variable: Think C:\phpStudy\PHPTutorial\WWW\App\Qwadmin\Controller\RwxyController.class.php 第 294 行.
NOTIC: [8] Undefined variable: Think C:\phpStudy\PHPTutorial\WWW\App\Qwadmin\Controller\RwxyController.class.php 第 294 行.
NOTIC: [8] Undefined variable: Think C:\phpStudy\PHPTutorial\WWW\App\Qwadmin\Controller\RwxyController.class.php 第 294 行.
NOTIC: [8] Undefined variable: Think C:\phpStudy\PHPTutorial\WWW\App\Qwadmin\Controller\RwxyController.class.php 第 294 行.
NOTIC: [8] Undefined variable: Think C:\phpStudy\PHPTutorial\WWW\App\Qwadmin\Controller\RwxyController.class.php 第 294 行.
NOTIC: [8] Undefined variable: Think C:\phpStudy\PHPTutorial\WWW\App\Qwadmin\Controller\RwxyController.class.php 第 294 行.
NOTIC: [8] Undefined variable: Think C:\phpStudy\PHPTutorial\WWW\App\Qwadmin\Controller\RwxyController.class.php 第 294 行.
NOTIC: [8] Undefined variable: Think C:\phpStudy\PHPTutorial\WWW\App\Qwadmin\Controller\RwxyController.class.php 第 294 行.
NOTIC: [8] Undefined variable: Think C:\phpStudy\PHPTutorial\WWW\App\Qwadmin\Controller\RwxyController.class.php 第 294 行.
NOTIC: [8] Undefined variable: Think C:\phpStudy\PHPTutorial\WWW\App\Qwadmin\Controller\RwxyController.class.php 第 294 行.
SQL: SELECT * FROM `qw_unisecret` WHERE `sheetname` = '课改项目课表' AND `rpw` = 'dd' LIMIT 1   [ RunTime:0.0156s ]
SQL: SELECT * FROM `qw_unisecret` WHERE `sheetname` = '课改项目课表' AND `rpw` = 'dd' LIMIT 50   [ RunTime:0.0000s ]
SQL: SELECT COUNT(*) AS tp_count FROM `qw_unisecret` WHERE `sheetname` = '课改项目课表' AND `rpw` = 'dd' LIMIT 1   [ RunTime:0.0000s ]
NOTIC: [8] Undefined variable: Think C:\phpStudy\PHPTutorial\WWW\App\Qwadmin\Controller\RwxyController.class.php 第 46 行.
NOTIC: [8] Undefined variable: Think C:\phpStudy\PHPTutorial\WWW\App\Qwadmin\Controller\RwxyController.class.php 第 46 行.
NOTIC: [8] Undefined variable: Think C:\phpStudy\PHPTutorial\WWW\App\Qwadmin\Controller\RwxyController.class.php 第 46 行.
NOTIC: [8] Undefined variable: Think C:\phpStudy\PHPTutorial\WWW\App\Qwadmin\Controller\RwxyController.class.php 第 46 行.
NOTIC: [8] Undefined variable: Think C:\phpStudy\PHPTutorial\WWW\App\Qwadmin\Controller\RwxyController.class.php 第 46 行.
NOTIC: [8] Undefined variable: Think C:\phpStudy\PHPTutorial\WWW\App\Qwadmin\Controller\RwxyController.class.php 第 46 行.
NOTIC: [8] Undefined variable: Think C:\phpStudy\PHPTutorial\WWW\App\Qwadmin\Controller\RwxyController.class.php 第 46 行.
NOTIC: [8] Undefined variable: Think C:\phpStudy\PHPTutorial\WWW\App\Qwadmin\Controller\RwxyController.class.php 第 46 行.
NOTIC: [8] Undefined variable: Think C:\phpStudy\PHPTutorial\WWW\App\Qwadmin\Controller\RwxyController.class.php 第 46 行.
NOTIC: [8] Undefined variable: Think C:\phpStudy\PHPTutorial\WWW\App\Qwadmin\Controller\RwxyController.class.php 第 46 行.
NOTIC: [8] Undefined variable: Think C:\phpStudy\PHPTutorial\WWW\App\Qwadmin\Controller\RwxyController.class.php 第 46 行.
NOTIC: [8] Undefined variable: Think C:\phpStudy\PHPTutorial\WWW\App\Qwadmin\Controller\RwxyController.class.php 第 46 行.
NOTIC: [8] Undefined variable: Think C:\phpStudy\PHPTutorial\WWW\App\Qwadmin\Controller\RwxyController.class.php 第 46 行.
NOTIC: [8] Undefined variable: Think C:\phpStudy\PHPTutorial\WWW\App\Qwadmin\Controller\RwxyController.class.php 第 46 行.
NOTIC: [8] Undefined variable: Think C:\phpStudy\PHPTutorial\WWW\App\Qwadmin\Controller\RwxyController.class.php 第 46 行.
NOTIC: [8] Undefined variable: Think C:\phpStudy\PHPTutorial\WWW\App\Qwadmin\Controller\RwxyController.class.php 第 46 行.
NOTIC: [8] Undefined variable: Think C:\phpStudy\PHPTutorial\WWW\App\Qwadmin\Controller\RwxyController.class.php 第 46 行.
NOTIC: [8] Undefined variable: Think C:\phpStudy\PHPTutorial\WWW\App\Qwadmin\Controller\RwxyController.class.php 第 46 行.
NOTIC: [8] Undefined variable: Think C:\phpStudy\PHPTutorial\WWW\App\Qwadmin\Controller\RwxyController.class.php 第 46 行.
NOTIC: [8] Undefined variable: Think C:\phpStudy\PHPTutorial\WWW\App\Qwadmin\Controller\RwxyController.class.php 第 46 行.
NOTIC: [8] Undefined variable: Think C:\phpStudy\PHPTutorial\WWW\App\Qwadmin\Controller\RwxyController.class.php 第 46 行.
NOTIC: [8] Undefined variable: Think C:\phpStudy\PHPTutorial\WWW\App\Qwadmin\Controller\RwxyController.class.php 第 46 行.
NOTIC: [8] Undefined variable: Think C:\phpStudy\PHPTutorial\WWW\App\Qwadmin\Controller\RwxyController.class.php 第 46 行.
NOTIC: [8] Undefined variable: Think C:\phpStudy\PHPTutorial\WWW\App\Qwadmin\Controller\RwxyController.class.php 第 46 行.
NOTIC: [8] Undefined variable: Think C:\phpStudy\PHPTutorial\WWW\App\Qwadmin\Controller\RwxyController.class.php 第 46 行.
NOTIC: [8] Undefined variable: Think C:\phpStudy\PHPTutorial\WWW\App\Qwadmin\Controller\RwxyController.class.php 第 46 行.
NOTIC: [8] Undefined variable: Think C:\phpStudy\PHPTutorial\WWW\App\Qwadmin\Controller\RwxyController.class.php 第 46 行.
NOTIC: [8] Undefined variable: Think C:\phpStudy\PHPTutorial\WWW\App\Qwadmin\Controller\RwxyController.class.php 第 46 行.
NOTIC: [8] Undefined variable: Think C:\phpStudy\PHPTutorial\WWW\App\Qwadmin\Controller\RwxyController.class.php 第 46 行.
NOTIC: [8] Undefined variable: Think C:\phpStudy\PHPTutorial\WWW\App\Qwadmin\Controller\RwxyController.class.php 第 46 行.
NOTIC: [8] Undefined variable: Think C:\phpStudy\PHPTutorial\WWW\App\Qwadmin\Controller\RwxyController.class.php 第 46 行.
NOTIC: [8] Undefined variable: Think C:\phpStudy\PHPTutorial\WWW\App\Qwadmin\Controller\RwxyController.class.php 第 46 行.
NOTIC: [8] Undefined variable: Think C:\phpStudy\PHPTutorial\WWW\App\Qwadmin\Controller\RwxyController.class.php 第 46 行.
NOTIC: [8] Undefined variable: Think C:\phpStudy\PHPTutorial\WWW\App\Qwadmin\Controller\RwxyController.class.php 第 46 行.
NOTIC: [8] Undefined variable: Think C:\phpStudy\PHPTutorial\WWW\App\Qwadmin\Controller\RwxyController.class.php 第 46 行.
NOTIC: [8] Undefined variable: Think C:\phpStudy\PHPTutorial\WWW\App\Qwadmin\Controller\RwxyController.class.php 第 46 行.
NOTIC: [8] Undefined variable: Think C:\phpStudy\PHPTutorial\WWW\App\Qwadmin\Controller\RwxyController.class.php 第 46 行.
NOTIC: [8] Undefined variable: Think C:\phpStudy\PHPTutorial\WWW\App\Qwadmin\Controller\RwxyController.class.php 第 46 行.
NOTIC: [8] Undefined variable: Think C:\phpStudy\PHPTutorial\WWW\App\Qwadmin\Controller\RwxyController.class.php 第 46 行.
NOTIC: [8] Undefined variable: Think C:\phpStudy\PHPTutorial\WWW\App\Qwadmin\Controller\RwxyController.class.php 第 46 行.
NOTIC: [8] Undefined variable: Think C:\phpStudy\PHPTutorial\WWW\App\Qwadmin\Controller\RwxyController.class.php 第 46 行.
NOTIC: [8] Undefined variable: Think C:\phpStudy\PHPTutorial\WWW\App\Qwadmin\Controller\RwxyController.class.php 第 46 行.
NOTIC: [8] Undefined variable: Think C:\phpStudy\PHPTutorial\WWW\App\Qwadmin\Controller\RwxyController.class.php 第 46 行.
NOTIC: [8] Undefined variable: Think C:\phpStudy\PHPTutorial\WWW\App\Qwadmin\Controller\RwxyController.class.php 第 46 行.
NOTIC: [8] Undefined variable: Think C:\phpStudy\PHPTutorial\WWW\App\Qwadmin\Controller\RwxyController.class.php 第 46 行.
NOTIC: [8] Undefined variable: Think C:\phpStudy\PHPTutorial\WWW\App\Qwadmin\Controller\RwxyController.class.php 第 46 行.
NOTIC: [8] Undefined variable: Think C:\phpStudy\PHPTutorial\WWW\App\Qwadmin\Controller\RwxyController.class.php 第 46 行.
NOTIC: [8] Undefined variable: Think C:\phpStudy\PHPTutorial\WWW\App\Qwadmin\Controller\RwxyController.class.php 第 46 行.
NOTIC: [8] Undefined variable: Think C:\phpStudy\PHPTutorial\WWW\App\Qwadmin\Controller\RwxyController.class.php 第 46 行.
NOTIC: [8] Undefined variable: Think C:\phpStudy\PHPTutorial\WWW\App\Qwadmin\Controller\RwxyController.class.php 第 46 行.
NOTIC: [8] Undefined variable: sheetarr C:\phpStudy\PHPTutorial\WWW\App\Qwadmin\Controller\RwxyController.class.php 第 231 行.
NOTIC: [8] Undefined variable: Think C:\phpStudy\PHPTutorial\WWW\App\Qwadmin\Controller\RwxyController.class.php 第 240 行.
NOTIC: [8] Undefined variable: Think C:\phpStudy\PHPTutorial\WWW\App\Qwadmin\Controller\RwxyController.class.php 第 248 行.
INFO: [ view_parse ] --START--
INFO: [ template_filter ] --START--
INFO: Run Behavior\ContentReplaceBehavior [ RunTime:0.000000s ]
INFO: [ template_filter ] --END-- [ RunTime:0.000000s ]
NOTIC: [8] Undefined variable: user C:\phpStudy\PHPTutorial\WWW\App\Runtime\Cache\Qwadmin\d7de931549735967ffcf11db6c89903a.php 第 117 行.
NOTIC: [8] Undefined variable: user C:\phpStudy\PHPTutorial\WWW\App\Runtime\Cache\Qwadmin\d7de931549735967ffcf11db6c89903a.php 第 117 行.
NOTIC: [8] Undefined variable: user C:\phpStudy\PHPTutorial\WWW\App\Runtime\Cache\Qwadmin\d7de931549735967ffcf11db6c89903a.php 第 120 行.
NOTIC: [8] Undefined variable: datalistarr C:\phpStudy\PHPTutorial\WWW\App\Runtime\Cache\Qwadmin\d7de931549735967ffcf11db6c89903a.php 第 196 行.
NOTIC: [8] Undefined variable: dataliststr C:\phpStudy\PHPTutorial\WWW\App\Runtime\Cache\Qwadmin\d7de931549735967ffcf11db6c89903a.php 第 330 行.
NOTIC: [8] Undefined variable: dataliststr C:\phpStudy\PHPTutorial\WWW\App\Runtime\Cache\Qwadmin\d7de931549735967ffcf11db6c89903a.php 第 349 行.
INFO: Run Behavior\ParseTemplateBehavior [ RunTime:0.015625s ]
INFO: [ view_parse ] --END-- [ RunTime:0.015625s ]
INFO: [ view_filter ] --START--
INFO: Run Behavior\WriteHtmlCacheBehavior [ RunTime:0.000000s ]
INFO: [ view_filter ] --END-- [ RunTime:0.000000s ]
INFO: [ app_end ] --START--
INFO: Run Behavior\ShowPageTraceBehavior [ RunTime:0.000000s ]
INFO: [ app_end ] --END-- [ RunTime:0.000000s ]

[ 2018-11-30T23:10:56+08:00 ] 115.227.94.173 /index.php/Qwadmin/Rwxy/uniquerydata/sheetname/%E8%AF%BE%E6%94%B9%E9%A1%B9%E7%9B%AE%E8%AF%BE%E8%A1%A8/d2/%E8%89%BA%E6%9C%AF%E5%AD%A6%E9%99%A2.html
INFO: [ app_init ] --START--
INFO: Run Behavior\BuildLiteBehavior [ RunTime:0.000000s ]
INFO: [ app_init ] --END-- [ RunTime:0.000000s ]
INFO: [ app_begin ] --START--
INFO: Run Behavior\ReadHtmlCacheBehavior [ RunTime:0.000000s ]
INFO: [ app_begin ] --END-- [ RunTime:0.000000s ]
SQL: SHOW COLUMNS FROM `qw_unisecret` [ RunTime:0.0000s ]
SQL: SELECT DISTINCT  `sheetname` FROM `qw_unisecret` WHERE `sheetname` = '课改项目课表' AND `d2` = '艺术学院' AND `rpw` = 'dd' ORDER BY id  [ RunTime:0.0156s ]
SQL: SELECT DISTINCT  `name` FROM `qw_unisecret` WHERE `sheetname` = '课改项目课表' AND `d2` = '艺术学院' AND `rpw` = 'dd' ORDER BY id  [ RunTime:0.0000s ]
SQL: SELECT * FROM `qw_unisecret` WHERE `sheetname` = '课改项目课表' AND `d2` = '艺术学院' AND `rpw` = 'dd' LIMIT 1   [ RunTime:0.0000s ]
SQL: SELECT DISTINCT  `d1` FROM `qw_unisecret` WHERE `sheetname` = '课改项目课表' AND `d2` = '艺术学院' AND `rpw` = 'dd' ORDER BY id asc  [ RunTime:0.0156s ]
SQL: SELECT DISTINCT  `d2` FROM `qw_unisecret` WHERE `sheetname` = '课改项目课表' AND `d2` = '艺术学院' AND `rpw` = 'dd' ORDER BY id asc  [ RunTime:0.0000s ]
SQL: SELECT DISTINCT  `d4` FROM `qw_unisecret` WHERE `sheetname` = '课改项目课表' AND `d2` = '艺术学院' AND `rpw` = 'dd' ORDER BY id asc  [ RunTime:0.0000s ]
NOTIC: [8] Undefined variable: echohtml C:\phpStudy\PHPTutorial\WWW\App\Qwadmin\Controller\RwxyController.class.php 第 282 行.
NOTIC: [8] Undefined variable: Think C:\phpStudy\PHPTutorial\WWW\App\Qwadmin\Controller\RwxyController.class.php 第 294 行.
NOTIC: [8] Undefined variable: Think C:\phpStudy\PHPTutorial\WWW\App\Qwadmin\Controller\RwxyController.class.php 第 294 行.
NOTIC: [8] Undefined variable: Think C:\phpStudy\PHPTutorial\WWW\App\Qwadmin\Controller\RwxyController.class.php 第 294 行.
NOTIC: [8] Undefined variable: Think C:\phpStudy\PHPTutorial\WWW\App\Qwadmin\Controller\RwxyController.class.php 第 294 行.
NOTIC: [8] Undefined variable: Think C:\phpStudy\PHPTutorial\WWW\App\Qwadmin\Controller\RwxyController.class.php 第 294 行.
NOTIC: [8] Undefined variable: Think C:\phpStudy\PHPTutorial\WWW\App\Qwadmin\Controller\RwxyController.class.php 第 294 行.
NOTIC: [8] Undefined variable: Think C:\phpStudy\PHPTutorial\WWW\App\Qwadmin\Controller\RwxyController.class.php 第 294 行.
NOTIC: [8] Undefined variable: Think C:\phpStudy\PHPTutorial\WWW\App\Qwadmin\Controller\RwxyController.class.php 第 294 行.
NOTIC: [8] Undefined variable: Think C:\phpStudy\PHPTutorial\WWW\App\Qwadmin\Controller\RwxyController.class.php 第 294 行.
NOTIC: [8] Undefined variable: Think C:\phpStudy\PHPTutorial\WWW\App\Qwadmin\Controller\RwxyController.class.php 第 294 行.
SQL: SELECT * FROM `qw_unisecret` WHERE `sheetname` = '课改项目课表' AND `d2` = '艺术学院' AND `rpw` = 'dd' LIMIT 1   [ RunTime:0.0000s ]
SQL: SELECT * FROM `qw_unisecret` WHERE `sheetname` = '课改项目课表' AND `d2` = '艺术学院' AND `rpw` = 'dd' LIMIT 50   [ RunTime:0.0156s ]
SQL: SELECT COUNT(*) AS tp_count FROM `qw_unisecret` WHERE `sheetname` = '课改项目课表' AND `d2` = '艺术学院' AND `rpw` = 'dd' LIMIT 1   [ RunTime:0.0000s ]
NOTIC: [8] Undefined variable: Think C:\phpStudy\PHPTutorial\WWW\App\Qwadmin\Controller\RwxyController.class.php 第 46 行.
NOTIC: [8] Undefined variable: Think C:\phpStudy\PHPTutorial\WWW\App\Qwadmin\Controller\RwxyController.class.php 第 46 行.
NOTIC: [8] Undefined variable: Think C:\phpStudy\PHPTutorial\WWW\App\Qwadmin\Controller\RwxyController.class.php 第 46 行.
NOTIC: [8] Undefined variable: Think C:\phpStudy\PHPTutorial\WWW\App\Qwadmin\Controller\RwxyController.class.php 第 46 行.
NOTIC: [8] Undefined variable: Think C:\phpStudy\PHPTutorial\WWW\App\Qwadmin\Controller\RwxyController.class.php 第 46 行.
NOTIC: [8] Undefined variable: Think C:\phpStudy\PHPTutorial\WWW\App\Qwadmin\Controller\RwxyController.class.php 第 46 行.
NOTIC: [8] Undefined variable: Think C:\phpStudy\PHPTutorial\WWW\App\Qwadmin\Controller\RwxyController.class.php 第 46 行.
NOTIC: [8] Undefined variable: Think C:\phpStudy\PHPTutorial\WWW\App\Qwadmin\Controller\RwxyController.class.php 第 46 行.
NOTIC: [8] Undefined variable: Think C:\phpStudy\PHPTutorial\WWW\App\Qwadmin\Controller\RwxyController.class.php 第 46 行.
NOTIC: [8] Undefined variable: Think C:\phpStudy\PHPTutorial\WWW\App\Qwadmin\Controller\RwxyController.class.php 第 46 行.
NOTIC: [8] Undefined variable: Think C:\phpStudy\PHPTutorial\WWW\App\Qwadmin\Controller\RwxyController.class.php 第 46 行.
NOTIC: [8] Undefined variable: Think C:\phpStudy\PHPTutorial\WWW\App\Qwadmin\Controller\RwxyController.class.php 第 46 行.
NOTIC: [8] Undefined variable: Think C:\phpStudy\PHPTutorial\WWW\App\Qwadmin\Controller\RwxyController.class.php 第 46 行.
NOTIC: [8] Undefined variable: Think C:\phpStudy\PHPTutorial\WWW\App\Qwadmin\Controller\RwxyController.class.php 第 46 行.
NOTIC: [8] Undefined variable: sheetarr C:\phpStudy\PHPTutorial\WWW\App\Qwadmin\Controller\RwxyController.class.php 第 231 行.
NOTIC: [8] Undefined variable: Think C:\phpStudy\PHPTutorial\WWW\App\Qwadmin\Controller\RwxyController.class.php 第 240 行.
NOTIC: [8] Undefined variable: Think C:\phpStudy\PHPTutorial\WWW\App\Qwadmin\Controller\RwxyController.class.php 第 248 行.
INFO: [ view_parse ] --START--
INFO: [ template_filter ] --START--
INFO: Run Behavior\ContentReplaceBehavior [ RunTime:0.000000s ]
INFO: [ template_filter ] --END-- [ RunTime:0.000000s ]
NOTIC: [8] Undefined variable: user C:\phpStudy\PHPTutorial\WWW\App\Runtime\Cache\Qwadmin\d7de931549735967ffcf11db6c89903a.php 第 117 行.
NOTIC: [8] Undefined variable: user C:\phpStudy\PHPTutorial\WWW\App\Runtime\Cache\Qwadmin\d7de931549735967ffcf11db6c89903a.php 第 117 行.
NOTIC: [8] Undefined variable: user C:\phpStudy\PHPTutorial\WWW\App\Runtime\Cache\Qwadmin\d7de931549735967ffcf11db6c89903a.php 第 120 行.
NOTIC: [8] Undefined variable: datalistarr C:\phpStudy\PHPTutorial\WWW\App\Runtime\Cache\Qwadmin\d7de931549735967ffcf11db6c89903a.php 第 196 行.
NOTIC: [8] Undefined variable: dataliststr C:\phpStudy\PHPTutorial\WWW\App\Runtime\Cache\Qwadmin\d7de931549735967ffcf11db6c89903a.php 第 330 行.
NOTIC: [8] Undefined variable: dataliststr C:\phpStudy\PHPTutorial\WWW\App\Runtime\Cache\Qwadmin\d7de931549735967ffcf11db6c89903a.php 第 349 行.
INFO: Run Behavior\ParseTemplateBehavior [ RunTime:0.015625s ]
INFO: [ view_parse ] --END-- [ RunTime:0.015625s ]
INFO: [ view_filter ] --START--
INFO: Run Behavior\WriteHtmlCacheBehavior [ RunTime:0.000000s ]
INFO: [ view_filter ] --END-- [ RunTime:0.000000s ]
INFO: [ app_end ] --START--
INFO: Run Behavior\ShowPageTraceBehavior [ RunTime:0.000000s ]
INFO: [ app_end ] --END-- [ RunTime:0.000000s ]

