[ 2018-11-25T00:04:37+08:00 ] 178.62.208.174 /
INFO: [ app_init ] --START--
INFO: Run Behavior\BuildLiteBehavior [ RunTime:0.000000s ]
INFO: [ app_init ] --END-- [ RunTime:0.000000s ]
INFO: [ app_begin ] --START--
INFO: Run Behavior\ReadHtmlCacheBehavior [ RunTime:0.000000s ]
INFO: [ app_begin ] --END-- [ RunTime:0.000000s ]
NOTIC: [8] Undefined index: code C:\phpStudy\PHPTutorial\WWW\App\Qwadmin\Controller\ComController.class.php 第 23 行.
SQL: SHOW COLUMNS FROM `qw_setting` [ RunTime:0.0156s ]
SQL: SELECT `k`,`v` FROM `qw_setting`  [ RunTime:0.0000s ]
NOTIC: [8] Undefined offset: 1 C:\phpStudy\PHPTutorial\WWW\App\Qwadmin\Controller\ComController.class.php 第 54 行.

[ 2018-11-25T00:04:38+08:00 ] 178.62.208.174 /index.php/Qwadmin/login/index.html?Req_URL=/
INFO: [ app_init ] --START--
INFO: Run Behavior\BuildLiteBehavior [ RunTime:0.000000s ]
INFO: [ app_init ] --END-- [ RunTime:0.000000s ]
INFO: [ app_begin ] --START--
INFO: Run Behavior\ReadHtmlCacheBehavior [ RunTime:0.000000s ]
INFO: [ app_begin ] --END-- [ RunTime:0.000000s ]
SQL: SHOW COLUMNS FROM `qw_setting` [ RunTime:0.0000s ]
SQL: SELECT `k`,`v` FROM `qw_setting`  [ RunTime:0.0000s ]
NOTIC: [8] Undefined offset: 1 C:\phpStudy\PHPTutorial\WWW\App\Qwadmin\Controller\LoginController.class.php 第 23 行.
INFO: [ view_parse ] --START--
INFO: [ template_filter ] --START--
INFO: Run Behavior\ContentReplaceBehavior [ RunTime:0.000000s ]
INFO: [ template_filter ] --END-- [ RunTime:0.000000s ]
INFO: Run Behavior\ParseTemplateBehavior [ RunTime:0.015625s ]
INFO: [ view_parse ] --END-- [ RunTime:0.015625s ]
INFO: [ view_filter ] --START--
INFO: Run Behavior\WriteHtmlCacheBehavior [ RunTime:0.000000s ]
INFO: [ view_filter ] --END-- [ RunTime:0.000000s ]
INFO: [ app_end ] --START--
INFO: Run Behavior\ShowPageTraceBehavior [ RunTime:0.000000s ]
INFO: [ app_end ] --END-- [ RunTime:0.000000s ]

[ 2018-11-25T02:06:04+08:00 ] 5.236.192.92 /
INFO: [ app_init ] --START--
INFO: Run Behavior\BuildLiteBehavior [ RunTime:0.000000s ]
INFO: [ app_init ] --END-- [ RunTime:0.000000s ]
INFO: [ app_begin ] --START--
INFO: Run Behavior\ReadHtmlCacheBehavior [ RunTime:0.000000s ]
INFO: [ app_begin ] --END-- [ RunTime:0.000000s ]
NOTIC: [8] Undefined index: code C:\phpStudy\PHPTutorial\WWW\App\Qwadmin\Controller\ComController.class.php 第 23 行.
SQL: SHOW COLUMNS FROM `qw_setting` [ RunTime:0.0000s ]
SQL: SELECT `k`,`v` FROM `qw_setting`  [ RunTime:0.0000s ]
NOTIC: [8] Undefined offset: 1 C:\phpStudy\PHPTutorial\WWW\App\Qwadmin\Controller\ComController.class.php 第 54 行.

[ 2018-11-25T02:14:44+08:00 ] 41.223.234.26 /
INFO: [ app_init ] --START--
INFO: Run Behavior\BuildLiteBehavior [ RunTime:0.000000s ]
INFO: [ app_init ] --END-- [ RunTime:0.000000s ]
INFO: [ app_begin ] --START--
INFO: Run Behavior\ReadHtmlCacheBehavior [ RunTime:0.000000s ]
INFO: [ app_begin ] --END-- [ RunTime:0.000000s ]
NOTIC: [8] Undefined index: code C:\phpStudy\PHPTutorial\WWW\App\Qwadmin\Controller\ComController.class.php 第 23 行.
SQL: SHOW COLUMNS FROM `qw_setting` [ RunTime:0.0000s ]
SQL: SELECT `k`,`v` FROM `qw_setting`  [ RunTime:0.0000s ]
NOTIC: [8] Undefined offset: 1 C:\phpStudy\PHPTutorial\WWW\App\Qwadmin\Controller\ComController.class.php 第 54 行.

[ 2018-11-25T02:43:35+08:00 ] 190.15.239.223 /
INFO: [ app_init ] --START--
INFO: Run Behavior\BuildLiteBehavior [ RunTime:0.000000s ]
INFO: [ app_init ] --END-- [ RunTime:0.000000s ]
INFO: [ app_begin ] --START--
INFO: Run Behavior\ReadHtmlCacheBehavior [ RunTime:0.000000s ]
INFO: [ app_begin ] --END-- [ RunTime:0.000000s ]
NOTIC: [8] Undefined index: code C:\phpStudy\PHPTutorial\WWW\App\Qwadmin\Controller\ComController.class.php 第 23 行.
SQL: SHOW COLUMNS FROM `qw_setting` [ RunTime:0.0000s ]
SQL: SELECT `k`,`v` FROM `qw_setting`  [ RunTime:0.0000s ]
NOTIC: [8] Undefined offset: 1 C:\phpStudy\PHPTutorial\WWW\App\Qwadmin\Controller\ComController.class.php 第 54 行.

[ 2018-11-25T02:46:18+08:00 ] 185.219.132.174 /
INFO: [ app_init ] --START--
INFO: Run Behavior\BuildLiteBehavior [ RunTime:0.000000s ]
INFO: [ app_init ] --END-- [ RunTime:0.000000s ]
INFO: [ app_begin ] --START--
INFO: Run Behavior\ReadHtmlCacheBehavior [ RunTime:0.000000s ]
INFO: [ app_begin ] --END-- [ RunTime:0.000000s ]
NOTIC: [8] Undefined index: code C:\phpStudy\PHPTutorial\WWW\App\Qwadmin\Controller\ComController.class.php 第 23 行.
SQL: SHOW COLUMNS FROM `qw_setting` [ RunTime:0.0000s ]
SQL: SELECT `k`,`v` FROM `qw_setting`  [ RunTime:0.0156s ]
NOTIC: [8] Undefined offset: 1 C:\phpStudy\PHPTutorial\WWW\App\Qwadmin\Controller\ComController.class.php 第 54 行.

[ 2018-11-25T03:58:50+08:00 ] 94.183.195.41 /
INFO: [ app_init ] --START--
INFO: Run Behavior\BuildLiteBehavior [ RunTime:0.000000s ]
INFO: [ app_init ] --END-- [ RunTime:0.000000s ]
INFO: [ app_begin ] --START--
INFO: Run Behavior\ReadHtmlCacheBehavior [ RunTime:0.000000s ]
INFO: [ app_begin ] --END-- [ RunTime:0.000000s ]
NOTIC: [8] Undefined index: code C:\phpStudy\PHPTutorial\WWW\App\Qwadmin\Controller\ComController.class.php 第 23 行.
SQL: SHOW COLUMNS FROM `qw_setting` [ RunTime:0.0000s ]
SQL: SELECT `k`,`v` FROM `qw_setting`  [ RunTime:0.0000s ]
NOTIC: [8] Undefined offset: 1 C:\phpStudy\PHPTutorial\WWW\App\Qwadmin\Controller\ComController.class.php 第 54 行.

[ 2018-11-25T04:03:51+08:00 ] 180.251.92.188 /
INFO: [ app_init ] --START--
INFO: Run Behavior\BuildLiteBehavior [ RunTime:0.000000s ]
INFO: [ app_init ] --END-- [ RunTime:0.000000s ]
INFO: [ app_begin ] --START--
INFO: Run Behavior\ReadHtmlCacheBehavior [ RunTime:0.000000s ]
INFO: [ app_begin ] --END-- [ RunTime:0.000000s ]
NOTIC: [8] Undefined index: code C:\phpStudy\PHPTutorial\WWW\App\Qwadmin\Controller\ComController.class.php 第 23 行.
SQL: SHOW COLUMNS FROM `qw_setting` [ RunTime:0.0000s ]
SQL: SELECT `k`,`v` FROM `qw_setting`  [ RunTime:0.0000s ]
NOTIC: [8] Undefined offset: 1 C:\phpStudy\PHPTutorial\WWW\App\Qwadmin\Controller\ComController.class.php 第 54 行.

[ 2018-11-25T04:44:01+08:00 ] 35.229.170.249 /
INFO: [ app_init ] --START--
INFO: Run Behavior\BuildLiteBehavior [ RunTime:0.000000s ]
INFO: [ app_init ] --END-- [ RunTime:0.000000s ]
INFO: [ app_begin ] --START--
INFO: Run Behavior\ReadHtmlCacheBehavior [ RunTime:0.000000s ]
INFO: [ app_begin ] --END-- [ RunTime:0.000000s ]
NOTIC: [8] Undefined index: code C:\phpStudy\PHPTutorial\WWW\App\Qwadmin\Controller\ComController.class.php 第 23 行.
SQL: SHOW COLUMNS FROM `qw_setting` [ RunTime:0.0156s ]
SQL: SELECT `k`,`v` FROM `qw_setting`  [ RunTime:0.0000s ]
NOTIC: [8] Undefined offset: 1 C:\phpStudy\PHPTutorial\WWW\App\Qwadmin\Controller\ComController.class.php 第 54 行.

[ 2018-11-25T04:44:01+08:00 ] 35.229.170.249 /index.php/Qwadmin/login/index.html?Req_URL=/
INFO: [ app_init ] --START--
INFO: Run Behavior\BuildLiteBehavior [ RunTime:0.000000s ]
INFO: [ app_init ] --END-- [ RunTime:0.000000s ]
INFO: [ app_begin ] --START--
INFO: Run Behavior\ReadHtmlCacheBehavior [ RunTime:0.000000s ]
INFO: [ app_begin ] --END-- [ RunTime:0.000000s ]
SQL: SHOW COLUMNS FROM `qw_setting` [ RunTime:0.0000s ]
SQL: SELECT `k`,`v` FROM `qw_setting`  [ RunTime:0.0000s ]
NOTIC: [8] Undefined offset: 1 C:\phpStudy\PHPTutorial\WWW\App\Qwadmin\Controller\LoginController.class.php 第 23 行.
INFO: [ view_parse ] --START--
INFO: [ template_filter ] --START--
INFO: Run Behavior\ContentReplaceBehavior [ RunTime:0.000000s ]
INFO: [ template_filter ] --END-- [ RunTime:0.000000s ]
INFO: Run Behavior\ParseTemplateBehavior [ RunTime:0.015625s ]
INFO: [ view_parse ] --END-- [ RunTime:0.015625s ]
INFO: [ view_filter ] --START--
INFO: Run Behavior\WriteHtmlCacheBehavior [ RunTime:0.000000s ]
INFO: [ view_filter ] --END-- [ RunTime:0.000000s ]
INFO: [ app_end ] --START--
INFO: Run Behavior\ShowPageTraceBehavior [ RunTime:0.000000s ]
INFO: [ app_end ] --END-- [ RunTime:0.000000s ]

[ 2018-11-25T04:56:47+08:00 ] 191.8.9.231 /
INFO: [ app_init ] --START--
INFO: Run Behavior\BuildLiteBehavior [ RunTime:0.000000s ]
INFO: [ app_init ] --END-- [ RunTime:0.000000s ]
INFO: [ app_begin ] --START--
INFO: Run Behavior\ReadHtmlCacheBehavior [ RunTime:0.000000s ]
INFO: [ app_begin ] --END-- [ RunTime:0.000000s ]
NOTIC: [8] Undefined index: code C:\phpStudy\PHPTutorial\WWW\App\Qwadmin\Controller\ComController.class.php 第 23 行.
SQL: SHOW COLUMNS FROM `qw_setting` [ RunTime:0.0000s ]
SQL: SELECT `k`,`v` FROM `qw_setting`  [ RunTime:0.0000s ]
NOTIC: [8] Undefined offset: 1 C:\phpStudy\PHPTutorial\WWW\App\Qwadmin\Controller\ComController.class.php 第 54 行.

[ 2018-11-25T05:26:24+08:00 ] 62.106.16.79 /
INFO: [ app_init ] --START--
INFO: Run Behavior\BuildLiteBehavior [ RunTime:0.000000s ]
INFO: [ app_init ] --END-- [ RunTime:0.000000s ]
INFO: [ app_begin ] --START--
INFO: Run Behavior\ReadHtmlCacheBehavior [ RunTime:0.000000s ]
INFO: [ app_begin ] --END-- [ RunTime:0.000000s ]
NOTIC: [8] Undefined index: code C:\phpStudy\PHPTutorial\WWW\App\Qwadmin\Controller\ComController.class.php 第 23 行.
SQL: SHOW COLUMNS FROM `qw_setting` [ RunTime:0.0000s ]
SQL: SELECT `k`,`v` FROM `qw_setting`  [ RunTime:0.0000s ]
NOTIC: [8] Undefined offset: 1 C:\phpStudy\PHPTutorial\WWW\App\Qwadmin\Controller\ComController.class.php 第 54 行.

[ 2018-11-25T06:00:36+08:00 ] 120.79.154.208 /
INFO: [ app_init ] --START--
INFO: Run Behavior\BuildLiteBehavior [ RunTime:0.000000s ]
INFO: [ app_init ] --END-- [ RunTime:0.000000s ]
INFO: [ app_begin ] --START--
INFO: Run Behavior\ReadHtmlCacheBehavior [ RunTime:0.000000s ]
INFO: [ app_begin ] --END-- [ RunTime:0.000000s ]
NOTIC: [8] Undefined index: code C:\phpStudy\PHPTutorial\WWW\App\Qwadmin\Controller\ComController.class.php 第 23 行.
SQL: SHOW COLUMNS FROM `qw_setting` [ RunTime:0.0000s ]
SQL: SELECT `k`,`v` FROM `qw_setting`  [ RunTime:0.0000s ]
NOTIC: [8] Undefined offset: 1 C:\phpStudy\PHPTutorial\WWW\App\Qwadmin\Controller\ComController.class.php 第 54 行.

[ 2018-11-25T06:00:36+08:00 ] 120.79.154.208 /index.php
INFO: [ app_init ] --START--
INFO: Run Behavior\BuildLiteBehavior [ RunTime:0.000000s ]
INFO: [ app_init ] --END-- [ RunTime:0.000000s ]
INFO: [ app_begin ] --START--
INFO: Run Behavior\ReadHtmlCacheBehavior [ RunTime:0.000000s ]
INFO: [ app_begin ] --END-- [ RunTime:0.000000s ]
NOTIC: [8] Undefined index: code C:\phpStudy\PHPTutorial\WWW\App\Qwadmin\Controller\ComController.class.php 第 23 行.
SQL: SHOW COLUMNS FROM `qw_setting` [ RunTime:0.0156s ]
SQL: SELECT `k`,`v` FROM `qw_setting`  [ RunTime:0.0000s ]
NOTIC: [8] Undefined offset: 1 C:\phpStudy\PHPTutorial\WWW\App\Qwadmin\Controller\ComController.class.php 第 54 行.

[ 2018-11-25T06:24:36+08:00 ] 176.35.191.147 /
INFO: [ app_init ] --START--
INFO: Run Behavior\BuildLiteBehavior [ RunTime:0.000000s ]
INFO: [ app_init ] --END-- [ RunTime:0.000000s ]
INFO: [ app_begin ] --START--
INFO: Run Behavior\ReadHtmlCacheBehavior [ RunTime:0.000000s ]
INFO: [ app_begin ] --END-- [ RunTime:0.000000s ]
NOTIC: [8] Undefined index: code C:\phpStudy\PHPTutorial\WWW\App\Qwadmin\Controller\ComController.class.php 第 23 行.
SQL: SHOW COLUMNS FROM `qw_setting` [ RunTime:0.0000s ]
SQL: SELECT `k`,`v` FROM `qw_setting`  [ RunTime:0.0000s ]
NOTIC: [8] Undefined offset: 1 C:\phpStudy\PHPTutorial\WWW\App\Qwadmin\Controller\ComController.class.php 第 54 行.

[ 2018-11-25T08:23:11+08:00 ] 134.175.217.146 /
INFO: [ app_init ] --START--
INFO: Run Behavior\BuildLiteBehavior [ RunTime:0.000000s ]
INFO: [ app_init ] --END-- [ RunTime:0.000000s ]
INFO: [ app_begin ] --START--
INFO: Run Behavior\ReadHtmlCacheBehavior [ RunTime:0.000000s ]
INFO: [ app_begin ] --END-- [ RunTime:0.000000s ]
NOTIC: [8] Undefined index: code C:\phpStudy\PHPTutorial\WWW\App\Qwadmin\Controller\ComController.class.php 第 23 行.
SQL: SHOW COLUMNS FROM `qw_setting` [ RunTime:0.0156s ]
SQL: SELECT `k`,`v` FROM `qw_setting`  [ RunTime:0.0000s ]
NOTIC: [8] Undefined offset: 1 C:\phpStudy\PHPTutorial\WWW\App\Qwadmin\Controller\ComController.class.php 第 54 行.

[ 2018-11-25T08:37:15+08:00 ] 153.35.193.195 /index.php/Qwadmin/Rwxy/echoteacherdb?conall=%E6%95%B0%E6%8D%AE%E8%A1%A8%E5%90%8D%E7%AD%89%E4%BA%8E%E5%AD%A6%E7%94%9F%E6%88%90%E7%BB%A9;d2%E7%AD%89%E4%BA%8E%E6%9D%8E%E5%B0%91%E5%86%9B;;;;;%E4%B8%8D%E6%98%BE%E5%AD%97%E6%AE%B5%E7%AD%89%E4%BA%8Eid,wrpw,data1,data2,ord,rpw,name,pid,custom1,custom2,sheetname;%E6%9F%A5%E7%9C%8B%E5%AF%86%E7%A0%81%E7%AD%89%E4%BA%8Exscj;%E7%94%A8%E6%88%B7%E5%90%8D%E7%AD%89%E4%BA%8E;%E4%B8%8A%E4%BC%A0%E5%AF%86%E7%A0%81%E7%AD%89%E4%BA%8E;%E5%A7%93%E5%90%8D%E5%AD%97%E6%AE%B5%E7%AD%89%E4%BA%8Ed2;ID%E5%AD%97%E6%AE%B5%E7%AD%89%E4%BA%8E;
INFO: [ app_init ] --START--
INFO: Run Behavior\BuildLiteBehavior [ RunTime:0.000000s ]
INFO: [ app_init ] --END-- [ RunTime:0.000000s ]
INFO: [ app_begin ] --START--
INFO: Run Behavior\ReadHtmlCacheBehavior [ RunTime:0.000000s ]
INFO: [ app_begin ] --END-- [ RunTime:0.000000s ]
NOTIC: [8192] preg_replace(): The /e modifier is deprecated, use preg_replace_callback instead C:\phpStudy\PHPTutorial\WWW\App\Common\Common\function.php 第 1393 行.
NOTIC: [8] Undefined variable: likecon C:\phpStudy\PHPTutorial\WWW\App\Qwadmin\Controller\RwxyController.class.php 第 363 行.
NOTIC: [2] Invalid argument supplied for foreach() C:\phpStudy\PHPTutorial\WWW\App\Qwadmin\Controller\RwxyController.class.php 第 414 行.
NOTIC: [8192] preg_replace(): The /e modifier is deprecated, use preg_replace_callback instead C:\phpStudy\PHPTutorial\WWW\App\Common\Common\function.php 第 1393 行.
NOTIC: [8] Undefined variable: likecon C:\phpStudy\PHPTutorial\WWW\App\Qwadmin\Controller\RwxyController.class.php 第 363 行.
NOTIC: [2] Invalid argument supplied for foreach() C:\phpStudy\PHPTutorial\WWW\App\Qwadmin\Controller\RwxyController.class.php 第 414 行.
NOTIC: [8] Undefined index: user C:\phpStudy\PHPTutorial\WWW\App\Qwadmin\Controller\RwxyController.class.php 第 312 行.
NOTIC: [8] Undefined index: wrpw C:\phpStudy\PHPTutorial\WWW\App\Qwadmin\Controller\RwxyController.class.php 第 313 行.
NOTIC: [8] Undefined index: sheetname C:\phpStudy\PHPTutorial\WWW\App\Qwadmin\Controller\RwxyController.class.php 第 35 行.
SQL: SHOW COLUMNS FROM `qw_unisecret` [ RunTime:0.0000s ]
SQL: select COLUMN_NAME from information_schema.COLUMNS where table_name ='qw_unisecret' and table_schema = 'r34'; [ RunTime:0.0156s ]
SQL: SELECT `d1`,`d2`,`d3`,`d4`,`d5`,`d6`,`d7`,`d8`,`d9`,`d10`,`d11`,`d12`,`d13`,`d14`,`d15`,`d16`,`d17`,`d18`,`d19`,`d20`,`d21`,`d22`,`d23`,`d24`,`d25`,`d26`,`d27`,`d28`,`d29`,`d30`,`d31`,`d32`,`d33`,`d34`,`d35`,`d36`,`d37`,`d38`,`d39`,`d40`,`d41`,`d42`,`d43`,`d44`,`d45`,`d46`,`d47`,`d48`,`d49`,`d50` FROM `qw_unisecret` WHERE `d2` = '李少军' AND `sheetname` = '学生成绩' AND `rpw` = 'xscj' AND `ord` <> 0 ORDER BY id  [ RunTime:0.0000s ]
SQL: SELECT * FROM `qw_unisecret` WHERE `d2` = '李少军' AND `sheetname` = '学生成绩' AND `rpw` = 'xscj' ORDER BY id LIMIT 1   [ RunTime:0.0000s ]
SQL: SELECT `d1`,`d2`,`d3`,`d4`,`d5`,`d6`,`d7`,`d8`,`d9`,`d10`,`d11`,`d12`,`d13`,`d14`,`d15`,`d16`,`d17`,`d18`,`d19`,`d20`,`d21`,`d22`,`d23`,`d24`,`d25`,`d26`,`d27`,`d28`,`d29`,`d30`,`d31`,`d32`,`d33`,`d34`,`d35`,`d36`,`d37`,`d38`,`d39`,`d40`,`d41`,`d42`,`d43`,`d44`,`d45`,`d46`,`d47`,`d48`,`d49`,`d50` FROM `qw_unisecret` WHERE `sheetname` = '学生成绩' ORDER BY id LIMIT 1   [ RunTime:0.0000s ]
INFO: [ app_end ] --START--
INFO: Run Behavior\ShowPageTraceBehavior [ RunTime:0.000000s ]
INFO: [ app_end ] --END-- [ RunTime:0.000000s ]

[ 2018-11-25T08:37:17+08:00 ] 153.35.193.195 /index.php/Qwadmin/Rwxy/echoteacherdb?conall=%E6%95%B0%E6%8D%AE%E8%A1%A8%E5%90%8D%E7%AD%89%E4%BA%8E%E5%AD%A6%E7%94%9F%E6%88%90%E7%BB%A9;d2%E7%AD%89%E4%BA%8E%E6%9D%8E%E5%B0%91%E5%86%9B;;;;;%E4%B8%8D%E6%98%BE%E5%AD%97%E6%AE%B5%E7%AD%89%E4%BA%8Eid,wrpw,data1,data2,ord,rpw,name,pid,custom1,custom2,sheetname;%E6%9F%A5%E7%9C%8B%E5%AF%86%E7%A0%81%E7%AD%89%E4%BA%8Exscj;%E7%94%A8%E6%88%B7%E5%90%8D%E7%AD%89%E4%BA%8E;%E4%B8%8A%E4%BC%A0%E5%AF%86%E7%A0%81%E7%AD%89%E4%BA%8E;%E5%A7%93%E5%90%8D%E5%AD%97%E6%AE%B5%E7%AD%89%E4%BA%8Ed2;ID%E5%AD%97%E6%AE%B5%E7%AD%89%E4%BA%8E;
INFO: [ app_init ] --START--
INFO: Run Behavior\BuildLiteBehavior [ RunTime:0.000000s ]
INFO: [ app_init ] --END-- [ RunTime:0.000000s ]
INFO: [ app_begin ] --START--
INFO: Run Behavior\ReadHtmlCacheBehavior [ RunTime:0.000000s ]
INFO: [ app_begin ] --END-- [ RunTime:0.000000s ]
NOTIC: [8192] preg_replace(): The /e modifier is deprecated, use preg_replace_callback instead C:\phpStudy\PHPTutorial\WWW\App\Common\Common\function.php 第 1393 行.
NOTIC: [8] Undefined variable: likecon C:\phpStudy\PHPTutorial\WWW\App\Qwadmin\Controller\RwxyController.class.php 第 363 行.
NOTIC: [2] Invalid argument supplied for foreach() C:\phpStudy\PHPTutorial\WWW\App\Qwadmin\Controller\RwxyController.class.php 第 414 行.
NOTIC: [8192] preg_replace(): The /e modifier is deprecated, use preg_replace_callback instead C:\phpStudy\PHPTutorial\WWW\App\Common\Common\function.php 第 1393 行.
NOTIC: [8] Undefined variable: likecon C:\phpStudy\PHPTutorial\WWW\App\Qwadmin\Controller\RwxyController.class.php 第 363 行.
NOTIC: [2] Invalid argument supplied for foreach() C:\phpStudy\PHPTutorial\WWW\App\Qwadmin\Controller\RwxyController.class.php 第 414 行.
NOTIC: [8] Undefined index: user C:\phpStudy\PHPTutorial\WWW\App\Qwadmin\Controller\RwxyController.class.php 第 312 行.
NOTIC: [8] Undefined index: wrpw C:\phpStudy\PHPTutorial\WWW\App\Qwadmin\Controller\RwxyController.class.php 第 313 行.
NOTIC: [8] Undefined index: sheetname C:\phpStudy\PHPTutorial\WWW\App\Qwadmin\Controller\RwxyController.class.php 第 35 行.
SQL: SHOW COLUMNS FROM `qw_unisecret` [ RunTime:0.0000s ]
SQL: select COLUMN_NAME from information_schema.COLUMNS where table_name ='qw_unisecret' and table_schema = 'r34'; [ RunTime:0.0000s ]
SQL: SELECT `d1`,`d2`,`d3`,`d4`,`d5`,`d6`,`d7`,`d8`,`d9`,`d10`,`d11`,`d12`,`d13`,`d14`,`d15`,`d16`,`d17`,`d18`,`d19`,`d20`,`d21`,`d22`,`d23`,`d24`,`d25`,`d26`,`d27`,`d28`,`d29`,`d30`,`d31`,`d32`,`d33`,`d34`,`d35`,`d36`,`d37`,`d38`,`d39`,`d40`,`d41`,`d42`,`d43`,`d44`,`d45`,`d46`,`d47`,`d48`,`d49`,`d50` FROM `qw_unisecret` WHERE `d2` = '李少军' AND `sheetname` = '学生成绩' AND `rpw` = 'xscj' AND `ord` <> 0 ORDER BY id  [ RunTime:0.0000s ]
SQL: SELECT * FROM `qw_unisecret` WHERE `d2` = '李少军' AND `sheetname` = '学生成绩' AND `rpw` = 'xscj' ORDER BY id LIMIT 1   [ RunTime:0.0000s ]
SQL: SELECT `d1`,`d2`,`d3`,`d4`,`d5`,`d6`,`d7`,`d8`,`d9`,`d10`,`d11`,`d12`,`d13`,`d14`,`d15`,`d16`,`d17`,`d18`,`d19`,`d20`,`d21`,`d22`,`d23`,`d24`,`d25`,`d26`,`d27`,`d28`,`d29`,`d30`,`d31`,`d32`,`d33`,`d34`,`d35`,`d36`,`d37`,`d38`,`d39`,`d40`,`d41`,`d42`,`d43`,`d44`,`d45`,`d46`,`d47`,`d48`,`d49`,`d50` FROM `qw_unisecret` WHERE `sheetname` = '学生成绩' ORDER BY id LIMIT 1   [ RunTime:0.0000s ]
INFO: [ app_end ] --START--
INFO: Run Behavior\ShowPageTraceBehavior [ RunTime:0.000000s ]
INFO: [ app_end ] --END-- [ RunTime:0.000000s ]

[ 2018-11-25T08:37:37+08:00 ] 153.35.193.195 /index.php/Qwadmin/Rwxy/echoteacherdb?
INFO: [ app_init ] --START--
INFO: Run Behavior\BuildLiteBehavior [ RunTime:0.000000s ]
INFO: [ app_init ] --END-- [ RunTime:0.000000s ]
INFO: [ app_begin ] --START--
INFO: Run Behavior\ReadHtmlCacheBehavior [ RunTime:0.000000s ]
INFO: [ app_begin ] --END-- [ RunTime:0.000000s ]
NOTIC: [8] Undefined variable: con2 C:\phpStudy\PHPTutorial\WWW\App\Qwadmin\Controller\RwxyController.class.php 第 334 行.
NOTIC: [8] Undefined variable: con2 C:\phpStudy\PHPTutorial\WWW\App\Qwadmin\Controller\RwxyController.class.php 第 362 行.
NOTIC: [2] Invalid argument supplied for foreach() C:\phpStudy\PHPTutorial\WWW\App\Qwadmin\Controller\RwxyController.class.php 第 414 行.
NOTIC: [8] Undefined variable: likecon C:\phpStudy\PHPTutorial\WWW\App\Qwadmin\Controller\RwxyController.class.php 第 363 行.
NOTIC: [2] Invalid argument supplied for foreach() C:\phpStudy\PHPTutorial\WWW\App\Qwadmin\Controller\RwxyController.class.php 第 414 行.
NOTIC: [2] Invalid argument supplied for foreach() C:\phpStudy\PHPTutorial\WWW\App\Qwadmin\Controller\RwxyController.class.php 第 364 行.
NOTIC: [8] Undefined variable: con2 C:\phpStudy\PHPTutorial\WWW\App\Qwadmin\Controller\RwxyController.class.php 第 334 行.
NOTIC: [8] Undefined variable: con2 C:\phpStudy\PHPTutorial\WWW\App\Qwadmin\Controller\RwxyController.class.php 第 362 行.
NOTIC: [2] Invalid argument supplied for foreach() C:\phpStudy\PHPTutorial\WWW\App\Qwadmin\Controller\RwxyController.class.php 第 414 行.
NOTIC: [8] Undefined variable: likecon C:\phpStudy\PHPTutorial\WWW\App\Qwadmin\Controller\RwxyController.class.php 第 363 行.
NOTIC: [2] Invalid argument supplied for foreach() C:\phpStudy\PHPTutorial\WWW\App\Qwadmin\Controller\RwxyController.class.php 第 414 行.
NOTIC: [2] Invalid argument supplied for foreach() C:\phpStudy\PHPTutorial\WWW\App\Qwadmin\Controller\RwxyController.class.php 第 364 行.
NOTIC: [8] Undefined index: sheetname C:\phpStudy\PHPTutorial\WWW\App\Qwadmin\Controller\RwxyController.class.php 第 35 行.
INFO: [ app_end ] --START--
INFO: Run Behavior\ShowPageTraceBehavior [ RunTime:0.000000s ]
INFO: [ app_end ] --END-- [ RunTime:0.000000s ]

[ 2018-11-25T08:37:38+08:00 ] 153.35.193.195 /index.php/Qwadmin/Rwxy/echoteacherdb?
INFO: [ app_init ] --START--
INFO: Run Behavior\BuildLiteBehavior [ RunTime:0.000000s ]
INFO: [ app_init ] --END-- [ RunTime:0.000000s ]
INFO: [ app_begin ] --START--
INFO: Run Behavior\ReadHtmlCacheBehavior [ RunTime:0.000000s ]
INFO: [ app_begin ] --END-- [ RunTime:0.000000s ]
NOTIC: [8] Undefined variable: con2 C:\phpStudy\PHPTutorial\WWW\App\Qwadmin\Controller\RwxyController.class.php 第 334 行.
NOTIC: [8] Undefined variable: con2 C:\phpStudy\PHPTutorial\WWW\App\Qwadmin\Controller\RwxyController.class.php 第 362 行.
NOTIC: [2] Invalid argument supplied for foreach() C:\phpStudy\PHPTutorial\WWW\App\Qwadmin\Controller\RwxyController.class.php 第 414 行.
NOTIC: [8] Undefined variable: likecon C:\phpStudy\PHPTutorial\WWW\App\Qwadmin\Controller\RwxyController.class.php 第 363 行.
NOTIC: [2] Invalid argument supplied for foreach() C:\phpStudy\PHPTutorial\WWW\App\Qwadmin\Controller\RwxyController.class.php 第 414 行.
NOTIC: [2] Invalid argument supplied for foreach() C:\phpStudy\PHPTutorial\WWW\App\Qwadmin\Controller\RwxyController.class.php 第 364 行.
NOTIC: [8] Undefined variable: con2 C:\phpStudy\PHPTutorial\WWW\App\Qwadmin\Controller\RwxyController.class.php 第 334 行.
NOTIC: [8] Undefined variable: con2 C:\phpStudy\PHPTutorial\WWW\App\Qwadmin\Controller\RwxyController.class.php 第 362 行.
NOTIC: [2] Invalid argument supplied for foreach() C:\phpStudy\PHPTutorial\WWW\App\Qwadmin\Controller\RwxyController.class.php 第 414 行.
NOTIC: [8] Undefined variable: likecon C:\phpStudy\PHPTutorial\WWW\App\Qwadmin\Controller\RwxyController.class.php 第 363 行.
NOTIC: [2] Invalid argument supplied for foreach() C:\phpStudy\PHPTutorial\WWW\App\Qwadmin\Controller\RwxyController.class.php 第 414 行.
NOTIC: [2] Invalid argument supplied for foreach() C:\phpStudy\PHPTutorial\WWW\App\Qwadmin\Controller\RwxyController.class.php 第 364 行.
NOTIC: [8] Undefined index: sheetname C:\phpStudy\PHPTutorial\WWW\App\Qwadmin\Controller\RwxyController.class.php 第 35 行.
INFO: [ app_end ] --START--
INFO: Run Behavior\ShowPageTraceBehavior [ RunTime:0.000000s ]
INFO: [ app_end ] --END-- [ RunTime:0.000000s ]

[ 2018-11-25T08:37:42+08:00 ] 180.163.220.66 /index.php/Qwadmin/Rwxy/echoteacherdb
INFO: [ app_init ] --START--
INFO: Run Behavior\BuildLiteBehavior [ RunTime:0.000000s ]
INFO: [ app_init ] --END-- [ RunTime:0.000000s ]
INFO: [ app_begin ] --START--
INFO: Run Behavior\ReadHtmlCacheBehavior [ RunTime:0.000000s ]
INFO: [ app_begin ] --END-- [ RunTime:0.000000s ]
NOTIC: [8] Undefined variable: con2 C:\phpStudy\PHPTutorial\WWW\App\Qwadmin\Controller\RwxyController.class.php 第 334 行.
NOTIC: [8] Undefined variable: con2 C:\phpStudy\PHPTutorial\WWW\App\Qwadmin\Controller\RwxyController.class.php 第 362 行.
NOTIC: [2] Invalid argument supplied for foreach() C:\phpStudy\PHPTutorial\WWW\App\Qwadmin\Controller\RwxyController.class.php 第 414 行.
NOTIC: [8] Undefined variable: likecon C:\phpStudy\PHPTutorial\WWW\App\Qwadmin\Controller\RwxyController.class.php 第 363 行.
NOTIC: [2] Invalid argument supplied for foreach() C:\phpStudy\PHPTutorial\WWW\App\Qwadmin\Controller\RwxyController.class.php 第 414 行.
NOTIC: [2] Invalid argument supplied for foreach() C:\phpStudy\PHPTutorial\WWW\App\Qwadmin\Controller\RwxyController.class.php 第 364 行.
NOTIC: [8] Undefined variable: con2 C:\phpStudy\PHPTutorial\WWW\App\Qwadmin\Controller\RwxyController.class.php 第 334 行.
NOTIC: [8] Undefined variable: con2 C:\phpStudy\PHPTutorial\WWW\App\Qwadmin\Controller\RwxyController.class.php 第 362 行.
NOTIC: [2] Invalid argument supplied for foreach() C:\phpStudy\PHPTutorial\WWW\App\Qwadmin\Controller\RwxyController.class.php 第 414 行.
NOTIC: [8] Undefined variable: likecon C:\phpStudy\PHPTutorial\WWW\App\Qwadmin\Controller\RwxyController.class.php 第 363 行.
NOTIC: [2] Invalid argument supplied for foreach() C:\phpStudy\PHPTutorial\WWW\App\Qwadmin\Controller\RwxyController.class.php 第 414 行.
NOTIC: [2] Invalid argument supplied for foreach() C:\phpStudy\PHPTutorial\WWW\App\Qwadmin\Controller\RwxyController.class.php 第 364 行.
NOTIC: [8] Undefined index: sheetname C:\phpStudy\PHPTutorial\WWW\App\Qwadmin\Controller\RwxyController.class.php 第 35 行.
INFO: [ app_end ] --START--
INFO: Run Behavior\ShowPageTraceBehavior [ RunTime:0.000000s ]
INFO: [ app_end ] --END-- [ RunTime:0.000000s ]

[ 2018-11-25T08:38:23+08:00 ] 153.35.193.195 /index.php/Qwadmin/Rwxy/echoteacherdb?conall=%E6%95%B0%E6%8D%AE%E8%A1%A8%E5%90%8D%E7%AD%89%E4%BA%8E%E5%AD%A6%E7%94%9F%E6%88%90%E7%BB%A9;d2%E7%AD%89%E4%BA%8E%E6%9D%8E%E5%B0%91%E5%86%9B;;;;;%E4%B8%8D%E6%98%BE%E5%AD%97%E6%AE%B5%E7%AD%89%E4%BA%8Eid,wrpw,data1,data2,ord,rpw,name,pid,custom1,custom2,sheetname;%E6%9F%A5%E7%9C%8B%E5%AF%86%E7%A0%81%E7%AD%89%E4%BA%8Exscj;%E7%94%A8%E6%88%B7%E5%90%8D%E7%AD%89%E4%BA%8E;%E4%B8%8A%E4%BC%A0%E5%AF%86%E7%A0%81%E7%AD%89%E4%BA%8E;%E5%A7%93%E5%90%8D%E5%AD%97%E6%AE%B5%E7%AD%89%E4%BA%8Ed2;ID%E5%AD%97%E6%AE%B5%E7%AD%89%E4%BA%8E;
INFO: [ app_init ] --START--
INFO: Run Behavior\BuildLiteBehavior [ RunTime:0.000000s ]
INFO: [ app_init ] --END-- [ RunTime:0.000000s ]
INFO: [ app_begin ] --START--
INFO: Run Behavior\ReadHtmlCacheBehavior [ RunTime:0.000000s ]
INFO: [ app_begin ] --END-- [ RunTime:0.000000s ]
NOTIC: [8192] preg_replace(): The /e modifier is deprecated, use preg_replace_callback instead C:\phpStudy\PHPTutorial\WWW\App\Common\Common\function.php 第 1393 行.
NOTIC: [8] Undefined variable: likecon C:\phpStudy\PHPTutorial\WWW\App\Qwadmin\Controller\RwxyController.class.php 第 363 行.
NOTIC: [2] Invalid argument supplied for foreach() C:\phpStudy\PHPTutorial\WWW\App\Qwadmin\Controller\RwxyController.class.php 第 414 行.
NOTIC: [8192] preg_replace(): The /e modifier is deprecated, use preg_replace_callback instead C:\phpStudy\PHPTutorial\WWW\App\Common\Common\function.php 第 1393 行.
NOTIC: [8] Undefined variable: likecon C:\phpStudy\PHPTutorial\WWW\App\Qwadmin\Controller\RwxyController.class.php 第 363 行.
NOTIC: [2] Invalid argument supplied for foreach() C:\phpStudy\PHPTutorial\WWW\App\Qwadmin\Controller\RwxyController.class.php 第 414 行.
NOTIC: [8] Undefined index: user C:\phpStudy\PHPTutorial\WWW\App\Qwadmin\Controller\RwxyController.class.php 第 312 行.
NOTIC: [8] Undefined index: wrpw C:\phpStudy\PHPTutorial\WWW\App\Qwadmin\Controller\RwxyController.class.php 第 313 行.
NOTIC: [8] Undefined index: sheetname C:\phpStudy\PHPTutorial\WWW\App\Qwadmin\Controller\RwxyController.class.php 第 35 行.
SQL: SHOW COLUMNS FROM `qw_unisecret` [ RunTime:0.0000s ]
SQL: select COLUMN_NAME from information_schema.COLUMNS where table_name ='qw_unisecret' and table_schema = 'r34'; [ RunTime:0.0000s ]
SQL: SELECT `d1`,`d2`,`d3`,`d4`,`d5`,`d6`,`d7`,`d8`,`d9`,`d10`,`d11`,`d12`,`d13`,`d14`,`d15`,`d16`,`d17`,`d18`,`d19`,`d20`,`d21`,`d22`,`d23`,`d24`,`d25`,`d26`,`d27`,`d28`,`d29`,`d30`,`d31`,`d32`,`d33`,`d34`,`d35`,`d36`,`d37`,`d38`,`d39`,`d40`,`d41`,`d42`,`d43`,`d44`,`d45`,`d46`,`d47`,`d48`,`d49`,`d50` FROM `qw_unisecret` WHERE `d2` = '李少军' AND `sheetname` = '学生成绩' AND `rpw` = 'xscj' AND `ord` <> 0 ORDER BY id  [ RunTime:0.0000s ]
SQL: SELECT * FROM `qw_unisecret` WHERE `d2` = '李少军' AND `sheetname` = '学生成绩' AND `rpw` = 'xscj' ORDER BY id LIMIT 1   [ RunTime:0.0000s ]
SQL: SELECT `d1`,`d2`,`d3`,`d4`,`d5`,`d6`,`d7`,`d8`,`d9`,`d10`,`d11`,`d12`,`d13`,`d14`,`d15`,`d16`,`d17`,`d18`,`d19`,`d20`,`d21`,`d22`,`d23`,`d24`,`d25`,`d26`,`d27`,`d28`,`d29`,`d30`,`d31`,`d32`,`d33`,`d34`,`d35`,`d36`,`d37`,`d38`,`d39`,`d40`,`d41`,`d42`,`d43`,`d44`,`d45`,`d46`,`d47`,`d48`,`d49`,`d50` FROM `qw_unisecret` WHERE `sheetname` = '学生成绩' ORDER BY id LIMIT 1   [ RunTime:0.0000s ]
INFO: [ app_end ] --START--
INFO: Run Behavior\ShowPageTraceBehavior [ RunTime:0.000000s ]
INFO: [ app_end ] --END-- [ RunTime:0.000000s ]

[ 2018-11-25T08:38:24+08:00 ] 153.35.193.195 /index.php/Qwadmin/Rwxy/echoteacherdb?conall=%E6%95%B0%E6%8D%AE%E8%A1%A8%E5%90%8D%E7%AD%89%E4%BA%8E%E5%AD%A6%E7%94%9F%E6%88%90%E7%BB%A9;d2%E7%AD%89%E4%BA%8E%E6%9D%8E%E5%B0%91%E5%86%9B;;;;;%E4%B8%8D%E6%98%BE%E5%AD%97%E6%AE%B5%E7%AD%89%E4%BA%8Eid,wrpw,data1,data2,ord,rpw,name,pid,custom1,custom2,sheetname;%E6%9F%A5%E7%9C%8B%E5%AF%86%E7%A0%81%E7%AD%89%E4%BA%8Exscj;%E7%94%A8%E6%88%B7%E5%90%8D%E7%AD%89%E4%BA%8E;%E4%B8%8A%E4%BC%A0%E5%AF%86%E7%A0%81%E7%AD%89%E4%BA%8E;%E5%A7%93%E5%90%8D%E5%AD%97%E6%AE%B5%E7%AD%89%E4%BA%8Ed2;ID%E5%AD%97%E6%AE%B5%E7%AD%89%E4%BA%8E;
INFO: [ app_init ] --START--
INFO: Run Behavior\BuildLiteBehavior [ RunTime:0.000000s ]
INFO: [ app_init ] --END-- [ RunTime:0.000000s ]
INFO: [ app_begin ] --START--
INFO: Run Behavior\ReadHtmlCacheBehavior [ RunTime:0.000000s ]
INFO: [ app_begin ] --END-- [ RunTime:0.000000s ]
NOTIC: [8192] preg_replace(): The /e modifier is deprecated, use preg_replace_callback instead C:\phpStudy\PHPTutorial\WWW\App\Common\Common\function.php 第 1393 行.
NOTIC: [8] Undefined variable: likecon C:\phpStudy\PHPTutorial\WWW\App\Qwadmin\Controller\RwxyController.class.php 第 363 行.
NOTIC: [2] Invalid argument supplied for foreach() C:\phpStudy\PHPTutorial\WWW\App\Qwadmin\Controller\RwxyController.class.php 第 414 行.
NOTIC: [8192] preg_replace(): The /e modifier is deprecated, use preg_replace_callback instead C:\phpStudy\PHPTutorial\WWW\App\Common\Common\function.php 第 1393 行.
NOTIC: [8] Undefined variable: likecon C:\phpStudy\PHPTutorial\WWW\App\Qwadmin\Controller\RwxyController.class.php 第 363 行.
NOTIC: [2] Invalid argument supplied for foreach() C:\phpStudy\PHPTutorial\WWW\App\Qwadmin\Controller\RwxyController.class.php 第 414 行.
NOTIC: [8] Undefined index: user C:\phpStudy\PHPTutorial\WWW\App\Qwadmin\Controller\RwxyController.class.php 第 312 行.
NOTIC: [8] Undefined index: wrpw C:\phpStudy\PHPTutorial\WWW\App\Qwadmin\Controller\RwxyController.class.php 第 313 行.
NOTIC: [8] Undefined index: sheetname C:\phpStudy\PHPTutorial\WWW\App\Qwadmin\Controller\RwxyController.class.php 第 35 行.
SQL: SHOW COLUMNS FROM `qw_unisecret` [ RunTime:0.0000s ]
SQL: select COLUMN_NAME from information_schema.COLUMNS where table_name ='qw_unisecret' and table_schema = 'r34'; [ RunTime:0.0000s ]
SQL: SELECT `d1`,`d2`,`d3`,`d4`,`d5`,`d6`,`d7`,`d8`,`d9`,`d10`,`d11`,`d12`,`d13`,`d14`,`d15`,`d16`,`d17`,`d18`,`d19`,`d20`,`d21`,`d22`,`d23`,`d24`,`d25`,`d26`,`d27`,`d28`,`d29`,`d30`,`d31`,`d32`,`d33`,`d34`,`d35`,`d36`,`d37`,`d38`,`d39`,`d40`,`d41`,`d42`,`d43`,`d44`,`d45`,`d46`,`d47`,`d48`,`d49`,`d50` FROM `qw_unisecret` WHERE `d2` = '李少军' AND `sheetname` = '学生成绩' AND `rpw` = 'xscj' AND `ord` <> 0 ORDER BY id  [ RunTime:0.0000s ]
SQL: SELECT * FROM `qw_unisecret` WHERE `d2` = '李少军' AND `sheetname` = '学生成绩' AND `rpw` = 'xscj' ORDER BY id LIMIT 1   [ RunTime:0.0000s ]
SQL: SELECT `d1`,`d2`,`d3`,`d4`,`d5`,`d6`,`d7`,`d8`,`d9`,`d10`,`d11`,`d12`,`d13`,`d14`,`d15`,`d16`,`d17`,`d18`,`d19`,`d20`,`d21`,`d22`,`d23`,`d24`,`d25`,`d26`,`d27`,`d28`,`d29`,`d30`,`d31`,`d32`,`d33`,`d34`,`d35`,`d36`,`d37`,`d38`,`d39`,`d40`,`d41`,`d42`,`d43`,`d44`,`d45`,`d46`,`d47`,`d48`,`d49`,`d50` FROM `qw_unisecret` WHERE `sheetname` = '学生成绩' ORDER BY id LIMIT 1   [ RunTime:0.0000s ]
INFO: [ app_end ] --START--
INFO: Run Behavior\ShowPageTraceBehavior [ RunTime:0.000000s ]
INFO: [ app_end ] --END-- [ RunTime:0.000000s ]

[ 2018-11-25T08:38:31+08:00 ] 153.35.193.195 /index.php/Qwadmin/Rwxy/echosheetname?conall=;;;;;;%E7%8E%B0%E6%9C%89%E6%95%B0%E6%8D%AE%E5%BA%93;%E6%9F%A5%E7%9C%8B%E5%AF%86%E7%A0%81%E7%AD%89%E4%BA%8E660205;%E7%AD%89%E4%BA%8E;%E7%AD%89%E4%BA%8E;%E7%AD%89%E4%BA%8E;%E7%AD%89%E4%BA%8E;
INFO: [ app_init ] --START--
INFO: Run Behavior\BuildLiteBehavior [ RunTime:0.000000s ]
INFO: [ app_init ] --END-- [ RunTime:0.000000s ]
INFO: [ app_begin ] --START--
INFO: Run Behavior\ReadHtmlCacheBehavior [ RunTime:0.000000s ]
INFO: [ app_begin ] --END-- [ RunTime:0.000000s ]
SQL: SHOW COLUMNS FROM `qw_unisecret` [ RunTime:0.0000s ]
NOTIC: [8192] preg_replace(): The /e modifier is deprecated, use preg_replace_callback instead C:\phpStudy\PHPTutorial\WWW\App\Common\Common\function.php 第 1393 行.
NOTIC: [8] Undefined variable: likecon C:\phpStudy\PHPTutorial\WWW\App\Qwadmin\Controller\RwxyController.class.php 第 363 行.
NOTIC: [2] Invalid argument supplied for foreach() C:\phpStudy\PHPTutorial\WWW\App\Qwadmin\Controller\RwxyController.class.php 第 414 行.
SQL: SELECT DISTINCT  `sheetname` FROM `qw_unisecret` WHERE `rpw` = '660205' ORDER BY id  [ RunTime:0.0000s ]
INFO: [ app_end ] --START--
INFO: Run Behavior\ShowPageTraceBehavior [ RunTime:0.000000s ]
INFO: [ app_end ] --END-- [ RunTime:0.000000s ]

[ 2018-11-25T08:38:32+08:00 ] 153.35.193.195 /index.php/Qwadmin/Rwxy/echosheetname?conall=;;;;;;%E7%8E%B0%E6%9C%89%E6%95%B0%E6%8D%AE%E5%BA%93;%E6%9F%A5%E7%9C%8B%E5%AF%86%E7%A0%81%E7%AD%89%E4%BA%8E660205;%E7%AD%89%E4%BA%8E;%E7%AD%89%E4%BA%8E;%E7%AD%89%E4%BA%8E;%E7%AD%89%E4%BA%8E;
INFO: [ app_init ] --START--
INFO: Run Behavior\BuildLiteBehavior [ RunTime:0.000000s ]
INFO: [ app_init ] --END-- [ RunTime:0.000000s ]
INFO: [ app_begin ] --START--
INFO: Run Behavior\ReadHtmlCacheBehavior [ RunTime:0.000000s ]
INFO: [ app_begin ] --END-- [ RunTime:0.000000s ]
SQL: SHOW COLUMNS FROM `qw_unisecret` [ RunTime:0.0000s ]
NOTIC: [8192] preg_replace(): The /e modifier is deprecated, use preg_replace_callback instead C:\phpStudy\PHPTutorial\WWW\App\Common\Common\function.php 第 1393 行.
NOTIC: [8] Undefined variable: likecon C:\phpStudy\PHPTutorial\WWW\App\Qwadmin\Controller\RwxyController.class.php 第 363 行.
NOTIC: [2] Invalid argument supplied for foreach() C:\phpStudy\PHPTutorial\WWW\App\Qwadmin\Controller\RwxyController.class.php 第 414 行.
SQL: SELECT DISTINCT  `sheetname` FROM `qw_unisecret` WHERE `rpw` = '660205' ORDER BY id  [ RunTime:0.0000s ]
INFO: [ app_end ] --START--
INFO: Run Behavior\ShowPageTraceBehavior [ RunTime:0.000000s ]
INFO: [ app_end ] --END-- [ RunTime:0.000000s ]

[ 2018-11-25T09:05:04+08:00 ] 117.78.28.110 /
INFO: [ app_init ] --START--
INFO: Run Behavior\BuildLiteBehavior [ RunTime:0.000000s ]
INFO: [ app_init ] --END-- [ RunTime:0.000000s ]
INFO: [ app_begin ] --START--
INFO: Run Behavior\ReadHtmlCacheBehavior [ RunTime:0.000000s ]
INFO: [ app_begin ] --END-- [ RunTime:0.000000s ]
NOTIC: [8] Undefined index: code C:\phpStudy\PHPTutorial\WWW\App\Qwadmin\Controller\ComController.class.php 第 23 行.
SQL: SHOW COLUMNS FROM `qw_setting` [ RunTime:0.0000s ]
SQL: SELECT `k`,`v` FROM `qw_setting`  [ RunTime:0.0000s ]
NOTIC: [8] Undefined offset: 1 C:\phpStudy\PHPTutorial\WWW\App\Qwadmin\Controller\ComController.class.php 第 54 行.

[ 2018-11-25T09:05:04+08:00 ] 117.78.28.110 /index.php/Qwadmin/login/index.html?Req_URL=/
INFO: [ app_init ] --START--
INFO: Run Behavior\BuildLiteBehavior [ RunTime:0.000000s ]
INFO: [ app_init ] --END-- [ RunTime:0.000000s ]
INFO: [ app_begin ] --START--
INFO: Run Behavior\ReadHtmlCacheBehavior [ RunTime:0.000000s ]
INFO: [ app_begin ] --END-- [ RunTime:0.000000s ]
SQL: SHOW COLUMNS FROM `qw_setting` [ RunTime:0.0000s ]
SQL: SELECT `k`,`v` FROM `qw_setting`  [ RunTime:0.0000s ]
NOTIC: [8] Undefined offset: 1 C:\phpStudy\PHPTutorial\WWW\App\Qwadmin\Controller\LoginController.class.php 第 23 行.
INFO: [ view_parse ] --START--
INFO: [ template_filter ] --START--
INFO: Run Behavior\ContentReplaceBehavior [ RunTime:0.000000s ]
INFO: [ template_filter ] --END-- [ RunTime:0.000000s ]
INFO: Run Behavior\ParseTemplateBehavior [ RunTime:0.015625s ]
INFO: [ view_parse ] --END-- [ RunTime:0.015625s ]
INFO: [ view_filter ] --START--
INFO: Run Behavior\WriteHtmlCacheBehavior [ RunTime:0.000000s ]
INFO: [ view_filter ] --END-- [ RunTime:0.000000s ]
INFO: [ app_end ] --START--
INFO: Run Behavior\ShowPageTraceBehavior [ RunTime:0.000000s ]
INFO: [ app_end ] --END-- [ RunTime:0.000000s ]

[ 2018-11-25T09:06:02+08:00 ] 134.175.217.146 /index.php
INFO: [ app_init ] --START--
INFO: Run Behavior\BuildLiteBehavior [ RunTime:0.000000s ]
INFO: [ app_init ] --END-- [ RunTime:0.000000s ]
INFO: [ app_begin ] --START--
INFO: Run Behavior\ReadHtmlCacheBehavior [ RunTime:0.015625s ]
INFO: [ app_begin ] --END-- [ RunTime:0.015625s ]
NOTIC: [8] Undefined index: code C:\phpStudy\PHPTutorial\WWW\App\Qwadmin\Controller\ComController.class.php 第 23 行.
SQL: SHOW COLUMNS FROM `qw_setting` [ RunTime:0.0000s ]
SQL: SELECT `k`,`v` FROM `qw_setting`  [ RunTime:0.0000s ]
NOTIC: [8] Undefined offset: 1 C:\phpStudy\PHPTutorial\WWW\App\Qwadmin\Controller\ComController.class.php 第 54 行.

[ 2018-11-25T11:26:01+08:00 ] 109.173.118.111 /
INFO: [ app_init ] --START--
INFO: Run Behavior\BuildLiteBehavior [ RunTime:0.000000s ]
INFO: [ app_init ] --END-- [ RunTime:0.000000s ]
INFO: [ app_begin ] --START--
INFO: Run Behavior\ReadHtmlCacheBehavior [ RunTime:0.000000s ]
INFO: [ app_begin ] --END-- [ RunTime:0.000000s ]
NOTIC: [8] Undefined index: code C:\phpStudy\PHPTutorial\WWW\App\Qwadmin\Controller\ComController.class.php 第 23 行.
SQL: SHOW COLUMNS FROM `qw_setting` [ RunTime:0.0000s ]
SQL: SELECT `k`,`v` FROM `qw_setting`  [ RunTime:0.0000s ]
NOTIC: [8] Undefined offset: 1 C:\phpStudy\PHPTutorial\WWW\App\Qwadmin\Controller\ComController.class.php 第 54 行.

[ 2018-11-25T11:29:28+08:00 ] 13.68.243.203 /
INFO: [ app_init ] --START--
INFO: Run Behavior\BuildLiteBehavior [ RunTime:0.000000s ]
INFO: [ app_init ] --END-- [ RunTime:0.000000s ]
INFO: [ app_begin ] --START--
INFO: Run Behavior\ReadHtmlCacheBehavior [ RunTime:0.000000s ]
INFO: [ app_begin ] --END-- [ RunTime:0.000000s ]
NOTIC: [8] Undefined index: code C:\phpStudy\PHPTutorial\WWW\App\Qwadmin\Controller\ComController.class.php 第 23 行.
SQL: SHOW COLUMNS FROM `qw_setting` [ RunTime:0.0000s ]
SQL: SELECT `k`,`v` FROM `qw_setting`  [ RunTime:0.0000s ]
NOTIC: [8] Undefined offset: 1 C:\phpStudy\PHPTutorial\WWW\App\Qwadmin\Controller\ComController.class.php 第 54 行.

[ 2018-11-25T11:29:28+08:00 ] 13.68.243.203 /index.php/Qwadmin/login/index.html?Req_URL=/
INFO: [ app_init ] --START--
INFO: Run Behavior\BuildLiteBehavior [ RunTime:0.000000s ]
INFO: [ app_init ] --END-- [ RunTime:0.000000s ]
INFO: [ app_begin ] --START--
INFO: Run Behavior\ReadHtmlCacheBehavior [ RunTime:0.000000s ]
INFO: [ app_begin ] --END-- [ RunTime:0.000000s ]
SQL: SHOW COLUMNS FROM `qw_setting` [ RunTime:0.0000s ]
SQL: SELECT `k`,`v` FROM `qw_setting`  [ RunTime:0.0000s ]
NOTIC: [8] Undefined offset: 1 C:\phpStudy\PHPTutorial\WWW\App\Qwadmin\Controller\LoginController.class.php 第 23 行.
INFO: [ view_parse ] --START--
INFO: [ template_filter ] --START--
INFO: Run Behavior\ContentReplaceBehavior [ RunTime:0.000000s ]
INFO: [ template_filter ] --END-- [ RunTime:0.000000s ]
INFO: Run Behavior\ParseTemplateBehavior [ RunTime:0.015625s ]
INFO: [ view_parse ] --END-- [ RunTime:0.015625s ]
INFO: [ view_filter ] --START--
INFO: Run Behavior\WriteHtmlCacheBehavior [ RunTime:0.000000s ]
INFO: [ view_filter ] --END-- [ RunTime:0.000000s ]
INFO: [ app_end ] --START--
INFO: Run Behavior\ShowPageTraceBehavior [ RunTime:0.000000s ]
INFO: [ app_end ] --END-- [ RunTime:0.000000s ]

[ 2018-11-25T11:43:55+08:00 ] 106.39.191.46 /
INFO: [ app_init ] --START--
INFO: Run Behavior\BuildLiteBehavior [ RunTime:0.000000s ]
INFO: [ app_init ] --END-- [ RunTime:0.000000s ]
INFO: [ app_begin ] --START--
INFO: Run Behavior\ReadHtmlCacheBehavior [ RunTime:0.000000s ]
INFO: [ app_begin ] --END-- [ RunTime:0.000000s ]
NOTIC: [8] Undefined index: code C:\phpStudy\PHPTutorial\WWW\App\Qwadmin\Controller\ComController.class.php 第 23 行.
SQL: SHOW COLUMNS FROM `qw_setting` [ RunTime:0.0000s ]
SQL: SELECT `k`,`v` FROM `qw_setting`  [ RunTime:0.0000s ]
NOTIC: [8] Undefined offset: 1 C:\phpStudy\PHPTutorial\WWW\App\Qwadmin\Controller\ComController.class.php 第 54 行.

[ 2018-11-25T11:43:55+08:00 ] 106.39.191.46 /index.php/Qwadmin/login/index.html?Req_URL=/
INFO: [ app_init ] --START--
INFO: Run Behavior\BuildLiteBehavior [ RunTime:0.000000s ]
INFO: [ app_init ] --END-- [ RunTime:0.000000s ]
INFO: [ app_begin ] --START--
INFO: Run Behavior\ReadHtmlCacheBehavior [ RunTime:0.000000s ]
INFO: [ app_begin ] --END-- [ RunTime:0.000000s ]
SQL: SHOW COLUMNS FROM `qw_setting` [ RunTime:0.0000s ]
SQL: SELECT `k`,`v` FROM `qw_setting`  [ RunTime:0.0156s ]
NOTIC: [8] Undefined offset: 1 C:\phpStudy\PHPTutorial\WWW\App\Qwadmin\Controller\LoginController.class.php 第 23 行.
INFO: [ view_parse ] --START--
INFO: [ template_filter ] --START--
INFO: Run Behavior\ContentReplaceBehavior [ RunTime:0.000000s ]
INFO: [ template_filter ] --END-- [ RunTime:0.000000s ]
INFO: Run Behavior\ParseTemplateBehavior [ RunTime:0.000000s ]
INFO: [ view_parse ] --END-- [ RunTime:0.000000s ]
INFO: [ view_filter ] --START--
INFO: Run Behavior\WriteHtmlCacheBehavior [ RunTime:0.000000s ]
INFO: [ view_filter ] --END-- [ RunTime:0.000000s ]
INFO: [ app_end ] --START--
INFO: Run Behavior\ShowPageTraceBehavior [ RunTime:0.000000s ]
INFO: [ app_end ] --END-- [ RunTime:0.000000s ]

[ 2018-11-25T11:44:22+08:00 ] 101.91.62.109 /
INFO: [ app_init ] --START--
INFO: Run Behavior\BuildLiteBehavior [ RunTime:0.000000s ]
INFO: [ app_init ] --END-- [ RunTime:0.000000s ]
INFO: [ app_begin ] --START--
INFO: Run Behavior\ReadHtmlCacheBehavior [ RunTime:0.000000s ]
INFO: [ app_begin ] --END-- [ RunTime:0.000000s ]
NOTIC: [8] Undefined index: code C:\phpStudy\PHPTutorial\WWW\App\Qwadmin\Controller\ComController.class.php 第 23 行.
SQL: SHOW COLUMNS FROM `qw_setting` [ RunTime:0.0313s ]
SQL: SELECT `k`,`v` FROM `qw_setting`  [ RunTime:0.0000s ]
NOTIC: [8] Undefined offset: 1 C:\phpStudy\PHPTutorial\WWW\App\Qwadmin\Controller\ComController.class.php 第 54 行.

[ 2018-11-25T11:44:22+08:00 ] 101.91.62.109 /index.php/Qwadmin/login/index.html?Req_URL=/
INFO: [ app_init ] --START--
INFO: Run Behavior\BuildLiteBehavior [ RunTime:0.000000s ]
INFO: [ app_init ] --END-- [ RunTime:0.000000s ]
INFO: [ app_begin ] --START--
INFO: Run Behavior\ReadHtmlCacheBehavior [ RunTime:0.000000s ]
INFO: [ app_begin ] --END-- [ RunTime:0.000000s ]
SQL: SHOW COLUMNS FROM `qw_setting` [ RunTime:0.0000s ]
SQL: SELECT `k`,`v` FROM `qw_setting`  [ RunTime:0.0000s ]
NOTIC: [8] Undefined offset: 1 C:\phpStudy\PHPTutorial\WWW\App\Qwadmin\Controller\LoginController.class.php 第 23 行.
INFO: [ view_parse ] --START--
INFO: [ template_filter ] --START--
INFO: Run Behavior\ContentReplaceBehavior [ RunTime:0.000000s ]
INFO: [ template_filter ] --END-- [ RunTime:0.000000s ]
INFO: Run Behavior\ParseTemplateBehavior [ RunTime:0.000000s ]
INFO: [ view_parse ] --END-- [ RunTime:0.000000s ]
INFO: [ view_filter ] --START--
INFO: Run Behavior\WriteHtmlCacheBehavior [ RunTime:0.000000s ]
INFO: [ view_filter ] --END-- [ RunTime:0.000000s ]
INFO: [ app_end ] --START--
INFO: Run Behavior\ShowPageTraceBehavior [ RunTime:0.000000s ]
INFO: [ app_end ] --END-- [ RunTime:0.000000s ]

[ 2018-11-25T12:23:01+08:00 ] 132.232.88.125 /
INFO: [ app_init ] --START--
INFO: Run Behavior\BuildLiteBehavior [ RunTime:0.000000s ]
INFO: [ app_init ] --END-- [ RunTime:0.000000s ]
INFO: [ app_begin ] --START--
INFO: Run Behavior\ReadHtmlCacheBehavior [ RunTime:0.000000s ]
INFO: [ app_begin ] --END-- [ RunTime:0.000000s ]
NOTIC: [8] Undefined index: code C:\phpStudy\PHPTutorial\WWW\App\Qwadmin\Controller\ComController.class.php 第 23 行.
SQL: SHOW COLUMNS FROM `qw_setting` [ RunTime:0.0000s ]
SQL: SELECT `k`,`v` FROM `qw_setting`  [ RunTime:0.0156s ]
NOTIC: [8] Undefined offset: 1 C:\phpStudy\PHPTutorial\WWW\App\Qwadmin\Controller\ComController.class.php 第 54 行.

[ 2018-11-25T12:24:42+08:00 ] 132.232.88.125 /index.php
INFO: [ app_init ] --START--
INFO: Run Behavior\BuildLiteBehavior [ RunTime:0.000000s ]
INFO: [ app_init ] --END-- [ RunTime:0.000000s ]
INFO: [ app_begin ] --START--
INFO: Run Behavior\ReadHtmlCacheBehavior [ RunTime:0.000000s ]
INFO: [ app_begin ] --END-- [ RunTime:0.000000s ]
NOTIC: [8] Undefined index: code C:\phpStudy\PHPTutorial\WWW\App\Qwadmin\Controller\ComController.class.php 第 23 行.
SQL: SHOW COLUMNS FROM `qw_setting` [ RunTime:0.0156s ]
SQL: SELECT `k`,`v` FROM `qw_setting`  [ RunTime:0.0000s ]
NOTIC: [8] Undefined offset: 1 C:\phpStudy\PHPTutorial\WWW\App\Qwadmin\Controller\ComController.class.php 第 54 行.

[ 2018-11-25T12:35:11+08:00 ] 165.16.37.150 /
INFO: [ app_init ] --START--
INFO: Run Behavior\BuildLiteBehavior [ RunTime:0.000000s ]
INFO: [ app_init ] --END-- [ RunTime:0.000000s ]
INFO: [ app_begin ] --START--
INFO: Run Behavior\ReadHtmlCacheBehavior [ RunTime:0.000000s ]
INFO: [ app_begin ] --END-- [ RunTime:0.000000s ]
NOTIC: [8] Undefined index: code C:\phpStudy\PHPTutorial\WWW\App\Qwadmin\Controller\ComController.class.php 第 23 行.
SQL: SHOW COLUMNS FROM `qw_setting` [ RunTime:0.0000s ]
SQL: SELECT `k`,`v` FROM `qw_setting`  [ RunTime:0.0000s ]
NOTIC: [8] Undefined offset: 1 C:\phpStudy\PHPTutorial\WWW\App\Qwadmin\Controller\ComController.class.php 第 54 行.

[ 2018-11-25T12:36:16+08:00 ] 61.155.146.198 /
INFO: [ app_init ] --START--
INFO: Run Behavior\BuildLiteBehavior [ RunTime:0.000000s ]
INFO: [ app_init ] --END-- [ RunTime:0.000000s ]
INFO: [ app_begin ] --START--
INFO: Run Behavior\ReadHtmlCacheBehavior [ RunTime:0.000000s ]
INFO: [ app_begin ] --END-- [ RunTime:0.000000s ]
NOTIC: [8] Undefined index: code C:\phpStudy\PHPTutorial\WWW\App\Qwadmin\Controller\ComController.class.php 第 23 行.
SQL: SHOW COLUMNS FROM `qw_setting` [ RunTime:0.0000s ]
SQL: SELECT `k`,`v` FROM `qw_setting`  [ RunTime:0.0000s ]
NOTIC: [8] Undefined offset: 1 C:\phpStudy\PHPTutorial\WWW\App\Qwadmin\Controller\ComController.class.php 第 54 行.

[ 2018-11-25T14:05:01+08:00 ] 36.67.152.163 /
INFO: [ app_init ] --START--
INFO: Run Behavior\BuildLiteBehavior [ RunTime:0.000000s ]
INFO: [ app_init ] --END-- [ RunTime:0.000000s ]
INFO: [ app_begin ] --START--
INFO: Run Behavior\ReadHtmlCacheBehavior [ RunTime:0.000000s ]
INFO: [ app_begin ] --END-- [ RunTime:0.000000s ]
NOTIC: [8] Undefined index: code C:\phpStudy\PHPTutorial\WWW\App\Qwadmin\Controller\ComController.class.php 第 23 行.
SQL: SHOW COLUMNS FROM `qw_setting` [ RunTime:0.0313s ]
SQL: SELECT `k`,`v` FROM `qw_setting`  [ RunTime:0.0000s ]
NOTIC: [8] Undefined offset: 1 C:\phpStudy\PHPTutorial\WWW\App\Qwadmin\Controller\ComController.class.php 第 54 行.

[ 2018-11-25T14:52:05+08:00 ] 178.141.234.106 /
INFO: [ app_init ] --START--
INFO: Run Behavior\BuildLiteBehavior [ RunTime:0.000000s ]
INFO: [ app_init ] --END-- [ RunTime:0.000000s ]
INFO: [ app_begin ] --START--
INFO: Run Behavior\ReadHtmlCacheBehavior [ RunTime:0.000000s ]
INFO: [ app_begin ] --END-- [ RunTime:0.000000s ]
NOTIC: [8] Undefined index: code C:\phpStudy\PHPTutorial\WWW\App\Qwadmin\Controller\ComController.class.php 第 23 行.
SQL: SHOW COLUMNS FROM `qw_setting` [ RunTime:0.0000s ]
SQL: SELECT `k`,`v` FROM `qw_setting`  [ RunTime:0.0000s ]
NOTIC: [8] Undefined offset: 1 C:\phpStudy\PHPTutorial\WWW\App\Qwadmin\Controller\ComController.class.php 第 54 行.

[ 2018-11-25T16:47:13+08:00 ] 139.162.106.181 /
INFO: [ app_init ] --START--
INFO: Run Behavior\BuildLiteBehavior [ RunTime:0.000000s ]
INFO: [ app_init ] --END-- [ RunTime:0.015625s ]
INFO: [ app_begin ] --START--
INFO: Run Behavior\ReadHtmlCacheBehavior [ RunTime:0.000000s ]
INFO: [ app_begin ] --END-- [ RunTime:0.000000s ]
NOTIC: [8] Undefined index: code C:\phpStudy\PHPTutorial\WWW\App\Qwadmin\Controller\ComController.class.php 第 23 行.
SQL: SHOW COLUMNS FROM `qw_setting` [ RunTime:0.0000s ]
SQL: SELECT `k`,`v` FROM `qw_setting`  [ RunTime:0.0000s ]
NOTIC: [8] Undefined offset: 1 C:\phpStudy\PHPTutorial\WWW\App\Qwadmin\Controller\ComController.class.php 第 54 行.

[ 2018-11-25T17:23:56+08:00 ] 14.17.3.65 /index.php/Qwadmin/login/index.html?Req_URL%3D
INFO: [ app_init ] --START--
INFO: Run Behavior\BuildLiteBehavior [ RunTime:0.000000s ]
INFO: [ app_init ] --END-- [ RunTime:0.000000s ]
INFO: [ app_begin ] --START--
INFO: Run Behavior\ReadHtmlCacheBehavior [ RunTime:0.000000s ]
INFO: [ app_begin ] --END-- [ RunTime:0.000000s ]
SQL: SHOW COLUMNS FROM `qw_setting` [ RunTime:0.0156s ]
SQL: SELECT `k`,`v` FROM `qw_setting`  [ RunTime:0.0000s ]
NOTIC: [8] Undefined index: Req_URL C:\phpStudy\PHPTutorial\WWW\App\Qwadmin\Controller\LoginController.class.php 第 17 行.
NOTIC: [8] Undefined offset: 1 C:\phpStudy\PHPTutorial\WWW\App\Qwadmin\Controller\LoginController.class.php 第 23 行.
INFO: [ view_parse ] --START--
INFO: [ template_filter ] --START--
INFO: Run Behavior\ContentReplaceBehavior [ RunTime:0.000000s ]
INFO: [ template_filter ] --END-- [ RunTime:0.000000s ]
INFO: Run Behavior\ParseTemplateBehavior [ RunTime:0.015625s ]
INFO: [ view_parse ] --END-- [ RunTime:0.015625s ]
INFO: [ view_filter ] --START--
INFO: Run Behavior\WriteHtmlCacheBehavior [ RunTime:0.000000s ]
INFO: [ view_filter ] --END-- [ RunTime:0.000000s ]
INFO: [ app_end ] --START--
INFO: Run Behavior\ShowPageTraceBehavior [ RunTime:0.000000s ]
INFO: [ app_end ] --END-- [ RunTime:0.000000s ]

[ 2018-11-25T17:48:10+08:00 ] 196.27.105.36 /
INFO: [ app_init ] --START--
INFO: Run Behavior\BuildLiteBehavior [ RunTime:0.000000s ]
INFO: [ app_init ] --END-- [ RunTime:0.000000s ]
INFO: [ app_begin ] --START--
INFO: Run Behavior\ReadHtmlCacheBehavior [ RunTime:0.000000s ]
INFO: [ app_begin ] --END-- [ RunTime:0.000000s ]
NOTIC: [8] Undefined index: code C:\phpStudy\PHPTutorial\WWW\App\Qwadmin\Controller\ComController.class.php 第 23 行.
SQL: SHOW COLUMNS FROM `qw_setting` [ RunTime:0.0000s ]
SQL: SELECT `k`,`v` FROM `qw_setting`  [ RunTime:0.0000s ]
NOTIC: [8] Undefined offset: 1 C:\phpStudy\PHPTutorial\WWW\App\Qwadmin\Controller\ComController.class.php 第 54 行.

[ 2018-11-25T19:13:40+08:00 ] 110.235.244.18 /
INFO: [ app_init ] --START--
INFO: Run Behavior\BuildLiteBehavior [ RunTime:0.000000s ]
INFO: [ app_init ] --END-- [ RunTime:0.000000s ]
INFO: [ app_begin ] --START--
INFO: Run Behavior\ReadHtmlCacheBehavior [ RunTime:0.000000s ]
INFO: [ app_begin ] --END-- [ RunTime:0.000000s ]
NOTIC: [8] Undefined index: code C:\phpStudy\PHPTutorial\WWW\App\Qwadmin\Controller\ComController.class.php 第 23 行.
SQL: SHOW COLUMNS FROM `qw_setting` [ RunTime:0.0000s ]
SQL: SELECT `k`,`v` FROM `qw_setting`  [ RunTime:0.0000s ]
NOTIC: [8] Undefined offset: 1 C:\phpStudy\PHPTutorial\WWW\App\Qwadmin\Controller\ComController.class.php 第 54 行.

[ 2018-11-25T19:33:14+08:00 ] 60.191.52.254 http://112.124.42.80:63435/
INFO: [ app_init ] --START--
INFO: Run Behavior\BuildLiteBehavior [ RunTime:0.000000s ]
INFO: [ app_init ] --END-- [ RunTime:0.000000s ]
INFO: [ app_begin ] --START--
INFO: Run Behavior\ReadHtmlCacheBehavior [ RunTime:0.000000s ]
INFO: [ app_begin ] --END-- [ RunTime:0.000000s ]
NOTIC: [8] Undefined index: code C:\phpStudy\PHPTutorial\WWW\App\Qwadmin\Controller\ComController.class.php 第 23 行.
SQL: SHOW COLUMNS FROM `qw_setting` [ RunTime:0.0156s ]
SQL: SELECT `k`,`v` FROM `qw_setting`  [ RunTime:0.0000s ]
NOTIC: [8] Undefined offset: 1 C:\phpStudy\PHPTutorial\WWW\App\Qwadmin\Controller\ComController.class.php 第 54 行.

[ 2018-11-25T19:33:14+08:00 ] 60.191.52.254 http://112.124.42.80:63435/index.php/Qwadmin/login/index.html?Req_URL=http://112.124.42.80:63435/
INFO: [ app_init ] --START--
INFO: Run Behavior\BuildLiteBehavior [ RunTime:0.000000s ]
INFO: [ app_init ] --END-- [ RunTime:0.000000s ]
INFO: [ app_begin ] --START--
INFO: Run Behavior\ReadHtmlCacheBehavior [ RunTime:0.000000s ]
INFO: [ app_begin ] --END-- [ RunTime:0.000000s ]
SQL: SHOW COLUMNS FROM `qw_setting` [ RunTime:0.0000s ]
SQL: SELECT `k`,`v` FROM `qw_setting`  [ RunTime:0.0000s ]
NOTIC: [8] Undefined offset: 1 C:\phpStudy\PHPTutorial\WWW\App\Qwadmin\Controller\LoginController.class.php 第 23 行.
INFO: [ view_parse ] --START--
INFO: [ template_filter ] --START--
INFO: Run Behavior\ContentReplaceBehavior [ RunTime:0.000000s ]
INFO: [ template_filter ] --END-- [ RunTime:0.000000s ]
INFO: Run Behavior\ParseTemplateBehavior [ RunTime:0.015625s ]
INFO: [ view_parse ] --END-- [ RunTime:0.015625s ]
INFO: [ view_filter ] --START--
INFO: Run Behavior\WriteHtmlCacheBehavior [ RunTime:0.000000s ]
INFO: [ view_filter ] --END-- [ RunTime:0.000000s ]
INFO: [ app_end ] --START--
INFO: Run Behavior\ShowPageTraceBehavior [ RunTime:0.000000s ]
INFO: [ app_end ] --END-- [ RunTime:0.000000s ]

[ 2018-11-25T19:50:48+08:00 ] 186.156.117.65 /
INFO: [ app_init ] --START--
INFO: Run Behavior\BuildLiteBehavior [ RunTime:0.000000s ]
INFO: [ app_init ] --END-- [ RunTime:0.000000s ]
INFO: [ app_begin ] --START--
INFO: Run Behavior\ReadHtmlCacheBehavior [ RunTime:0.000000s ]
INFO: [ app_begin ] --END-- [ RunTime:0.000000s ]
NOTIC: [8] Undefined index: code C:\phpStudy\PHPTutorial\WWW\App\Qwadmin\Controller\ComController.class.php 第 23 行.
SQL: SHOW COLUMNS FROM `qw_setting` [ RunTime:0.0000s ]
SQL: SELECT `k`,`v` FROM `qw_setting`  [ RunTime:0.0000s ]
NOTIC: [8] Undefined offset: 1 C:\phpStudy\PHPTutorial\WWW\App\Qwadmin\Controller\ComController.class.php 第 54 行.

[ 2018-11-25T20:43:20+08:00 ] 94.191.27.149 /
INFO: [ app_init ] --START--
INFO: Run Behavior\BuildLiteBehavior [ RunTime:0.000000s ]
INFO: [ app_init ] --END-- [ RunTime:0.000000s ]
INFO: [ app_begin ] --START--
INFO: Run Behavior\ReadHtmlCacheBehavior [ RunTime:0.000000s ]
INFO: [ app_begin ] --END-- [ RunTime:0.000000s ]
NOTIC: [8] Undefined index: code C:\phpStudy\PHPTutorial\WWW\App\Qwadmin\Controller\ComController.class.php 第 23 行.
SQL: SHOW COLUMNS FROM `qw_setting` [ RunTime:0.0781s ]
SQL: SELECT `k`,`v` FROM `qw_setting`  [ RunTime:0.0000s ]
NOTIC: [8] Undefined offset: 1 C:\phpStudy\PHPTutorial\WWW\App\Qwadmin\Controller\ComController.class.php 第 54 行.

[ 2018-11-25T20:43:47+08:00 ] 94.191.27.149 /index.php
INFO: [ app_init ] --START--
INFO: Run Behavior\BuildLiteBehavior [ RunTime:0.000000s ]
INFO: [ app_init ] --END-- [ RunTime:0.000000s ]
INFO: [ app_begin ] --START--
INFO: Run Behavior\ReadHtmlCacheBehavior [ RunTime:0.000000s ]
INFO: [ app_begin ] --END-- [ RunTime:0.000000s ]
NOTIC: [8] Undefined index: code C:\phpStudy\PHPTutorial\WWW\App\Qwadmin\Controller\ComController.class.php 第 23 行.
SQL: SHOW COLUMNS FROM `qw_setting` [ RunTime:0.0000s ]
SQL: SELECT `k`,`v` FROM `qw_setting`  [ RunTime:0.0000s ]
NOTIC: [8] Undefined offset: 1 C:\phpStudy\PHPTutorial\WWW\App\Qwadmin\Controller\ComController.class.php 第 54 行.

[ 2018-11-25T20:50:44+08:00 ] 61.5.144.160 /
INFO: [ app_init ] --START--
INFO: Run Behavior\BuildLiteBehavior [ RunTime:0.000000s ]
INFO: [ app_init ] --END-- [ RunTime:0.000000s ]
INFO: [ app_begin ] --START--
INFO: Run Behavior\ReadHtmlCacheBehavior [ RunTime:0.000000s ]
INFO: [ app_begin ] --END-- [ RunTime:0.000000s ]
NOTIC: [8] Undefined index: code C:\phpStudy\PHPTutorial\WWW\App\Qwadmin\Controller\ComController.class.php 第 23 行.
SQL: SHOW COLUMNS FROM `qw_setting` [ RunTime:0.0000s ]
SQL: SELECT `k`,`v` FROM `qw_setting`  [ RunTime:0.0000s ]
NOTIC: [8] Undefined offset: 1 C:\phpStudy\PHPTutorial\WWW\App\Qwadmin\Controller\ComController.class.php 第 54 行.

[ 2018-11-25T21:02:16+08:00 ] 31.184.195.108 /
INFO: [ app_init ] --START--
INFO: Run Behavior\BuildLiteBehavior [ RunTime:0.000000s ]
INFO: [ app_init ] --END-- [ RunTime:0.000000s ]
INFO: [ app_begin ] --START--
INFO: Run Behavior\ReadHtmlCacheBehavior [ RunTime:0.000000s ]
INFO: [ app_begin ] --END-- [ RunTime:0.000000s ]
NOTIC: [8] Undefined index: code C:\phpStudy\PHPTutorial\WWW\App\Qwadmin\Controller\ComController.class.php 第 23 行.
SQL: SHOW COLUMNS FROM `qw_setting` [ RunTime:0.0156s ]
SQL: SELECT `k`,`v` FROM `qw_setting`  [ RunTime:0.0000s ]
NOTIC: [8] Undefined offset: 1 C:\phpStudy\PHPTutorial\WWW\App\Qwadmin\Controller\ComController.class.php 第 54 行.

[ 2018-11-25T21:46:44+08:00 ] 189.124.90.225 /
INFO: [ app_init ] --START--
INFO: Run Behavior\BuildLiteBehavior [ RunTime:0.000000s ]
INFO: [ app_init ] --END-- [ RunTime:0.000000s ]
INFO: [ app_begin ] --START--
INFO: Run Behavior\ReadHtmlCacheBehavior [ RunTime:0.000000s ]
INFO: [ app_begin ] --END-- [ RunTime:0.000000s ]
NOTIC: [8] Undefined index: code C:\phpStudy\PHPTutorial\WWW\App\Qwadmin\Controller\ComController.class.php 第 23 行.
SQL: SHOW COLUMNS FROM `qw_setting` [ RunTime:0.0469s ]
SQL: SELECT `k`,`v` FROM `qw_setting`  [ RunTime:0.0000s ]
NOTIC: [8] Undefined offset: 1 C:\phpStudy\PHPTutorial\WWW\App\Qwadmin\Controller\ComController.class.php 第 54 行.

[ 2018-11-25T21:54:53+08:00 ] 175.181.189.72 /
INFO: [ app_init ] --START--
INFO: Run Behavior\BuildLiteBehavior [ RunTime:0.000000s ]
INFO: [ app_init ] --END-- [ RunTime:0.000000s ]
INFO: [ app_begin ] --START--
INFO: Run Behavior\ReadHtmlCacheBehavior [ RunTime:0.000000s ]
INFO: [ app_begin ] --END-- [ RunTime:0.000000s ]
NOTIC: [8] Undefined index: code C:\phpStudy\PHPTutorial\WWW\App\Qwadmin\Controller\ComController.class.php 第 23 行.
SQL: SHOW COLUMNS FROM `qw_setting` [ RunTime:0.0000s ]
SQL: SELECT `k`,`v` FROM `qw_setting`  [ RunTime:0.0000s ]
NOTIC: [8] Undefined offset: 1 C:\phpStudy\PHPTutorial\WWW\App\Qwadmin\Controller\ComController.class.php 第 54 行.

[ 2018-11-25T22:06:28+08:00 ] 163.177.90.152 /
INFO: [ app_init ] --START--
INFO: Run Behavior\BuildLiteBehavior [ RunTime:0.000000s ]
INFO: [ app_init ] --END-- [ RunTime:0.000000s ]
INFO: [ app_begin ] --START--
INFO: Run Behavior\ReadHtmlCacheBehavior [ RunTime:0.000000s ]
INFO: [ app_begin ] --END-- [ RunTime:0.000000s ]
NOTIC: [8] Undefined index: code C:\phpStudy\PHPTutorial\WWW\App\Qwadmin\Controller\ComController.class.php 第 23 行.
SQL: SHOW COLUMNS FROM `qw_setting` [ RunTime:0.0000s ]
SQL: SELECT `k`,`v` FROM `qw_setting`  [ RunTime:0.0000s ]
NOTIC: [8] Undefined offset: 1 C:\phpStudy\PHPTutorial\WWW\App\Qwadmin\Controller\ComController.class.php 第 54 行.

[ 2018-11-25T22:06:28+08:00 ] 163.177.90.152 /index.php/Qwadmin/login/index.html?Req_URL=/
INFO: [ app_init ] --START--
INFO: Run Behavior\BuildLiteBehavior [ RunTime:0.000000s ]
INFO: [ app_init ] --END-- [ RunTime:0.000000s ]
INFO: [ app_begin ] --START--
INFO: Run Behavior\ReadHtmlCacheBehavior [ RunTime:0.000000s ]
INFO: [ app_begin ] --END-- [ RunTime:0.000000s ]
SQL: SHOW COLUMNS FROM `qw_setting` [ RunTime:0.0000s ]
SQL: SELECT `k`,`v` FROM `qw_setting`  [ RunTime:0.0000s ]
NOTIC: [8] Undefined offset: 1 C:\phpStudy\PHPTutorial\WWW\App\Qwadmin\Controller\LoginController.class.php 第 23 行.
INFO: [ view_parse ] --START--
INFO: [ template_filter ] --START--
INFO: Run Behavior\ContentReplaceBehavior [ RunTime:0.000000s ]
INFO: [ template_filter ] --END-- [ RunTime:0.000000s ]
INFO: Run Behavior\ParseTemplateBehavior [ RunTime:0.015625s ]
INFO: [ view_parse ] --END-- [ RunTime:0.015625s ]
INFO: [ view_filter ] --START--
INFO: Run Behavior\WriteHtmlCacheBehavior [ RunTime:0.000000s ]
INFO: [ view_filter ] --END-- [ RunTime:0.000000s ]
INFO: [ app_end ] --START--
INFO: Run Behavior\ShowPageTraceBehavior [ RunTime:0.000000s ]
INFO: [ app_end ] --END-- [ RunTime:0.000000s ]

[ 2018-11-25T22:08:26+08:00 ] 213.33.185.22 /
INFO: [ app_init ] --START--
INFO: Run Behavior\BuildLiteBehavior [ RunTime:0.000000s ]
INFO: [ app_init ] --END-- [ RunTime:0.000000s ]
INFO: [ app_begin ] --START--
INFO: Run Behavior\ReadHtmlCacheBehavior [ RunTime:0.000000s ]
INFO: [ app_begin ] --END-- [ RunTime:0.000000s ]
NOTIC: [8] Undefined index: code C:\phpStudy\PHPTutorial\WWW\App\Qwadmin\Controller\ComController.class.php 第 23 行.
SQL: SHOW COLUMNS FROM `qw_setting` [ RunTime:0.0156s ]
SQL: SELECT `k`,`v` FROM `qw_setting`  [ RunTime:0.0000s ]
NOTIC: [8] Undefined offset: 1 C:\phpStudy\PHPTutorial\WWW\App\Qwadmin\Controller\ComController.class.php 第 54 行.

[ 2018-11-25T22:12:31+08:00 ] 205.205.150.16 /
INFO: [ app_init ] --START--
INFO: Run Behavior\BuildLiteBehavior [ RunTime:0.000000s ]
INFO: [ app_init ] --END-- [ RunTime:0.000000s ]
INFO: [ app_begin ] --START--
INFO: Run Behavior\ReadHtmlCacheBehavior [ RunTime:0.000000s ]
INFO: [ app_begin ] --END-- [ RunTime:0.000000s ]
NOTIC: [8] Undefined index: code C:\phpStudy\PHPTutorial\WWW\App\Qwadmin\Controller\ComController.class.php 第 23 行.
SQL: SHOW COLUMNS FROM `qw_setting` [ RunTime:0.0000s ]
SQL: SELECT `k`,`v` FROM `qw_setting`  [ RunTime:0.0000s ]
NOTIC: [8] Undefined offset: 1 C:\phpStudy\PHPTutorial\WWW\App\Qwadmin\Controller\ComController.class.php 第 54 行.

[ 2018-11-25T22:12:31+08:00 ] 205.205.150.16 /index.php/Qwadmin/login/index.html?Req_URL=/
INFO: [ app_init ] --START--
INFO: Run Behavior\BuildLiteBehavior [ RunTime:0.000000s ]
INFO: [ app_init ] --END-- [ RunTime:0.000000s ]
INFO: [ app_begin ] --START--
INFO: Run Behavior\ReadHtmlCacheBehavior [ RunTime:0.000000s ]
INFO: [ app_begin ] --END-- [ RunTime:0.000000s ]
SQL: SHOW COLUMNS FROM `qw_setting` [ RunTime:0.0000s ]
SQL: SELECT `k`,`v` FROM `qw_setting`  [ RunTime:0.0000s ]
NOTIC: [8] Undefined offset: 1 C:\phpStudy\PHPTutorial\WWW\App\Qwadmin\Controller\LoginController.class.php 第 23 行.
INFO: [ view_parse ] --START--
INFO: [ template_filter ] --START--
INFO: Run Behavior\ContentReplaceBehavior [ RunTime:0.000000s ]
INFO: [ template_filter ] --END-- [ RunTime:0.000000s ]
INFO: Run Behavior\ParseTemplateBehavior [ RunTime:0.000000s ]
INFO: [ view_parse ] --END-- [ RunTime:0.000000s ]
INFO: [ view_filter ] --START--
INFO: Run Behavior\WriteHtmlCacheBehavior [ RunTime:0.000000s ]
INFO: [ view_filter ] --END-- [ RunTime:0.000000s ]
INFO: [ app_end ] --START--
INFO: Run Behavior\ShowPageTraceBehavior [ RunTime:0.000000s ]
INFO: [ app_end ] --END-- [ RunTime:0.000000s ]

[ 2018-11-25T22:12:45+08:00 ] 183.57.53.196 /
INFO: [ app_init ] --START--
INFO: Run Behavior\BuildLiteBehavior [ RunTime:0.000000s ]
INFO: [ app_init ] --END-- [ RunTime:0.000000s ]
INFO: [ app_begin ] --START--
INFO: Run Behavior\ReadHtmlCacheBehavior [ RunTime:0.000000s ]
INFO: [ app_begin ] --END-- [ RunTime:0.000000s ]
NOTIC: [8] Undefined index: code C:\phpStudy\PHPTutorial\WWW\App\Qwadmin\Controller\ComController.class.php 第 23 行.
SQL: SHOW COLUMNS FROM `qw_setting` [ RunTime:0.0000s ]
SQL: SELECT `k`,`v` FROM `qw_setting`  [ RunTime:0.0000s ]
NOTIC: [8] Undefined offset: 1 C:\phpStudy\PHPTutorial\WWW\App\Qwadmin\Controller\ComController.class.php 第 54 行.

[ 2018-11-25T22:12:45+08:00 ] 183.57.53.196 /index.php/Qwadmin/login/index.html?Req_URL=/
INFO: [ app_init ] --START--
INFO: Run Behavior\BuildLiteBehavior [ RunTime:0.000000s ]
INFO: [ app_init ] --END-- [ RunTime:0.000000s ]
INFO: [ app_begin ] --START--
INFO: Run Behavior\ReadHtmlCacheBehavior [ RunTime:0.000000s ]
INFO: [ app_begin ] --END-- [ RunTime:0.000000s ]
SQL: SHOW COLUMNS FROM `qw_setting` [ RunTime:0.0000s ]
SQL: SELECT `k`,`v` FROM `qw_setting`  [ RunTime:0.0000s ]
NOTIC: [8] Undefined offset: 1 C:\phpStudy\PHPTutorial\WWW\App\Qwadmin\Controller\LoginController.class.php 第 23 行.
INFO: [ view_parse ] --START--
INFO: [ template_filter ] --START--
INFO: Run Behavior\ContentReplaceBehavior [ RunTime:0.000000s ]
INFO: [ template_filter ] --END-- [ RunTime:0.000000s ]
INFO: Run Behavior\ParseTemplateBehavior [ RunTime:0.015625s ]
INFO: [ view_parse ] --END-- [ RunTime:0.015625s ]
INFO: [ view_filter ] --START--
INFO: Run Behavior\WriteHtmlCacheBehavior [ RunTime:0.000000s ]
INFO: [ view_filter ] --END-- [ RunTime:0.000000s ]
INFO: [ app_end ] --START--
INFO: Run Behavior\ShowPageTraceBehavior [ RunTime:0.000000s ]
INFO: [ app_end ] --END-- [ RunTime:0.000000s ]

[ 2018-11-25T22:21:09+08:00 ] 87.9.150.2 /
INFO: [ app_init ] --START--
INFO: Run Behavior\BuildLiteBehavior [ RunTime:0.000000s ]
INFO: [ app_init ] --END-- [ RunTime:0.000000s ]
INFO: [ app_begin ] --START--
INFO: Run Behavior\ReadHtmlCacheBehavior [ RunTime:0.000000s ]
INFO: [ app_begin ] --END-- [ RunTime:0.000000s ]
NOTIC: [8] Undefined index: code C:\phpStudy\PHPTutorial\WWW\App\Qwadmin\Controller\ComController.class.php 第 23 行.
SQL: SHOW COLUMNS FROM `qw_setting` [ RunTime:0.0156s ]
SQL: SELECT `k`,`v` FROM `qw_setting`  [ RunTime:0.0000s ]
NOTIC: [8] Undefined offset: 1 C:\phpStudy\PHPTutorial\WWW\App\Qwadmin\Controller\ComController.class.php 第 54 行.

