[ 2019-05-21T23:56:22+08:00 ] 127.0.0.1 /
INFO: [ app_init ] --START--
INFO: Run Behavior\BuildLiteBehavior [ RunTime:0.000000s ]
INFO: [ app_init ] --END-- [ RunTime:0.000000s ]
INFO: [ app_begin ] --START--
INFO: Run Behavior\ReadHtmlCacheBehavior [ RunTime:0.001000s ]
INFO: [ app_begin ] --END-- [ RunTime:0.001000s ]
NOTIC: [8] Undefined index: code C:\phpStudy\PHPTutorial\WWW\App\Qwadmin\Controller\ComController.class.php 第 23 行.
SQL: SHOW COLUMNS FROM `qw_setting` [ RunTime:0.0000s ]
SQL: SELECT `k`,`v` FROM `qw_setting`  [ RunTime:0.0000s ]
NOTIC: [8] Undefined offset: 1 C:\phpStudy\PHPTutorial\WWW\App\Qwadmin\Controller\ComController.class.php 第 54 行.

[ 2019-05-21T23:56:22+08:00 ] 127.0.0.1 /index.php/Qwadmin/login/index.html?Req_URL=/
INFO: [ app_init ] --START--
INFO: Run Behavior\BuildLiteBehavior [ RunTime:0.000000s ]
INFO: [ app_init ] --END-- [ RunTime:0.000000s ]
INFO: [ app_begin ] --START--
INFO: Run Behavior\ReadHtmlCacheBehavior [ RunTime:0.000000s ]
INFO: [ app_begin ] --END-- [ RunTime:0.000000s ]
SQL: SHOW COLUMNS FROM `qw_setting` [ RunTime:0.0000s ]
SQL: SELECT `k`,`v` FROM `qw_setting`  [ RunTime:0.0000s ]
NOTIC: [8] Undefined offset: 1 C:\phpStudy\PHPTutorial\WWW\App\Qwadmin\Controller\LoginController.class.php 第 21 行.
NOTIC: [8] Undefined offset: 1 C:\phpStudy\PHPTutorial\WWW\App\Qwadmin\Controller\LoginController.class.php 第 32 行.
INFO: [ view_parse ] --START--
INFO: [ template_filter ] --START--
INFO: Run Behavior\ContentReplaceBehavior [ RunTime:0.000000s ]
INFO: [ template_filter ] --END-- [ RunTime:0.000000s ]
INFO: Run Behavior\ParseTemplateBehavior [ RunTime:0.020601s ]
INFO: [ view_parse ] --END-- [ RunTime:0.020601s ]
INFO: [ view_filter ] --START--
INFO: Run Behavior\WriteHtmlCacheBehavior [ RunTime:0.001000s ]
INFO: [ view_filter ] --END-- [ RunTime:0.001000s ]
INFO: [ app_end ] --START--
INFO: Run Behavior\ShowPageTraceBehavior [ RunTime:0.000000s ]
INFO: [ app_end ] --END-- [ RunTime:0.000000s ]

[ 2019-05-21T23:56:26+08:00 ] 127.0.0.1 /index.php/Qwadmin/Rwxy/phpupload?
INFO: [ app_init ] --START--
INFO: Run Behavior\BuildLiteBehavior [ RunTime:0.000000s ]
INFO: [ app_init ] --END-- [ RunTime:0.000000s ]
INFO: [ app_begin ] --START--
INFO: Run Behavior\ReadHtmlCacheBehavior [ RunTime:0.000000s ]
INFO: [ app_begin ] --END-- [ RunTime:0.000000s ]
SQL: SHOW COLUMNS FROM `qw_setting` [ RunTime:0.0000s ]
SQL: SELECT `k`,`v` FROM `qw_setting`  [ RunTime:0.0000s ]
NOTIC: [8] Undefined variable: likecon C:\phpStudy\PHPTutorial\WWW\App\Qwadmin\Controller\RwxyController.class.php 第 739 行.
NOTIC: [2] Invalid argument supplied for foreach() C:\phpStudy\PHPTutorial\WWW\App\Qwadmin\Controller\RwxyController.class.php 第 800 行.
NOTIC: [8] Undefined index: orderkey C:\phpStudy\PHPTutorial\WWW\App\Qwadmin\Controller\RwxyController.class.php 第 1156 行.
SQL: SHOW COLUMNS FROM `qw_unisecret` [ RunTime:0.0156s ]
SQL: SELECT * FROM `qw_unisecret` WHERE `sheetname` = '电信排课需求表' ORDER BY id LIMIT 1   [ RunTime:0.0000s ]
SQL: INSERT INTO `qw_unisecret` (`d1`,`d2`,`d3`,`d4`,`d5`,`d6`,`d7`,`wrpw`,`sheetname`,`custom1`,`name`,`pid`,`rpw`) VALUES ('教师姓名','职称','课程名称','授课年级与专业','时间要求','场地要求','申请理由','admin888','电信排课需求表','{\"\\u67e5\\u8be2\\u7f51\\u5740\":\"http:\\/\\/127.0.0.1\",\"\\u514d\\u5bc6\\u7801\\u67e5\\u8be2\":\"http:\\/\\/127.0.0.1\\/index.php\\/Qwadmin\\/Rwxy\\/uniquerydata\\/rpw\\/admin.html\",\"replaceadd\":\"\\u662f\",\"classkey\":\"d5\",\"weborder\":\"d5,d2,d4\"}','职称','课程名称','admin') [ RunTime:0.0000s ]
SQL: INSERT INTO `qw_unisecret` (`d1`,`d2`,`d3`,`d4`,`d5`,`d6`,`d7`,`wrpw`,`sheetname`,`ord`,`custom1`,`name`,`pid`,`rpw`) VALUES ('　鲁大前','　副教授','　高等数学A1','　19机械电子','　排一天上午3节，下午3节；另一天下午4节','　离坐校车近一点','　带2个孩子上学；跨校区上课','admin888','电信排课需求表','1','{\"\\u67e5\\u8be2\\u7f51\\u5740\":\"http:\\/\\/127.0.0.1\",\"\\u514d\\u5bc6\\u7801\\u67e5\\u8be2\":\"http:\\/\\/127.0.0.1\\/index.php\\/Qwadmin\\/Rwxy\\/uniquerydata\\/rpw\\/admin.html\",\"replaceadd\":\"\\u662f\",\"classkey\":\"d5\",\"weborder\":\"d5,d2,d4\"}','　副教授','　高等数学A1','admin') [ RunTime:0.0000s ]
SQL: INSERT INTO `qw_unisecret` (`d1`,`d2`,`d3`,`d4`,`d5`,`d6`,`d7`,`wrpw`,`sheetname`,`ord`,`custom1`,`name`,`pid`,`rpw`) VALUES ('　鲁大前','　副教授','　数学文化','　19英语教育','　下午6,7节','　无','　要接送2个孩子上学','admin888','电信排课需求表','2','{\"\\u67e5\\u8be2\\u7f51\\u5740\":\"http:\\/\\/127.0.0.1\",\"\\u514d\\u5bc6\\u7801\\u67e5\\u8be2\":\"http:\\/\\/127.0.0.1\\/index.php\\/Qwadmin\\/Rwxy\\/uniquerydata\\/rpw\\/admin.html\",\"replaceadd\":\"\\u662f\",\"classkey\":\"d5\",\"weborder\":\"d5,d2,d4\"}','　副教授','　数学文化','admin') [ RunTime:0.0000s ]
SQL: SELECT COUNT(*) AS tp_count FROM `qw_unisecret` WHERE `sheetname` = '电信排课需求表' LIMIT 1   [ RunTime:0.0000s ]
INFO: [ app_end ] --START--
INFO: Run Behavior\ShowPageTraceBehavior [ RunTime:0.000000s ]
INFO: [ app_end ] --END-- [ RunTime:0.000000s ]

[ 2019-05-21T23:56:29+08:00 ] 127.0.0.1 /index.php/Qwadmin/Rwxy/
INFO: [ app_init ] --START--
INFO: Run Behavior\BuildLiteBehavior [ RunTime:0.000000s ]
INFO: [ app_init ] --END-- [ RunTime:0.000000s ]
INFO: [ app_begin ] --START--
INFO: Run Behavior\ReadHtmlCacheBehavior [ RunTime:0.000000s ]
INFO: [ app_begin ] --END-- [ RunTime:0.000000s ]
SQL: SHOW COLUMNS FROM `qw_setting` [ RunTime:0.0000s ]
SQL: SELECT `k`,`v` FROM `qw_setting`  [ RunTime:0.0000s ]
NOTIC: [8] Undefined variable: Think C:\phpStudy\PHPTutorial\WWW\App\Qwadmin\Controller\RwxyController.class.php 第 16 行.
INFO: [ app_end ] --START--
INFO: Run Behavior\ShowPageTraceBehavior [ RunTime:0.000000s ]
INFO: [ app_end ] --END-- [ RunTime:0.000000s ]

[ 2019-05-21T23:56:29+08:00 ] 127.0.0.1 /index.php/Qwadmin/Rwxy/
INFO: [ app_init ] --START--
INFO: Run Behavior\BuildLiteBehavior [ RunTime:0.000000s ]
INFO: [ app_init ] --END-- [ RunTime:0.000000s ]
INFO: [ app_begin ] --START--
INFO: Run Behavior\ReadHtmlCacheBehavior [ RunTime:0.000000s ]
INFO: [ app_begin ] --END-- [ RunTime:0.000000s ]
SQL: SHOW COLUMNS FROM `qw_setting` [ RunTime:0.0000s ]
SQL: SELECT `k`,`v` FROM `qw_setting`  [ RunTime:0.0000s ]
NOTIC: [8] Undefined variable: Think C:\phpStudy\PHPTutorial\WWW\App\Qwadmin\Controller\RwxyController.class.php 第 16 行.
INFO: [ app_end ] --START--
INFO: Run Behavior\ShowPageTraceBehavior [ RunTime:0.000000s ]
INFO: [ app_end ] --END-- [ RunTime:0.000000s ]

[ 2019-05-21T23:56:29+08:00 ] 127.0.0.1 /index.php/Qwadmin/Rwxy/echoteacherdb?
INFO: [ app_init ] --START--
INFO: Run Behavior\BuildLiteBehavior [ RunTime:0.000000s ]
INFO: [ app_init ] --END-- [ RunTime:0.000000s ]
INFO: [ app_begin ] --START--
INFO: Run Behavior\ReadHtmlCacheBehavior [ RunTime:0.000000s ]
INFO: [ app_begin ] --END-- [ RunTime:0.000000s ]
SQL: SHOW COLUMNS FROM `qw_setting` [ RunTime:0.0156s ]
SQL: SELECT `k`,`v` FROM `qw_setting`  [ RunTime:0.0000s ]
NOTIC: [8] Undefined variable: likecon C:\phpStudy\PHPTutorial\WWW\App\Qwadmin\Controller\RwxyController.class.php 第 739 行.
NOTIC: [2] Invalid argument supplied for foreach() C:\phpStudy\PHPTutorial\WWW\App\Qwadmin\Controller\RwxyController.class.php 第 800 行.
NOTIC: [8] Undefined variable: likecon C:\phpStudy\PHPTutorial\WWW\App\Qwadmin\Controller\RwxyController.class.php 第 739 行.
NOTIC: [2] Invalid argument supplied for foreach() C:\phpStudy\PHPTutorial\WWW\App\Qwadmin\Controller\RwxyController.class.php 第 800 行.
NOTIC: [8] Undefined index: user C:\phpStudy\PHPTutorial\WWW\App\Qwadmin\Controller\RwxyController.class.php 第 656 行.
NOTIC: [8] Undefined index: sheetname C:\phpStudy\PHPTutorial\WWW\App\Qwadmin\Controller\RwxyController.class.php 第 631 行.
SQL: SHOW COLUMNS FROM `qw_unisecret` [ RunTime:0.0000s ]
SQL: SELECT * FROM `qw_unisecret` WHERE `sheetname` = '电信排课需求表' AND `rpw` = 'admin' ORDER BY id LIMIT 1   [ RunTime:0.0000s ]
SQL: select COLUMN_NAME from information_schema.COLUMNS where table_name ='qw_unisecret' and table_schema = 'r34'; [ RunTime:0.0156s ]
SQL: SELECT `d1`,`d2`,`d3`,`d4`,`d5`,`d6`,`d7` FROM `qw_unisecret` WHERE `sheetname` = '电信排课需求表' AND `rpw` = 'admin' AND `id` <> '634' ORDER BY id  [ RunTime:0.0000s ]
SQL: SELECT `d1`,`d2`,`d3`,`d4`,`d5`,`d6`,`d7` FROM `qw_unisecret` WHERE `sheetname` = '电信排课需求表' ORDER BY id LIMIT 1   [ RunTime:0.0000s ]
INFO: [ app_end ] --START--
INFO: Run Behavior\ShowPageTraceBehavior [ RunTime:0.000000s ]
INFO: [ app_end ] --END-- [ RunTime:0.000000s ]

